[2024-06-05T00:00:01.016+0000] {taskinstance.py:1083} INFO - Dependencies all met for <TaskInstance: example_bash_operator.runme_1 scheduled__2024-06-04T00:00:00+00:00 [queued]>
[2024-06-05T00:00:01.047+0000] {taskinstance.py:1083} INFO - Dependencies all met for <TaskInstance: example_bash_operator.runme_1 scheduled__2024-06-04T00:00:00+00:00 [queued]>
[2024-06-05T00:00:01.047+0000] {taskinstance.py:1279} INFO - 
--------------------------------------------------------------------------------
[2024-06-05T00:00:01.047+0000] {taskinstance.py:1280} INFO - Starting attempt 1 of 1
[2024-06-05T00:00:01.047+0000] {taskinstance.py:1281} INFO - 
--------------------------------------------------------------------------------
[2024-06-05T00:00:01.087+0000] {taskinstance.py:1300} INFO - Executing <Task(BashOperator): runme_1> on 2024-06-04 00:00:00+00:00
[2024-06-05T00:00:01.100+0000] {standard_task_runner.py:55} INFO - Started process 9739 to run task
[2024-06-05T00:00:01.104+0000] {standard_task_runner.py:82} INFO - Running: ['***', 'tasks', 'run', 'example_bash_operator', 'runme_1', 'scheduled__2024-06-04T00:00:00+00:00', '--job-id', '3437', '--raw', '--subdir', '/home/***/.local/lib/python3.7/site-packages/***/example_dags/example_bash_operator.py', '--cfg-path', '/tmp/tmpq8b_345u']
[2024-06-05T00:00:01.105+0000] {standard_task_runner.py:83} INFO - Job 3437: Subtask runme_1
[2024-06-05T00:00:01.232+0000] {task_command.py:388} INFO - Running <TaskInstance: example_bash_operator.runme_1 scheduled__2024-06-04T00:00:00+00:00 [running]> on host 27113cccce1f
[2024-06-05T00:00:01.366+0000] {taskinstance.py:1509} INFO - Exporting the following env vars:
AIRFLOW_CTX_DAG_OWNER=***
AIRFLOW_CTX_DAG_ID=example_bash_operator
AIRFLOW_CTX_TASK_ID=runme_1
AIRFLOW_CTX_EXECUTION_DATE=2024-06-04T00:00:00+00:00
AIRFLOW_CTX_TRY_NUMBER=1
AIRFLOW_CTX_DAG_RUN_ID=scheduled__2024-06-04T00:00:00+00:00
[2024-06-05T00:00:01.367+0000] {subprocess.py:63} INFO - Tmp dir root location: 
 /tmp
[2024-06-05T00:00:01.368+0000] {subprocess.py:75} INFO - Running command: ['/bin/bash', '-c', 'echo "example_bash_operator__runme_1__20240604" && sleep 1']
[2024-06-05T00:00:01.392+0000] {subprocess.py:86} INFO - Output:
[2024-06-05T00:00:01.394+0000] {subprocess.py:93} INFO - example_bash_operator__runme_1__20240604
[2024-06-05T00:00:02.396+0000] {subprocess.py:97} INFO - Command exited with return code 0
[2024-06-05T00:00:02.416+0000] {taskinstance.py:1323} INFO - Marking task as SUCCESS. dag_id=example_bash_operator, task_id=runme_1, execution_date=20240604T000000, start_date=20240605T000001, end_date=20240605T000002
[2024-06-05T00:00:02.449+0000] {local_task_job.py:208} INFO - Task exited with return code 0
[2024-06-05T00:00:02.468+0000] {taskinstance.py:2578} INFO - 1 downstream tasks scheduled from follow-on schedule check
