[2024-06-12T11:16:03.299+0000] {taskinstance.py:1083} INFO - Dependencies all met for <TaskInstance: tutorial.templated scheduled__2024-06-10T23:48:42.904434+00:00 [queued]>
[2024-06-12T11:16:03.310+0000] {taskinstance.py:1083} INFO - Dependencies all met for <TaskInstance: tutorial.templated scheduled__2024-06-10T23:48:42.904434+00:00 [queued]>
[2024-06-12T11:16:03.310+0000] {taskinstance.py:1279} INFO - 
--------------------------------------------------------------------------------
[2024-06-12T11:16:03.310+0000] {taskinstance.py:1280} INFO - Starting attempt 1 of 2
[2024-06-12T11:16:03.310+0000] {taskinstance.py:1281} INFO - 
--------------------------------------------------------------------------------
[2024-06-12T11:16:03.329+0000] {taskinstance.py:1300} INFO - Executing <Task(BashOperator): templated> on 2024-06-10 23:48:42.904434+00:00
[2024-06-12T11:16:03.337+0000] {standard_task_runner.py:55} INFO - Started process 200 to run task
[2024-06-12T11:16:03.340+0000] {standard_task_runner.py:82} INFO - Running: ['***', 'tasks', 'run', 'tutorial', 'templated', 'scheduled__2024-06-10T23:48:42.904434+00:00', '--job-id', '21582', '--raw', '--subdir', '/home/***/.local/lib/python3.7/site-packages/***/example_dags/tutorial.py', '--cfg-path', '/tmp/tmp_khv3d7l']
[2024-06-12T11:16:03.340+0000] {standard_task_runner.py:83} INFO - Job 21582: Subtask templated
[2024-06-12T11:16:03.415+0000] {task_command.py:388} INFO - Running <TaskInstance: tutorial.templated scheduled__2024-06-10T23:48:42.904434+00:00 [running]> on host 27113cccce1f
[2024-06-12T11:16:03.511+0000] {taskinstance.py:1509} INFO - Exporting the following env vars:
AIRFLOW_CTX_DAG_EMAIL=***@example.com
AIRFLOW_CTX_DAG_OWNER=***
AIRFLOW_CTX_DAG_ID=tutorial
AIRFLOW_CTX_TASK_ID=templated
AIRFLOW_CTX_EXECUTION_DATE=2024-06-10T23:48:42.904434+00:00
AIRFLOW_CTX_TRY_NUMBER=1
AIRFLOW_CTX_DAG_RUN_ID=scheduled__2024-06-10T23:48:42.904434+00:00
[2024-06-12T11:16:03.512+0000] {subprocess.py:63} INFO - Tmp dir root location: 
 /tmp
[2024-06-12T11:16:03.513+0000] {subprocess.py:75} INFO - Running command: ['/bin/bash', '-c', '\n\n    echo "2024-06-10"\n    echo "2024-06-17"\n\n    echo "2024-06-10"\n    echo "2024-06-17"\n\n    echo "2024-06-10"\n    echo "2024-06-17"\n\n    echo "2024-06-10"\n    echo "2024-06-17"\n\n    echo "2024-06-10"\n    echo "2024-06-17"\n']
[2024-06-12T11:16:03.529+0000] {subprocess.py:86} INFO - Output:
[2024-06-12T11:16:03.532+0000] {subprocess.py:93} INFO - 2024-06-10
[2024-06-12T11:16:03.532+0000] {subprocess.py:93} INFO - 2024-06-17
[2024-06-12T11:16:03.532+0000] {subprocess.py:93} INFO - 2024-06-10
[2024-06-12T11:16:03.532+0000] {subprocess.py:93} INFO - 2024-06-17
[2024-06-12T11:16:03.532+0000] {subprocess.py:93} INFO - 2024-06-10
[2024-06-12T11:16:03.532+0000] {subprocess.py:93} INFO - 2024-06-17
[2024-06-12T11:16:03.532+0000] {subprocess.py:93} INFO - 2024-06-10
[2024-06-12T11:16:03.533+0000] {subprocess.py:93} INFO - 2024-06-17
[2024-06-12T11:16:03.533+0000] {subprocess.py:93} INFO - 2024-06-10
[2024-06-12T11:16:03.533+0000] {subprocess.py:93} INFO - 2024-06-17
[2024-06-12T11:16:03.533+0000] {subprocess.py:97} INFO - Command exited with return code 0
[2024-06-12T11:16:03.559+0000] {taskinstance.py:1323} INFO - Marking task as SUCCESS. dag_id=tutorial, task_id=templated, execution_date=20240610T234842, start_date=20240612T111603, end_date=20240612T111603
[2024-06-12T11:16:03.591+0000] {local_task_job.py:208} INFO - Task exited with return code 0
[2024-06-12T11:16:03.731+0000] {taskinstance.py:2578} INFO - 0 downstream tasks scheduled from follow-on schedule check
