[2024-06-12T11:16:06.913+0000] {taskinstance.py:1083} INFO - Dependencies all met for <TaskInstance: example_task_group_decorator.task_end scheduled__2024-06-10T23:48:40.908392+00:00 [queued]>
[2024-06-12T11:16:06.920+0000] {taskinstance.py:1083} INFO - Dependencies all met for <TaskInstance: example_task_group_decorator.task_end scheduled__2024-06-10T23:48:40.908392+00:00 [queued]>
[2024-06-12T11:16:06.920+0000] {taskinstance.py:1279} INFO - 
--------------------------------------------------------------------------------
[2024-06-12T11:16:06.920+0000] {taskinstance.py:1280} INFO - Starting attempt 1 of 1
[2024-06-12T11:16:06.920+0000] {taskinstance.py:1281} INFO - 
--------------------------------------------------------------------------------
[2024-06-12T11:16:06.928+0000] {taskinstance.py:1300} INFO - Executing <Task(_PythonDecoratedOperator): task_end> on 2024-06-10 23:48:40.908392+00:00
[2024-06-12T11:16:06.933+0000] {standard_task_runner.py:55} INFO - Started process 231 to run task
[2024-06-12T11:16:06.935+0000] {standard_task_runner.py:82} INFO - Running: ['***', 'tasks', 'run', 'example_task_group_decorator', 'task_end', 'scheduled__2024-06-10T23:48:40.908392+00:00', '--job-id', '21599', '--raw', '--subdir', '/home/***/.local/lib/python3.7/site-packages/***/example_dags/example_task_group_decorator.py', '--cfg-path', '/tmp/tmps2x7g53v']
[2024-06-12T11:16:06.936+0000] {standard_task_runner.py:83} INFO - Job 21599: Subtask task_end
[2024-06-12T11:16:06.976+0000] {task_command.py:388} INFO - Running <TaskInstance: example_task_group_decorator.task_end scheduled__2024-06-10T23:48:40.908392+00:00 [running]> on host 27113cccce1f
[2024-06-12T11:16:07.022+0000] {taskinstance.py:1509} INFO - Exporting the following env vars:
AIRFLOW_CTX_DAG_OWNER=***
AIRFLOW_CTX_DAG_ID=example_task_group_decorator
AIRFLOW_CTX_TASK_ID=task_end
AIRFLOW_CTX_EXECUTION_DATE=2024-06-10T23:48:40.908392+00:00
AIRFLOW_CTX_TRY_NUMBER=1
AIRFLOW_CTX_DAG_RUN_ID=scheduled__2024-06-10T23:48:40.908392+00:00
[2024-06-12T11:16:07.023+0000] {logging_mixin.py:137} INFO - [ Task_End  ]
[2024-06-12T11:16:07.023+0000] {python.py:177} INFO - Done. Returned value was: None
[2024-06-12T11:16:07.029+0000] {taskinstance.py:1323} INFO - Marking task as SUCCESS. dag_id=example_task_group_decorator, task_id=task_end, execution_date=20240610T234840, start_date=20240612T111606, end_date=20240612T111607
[2024-06-12T11:16:07.067+0000] {local_task_job.py:208} INFO - Task exited with return code 0
[2024-06-12T11:16:07.085+0000] {taskinstance.py:2578} INFO - 0 downstream tasks scheduled from follow-on schedule check
