[2024-06-14T12:31:57.484+0000] {taskinstance.py:1083} INFO - Dependencies all met for <TaskInstance: dataset_consumes_1.consuming_1 dataset_triggered__2024-06-14T12:31:32.844883+00:00 [queued]>
[2024-06-14T12:31:57.492+0000] {taskinstance.py:1083} INFO - Dependencies all met for <TaskInstance: dataset_consumes_1.consuming_1 dataset_triggered__2024-06-14T12:31:32.844883+00:00 [queued]>
[2024-06-14T12:31:57.492+0000] {taskinstance.py:1279} INFO - 
--------------------------------------------------------------------------------
[2024-06-14T12:31:57.492+0000] {taskinstance.py:1280} INFO - Starting attempt 1 of 1
[2024-06-14T12:31:57.492+0000] {taskinstance.py:1281} INFO - 
--------------------------------------------------------------------------------
[2024-06-14T12:31:57.509+0000] {taskinstance.py:1300} INFO - Executing <Task(BashOperator): consuming_1> on 2024-06-14 12:31:32.844883+00:00
[2024-06-14T12:31:57.517+0000] {standard_task_runner.py:55} INFO - Started process 697 to run task
[2024-06-14T12:31:57.520+0000] {standard_task_runner.py:82} INFO - Running: ['***', 'tasks', 'run', 'dataset_consumes_1', 'consuming_1', 'dataset_triggered__2024-06-14T12:31:32.844883+00:00', '--job-id', '24685', '--raw', '--subdir', '/home/***/.local/lib/python3.7/site-packages/***/example_dags/example_datasets.py', '--cfg-path', '/tmp/tmpvxmzofp4']
[2024-06-14T12:31:57.521+0000] {standard_task_runner.py:83} INFO - Job 24685: Subtask consuming_1
[2024-06-14T12:31:57.577+0000] {task_command.py:388} INFO - Running <TaskInstance: dataset_consumes_1.consuming_1 dataset_triggered__2024-06-14T12:31:32.844883+00:00 [running]> on host 27113cccce1f
[2024-06-14T12:31:57.645+0000] {taskinstance.py:1509} INFO - Exporting the following env vars:
AIRFLOW_CTX_DAG_OWNER=***
AIRFLOW_CTX_DAG_ID=dataset_consumes_1
AIRFLOW_CTX_TASK_ID=consuming_1
AIRFLOW_CTX_EXECUTION_DATE=2024-06-14T12:31:32.844883+00:00
AIRFLOW_CTX_TRY_NUMBER=1
AIRFLOW_CTX_DAG_RUN_ID=dataset_triggered__2024-06-14T12:31:32.844883+00:00
[2024-06-14T12:31:57.647+0000] {subprocess.py:63} INFO - Tmp dir root location: 
 /tmp
[2024-06-14T12:31:57.647+0000] {subprocess.py:75} INFO - Running command: ['/bin/bash', '-c', 'sleep 5']
[2024-06-14T12:31:57.662+0000] {subprocess.py:86} INFO - Output:
[2024-06-14T12:32:02.666+0000] {subprocess.py:97} INFO - Command exited with return code 0
[2024-06-14T12:32:02.680+0000] {warnings.py:110} WARNING - /home/***/.local/lib/python3.7/site-packages/***/models/baseoperator.py:1376: RemovedInAirflow3Warning: Passing 'execution_date' to 'TaskInstance.xcom_push()' is deprecated.
  context["ti"].xcom_push(key=key, value=value, execution_date=execution_date)

[2024-06-14T12:32:02.699+0000] {taskinstance.py:1323} INFO - Marking task as SUCCESS. dag_id=dataset_consumes_1, task_id=consuming_1, execution_date=20240614T123132, start_date=20240614T123157, end_date=20240614T123202
[2024-06-14T12:32:02.825+0000] {local_task_job.py:208} INFO - Task exited with return code 0
[2024-06-14T12:32:02.839+0000] {taskinstance.py:2578} INFO - 0 downstream tasks scheduled from follow-on schedule check
