[2024-06-14T12:31:25.343+0000] {taskinstance.py:1083} INFO - Dependencies all met for <TaskInstance: example_task_group_decorator.task_end scheduled__2024-06-11T23:48:40.908392+00:00 [queued]>
[2024-06-14T12:31:25.351+0000] {taskinstance.py:1083} INFO - Dependencies all met for <TaskInstance: example_task_group_decorator.task_end scheduled__2024-06-11T23:48:40.908392+00:00 [queued]>
[2024-06-14T12:31:25.351+0000] {taskinstance.py:1279} INFO - 
--------------------------------------------------------------------------------
[2024-06-14T12:31:25.352+0000] {taskinstance.py:1280} INFO - Starting attempt 1 of 1
[2024-06-14T12:31:25.352+0000] {taskinstance.py:1281} INFO - 
--------------------------------------------------------------------------------
[2024-06-14T12:31:25.368+0000] {taskinstance.py:1300} INFO - Executing <Task(_PythonDecoratedOperator): task_end> on 2024-06-11 23:48:40.908392+00:00
[2024-06-14T12:31:25.376+0000] {standard_task_runner.py:55} INFO - Started process 529 to run task
[2024-06-14T12:31:25.378+0000] {standard_task_runner.py:82} INFO - Running: ['***', 'tasks', 'run', 'example_task_group_decorator', 'task_end', 'scheduled__2024-06-11T23:48:40.908392+00:00', '--job-id', '24642', '--raw', '--subdir', '/home/***/.local/lib/python3.7/site-packages/***/example_dags/example_task_group_decorator.py', '--cfg-path', '/tmp/tmp5449q6hx']
[2024-06-14T12:31:25.379+0000] {standard_task_runner.py:83} INFO - Job 24642: Subtask task_end
[2024-06-14T12:31:25.460+0000] {task_command.py:388} INFO - Running <TaskInstance: example_task_group_decorator.task_end scheduled__2024-06-11T23:48:40.908392+00:00 [running]> on host 27113cccce1f
[2024-06-14T12:31:25.540+0000] {taskinstance.py:1509} INFO - Exporting the following env vars:
AIRFLOW_CTX_DAG_OWNER=***
AIRFLOW_CTX_DAG_ID=example_task_group_decorator
AIRFLOW_CTX_TASK_ID=task_end
AIRFLOW_CTX_EXECUTION_DATE=2024-06-11T23:48:40.908392+00:00
AIRFLOW_CTX_TRY_NUMBER=1
AIRFLOW_CTX_DAG_RUN_ID=scheduled__2024-06-11T23:48:40.908392+00:00
[2024-06-14T12:31:25.541+0000] {logging_mixin.py:137} INFO - [ Task_End  ]
[2024-06-14T12:31:25.541+0000] {python.py:177} INFO - Done. Returned value was: None
[2024-06-14T12:31:25.552+0000] {taskinstance.py:1323} INFO - Marking task as SUCCESS. dag_id=example_task_group_decorator, task_id=task_end, execution_date=20240611T234840, start_date=20240614T123125, end_date=20240614T123125
[2024-06-14T12:31:25.590+0000] {local_task_job.py:208} INFO - Task exited with return code 0
[2024-06-14T12:31:25.609+0000] {taskinstance.py:2578} INFO - 0 downstream tasks scheduled from follow-on schedule check
