[2024-06-04T23:53:02.723+0000] {taskinstance.py:1083} INFO - Dependencies all met for <TaskInstance: example_dynamic_task_mapping.add_one scheduled__2024-02-28T00:00:00+00:00 map_index=1 [queued]>
[2024-06-04T23:53:02.735+0000] {taskinstance.py:1083} INFO - Dependencies all met for <TaskInstance: example_dynamic_task_mapping.add_one scheduled__2024-02-28T00:00:00+00:00 map_index=1 [queued]>
[2024-06-04T23:53:02.736+0000] {taskinstance.py:1279} INFO - 
--------------------------------------------------------------------------------
[2024-06-04T23:53:02.736+0000] {taskinstance.py:1280} INFO - Starting attempt 1 of 1
[2024-06-04T23:53:02.736+0000] {taskinstance.py:1281} INFO - 
--------------------------------------------------------------------------------
[2024-06-04T23:53:02.757+0000] {taskinstance.py:1300} INFO - Executing <Mapped(_PythonDecoratedOperator): add_one> on 2024-02-28 00:00:00+00:00
[2024-06-04T23:53:02.767+0000] {standard_task_runner.py:55} INFO - Started process 8011 to run task
[2024-06-04T23:53:02.771+0000] {standard_task_runner.py:82} INFO - Running: ['***', 'tasks', 'run', 'example_dynamic_task_mapping', 'add_one', 'scheduled__2024-02-28T00:00:00+00:00', '--job-id', '3014', '--raw', '--subdir', '/home/***/.local/lib/python3.7/site-packages/***/example_dags/example_dynamic_task_mapping.py', '--cfg-path', '/tmp/tmp_fs_25k8', '--map-index', '1']
[2024-06-04T23:53:02.772+0000] {standard_task_runner.py:83} INFO - Job 3014: Subtask add_one
[2024-06-04T23:53:02.849+0000] {task_command.py:388} INFO - Running <TaskInstance: example_dynamic_task_mapping.add_one scheduled__2024-02-28T00:00:00+00:00 map_index=1 [running]> on host 27113cccce1f
[2024-06-04T23:53:02.947+0000] {taskinstance.py:1509} INFO - Exporting the following env vars:
AIRFLOW_CTX_DAG_OWNER=***
AIRFLOW_CTX_DAG_ID=example_dynamic_task_mapping
AIRFLOW_CTX_TASK_ID=add_one
AIRFLOW_CTX_EXECUTION_DATE=2024-02-28T00:00:00+00:00
AIRFLOW_CTX_TRY_NUMBER=1
AIRFLOW_CTX_DAG_RUN_ID=scheduled__2024-02-28T00:00:00+00:00
[2024-06-04T23:53:02.948+0000] {python.py:177} INFO - Done. Returned value was: 3
[2024-06-04T23:53:02.982+0000] {taskinstance.py:1323} INFO - Marking task as SUCCESS. dag_id=example_dynamic_task_mapping, task_id=add_one, map_index=1, execution_date=20240228T000000, start_date=20240604T235302, end_date=20240604T235302
[2024-06-04T23:53:03.026+0000] {local_task_job.py:208} INFO - Task exited with return code 0
[2024-06-04T23:53:03.063+0000] {taskinstance.py:2578} INFO - 1 downstream tasks scheduled from follow-on schedule check
