[2024-06-12T11:15:59.020+0000] {taskinstance.py:1083} INFO - Dependencies all met for <TaskInstance: example_bash_operator.runme_2 scheduled__2024-06-11T00:00:00+00:00 [queued]>
[2024-06-12T11:15:59.032+0000] {taskinstance.py:1083} INFO - Dependencies all met for <TaskInstance: example_bash_operator.runme_2 scheduled__2024-06-11T00:00:00+00:00 [queued]>
[2024-06-12T11:15:59.032+0000] {taskinstance.py:1279} INFO - 
--------------------------------------------------------------------------------
[2024-06-12T11:15:59.032+0000] {taskinstance.py:1280} INFO - Starting attempt 1 of 1
[2024-06-12T11:15:59.033+0000] {taskinstance.py:1281} INFO - 
--------------------------------------------------------------------------------
[2024-06-12T11:15:59.055+0000] {taskinstance.py:1300} INFO - Executing <Task(BashOperator): runme_2> on 2024-06-11 00:00:00+00:00
[2024-06-12T11:15:59.065+0000] {standard_task_runner.py:55} INFO - Started process 83 to run task
[2024-06-12T11:15:59.068+0000] {standard_task_runner.py:82} INFO - Running: ['***', 'tasks', 'run', 'example_bash_operator', 'runme_2', 'scheduled__2024-06-11T00:00:00+00:00', '--job-id', '21541', '--raw', '--subdir', '/home/***/.local/lib/python3.7/site-packages/***/example_dags/example_bash_operator.py', '--cfg-path', '/tmp/tmp723zingb']
[2024-06-12T11:15:59.069+0000] {standard_task_runner.py:83} INFO - Job 21541: Subtask runme_2
[2024-06-12T11:15:59.195+0000] {task_command.py:388} INFO - Running <TaskInstance: example_bash_operator.runme_2 scheduled__2024-06-11T00:00:00+00:00 [running]> on host 27113cccce1f
[2024-06-12T11:15:59.315+0000] {taskinstance.py:1509} INFO - Exporting the following env vars:
AIRFLOW_CTX_DAG_OWNER=***
AIRFLOW_CTX_DAG_ID=example_bash_operator
AIRFLOW_CTX_TASK_ID=runme_2
AIRFLOW_CTX_EXECUTION_DATE=2024-06-11T00:00:00+00:00
AIRFLOW_CTX_TRY_NUMBER=1
AIRFLOW_CTX_DAG_RUN_ID=scheduled__2024-06-11T00:00:00+00:00
[2024-06-12T11:15:59.316+0000] {subprocess.py:63} INFO - Tmp dir root location: 
 /tmp
[2024-06-12T11:15:59.317+0000] {subprocess.py:75} INFO - Running command: ['/bin/bash', '-c', 'echo "example_bash_operator__runme_2__20240611" && sleep 1']
[2024-06-12T11:15:59.337+0000] {subprocess.py:86} INFO - Output:
[2024-06-12T11:15:59.339+0000] {subprocess.py:93} INFO - example_bash_operator__runme_2__20240611
[2024-06-12T11:16:00.344+0000] {subprocess.py:97} INFO - Command exited with return code 0
[2024-06-12T11:16:00.380+0000] {taskinstance.py:1323} INFO - Marking task as SUCCESS. dag_id=example_bash_operator, task_id=runme_2, execution_date=20240611T000000, start_date=20240612T111559, end_date=20240612T111600
[2024-06-12T11:16:00.415+0000] {local_task_job.py:208} INFO - Task exited with return code 0
[2024-06-12T11:16:00.503+0000] {taskinstance.py:2578} INFO - 0 downstream tasks scheduled from follow-on schedule check
