[2024-06-07T11:46:14.439+0000] {taskinstance.py:1083} INFO - Dependencies all met for <TaskInstance: example_weekday_branch_operator.make_choice scheduled__2024-06-06T00:00:00+00:00 [queued]>
[2024-06-07T11:46:14.451+0000] {taskinstance.py:1083} INFO - Dependencies all met for <TaskInstance: example_weekday_branch_operator.make_choice scheduled__2024-06-06T00:00:00+00:00 [queued]>
[2024-06-07T11:46:14.451+0000] {taskinstance.py:1279} INFO - 
--------------------------------------------------------------------------------
[2024-06-07T11:46:14.451+0000] {taskinstance.py:1280} INFO - Starting attempt 1 of 1
[2024-06-07T11:46:14.451+0000] {taskinstance.py:1281} INFO - 
--------------------------------------------------------------------------------
[2024-06-07T11:46:14.472+0000] {taskinstance.py:1300} INFO - Executing <Task(BranchDayOfWeekOperator): make_choice> on 2024-06-06 00:00:00+00:00
[2024-06-07T11:46:14.481+0000] {standard_task_runner.py:55} INFO - Started process 112 to run task
[2024-06-07T11:46:14.487+0000] {standard_task_runner.py:82} INFO - Running: ['***', 'tasks', 'run', 'example_weekday_branch_operator', 'make_choice', 'scheduled__2024-06-06T00:00:00+00:00', '--job-id', '9668', '--raw', '--subdir', '/home/***/.local/lib/python3.7/site-packages/***/example_dags/example_branch_day_of_week_operator.py', '--cfg-path', '/tmp/tmpglj7vn1l']
[2024-06-07T11:46:14.487+0000] {standard_task_runner.py:83} INFO - Job 9668: Subtask make_choice
[2024-06-07T11:46:14.589+0000] {task_command.py:388} INFO - Running <TaskInstance: example_weekday_branch_operator.make_choice scheduled__2024-06-06T00:00:00+00:00 [running]> on host 27113cccce1f
[2024-06-07T11:46:14.699+0000] {taskinstance.py:1509} INFO - Exporting the following env vars:
AIRFLOW_CTX_DAG_OWNER=***
AIRFLOW_CTX_DAG_ID=example_weekday_branch_operator
AIRFLOW_CTX_TASK_ID=make_choice
AIRFLOW_CTX_EXECUTION_DATE=2024-06-06T00:00:00+00:00
AIRFLOW_CTX_TRY_NUMBER=1
AIRFLOW_CTX_DAG_RUN_ID=scheduled__2024-06-06T00:00:00+00:00
[2024-06-07T11:46:14.700+0000] {skipmixin.py:155} INFO - Following branch branch_false
[2024-06-07T11:46:14.700+0000] {skipmixin.py:211} INFO - Skipping tasks ['branch_true']
[2024-06-07T11:46:14.769+0000] {taskinstance.py:1323} INFO - Marking task as SUCCESS. dag_id=example_weekday_branch_operator, task_id=make_choice, execution_date=20240606T000000, start_date=20240607T114614, end_date=20240607T114614
[2024-06-07T11:46:14.821+0000] {local_task_job.py:208} INFO - Task exited with return code 0
[2024-06-07T11:46:14.912+0000] {taskinstance.py:2578} INFO - 0 downstream tasks scheduled from follow-on schedule check
