[2024-06-07T11:46:16.557+0000] {taskinstance.py:1083} INFO - Dependencies all met for <TaskInstance: example_task_group_decorator.task_group_function.task_1 scheduled__2024-06-05T23:48:40.908392+00:00 [queued]>
[2024-06-07T11:46:16.570+0000] {taskinstance.py:1083} INFO - Dependencies all met for <TaskInstance: example_task_group_decorator.task_group_function.task_1 scheduled__2024-06-05T23:48:40.908392+00:00 [queued]>
[2024-06-07T11:46:16.570+0000] {taskinstance.py:1279} INFO - 
--------------------------------------------------------------------------------
[2024-06-07T11:46:16.570+0000] {taskinstance.py:1280} INFO - Starting attempt 1 of 1
[2024-06-07T11:46:16.570+0000] {taskinstance.py:1281} INFO - 
--------------------------------------------------------------------------------
[2024-06-07T11:46:16.591+0000] {taskinstance.py:1300} INFO - Executing <Task(_PythonDecoratedOperator): task_group_function.task_1> on 2024-06-05 23:48:40.908392+00:00
[2024-06-07T11:46:16.601+0000] {standard_task_runner.py:55} INFO - Started process 189 to run task
[2024-06-07T11:46:16.604+0000] {standard_task_runner.py:82} INFO - Running: ['***', 'tasks', 'run', 'example_task_group_decorator', 'task_group_function.task_1', 'scheduled__2024-06-05T23:48:40.908392+00:00', '--job-id', '9693', '--raw', '--subdir', '/home/***/.local/lib/python3.7/site-packages/***/example_dags/example_task_group_decorator.py', '--cfg-path', '/tmp/tmppolb7r03']
[2024-06-07T11:46:16.605+0000] {standard_task_runner.py:83} INFO - Job 9693: Subtask task_group_function.task_1
[2024-06-07T11:46:16.704+0000] {task_command.py:388} INFO - Running <TaskInstance: example_task_group_decorator.task_group_function.task_1 scheduled__2024-06-05T23:48:40.908392+00:00 [running]> on host 27113cccce1f
[2024-06-07T11:46:16.820+0000] {taskinstance.py:1509} INFO - Exporting the following env vars:
AIRFLOW_CTX_DAG_OWNER=***
AIRFLOW_CTX_DAG_ID=example_task_group_decorator
AIRFLOW_CTX_TASK_ID=task_group_function.task_1
AIRFLOW_CTX_EXECUTION_DATE=2024-06-05T23:48:40.908392+00:00
AIRFLOW_CTX_TRY_NUMBER=1
AIRFLOW_CTX_DAG_RUN_ID=scheduled__2024-06-05T23:48:40.908392+00:00
[2024-06-07T11:46:16.821+0000] {python.py:177} INFO - Done. Returned value was: [ Task1 0 ]
[2024-06-07T11:46:16.852+0000] {taskinstance.py:1323} INFO - Marking task as SUCCESS. dag_id=example_task_group_decorator, task_id=task_group_function.task_1, execution_date=20240605T234840, start_date=20240607T114616, end_date=20240607T114616
[2024-06-07T11:46:16.903+0000] {local_task_job.py:208} INFO - Task exited with return code 0
[2024-06-07T11:46:16.949+0000] {taskinstance.py:2578} INFO - 1 downstream tasks scheduled from follow-on schedule check
