[2024-06-14T12:31:01.687+0000] {taskinstance.py:1083} INFO - Dependencies all met for <TaskInstance: example_branch_datetime_operator_3.datetime_branch scheduled__2024-06-13T00:00:00+00:00 [queued]>
[2024-06-14T12:31:01.699+0000] {taskinstance.py:1083} INFO - Dependencies all met for <TaskInstance: example_branch_datetime_operator_3.datetime_branch scheduled__2024-06-13T00:00:00+00:00 [queued]>
[2024-06-14T12:31:01.699+0000] {taskinstance.py:1279} INFO - 
--------------------------------------------------------------------------------
[2024-06-14T12:31:01.699+0000] {taskinstance.py:1280} INFO - Starting attempt 1 of 1
[2024-06-14T12:31:01.699+0000] {taskinstance.py:1281} INFO - 
--------------------------------------------------------------------------------
[2024-06-14T12:31:01.724+0000] {taskinstance.py:1300} INFO - Executing <Task(BranchDateTimeOperator): datetime_branch> on 2024-06-13 00:00:00+00:00
[2024-06-14T12:31:01.737+0000] {standard_task_runner.py:55} INFO - Started process 349 to run task
[2024-06-14T12:31:01.741+0000] {standard_task_runner.py:82} INFO - Running: ['***', 'tasks', 'run', 'example_branch_datetime_operator_3', 'datetime_branch', 'scheduled__2024-06-13T00:00:00+00:00', '--job-id', '24578', '--raw', '--subdir', '/home/***/.local/lib/python3.7/site-packages/***/example_dags/example_branch_datetime_operator.py', '--cfg-path', '/tmp/tmpjp39m12_']
[2024-06-14T12:31:01.741+0000] {standard_task_runner.py:83} INFO - Job 24578: Subtask datetime_branch
[2024-06-14T12:31:01.829+0000] {task_command.py:388} INFO - Running <TaskInstance: example_branch_datetime_operator_3.datetime_branch scheduled__2024-06-13T00:00:00+00:00 [running]> on host 27113cccce1f
[2024-06-14T12:31:01.926+0000] {taskinstance.py:1509} INFO - Exporting the following env vars:
AIRFLOW_CTX_DAG_OWNER=***
AIRFLOW_CTX_DAG_ID=example_branch_datetime_operator_3
AIRFLOW_CTX_TASK_ID=datetime_branch
AIRFLOW_CTX_EXECUTION_DATE=2024-06-13T00:00:00+00:00
AIRFLOW_CTX_TRY_NUMBER=1
AIRFLOW_CTX_DAG_RUN_ID=scheduled__2024-06-13T00:00:00+00:00
[2024-06-14T12:31:01.927+0000] {skipmixin.py:155} INFO - Following branch ['date_outside_range']
[2024-06-14T12:31:01.928+0000] {skipmixin.py:211} INFO - Skipping tasks ['date_in_range']
[2024-06-14T12:31:01.991+0000] {taskinstance.py:1323} INFO - Marking task as SUCCESS. dag_id=example_branch_datetime_operator_3, task_id=datetime_branch, execution_date=20240613T000000, start_date=20240614T123101, end_date=20240614T123101
[2024-06-14T12:31:02.036+0000] {local_task_job.py:208} INFO - Task exited with return code 0
[2024-06-14T12:31:02.073+0000] {taskinstance.py:2578} INFO - 1 downstream tasks scheduled from follow-on schedule check
