[2024-06-16T14:14:06.535+0000] {taskinstance.py:1083} INFO - Dependencies all met for <TaskInstance: process_data_dag.run_dash_app manual__2024-06-16T11:13:08.942600 [queued]>
[2024-06-16T14:14:06.541+0000] {taskinstance.py:1083} INFO - Dependencies all met for <TaskInstance: process_data_dag.run_dash_app manual__2024-06-16T11:13:08.942600 [queued]>
[2024-06-16T14:14:06.541+0000] {taskinstance.py:1279} INFO - 
--------------------------------------------------------------------------------
[2024-06-16T14:14:06.541+0000] {taskinstance.py:1280} INFO - Starting attempt 1 of 2
[2024-06-16T14:14:06.541+0000] {taskinstance.py:1281} INFO - 
--------------------------------------------------------------------------------
[2024-06-16T14:14:06.550+0000] {taskinstance.py:1300} INFO - Executing <Task(PythonOperator): run_dash_app> on 2024-06-16 14:13:09.007586+00:00
[2024-06-16T14:14:06.557+0000] {standard_task_runner.py:55} INFO - Started process 3095 to run task
[2024-06-16T14:14:06.559+0000] {standard_task_runner.py:82} INFO - Running: ['***', 'tasks', 'run', 'process_data_dag', 'run_dash_app', 'manual__2024-06-16T11:13:08.942600', '--job-id', '33323', '--raw', '--subdir', 'DAGS_FOLDER/process_data.py', '--cfg-path', '/tmp/tmp4a_v984a']
[2024-06-16T14:14:06.560+0000] {standard_task_runner.py:83} INFO - Job 33323: Subtask run_dash_app
[2024-06-16T14:14:06.601+0000] {task_command.py:388} INFO - Running <TaskInstance: process_data_dag.run_dash_app manual__2024-06-16T11:13:08.942600 [running]> on host 01364b699017
[2024-06-16T14:14:06.648+0000] {taskinstance.py:1509} INFO - Exporting the following env vars:
AIRFLOW_CTX_DAG_OWNER=***
AIRFLOW_CTX_DAG_ID=process_data_dag
AIRFLOW_CTX_TASK_ID=run_dash_app
AIRFLOW_CTX_EXECUTION_DATE=2024-06-16T14:13:09.007586+00:00
AIRFLOW_CTX_TRY_NUMBER=1
AIRFLOW_CTX_DAG_RUN_ID=manual__2024-06-16T11:13:08.942600
[2024-06-16T14:14:06.697+0000] {logging_mixin.py:137} INFO - Dash is running on http://127.0.0.1:8050/
[2024-06-16T14:14:06.697+0000] {dash.py:2053} INFO - Dash is running on http://127.0.0.1:8050/

[2024-06-16T14:14:06.701+0000] {logging_mixin.py:137} INFO -  * Serving Flask app 'unusual_prefix_5df1dcf864832a9430adca10c12b79147e2a729f_process_data'
[2024-06-16T14:14:06.701+0000] {logging_mixin.py:137} INFO -  * Debug mode: on
[2024-06-16T14:14:14.071+0000] {local_task_job.py:208} INFO - Task exited with return code 0
[2024-06-16T14:14:14.083+0000] {taskinstance.py:2578} INFO - 0 downstream tasks scheduled from follow-on schedule check
