[2024-06-10T00:00:01.130+0000] {taskinstance.py:1083} INFO - Dependencies all met for <TaskInstance: example_bash_operator.this_will_skip scheduled__2024-06-09T00:00:00+00:00 [queued]>
[2024-06-10T00:00:01.142+0000] {taskinstance.py:1083} INFO - Dependencies all met for <TaskInstance: example_bash_operator.this_will_skip scheduled__2024-06-09T00:00:00+00:00 [queued]>
[2024-06-10T00:00:01.142+0000] {taskinstance.py:1279} INFO - 
--------------------------------------------------------------------------------
[2024-06-10T00:00:01.142+0000] {taskinstance.py:1280} INFO - Starting attempt 1 of 1
[2024-06-10T00:00:01.142+0000] {taskinstance.py:1281} INFO - 
--------------------------------------------------------------------------------
[2024-06-10T00:00:01.167+0000] {taskinstance.py:1300} INFO - Executing <Task(BashOperator): this_will_skip> on 2024-06-09 00:00:00+00:00
[2024-06-10T00:00:01.183+0000] {standard_task_runner.py:55} INFO - Started process 53227 to run task
[2024-06-10T00:00:01.187+0000] {standard_task_runner.py:82} INFO - Running: ['***', 'tasks', 'run', 'example_bash_operator', 'this_will_skip', 'scheduled__2024-06-09T00:00:00+00:00', '--job-id', '15294', '--raw', '--subdir', '/home/***/.local/lib/python3.7/site-packages/***/example_dags/example_bash_operator.py', '--cfg-path', '/tmp/tmp8a2g2ua_']
[2024-06-10T00:00:01.188+0000] {standard_task_runner.py:83} INFO - Job 15294: Subtask this_will_skip
[2024-06-10T00:00:01.310+0000] {task_command.py:388} INFO - Running <TaskInstance: example_bash_operator.this_will_skip scheduled__2024-06-09T00:00:00+00:00 [running]> on host 27113cccce1f
[2024-06-10T00:00:01.449+0000] {taskinstance.py:1509} INFO - Exporting the following env vars:
AIRFLOW_CTX_DAG_OWNER=***
AIRFLOW_CTX_DAG_ID=example_bash_operator
AIRFLOW_CTX_TASK_ID=this_will_skip
AIRFLOW_CTX_EXECUTION_DATE=2024-06-09T00:00:00+00:00
AIRFLOW_CTX_TRY_NUMBER=1
AIRFLOW_CTX_DAG_RUN_ID=scheduled__2024-06-09T00:00:00+00:00
[2024-06-10T00:00:01.450+0000] {subprocess.py:63} INFO - Tmp dir root location: 
 /tmp
[2024-06-10T00:00:01.452+0000] {subprocess.py:75} INFO - Running command: ['/bin/bash', '-c', 'echo "hello world"; exit 99;']
[2024-06-10T00:00:01.476+0000] {subprocess.py:86} INFO - Output:
[2024-06-10T00:00:01.477+0000] {subprocess.py:93} INFO - hello world
[2024-06-10T00:00:01.477+0000] {subprocess.py:97} INFO - Command exited with return code 99
[2024-06-10T00:00:01.478+0000] {taskinstance.py:1398} INFO - Bash command returned exit code 99. Skipping.
[2024-06-10T00:00:01.498+0000] {taskinstance.py:1323} INFO - Marking task as SKIPPED. dag_id=example_bash_operator, task_id=this_will_skip, execution_date=20240609T000000, start_date=20240610T000001, end_date=20240610T000001
[2024-06-10T00:00:01.544+0000] {local_task_job.py:208} INFO - Task exited with return code 0
[2024-06-10T00:00:01.570+0000] {taskinstance.py:2578} INFO - 0 downstream tasks scheduled from follow-on schedule check
