[2024-06-16T13:38:41.373+0000] {taskinstance.py:1083} INFO - Dependencies all met for <TaskInstance: example_task_group_decorator.task_start scheduled__2024-06-15T12:31:26.584836+00:00 [queued]>
[2024-06-16T13:38:41.382+0000] {taskinstance.py:1083} INFO - Dependencies all met for <TaskInstance: example_task_group_decorator.task_start scheduled__2024-06-15T12:31:26.584836+00:00 [queued]>
[2024-06-16T13:38:41.383+0000] {taskinstance.py:1279} INFO - 
--------------------------------------------------------------------------------
[2024-06-16T13:38:41.383+0000] {taskinstance.py:1280} INFO - Starting attempt 1 of 1
[2024-06-16T13:38:41.383+0000] {taskinstance.py:1281} INFO - 
--------------------------------------------------------------------------------
[2024-06-16T13:38:41.399+0000] {taskinstance.py:1300} INFO - Executing <Task(_PythonDecoratedOperator): task_start> on 2024-06-15 12:31:26.584836+00:00
[2024-06-16T13:38:41.405+0000] {standard_task_runner.py:55} INFO - Started process 166 to run task
[2024-06-16T13:38:41.407+0000] {standard_task_runner.py:82} INFO - Running: ['***', 'tasks', 'run', 'example_task_group_decorator', 'task_start', 'scheduled__2024-06-15T12:31:26.584836+00:00', '--job-id', '33005', '--raw', '--subdir', '/home/***/.local/lib/python3.7/site-packages/***/example_dags/example_task_group_decorator.py', '--cfg-path', '/tmp/tmp8q2brj3g']
[2024-06-16T13:38:41.408+0000] {standard_task_runner.py:83} INFO - Job 33005: Subtask task_start
[2024-06-16T13:38:41.456+0000] {task_command.py:388} INFO - Running <TaskInstance: example_task_group_decorator.task_start scheduled__2024-06-15T12:31:26.584836+00:00 [running]> on host 1caec24182a1
[2024-06-16T13:38:41.510+0000] {taskinstance.py:1509} INFO - Exporting the following env vars:
AIRFLOW_CTX_DAG_OWNER=***
AIRFLOW_CTX_DAG_ID=example_task_group_decorator
AIRFLOW_CTX_TASK_ID=task_start
AIRFLOW_CTX_EXECUTION_DATE=2024-06-15T12:31:26.584836+00:00
AIRFLOW_CTX_TRY_NUMBER=1
AIRFLOW_CTX_DAG_RUN_ID=scheduled__2024-06-15T12:31:26.584836+00:00
[2024-06-16T13:38:41.511+0000] {python.py:177} INFO - Done. Returned value was: [Task_start]
[2024-06-16T13:38:41.532+0000] {taskinstance.py:1323} INFO - Marking task as SUCCESS. dag_id=example_task_group_decorator, task_id=task_start, execution_date=20240615T123126, start_date=20240616T133841, end_date=20240616T133841
[2024-06-16T13:38:41.579+0000] {local_task_job.py:208} INFO - Task exited with return code 0
[2024-06-16T13:38:41.617+0000] {taskinstance.py:2578} INFO - 5 downstream tasks scheduled from follow-on schedule check
