[2024-06-14T12:31:03.774+0000] {taskinstance.py:1083} INFO - Dependencies all met for <TaskInstance: example_task_group_decorator.task_group_function.task_2 scheduled__2024-06-12T23:48:40.908392+00:00 [queued]>
[2024-06-14T12:31:03.786+0000] {taskinstance.py:1083} INFO - Dependencies all met for <TaskInstance: example_task_group_decorator.task_group_function.task_2 scheduled__2024-06-12T23:48:40.908392+00:00 [queued]>
[2024-06-14T12:31:03.786+0000] {taskinstance.py:1279} INFO - 
--------------------------------------------------------------------------------
[2024-06-14T12:31:03.786+0000] {taskinstance.py:1280} INFO - Starting attempt 1 of 1
[2024-06-14T12:31:03.787+0000] {taskinstance.py:1281} INFO - 
--------------------------------------------------------------------------------
[2024-06-14T12:31:03.806+0000] {taskinstance.py:1300} INFO - Executing <Task(_PythonDecoratedOperator): task_group_function.task_2> on 2024-06-12 23:48:40.908392+00:00
[2024-06-14T12:31:03.815+0000] {standard_task_runner.py:55} INFO - Started process 399 to run task
[2024-06-14T12:31:03.818+0000] {standard_task_runner.py:82} INFO - Running: ['***', 'tasks', 'run', 'example_task_group_decorator', 'task_group_function.task_2', 'scheduled__2024-06-12T23:48:40.908392+00:00', '--job-id', '24599', '--raw', '--subdir', '/home/***/.local/lib/python3.7/site-packages/***/example_dags/example_task_group_decorator.py', '--cfg-path', '/tmp/tmpwzbgbi8_']
[2024-06-14T12:31:03.818+0000] {standard_task_runner.py:83} INFO - Job 24599: Subtask task_group_function.task_2
[2024-06-14T12:31:03.897+0000] {task_command.py:388} INFO - Running <TaskInstance: example_task_group_decorator.task_group_function.task_2 scheduled__2024-06-12T23:48:40.908392+00:00 [running]> on host 27113cccce1f
[2024-06-14T12:31:04.007+0000] {taskinstance.py:1509} INFO - Exporting the following env vars:
AIRFLOW_CTX_DAG_OWNER=***
AIRFLOW_CTX_DAG_ID=example_task_group_decorator
AIRFLOW_CTX_TASK_ID=task_group_function.task_2
AIRFLOW_CTX_EXECUTION_DATE=2024-06-12T23:48:40.908392+00:00
AIRFLOW_CTX_TRY_NUMBER=1
AIRFLOW_CTX_DAG_RUN_ID=scheduled__2024-06-12T23:48:40.908392+00:00
[2024-06-14T12:31:04.008+0000] {python.py:177} INFO - Done. Returned value was: [ Task2 [ Task1 0 ] ]
[2024-06-14T12:31:04.037+0000] {taskinstance.py:1323} INFO - Marking task as SUCCESS. dag_id=example_task_group_decorator, task_id=task_group_function.task_2, execution_date=20240612T234840, start_date=20240614T123103, end_date=20240614T123104
[2024-06-14T12:31:04.115+0000] {local_task_job.py:208} INFO - Task exited with return code 0
[2024-06-14T12:31:04.193+0000] {taskinstance.py:2578} INFO - 1 downstream tasks scheduled from follow-on schedule check
