[2024-06-04T23:48:56.504+0000] {taskinstance.py:1083} INFO - Dependencies all met for <TaskInstance: example_xcom.puller scheduled__2021-01-01T00:00:00+00:00 [queued]>
[2024-06-04T23:48:56.515+0000] {taskinstance.py:1083} INFO - Dependencies all met for <TaskInstance: example_xcom.puller scheduled__2021-01-01T00:00:00+00:00 [queued]>
[2024-06-04T23:48:56.516+0000] {taskinstance.py:1279} INFO - 
--------------------------------------------------------------------------------
[2024-06-04T23:48:56.516+0000] {taskinstance.py:1280} INFO - Starting attempt 1 of 1
[2024-06-04T23:48:56.516+0000] {taskinstance.py:1281} INFO - 
--------------------------------------------------------------------------------
[2024-06-04T23:48:56.534+0000] {taskinstance.py:1300} INFO - Executing <Task(_PythonDecoratedOperator): puller> on 2021-01-01 00:00:00+00:00
[2024-06-04T23:48:56.543+0000] {standard_task_runner.py:55} INFO - Started process 4777 to run task
[2024-06-04T23:48:56.546+0000] {standard_task_runner.py:82} INFO - Running: ['***', 'tasks', 'run', 'example_xcom', 'puller', 'scheduled__2021-01-01T00:00:00+00:00', '--job-id', '1644', '--raw', '--subdir', '/home/***/.local/lib/python3.7/site-packages/***/example_dags/example_xcom.py', '--cfg-path', '/tmp/tmpwa2hhbnl']
[2024-06-04T23:48:56.546+0000] {standard_task_runner.py:83} INFO - Job 1644: Subtask puller
[2024-06-04T23:48:56.608+0000] {task_command.py:388} INFO - Running <TaskInstance: example_xcom.puller scheduled__2021-01-01T00:00:00+00:00 [running]> on host 27113cccce1f
[2024-06-04T23:48:56.697+0000] {taskinstance.py:1509} INFO - Exporting the following env vars:
AIRFLOW_CTX_DAG_OWNER=***
AIRFLOW_CTX_DAG_ID=example_xcom
AIRFLOW_CTX_TASK_ID=puller
AIRFLOW_CTX_EXECUTION_DATE=2021-01-01T00:00:00+00:00
AIRFLOW_CTX_TRY_NUMBER=1
AIRFLOW_CTX_DAG_RUN_ID=scheduled__2021-01-01T00:00:00+00:00
[2024-06-04T23:48:56.704+0000] {python.py:177} INFO - Done. Returned value was: None
[2024-06-04T23:48:56.715+0000] {taskinstance.py:1323} INFO - Marking task as SUCCESS. dag_id=example_xcom, task_id=puller, execution_date=20210101T000000, start_date=20240604T234856, end_date=20240604T234856
[2024-06-04T23:48:56.758+0000] {local_task_job.py:208} INFO - Task exited with return code 0
[2024-06-04T23:48:56.820+0000] {taskinstance.py:2578} INFO - 0 downstream tasks scheduled from follow-on schedule check
