[2024-06-05T12:08:21.720+0000] {taskinstance.py:1083} INFO - Dependencies all met for <TaskInstance: example_sla_dag.sleep_30 scheduled__2024-06-05T12:06:00+00:00 [queued]>
[2024-06-05T12:08:21.727+0000] {taskinstance.py:1083} INFO - Dependencies all met for <TaskInstance: example_sla_dag.sleep_30 scheduled__2024-06-05T12:06:00+00:00 [queued]>
[2024-06-05T12:08:21.727+0000] {taskinstance.py:1279} INFO - 
--------------------------------------------------------------------------------
[2024-06-05T12:08:21.727+0000] {taskinstance.py:1280} INFO - Starting attempt 1 of 1
[2024-06-05T12:08:21.727+0000] {taskinstance.py:1281} INFO - 
--------------------------------------------------------------------------------
[2024-06-05T12:08:21.738+0000] {taskinstance.py:1300} INFO - Executing <Task(_PythonDecoratedOperator): sleep_30> on 2024-06-05 12:06:00+00:00
[2024-06-05T12:08:21.745+0000] {standard_task_runner.py:55} INFO - Started process 14633 to run task
[2024-06-05T12:08:21.747+0000] {standard_task_runner.py:82} INFO - Running: ['***', 'tasks', 'run', 'example_sla_dag', 'sleep_30', 'scheduled__2024-06-05T12:06:00+00:00', '--job-id', '4509', '--raw', '--subdir', '/home/***/.local/lib/python3.7/site-packages/***/example_dags/example_sla_dag.py', '--cfg-path', '/tmp/tmpk69vpneb']
[2024-06-05T12:08:21.747+0000] {standard_task_runner.py:83} INFO - Job 4509: Subtask sleep_30
[2024-06-05T12:08:21.797+0000] {task_command.py:388} INFO - Running <TaskInstance: example_sla_dag.sleep_30 scheduled__2024-06-05T12:06:00+00:00 [running]> on host 27113cccce1f
[2024-06-05T12:08:21.859+0000] {taskinstance.py:1509} INFO - Exporting the following env vars:
AIRFLOW_CTX_DAG_EMAIL=email@example.com
AIRFLOW_CTX_DAG_OWNER=***
AIRFLOW_CTX_DAG_ID=example_sla_dag
AIRFLOW_CTX_TASK_ID=sleep_30
AIRFLOW_CTX_EXECUTION_DATE=2024-06-05T12:06:00+00:00
AIRFLOW_CTX_TRY_NUMBER=1
AIRFLOW_CTX_DAG_RUN_ID=scheduled__2024-06-05T12:06:00+00:00
[2024-06-05T12:08:51.889+0000] {python.py:177} INFO - Done. Returned value was: None
[2024-06-05T12:08:51.897+0000] {taskinstance.py:1323} INFO - Marking task as SUCCESS. dag_id=example_sla_dag, task_id=sleep_30, execution_date=20240605T120600, start_date=20240605T120821, end_date=20240605T120851
[2024-06-05T12:08:51.932+0000] {local_task_job.py:208} INFO - Task exited with return code 0
[2024-06-05T12:08:51.944+0000] {taskinstance.py:2578} INFO - 0 downstream tasks scheduled from follow-on schedule check
