[2024-06-07T11:46:16.777+0000] {taskinstance.py:1083} INFO - Dependencies all met for <TaskInstance: tutorial.templated scheduled__2024-06-05T23:48:42.904434+00:00 [queued]>
[2024-06-07T11:46:16.789+0000] {taskinstance.py:1083} INFO - Dependencies all met for <TaskInstance: tutorial.templated scheduled__2024-06-05T23:48:42.904434+00:00 [queued]>
[2024-06-07T11:46:16.790+0000] {taskinstance.py:1279} INFO - 
--------------------------------------------------------------------------------
[2024-06-07T11:46:16.790+0000] {taskinstance.py:1280} INFO - Starting attempt 1 of 2
[2024-06-07T11:46:16.790+0000] {taskinstance.py:1281} INFO - 
--------------------------------------------------------------------------------
[2024-06-07T11:46:16.815+0000] {taskinstance.py:1300} INFO - Executing <Task(BashOperator): templated> on 2024-06-05 23:48:42.904434+00:00
[2024-06-07T11:46:16.826+0000] {standard_task_runner.py:55} INFO - Started process 194 to run task
[2024-06-07T11:46:16.829+0000] {standard_task_runner.py:82} INFO - Running: ['***', 'tasks', 'run', 'tutorial', 'templated', 'scheduled__2024-06-05T23:48:42.904434+00:00', '--job-id', '9697', '--raw', '--subdir', '/home/***/.local/lib/python3.7/site-packages/***/example_dags/tutorial.py', '--cfg-path', '/tmp/tmpbg81yegc']
[2024-06-07T11:46:16.830+0000] {standard_task_runner.py:83} INFO - Job 9697: Subtask templated
[2024-06-07T11:46:16.911+0000] {task_command.py:388} INFO - Running <TaskInstance: tutorial.templated scheduled__2024-06-05T23:48:42.904434+00:00 [running]> on host 27113cccce1f
[2024-06-07T11:46:17.023+0000] {taskinstance.py:1509} INFO - Exporting the following env vars:
AIRFLOW_CTX_DAG_EMAIL=***@example.com
AIRFLOW_CTX_DAG_OWNER=***
AIRFLOW_CTX_DAG_ID=tutorial
AIRFLOW_CTX_TASK_ID=templated
AIRFLOW_CTX_EXECUTION_DATE=2024-06-05T23:48:42.904434+00:00
AIRFLOW_CTX_TRY_NUMBER=1
AIRFLOW_CTX_DAG_RUN_ID=scheduled__2024-06-05T23:48:42.904434+00:00
[2024-06-07T11:46:17.025+0000] {subprocess.py:63} INFO - Tmp dir root location: 
 /tmp
[2024-06-07T11:46:17.025+0000] {subprocess.py:75} INFO - Running command: ['/bin/bash', '-c', '\n\n    echo "2024-06-05"\n    echo "2024-06-12"\n\n    echo "2024-06-05"\n    echo "2024-06-12"\n\n    echo "2024-06-05"\n    echo "2024-06-12"\n\n    echo "2024-06-05"\n    echo "2024-06-12"\n\n    echo "2024-06-05"\n    echo "2024-06-12"\n']
[2024-06-07T11:46:17.047+0000] {subprocess.py:86} INFO - Output:
[2024-06-07T11:46:17.048+0000] {subprocess.py:93} INFO - 2024-06-05
[2024-06-07T11:46:17.049+0000] {subprocess.py:93} INFO - 2024-06-12
[2024-06-07T11:46:17.049+0000] {subprocess.py:93} INFO - 2024-06-05
[2024-06-07T11:46:17.049+0000] {subprocess.py:93} INFO - 2024-06-12
[2024-06-07T11:46:17.049+0000] {subprocess.py:93} INFO - 2024-06-05
[2024-06-07T11:46:17.049+0000] {subprocess.py:93} INFO - 2024-06-12
[2024-06-07T11:46:17.049+0000] {subprocess.py:93} INFO - 2024-06-05
[2024-06-07T11:46:17.049+0000] {subprocess.py:93} INFO - 2024-06-12
[2024-06-07T11:46:17.049+0000] {subprocess.py:93} INFO - 2024-06-05
[2024-06-07T11:46:17.049+0000] {subprocess.py:93} INFO - 2024-06-12
[2024-06-07T11:46:17.049+0000] {subprocess.py:97} INFO - Command exited with return code 0
[2024-06-07T11:46:17.087+0000] {taskinstance.py:1323} INFO - Marking task as SUCCESS. dag_id=tutorial, task_id=templated, execution_date=20240605T234842, start_date=20240607T114616, end_date=20240607T114617
[2024-06-07T11:46:17.130+0000] {local_task_job.py:208} INFO - Task exited with return code 0
[2024-06-07T11:46:17.321+0000] {taskinstance.py:2578} INFO - 0 downstream tasks scheduled from follow-on schedule check
