[2024-06-06T18:54:21.737+0000] {taskinstance.py:1083} INFO - Dependencies all met for <TaskInstance: example_sla_dag.sleep_30 scheduled__2024-06-06T18:52:00+00:00 [queued]>
[2024-06-06T18:54:21.742+0000] {taskinstance.py:1083} INFO - Dependencies all met for <TaskInstance: example_sla_dag.sleep_30 scheduled__2024-06-06T18:52:00+00:00 [queued]>
[2024-06-06T18:54:21.743+0000] {taskinstance.py:1279} INFO - 
--------------------------------------------------------------------------------
[2024-06-06T18:54:21.743+0000] {taskinstance.py:1280} INFO - Starting attempt 1 of 1
[2024-06-06T18:54:21.743+0000] {taskinstance.py:1281} INFO - 
--------------------------------------------------------------------------------
[2024-06-06T18:54:21.753+0000] {taskinstance.py:1300} INFO - Executing <Task(_PythonDecoratedOperator): sleep_30> on 2024-06-06 18:52:00+00:00
[2024-06-06T18:54:21.758+0000] {standard_task_runner.py:55} INFO - Started process 17313 to run task
[2024-06-06T18:54:21.761+0000] {standard_task_runner.py:82} INFO - Running: ['***', 'tasks', 'run', 'example_sla_dag', 'sleep_30', 'scheduled__2024-06-06T18:52:00+00:00', '--job-id', '8445', '--raw', '--subdir', '/home/***/.local/lib/python3.7/site-packages/***/example_dags/example_sla_dag.py', '--cfg-path', '/tmp/tmpdyylzgbb']
[2024-06-06T18:54:21.761+0000] {standard_task_runner.py:83} INFO - Job 8445: Subtask sleep_30
[2024-06-06T18:54:21.806+0000] {task_command.py:388} INFO - Running <TaskInstance: example_sla_dag.sleep_30 scheduled__2024-06-06T18:52:00+00:00 [running]> on host 27113cccce1f
[2024-06-06T18:54:21.855+0000] {taskinstance.py:1509} INFO - Exporting the following env vars:
AIRFLOW_CTX_DAG_EMAIL=email@example.com
AIRFLOW_CTX_DAG_OWNER=***
AIRFLOW_CTX_DAG_ID=example_sla_dag
AIRFLOW_CTX_TASK_ID=sleep_30
AIRFLOW_CTX_EXECUTION_DATE=2024-06-06T18:52:00+00:00
AIRFLOW_CTX_TRY_NUMBER=1
AIRFLOW_CTX_DAG_RUN_ID=scheduled__2024-06-06T18:52:00+00:00
[2024-06-06T18:54:51.886+0000] {python.py:177} INFO - Done. Returned value was: None
[2024-06-06T18:54:51.893+0000] {taskinstance.py:1323} INFO - Marking task as SUCCESS. dag_id=example_sla_dag, task_id=sleep_30, execution_date=20240606T185200, start_date=20240606T185421, end_date=20240606T185451
[2024-06-06T18:54:51.913+0000] {local_task_job.py:208} INFO - Task exited with return code 0
[2024-06-06T18:54:51.925+0000] {taskinstance.py:2578} INFO - 0 downstream tasks scheduled from follow-on schedule check
