[2024-06-04T23:50:42.178+0000] {taskinstance.py:1083} INFO - Dependencies all met for <TaskInstance: example_dynamic_task_mapping.sum_it scheduled__2023-08-24T00:00:00+00:00 [queued]>
[2024-06-04T23:50:42.185+0000] {taskinstance.py:1083} INFO - Dependencies all met for <TaskInstance: example_dynamic_task_mapping.sum_it scheduled__2023-08-24T00:00:00+00:00 [queued]>
[2024-06-04T23:50:42.185+0000] {taskinstance.py:1279} INFO - 
--------------------------------------------------------------------------------
[2024-06-04T23:50:42.185+0000] {taskinstance.py:1280} INFO - Starting attempt 1 of 1
[2024-06-04T23:50:42.185+0000] {taskinstance.py:1281} INFO - 
--------------------------------------------------------------------------------
[2024-06-04T23:50:42.196+0000] {taskinstance.py:1300} INFO - Executing <Task(_PythonDecoratedOperator): sum_it> on 2023-08-24 00:00:00+00:00
[2024-06-04T23:50:42.204+0000] {standard_task_runner.py:55} INFO - Started process 6220 to run task
[2024-06-04T23:50:42.206+0000] {standard_task_runner.py:82} INFO - Running: ['***', 'tasks', 'run', 'example_dynamic_task_mapping', 'sum_it', 'scheduled__2023-08-24T00:00:00+00:00', '--job-id', '2259', '--raw', '--subdir', '/home/***/.local/lib/python3.7/site-packages/***/example_dags/example_dynamic_task_mapping.py', '--cfg-path', '/tmp/tmpkh5bctvn']
[2024-06-04T23:50:42.206+0000] {standard_task_runner.py:83} INFO - Job 2259: Subtask sum_it
[2024-06-04T23:50:42.260+0000] {task_command.py:388} INFO - Running <TaskInstance: example_dynamic_task_mapping.sum_it scheduled__2023-08-24T00:00:00+00:00 [running]> on host 27113cccce1f
[2024-06-04T23:50:42.327+0000] {taskinstance.py:1509} INFO - Exporting the following env vars:
AIRFLOW_CTX_DAG_OWNER=***
AIRFLOW_CTX_DAG_ID=example_dynamic_task_mapping
AIRFLOW_CTX_TASK_ID=sum_it
AIRFLOW_CTX_EXECUTION_DATE=2023-08-24T00:00:00+00:00
AIRFLOW_CTX_TRY_NUMBER=1
AIRFLOW_CTX_DAG_RUN_ID=scheduled__2023-08-24T00:00:00+00:00
[2024-06-04T23:50:42.335+0000] {logging_mixin.py:137} INFO - Total was 9
[2024-06-04T23:50:42.335+0000] {python.py:177} INFO - Done. Returned value was: None
[2024-06-04T23:50:42.343+0000] {taskinstance.py:1323} INFO - Marking task as SUCCESS. dag_id=example_dynamic_task_mapping, task_id=sum_it, execution_date=20230824T000000, start_date=20240604T235042, end_date=20240604T235042
[2024-06-04T23:50:42.378+0000] {local_task_job.py:208} INFO - Task exited with return code 0
[2024-06-04T23:50:42.393+0000] {taskinstance.py:2578} INFO - 0 downstream tasks scheduled from follow-on schedule check
