[2024-06-07T11:46:17.155+0000] {taskinstance.py:1083} INFO - Dependencies all met for <TaskInstance: example_weekday_branch_operator.make_weekend_choice scheduled__2024-06-06T00:00:00+00:00 [queued]>
[2024-06-07T11:46:17.168+0000] {taskinstance.py:1083} INFO - Dependencies all met for <TaskInstance: example_weekday_branch_operator.make_weekend_choice scheduled__2024-06-06T00:00:00+00:00 [queued]>
[2024-06-07T11:46:17.168+0000] {taskinstance.py:1279} INFO - 
--------------------------------------------------------------------------------
[2024-06-07T11:46:17.168+0000] {taskinstance.py:1280} INFO - Starting attempt 1 of 1
[2024-06-07T11:46:17.168+0000] {taskinstance.py:1281} INFO - 
--------------------------------------------------------------------------------
[2024-06-07T11:46:17.190+0000] {taskinstance.py:1300} INFO - Executing <Task(BranchDayOfWeekOperator): make_weekend_choice> on 2024-06-06 00:00:00+00:00
[2024-06-07T11:46:17.200+0000] {standard_task_runner.py:55} INFO - Started process 205 to run task
[2024-06-07T11:46:17.203+0000] {standard_task_runner.py:82} INFO - Running: ['***', 'tasks', 'run', 'example_weekday_branch_operator', 'make_weekend_choice', 'scheduled__2024-06-06T00:00:00+00:00', '--job-id', '9702', '--raw', '--subdir', '/home/***/.local/lib/python3.7/site-packages/***/example_dags/example_branch_day_of_week_operator.py', '--cfg-path', '/tmp/tmppmkzqo8w']
[2024-06-07T11:46:17.204+0000] {standard_task_runner.py:83} INFO - Job 9702: Subtask make_weekend_choice
[2024-06-07T11:46:17.280+0000] {task_command.py:388} INFO - Running <TaskInstance: example_weekday_branch_operator.make_weekend_choice scheduled__2024-06-06T00:00:00+00:00 [running]> on host 27113cccce1f
[2024-06-07T11:46:17.368+0000] {taskinstance.py:1509} INFO - Exporting the following env vars:
AIRFLOW_CTX_DAG_OWNER=***
AIRFLOW_CTX_DAG_ID=example_weekday_branch_operator
AIRFLOW_CTX_TASK_ID=make_weekend_choice
AIRFLOW_CTX_EXECUTION_DATE=2024-06-06T00:00:00+00:00
AIRFLOW_CTX_TRY_NUMBER=1
AIRFLOW_CTX_DAG_RUN_ID=scheduled__2024-06-06T00:00:00+00:00
[2024-06-07T11:46:17.369+0000] {skipmixin.py:155} INFO - Following branch branch_mid_week
[2024-06-07T11:46:17.369+0000] {skipmixin.py:211} INFO - Skipping tasks ['branch_weekend']
[2024-06-07T11:46:17.429+0000] {taskinstance.py:1323} INFO - Marking task as SUCCESS. dag_id=example_weekday_branch_operator, task_id=make_weekend_choice, execution_date=20240606T000000, start_date=20240607T114617, end_date=20240607T114617
[2024-06-07T11:46:17.497+0000] {local_task_job.py:208} INFO - Task exited with return code 0
[2024-06-07T11:46:17.536+0000] {taskinstance.py:2578} INFO - 1 downstream tasks scheduled from follow-on schedule check
