[2024-06-07T11:46:16.713+0000] {taskinstance.py:1083} INFO - Dependencies all met for <TaskInstance: example_task_group.section_2.inner_section_2.task_2 scheduled__2024-06-05T23:44:07.123547+00:00 [queued]>
[2024-06-07T11:46:16.726+0000] {taskinstance.py:1083} INFO - Dependencies all met for <TaskInstance: example_task_group.section_2.inner_section_2.task_2 scheduled__2024-06-05T23:44:07.123547+00:00 [queued]>
[2024-06-07T11:46:16.727+0000] {taskinstance.py:1279} INFO - 
--------------------------------------------------------------------------------
[2024-06-07T11:46:16.727+0000] {taskinstance.py:1280} INFO - Starting attempt 1 of 1
[2024-06-07T11:46:16.727+0000] {taskinstance.py:1281} INFO - 
--------------------------------------------------------------------------------
[2024-06-07T11:46:16.750+0000] {taskinstance.py:1300} INFO - Executing <Task(BashOperator): section_2.inner_section_2.task_2> on 2024-06-05 23:44:07.123547+00:00
[2024-06-07T11:46:16.760+0000] {standard_task_runner.py:55} INFO - Started process 191 to run task
[2024-06-07T11:46:16.765+0000] {standard_task_runner.py:82} INFO - Running: ['***', 'tasks', 'run', 'example_task_group', 'section_2.inner_section_2.task_2', 'scheduled__2024-06-05T23:44:07.123547+00:00', '--job-id', '9695', '--raw', '--subdir', '/home/***/.local/lib/python3.7/site-packages/***/example_dags/example_task_group.py', '--cfg-path', '/tmp/tmpqeqvmg86']
[2024-06-07T11:46:16.765+0000] {standard_task_runner.py:83} INFO - Job 9695: Subtask section_2.inner_section_2.task_2
[2024-06-07T11:46:16.852+0000] {task_command.py:388} INFO - Running <TaskInstance: example_task_group.section_2.inner_section_2.task_2 scheduled__2024-06-05T23:44:07.123547+00:00 [running]> on host 27113cccce1f
[2024-06-07T11:46:16.954+0000] {taskinstance.py:1509} INFO - Exporting the following env vars:
AIRFLOW_CTX_DAG_OWNER=***
AIRFLOW_CTX_DAG_ID=example_task_group
AIRFLOW_CTX_TASK_ID=section_2.inner_section_2.task_2
AIRFLOW_CTX_EXECUTION_DATE=2024-06-05T23:44:07.123547+00:00
AIRFLOW_CTX_TRY_NUMBER=1
AIRFLOW_CTX_DAG_RUN_ID=scheduled__2024-06-05T23:44:07.123547+00:00
[2024-06-07T11:46:16.958+0000] {subprocess.py:63} INFO - Tmp dir root location: 
 /tmp
[2024-06-07T11:46:16.959+0000] {subprocess.py:75} INFO - Running command: ['/bin/bash', '-c', 'echo 1']
[2024-06-07T11:46:16.979+0000] {subprocess.py:86} INFO - Output:
[2024-06-07T11:46:16.981+0000] {subprocess.py:93} INFO - 1
[2024-06-07T11:46:16.982+0000] {subprocess.py:97} INFO - Command exited with return code 0
[2024-06-07T11:46:17.016+0000] {taskinstance.py:1323} INFO - Marking task as SUCCESS. dag_id=example_task_group, task_id=section_2.inner_section_2.task_2, execution_date=20240605T234407, start_date=20240607T114616, end_date=20240607T114617
[2024-06-07T11:46:17.066+0000] {local_task_job.py:208} INFO - Task exited with return code 0
[2024-06-07T11:46:17.108+0000] {taskinstance.py:2578} INFO - 1 downstream tasks scheduled from follow-on schedule check
