[2024-06-07T11:46:16.527+0000] {taskinstance.py:1083} INFO - Dependencies all met for <TaskInstance: tutorial.sleep scheduled__2024-06-05T23:48:42.904434+00:00 [queued]>
[2024-06-07T11:46:16.548+0000] {taskinstance.py:1083} INFO - Dependencies all met for <TaskInstance: tutorial.sleep scheduled__2024-06-05T23:48:42.904434+00:00 [queued]>
[2024-06-07T11:46:16.549+0000] {taskinstance.py:1279} INFO - 
--------------------------------------------------------------------------------
[2024-06-07T11:46:16.549+0000] {taskinstance.py:1280} INFO - Starting attempt 1 of 4
[2024-06-07T11:46:16.549+0000] {taskinstance.py:1281} INFO - 
--------------------------------------------------------------------------------
[2024-06-07T11:46:16.573+0000] {taskinstance.py:1300} INFO - Executing <Task(BashOperator): sleep> on 2024-06-05 23:48:42.904434+00:00
[2024-06-07T11:46:16.582+0000] {standard_task_runner.py:55} INFO - Started process 188 to run task
[2024-06-07T11:46:16.585+0000] {standard_task_runner.py:82} INFO - Running: ['***', 'tasks', 'run', 'tutorial', 'sleep', 'scheduled__2024-06-05T23:48:42.904434+00:00', '--job-id', '9692', '--raw', '--subdir', '/home/***/.local/lib/python3.7/site-packages/***/example_dags/tutorial.py', '--cfg-path', '/tmp/tmpclugbghq']
[2024-06-07T11:46:16.586+0000] {standard_task_runner.py:83} INFO - Job 9692: Subtask sleep
[2024-06-07T11:46:16.672+0000] {task_command.py:388} INFO - Running <TaskInstance: tutorial.sleep scheduled__2024-06-05T23:48:42.904434+00:00 [running]> on host 27113cccce1f
[2024-06-07T11:46:16.780+0000] {taskinstance.py:1509} INFO - Exporting the following env vars:
AIRFLOW_CTX_DAG_EMAIL=***@example.com
AIRFLOW_CTX_DAG_OWNER=***
AIRFLOW_CTX_DAG_ID=tutorial
AIRFLOW_CTX_TASK_ID=sleep
AIRFLOW_CTX_EXECUTION_DATE=2024-06-05T23:48:42.904434+00:00
AIRFLOW_CTX_TRY_NUMBER=1
AIRFLOW_CTX_DAG_RUN_ID=scheduled__2024-06-05T23:48:42.904434+00:00
[2024-06-07T11:46:16.782+0000] {subprocess.py:63} INFO - Tmp dir root location: 
 /tmp
[2024-06-07T11:46:16.782+0000] {subprocess.py:75} INFO - Running command: ['/bin/bash', '-c', 'sleep 5']
[2024-06-07T11:46:16.806+0000] {subprocess.py:86} INFO - Output:
[2024-06-07T11:46:21.813+0000] {subprocess.py:97} INFO - Command exited with return code 0
[2024-06-07T11:46:21.835+0000] {taskinstance.py:1323} INFO - Marking task as SUCCESS. dag_id=tutorial, task_id=sleep, execution_date=20240605T234842, start_date=20240607T114616, end_date=20240607T114621
[2024-06-07T11:46:21.860+0000] {local_task_job.py:208} INFO - Task exited with return code 0
[2024-06-07T11:46:21.871+0000] {taskinstance.py:2578} INFO - 0 downstream tasks scheduled from follow-on schedule check
