[2024-06-04T23:37:27.538+0000] {processor.py:153} INFO - Started process (PID=71) to work on /home/airflow/.local/lib/python3.7/site-packages/airflow/example_dags/example_latest_only_with_trigger.py
[2024-06-04T23:37:27.538+0000] {processor.py:743} INFO - Processing file /home/airflow/.local/lib/python3.7/site-packages/airflow/example_dags/example_latest_only_with_trigger.py for tasks to queue
[2024-06-04T23:37:27.539+0000] {logging_mixin.py:137} INFO - [2024-06-04T23:37:27.539+0000] {dagbag.py:538} INFO - Filling up the DagBag from /home/airflow/.local/lib/python3.7/site-packages/airflow/example_dags/example_latest_only_with_trigger.py
[2024-06-04T23:37:27.550+0000] {processor.py:753} INFO - DAG(s) dict_keys(['latest_only_with_trigger']) retrieved from /home/airflow/.local/lib/python3.7/site-packages/airflow/example_dags/example_latest_only_with_trigger.py
[2024-06-04T23:37:27.650+0000] {logging_mixin.py:137} INFO - [2024-06-04T23:37:27.649+0000] {manager.py:504} INFO - Created Permission View: can edit on DAG:latest_only_with_trigger
[2024-06-04T23:37:27.657+0000] {logging_mixin.py:137} INFO - [2024-06-04T23:37:27.657+0000] {manager.py:504} INFO - Created Permission View: can read on DAG:latest_only_with_trigger
[2024-06-04T23:37:27.664+0000] {logging_mixin.py:137} INFO - [2024-06-04T23:37:27.663+0000] {manager.py:504} INFO - Created Permission View: can delete on DAG:latest_only_with_trigger
[2024-06-04T23:37:27.664+0000] {logging_mixin.py:137} INFO - [2024-06-04T23:37:27.664+0000] {dag.py:2690} INFO - Sync 1 DAGs
[2024-06-04T23:37:27.678+0000] {logging_mixin.py:137} INFO - [2024-06-04T23:37:27.678+0000] {dag.py:2711} INFO - Creating ORM DAG for latest_only_with_trigger
[2024-06-04T23:37:27.687+0000] {logging_mixin.py:137} INFO - [2024-06-04T23:37:27.687+0000] {dag.py:3441} INFO - Setting next_dagrun for latest_only_with_trigger to 2024-06-04T19:37:27.687000+00:00, run_after=2024-06-04T23:37:27.687000+00:00
[2024-06-04T23:37:27.704+0000] {processor.py:175} INFO - Processing /home/airflow/.local/lib/python3.7/site-packages/airflow/example_dags/example_latest_only_with_trigger.py took 0.169 seconds
[2024-06-04T23:37:57.897+0000] {processor.py:153} INFO - Started process (PID=182) to work on /home/airflow/.local/lib/python3.7/site-packages/airflow/example_dags/example_latest_only_with_trigger.py
[2024-06-04T23:37:57.898+0000] {processor.py:743} INFO - Processing file /home/airflow/.local/lib/python3.7/site-packages/airflow/example_dags/example_latest_only_with_trigger.py for tasks to queue
[2024-06-04T23:37:57.898+0000] {logging_mixin.py:137} INFO - [2024-06-04T23:37:57.898+0000] {dagbag.py:538} INFO - Filling up the DagBag from /home/airflow/.local/lib/python3.7/site-packages/airflow/example_dags/example_latest_only_with_trigger.py
[2024-06-04T23:37:57.911+0000] {processor.py:753} INFO - DAG(s) dict_keys(['latest_only_with_trigger']) retrieved from /home/airflow/.local/lib/python3.7/site-packages/airflow/example_dags/example_latest_only_with_trigger.py
[2024-06-04T23:37:57.933+0000] {logging_mixin.py:137} INFO - [2024-06-04T23:37:57.933+0000] {dag.py:2690} INFO - Sync 1 DAGs
[2024-06-04T23:37:57.955+0000] {logging_mixin.py:137} INFO - [2024-06-04T23:37:57.955+0000] {dag.py:3441} INFO - Setting next_dagrun for latest_only_with_trigger to 2024-06-04T19:37:57.955141+00:00, run_after=2024-06-04T23:37:57.955141+00:00
[2024-06-04T23:37:57.970+0000] {processor.py:175} INFO - Processing /home/airflow/.local/lib/python3.7/site-packages/airflow/example_dags/example_latest_only_with_trigger.py took 0.076 seconds
[2024-06-04T23:38:28.847+0000] {processor.py:153} INFO - Started process (PID=293) to work on /home/airflow/.local/lib/python3.7/site-packages/airflow/example_dags/example_latest_only_with_trigger.py
[2024-06-04T23:38:28.848+0000] {processor.py:743} INFO - Processing file /home/airflow/.local/lib/python3.7/site-packages/airflow/example_dags/example_latest_only_with_trigger.py for tasks to queue
[2024-06-04T23:38:28.849+0000] {logging_mixin.py:137} INFO - [2024-06-04T23:38:28.849+0000] {dagbag.py:538} INFO - Filling up the DagBag from /home/airflow/.local/lib/python3.7/site-packages/airflow/example_dags/example_latest_only_with_trigger.py
[2024-06-04T23:38:28.860+0000] {processor.py:753} INFO - DAG(s) dict_keys(['latest_only_with_trigger']) retrieved from /home/airflow/.local/lib/python3.7/site-packages/airflow/example_dags/example_latest_only_with_trigger.py
[2024-06-04T23:38:28.880+0000] {logging_mixin.py:137} INFO - [2024-06-04T23:38:28.880+0000] {dag.py:2690} INFO - Sync 1 DAGs
[2024-06-04T23:38:28.901+0000] {logging_mixin.py:137} INFO - [2024-06-04T23:38:28.901+0000] {dag.py:3441} INFO - Setting next_dagrun for latest_only_with_trigger to 2024-06-04T19:38:28.901026+00:00, run_after=2024-06-04T23:38:28.901026+00:00
[2024-06-04T23:38:28.916+0000] {processor.py:175} INFO - Processing /home/airflow/.local/lib/python3.7/site-packages/airflow/example_dags/example_latest_only_with_trigger.py took 0.072 seconds
[2024-06-04T23:38:59.633+0000] {processor.py:153} INFO - Started process (PID=380) to work on /home/airflow/.local/lib/python3.7/site-packages/airflow/example_dags/example_latest_only_with_trigger.py
[2024-06-04T23:38:59.634+0000] {processor.py:743} INFO - Processing file /home/airflow/.local/lib/python3.7/site-packages/airflow/example_dags/example_latest_only_with_trigger.py for tasks to queue
[2024-06-04T23:38:59.634+0000] {logging_mixin.py:137} INFO - [2024-06-04T23:38:59.634+0000] {dagbag.py:538} INFO - Filling up the DagBag from /home/airflow/.local/lib/python3.7/site-packages/airflow/example_dags/example_latest_only_with_trigger.py
[2024-06-04T23:38:59.644+0000] {processor.py:753} INFO - DAG(s) dict_keys(['latest_only_with_trigger']) retrieved from /home/airflow/.local/lib/python3.7/site-packages/airflow/example_dags/example_latest_only_with_trigger.py
[2024-06-04T23:38:59.662+0000] {logging_mixin.py:137} INFO - [2024-06-04T23:38:59.662+0000] {dag.py:2690} INFO - Sync 1 DAGs
[2024-06-04T23:38:59.679+0000] {logging_mixin.py:137} INFO - [2024-06-04T23:38:59.678+0000] {dag.py:3441} INFO - Setting next_dagrun for latest_only_with_trigger to 2024-06-04T19:38:59.678751+00:00, run_after=2024-06-04T23:38:59.678751+00:00
[2024-06-04T23:38:59.692+0000] {processor.py:175} INFO - Processing /home/airflow/.local/lib/python3.7/site-packages/airflow/example_dags/example_latest_only_with_trigger.py took 0.061 seconds
[2024-06-04T23:39:30.328+0000] {processor.py:153} INFO - Started process (PID=491) to work on /home/airflow/.local/lib/python3.7/site-packages/airflow/example_dags/example_latest_only_with_trigger.py
[2024-06-04T23:39:30.328+0000] {processor.py:743} INFO - Processing file /home/airflow/.local/lib/python3.7/site-packages/airflow/example_dags/example_latest_only_with_trigger.py for tasks to queue
[2024-06-04T23:39:30.329+0000] {logging_mixin.py:137} INFO - [2024-06-04T23:39:30.329+0000] {dagbag.py:538} INFO - Filling up the DagBag from /home/airflow/.local/lib/python3.7/site-packages/airflow/example_dags/example_latest_only_with_trigger.py
[2024-06-04T23:39:30.339+0000] {processor.py:753} INFO - DAG(s) dict_keys(['latest_only_with_trigger']) retrieved from /home/airflow/.local/lib/python3.7/site-packages/airflow/example_dags/example_latest_only_with_trigger.py
[2024-06-04T23:39:30.358+0000] {logging_mixin.py:137} INFO - [2024-06-04T23:39:30.358+0000] {dag.py:2690} INFO - Sync 1 DAGs
[2024-06-04T23:39:30.376+0000] {logging_mixin.py:137} INFO - [2024-06-04T23:39:30.376+0000] {dag.py:3441} INFO - Setting next_dagrun for latest_only_with_trigger to 2024-06-04T19:39:30.375974+00:00, run_after=2024-06-04T23:39:30.375974+00:00
[2024-06-04T23:39:30.389+0000] {processor.py:175} INFO - Processing /home/airflow/.local/lib/python3.7/site-packages/airflow/example_dags/example_latest_only_with_trigger.py took 0.063 seconds
[2024-06-04T23:40:01.044+0000] {processor.py:153} INFO - Started process (PID=578) to work on /home/airflow/.local/lib/python3.7/site-packages/airflow/example_dags/example_latest_only_with_trigger.py
[2024-06-04T23:40:01.045+0000] {processor.py:743} INFO - Processing file /home/airflow/.local/lib/python3.7/site-packages/airflow/example_dags/example_latest_only_with_trigger.py for tasks to queue
[2024-06-04T23:40:01.045+0000] {logging_mixin.py:137} INFO - [2024-06-04T23:40:01.045+0000] {dagbag.py:538} INFO - Filling up the DagBag from /home/airflow/.local/lib/python3.7/site-packages/airflow/example_dags/example_latest_only_with_trigger.py
[2024-06-04T23:40:01.055+0000] {processor.py:753} INFO - DAG(s) dict_keys(['latest_only_with_trigger']) retrieved from /home/airflow/.local/lib/python3.7/site-packages/airflow/example_dags/example_latest_only_with_trigger.py
[2024-06-04T23:40:01.073+0000] {logging_mixin.py:137} INFO - [2024-06-04T23:40:01.073+0000] {dag.py:2690} INFO - Sync 1 DAGs
[2024-06-04T23:40:01.089+0000] {logging_mixin.py:137} INFO - [2024-06-04T23:40:01.089+0000] {dag.py:3441} INFO - Setting next_dagrun for latest_only_with_trigger to 2024-06-04T19:40:01.089339+00:00, run_after=2024-06-04T23:40:01.089339+00:00
[2024-06-04T23:40:01.102+0000] {processor.py:175} INFO - Processing /home/airflow/.local/lib/python3.7/site-packages/airflow/example_dags/example_latest_only_with_trigger.py took 0.060 seconds
[2024-06-04T23:40:31.731+0000] {processor.py:153} INFO - Started process (PID=689) to work on /home/airflow/.local/lib/python3.7/site-packages/airflow/example_dags/example_latest_only_with_trigger.py
[2024-06-04T23:40:31.732+0000] {processor.py:743} INFO - Processing file /home/airflow/.local/lib/python3.7/site-packages/airflow/example_dags/example_latest_only_with_trigger.py for tasks to queue
[2024-06-04T23:40:31.732+0000] {logging_mixin.py:137} INFO - [2024-06-04T23:40:31.732+0000] {dagbag.py:538} INFO - Filling up the DagBag from /home/airflow/.local/lib/python3.7/site-packages/airflow/example_dags/example_latest_only_with_trigger.py
[2024-06-04T23:40:31.742+0000] {processor.py:753} INFO - DAG(s) dict_keys(['latest_only_with_trigger']) retrieved from /home/airflow/.local/lib/python3.7/site-packages/airflow/example_dags/example_latest_only_with_trigger.py
[2024-06-04T23:40:31.760+0000] {logging_mixin.py:137} INFO - [2024-06-04T23:40:31.760+0000] {dag.py:2690} INFO - Sync 1 DAGs
[2024-06-04T23:40:31.777+0000] {logging_mixin.py:137} INFO - [2024-06-04T23:40:31.777+0000] {dag.py:3441} INFO - Setting next_dagrun for latest_only_with_trigger to 2024-06-04T19:40:31.777186+00:00, run_after=2024-06-04T23:40:31.777186+00:00
[2024-06-04T23:40:31.789+0000] {processor.py:175} INFO - Processing /home/airflow/.local/lib/python3.7/site-packages/airflow/example_dags/example_latest_only_with_trigger.py took 0.060 seconds
[2024-06-04T23:41:02.465+0000] {processor.py:153} INFO - Started process (PID=800) to work on /home/airflow/.local/lib/python3.7/site-packages/airflow/example_dags/example_latest_only_with_trigger.py
[2024-06-04T23:41:02.466+0000] {processor.py:743} INFO - Processing file /home/airflow/.local/lib/python3.7/site-packages/airflow/example_dags/example_latest_only_with_trigger.py for tasks to queue
[2024-06-04T23:41:02.466+0000] {logging_mixin.py:137} INFO - [2024-06-04T23:41:02.466+0000] {dagbag.py:538} INFO - Filling up the DagBag from /home/airflow/.local/lib/python3.7/site-packages/airflow/example_dags/example_latest_only_with_trigger.py
[2024-06-04T23:41:02.476+0000] {processor.py:753} INFO - DAG(s) dict_keys(['latest_only_with_trigger']) retrieved from /home/airflow/.local/lib/python3.7/site-packages/airflow/example_dags/example_latest_only_with_trigger.py
[2024-06-04T23:41:02.494+0000] {logging_mixin.py:137} INFO - [2024-06-04T23:41:02.494+0000] {dag.py:2690} INFO - Sync 1 DAGs
[2024-06-04T23:41:02.511+0000] {logging_mixin.py:137} INFO - [2024-06-04T23:41:02.510+0000] {dag.py:3441} INFO - Setting next_dagrun for latest_only_with_trigger to 2024-06-04T19:41:02.510763+00:00, run_after=2024-06-04T23:41:02.510763+00:00
[2024-06-04T23:41:02.523+0000] {processor.py:175} INFO - Processing /home/airflow/.local/lib/python3.7/site-packages/airflow/example_dags/example_latest_only_with_trigger.py took 0.060 seconds
[2024-06-04T23:41:33.162+0000] {processor.py:153} INFO - Started process (PID=887) to work on /home/airflow/.local/lib/python3.7/site-packages/airflow/example_dags/example_latest_only_with_trigger.py
[2024-06-04T23:41:33.163+0000] {processor.py:743} INFO - Processing file /home/airflow/.local/lib/python3.7/site-packages/airflow/example_dags/example_latest_only_with_trigger.py for tasks to queue
[2024-06-04T23:41:33.163+0000] {logging_mixin.py:137} INFO - [2024-06-04T23:41:33.163+0000] {dagbag.py:538} INFO - Filling up the DagBag from /home/airflow/.local/lib/python3.7/site-packages/airflow/example_dags/example_latest_only_with_trigger.py
[2024-06-04T23:41:33.173+0000] {processor.py:753} INFO - DAG(s) dict_keys(['latest_only_with_trigger']) retrieved from /home/airflow/.local/lib/python3.7/site-packages/airflow/example_dags/example_latest_only_with_trigger.py
[2024-06-04T23:41:33.191+0000] {logging_mixin.py:137} INFO - [2024-06-04T23:41:33.191+0000] {dag.py:2690} INFO - Sync 1 DAGs
[2024-06-04T23:41:33.208+0000] {logging_mixin.py:137} INFO - [2024-06-04T23:41:33.208+0000] {dag.py:3441} INFO - Setting next_dagrun for latest_only_with_trigger to 2024-06-04T19:41:33.208251+00:00, run_after=2024-06-04T23:41:33.208251+00:00
[2024-06-04T23:41:33.220+0000] {processor.py:175} INFO - Processing /home/airflow/.local/lib/python3.7/site-packages/airflow/example_dags/example_latest_only_with_trigger.py took 0.060 seconds
[2024-06-04T23:42:04.025+0000] {processor.py:153} INFO - Started process (PID=998) to work on /home/airflow/.local/lib/python3.7/site-packages/airflow/example_dags/example_latest_only_with_trigger.py
[2024-06-04T23:42:04.026+0000] {processor.py:743} INFO - Processing file /home/airflow/.local/lib/python3.7/site-packages/airflow/example_dags/example_latest_only_with_trigger.py for tasks to queue
[2024-06-04T23:42:04.026+0000] {logging_mixin.py:137} INFO - [2024-06-04T23:42:04.026+0000] {dagbag.py:538} INFO - Filling up the DagBag from /home/airflow/.local/lib/python3.7/site-packages/airflow/example_dags/example_latest_only_with_trigger.py
[2024-06-04T23:42:04.036+0000] {processor.py:753} INFO - DAG(s) dict_keys(['latest_only_with_trigger']) retrieved from /home/airflow/.local/lib/python3.7/site-packages/airflow/example_dags/example_latest_only_with_trigger.py
[2024-06-04T23:42:04.054+0000] {logging_mixin.py:137} INFO - [2024-06-04T23:42:04.054+0000] {dag.py:2690} INFO - Sync 1 DAGs
[2024-06-04T23:42:04.072+0000] {logging_mixin.py:137} INFO - [2024-06-04T23:42:04.071+0000] {dag.py:3441} INFO - Setting next_dagrun for latest_only_with_trigger to 2024-06-04T19:42:04.071755+00:00, run_after=2024-06-04T23:42:04.071755+00:00
[2024-06-04T23:42:04.084+0000] {processor.py:175} INFO - Processing /home/airflow/.local/lib/python3.7/site-packages/airflow/example_dags/example_latest_only_with_trigger.py took 0.060 seconds
[2024-06-04T23:42:34.131+0000] {processor.py:153} INFO - Started process (PID=1094) to work on /home/airflow/.local/lib/python3.7/site-packages/airflow/example_dags/example_latest_only_with_trigger.py
[2024-06-04T23:42:34.132+0000] {processor.py:743} INFO - Processing file /home/airflow/.local/lib/python3.7/site-packages/airflow/example_dags/example_latest_only_with_trigger.py for tasks to queue
[2024-06-04T23:42:34.132+0000] {logging_mixin.py:137} INFO - [2024-06-04T23:42:34.132+0000] {dagbag.py:538} INFO - Filling up the DagBag from /home/airflow/.local/lib/python3.7/site-packages/airflow/example_dags/example_latest_only_with_trigger.py
[2024-06-04T23:42:34.142+0000] {processor.py:753} INFO - DAG(s) dict_keys(['latest_only_with_trigger']) retrieved from /home/airflow/.local/lib/python3.7/site-packages/airflow/example_dags/example_latest_only_with_trigger.py
[2024-06-04T23:42:34.160+0000] {logging_mixin.py:137} INFO - [2024-06-04T23:42:34.160+0000] {dag.py:2690} INFO - Sync 1 DAGs
[2024-06-04T23:42:34.178+0000] {logging_mixin.py:137} INFO - [2024-06-04T23:42:34.178+0000] {dag.py:3441} INFO - Setting next_dagrun for latest_only_with_trigger to 2024-06-04T19:42:34.177771+00:00, run_after=2024-06-04T23:42:34.177771+00:00
[2024-06-04T23:42:34.190+0000] {processor.py:175} INFO - Processing /home/airflow/.local/lib/python3.7/site-packages/airflow/example_dags/example_latest_only_with_trigger.py took 0.061 seconds
[2024-06-04T23:43:05.001+0000] {processor.py:153} INFO - Started process (PID=1196) to work on /home/airflow/.local/lib/python3.7/site-packages/airflow/example_dags/example_latest_only_with_trigger.py
[2024-06-04T23:43:05.002+0000] {processor.py:743} INFO - Processing file /home/airflow/.local/lib/python3.7/site-packages/airflow/example_dags/example_latest_only_with_trigger.py for tasks to queue
[2024-06-04T23:43:05.002+0000] {logging_mixin.py:137} INFO - [2024-06-04T23:43:05.002+0000] {dagbag.py:538} INFO - Filling up the DagBag from /home/airflow/.local/lib/python3.7/site-packages/airflow/example_dags/example_latest_only_with_trigger.py
[2024-06-04T23:43:05.012+0000] {processor.py:753} INFO - DAG(s) dict_keys(['latest_only_with_trigger']) retrieved from /home/airflow/.local/lib/python3.7/site-packages/airflow/example_dags/example_latest_only_with_trigger.py
[2024-06-04T23:43:05.029+0000] {logging_mixin.py:137} INFO - [2024-06-04T23:43:05.029+0000] {dag.py:2690} INFO - Sync 1 DAGs
[2024-06-04T23:43:05.047+0000] {logging_mixin.py:137} INFO - [2024-06-04T23:43:05.046+0000] {dag.py:3441} INFO - Setting next_dagrun for latest_only_with_trigger to 2024-06-04T19:43:05.046717+00:00, run_after=2024-06-04T23:43:05.046717+00:00
[2024-06-04T23:43:05.060+0000] {processor.py:175} INFO - Processing /home/airflow/.local/lib/python3.7/site-packages/airflow/example_dags/example_latest_only_with_trigger.py took 0.061 seconds
[2024-06-04T23:43:35.836+0000] {processor.py:153} INFO - Started process (PID=1307) to work on /home/airflow/.local/lib/python3.7/site-packages/airflow/example_dags/example_latest_only_with_trigger.py
[2024-06-04T23:43:35.836+0000] {processor.py:743} INFO - Processing file /home/airflow/.local/lib/python3.7/site-packages/airflow/example_dags/example_latest_only_with_trigger.py for tasks to queue
[2024-06-04T23:43:35.837+0000] {logging_mixin.py:137} INFO - [2024-06-04T23:43:35.837+0000] {dagbag.py:538} INFO - Filling up the DagBag from /home/airflow/.local/lib/python3.7/site-packages/airflow/example_dags/example_latest_only_with_trigger.py
[2024-06-04T23:43:35.847+0000] {processor.py:753} INFO - DAG(s) dict_keys(['latest_only_with_trigger']) retrieved from /home/airflow/.local/lib/python3.7/site-packages/airflow/example_dags/example_latest_only_with_trigger.py
[2024-06-04T23:43:35.866+0000] {logging_mixin.py:137} INFO - [2024-06-04T23:43:35.865+0000] {dag.py:2690} INFO - Sync 1 DAGs
[2024-06-04T23:43:35.885+0000] {logging_mixin.py:137} INFO - [2024-06-04T23:43:35.885+0000] {dag.py:3441} INFO - Setting next_dagrun for latest_only_with_trigger to 2024-06-04T19:43:35.885083+00:00, run_after=2024-06-04T23:43:35.885083+00:00
[2024-06-04T23:43:35.900+0000] {processor.py:175} INFO - Processing /home/airflow/.local/lib/python3.7/site-packages/airflow/example_dags/example_latest_only_with_trigger.py took 0.066 seconds
[2024-06-04T23:44:07.669+0000] {processor.py:153} INFO - Started process (PID=1514) to work on /home/airflow/.local/lib/python3.7/site-packages/airflow/example_dags/example_latest_only_with_trigger.py
[2024-06-04T23:44:07.669+0000] {processor.py:743} INFO - Processing file /home/airflow/.local/lib/python3.7/site-packages/airflow/example_dags/example_latest_only_with_trigger.py for tasks to queue
[2024-06-04T23:44:07.670+0000] {logging_mixin.py:137} INFO - [2024-06-04T23:44:07.670+0000] {dagbag.py:538} INFO - Filling up the DagBag from /home/airflow/.local/lib/python3.7/site-packages/airflow/example_dags/example_latest_only_with_trigger.py
[2024-06-04T23:44:07.680+0000] {processor.py:753} INFO - DAG(s) dict_keys(['latest_only_with_trigger']) retrieved from /home/airflow/.local/lib/python3.7/site-packages/airflow/example_dags/example_latest_only_with_trigger.py
[2024-06-04T23:44:07.701+0000] {logging_mixin.py:137} INFO - [2024-06-04T23:44:07.701+0000] {dag.py:2690} INFO - Sync 1 DAGs
[2024-06-04T23:44:07.722+0000] {logging_mixin.py:137} INFO - [2024-06-04T23:44:07.722+0000] {dag.py:3441} INFO - Setting next_dagrun for latest_only_with_trigger to 2024-06-04T19:44:07.722500+00:00, run_after=2024-06-04T23:44:07.722500+00:00
[2024-06-04T23:44:07.738+0000] {processor.py:175} INFO - Processing /home/airflow/.local/lib/python3.7/site-packages/airflow/example_dags/example_latest_only_with_trigger.py took 0.072 seconds
[2024-06-04T23:44:38.010+0000] {processor.py:153} INFO - Started process (PID=1880) to work on /home/airflow/.local/lib/python3.7/site-packages/airflow/example_dags/example_latest_only_with_trigger.py
[2024-06-04T23:44:38.010+0000] {processor.py:743} INFO - Processing file /home/airflow/.local/lib/python3.7/site-packages/airflow/example_dags/example_latest_only_with_trigger.py for tasks to queue
[2024-06-04T23:44:38.010+0000] {logging_mixin.py:137} INFO - [2024-06-04T23:44:38.010+0000] {dagbag.py:538} INFO - Filling up the DagBag from /home/airflow/.local/lib/python3.7/site-packages/airflow/example_dags/example_latest_only_with_trigger.py
[2024-06-04T23:44:38.022+0000] {processor.py:753} INFO - DAG(s) dict_keys(['latest_only_with_trigger']) retrieved from /home/airflow/.local/lib/python3.7/site-packages/airflow/example_dags/example_latest_only_with_trigger.py
[2024-06-04T23:44:38.043+0000] {logging_mixin.py:137} INFO - [2024-06-04T23:44:38.043+0000] {dag.py:2690} INFO - Sync 1 DAGs
[2024-06-04T23:44:38.062+0000] {logging_mixin.py:137} INFO - [2024-06-04T23:44:38.062+0000] {dag.py:3441} INFO - Setting next_dagrun for latest_only_with_trigger to 2024-06-04T19:44:38.061809+00:00, run_after=2024-06-04T23:44:38.061809+00:00
[2024-06-04T23:44:38.076+0000] {processor.py:175} INFO - Processing /home/airflow/.local/lib/python3.7/site-packages/airflow/example_dags/example_latest_only_with_trigger.py took 0.068 seconds
[2024-06-04T23:45:08.587+0000] {processor.py:153} INFO - Started process (PID=2224) to work on /home/airflow/.local/lib/python3.7/site-packages/airflow/example_dags/example_latest_only_with_trigger.py
[2024-06-04T23:45:08.588+0000] {processor.py:743} INFO - Processing file /home/airflow/.local/lib/python3.7/site-packages/airflow/example_dags/example_latest_only_with_trigger.py for tasks to queue
[2024-06-04T23:45:08.589+0000] {logging_mixin.py:137} INFO - [2024-06-04T23:45:08.589+0000] {dagbag.py:538} INFO - Filling up the DagBag from /home/airflow/.local/lib/python3.7/site-packages/airflow/example_dags/example_latest_only_with_trigger.py
[2024-06-04T23:45:08.608+0000] {processor.py:753} INFO - DAG(s) dict_keys(['latest_only_with_trigger']) retrieved from /home/airflow/.local/lib/python3.7/site-packages/airflow/example_dags/example_latest_only_with_trigger.py
[2024-06-04T23:45:08.639+0000] {logging_mixin.py:137} INFO - [2024-06-04T23:45:08.639+0000] {dag.py:2690} INFO - Sync 1 DAGs
[2024-06-04T23:45:08.675+0000] {logging_mixin.py:137} INFO - [2024-06-04T23:45:08.674+0000] {dag.py:3441} INFO - Setting next_dagrun for latest_only_with_trigger to 2024-06-04T19:45:08.674544+00:00, run_after=2024-06-04T23:45:08.674544+00:00
[2024-06-04T23:45:08.704+0000] {processor.py:175} INFO - Processing /home/airflow/.local/lib/python3.7/site-packages/airflow/example_dags/example_latest_only_with_trigger.py took 0.121 seconds
[2024-06-04T23:45:39.617+0000] {processor.py:153} INFO - Started process (PID=2565) to work on /home/airflow/.local/lib/python3.7/site-packages/airflow/example_dags/example_latest_only_with_trigger.py
[2024-06-04T23:45:39.618+0000] {processor.py:743} INFO - Processing file /home/airflow/.local/lib/python3.7/site-packages/airflow/example_dags/example_latest_only_with_trigger.py for tasks to queue
[2024-06-04T23:45:39.619+0000] {logging_mixin.py:137} INFO - [2024-06-04T23:45:39.618+0000] {dagbag.py:538} INFO - Filling up the DagBag from /home/airflow/.local/lib/python3.7/site-packages/airflow/example_dags/example_latest_only_with_trigger.py
[2024-06-04T23:45:39.634+0000] {processor.py:753} INFO - DAG(s) dict_keys(['latest_only_with_trigger']) retrieved from /home/airflow/.local/lib/python3.7/site-packages/airflow/example_dags/example_latest_only_with_trigger.py
[2024-06-04T23:45:39.661+0000] {logging_mixin.py:137} INFO - [2024-06-04T23:45:39.661+0000] {dag.py:2690} INFO - Sync 1 DAGs
[2024-06-04T23:45:39.687+0000] {logging_mixin.py:137} INFO - [2024-06-04T23:45:39.687+0000] {dag.py:3441} INFO - Setting next_dagrun for latest_only_with_trigger to 2024-06-04T19:45:39.687211+00:00, run_after=2024-06-04T23:45:39.687211+00:00
[2024-06-04T23:45:39.704+0000] {processor.py:175} INFO - Processing /home/airflow/.local/lib/python3.7/site-packages/airflow/example_dags/example_latest_only_with_trigger.py took 0.089 seconds
[2024-06-04T23:46:10.143+0000] {processor.py:153} INFO - Started process (PID=2924) to work on /home/airflow/.local/lib/python3.7/site-packages/airflow/example_dags/example_latest_only_with_trigger.py
[2024-06-04T23:46:10.144+0000] {processor.py:743} INFO - Processing file /home/airflow/.local/lib/python3.7/site-packages/airflow/example_dags/example_latest_only_with_trigger.py for tasks to queue
[2024-06-04T23:46:10.145+0000] {logging_mixin.py:137} INFO - [2024-06-04T23:46:10.144+0000] {dagbag.py:538} INFO - Filling up the DagBag from /home/airflow/.local/lib/python3.7/site-packages/airflow/example_dags/example_latest_only_with_trigger.py
[2024-06-04T23:46:10.159+0000] {processor.py:753} INFO - DAG(s) dict_keys(['latest_only_with_trigger']) retrieved from /home/airflow/.local/lib/python3.7/site-packages/airflow/example_dags/example_latest_only_with_trigger.py
[2024-06-04T23:46:10.187+0000] {logging_mixin.py:137} INFO - [2024-06-04T23:46:10.187+0000] {dag.py:2690} INFO - Sync 1 DAGs
[2024-06-04T23:46:10.221+0000] {logging_mixin.py:137} INFO - [2024-06-04T23:46:10.220+0000] {dag.py:3441} INFO - Setting next_dagrun for latest_only_with_trigger to 2024-06-04T19:46:10.220584+00:00, run_after=2024-06-04T23:46:10.220584+00:00
[2024-06-04T23:46:10.243+0000] {processor.py:175} INFO - Processing /home/airflow/.local/lib/python3.7/site-packages/airflow/example_dags/example_latest_only_with_trigger.py took 0.104 seconds
[2024-06-04T23:46:40.668+0000] {processor.py:153} INFO - Started process (PID=3269) to work on /home/airflow/.local/lib/python3.7/site-packages/airflow/example_dags/example_latest_only_with_trigger.py
[2024-06-04T23:46:40.669+0000] {processor.py:743} INFO - Processing file /home/airflow/.local/lib/python3.7/site-packages/airflow/example_dags/example_latest_only_with_trigger.py for tasks to queue
[2024-06-04T23:46:40.670+0000] {logging_mixin.py:137} INFO - [2024-06-04T23:46:40.669+0000] {dagbag.py:538} INFO - Filling up the DagBag from /home/airflow/.local/lib/python3.7/site-packages/airflow/example_dags/example_latest_only_with_trigger.py
[2024-06-04T23:46:40.684+0000] {processor.py:753} INFO - DAG(s) dict_keys(['latest_only_with_trigger']) retrieved from /home/airflow/.local/lib/python3.7/site-packages/airflow/example_dags/example_latest_only_with_trigger.py
[2024-06-04T23:46:40.705+0000] {logging_mixin.py:137} INFO - [2024-06-04T23:46:40.705+0000] {dag.py:2690} INFO - Sync 1 DAGs
[2024-06-04T23:46:40.727+0000] {logging_mixin.py:137} INFO - [2024-06-04T23:46:40.727+0000] {dag.py:3441} INFO - Setting next_dagrun for latest_only_with_trigger to 2024-06-04T19:46:40.726842+00:00, run_after=2024-06-04T23:46:40.726842+00:00
[2024-06-04T23:46:40.743+0000] {processor.py:175} INFO - Processing /home/airflow/.local/lib/python3.7/site-packages/airflow/example_dags/example_latest_only_with_trigger.py took 0.078 seconds
[2024-06-04T23:47:10.998+0000] {processor.py:153} INFO - Started process (PID=3609) to work on /home/airflow/.local/lib/python3.7/site-packages/airflow/example_dags/example_latest_only_with_trigger.py
[2024-06-04T23:47:10.999+0000] {processor.py:743} INFO - Processing file /home/airflow/.local/lib/python3.7/site-packages/airflow/example_dags/example_latest_only_with_trigger.py for tasks to queue
[2024-06-04T23:47:10.999+0000] {logging_mixin.py:137} INFO - [2024-06-04T23:47:10.999+0000] {dagbag.py:538} INFO - Filling up the DagBag from /home/airflow/.local/lib/python3.7/site-packages/airflow/example_dags/example_latest_only_with_trigger.py
[2024-06-04T23:47:11.014+0000] {processor.py:753} INFO - DAG(s) dict_keys(['latest_only_with_trigger']) retrieved from /home/airflow/.local/lib/python3.7/site-packages/airflow/example_dags/example_latest_only_with_trigger.py
[2024-06-04T23:47:11.040+0000] {logging_mixin.py:137} INFO - [2024-06-04T23:47:11.040+0000] {dag.py:2690} INFO - Sync 1 DAGs
[2024-06-04T23:47:11.062+0000] {logging_mixin.py:137} INFO - [2024-06-04T23:47:11.062+0000] {dag.py:3441} INFO - Setting next_dagrun for latest_only_with_trigger to 2024-06-04T19:47:11.061830+00:00, run_after=2024-06-04T23:47:11.061830+00:00
[2024-06-04T23:47:11.077+0000] {processor.py:175} INFO - Processing /home/airflow/.local/lib/python3.7/site-packages/airflow/example_dags/example_latest_only_with_trigger.py took 0.083 seconds
[2024-06-04T23:47:41.569+0000] {processor.py:153} INFO - Started process (PID=3963) to work on /home/airflow/.local/lib/python3.7/site-packages/airflow/example_dags/example_latest_only_with_trigger.py
[2024-06-04T23:47:41.570+0000] {processor.py:743} INFO - Processing file /home/airflow/.local/lib/python3.7/site-packages/airflow/example_dags/example_latest_only_with_trigger.py for tasks to queue
[2024-06-04T23:47:41.571+0000] {logging_mixin.py:137} INFO - [2024-06-04T23:47:41.571+0000] {dagbag.py:538} INFO - Filling up the DagBag from /home/airflow/.local/lib/python3.7/site-packages/airflow/example_dags/example_latest_only_with_trigger.py
[2024-06-04T23:47:41.587+0000] {processor.py:753} INFO - DAG(s) dict_keys(['latest_only_with_trigger']) retrieved from /home/airflow/.local/lib/python3.7/site-packages/airflow/example_dags/example_latest_only_with_trigger.py
[2024-06-04T23:47:41.625+0000] {logging_mixin.py:137} INFO - [2024-06-04T23:47:41.625+0000] {dag.py:2690} INFO - Sync 1 DAGs
[2024-06-04T23:47:41.660+0000] {logging_mixin.py:137} INFO - [2024-06-04T23:47:41.660+0000] {dag.py:3441} INFO - Setting next_dagrun for latest_only_with_trigger to 2024-06-04T19:47:41.659762+00:00, run_after=2024-06-04T23:47:41.659762+00:00
[2024-06-04T23:47:41.683+0000] {processor.py:175} INFO - Processing /home/airflow/.local/lib/python3.7/site-packages/airflow/example_dags/example_latest_only_with_trigger.py took 0.118 seconds
[2024-06-04T23:48:11.795+0000] {processor.py:153} INFO - Started process (PID=4323) to work on /home/airflow/.local/lib/python3.7/site-packages/airflow/example_dags/example_latest_only_with_trigger.py
[2024-06-04T23:48:11.796+0000] {processor.py:743} INFO - Processing file /home/airflow/.local/lib/python3.7/site-packages/airflow/example_dags/example_latest_only_with_trigger.py for tasks to queue
[2024-06-04T23:48:11.797+0000] {logging_mixin.py:137} INFO - [2024-06-04T23:48:11.797+0000] {dagbag.py:538} INFO - Filling up the DagBag from /home/airflow/.local/lib/python3.7/site-packages/airflow/example_dags/example_latest_only_with_trigger.py
[2024-06-04T23:48:11.812+0000] {processor.py:753} INFO - DAG(s) dict_keys(['latest_only_with_trigger']) retrieved from /home/airflow/.local/lib/python3.7/site-packages/airflow/example_dags/example_latest_only_with_trigger.py
[2024-06-04T23:48:11.838+0000] {logging_mixin.py:137} INFO - [2024-06-04T23:48:11.838+0000] {dag.py:2690} INFO - Sync 1 DAGs
[2024-06-04T23:48:11.863+0000] {logging_mixin.py:137} INFO - [2024-06-04T23:48:11.863+0000] {dag.py:3441} INFO - Setting next_dagrun for latest_only_with_trigger to 2024-06-04T19:48:11.863516+00:00, run_after=2024-06-04T23:48:11.863516+00:00
[2024-06-04T23:48:11.889+0000] {processor.py:175} INFO - Processing /home/airflow/.local/lib/python3.7/site-packages/airflow/example_dags/example_latest_only_with_trigger.py took 0.098 seconds
[2024-06-04T23:48:42.214+0000] {processor.py:153} INFO - Started process (PID=4687) to work on /home/airflow/.local/lib/python3.7/site-packages/airflow/example_dags/example_latest_only_with_trigger.py
[2024-06-04T23:48:42.215+0000] {processor.py:743} INFO - Processing file /home/airflow/.local/lib/python3.7/site-packages/airflow/example_dags/example_latest_only_with_trigger.py for tasks to queue
[2024-06-04T23:48:42.216+0000] {logging_mixin.py:137} INFO - [2024-06-04T23:48:42.216+0000] {dagbag.py:538} INFO - Filling up the DagBag from /home/airflow/.local/lib/python3.7/site-packages/airflow/example_dags/example_latest_only_with_trigger.py
[2024-06-04T23:48:42.234+0000] {processor.py:753} INFO - DAG(s) dict_keys(['latest_only_with_trigger']) retrieved from /home/airflow/.local/lib/python3.7/site-packages/airflow/example_dags/example_latest_only_with_trigger.py
[2024-06-04T23:48:42.268+0000] {logging_mixin.py:137} INFO - [2024-06-04T23:48:42.268+0000] {dag.py:2690} INFO - Sync 1 DAGs
[2024-06-04T23:48:42.298+0000] {logging_mixin.py:137} INFO - [2024-06-04T23:48:42.297+0000] {dag.py:3441} INFO - Setting next_dagrun for latest_only_with_trigger to 2024-06-04T19:48:42.297604+00:00, run_after=2024-06-04T23:48:42.297604+00:00
[2024-06-04T23:48:42.320+0000] {processor.py:175} INFO - Processing /home/airflow/.local/lib/python3.7/site-packages/airflow/example_dags/example_latest_only_with_trigger.py took 0.110 seconds
[2024-06-04T23:49:12.359+0000] {processor.py:153} INFO - Started process (PID=5071) to work on /home/airflow/.local/lib/python3.7/site-packages/airflow/example_dags/example_latest_only_with_trigger.py
[2024-06-04T23:49:12.360+0000] {processor.py:743} INFO - Processing file /home/airflow/.local/lib/python3.7/site-packages/airflow/example_dags/example_latest_only_with_trigger.py for tasks to queue
[2024-06-04T23:49:12.360+0000] {logging_mixin.py:137} INFO - [2024-06-04T23:49:12.360+0000] {dagbag.py:538} INFO - Filling up the DagBag from /home/airflow/.local/lib/python3.7/site-packages/airflow/example_dags/example_latest_only_with_trigger.py
[2024-06-04T23:49:12.370+0000] {processor.py:753} INFO - DAG(s) dict_keys(['latest_only_with_trigger']) retrieved from /home/airflow/.local/lib/python3.7/site-packages/airflow/example_dags/example_latest_only_with_trigger.py
[2024-06-04T23:49:12.390+0000] {logging_mixin.py:137} INFO - [2024-06-04T23:49:12.389+0000] {dag.py:2690} INFO - Sync 1 DAGs
[2024-06-04T23:49:12.408+0000] {logging_mixin.py:137} INFO - [2024-06-04T23:49:12.408+0000] {dag.py:3441} INFO - Setting next_dagrun for latest_only_with_trigger to 2024-06-04T23:48:42.297604+00:00, run_after=2024-06-05T03:48:42.297604+00:00
[2024-06-04T23:49:12.421+0000] {processor.py:175} INFO - Processing /home/airflow/.local/lib/python3.7/site-packages/airflow/example_dags/example_latest_only_with_trigger.py took 0.064 seconds
[2024-06-04T23:49:42.526+0000] {processor.py:153} INFO - Started process (PID=5431) to work on /home/airflow/.local/lib/python3.7/site-packages/airflow/example_dags/example_latest_only_with_trigger.py
[2024-06-04T23:49:42.526+0000] {processor.py:743} INFO - Processing file /home/airflow/.local/lib/python3.7/site-packages/airflow/example_dags/example_latest_only_with_trigger.py for tasks to queue
[2024-06-04T23:49:42.527+0000] {logging_mixin.py:137} INFO - [2024-06-04T23:49:42.527+0000] {dagbag.py:538} INFO - Filling up the DagBag from /home/airflow/.local/lib/python3.7/site-packages/airflow/example_dags/example_latest_only_with_trigger.py
[2024-06-04T23:49:42.536+0000] {processor.py:753} INFO - DAG(s) dict_keys(['latest_only_with_trigger']) retrieved from /home/airflow/.local/lib/python3.7/site-packages/airflow/example_dags/example_latest_only_with_trigger.py
[2024-06-04T23:49:42.554+0000] {logging_mixin.py:137} INFO - [2024-06-04T23:49:42.554+0000] {dag.py:2690} INFO - Sync 1 DAGs
[2024-06-04T23:49:42.571+0000] {logging_mixin.py:137} INFO - [2024-06-04T23:49:42.571+0000] {dag.py:3441} INFO - Setting next_dagrun for latest_only_with_trigger to 2024-06-04T23:48:42.297604+00:00, run_after=2024-06-05T03:48:42.297604+00:00
[2024-06-04T23:49:42.583+0000] {processor.py:175} INFO - Processing /home/airflow/.local/lib/python3.7/site-packages/airflow/example_dags/example_latest_only_with_trigger.py took 0.059 seconds
[2024-06-04T23:50:13.745+0000] {processor.py:153} INFO - Started process (PID=5803) to work on /home/airflow/.local/lib/python3.7/site-packages/airflow/example_dags/example_latest_only_with_trigger.py
[2024-06-04T23:50:13.746+0000] {processor.py:743} INFO - Processing file /home/airflow/.local/lib/python3.7/site-packages/airflow/example_dags/example_latest_only_with_trigger.py for tasks to queue
[2024-06-04T23:50:13.747+0000] {logging_mixin.py:137} INFO - [2024-06-04T23:50:13.747+0000] {dagbag.py:538} INFO - Filling up the DagBag from /home/airflow/.local/lib/python3.7/site-packages/airflow/example_dags/example_latest_only_with_trigger.py
[2024-06-04T23:50:13.763+0000] {processor.py:753} INFO - DAG(s) dict_keys(['latest_only_with_trigger']) retrieved from /home/airflow/.local/lib/python3.7/site-packages/airflow/example_dags/example_latest_only_with_trigger.py
[2024-06-04T23:50:13.794+0000] {logging_mixin.py:137} INFO - [2024-06-04T23:50:13.794+0000] {dag.py:2690} INFO - Sync 1 DAGs
[2024-06-04T23:50:13.835+0000] {logging_mixin.py:137} INFO - [2024-06-04T23:50:13.834+0000] {dag.py:3441} INFO - Setting next_dagrun for latest_only_with_trigger to 2024-06-04T23:48:42.297604+00:00, run_after=2024-06-05T03:48:42.297604+00:00
[2024-06-04T23:50:13.866+0000] {processor.py:175} INFO - Processing /home/airflow/.local/lib/python3.7/site-packages/airflow/example_dags/example_latest_only_with_trigger.py took 0.124 seconds
[2024-06-04T23:50:43.915+0000] {processor.py:153} INFO - Started process (PID=6181) to work on /home/airflow/.local/lib/python3.7/site-packages/airflow/example_dags/example_latest_only_with_trigger.py
[2024-06-04T23:50:43.916+0000] {processor.py:743} INFO - Processing file /home/airflow/.local/lib/python3.7/site-packages/airflow/example_dags/example_latest_only_with_trigger.py for tasks to queue
[2024-06-04T23:50:43.917+0000] {logging_mixin.py:137} INFO - [2024-06-04T23:50:43.917+0000] {dagbag.py:538} INFO - Filling up the DagBag from /home/airflow/.local/lib/python3.7/site-packages/airflow/example_dags/example_latest_only_with_trigger.py
[2024-06-04T23:50:43.929+0000] {processor.py:753} INFO - DAG(s) dict_keys(['latest_only_with_trigger']) retrieved from /home/airflow/.local/lib/python3.7/site-packages/airflow/example_dags/example_latest_only_with_trigger.py
[2024-06-04T23:50:43.953+0000] {logging_mixin.py:137} INFO - [2024-06-04T23:50:43.953+0000] {dag.py:2690} INFO - Sync 1 DAGs
[2024-06-04T23:50:43.989+0000] {logging_mixin.py:137} INFO - [2024-06-04T23:50:43.989+0000] {dag.py:3441} INFO - Setting next_dagrun for latest_only_with_trigger to 2024-06-04T23:48:42.297604+00:00, run_after=2024-06-05T03:48:42.297604+00:00
[2024-06-04T23:50:44.011+0000] {processor.py:175} INFO - Processing /home/airflow/.local/lib/python3.7/site-packages/airflow/example_dags/example_latest_only_with_trigger.py took 0.099 seconds
[2024-06-04T23:51:14.128+0000] {processor.py:153} INFO - Started process (PID=6518) to work on /home/airflow/.local/lib/python3.7/site-packages/airflow/example_dags/example_latest_only_with_trigger.py
[2024-06-04T23:51:14.129+0000] {processor.py:743} INFO - Processing file /home/airflow/.local/lib/python3.7/site-packages/airflow/example_dags/example_latest_only_with_trigger.py for tasks to queue
[2024-06-04T23:51:14.130+0000] {logging_mixin.py:137} INFO - [2024-06-04T23:51:14.130+0000] {dagbag.py:538} INFO - Filling up the DagBag from /home/airflow/.local/lib/python3.7/site-packages/airflow/example_dags/example_latest_only_with_trigger.py
[2024-06-04T23:51:14.141+0000] {processor.py:753} INFO - DAG(s) dict_keys(['latest_only_with_trigger']) retrieved from /home/airflow/.local/lib/python3.7/site-packages/airflow/example_dags/example_latest_only_with_trigger.py
[2024-06-04T23:51:14.160+0000] {logging_mixin.py:137} INFO - [2024-06-04T23:51:14.160+0000] {dag.py:2690} INFO - Sync 1 DAGs
[2024-06-04T23:51:14.179+0000] {logging_mixin.py:137} INFO - [2024-06-04T23:51:14.178+0000] {dag.py:3441} INFO - Setting next_dagrun for latest_only_with_trigger to 2024-06-04T23:48:42.297604+00:00, run_after=2024-06-05T03:48:42.297604+00:00
[2024-06-04T23:51:14.193+0000] {processor.py:175} INFO - Processing /home/airflow/.local/lib/python3.7/site-packages/airflow/example_dags/example_latest_only_with_trigger.py took 0.068 seconds
[2024-06-04T23:51:44.413+0000] {processor.py:153} INFO - Started process (PID=6863) to work on /home/airflow/.local/lib/python3.7/site-packages/airflow/example_dags/example_latest_only_with_trigger.py
[2024-06-04T23:51:44.413+0000] {processor.py:743} INFO - Processing file /home/airflow/.local/lib/python3.7/site-packages/airflow/example_dags/example_latest_only_with_trigger.py for tasks to queue
[2024-06-04T23:51:44.414+0000] {logging_mixin.py:137} INFO - [2024-06-04T23:51:44.414+0000] {dagbag.py:538} INFO - Filling up the DagBag from /home/airflow/.local/lib/python3.7/site-packages/airflow/example_dags/example_latest_only_with_trigger.py
[2024-06-04T23:51:44.423+0000] {processor.py:753} INFO - DAG(s) dict_keys(['latest_only_with_trigger']) retrieved from /home/airflow/.local/lib/python3.7/site-packages/airflow/example_dags/example_latest_only_with_trigger.py
[2024-06-04T23:51:44.441+0000] {logging_mixin.py:137} INFO - [2024-06-04T23:51:44.441+0000] {dag.py:2690} INFO - Sync 1 DAGs
[2024-06-04T23:51:44.459+0000] {logging_mixin.py:137} INFO - [2024-06-04T23:51:44.459+0000] {dag.py:3441} INFO - Setting next_dagrun for latest_only_with_trigger to 2024-06-04T23:48:42.297604+00:00, run_after=2024-06-05T03:48:42.297604+00:00
[2024-06-04T23:51:44.471+0000] {processor.py:175} INFO - Processing /home/airflow/.local/lib/python3.7/site-packages/airflow/example_dags/example_latest_only_with_trigger.py took 0.061 seconds
[2024-06-04T23:52:14.826+0000] {processor.py:153} INFO - Started process (PID=7195) to work on /home/airflow/.local/lib/python3.7/site-packages/airflow/example_dags/example_latest_only_with_trigger.py
[2024-06-04T23:52:14.827+0000] {processor.py:743} INFO - Processing file /home/airflow/.local/lib/python3.7/site-packages/airflow/example_dags/example_latest_only_with_trigger.py for tasks to queue
[2024-06-04T23:52:14.827+0000] {logging_mixin.py:137} INFO - [2024-06-04T23:52:14.827+0000] {dagbag.py:538} INFO - Filling up the DagBag from /home/airflow/.local/lib/python3.7/site-packages/airflow/example_dags/example_latest_only_with_trigger.py
[2024-06-04T23:52:14.837+0000] {processor.py:753} INFO - DAG(s) dict_keys(['latest_only_with_trigger']) retrieved from /home/airflow/.local/lib/python3.7/site-packages/airflow/example_dags/example_latest_only_with_trigger.py
[2024-06-04T23:52:14.857+0000] {logging_mixin.py:137} INFO - [2024-06-04T23:52:14.857+0000] {dag.py:2690} INFO - Sync 1 DAGs
[2024-06-04T23:52:14.875+0000] {logging_mixin.py:137} INFO - [2024-06-04T23:52:14.875+0000] {dag.py:3441} INFO - Setting next_dagrun for latest_only_with_trigger to 2024-06-04T23:48:42.297604+00:00, run_after=2024-06-05T03:48:42.297604+00:00
[2024-06-04T23:52:14.888+0000] {processor.py:175} INFO - Processing /home/airflow/.local/lib/python3.7/site-packages/airflow/example_dags/example_latest_only_with_trigger.py took 0.065 seconds
[2024-06-04T23:52:44.954+0000] {processor.py:153} INFO - Started process (PID=7541) to work on /home/airflow/.local/lib/python3.7/site-packages/airflow/example_dags/example_latest_only_with_trigger.py
[2024-06-04T23:52:44.954+0000] {processor.py:743} INFO - Processing file /home/airflow/.local/lib/python3.7/site-packages/airflow/example_dags/example_latest_only_with_trigger.py for tasks to queue
[2024-06-04T23:52:44.955+0000] {logging_mixin.py:137} INFO - [2024-06-04T23:52:44.955+0000] {dagbag.py:538} INFO - Filling up the DagBag from /home/airflow/.local/lib/python3.7/site-packages/airflow/example_dags/example_latest_only_with_trigger.py
[2024-06-04T23:52:44.965+0000] {processor.py:753} INFO - DAG(s) dict_keys(['latest_only_with_trigger']) retrieved from /home/airflow/.local/lib/python3.7/site-packages/airflow/example_dags/example_latest_only_with_trigger.py
[2024-06-04T23:52:44.983+0000] {logging_mixin.py:137} INFO - [2024-06-04T23:52:44.983+0000] {dag.py:2690} INFO - Sync 1 DAGs
[2024-06-04T23:52:45.006+0000] {logging_mixin.py:137} INFO - [2024-06-04T23:52:45.005+0000] {dag.py:3441} INFO - Setting next_dagrun for latest_only_with_trigger to 2024-06-04T23:48:42.297604+00:00, run_after=2024-06-05T03:48:42.297604+00:00
[2024-06-04T23:52:45.025+0000] {processor.py:175} INFO - Processing /home/airflow/.local/lib/python3.7/site-packages/airflow/example_dags/example_latest_only_with_trigger.py took 0.074 seconds
[2024-06-04T23:53:15.625+0000] {processor.py:153} INFO - Started process (PID=7909) to work on /home/airflow/.local/lib/python3.7/site-packages/airflow/example_dags/example_latest_only_with_trigger.py
[2024-06-04T23:53:15.625+0000] {processor.py:743} INFO - Processing file /home/airflow/.local/lib/python3.7/site-packages/airflow/example_dags/example_latest_only_with_trigger.py for tasks to queue
[2024-06-04T23:53:15.626+0000] {logging_mixin.py:137} INFO - [2024-06-04T23:53:15.625+0000] {dagbag.py:538} INFO - Filling up the DagBag from /home/airflow/.local/lib/python3.7/site-packages/airflow/example_dags/example_latest_only_with_trigger.py
[2024-06-04T23:53:15.636+0000] {processor.py:753} INFO - DAG(s) dict_keys(['latest_only_with_trigger']) retrieved from /home/airflow/.local/lib/python3.7/site-packages/airflow/example_dags/example_latest_only_with_trigger.py
[2024-06-04T23:53:15.656+0000] {logging_mixin.py:137} INFO - [2024-06-04T23:53:15.656+0000] {dag.py:2690} INFO - Sync 1 DAGs
[2024-06-04T23:53:15.676+0000] {logging_mixin.py:137} INFO - [2024-06-04T23:53:15.676+0000] {dag.py:3441} INFO - Setting next_dagrun for latest_only_with_trigger to 2024-06-04T23:48:42.297604+00:00, run_after=2024-06-05T03:48:42.297604+00:00
[2024-06-04T23:53:15.690+0000] {processor.py:175} INFO - Processing /home/airflow/.local/lib/python3.7/site-packages/airflow/example_dags/example_latest_only_with_trigger.py took 0.068 seconds
[2024-06-04T23:53:45.773+0000] {processor.py:153} INFO - Started process (PID=8230) to work on /home/airflow/.local/lib/python3.7/site-packages/airflow/example_dags/example_latest_only_with_trigger.py
[2024-06-04T23:53:45.773+0000] {processor.py:743} INFO - Processing file /home/airflow/.local/lib/python3.7/site-packages/airflow/example_dags/example_latest_only_with_trigger.py for tasks to queue
[2024-06-04T23:53:45.774+0000] {logging_mixin.py:137} INFO - [2024-06-04T23:53:45.773+0000] {dagbag.py:538} INFO - Filling up the DagBag from /home/airflow/.local/lib/python3.7/site-packages/airflow/example_dags/example_latest_only_with_trigger.py
[2024-06-04T23:53:45.784+0000] {processor.py:753} INFO - DAG(s) dict_keys(['latest_only_with_trigger']) retrieved from /home/airflow/.local/lib/python3.7/site-packages/airflow/example_dags/example_latest_only_with_trigger.py
[2024-06-04T23:53:45.802+0000] {logging_mixin.py:137} INFO - [2024-06-04T23:53:45.802+0000] {dag.py:2690} INFO - Sync 1 DAGs
[2024-06-04T23:53:45.820+0000] {logging_mixin.py:137} INFO - [2024-06-04T23:53:45.820+0000] {dag.py:3441} INFO - Setting next_dagrun for latest_only_with_trigger to 2024-06-04T23:48:42.297604+00:00, run_after=2024-06-05T03:48:42.297604+00:00
[2024-06-04T23:53:45.837+0000] {processor.py:175} INFO - Processing /home/airflow/.local/lib/python3.7/site-packages/airflow/example_dags/example_latest_only_with_trigger.py took 0.067 seconds
[2024-06-04T23:54:16.361+0000] {processor.py:153} INFO - Started process (PID=8547) to work on /home/airflow/.local/lib/python3.7/site-packages/airflow/example_dags/example_latest_only_with_trigger.py
[2024-06-04T23:54:16.362+0000] {processor.py:743} INFO - Processing file /home/airflow/.local/lib/python3.7/site-packages/airflow/example_dags/example_latest_only_with_trigger.py for tasks to queue
[2024-06-04T23:54:16.362+0000] {logging_mixin.py:137} INFO - [2024-06-04T23:54:16.362+0000] {dagbag.py:538} INFO - Filling up the DagBag from /home/airflow/.local/lib/python3.7/site-packages/airflow/example_dags/example_latest_only_with_trigger.py
[2024-06-04T23:54:16.374+0000] {processor.py:753} INFO - DAG(s) dict_keys(['latest_only_with_trigger']) retrieved from /home/airflow/.local/lib/python3.7/site-packages/airflow/example_dags/example_latest_only_with_trigger.py
[2024-06-04T23:54:16.400+0000] {logging_mixin.py:137} INFO - [2024-06-04T23:54:16.400+0000] {dag.py:2690} INFO - Sync 1 DAGs
[2024-06-04T23:54:16.430+0000] {logging_mixin.py:137} INFO - [2024-06-04T23:54:16.430+0000] {dag.py:3441} INFO - Setting next_dagrun for latest_only_with_trigger to 2024-06-04T23:48:42.297604+00:00, run_after=2024-06-05T03:48:42.297604+00:00
[2024-06-04T23:54:16.460+0000] {processor.py:175} INFO - Processing /home/airflow/.local/lib/python3.7/site-packages/airflow/example_dags/example_latest_only_with_trigger.py took 0.102 seconds
[2024-06-04T23:54:46.568+0000] {processor.py:153} INFO - Started process (PID=8682) to work on /home/airflow/.local/lib/python3.7/site-packages/airflow/example_dags/example_latest_only_with_trigger.py
[2024-06-04T23:54:46.568+0000] {processor.py:743} INFO - Processing file /home/airflow/.local/lib/python3.7/site-packages/airflow/example_dags/example_latest_only_with_trigger.py for tasks to queue
[2024-06-04T23:54:46.569+0000] {logging_mixin.py:137} INFO - [2024-06-04T23:54:46.568+0000] {dagbag.py:538} INFO - Filling up the DagBag from /home/airflow/.local/lib/python3.7/site-packages/airflow/example_dags/example_latest_only_with_trigger.py
[2024-06-04T23:54:46.579+0000] {processor.py:753} INFO - DAG(s) dict_keys(['latest_only_with_trigger']) retrieved from /home/airflow/.local/lib/python3.7/site-packages/airflow/example_dags/example_latest_only_with_trigger.py
[2024-06-04T23:54:46.597+0000] {logging_mixin.py:137} INFO - [2024-06-04T23:54:46.597+0000] {dag.py:2690} INFO - Sync 1 DAGs
[2024-06-04T23:54:46.616+0000] {logging_mixin.py:137} INFO - [2024-06-04T23:54:46.616+0000] {dag.py:3441} INFO - Setting next_dagrun for latest_only_with_trigger to 2024-06-04T23:48:42.297604+00:00, run_after=2024-06-05T03:48:42.297604+00:00
[2024-06-04T23:54:46.628+0000] {processor.py:175} INFO - Processing /home/airflow/.local/lib/python3.7/site-packages/airflow/example_dags/example_latest_only_with_trigger.py took 0.063 seconds
[2024-06-04T23:55:16.770+0000] {processor.py:153} INFO - Started process (PID=8798) to work on /home/airflow/.local/lib/python3.7/site-packages/airflow/example_dags/example_latest_only_with_trigger.py
[2024-06-04T23:55:16.771+0000] {processor.py:743} INFO - Processing file /home/airflow/.local/lib/python3.7/site-packages/airflow/example_dags/example_latest_only_with_trigger.py for tasks to queue
[2024-06-04T23:55:16.771+0000] {logging_mixin.py:137} INFO - [2024-06-04T23:55:16.771+0000] {dagbag.py:538} INFO - Filling up the DagBag from /home/airflow/.local/lib/python3.7/site-packages/airflow/example_dags/example_latest_only_with_trigger.py
[2024-06-04T23:55:16.781+0000] {processor.py:753} INFO - DAG(s) dict_keys(['latest_only_with_trigger']) retrieved from /home/airflow/.local/lib/python3.7/site-packages/airflow/example_dags/example_latest_only_with_trigger.py
[2024-06-04T23:55:16.801+0000] {logging_mixin.py:137} INFO - [2024-06-04T23:55:16.801+0000] {dag.py:2690} INFO - Sync 1 DAGs
[2024-06-04T23:55:16.820+0000] {logging_mixin.py:137} INFO - [2024-06-04T23:55:16.820+0000] {dag.py:3441} INFO - Setting next_dagrun for latest_only_with_trigger to 2024-06-04T23:48:42.297604+00:00, run_after=2024-06-05T03:48:42.297604+00:00
[2024-06-04T23:55:16.835+0000] {processor.py:175} INFO - Processing /home/airflow/.local/lib/python3.7/site-packages/airflow/example_dags/example_latest_only_with_trigger.py took 0.068 seconds
[2024-06-04T23:55:47.597+0000] {processor.py:153} INFO - Started process (PID=8885) to work on /home/airflow/.local/lib/python3.7/site-packages/airflow/example_dags/example_latest_only_with_trigger.py
[2024-06-04T23:55:47.598+0000] {processor.py:743} INFO - Processing file /home/airflow/.local/lib/python3.7/site-packages/airflow/example_dags/example_latest_only_with_trigger.py for tasks to queue
[2024-06-04T23:55:47.598+0000] {logging_mixin.py:137} INFO - [2024-06-04T23:55:47.598+0000] {dagbag.py:538} INFO - Filling up the DagBag from /home/airflow/.local/lib/python3.7/site-packages/airflow/example_dags/example_latest_only_with_trigger.py
[2024-06-04T23:55:47.608+0000] {processor.py:753} INFO - DAG(s) dict_keys(['latest_only_with_trigger']) retrieved from /home/airflow/.local/lib/python3.7/site-packages/airflow/example_dags/example_latest_only_with_trigger.py
[2024-06-04T23:55:47.626+0000] {logging_mixin.py:137} INFO - [2024-06-04T23:55:47.626+0000] {dag.py:2690} INFO - Sync 1 DAGs
[2024-06-04T23:55:47.644+0000] {logging_mixin.py:137} INFO - [2024-06-04T23:55:47.644+0000] {dag.py:3441} INFO - Setting next_dagrun for latest_only_with_trigger to 2024-06-04T23:48:42.297604+00:00, run_after=2024-06-05T03:48:42.297604+00:00
[2024-06-04T23:55:47.657+0000] {processor.py:175} INFO - Processing /home/airflow/.local/lib/python3.7/site-packages/airflow/example_dags/example_latest_only_with_trigger.py took 0.062 seconds
[2024-06-04T23:56:18.553+0000] {processor.py:153} INFO - Started process (PID=9004) to work on /home/airflow/.local/lib/python3.7/site-packages/airflow/example_dags/example_latest_only_with_trigger.py
[2024-06-04T23:56:18.554+0000] {processor.py:743} INFO - Processing file /home/airflow/.local/lib/python3.7/site-packages/airflow/example_dags/example_latest_only_with_trigger.py for tasks to queue
[2024-06-04T23:56:18.554+0000] {logging_mixin.py:137} INFO - [2024-06-04T23:56:18.554+0000] {dagbag.py:538} INFO - Filling up the DagBag from /home/airflow/.local/lib/python3.7/site-packages/airflow/example_dags/example_latest_only_with_trigger.py
[2024-06-04T23:56:18.564+0000] {processor.py:753} INFO - DAG(s) dict_keys(['latest_only_with_trigger']) retrieved from /home/airflow/.local/lib/python3.7/site-packages/airflow/example_dags/example_latest_only_with_trigger.py
[2024-06-04T23:56:18.582+0000] {logging_mixin.py:137} INFO - [2024-06-04T23:56:18.582+0000] {dag.py:2690} INFO - Sync 1 DAGs
[2024-06-04T23:56:18.600+0000] {logging_mixin.py:137} INFO - [2024-06-04T23:56:18.600+0000] {dag.py:3441} INFO - Setting next_dagrun for latest_only_with_trigger to 2024-06-04T23:48:42.297604+00:00, run_after=2024-06-05T03:48:42.297604+00:00
[2024-06-04T23:56:18.617+0000] {processor.py:175} INFO - Processing /home/airflow/.local/lib/python3.7/site-packages/airflow/example_dags/example_latest_only_with_trigger.py took 0.065 seconds
[2024-06-04T23:56:48.799+0000] {processor.py:153} INFO - Started process (PID=9109) to work on /home/airflow/.local/lib/python3.7/site-packages/airflow/example_dags/example_latest_only_with_trigger.py
[2024-06-04T23:56:48.800+0000] {processor.py:743} INFO - Processing file /home/airflow/.local/lib/python3.7/site-packages/airflow/example_dags/example_latest_only_with_trigger.py for tasks to queue
[2024-06-04T23:56:48.800+0000] {logging_mixin.py:137} INFO - [2024-06-04T23:56:48.800+0000] {dagbag.py:538} INFO - Filling up the DagBag from /home/airflow/.local/lib/python3.7/site-packages/airflow/example_dags/example_latest_only_with_trigger.py
[2024-06-04T23:56:48.810+0000] {processor.py:753} INFO - DAG(s) dict_keys(['latest_only_with_trigger']) retrieved from /home/airflow/.local/lib/python3.7/site-packages/airflow/example_dags/example_latest_only_with_trigger.py
[2024-06-04T23:56:48.828+0000] {logging_mixin.py:137} INFO - [2024-06-04T23:56:48.828+0000] {dag.py:2690} INFO - Sync 1 DAGs
[2024-06-04T23:56:48.846+0000] {logging_mixin.py:137} INFO - [2024-06-04T23:56:48.846+0000] {dag.py:3441} INFO - Setting next_dagrun for latest_only_with_trigger to 2024-06-04T23:48:42.297604+00:00, run_after=2024-06-05T03:48:42.297604+00:00
[2024-06-04T23:56:48.857+0000] {processor.py:175} INFO - Processing /home/airflow/.local/lib/python3.7/site-packages/airflow/example_dags/example_latest_only_with_trigger.py took 0.060 seconds
[2024-06-04T23:57:18.919+0000] {processor.py:153} INFO - Started process (PID=9229) to work on /home/airflow/.local/lib/python3.7/site-packages/airflow/example_dags/example_latest_only_with_trigger.py
[2024-06-04T23:57:18.920+0000] {processor.py:743} INFO - Processing file /home/airflow/.local/lib/python3.7/site-packages/airflow/example_dags/example_latest_only_with_trigger.py for tasks to queue
[2024-06-04T23:57:18.920+0000] {logging_mixin.py:137} INFO - [2024-06-04T23:57:18.920+0000] {dagbag.py:538} INFO - Filling up the DagBag from /home/airflow/.local/lib/python3.7/site-packages/airflow/example_dags/example_latest_only_with_trigger.py
[2024-06-04T23:57:18.931+0000] {processor.py:753} INFO - DAG(s) dict_keys(['latest_only_with_trigger']) retrieved from /home/airflow/.local/lib/python3.7/site-packages/airflow/example_dags/example_latest_only_with_trigger.py
[2024-06-04T23:57:18.949+0000] {logging_mixin.py:137} INFO - [2024-06-04T23:57:18.949+0000] {dag.py:2690} INFO - Sync 1 DAGs
[2024-06-04T23:57:18.966+0000] {logging_mixin.py:137} INFO - [2024-06-04T23:57:18.966+0000] {dag.py:3441} INFO - Setting next_dagrun for latest_only_with_trigger to 2024-06-04T23:48:42.297604+00:00, run_after=2024-06-05T03:48:42.297604+00:00
[2024-06-04T23:57:18.978+0000] {processor.py:175} INFO - Processing /home/airflow/.local/lib/python3.7/site-packages/airflow/example_dags/example_latest_only_with_trigger.py took 0.061 seconds
[2024-06-04T23:57:49.005+0000] {processor.py:153} INFO - Started process (PID=9325) to work on /home/airflow/.local/lib/python3.7/site-packages/airflow/example_dags/example_latest_only_with_trigger.py
[2024-06-04T23:57:49.005+0000] {processor.py:743} INFO - Processing file /home/airflow/.local/lib/python3.7/site-packages/airflow/example_dags/example_latest_only_with_trigger.py for tasks to queue
[2024-06-04T23:57:49.006+0000] {logging_mixin.py:137} INFO - [2024-06-04T23:57:49.006+0000] {dagbag.py:538} INFO - Filling up the DagBag from /home/airflow/.local/lib/python3.7/site-packages/airflow/example_dags/example_latest_only_with_trigger.py
[2024-06-04T23:57:49.016+0000] {processor.py:753} INFO - DAG(s) dict_keys(['latest_only_with_trigger']) retrieved from /home/airflow/.local/lib/python3.7/site-packages/airflow/example_dags/example_latest_only_with_trigger.py
[2024-06-04T23:57:49.035+0000] {logging_mixin.py:137} INFO - [2024-06-04T23:57:49.035+0000] {dag.py:2690} INFO - Sync 1 DAGs
[2024-06-04T23:57:49.057+0000] {logging_mixin.py:137} INFO - [2024-06-04T23:57:49.057+0000] {dag.py:3441} INFO - Setting next_dagrun for latest_only_with_trigger to 2024-06-04T23:48:42.297604+00:00, run_after=2024-06-05T03:48:42.297604+00:00
[2024-06-04T23:57:49.073+0000] {processor.py:175} INFO - Processing /home/airflow/.local/lib/python3.7/site-packages/airflow/example_dags/example_latest_only_with_trigger.py took 0.071 seconds
[2024-06-04T23:58:19.191+0000] {processor.py:153} INFO - Started process (PID=9436) to work on /home/airflow/.local/lib/python3.7/site-packages/airflow/example_dags/example_latest_only_with_trigger.py
[2024-06-04T23:58:19.192+0000] {processor.py:743} INFO - Processing file /home/airflow/.local/lib/python3.7/site-packages/airflow/example_dags/example_latest_only_with_trigger.py for tasks to queue
[2024-06-04T23:58:19.192+0000] {logging_mixin.py:137} INFO - [2024-06-04T23:58:19.192+0000] {dagbag.py:538} INFO - Filling up the DagBag from /home/airflow/.local/lib/python3.7/site-packages/airflow/example_dags/example_latest_only_with_trigger.py
[2024-06-04T23:58:19.202+0000] {processor.py:753} INFO - DAG(s) dict_keys(['latest_only_with_trigger']) retrieved from /home/airflow/.local/lib/python3.7/site-packages/airflow/example_dags/example_latest_only_with_trigger.py
[2024-06-04T23:58:19.219+0000] {logging_mixin.py:137} INFO - [2024-06-04T23:58:19.219+0000] {dag.py:2690} INFO - Sync 1 DAGs
[2024-06-04T23:58:19.236+0000] {logging_mixin.py:137} INFO - [2024-06-04T23:58:19.236+0000] {dag.py:3441} INFO - Setting next_dagrun for latest_only_with_trigger to 2024-06-04T23:48:42.297604+00:00, run_after=2024-06-05T03:48:42.297604+00:00
[2024-06-04T23:58:19.248+0000] {processor.py:175} INFO - Processing /home/airflow/.local/lib/python3.7/site-packages/airflow/example_dags/example_latest_only_with_trigger.py took 0.059 seconds
[2024-06-04T23:58:49.569+0000] {processor.py:153} INFO - Started process (PID=9547) to work on /home/airflow/.local/lib/python3.7/site-packages/airflow/example_dags/example_latest_only_with_trigger.py
[2024-06-04T23:58:49.570+0000] {processor.py:743} INFO - Processing file /home/airflow/.local/lib/python3.7/site-packages/airflow/example_dags/example_latest_only_with_trigger.py for tasks to queue
[2024-06-04T23:58:49.570+0000] {logging_mixin.py:137} INFO - [2024-06-04T23:58:49.570+0000] {dagbag.py:538} INFO - Filling up the DagBag from /home/airflow/.local/lib/python3.7/site-packages/airflow/example_dags/example_latest_only_with_trigger.py
[2024-06-04T23:58:49.580+0000] {processor.py:753} INFO - DAG(s) dict_keys(['latest_only_with_trigger']) retrieved from /home/airflow/.local/lib/python3.7/site-packages/airflow/example_dags/example_latest_only_with_trigger.py
[2024-06-04T23:58:49.599+0000] {logging_mixin.py:137} INFO - [2024-06-04T23:58:49.599+0000] {dag.py:2690} INFO - Sync 1 DAGs
[2024-06-04T23:58:49.617+0000] {logging_mixin.py:137} INFO - [2024-06-04T23:58:49.617+0000] {dag.py:3441} INFO - Setting next_dagrun for latest_only_with_trigger to 2024-06-04T23:48:42.297604+00:00, run_after=2024-06-05T03:48:42.297604+00:00
[2024-06-04T23:58:49.629+0000] {processor.py:175} INFO - Processing /home/airflow/.local/lib/python3.7/site-packages/airflow/example_dags/example_latest_only_with_trigger.py took 0.063 seconds
[2024-06-04T23:59:20.051+0000] {processor.py:153} INFO - Started process (PID=9639) to work on /home/airflow/.local/lib/python3.7/site-packages/airflow/example_dags/example_latest_only_with_trigger.py
[2024-06-04T23:59:20.051+0000] {processor.py:743} INFO - Processing file /home/airflow/.local/lib/python3.7/site-packages/airflow/example_dags/example_latest_only_with_trigger.py for tasks to queue
[2024-06-04T23:59:20.052+0000] {logging_mixin.py:137} INFO - [2024-06-04T23:59:20.052+0000] {dagbag.py:538} INFO - Filling up the DagBag from /home/airflow/.local/lib/python3.7/site-packages/airflow/example_dags/example_latest_only_with_trigger.py
[2024-06-04T23:59:20.062+0000] {processor.py:753} INFO - DAG(s) dict_keys(['latest_only_with_trigger']) retrieved from /home/airflow/.local/lib/python3.7/site-packages/airflow/example_dags/example_latest_only_with_trigger.py
[2024-06-04T23:59:20.082+0000] {logging_mixin.py:137} INFO - [2024-06-04T23:59:20.081+0000] {dag.py:2690} INFO - Sync 1 DAGs
[2024-06-04T23:59:20.105+0000] {logging_mixin.py:137} INFO - [2024-06-04T23:59:20.105+0000] {dag.py:3441} INFO - Setting next_dagrun for latest_only_with_trigger to 2024-06-04T23:48:42.297604+00:00, run_after=2024-06-05T03:48:42.297604+00:00
[2024-06-04T23:59:20.119+0000] {processor.py:175} INFO - Processing /home/airflow/.local/lib/python3.7/site-packages/airflow/example_dags/example_latest_only_with_trigger.py took 0.070 seconds
[2024-06-04T23:59:50.844+0000] {processor.py:153} INFO - Started process (PID=9750) to work on /home/airflow/.local/lib/python3.7/site-packages/airflow/example_dags/example_latest_only_with_trigger.py
[2024-06-04T23:59:50.845+0000] {processor.py:743} INFO - Processing file /home/airflow/.local/lib/python3.7/site-packages/airflow/example_dags/example_latest_only_with_trigger.py for tasks to queue
[2024-06-04T23:59:50.845+0000] {logging_mixin.py:137} INFO - [2024-06-04T23:59:50.845+0000] {dagbag.py:538} INFO - Filling up the DagBag from /home/airflow/.local/lib/python3.7/site-packages/airflow/example_dags/example_latest_only_with_trigger.py
[2024-06-04T23:59:50.855+0000] {processor.py:753} INFO - DAG(s) dict_keys(['latest_only_with_trigger']) retrieved from /home/airflow/.local/lib/python3.7/site-packages/airflow/example_dags/example_latest_only_with_trigger.py
[2024-06-04T23:59:50.873+0000] {logging_mixin.py:137} INFO - [2024-06-04T23:59:50.873+0000] {dag.py:2690} INFO - Sync 1 DAGs
[2024-06-04T23:59:50.892+0000] {logging_mixin.py:137} INFO - [2024-06-04T23:59:50.892+0000] {dag.py:3441} INFO - Setting next_dagrun for latest_only_with_trigger to 2024-06-04T23:48:42.297604+00:00, run_after=2024-06-05T03:48:42.297604+00:00
[2024-06-04T23:59:50.905+0000] {processor.py:175} INFO - Processing /home/airflow/.local/lib/python3.7/site-packages/airflow/example_dags/example_latest_only_with_trigger.py took 0.063 seconds
