[2024-06-04T23:37:26.557+0000] {processor.py:153} INFO - Started process (PID=60) to work on /home/airflow/.local/lib/python3.7/site-packages/airflow/example_dags/example_branch_python_dop_operator_3.py
[2024-06-04T23:37:26.557+0000] {processor.py:743} INFO - Processing file /home/airflow/.local/lib/python3.7/site-packages/airflow/example_dags/example_branch_python_dop_operator_3.py for tasks to queue
[2024-06-04T23:37:26.558+0000] {logging_mixin.py:137} INFO - [2024-06-04T23:37:26.558+0000] {dagbag.py:538} INFO - Filling up the DagBag from /home/airflow/.local/lib/python3.7/site-packages/airflow/example_dags/example_branch_python_dop_operator_3.py
[2024-06-04T23:37:26.576+0000] {processor.py:753} INFO - DAG(s) dict_keys(['example_branch_dop_operator_v3']) retrieved from /home/airflow/.local/lib/python3.7/site-packages/airflow/example_dags/example_branch_python_dop_operator_3.py
[2024-06-04T23:37:26.658+0000] {logging_mixin.py:137} INFO - [2024-06-04T23:37:26.658+0000] {manager.py:504} INFO - Created Permission View: can edit on DAG:example_branch_dop_operator_v3
[2024-06-04T23:37:26.665+0000] {logging_mixin.py:137} INFO - [2024-06-04T23:37:26.665+0000] {manager.py:504} INFO - Created Permission View: can read on DAG:example_branch_dop_operator_v3
[2024-06-04T23:37:26.670+0000] {logging_mixin.py:137} INFO - [2024-06-04T23:37:26.670+0000] {manager.py:504} INFO - Created Permission View: can delete on DAG:example_branch_dop_operator_v3
[2024-06-04T23:37:26.670+0000] {logging_mixin.py:137} INFO - [2024-06-04T23:37:26.670+0000] {dag.py:2690} INFO - Sync 1 DAGs
[2024-06-04T23:37:26.679+0000] {logging_mixin.py:137} INFO - [2024-06-04T23:37:26.678+0000] {dag.py:2711} INFO - Creating ORM DAG for example_branch_dop_operator_v3
[2024-06-04T23:37:26.689+0000] {logging_mixin.py:137} INFO - [2024-06-04T23:37:26.689+0000] {dag.py:3441} INFO - Setting next_dagrun for example_branch_dop_operator_v3 to 2024-06-04T23:36:00+00:00, run_after=2024-06-04T23:37:00+00:00
[2024-06-04T23:37:26.704+0000] {processor.py:175} INFO - Processing /home/airflow/.local/lib/python3.7/site-packages/airflow/example_dags/example_branch_python_dop_operator_3.py took 0.149 seconds
[2024-06-04T23:37:57.404+0000] {processor.py:153} INFO - Started process (PID=171) to work on /home/airflow/.local/lib/python3.7/site-packages/airflow/example_dags/example_branch_python_dop_operator_3.py
[2024-06-04T23:37:57.405+0000] {processor.py:743} INFO - Processing file /home/airflow/.local/lib/python3.7/site-packages/airflow/example_dags/example_branch_python_dop_operator_3.py for tasks to queue
[2024-06-04T23:37:57.405+0000] {logging_mixin.py:137} INFO - [2024-06-04T23:37:57.405+0000] {dagbag.py:538} INFO - Filling up the DagBag from /home/airflow/.local/lib/python3.7/site-packages/airflow/example_dags/example_branch_python_dop_operator_3.py
[2024-06-04T23:37:57.423+0000] {processor.py:753} INFO - DAG(s) dict_keys(['example_branch_dop_operator_v3']) retrieved from /home/airflow/.local/lib/python3.7/site-packages/airflow/example_dags/example_branch_python_dop_operator_3.py
[2024-06-04T23:37:57.442+0000] {logging_mixin.py:137} INFO - [2024-06-04T23:37:57.442+0000] {dag.py:2690} INFO - Sync 1 DAGs
[2024-06-04T23:37:57.463+0000] {logging_mixin.py:137} INFO - [2024-06-04T23:37:57.463+0000] {dag.py:3441} INFO - Setting next_dagrun for example_branch_dop_operator_v3 to 2024-06-04T23:36:00+00:00, run_after=2024-06-04T23:37:00+00:00
[2024-06-04T23:37:57.476+0000] {processor.py:175} INFO - Processing /home/airflow/.local/lib/python3.7/site-packages/airflow/example_dags/example_branch_python_dop_operator_3.py took 0.073 seconds
[2024-06-04T23:38:28.246+0000] {processor.py:153} INFO - Started process (PID=267) to work on /home/airflow/.local/lib/python3.7/site-packages/airflow/example_dags/example_branch_python_dop_operator_3.py
[2024-06-04T23:38:28.246+0000] {processor.py:743} INFO - Processing file /home/airflow/.local/lib/python3.7/site-packages/airflow/example_dags/example_branch_python_dop_operator_3.py for tasks to queue
[2024-06-04T23:38:28.247+0000] {logging_mixin.py:137} INFO - [2024-06-04T23:38:28.247+0000] {dagbag.py:538} INFO - Filling up the DagBag from /home/airflow/.local/lib/python3.7/site-packages/airflow/example_dags/example_branch_python_dop_operator_3.py
[2024-06-04T23:38:28.265+0000] {processor.py:753} INFO - DAG(s) dict_keys(['example_branch_dop_operator_v3']) retrieved from /home/airflow/.local/lib/python3.7/site-packages/airflow/example_dags/example_branch_python_dop_operator_3.py
[2024-06-04T23:38:28.285+0000] {logging_mixin.py:137} INFO - [2024-06-04T23:38:28.284+0000] {dag.py:2690} INFO - Sync 1 DAGs
[2024-06-04T23:38:28.324+0000] {logging_mixin.py:137} INFO - [2024-06-04T23:38:28.324+0000] {dag.py:3441} INFO - Setting next_dagrun for example_branch_dop_operator_v3 to 2024-06-04T23:37:00+00:00, run_after=2024-06-04T23:38:00+00:00
[2024-06-04T23:38:28.365+0000] {processor.py:175} INFO - Processing /home/airflow/.local/lib/python3.7/site-packages/airflow/example_dags/example_branch_python_dop_operator_3.py took 0.122 seconds
[2024-06-04T23:38:59.137+0000] {processor.py:153} INFO - Started process (PID=369) to work on /home/airflow/.local/lib/python3.7/site-packages/airflow/example_dags/example_branch_python_dop_operator_3.py
[2024-06-04T23:38:59.137+0000] {processor.py:743} INFO - Processing file /home/airflow/.local/lib/python3.7/site-packages/airflow/example_dags/example_branch_python_dop_operator_3.py for tasks to queue
[2024-06-04T23:38:59.138+0000] {logging_mixin.py:137} INFO - [2024-06-04T23:38:59.137+0000] {dagbag.py:538} INFO - Filling up the DagBag from /home/airflow/.local/lib/python3.7/site-packages/airflow/example_dags/example_branch_python_dop_operator_3.py
[2024-06-04T23:38:59.154+0000] {processor.py:753} INFO - DAG(s) dict_keys(['example_branch_dop_operator_v3']) retrieved from /home/airflow/.local/lib/python3.7/site-packages/airflow/example_dags/example_branch_python_dop_operator_3.py
[2024-06-04T23:38:59.172+0000] {logging_mixin.py:137} INFO - [2024-06-04T23:38:59.172+0000] {dag.py:2690} INFO - Sync 1 DAGs
[2024-06-04T23:38:59.192+0000] {logging_mixin.py:137} INFO - [2024-06-04T23:38:59.191+0000] {dag.py:3441} INFO - Setting next_dagrun for example_branch_dop_operator_v3 to 2024-06-04T23:37:00+00:00, run_after=2024-06-04T23:38:00+00:00
[2024-06-04T23:38:59.204+0000] {processor.py:175} INFO - Processing /home/airflow/.local/lib/python3.7/site-packages/airflow/example_dags/example_branch_python_dop_operator_3.py took 0.070 seconds
[2024-06-04T23:39:29.849+0000] {processor.py:153} INFO - Started process (PID=480) to work on /home/airflow/.local/lib/python3.7/site-packages/airflow/example_dags/example_branch_python_dop_operator_3.py
[2024-06-04T23:39:29.850+0000] {processor.py:743} INFO - Processing file /home/airflow/.local/lib/python3.7/site-packages/airflow/example_dags/example_branch_python_dop_operator_3.py for tasks to queue
[2024-06-04T23:39:29.850+0000] {logging_mixin.py:137} INFO - [2024-06-04T23:39:29.850+0000] {dagbag.py:538} INFO - Filling up the DagBag from /home/airflow/.local/lib/python3.7/site-packages/airflow/example_dags/example_branch_python_dop_operator_3.py
[2024-06-04T23:39:29.867+0000] {processor.py:753} INFO - DAG(s) dict_keys(['example_branch_dop_operator_v3']) retrieved from /home/airflow/.local/lib/python3.7/site-packages/airflow/example_dags/example_branch_python_dop_operator_3.py
[2024-06-04T23:39:29.885+0000] {logging_mixin.py:137} INFO - [2024-06-04T23:39:29.885+0000] {dag.py:2690} INFO - Sync 1 DAGs
[2024-06-04T23:39:29.905+0000] {logging_mixin.py:137} INFO - [2024-06-04T23:39:29.905+0000] {dag.py:3441} INFO - Setting next_dagrun for example_branch_dop_operator_v3 to 2024-06-04T23:38:00+00:00, run_after=2024-06-04T23:39:00+00:00
[2024-06-04T23:39:29.917+0000] {processor.py:175} INFO - Processing /home/airflow/.local/lib/python3.7/site-packages/airflow/example_dags/example_branch_python_dop_operator_3.py took 0.070 seconds
[2024-06-04T23:40:00.576+0000] {processor.py:153} INFO - Started process (PID=567) to work on /home/airflow/.local/lib/python3.7/site-packages/airflow/example_dags/example_branch_python_dop_operator_3.py
[2024-06-04T23:40:00.576+0000] {processor.py:743} INFO - Processing file /home/airflow/.local/lib/python3.7/site-packages/airflow/example_dags/example_branch_python_dop_operator_3.py for tasks to queue
[2024-06-04T23:40:00.577+0000] {logging_mixin.py:137} INFO - [2024-06-04T23:40:00.577+0000] {dagbag.py:538} INFO - Filling up the DagBag from /home/airflow/.local/lib/python3.7/site-packages/airflow/example_dags/example_branch_python_dop_operator_3.py
[2024-06-04T23:40:00.593+0000] {processor.py:753} INFO - DAG(s) dict_keys(['example_branch_dop_operator_v3']) retrieved from /home/airflow/.local/lib/python3.7/site-packages/airflow/example_dags/example_branch_python_dop_operator_3.py
[2024-06-04T23:40:00.611+0000] {logging_mixin.py:137} INFO - [2024-06-04T23:40:00.611+0000] {dag.py:2690} INFO - Sync 1 DAGs
[2024-06-04T23:40:00.631+0000] {logging_mixin.py:137} INFO - [2024-06-04T23:40:00.631+0000] {dag.py:3441} INFO - Setting next_dagrun for example_branch_dop_operator_v3 to 2024-06-04T23:39:00+00:00, run_after=2024-06-04T23:40:00+00:00
[2024-06-04T23:40:00.644+0000] {processor.py:175} INFO - Processing /home/airflow/.local/lib/python3.7/site-packages/airflow/example_dags/example_branch_python_dop_operator_3.py took 0.070 seconds
[2024-06-04T23:40:31.268+0000] {processor.py:153} INFO - Started process (PID=678) to work on /home/airflow/.local/lib/python3.7/site-packages/airflow/example_dags/example_branch_python_dop_operator_3.py
[2024-06-04T23:40:31.268+0000] {processor.py:743} INFO - Processing file /home/airflow/.local/lib/python3.7/site-packages/airflow/example_dags/example_branch_python_dop_operator_3.py for tasks to queue
[2024-06-04T23:40:31.269+0000] {logging_mixin.py:137} INFO - [2024-06-04T23:40:31.268+0000] {dagbag.py:538} INFO - Filling up the DagBag from /home/airflow/.local/lib/python3.7/site-packages/airflow/example_dags/example_branch_python_dop_operator_3.py
[2024-06-04T23:40:31.284+0000] {processor.py:753} INFO - DAG(s) dict_keys(['example_branch_dop_operator_v3']) retrieved from /home/airflow/.local/lib/python3.7/site-packages/airflow/example_dags/example_branch_python_dop_operator_3.py
[2024-06-04T23:40:31.302+0000] {logging_mixin.py:137} INFO - [2024-06-04T23:40:31.302+0000] {dag.py:2690} INFO - Sync 1 DAGs
[2024-06-04T23:40:31.322+0000] {logging_mixin.py:137} INFO - [2024-06-04T23:40:31.322+0000] {dag.py:3441} INFO - Setting next_dagrun for example_branch_dop_operator_v3 to 2024-06-04T23:39:00+00:00, run_after=2024-06-04T23:40:00+00:00
[2024-06-04T23:40:31.335+0000] {processor.py:175} INFO - Processing /home/airflow/.local/lib/python3.7/site-packages/airflow/example_dags/example_branch_python_dop_operator_3.py took 0.069 seconds
[2024-06-04T23:41:02.003+0000] {processor.py:153} INFO - Started process (PID=789) to work on /home/airflow/.local/lib/python3.7/site-packages/airflow/example_dags/example_branch_python_dop_operator_3.py
[2024-06-04T23:41:02.003+0000] {processor.py:743} INFO - Processing file /home/airflow/.local/lib/python3.7/site-packages/airflow/example_dags/example_branch_python_dop_operator_3.py for tasks to queue
[2024-06-04T23:41:02.004+0000] {logging_mixin.py:137} INFO - [2024-06-04T23:41:02.004+0000] {dagbag.py:538} INFO - Filling up the DagBag from /home/airflow/.local/lib/python3.7/site-packages/airflow/example_dags/example_branch_python_dop_operator_3.py
[2024-06-04T23:41:02.020+0000] {processor.py:753} INFO - DAG(s) dict_keys(['example_branch_dop_operator_v3']) retrieved from /home/airflow/.local/lib/python3.7/site-packages/airflow/example_dags/example_branch_python_dop_operator_3.py
[2024-06-04T23:41:02.039+0000] {logging_mixin.py:137} INFO - [2024-06-04T23:41:02.038+0000] {dag.py:2690} INFO - Sync 1 DAGs
[2024-06-04T23:41:02.058+0000] {logging_mixin.py:137} INFO - [2024-06-04T23:41:02.058+0000] {dag.py:3441} INFO - Setting next_dagrun for example_branch_dop_operator_v3 to 2024-06-04T23:40:00+00:00, run_after=2024-06-04T23:41:00+00:00
[2024-06-04T23:41:02.070+0000] {processor.py:175} INFO - Processing /home/airflow/.local/lib/python3.7/site-packages/airflow/example_dags/example_branch_python_dop_operator_3.py took 0.070 seconds
[2024-06-04T23:41:32.700+0000] {processor.py:153} INFO - Started process (PID=876) to work on /home/airflow/.local/lib/python3.7/site-packages/airflow/example_dags/example_branch_python_dop_operator_3.py
[2024-06-04T23:41:32.701+0000] {processor.py:743} INFO - Processing file /home/airflow/.local/lib/python3.7/site-packages/airflow/example_dags/example_branch_python_dop_operator_3.py for tasks to queue
[2024-06-04T23:41:32.701+0000] {logging_mixin.py:137} INFO - [2024-06-04T23:41:32.701+0000] {dagbag.py:538} INFO - Filling up the DagBag from /home/airflow/.local/lib/python3.7/site-packages/airflow/example_dags/example_branch_python_dop_operator_3.py
[2024-06-04T23:41:32.717+0000] {processor.py:753} INFO - DAG(s) dict_keys(['example_branch_dop_operator_v3']) retrieved from /home/airflow/.local/lib/python3.7/site-packages/airflow/example_dags/example_branch_python_dop_operator_3.py
[2024-06-04T23:41:32.735+0000] {logging_mixin.py:137} INFO - [2024-06-04T23:41:32.734+0000] {dag.py:2690} INFO - Sync 1 DAGs
[2024-06-04T23:41:32.754+0000] {logging_mixin.py:137} INFO - [2024-06-04T23:41:32.754+0000] {dag.py:3441} INFO - Setting next_dagrun for example_branch_dop_operator_v3 to 2024-06-04T23:40:00+00:00, run_after=2024-06-04T23:41:00+00:00
[2024-06-04T23:41:32.767+0000] {processor.py:175} INFO - Processing /home/airflow/.local/lib/python3.7/site-packages/airflow/example_dags/example_branch_python_dop_operator_3.py took 0.069 seconds
[2024-06-04T23:42:03.420+0000] {processor.py:153} INFO - Started process (PID=987) to work on /home/airflow/.local/lib/python3.7/site-packages/airflow/example_dags/example_branch_python_dop_operator_3.py
[2024-06-04T23:42:03.420+0000] {processor.py:743} INFO - Processing file /home/airflow/.local/lib/python3.7/site-packages/airflow/example_dags/example_branch_python_dop_operator_3.py for tasks to queue
[2024-06-04T23:42:03.421+0000] {logging_mixin.py:137} INFO - [2024-06-04T23:42:03.421+0000] {dagbag.py:538} INFO - Filling up the DagBag from /home/airflow/.local/lib/python3.7/site-packages/airflow/example_dags/example_branch_python_dop_operator_3.py
[2024-06-04T23:42:03.437+0000] {processor.py:753} INFO - DAG(s) dict_keys(['example_branch_dop_operator_v3']) retrieved from /home/airflow/.local/lib/python3.7/site-packages/airflow/example_dags/example_branch_python_dop_operator_3.py
[2024-06-04T23:42:03.455+0000] {logging_mixin.py:137} INFO - [2024-06-04T23:42:03.455+0000] {dag.py:2690} INFO - Sync 1 DAGs
[2024-06-04T23:42:03.476+0000] {logging_mixin.py:137} INFO - [2024-06-04T23:42:03.476+0000] {dag.py:3441} INFO - Setting next_dagrun for example_branch_dop_operator_v3 to 2024-06-04T23:41:00+00:00, run_after=2024-06-04T23:42:00+00:00
[2024-06-04T23:42:03.489+0000] {processor.py:175} INFO - Processing /home/airflow/.local/lib/python3.7/site-packages/airflow/example_dags/example_branch_python_dop_operator_3.py took 0.072 seconds
[2024-06-04T23:42:33.537+0000] {processor.py:153} INFO - Started process (PID=1074) to work on /home/airflow/.local/lib/python3.7/site-packages/airflow/example_dags/example_branch_python_dop_operator_3.py
[2024-06-04T23:42:33.537+0000] {processor.py:743} INFO - Processing file /home/airflow/.local/lib/python3.7/site-packages/airflow/example_dags/example_branch_python_dop_operator_3.py for tasks to queue
[2024-06-04T23:42:33.537+0000] {logging_mixin.py:137} INFO - [2024-06-04T23:42:33.537+0000] {dagbag.py:538} INFO - Filling up the DagBag from /home/airflow/.local/lib/python3.7/site-packages/airflow/example_dags/example_branch_python_dop_operator_3.py
[2024-06-04T23:42:33.554+0000] {processor.py:753} INFO - DAG(s) dict_keys(['example_branch_dop_operator_v3']) retrieved from /home/airflow/.local/lib/python3.7/site-packages/airflow/example_dags/example_branch_python_dop_operator_3.py
[2024-06-04T23:42:33.571+0000] {logging_mixin.py:137} INFO - [2024-06-04T23:42:33.571+0000] {dag.py:2690} INFO - Sync 1 DAGs
[2024-06-04T23:42:33.590+0000] {logging_mixin.py:137} INFO - [2024-06-04T23:42:33.590+0000] {dag.py:3441} INFO - Setting next_dagrun for example_branch_dop_operator_v3 to 2024-06-04T23:41:00+00:00, run_after=2024-06-04T23:42:00+00:00
[2024-06-04T23:42:33.602+0000] {processor.py:175} INFO - Processing /home/airflow/.local/lib/python3.7/site-packages/airflow/example_dags/example_branch_python_dop_operator_3.py took 0.068 seconds
[2024-06-04T23:43:04.540+0000] {processor.py:153} INFO - Started process (PID=1185) to work on /home/airflow/.local/lib/python3.7/site-packages/airflow/example_dags/example_branch_python_dop_operator_3.py
[2024-06-04T23:43:04.540+0000] {processor.py:743} INFO - Processing file /home/airflow/.local/lib/python3.7/site-packages/airflow/example_dags/example_branch_python_dop_operator_3.py for tasks to queue
[2024-06-04T23:43:04.541+0000] {logging_mixin.py:137} INFO - [2024-06-04T23:43:04.541+0000] {dagbag.py:538} INFO - Filling up the DagBag from /home/airflow/.local/lib/python3.7/site-packages/airflow/example_dags/example_branch_python_dop_operator_3.py
[2024-06-04T23:43:04.557+0000] {processor.py:753} INFO - DAG(s) dict_keys(['example_branch_dop_operator_v3']) retrieved from /home/airflow/.local/lib/python3.7/site-packages/airflow/example_dags/example_branch_python_dop_operator_3.py
[2024-06-04T23:43:04.576+0000] {logging_mixin.py:137} INFO - [2024-06-04T23:43:04.576+0000] {dag.py:2690} INFO - Sync 1 DAGs
[2024-06-04T23:43:04.596+0000] {logging_mixin.py:137} INFO - [2024-06-04T23:43:04.596+0000] {dag.py:3441} INFO - Setting next_dagrun for example_branch_dop_operator_v3 to 2024-06-04T23:42:00+00:00, run_after=2024-06-04T23:43:00+00:00
[2024-06-04T23:43:04.608+0000] {processor.py:175} INFO - Processing /home/airflow/.local/lib/python3.7/site-packages/airflow/example_dags/example_branch_python_dop_operator_3.py took 0.071 seconds
[2024-06-04T23:43:35.348+0000] {processor.py:153} INFO - Started process (PID=1296) to work on /home/airflow/.local/lib/python3.7/site-packages/airflow/example_dags/example_branch_python_dop_operator_3.py
[2024-06-04T23:43:35.348+0000] {processor.py:743} INFO - Processing file /home/airflow/.local/lib/python3.7/site-packages/airflow/example_dags/example_branch_python_dop_operator_3.py for tasks to queue
[2024-06-04T23:43:35.349+0000] {logging_mixin.py:137} INFO - [2024-06-04T23:43:35.349+0000] {dagbag.py:538} INFO - Filling up the DagBag from /home/airflow/.local/lib/python3.7/site-packages/airflow/example_dags/example_branch_python_dop_operator_3.py
[2024-06-04T23:43:35.366+0000] {processor.py:753} INFO - DAG(s) dict_keys(['example_branch_dop_operator_v3']) retrieved from /home/airflow/.local/lib/python3.7/site-packages/airflow/example_dags/example_branch_python_dop_operator_3.py
[2024-06-04T23:43:35.383+0000] {logging_mixin.py:137} INFO - [2024-06-04T23:43:35.383+0000] {dag.py:2690} INFO - Sync 1 DAGs
[2024-06-04T23:43:35.403+0000] {logging_mixin.py:137} INFO - [2024-06-04T23:43:35.403+0000] {dag.py:3441} INFO - Setting next_dagrun for example_branch_dop_operator_v3 to 2024-06-04T23:42:00+00:00, run_after=2024-06-04T23:43:00+00:00
[2024-06-04T23:43:35.417+0000] {processor.py:175} INFO - Processing /home/airflow/.local/lib/python3.7/site-packages/airflow/example_dags/example_branch_python_dop_operator_3.py took 0.071 seconds
[2024-06-04T23:44:06.849+0000] {processor.py:153} INFO - Started process (PID=1496) to work on /home/airflow/.local/lib/python3.7/site-packages/airflow/example_dags/example_branch_python_dop_operator_3.py
[2024-06-04T23:44:06.851+0000] {processor.py:743} INFO - Processing file /home/airflow/.local/lib/python3.7/site-packages/airflow/example_dags/example_branch_python_dop_operator_3.py for tasks to queue
[2024-06-04T23:44:06.851+0000] {logging_mixin.py:137} INFO - [2024-06-04T23:44:06.851+0000] {dagbag.py:538} INFO - Filling up the DagBag from /home/airflow/.local/lib/python3.7/site-packages/airflow/example_dags/example_branch_python_dop_operator_3.py
[2024-06-04T23:44:06.883+0000] {processor.py:753} INFO - DAG(s) dict_keys(['example_branch_dop_operator_v3']) retrieved from /home/airflow/.local/lib/python3.7/site-packages/airflow/example_dags/example_branch_python_dop_operator_3.py
[2024-06-04T23:44:06.917+0000] {logging_mixin.py:137} INFO - [2024-06-04T23:44:06.917+0000] {dag.py:2690} INFO - Sync 1 DAGs
[2024-06-04T23:44:06.961+0000] {logging_mixin.py:137} INFO - [2024-06-04T23:44:06.961+0000] {dag.py:3441} INFO - Setting next_dagrun for example_branch_dop_operator_v3 to 2024-06-04T23:44:00+00:00, run_after=2024-06-04T23:45:00+00:00
[2024-06-04T23:44:06.983+0000] {processor.py:175} INFO - Processing /home/airflow/.local/lib/python3.7/site-packages/airflow/example_dags/example_branch_python_dop_operator_3.py took 0.139 seconds
[2024-06-04T23:44:37.044+0000] {processor.py:153} INFO - Started process (PID=1866) to work on /home/airflow/.local/lib/python3.7/site-packages/airflow/example_dags/example_branch_python_dop_operator_3.py
[2024-06-04T23:44:37.045+0000] {processor.py:743} INFO - Processing file /home/airflow/.local/lib/python3.7/site-packages/airflow/example_dags/example_branch_python_dop_operator_3.py for tasks to queue
[2024-06-04T23:44:37.046+0000] {logging_mixin.py:137} INFO - [2024-06-04T23:44:37.046+0000] {dagbag.py:538} INFO - Filling up the DagBag from /home/airflow/.local/lib/python3.7/site-packages/airflow/example_dags/example_branch_python_dop_operator_3.py
[2024-06-04T23:44:37.077+0000] {processor.py:753} INFO - DAG(s) dict_keys(['example_branch_dop_operator_v3']) retrieved from /home/airflow/.local/lib/python3.7/site-packages/airflow/example_dags/example_branch_python_dop_operator_3.py
[2024-06-04T23:44:37.111+0000] {logging_mixin.py:137} INFO - [2024-06-04T23:44:37.110+0000] {dag.py:2690} INFO - Sync 1 DAGs
[2024-06-04T23:44:37.156+0000] {logging_mixin.py:137} INFO - [2024-06-04T23:44:37.156+0000] {dag.py:3441} INFO - Setting next_dagrun for example_branch_dop_operator_v3 to 2024-06-04T23:44:00+00:00, run_after=2024-06-04T23:45:00+00:00
[2024-06-04T23:44:37.182+0000] {processor.py:175} INFO - Processing /home/airflow/.local/lib/python3.7/site-packages/airflow/example_dags/example_branch_python_dop_operator_3.py took 0.141 seconds
[2024-06-04T23:45:07.362+0000] {processor.py:153} INFO - Started process (PID=2187) to work on /home/airflow/.local/lib/python3.7/site-packages/airflow/example_dags/example_branch_python_dop_operator_3.py
[2024-06-04T23:45:07.362+0000] {processor.py:743} INFO - Processing file /home/airflow/.local/lib/python3.7/site-packages/airflow/example_dags/example_branch_python_dop_operator_3.py for tasks to queue
[2024-06-04T23:45:07.363+0000] {logging_mixin.py:137} INFO - [2024-06-04T23:45:07.363+0000] {dagbag.py:538} INFO - Filling up the DagBag from /home/airflow/.local/lib/python3.7/site-packages/airflow/example_dags/example_branch_python_dop_operator_3.py
[2024-06-04T23:45:07.388+0000] {processor.py:753} INFO - DAG(s) dict_keys(['example_branch_dop_operator_v3']) retrieved from /home/airflow/.local/lib/python3.7/site-packages/airflow/example_dags/example_branch_python_dop_operator_3.py
[2024-06-04T23:45:07.418+0000] {logging_mixin.py:137} INFO - [2024-06-04T23:45:07.418+0000] {dag.py:2690} INFO - Sync 1 DAGs
[2024-06-04T23:45:07.459+0000] {logging_mixin.py:137} INFO - [2024-06-04T23:45:07.459+0000] {dag.py:3441} INFO - Setting next_dagrun for example_branch_dop_operator_v3 to 2024-06-04T23:45:00+00:00, run_after=2024-06-04T23:46:00+00:00
[2024-06-04T23:45:07.485+0000] {processor.py:175} INFO - Processing /home/airflow/.local/lib/python3.7/site-packages/airflow/example_dags/example_branch_python_dop_operator_3.py took 0.126 seconds
[2024-06-04T23:45:37.890+0000] {processor.py:153} INFO - Started process (PID=2548) to work on /home/airflow/.local/lib/python3.7/site-packages/airflow/example_dags/example_branch_python_dop_operator_3.py
[2024-06-04T23:45:37.891+0000] {processor.py:743} INFO - Processing file /home/airflow/.local/lib/python3.7/site-packages/airflow/example_dags/example_branch_python_dop_operator_3.py for tasks to queue
[2024-06-04T23:45:37.892+0000] {logging_mixin.py:137} INFO - [2024-06-04T23:45:37.891+0000] {dagbag.py:538} INFO - Filling up the DagBag from /home/airflow/.local/lib/python3.7/site-packages/airflow/example_dags/example_branch_python_dop_operator_3.py
[2024-06-04T23:45:37.922+0000] {processor.py:753} INFO - DAG(s) dict_keys(['example_branch_dop_operator_v3']) retrieved from /home/airflow/.local/lib/python3.7/site-packages/airflow/example_dags/example_branch_python_dop_operator_3.py
[2024-06-04T23:45:37.956+0000] {logging_mixin.py:137} INFO - [2024-06-04T23:45:37.956+0000] {dag.py:2690} INFO - Sync 1 DAGs
[2024-06-04T23:45:38.001+0000] {logging_mixin.py:137} INFO - [2024-06-04T23:45:38.001+0000] {dag.py:3441} INFO - Setting next_dagrun for example_branch_dop_operator_v3 to 2024-06-04T23:45:00+00:00, run_after=2024-06-04T23:46:00+00:00
[2024-06-04T23:45:38.024+0000] {processor.py:175} INFO - Processing /home/airflow/.local/lib/python3.7/site-packages/airflow/example_dags/example_branch_python_dop_operator_3.py took 0.138 seconds
[2024-06-04T23:46:08.368+0000] {processor.py:153} INFO - Started process (PID=2877) to work on /home/airflow/.local/lib/python3.7/site-packages/airflow/example_dags/example_branch_python_dop_operator_3.py
[2024-06-04T23:46:08.369+0000] {processor.py:743} INFO - Processing file /home/airflow/.local/lib/python3.7/site-packages/airflow/example_dags/example_branch_python_dop_operator_3.py for tasks to queue
[2024-06-04T23:46:08.370+0000] {logging_mixin.py:137} INFO - [2024-06-04T23:46:08.370+0000] {dagbag.py:538} INFO - Filling up the DagBag from /home/airflow/.local/lib/python3.7/site-packages/airflow/example_dags/example_branch_python_dop_operator_3.py
[2024-06-04T23:46:08.400+0000] {processor.py:753} INFO - DAG(s) dict_keys(['example_branch_dop_operator_v3']) retrieved from /home/airflow/.local/lib/python3.7/site-packages/airflow/example_dags/example_branch_python_dop_operator_3.py
[2024-06-04T23:46:08.434+0000] {logging_mixin.py:137} INFO - [2024-06-04T23:46:08.434+0000] {dag.py:2690} INFO - Sync 1 DAGs
[2024-06-04T23:46:08.475+0000] {logging_mixin.py:137} INFO - [2024-06-04T23:46:08.475+0000] {dag.py:3441} INFO - Setting next_dagrun for example_branch_dop_operator_v3 to 2024-06-04T23:46:00+00:00, run_after=2024-06-04T23:47:00+00:00
[2024-06-04T23:46:08.506+0000] {processor.py:175} INFO - Processing /home/airflow/.local/lib/python3.7/site-packages/airflow/example_dags/example_branch_python_dop_operator_3.py took 0.141 seconds
[2024-06-04T23:46:39.114+0000] {processor.py:153} INFO - Started process (PID=3251) to work on /home/airflow/.local/lib/python3.7/site-packages/airflow/example_dags/example_branch_python_dop_operator_3.py
[2024-06-04T23:46:39.115+0000] {processor.py:743} INFO - Processing file /home/airflow/.local/lib/python3.7/site-packages/airflow/example_dags/example_branch_python_dop_operator_3.py for tasks to queue
[2024-06-04T23:46:39.116+0000] {logging_mixin.py:137} INFO - [2024-06-04T23:46:39.116+0000] {dagbag.py:538} INFO - Filling up the DagBag from /home/airflow/.local/lib/python3.7/site-packages/airflow/example_dags/example_branch_python_dop_operator_3.py
[2024-06-04T23:46:39.147+0000] {processor.py:753} INFO - DAG(s) dict_keys(['example_branch_dop_operator_v3']) retrieved from /home/airflow/.local/lib/python3.7/site-packages/airflow/example_dags/example_branch_python_dop_operator_3.py
[2024-06-04T23:46:39.179+0000] {logging_mixin.py:137} INFO - [2024-06-04T23:46:39.179+0000] {dag.py:2690} INFO - Sync 1 DAGs
[2024-06-04T23:46:39.218+0000] {logging_mixin.py:137} INFO - [2024-06-04T23:46:39.218+0000] {dag.py:3441} INFO - Setting next_dagrun for example_branch_dop_operator_v3 to 2024-06-04T23:46:00+00:00, run_after=2024-06-04T23:47:00+00:00
[2024-06-04T23:46:39.241+0000] {processor.py:175} INFO - Processing /home/airflow/.local/lib/python3.7/site-packages/airflow/example_dags/example_branch_python_dop_operator_3.py took 0.131 seconds
[2024-06-04T23:47:09.274+0000] {processor.py:153} INFO - Started process (PID=3567) to work on /home/airflow/.local/lib/python3.7/site-packages/airflow/example_dags/example_branch_python_dop_operator_3.py
[2024-06-04T23:47:09.275+0000] {processor.py:743} INFO - Processing file /home/airflow/.local/lib/python3.7/site-packages/airflow/example_dags/example_branch_python_dop_operator_3.py for tasks to queue
[2024-06-04T23:47:09.275+0000] {logging_mixin.py:137} INFO - [2024-06-04T23:47:09.275+0000] {dagbag.py:538} INFO - Filling up the DagBag from /home/airflow/.local/lib/python3.7/site-packages/airflow/example_dags/example_branch_python_dop_operator_3.py
[2024-06-04T23:47:09.295+0000] {processor.py:753} INFO - DAG(s) dict_keys(['example_branch_dop_operator_v3']) retrieved from /home/airflow/.local/lib/python3.7/site-packages/airflow/example_dags/example_branch_python_dop_operator_3.py
[2024-06-04T23:47:09.317+0000] {logging_mixin.py:137} INFO - [2024-06-04T23:47:09.317+0000] {dag.py:2690} INFO - Sync 1 DAGs
[2024-06-04T23:47:09.346+0000] {logging_mixin.py:137} INFO - [2024-06-04T23:47:09.346+0000] {dag.py:3441} INFO - Setting next_dagrun for example_branch_dop_operator_v3 to 2024-06-04T23:47:00+00:00, run_after=2024-06-04T23:48:00+00:00
[2024-06-04T23:47:09.367+0000] {processor.py:175} INFO - Processing /home/airflow/.local/lib/python3.7/site-packages/airflow/example_dags/example_branch_python_dop_operator_3.py took 0.096 seconds
[2024-06-04T23:47:39.709+0000] {processor.py:153} INFO - Started process (PID=3922) to work on /home/airflow/.local/lib/python3.7/site-packages/airflow/example_dags/example_branch_python_dop_operator_3.py
[2024-06-04T23:47:39.710+0000] {processor.py:743} INFO - Processing file /home/airflow/.local/lib/python3.7/site-packages/airflow/example_dags/example_branch_python_dop_operator_3.py for tasks to queue
[2024-06-04T23:47:39.711+0000] {logging_mixin.py:137} INFO - [2024-06-04T23:47:39.711+0000] {dagbag.py:538} INFO - Filling up the DagBag from /home/airflow/.local/lib/python3.7/site-packages/airflow/example_dags/example_branch_python_dop_operator_3.py
[2024-06-04T23:47:39.744+0000] {processor.py:753} INFO - DAG(s) dict_keys(['example_branch_dop_operator_v3']) retrieved from /home/airflow/.local/lib/python3.7/site-packages/airflow/example_dags/example_branch_python_dop_operator_3.py
[2024-06-04T23:47:39.777+0000] {logging_mixin.py:137} INFO - [2024-06-04T23:47:39.777+0000] {dag.py:2690} INFO - Sync 1 DAGs
[2024-06-04T23:47:39.818+0000] {logging_mixin.py:137} INFO - [2024-06-04T23:47:39.818+0000] {dag.py:3441} INFO - Setting next_dagrun for example_branch_dop_operator_v3 to 2024-06-04T23:47:00+00:00, run_after=2024-06-04T23:48:00+00:00
[2024-06-04T23:47:39.846+0000] {processor.py:175} INFO - Processing /home/airflow/.local/lib/python3.7/site-packages/airflow/example_dags/example_branch_python_dop_operator_3.py took 0.140 seconds
[2024-06-04T23:48:10.533+0000] {processor.py:153} INFO - Started process (PID=4290) to work on /home/airflow/.local/lib/python3.7/site-packages/airflow/example_dags/example_branch_python_dop_operator_3.py
[2024-06-04T23:48:10.534+0000] {processor.py:743} INFO - Processing file /home/airflow/.local/lib/python3.7/site-packages/airflow/example_dags/example_branch_python_dop_operator_3.py for tasks to queue
[2024-06-04T23:48:10.534+0000] {logging_mixin.py:137} INFO - [2024-06-04T23:48:10.534+0000] {dagbag.py:538} INFO - Filling up the DagBag from /home/airflow/.local/lib/python3.7/site-packages/airflow/example_dags/example_branch_python_dop_operator_3.py
[2024-06-04T23:48:10.561+0000] {processor.py:753} INFO - DAG(s) dict_keys(['example_branch_dop_operator_v3']) retrieved from /home/airflow/.local/lib/python3.7/site-packages/airflow/example_dags/example_branch_python_dop_operator_3.py
[2024-06-04T23:48:10.582+0000] {logging_mixin.py:137} INFO - [2024-06-04T23:48:10.582+0000] {dag.py:2690} INFO - Sync 1 DAGs
[2024-06-04T23:48:10.608+0000] {logging_mixin.py:137} INFO - [2024-06-04T23:48:10.608+0000] {dag.py:3441} INFO - Setting next_dagrun for example_branch_dop_operator_v3 to 2024-06-04T23:48:00+00:00, run_after=2024-06-04T23:49:00+00:00
[2024-06-04T23:48:10.625+0000] {processor.py:175} INFO - Processing /home/airflow/.local/lib/python3.7/site-packages/airflow/example_dags/example_branch_python_dop_operator_3.py took 0.095 seconds
[2024-06-04T23:48:40.685+0000] {processor.py:153} INFO - Started process (PID=4647) to work on /home/airflow/.local/lib/python3.7/site-packages/airflow/example_dags/example_branch_python_dop_operator_3.py
[2024-06-04T23:48:40.686+0000] {processor.py:743} INFO - Processing file /home/airflow/.local/lib/python3.7/site-packages/airflow/example_dags/example_branch_python_dop_operator_3.py for tasks to queue
[2024-06-04T23:48:40.687+0000] {logging_mixin.py:137} INFO - [2024-06-04T23:48:40.687+0000] {dagbag.py:538} INFO - Filling up the DagBag from /home/airflow/.local/lib/python3.7/site-packages/airflow/example_dags/example_branch_python_dop_operator_3.py
[2024-06-04T23:48:40.707+0000] {processor.py:753} INFO - DAG(s) dict_keys(['example_branch_dop_operator_v3']) retrieved from /home/airflow/.local/lib/python3.7/site-packages/airflow/example_dags/example_branch_python_dop_operator_3.py
[2024-06-04T23:48:40.729+0000] {logging_mixin.py:137} INFO - [2024-06-04T23:48:40.729+0000] {dag.py:2690} INFO - Sync 1 DAGs
[2024-06-04T23:48:40.758+0000] {logging_mixin.py:137} INFO - [2024-06-04T23:48:40.758+0000] {dag.py:3441} INFO - Setting next_dagrun for example_branch_dop_operator_v3 to 2024-06-04T23:48:00+00:00, run_after=2024-06-04T23:49:00+00:00
[2024-06-04T23:48:40.782+0000] {processor.py:175} INFO - Processing /home/airflow/.local/lib/python3.7/site-packages/airflow/example_dags/example_branch_python_dop_operator_3.py took 0.100 seconds
[2024-06-04T23:49:11.520+0000] {processor.py:153} INFO - Started process (PID=5051) to work on /home/airflow/.local/lib/python3.7/site-packages/airflow/example_dags/example_branch_python_dop_operator_3.py
[2024-06-04T23:49:11.521+0000] {processor.py:743} INFO - Processing file /home/airflow/.local/lib/python3.7/site-packages/airflow/example_dags/example_branch_python_dop_operator_3.py for tasks to queue
[2024-06-04T23:49:11.522+0000] {logging_mixin.py:137} INFO - [2024-06-04T23:49:11.522+0000] {dagbag.py:538} INFO - Filling up the DagBag from /home/airflow/.local/lib/python3.7/site-packages/airflow/example_dags/example_branch_python_dop_operator_3.py
[2024-06-04T23:49:11.555+0000] {processor.py:753} INFO - DAG(s) dict_keys(['example_branch_dop_operator_v3']) retrieved from /home/airflow/.local/lib/python3.7/site-packages/airflow/example_dags/example_branch_python_dop_operator_3.py
[2024-06-04T23:49:11.587+0000] {logging_mixin.py:137} INFO - [2024-06-04T23:49:11.587+0000] {dag.py:2690} INFO - Sync 1 DAGs
[2024-06-04T23:49:11.634+0000] {logging_mixin.py:137} INFO - [2024-06-04T23:49:11.634+0000] {dag.py:3441} INFO - Setting next_dagrun for example_branch_dop_operator_v3 to 2024-06-04T23:49:00+00:00, run_after=2024-06-04T23:50:00+00:00
[2024-06-04T23:49:11.660+0000] {processor.py:175} INFO - Processing /home/airflow/.local/lib/python3.7/site-packages/airflow/example_dags/example_branch_python_dop_operator_3.py took 0.146 seconds
[2024-06-04T23:49:42.041+0000] {processor.py:153} INFO - Started process (PID=5420) to work on /home/airflow/.local/lib/python3.7/site-packages/airflow/example_dags/example_branch_python_dop_operator_3.py
[2024-06-04T23:49:42.042+0000] {processor.py:743} INFO - Processing file /home/airflow/.local/lib/python3.7/site-packages/airflow/example_dags/example_branch_python_dop_operator_3.py for tasks to queue
[2024-06-04T23:49:42.042+0000] {logging_mixin.py:137} INFO - [2024-06-04T23:49:42.042+0000] {dagbag.py:538} INFO - Filling up the DagBag from /home/airflow/.local/lib/python3.7/site-packages/airflow/example_dags/example_branch_python_dop_operator_3.py
[2024-06-04T23:49:42.060+0000] {processor.py:753} INFO - DAG(s) dict_keys(['example_branch_dop_operator_v3']) retrieved from /home/airflow/.local/lib/python3.7/site-packages/airflow/example_dags/example_branch_python_dop_operator_3.py
[2024-06-04T23:49:42.079+0000] {logging_mixin.py:137} INFO - [2024-06-04T23:49:42.079+0000] {dag.py:2690} INFO - Sync 1 DAGs
[2024-06-04T23:49:42.102+0000] {logging_mixin.py:137} INFO - [2024-06-04T23:49:42.102+0000] {dag.py:3441} INFO - Setting next_dagrun for example_branch_dop_operator_v3 to 2024-06-04T23:49:00+00:00, run_after=2024-06-04T23:50:00+00:00
[2024-06-04T23:49:42.117+0000] {processor.py:175} INFO - Processing /home/airflow/.local/lib/python3.7/site-packages/airflow/example_dags/example_branch_python_dop_operator_3.py took 0.078 seconds
[2024-06-04T23:50:12.812+0000] {processor.py:153} INFO - Started process (PID=5780) to work on /home/airflow/.local/lib/python3.7/site-packages/airflow/example_dags/example_branch_python_dop_operator_3.py
[2024-06-04T23:50:12.813+0000] {processor.py:743} INFO - Processing file /home/airflow/.local/lib/python3.7/site-packages/airflow/example_dags/example_branch_python_dop_operator_3.py for tasks to queue
[2024-06-04T23:50:12.814+0000] {logging_mixin.py:137} INFO - [2024-06-04T23:50:12.814+0000] {dagbag.py:538} INFO - Filling up the DagBag from /home/airflow/.local/lib/python3.7/site-packages/airflow/example_dags/example_branch_python_dop_operator_3.py
[2024-06-04T23:50:12.846+0000] {processor.py:753} INFO - DAG(s) dict_keys(['example_branch_dop_operator_v3']) retrieved from /home/airflow/.local/lib/python3.7/site-packages/airflow/example_dags/example_branch_python_dop_operator_3.py
[2024-06-04T23:50:12.877+0000] {logging_mixin.py:137} INFO - [2024-06-04T23:50:12.877+0000] {dag.py:2690} INFO - Sync 1 DAGs
[2024-06-04T23:50:12.915+0000] {logging_mixin.py:137} INFO - [2024-06-04T23:50:12.915+0000] {dag.py:3441} INFO - Setting next_dagrun for example_branch_dop_operator_v3 to 2024-06-04T23:50:00+00:00, run_after=2024-06-04T23:51:00+00:00
[2024-06-04T23:50:12.941+0000] {processor.py:175} INFO - Processing /home/airflow/.local/lib/python3.7/site-packages/airflow/example_dags/example_branch_python_dop_operator_3.py took 0.133 seconds
[2024-06-04T23:50:43.221+0000] {processor.py:153} INFO - Started process (PID=6160) to work on /home/airflow/.local/lib/python3.7/site-packages/airflow/example_dags/example_branch_python_dop_operator_3.py
[2024-06-04T23:50:43.221+0000] {processor.py:743} INFO - Processing file /home/airflow/.local/lib/python3.7/site-packages/airflow/example_dags/example_branch_python_dop_operator_3.py for tasks to queue
[2024-06-04T23:50:43.222+0000] {logging_mixin.py:137} INFO - [2024-06-04T23:50:43.222+0000] {dagbag.py:538} INFO - Filling up the DagBag from /home/airflow/.local/lib/python3.7/site-packages/airflow/example_dags/example_branch_python_dop_operator_3.py
[2024-06-04T23:50:43.240+0000] {processor.py:753} INFO - DAG(s) dict_keys(['example_branch_dop_operator_v3']) retrieved from /home/airflow/.local/lib/python3.7/site-packages/airflow/example_dags/example_branch_python_dop_operator_3.py
[2024-06-04T23:50:43.259+0000] {logging_mixin.py:137} INFO - [2024-06-04T23:50:43.259+0000] {dag.py:2690} INFO - Sync 1 DAGs
[2024-06-04T23:50:43.280+0000] {logging_mixin.py:137} INFO - [2024-06-04T23:50:43.280+0000] {dag.py:3441} INFO - Setting next_dagrun for example_branch_dop_operator_v3 to 2024-06-04T23:50:00+00:00, run_after=2024-06-04T23:51:00+00:00
[2024-06-04T23:50:43.294+0000] {processor.py:175} INFO - Processing /home/airflow/.local/lib/python3.7/site-packages/airflow/example_dags/example_branch_python_dop_operator_3.py took 0.075 seconds
[2024-06-04T23:51:13.578+0000] {processor.py:153} INFO - Started process (PID=6507) to work on /home/airflow/.local/lib/python3.7/site-packages/airflow/example_dags/example_branch_python_dop_operator_3.py
[2024-06-04T23:51:13.578+0000] {processor.py:743} INFO - Processing file /home/airflow/.local/lib/python3.7/site-packages/airflow/example_dags/example_branch_python_dop_operator_3.py for tasks to queue
[2024-06-04T23:51:13.579+0000] {logging_mixin.py:137} INFO - [2024-06-04T23:51:13.579+0000] {dagbag.py:538} INFO - Filling up the DagBag from /home/airflow/.local/lib/python3.7/site-packages/airflow/example_dags/example_branch_python_dop_operator_3.py
[2024-06-04T23:51:13.598+0000] {processor.py:753} INFO - DAG(s) dict_keys(['example_branch_dop_operator_v3']) retrieved from /home/airflow/.local/lib/python3.7/site-packages/airflow/example_dags/example_branch_python_dop_operator_3.py
[2024-06-04T23:51:13.617+0000] {logging_mixin.py:137} INFO - [2024-06-04T23:51:13.617+0000] {dag.py:2690} INFO - Sync 1 DAGs
[2024-06-04T23:51:13.641+0000] {logging_mixin.py:137} INFO - [2024-06-04T23:51:13.641+0000] {dag.py:3441} INFO - Setting next_dagrun for example_branch_dop_operator_v3 to 2024-06-04T23:51:00+00:00, run_after=2024-06-04T23:52:00+00:00
[2024-06-04T23:51:13.656+0000] {processor.py:175} INFO - Processing /home/airflow/.local/lib/python3.7/site-packages/airflow/example_dags/example_branch_python_dop_operator_3.py took 0.081 seconds
[2024-06-04T23:51:43.676+0000] {processor.py:153} INFO - Started process (PID=6852) to work on /home/airflow/.local/lib/python3.7/site-packages/airflow/example_dags/example_branch_python_dop_operator_3.py
[2024-06-04T23:51:43.676+0000] {processor.py:743} INFO - Processing file /home/airflow/.local/lib/python3.7/site-packages/airflow/example_dags/example_branch_python_dop_operator_3.py for tasks to queue
[2024-06-04T23:51:43.677+0000] {logging_mixin.py:137} INFO - [2024-06-04T23:51:43.677+0000] {dagbag.py:538} INFO - Filling up the DagBag from /home/airflow/.local/lib/python3.7/site-packages/airflow/example_dags/example_branch_python_dop_operator_3.py
[2024-06-04T23:51:43.693+0000] {processor.py:753} INFO - DAG(s) dict_keys(['example_branch_dop_operator_v3']) retrieved from /home/airflow/.local/lib/python3.7/site-packages/airflow/example_dags/example_branch_python_dop_operator_3.py
[2024-06-04T23:51:43.711+0000] {logging_mixin.py:137} INFO - [2024-06-04T23:51:43.711+0000] {dag.py:2690} INFO - Sync 1 DAGs
[2024-06-04T23:51:43.733+0000] {logging_mixin.py:137} INFO - [2024-06-04T23:51:43.733+0000] {dag.py:3441} INFO - Setting next_dagrun for example_branch_dop_operator_v3 to 2024-06-04T23:51:00+00:00, run_after=2024-06-04T23:52:00+00:00
[2024-06-04T23:51:43.745+0000] {processor.py:175} INFO - Processing /home/airflow/.local/lib/python3.7/site-packages/airflow/example_dags/example_branch_python_dop_operator_3.py took 0.071 seconds
[2024-06-04T23:52:14.087+0000] {processor.py:153} INFO - Started process (PID=7184) to work on /home/airflow/.local/lib/python3.7/site-packages/airflow/example_dags/example_branch_python_dop_operator_3.py
[2024-06-04T23:52:14.088+0000] {processor.py:743} INFO - Processing file /home/airflow/.local/lib/python3.7/site-packages/airflow/example_dags/example_branch_python_dop_operator_3.py for tasks to queue
[2024-06-04T23:52:14.089+0000] {logging_mixin.py:137} INFO - [2024-06-04T23:52:14.089+0000] {dagbag.py:538} INFO - Filling up the DagBag from /home/airflow/.local/lib/python3.7/site-packages/airflow/example_dags/example_branch_python_dop_operator_3.py
[2024-06-04T23:52:14.117+0000] {processor.py:753} INFO - DAG(s) dict_keys(['example_branch_dop_operator_v3']) retrieved from /home/airflow/.local/lib/python3.7/site-packages/airflow/example_dags/example_branch_python_dop_operator_3.py
[2024-06-04T23:52:14.147+0000] {logging_mixin.py:137} INFO - [2024-06-04T23:52:14.147+0000] {dag.py:2690} INFO - Sync 1 DAGs
[2024-06-04T23:52:14.185+0000] {logging_mixin.py:137} INFO - [2024-06-04T23:52:14.185+0000] {dag.py:3441} INFO - Setting next_dagrun for example_branch_dop_operator_v3 to 2024-06-04T23:52:00+00:00, run_after=2024-06-04T23:53:00+00:00
[2024-06-04T23:52:14.208+0000] {processor.py:175} INFO - Processing /home/airflow/.local/lib/python3.7/site-packages/airflow/example_dags/example_branch_python_dop_operator_3.py took 0.124 seconds
[2024-06-04T23:52:44.238+0000] {processor.py:153} INFO - Started process (PID=7526) to work on /home/airflow/.local/lib/python3.7/site-packages/airflow/example_dags/example_branch_python_dop_operator_3.py
[2024-06-04T23:52:44.239+0000] {processor.py:743} INFO - Processing file /home/airflow/.local/lib/python3.7/site-packages/airflow/example_dags/example_branch_python_dop_operator_3.py for tasks to queue
[2024-06-04T23:52:44.239+0000] {logging_mixin.py:137} INFO - [2024-06-04T23:52:44.239+0000] {dagbag.py:538} INFO - Filling up the DagBag from /home/airflow/.local/lib/python3.7/site-packages/airflow/example_dags/example_branch_python_dop_operator_3.py
[2024-06-04T23:52:44.256+0000] {processor.py:753} INFO - DAG(s) dict_keys(['example_branch_dop_operator_v3']) retrieved from /home/airflow/.local/lib/python3.7/site-packages/airflow/example_dags/example_branch_python_dop_operator_3.py
[2024-06-04T23:52:44.274+0000] {logging_mixin.py:137} INFO - [2024-06-04T23:52:44.274+0000] {dag.py:2690} INFO - Sync 1 DAGs
[2024-06-04T23:52:44.295+0000] {logging_mixin.py:137} INFO - [2024-06-04T23:52:44.295+0000] {dag.py:3441} INFO - Setting next_dagrun for example_branch_dop_operator_v3 to 2024-06-04T23:52:00+00:00, run_after=2024-06-04T23:53:00+00:00
[2024-06-04T23:52:44.309+0000] {processor.py:175} INFO - Processing /home/airflow/.local/lib/python3.7/site-packages/airflow/example_dags/example_branch_python_dop_operator_3.py took 0.073 seconds
[2024-06-04T23:53:14.985+0000] {processor.py:153} INFO - Started process (PID=7892) to work on /home/airflow/.local/lib/python3.7/site-packages/airflow/example_dags/example_branch_python_dop_operator_3.py
[2024-06-04T23:53:14.986+0000] {processor.py:743} INFO - Processing file /home/airflow/.local/lib/python3.7/site-packages/airflow/example_dags/example_branch_python_dop_operator_3.py for tasks to queue
[2024-06-04T23:53:14.987+0000] {logging_mixin.py:137} INFO - [2024-06-04T23:53:14.987+0000] {dagbag.py:538} INFO - Filling up the DagBag from /home/airflow/.local/lib/python3.7/site-packages/airflow/example_dags/example_branch_python_dop_operator_3.py
[2024-06-04T23:53:15.021+0000] {processor.py:753} INFO - DAG(s) dict_keys(['example_branch_dop_operator_v3']) retrieved from /home/airflow/.local/lib/python3.7/site-packages/airflow/example_dags/example_branch_python_dop_operator_3.py
[2024-06-04T23:53:15.052+0000] {logging_mixin.py:137} INFO - [2024-06-04T23:53:15.051+0000] {dag.py:2690} INFO - Sync 1 DAGs
[2024-06-04T23:53:15.097+0000] {logging_mixin.py:137} INFO - [2024-06-04T23:53:15.097+0000] {dag.py:3441} INFO - Setting next_dagrun for example_branch_dop_operator_v3 to 2024-06-04T23:53:00+00:00, run_after=2024-06-04T23:54:00+00:00
[2024-06-04T23:53:15.121+0000] {processor.py:175} INFO - Processing /home/airflow/.local/lib/python3.7/site-packages/airflow/example_dags/example_branch_python_dop_operator_3.py took 0.142 seconds
[2024-06-04T23:53:45.163+0000] {processor.py:153} INFO - Started process (PID=8219) to work on /home/airflow/.local/lib/python3.7/site-packages/airflow/example_dags/example_branch_python_dop_operator_3.py
[2024-06-04T23:53:45.164+0000] {processor.py:743} INFO - Processing file /home/airflow/.local/lib/python3.7/site-packages/airflow/example_dags/example_branch_python_dop_operator_3.py for tasks to queue
[2024-06-04T23:53:45.164+0000] {logging_mixin.py:137} INFO - [2024-06-04T23:53:45.164+0000] {dagbag.py:538} INFO - Filling up the DagBag from /home/airflow/.local/lib/python3.7/site-packages/airflow/example_dags/example_branch_python_dop_operator_3.py
[2024-06-04T23:53:45.182+0000] {processor.py:753} INFO - DAG(s) dict_keys(['example_branch_dop_operator_v3']) retrieved from /home/airflow/.local/lib/python3.7/site-packages/airflow/example_dags/example_branch_python_dop_operator_3.py
[2024-06-04T23:53:45.201+0000] {logging_mixin.py:137} INFO - [2024-06-04T23:53:45.201+0000] {dag.py:2690} INFO - Sync 1 DAGs
[2024-06-04T23:53:45.224+0000] {logging_mixin.py:137} INFO - [2024-06-04T23:53:45.224+0000] {dag.py:3441} INFO - Setting next_dagrun for example_branch_dop_operator_v3 to 2024-06-04T23:53:00+00:00, run_after=2024-06-04T23:54:00+00:00
[2024-06-04T23:53:45.238+0000] {processor.py:175} INFO - Processing /home/airflow/.local/lib/python3.7/site-packages/airflow/example_dags/example_branch_python_dop_operator_3.py took 0.076 seconds
[2024-06-04T23:54:15.785+0000] {processor.py:153} INFO - Started process (PID=8532) to work on /home/airflow/.local/lib/python3.7/site-packages/airflow/example_dags/example_branch_python_dop_operator_3.py
[2024-06-04T23:54:15.785+0000] {processor.py:743} INFO - Processing file /home/airflow/.local/lib/python3.7/site-packages/airflow/example_dags/example_branch_python_dop_operator_3.py for tasks to queue
[2024-06-04T23:54:15.786+0000] {logging_mixin.py:137} INFO - [2024-06-04T23:54:15.786+0000] {dagbag.py:538} INFO - Filling up the DagBag from /home/airflow/.local/lib/python3.7/site-packages/airflow/example_dags/example_branch_python_dop_operator_3.py
[2024-06-04T23:54:15.804+0000] {processor.py:753} INFO - DAG(s) dict_keys(['example_branch_dop_operator_v3']) retrieved from /home/airflow/.local/lib/python3.7/site-packages/airflow/example_dags/example_branch_python_dop_operator_3.py
[2024-06-04T23:54:15.826+0000] {logging_mixin.py:137} INFO - [2024-06-04T23:54:15.826+0000] {dag.py:2690} INFO - Sync 1 DAGs
[2024-06-04T23:54:15.851+0000] {logging_mixin.py:137} INFO - [2024-06-04T23:54:15.851+0000] {dag.py:3441} INFO - Setting next_dagrun for example_branch_dop_operator_v3 to 2024-06-04T23:54:00+00:00, run_after=2024-06-04T23:55:00+00:00
[2024-06-04T23:54:15.867+0000] {processor.py:175} INFO - Processing /home/airflow/.local/lib/python3.7/site-packages/airflow/example_dags/example_branch_python_dop_operator_3.py took 0.085 seconds
[2024-06-04T23:54:45.990+0000] {processor.py:153} INFO - Started process (PID=8671) to work on /home/airflow/.local/lib/python3.7/site-packages/airflow/example_dags/example_branch_python_dop_operator_3.py
[2024-06-04T23:54:45.991+0000] {processor.py:743} INFO - Processing file /home/airflow/.local/lib/python3.7/site-packages/airflow/example_dags/example_branch_python_dop_operator_3.py for tasks to queue
[2024-06-04T23:54:45.991+0000] {logging_mixin.py:137} INFO - [2024-06-04T23:54:45.991+0000] {dagbag.py:538} INFO - Filling up the DagBag from /home/airflow/.local/lib/python3.7/site-packages/airflow/example_dags/example_branch_python_dop_operator_3.py
[2024-06-04T23:54:46.008+0000] {processor.py:753} INFO - DAG(s) dict_keys(['example_branch_dop_operator_v3']) retrieved from /home/airflow/.local/lib/python3.7/site-packages/airflow/example_dags/example_branch_python_dop_operator_3.py
[2024-06-04T23:54:46.027+0000] {logging_mixin.py:137} INFO - [2024-06-04T23:54:46.027+0000] {dag.py:2690} INFO - Sync 1 DAGs
[2024-06-04T23:54:46.050+0000] {logging_mixin.py:137} INFO - [2024-06-04T23:54:46.050+0000] {dag.py:3441} INFO - Setting next_dagrun for example_branch_dop_operator_v3 to 2024-06-04T23:54:00+00:00, run_after=2024-06-04T23:55:00+00:00
[2024-06-04T23:54:46.064+0000] {processor.py:175} INFO - Processing /home/airflow/.local/lib/python3.7/site-packages/airflow/example_dags/example_branch_python_dop_operator_3.py took 0.076 seconds
[2024-06-04T23:55:16.232+0000] {processor.py:153} INFO - Started process (PID=8787) to work on /home/airflow/.local/lib/python3.7/site-packages/airflow/example_dags/example_branch_python_dop_operator_3.py
[2024-06-04T23:55:16.232+0000] {processor.py:743} INFO - Processing file /home/airflow/.local/lib/python3.7/site-packages/airflow/example_dags/example_branch_python_dop_operator_3.py for tasks to queue
[2024-06-04T23:55:16.233+0000] {logging_mixin.py:137} INFO - [2024-06-04T23:55:16.233+0000] {dagbag.py:538} INFO - Filling up the DagBag from /home/airflow/.local/lib/python3.7/site-packages/airflow/example_dags/example_branch_python_dop_operator_3.py
[2024-06-04T23:55:16.250+0000] {processor.py:753} INFO - DAG(s) dict_keys(['example_branch_dop_operator_v3']) retrieved from /home/airflow/.local/lib/python3.7/site-packages/airflow/example_dags/example_branch_python_dop_operator_3.py
[2024-06-04T23:55:16.269+0000] {logging_mixin.py:137} INFO - [2024-06-04T23:55:16.269+0000] {dag.py:2690} INFO - Sync 1 DAGs
[2024-06-04T23:55:16.292+0000] {logging_mixin.py:137} INFO - [2024-06-04T23:55:16.292+0000] {dag.py:3441} INFO - Setting next_dagrun for example_branch_dop_operator_v3 to 2024-06-04T23:55:00+00:00, run_after=2024-06-04T23:56:00+00:00
[2024-06-04T23:55:16.306+0000] {processor.py:175} INFO - Processing /home/airflow/.local/lib/python3.7/site-packages/airflow/example_dags/example_branch_python_dop_operator_3.py took 0.077 seconds
[2024-06-04T23:55:47.107+0000] {processor.py:153} INFO - Started process (PID=8874) to work on /home/airflow/.local/lib/python3.7/site-packages/airflow/example_dags/example_branch_python_dop_operator_3.py
[2024-06-04T23:55:47.108+0000] {processor.py:743} INFO - Processing file /home/airflow/.local/lib/python3.7/site-packages/airflow/example_dags/example_branch_python_dop_operator_3.py for tasks to queue
[2024-06-04T23:55:47.108+0000] {logging_mixin.py:137} INFO - [2024-06-04T23:55:47.108+0000] {dagbag.py:538} INFO - Filling up the DagBag from /home/airflow/.local/lib/python3.7/site-packages/airflow/example_dags/example_branch_python_dop_operator_3.py
[2024-06-04T23:55:47.125+0000] {processor.py:753} INFO - DAG(s) dict_keys(['example_branch_dop_operator_v3']) retrieved from /home/airflow/.local/lib/python3.7/site-packages/airflow/example_dags/example_branch_python_dop_operator_3.py
[2024-06-04T23:55:47.144+0000] {logging_mixin.py:137} INFO - [2024-06-04T23:55:47.143+0000] {dag.py:2690} INFO - Sync 1 DAGs
[2024-06-04T23:55:47.165+0000] {logging_mixin.py:137} INFO - [2024-06-04T23:55:47.164+0000] {dag.py:3441} INFO - Setting next_dagrun for example_branch_dop_operator_v3 to 2024-06-04T23:55:00+00:00, run_after=2024-06-04T23:56:00+00:00
[2024-06-04T23:55:47.177+0000] {processor.py:175} INFO - Processing /home/airflow/.local/lib/python3.7/site-packages/airflow/example_dags/example_branch_python_dop_operator_3.py took 0.071 seconds
[2024-06-04T23:56:18.004+0000] {processor.py:153} INFO - Started process (PID=8993) to work on /home/airflow/.local/lib/python3.7/site-packages/airflow/example_dags/example_branch_python_dop_operator_3.py
[2024-06-04T23:56:18.004+0000] {processor.py:743} INFO - Processing file /home/airflow/.local/lib/python3.7/site-packages/airflow/example_dags/example_branch_python_dop_operator_3.py for tasks to queue
[2024-06-04T23:56:18.005+0000] {logging_mixin.py:137} INFO - [2024-06-04T23:56:18.005+0000] {dagbag.py:538} INFO - Filling up the DagBag from /home/airflow/.local/lib/python3.7/site-packages/airflow/example_dags/example_branch_python_dop_operator_3.py
[2024-06-04T23:56:18.022+0000] {processor.py:753} INFO - DAG(s) dict_keys(['example_branch_dop_operator_v3']) retrieved from /home/airflow/.local/lib/python3.7/site-packages/airflow/example_dags/example_branch_python_dop_operator_3.py
[2024-06-04T23:56:18.040+0000] {logging_mixin.py:137} INFO - [2024-06-04T23:56:18.040+0000] {dag.py:2690} INFO - Sync 1 DAGs
[2024-06-04T23:56:18.066+0000] {logging_mixin.py:137} INFO - [2024-06-04T23:56:18.065+0000] {dag.py:3441} INFO - Setting next_dagrun for example_branch_dop_operator_v3 to 2024-06-04T23:56:00+00:00, run_after=2024-06-04T23:57:00+00:00
[2024-06-04T23:56:18.081+0000] {processor.py:175} INFO - Processing /home/airflow/.local/lib/python3.7/site-packages/airflow/example_dags/example_branch_python_dop_operator_3.py took 0.080 seconds
[2024-06-04T23:56:48.156+0000] {processor.py:153} INFO - Started process (PID=9097) to work on /home/airflow/.local/lib/python3.7/site-packages/airflow/example_dags/example_branch_python_dop_operator_3.py
[2024-06-04T23:56:48.156+0000] {processor.py:743} INFO - Processing file /home/airflow/.local/lib/python3.7/site-packages/airflow/example_dags/example_branch_python_dop_operator_3.py for tasks to queue
[2024-06-04T23:56:48.157+0000] {logging_mixin.py:137} INFO - [2024-06-04T23:56:48.157+0000] {dagbag.py:538} INFO - Filling up the DagBag from /home/airflow/.local/lib/python3.7/site-packages/airflow/example_dags/example_branch_python_dop_operator_3.py
[2024-06-04T23:56:48.173+0000] {processor.py:753} INFO - DAG(s) dict_keys(['example_branch_dop_operator_v3']) retrieved from /home/airflow/.local/lib/python3.7/site-packages/airflow/example_dags/example_branch_python_dop_operator_3.py
[2024-06-04T23:56:48.193+0000] {logging_mixin.py:137} INFO - [2024-06-04T23:56:48.193+0000] {dag.py:2690} INFO - Sync 1 DAGs
[2024-06-04T23:56:48.228+0000] {logging_mixin.py:137} INFO - [2024-06-04T23:56:48.228+0000] {dag.py:3441} INFO - Setting next_dagrun for example_branch_dop_operator_v3 to 2024-06-04T23:56:00+00:00, run_after=2024-06-04T23:57:00+00:00
[2024-06-04T23:56:48.248+0000] {processor.py:175} INFO - Processing /home/airflow/.local/lib/python3.7/site-packages/airflow/example_dags/example_branch_python_dop_operator_3.py took 0.095 seconds
[2024-06-04T23:57:18.282+0000] {processor.py:153} INFO - Started process (PID=9218) to work on /home/airflow/.local/lib/python3.7/site-packages/airflow/example_dags/example_branch_python_dop_operator_3.py
[2024-06-04T23:57:18.283+0000] {processor.py:743} INFO - Processing file /home/airflow/.local/lib/python3.7/site-packages/airflow/example_dags/example_branch_python_dop_operator_3.py for tasks to queue
[2024-06-04T23:57:18.284+0000] {logging_mixin.py:137} INFO - [2024-06-04T23:57:18.284+0000] {dagbag.py:538} INFO - Filling up the DagBag from /home/airflow/.local/lib/python3.7/site-packages/airflow/example_dags/example_branch_python_dop_operator_3.py
[2024-06-04T23:57:18.301+0000] {processor.py:753} INFO - DAG(s) dict_keys(['example_branch_dop_operator_v3']) retrieved from /home/airflow/.local/lib/python3.7/site-packages/airflow/example_dags/example_branch_python_dop_operator_3.py
[2024-06-04T23:57:18.319+0000] {logging_mixin.py:137} INFO - [2024-06-04T23:57:18.319+0000] {dag.py:2690} INFO - Sync 1 DAGs
[2024-06-04T23:57:18.340+0000] {logging_mixin.py:137} INFO - [2024-06-04T23:57:18.340+0000] {dag.py:3441} INFO - Setting next_dagrun for example_branch_dop_operator_v3 to 2024-06-04T23:57:00+00:00, run_after=2024-06-04T23:58:00+00:00
[2024-06-04T23:57:18.353+0000] {processor.py:175} INFO - Processing /home/airflow/.local/lib/python3.7/site-packages/airflow/example_dags/example_branch_python_dop_operator_3.py took 0.073 seconds
[2024-06-04T23:57:48.457+0000] {processor.py:153} INFO - Started process (PID=9312) to work on /home/airflow/.local/lib/python3.7/site-packages/airflow/example_dags/example_branch_python_dop_operator_3.py
[2024-06-04T23:57:48.458+0000] {processor.py:743} INFO - Processing file /home/airflow/.local/lib/python3.7/site-packages/airflow/example_dags/example_branch_python_dop_operator_3.py for tasks to queue
[2024-06-04T23:57:48.458+0000] {logging_mixin.py:137} INFO - [2024-06-04T23:57:48.458+0000] {dagbag.py:538} INFO - Filling up the DagBag from /home/airflow/.local/lib/python3.7/site-packages/airflow/example_dags/example_branch_python_dop_operator_3.py
[2024-06-04T23:57:48.475+0000] {processor.py:753} INFO - DAG(s) dict_keys(['example_branch_dop_operator_v3']) retrieved from /home/airflow/.local/lib/python3.7/site-packages/airflow/example_dags/example_branch_python_dop_operator_3.py
[2024-06-04T23:57:48.494+0000] {logging_mixin.py:137} INFO - [2024-06-04T23:57:48.494+0000] {dag.py:2690} INFO - Sync 1 DAGs
[2024-06-04T23:57:48.518+0000] {logging_mixin.py:137} INFO - [2024-06-04T23:57:48.518+0000] {dag.py:3441} INFO - Setting next_dagrun for example_branch_dop_operator_v3 to 2024-06-04T23:57:00+00:00, run_after=2024-06-04T23:58:00+00:00
[2024-06-04T23:57:48.534+0000] {processor.py:175} INFO - Processing /home/airflow/.local/lib/python3.7/site-packages/airflow/example_dags/example_branch_python_dop_operator_3.py took 0.079 seconds
[2024-06-04T23:58:18.602+0000] {processor.py:153} INFO - Started process (PID=9425) to work on /home/airflow/.local/lib/python3.7/site-packages/airflow/example_dags/example_branch_python_dop_operator_3.py
[2024-06-04T23:58:18.603+0000] {processor.py:743} INFO - Processing file /home/airflow/.local/lib/python3.7/site-packages/airflow/example_dags/example_branch_python_dop_operator_3.py for tasks to queue
[2024-06-04T23:58:18.603+0000] {logging_mixin.py:137} INFO - [2024-06-04T23:58:18.603+0000] {dagbag.py:538} INFO - Filling up the DagBag from /home/airflow/.local/lib/python3.7/site-packages/airflow/example_dags/example_branch_python_dop_operator_3.py
[2024-06-04T23:58:18.620+0000] {processor.py:753} INFO - DAG(s) dict_keys(['example_branch_dop_operator_v3']) retrieved from /home/airflow/.local/lib/python3.7/site-packages/airflow/example_dags/example_branch_python_dop_operator_3.py
[2024-06-04T23:58:18.638+0000] {logging_mixin.py:137} INFO - [2024-06-04T23:58:18.638+0000] {dag.py:2690} INFO - Sync 1 DAGs
[2024-06-04T23:58:18.660+0000] {logging_mixin.py:137} INFO - [2024-06-04T23:58:18.660+0000] {dag.py:3441} INFO - Setting next_dagrun for example_branch_dop_operator_v3 to 2024-06-04T23:58:00+00:00, run_after=2024-06-04T23:59:00+00:00
[2024-06-04T23:58:18.672+0000] {processor.py:175} INFO - Processing /home/airflow/.local/lib/python3.7/site-packages/airflow/example_dags/example_branch_python_dop_operator_3.py took 0.071 seconds
[2024-06-04T23:58:48.855+0000] {processor.py:153} INFO - Started process (PID=9536) to work on /home/airflow/.local/lib/python3.7/site-packages/airflow/example_dags/example_branch_python_dop_operator_3.py
[2024-06-04T23:58:48.856+0000] {processor.py:743} INFO - Processing file /home/airflow/.local/lib/python3.7/site-packages/airflow/example_dags/example_branch_python_dop_operator_3.py for tasks to queue
[2024-06-04T23:58:48.857+0000] {logging_mixin.py:137} INFO - [2024-06-04T23:58:48.857+0000] {dagbag.py:538} INFO - Filling up the DagBag from /home/airflow/.local/lib/python3.7/site-packages/airflow/example_dags/example_branch_python_dop_operator_3.py
[2024-06-04T23:58:48.887+0000] {processor.py:753} INFO - DAG(s) dict_keys(['example_branch_dop_operator_v3']) retrieved from /home/airflow/.local/lib/python3.7/site-packages/airflow/example_dags/example_branch_python_dop_operator_3.py
[2024-06-04T23:58:48.914+0000] {logging_mixin.py:137} INFO - [2024-06-04T23:58:48.914+0000] {dag.py:2690} INFO - Sync 1 DAGs
[2024-06-04T23:58:48.950+0000] {logging_mixin.py:137} INFO - [2024-06-04T23:58:48.950+0000] {dag.py:3441} INFO - Setting next_dagrun for example_branch_dop_operator_v3 to 2024-06-04T23:58:00+00:00, run_after=2024-06-04T23:59:00+00:00
[2024-06-04T23:58:48.969+0000] {processor.py:175} INFO - Processing /home/airflow/.local/lib/python3.7/site-packages/airflow/example_dags/example_branch_python_dop_operator_3.py took 0.118 seconds
[2024-06-04T23:59:19.561+0000] {processor.py:153} INFO - Started process (PID=9628) to work on /home/airflow/.local/lib/python3.7/site-packages/airflow/example_dags/example_branch_python_dop_operator_3.py
[2024-06-04T23:59:19.562+0000] {processor.py:743} INFO - Processing file /home/airflow/.local/lib/python3.7/site-packages/airflow/example_dags/example_branch_python_dop_operator_3.py for tasks to queue
[2024-06-04T23:59:19.562+0000] {logging_mixin.py:137} INFO - [2024-06-04T23:59:19.562+0000] {dagbag.py:538} INFO - Filling up the DagBag from /home/airflow/.local/lib/python3.7/site-packages/airflow/example_dags/example_branch_python_dop_operator_3.py
[2024-06-04T23:59:19.580+0000] {processor.py:753} INFO - DAG(s) dict_keys(['example_branch_dop_operator_v3']) retrieved from /home/airflow/.local/lib/python3.7/site-packages/airflow/example_dags/example_branch_python_dop_operator_3.py
[2024-06-04T23:59:19.598+0000] {logging_mixin.py:137} INFO - [2024-06-04T23:59:19.598+0000] {dag.py:2690} INFO - Sync 1 DAGs
[2024-06-04T23:59:19.620+0000] {logging_mixin.py:137} INFO - [2024-06-04T23:59:19.619+0000] {dag.py:3441} INFO - Setting next_dagrun for example_branch_dop_operator_v3 to 2024-06-04T23:59:00+00:00, run_after=2024-06-05T00:00:00+00:00
[2024-06-04T23:59:19.633+0000] {processor.py:175} INFO - Processing /home/airflow/.local/lib/python3.7/site-packages/airflow/example_dags/example_branch_python_dop_operator_3.py took 0.074 seconds
[2024-06-04T23:59:50.349+0000] {processor.py:153} INFO - Started process (PID=9739) to work on /home/airflow/.local/lib/python3.7/site-packages/airflow/example_dags/example_branch_python_dop_operator_3.py
[2024-06-04T23:59:50.350+0000] {processor.py:743} INFO - Processing file /home/airflow/.local/lib/python3.7/site-packages/airflow/example_dags/example_branch_python_dop_operator_3.py for tasks to queue
[2024-06-04T23:59:50.350+0000] {logging_mixin.py:137} INFO - [2024-06-04T23:59:50.350+0000] {dagbag.py:538} INFO - Filling up the DagBag from /home/airflow/.local/lib/python3.7/site-packages/airflow/example_dags/example_branch_python_dop_operator_3.py
[2024-06-04T23:59:50.368+0000] {processor.py:753} INFO - DAG(s) dict_keys(['example_branch_dop_operator_v3']) retrieved from /home/airflow/.local/lib/python3.7/site-packages/airflow/example_dags/example_branch_python_dop_operator_3.py
[2024-06-04T23:59:50.388+0000] {logging_mixin.py:137} INFO - [2024-06-04T23:59:50.388+0000] {dag.py:2690} INFO - Sync 1 DAGs
[2024-06-04T23:59:50.413+0000] {logging_mixin.py:137} INFO - [2024-06-04T23:59:50.412+0000] {dag.py:3441} INFO - Setting next_dagrun for example_branch_dop_operator_v3 to 2024-06-04T23:59:00+00:00, run_after=2024-06-05T00:00:00+00:00
[2024-06-04T23:59:50.426+0000] {processor.py:175} INFO - Processing /home/airflow/.local/lib/python3.7/site-packages/airflow/example_dags/example_branch_python_dop_operator_3.py took 0.079 seconds
