[2024-06-04T23:37:26.503+0000] {processor.py:153} INFO - Started process (PID=59) to work on /home/airflow/.local/lib/python3.7/site-packages/airflow/example_dags/example_branch_labels.py
[2024-06-04T23:37:26.503+0000] {processor.py:743} INFO - Processing file /home/airflow/.local/lib/python3.7/site-packages/airflow/example_dags/example_branch_labels.py for tasks to queue
[2024-06-04T23:37:26.504+0000] {logging_mixin.py:137} INFO - [2024-06-04T23:37:26.504+0000] {dagbag.py:538} INFO - Filling up the DagBag from /home/airflow/.local/lib/python3.7/site-packages/airflow/example_dags/example_branch_labels.py
[2024-06-04T23:37:26.514+0000] {processor.py:753} INFO - DAG(s) dict_keys(['example_branch_labels']) retrieved from /home/airflow/.local/lib/python3.7/site-packages/airflow/example_dags/example_branch_labels.py
[2024-06-04T23:37:26.596+0000] {logging_mixin.py:137} INFO - [2024-06-04T23:37:26.596+0000] {manager.py:504} INFO - Created Permission View: can edit on DAG:example_branch_labels
[2024-06-04T23:37:26.603+0000] {logging_mixin.py:137} INFO - [2024-06-04T23:37:26.603+0000] {manager.py:504} INFO - Created Permission View: can read on DAG:example_branch_labels
[2024-06-04T23:37:26.608+0000] {logging_mixin.py:137} INFO - [2024-06-04T23:37:26.608+0000] {manager.py:504} INFO - Created Permission View: can delete on DAG:example_branch_labels
[2024-06-04T23:37:26.608+0000] {logging_mixin.py:137} INFO - [2024-06-04T23:37:26.608+0000] {dag.py:2690} INFO - Sync 1 DAGs
[2024-06-04T23:37:26.618+0000] {logging_mixin.py:137} INFO - [2024-06-04T23:37:26.617+0000] {dag.py:2711} INFO - Creating ORM DAG for example_branch_labels
[2024-06-04T23:37:26.627+0000] {logging_mixin.py:137} INFO - [2024-06-04T23:37:26.627+0000] {dag.py:3441} INFO - Setting next_dagrun for example_branch_labels to 2024-06-03T00:00:00+00:00, run_after=2024-06-04T00:00:00+00:00
[2024-06-04T23:37:26.639+0000] {processor.py:175} INFO - Processing /home/airflow/.local/lib/python3.7/site-packages/airflow/example_dags/example_branch_labels.py took 0.138 seconds
[2024-06-04T23:37:57.394+0000] {processor.py:153} INFO - Started process (PID=170) to work on /home/airflow/.local/lib/python3.7/site-packages/airflow/example_dags/example_branch_labels.py
[2024-06-04T23:37:57.394+0000] {processor.py:743} INFO - Processing file /home/airflow/.local/lib/python3.7/site-packages/airflow/example_dags/example_branch_labels.py for tasks to queue
[2024-06-04T23:37:57.395+0000] {logging_mixin.py:137} INFO - [2024-06-04T23:37:57.395+0000] {dagbag.py:538} INFO - Filling up the DagBag from /home/airflow/.local/lib/python3.7/site-packages/airflow/example_dags/example_branch_labels.py
[2024-06-04T23:37:57.406+0000] {processor.py:753} INFO - DAG(s) dict_keys(['example_branch_labels']) retrieved from /home/airflow/.local/lib/python3.7/site-packages/airflow/example_dags/example_branch_labels.py
[2024-06-04T23:37:57.424+0000] {logging_mixin.py:137} INFO - [2024-06-04T23:37:57.424+0000] {dag.py:2690} INFO - Sync 1 DAGs
[2024-06-04T23:37:57.443+0000] {logging_mixin.py:137} INFO - [2024-06-04T23:37:57.443+0000] {dag.py:3441} INFO - Setting next_dagrun for example_branch_labels to 2024-06-03T00:00:00+00:00, run_after=2024-06-04T00:00:00+00:00
[2024-06-04T23:37:57.455+0000] {processor.py:175} INFO - Processing /home/airflow/.local/lib/python3.7/site-packages/airflow/example_dags/example_branch_labels.py took 0.063 seconds
[2024-06-04T23:38:28.234+0000] {processor.py:153} INFO - Started process (PID=266) to work on /home/airflow/.local/lib/python3.7/site-packages/airflow/example_dags/example_branch_labels.py
[2024-06-04T23:38:28.235+0000] {processor.py:743} INFO - Processing file /home/airflow/.local/lib/python3.7/site-packages/airflow/example_dags/example_branch_labels.py for tasks to queue
[2024-06-04T23:38:28.235+0000] {logging_mixin.py:137} INFO - [2024-06-04T23:38:28.235+0000] {dagbag.py:538} INFO - Filling up the DagBag from /home/airflow/.local/lib/python3.7/site-packages/airflow/example_dags/example_branch_labels.py
[2024-06-04T23:38:28.246+0000] {processor.py:753} INFO - DAG(s) dict_keys(['example_branch_labels']) retrieved from /home/airflow/.local/lib/python3.7/site-packages/airflow/example_dags/example_branch_labels.py
[2024-06-04T23:38:28.266+0000] {logging_mixin.py:137} INFO - [2024-06-04T23:38:28.265+0000] {dag.py:2690} INFO - Sync 1 DAGs
[2024-06-04T23:38:28.286+0000] {logging_mixin.py:137} INFO - [2024-06-04T23:38:28.286+0000] {dag.py:3441} INFO - Setting next_dagrun for example_branch_labels to 2024-06-03T00:00:00+00:00, run_after=2024-06-04T00:00:00+00:00
[2024-06-04T23:38:28.305+0000] {processor.py:175} INFO - Processing /home/airflow/.local/lib/python3.7/site-packages/airflow/example_dags/example_branch_labels.py took 0.072 seconds
[2024-06-04T23:38:59.126+0000] {processor.py:153} INFO - Started process (PID=368) to work on /home/airflow/.local/lib/python3.7/site-packages/airflow/example_dags/example_branch_labels.py
[2024-06-04T23:38:59.127+0000] {processor.py:743} INFO - Processing file /home/airflow/.local/lib/python3.7/site-packages/airflow/example_dags/example_branch_labels.py for tasks to queue
[2024-06-04T23:38:59.127+0000] {logging_mixin.py:137} INFO - [2024-06-04T23:38:59.127+0000] {dagbag.py:538} INFO - Filling up the DagBag from /home/airflow/.local/lib/python3.7/site-packages/airflow/example_dags/example_branch_labels.py
[2024-06-04T23:38:59.138+0000] {processor.py:753} INFO - DAG(s) dict_keys(['example_branch_labels']) retrieved from /home/airflow/.local/lib/python3.7/site-packages/airflow/example_dags/example_branch_labels.py
[2024-06-04T23:38:59.156+0000] {logging_mixin.py:137} INFO - [2024-06-04T23:38:59.156+0000] {dag.py:2690} INFO - Sync 1 DAGs
[2024-06-04T23:38:59.174+0000] {logging_mixin.py:137} INFO - [2024-06-04T23:38:59.174+0000] {dag.py:3441} INFO - Setting next_dagrun for example_branch_labels to 2024-06-03T00:00:00+00:00, run_after=2024-06-04T00:00:00+00:00
[2024-06-04T23:38:59.186+0000] {processor.py:175} INFO - Processing /home/airflow/.local/lib/python3.7/site-packages/airflow/example_dags/example_branch_labels.py took 0.061 seconds
[2024-06-04T23:39:29.835+0000] {processor.py:153} INFO - Started process (PID=479) to work on /home/airflow/.local/lib/python3.7/site-packages/airflow/example_dags/example_branch_labels.py
[2024-06-04T23:39:29.835+0000] {processor.py:743} INFO - Processing file /home/airflow/.local/lib/python3.7/site-packages/airflow/example_dags/example_branch_labels.py for tasks to queue
[2024-06-04T23:39:29.836+0000] {logging_mixin.py:137} INFO - [2024-06-04T23:39:29.836+0000] {dagbag.py:538} INFO - Filling up the DagBag from /home/airflow/.local/lib/python3.7/site-packages/airflow/example_dags/example_branch_labels.py
[2024-06-04T23:39:29.846+0000] {processor.py:753} INFO - DAG(s) dict_keys(['example_branch_labels']) retrieved from /home/airflow/.local/lib/python3.7/site-packages/airflow/example_dags/example_branch_labels.py
[2024-06-04T23:39:29.864+0000] {logging_mixin.py:137} INFO - [2024-06-04T23:39:29.864+0000] {dag.py:2690} INFO - Sync 1 DAGs
[2024-06-04T23:39:29.882+0000] {logging_mixin.py:137} INFO - [2024-06-04T23:39:29.882+0000] {dag.py:3441} INFO - Setting next_dagrun for example_branch_labels to 2024-06-03T00:00:00+00:00, run_after=2024-06-04T00:00:00+00:00
[2024-06-04T23:39:29.894+0000] {processor.py:175} INFO - Processing /home/airflow/.local/lib/python3.7/site-packages/airflow/example_dags/example_branch_labels.py took 0.061 seconds
[2024-06-04T23:40:00.566+0000] {processor.py:153} INFO - Started process (PID=566) to work on /home/airflow/.local/lib/python3.7/site-packages/airflow/example_dags/example_branch_labels.py
[2024-06-04T23:40:00.567+0000] {processor.py:743} INFO - Processing file /home/airflow/.local/lib/python3.7/site-packages/airflow/example_dags/example_branch_labels.py for tasks to queue
[2024-06-04T23:40:00.567+0000] {logging_mixin.py:137} INFO - [2024-06-04T23:40:00.567+0000] {dagbag.py:538} INFO - Filling up the DagBag from /home/airflow/.local/lib/python3.7/site-packages/airflow/example_dags/example_branch_labels.py
[2024-06-04T23:40:00.577+0000] {processor.py:753} INFO - DAG(s) dict_keys(['example_branch_labels']) retrieved from /home/airflow/.local/lib/python3.7/site-packages/airflow/example_dags/example_branch_labels.py
[2024-06-04T23:40:00.594+0000] {logging_mixin.py:137} INFO - [2024-06-04T23:40:00.594+0000] {dag.py:2690} INFO - Sync 1 DAGs
[2024-06-04T23:40:00.612+0000] {logging_mixin.py:137} INFO - [2024-06-04T23:40:00.612+0000] {dag.py:3441} INFO - Setting next_dagrun for example_branch_labels to 2024-06-03T00:00:00+00:00, run_after=2024-06-04T00:00:00+00:00
[2024-06-04T23:40:00.624+0000] {processor.py:175} INFO - Processing /home/airflow/.local/lib/python3.7/site-packages/airflow/example_dags/example_branch_labels.py took 0.060 seconds
[2024-06-04T23:40:31.255+0000] {processor.py:153} INFO - Started process (PID=677) to work on /home/airflow/.local/lib/python3.7/site-packages/airflow/example_dags/example_branch_labels.py
[2024-06-04T23:40:31.256+0000] {processor.py:743} INFO - Processing file /home/airflow/.local/lib/python3.7/site-packages/airflow/example_dags/example_branch_labels.py for tasks to queue
[2024-06-04T23:40:31.256+0000] {logging_mixin.py:137} INFO - [2024-06-04T23:40:31.256+0000] {dagbag.py:538} INFO - Filling up the DagBag from /home/airflow/.local/lib/python3.7/site-packages/airflow/example_dags/example_branch_labels.py
[2024-06-04T23:40:31.266+0000] {processor.py:753} INFO - DAG(s) dict_keys(['example_branch_labels']) retrieved from /home/airflow/.local/lib/python3.7/site-packages/airflow/example_dags/example_branch_labels.py
[2024-06-04T23:40:31.283+0000] {logging_mixin.py:137} INFO - [2024-06-04T23:40:31.283+0000] {dag.py:2690} INFO - Sync 1 DAGs
[2024-06-04T23:40:31.302+0000] {logging_mixin.py:137} INFO - [2024-06-04T23:40:31.302+0000] {dag.py:3441} INFO - Setting next_dagrun for example_branch_labels to 2024-06-03T00:00:00+00:00, run_after=2024-06-04T00:00:00+00:00
[2024-06-04T23:40:31.313+0000] {processor.py:175} INFO - Processing /home/airflow/.local/lib/python3.7/site-packages/airflow/example_dags/example_branch_labels.py took 0.061 seconds
[2024-06-04T23:41:01.992+0000] {processor.py:153} INFO - Started process (PID=788) to work on /home/airflow/.local/lib/python3.7/site-packages/airflow/example_dags/example_branch_labels.py
[2024-06-04T23:41:01.992+0000] {processor.py:743} INFO - Processing file /home/airflow/.local/lib/python3.7/site-packages/airflow/example_dags/example_branch_labels.py for tasks to queue
[2024-06-04T23:41:01.993+0000] {logging_mixin.py:137} INFO - [2024-06-04T23:41:01.993+0000] {dagbag.py:538} INFO - Filling up the DagBag from /home/airflow/.local/lib/python3.7/site-packages/airflow/example_dags/example_branch_labels.py
[2024-06-04T23:41:02.003+0000] {processor.py:753} INFO - DAG(s) dict_keys(['example_branch_labels']) retrieved from /home/airflow/.local/lib/python3.7/site-packages/airflow/example_dags/example_branch_labels.py
[2024-06-04T23:41:02.021+0000] {logging_mixin.py:137} INFO - [2024-06-04T23:41:02.021+0000] {dag.py:2690} INFO - Sync 1 DAGs
[2024-06-04T23:41:02.038+0000] {logging_mixin.py:137} INFO - [2024-06-04T23:41:02.038+0000] {dag.py:3441} INFO - Setting next_dagrun for example_branch_labels to 2024-06-03T00:00:00+00:00, run_after=2024-06-04T00:00:00+00:00
[2024-06-04T23:41:02.049+0000] {processor.py:175} INFO - Processing /home/airflow/.local/lib/python3.7/site-packages/airflow/example_dags/example_branch_labels.py took 0.060 seconds
[2024-06-04T23:41:32.685+0000] {processor.py:153} INFO - Started process (PID=875) to work on /home/airflow/.local/lib/python3.7/site-packages/airflow/example_dags/example_branch_labels.py
[2024-06-04T23:41:32.686+0000] {processor.py:743} INFO - Processing file /home/airflow/.local/lib/python3.7/site-packages/airflow/example_dags/example_branch_labels.py for tasks to queue
[2024-06-04T23:41:32.686+0000] {logging_mixin.py:137} INFO - [2024-06-04T23:41:32.686+0000] {dagbag.py:538} INFO - Filling up the DagBag from /home/airflow/.local/lib/python3.7/site-packages/airflow/example_dags/example_branch_labels.py
[2024-06-04T23:41:32.697+0000] {processor.py:753} INFO - DAG(s) dict_keys(['example_branch_labels']) retrieved from /home/airflow/.local/lib/python3.7/site-packages/airflow/example_dags/example_branch_labels.py
[2024-06-04T23:41:32.715+0000] {logging_mixin.py:137} INFO - [2024-06-04T23:41:32.714+0000] {dag.py:2690} INFO - Sync 1 DAGs
[2024-06-04T23:41:32.732+0000] {logging_mixin.py:137} INFO - [2024-06-04T23:41:32.732+0000] {dag.py:3441} INFO - Setting next_dagrun for example_branch_labels to 2024-06-03T00:00:00+00:00, run_after=2024-06-04T00:00:00+00:00
[2024-06-04T23:41:32.744+0000] {processor.py:175} INFO - Processing /home/airflow/.local/lib/python3.7/site-packages/airflow/example_dags/example_branch_labels.py took 0.060 seconds
[2024-06-04T23:42:03.343+0000] {processor.py:153} INFO - Started process (PID=986) to work on /home/airflow/.local/lib/python3.7/site-packages/airflow/example_dags/example_branch_labels.py
[2024-06-04T23:42:03.344+0000] {processor.py:743} INFO - Processing file /home/airflow/.local/lib/python3.7/site-packages/airflow/example_dags/example_branch_labels.py for tasks to queue
[2024-06-04T23:42:03.344+0000] {logging_mixin.py:137} INFO - [2024-06-04T23:42:03.344+0000] {dagbag.py:538} INFO - Filling up the DagBag from /home/airflow/.local/lib/python3.7/site-packages/airflow/example_dags/example_branch_labels.py
[2024-06-04T23:42:03.354+0000] {processor.py:753} INFO - DAG(s) dict_keys(['example_branch_labels']) retrieved from /home/airflow/.local/lib/python3.7/site-packages/airflow/example_dags/example_branch_labels.py
[2024-06-04T23:42:03.373+0000] {logging_mixin.py:137} INFO - [2024-06-04T23:42:03.373+0000] {dag.py:2690} INFO - Sync 1 DAGs
[2024-06-04T23:42:03.390+0000] {logging_mixin.py:137} INFO - [2024-06-04T23:42:03.390+0000] {dag.py:3441} INFO - Setting next_dagrun for example_branch_labels to 2024-06-03T00:00:00+00:00, run_after=2024-06-04T00:00:00+00:00
[2024-06-04T23:42:03.402+0000] {processor.py:175} INFO - Processing /home/airflow/.local/lib/python3.7/site-packages/airflow/example_dags/example_branch_labels.py took 0.062 seconds
[2024-06-04T23:42:33.464+0000] {processor.py:153} INFO - Started process (PID=1073) to work on /home/airflow/.local/lib/python3.7/site-packages/airflow/example_dags/example_branch_labels.py
[2024-06-04T23:42:33.464+0000] {processor.py:743} INFO - Processing file /home/airflow/.local/lib/python3.7/site-packages/airflow/example_dags/example_branch_labels.py for tasks to queue
[2024-06-04T23:42:33.465+0000] {logging_mixin.py:137} INFO - [2024-06-04T23:42:33.465+0000] {dagbag.py:538} INFO - Filling up the DagBag from /home/airflow/.local/lib/python3.7/site-packages/airflow/example_dags/example_branch_labels.py
[2024-06-04T23:42:33.475+0000] {processor.py:753} INFO - DAG(s) dict_keys(['example_branch_labels']) retrieved from /home/airflow/.local/lib/python3.7/site-packages/airflow/example_dags/example_branch_labels.py
[2024-06-04T23:42:33.492+0000] {logging_mixin.py:137} INFO - [2024-06-04T23:42:33.492+0000] {dag.py:2690} INFO - Sync 1 DAGs
[2024-06-04T23:42:33.509+0000] {logging_mixin.py:137} INFO - [2024-06-04T23:42:33.509+0000] {dag.py:3441} INFO - Setting next_dagrun for example_branch_labels to 2024-06-03T00:00:00+00:00, run_after=2024-06-04T00:00:00+00:00
[2024-06-04T23:42:33.520+0000] {processor.py:175} INFO - Processing /home/airflow/.local/lib/python3.7/site-packages/airflow/example_dags/example_branch_labels.py took 0.059 seconds
[2024-06-04T23:43:04.523+0000] {processor.py:153} INFO - Started process (PID=1184) to work on /home/airflow/.local/lib/python3.7/site-packages/airflow/example_dags/example_branch_labels.py
[2024-06-04T23:43:04.524+0000] {processor.py:743} INFO - Processing file /home/airflow/.local/lib/python3.7/site-packages/airflow/example_dags/example_branch_labels.py for tasks to queue
[2024-06-04T23:43:04.524+0000] {logging_mixin.py:137} INFO - [2024-06-04T23:43:04.524+0000] {dagbag.py:538} INFO - Filling up the DagBag from /home/airflow/.local/lib/python3.7/site-packages/airflow/example_dags/example_branch_labels.py
[2024-06-04T23:43:04.534+0000] {processor.py:753} INFO - DAG(s) dict_keys(['example_branch_labels']) retrieved from /home/airflow/.local/lib/python3.7/site-packages/airflow/example_dags/example_branch_labels.py
[2024-06-04T23:43:04.552+0000] {logging_mixin.py:137} INFO - [2024-06-04T23:43:04.552+0000] {dag.py:2690} INFO - Sync 1 DAGs
[2024-06-04T23:43:04.570+0000] {logging_mixin.py:137} INFO - [2024-06-04T23:43:04.570+0000] {dag.py:3441} INFO - Setting next_dagrun for example_branch_labels to 2024-06-03T00:00:00+00:00, run_after=2024-06-04T00:00:00+00:00
[2024-06-04T23:43:04.583+0000] {processor.py:175} INFO - Processing /home/airflow/.local/lib/python3.7/site-packages/airflow/example_dags/example_branch_labels.py took 0.062 seconds
[2024-06-04T23:43:35.334+0000] {processor.py:153} INFO - Started process (PID=1295) to work on /home/airflow/.local/lib/python3.7/site-packages/airflow/example_dags/example_branch_labels.py
[2024-06-04T23:43:35.335+0000] {processor.py:743} INFO - Processing file /home/airflow/.local/lib/python3.7/site-packages/airflow/example_dags/example_branch_labels.py for tasks to queue
[2024-06-04T23:43:35.335+0000] {logging_mixin.py:137} INFO - [2024-06-04T23:43:35.335+0000] {dagbag.py:538} INFO - Filling up the DagBag from /home/airflow/.local/lib/python3.7/site-packages/airflow/example_dags/example_branch_labels.py
[2024-06-04T23:43:35.345+0000] {processor.py:753} INFO - DAG(s) dict_keys(['example_branch_labels']) retrieved from /home/airflow/.local/lib/python3.7/site-packages/airflow/example_dags/example_branch_labels.py
[2024-06-04T23:43:35.364+0000] {logging_mixin.py:137} INFO - [2024-06-04T23:43:35.364+0000] {dag.py:2690} INFO - Sync 1 DAGs
[2024-06-04T23:43:35.382+0000] {logging_mixin.py:137} INFO - [2024-06-04T23:43:35.382+0000] {dag.py:3441} INFO - Setting next_dagrun for example_branch_labels to 2024-06-03T00:00:00+00:00, run_after=2024-06-04T00:00:00+00:00
[2024-06-04T23:43:35.394+0000] {processor.py:175} INFO - Processing /home/airflow/.local/lib/python3.7/site-packages/airflow/example_dags/example_branch_labels.py took 0.062 seconds
[2024-06-04T23:44:06.732+0000] {processor.py:153} INFO - Started process (PID=1495) to work on /home/airflow/.local/lib/python3.7/site-packages/airflow/example_dags/example_branch_labels.py
[2024-06-04T23:44:06.733+0000] {processor.py:743} INFO - Processing file /home/airflow/.local/lib/python3.7/site-packages/airflow/example_dags/example_branch_labels.py for tasks to queue
[2024-06-04T23:44:06.734+0000] {logging_mixin.py:137} INFO - [2024-06-04T23:44:06.734+0000] {dagbag.py:538} INFO - Filling up the DagBag from /home/airflow/.local/lib/python3.7/site-packages/airflow/example_dags/example_branch_labels.py
[2024-06-04T23:44:06.753+0000] {processor.py:753} INFO - DAG(s) dict_keys(['example_branch_labels']) retrieved from /home/airflow/.local/lib/python3.7/site-packages/airflow/example_dags/example_branch_labels.py
[2024-06-04T23:44:06.788+0000] {logging_mixin.py:137} INFO - [2024-06-04T23:44:06.788+0000] {dag.py:2690} INFO - Sync 1 DAGs
[2024-06-04T23:44:06.830+0000] {logging_mixin.py:137} INFO - [2024-06-04T23:44:06.830+0000] {dag.py:3441} INFO - Setting next_dagrun for example_branch_labels to 2024-06-04T00:00:00+00:00, run_after=2024-06-05T00:00:00+00:00
[2024-06-04T23:44:06.856+0000] {processor.py:175} INFO - Processing /home/airflow/.local/lib/python3.7/site-packages/airflow/example_dags/example_branch_labels.py took 0.128 seconds
[2024-06-04T23:44:36.957+0000] {processor.py:153} INFO - Started process (PID=1863) to work on /home/airflow/.local/lib/python3.7/site-packages/airflow/example_dags/example_branch_labels.py
[2024-06-04T23:44:36.958+0000] {processor.py:743} INFO - Processing file /home/airflow/.local/lib/python3.7/site-packages/airflow/example_dags/example_branch_labels.py for tasks to queue
[2024-06-04T23:44:36.959+0000] {logging_mixin.py:137} INFO - [2024-06-04T23:44:36.959+0000] {dagbag.py:538} INFO - Filling up the DagBag from /home/airflow/.local/lib/python3.7/site-packages/airflow/example_dags/example_branch_labels.py
[2024-06-04T23:44:36.976+0000] {processor.py:753} INFO - DAG(s) dict_keys(['example_branch_labels']) retrieved from /home/airflow/.local/lib/python3.7/site-packages/airflow/example_dags/example_branch_labels.py
[2024-06-04T23:44:37.007+0000] {logging_mixin.py:137} INFO - [2024-06-04T23:44:37.007+0000] {dag.py:2690} INFO - Sync 1 DAGs
[2024-06-04T23:44:37.039+0000] {logging_mixin.py:137} INFO - [2024-06-04T23:44:37.039+0000] {dag.py:3441} INFO - Setting next_dagrun for example_branch_labels to 2024-06-04T00:00:00+00:00, run_after=2024-06-05T00:00:00+00:00
[2024-06-04T23:44:37.068+0000] {processor.py:175} INFO - Processing /home/airflow/.local/lib/python3.7/site-packages/airflow/example_dags/example_branch_labels.py took 0.114 seconds
[2024-06-04T23:45:07.355+0000] {processor.py:153} INFO - Started process (PID=2186) to work on /home/airflow/.local/lib/python3.7/site-packages/airflow/example_dags/example_branch_labels.py
[2024-06-04T23:45:07.356+0000] {processor.py:743} INFO - Processing file /home/airflow/.local/lib/python3.7/site-packages/airflow/example_dags/example_branch_labels.py for tasks to queue
[2024-06-04T23:45:07.357+0000] {logging_mixin.py:137} INFO - [2024-06-04T23:45:07.357+0000] {dagbag.py:538} INFO - Filling up the DagBag from /home/airflow/.local/lib/python3.7/site-packages/airflow/example_dags/example_branch_labels.py
[2024-06-04T23:45:07.375+0000] {processor.py:753} INFO - DAG(s) dict_keys(['example_branch_labels']) retrieved from /home/airflow/.local/lib/python3.7/site-packages/airflow/example_dags/example_branch_labels.py
[2024-06-04T23:45:07.408+0000] {logging_mixin.py:137} INFO - [2024-06-04T23:45:07.408+0000] {dag.py:2690} INFO - Sync 1 DAGs
[2024-06-04T23:45:07.446+0000] {logging_mixin.py:137} INFO - [2024-06-04T23:45:07.445+0000] {dag.py:3441} INFO - Setting next_dagrun for example_branch_labels to 2024-06-04T00:00:00+00:00, run_after=2024-06-05T00:00:00+00:00
[2024-06-04T23:45:07.471+0000] {processor.py:175} INFO - Processing /home/airflow/.local/lib/python3.7/site-packages/airflow/example_dags/example_branch_labels.py took 0.119 seconds
[2024-06-04T23:45:37.870+0000] {processor.py:153} INFO - Started process (PID=2547) to work on /home/airflow/.local/lib/python3.7/site-packages/airflow/example_dags/example_branch_labels.py
[2024-06-04T23:45:37.871+0000] {processor.py:743} INFO - Processing file /home/airflow/.local/lib/python3.7/site-packages/airflow/example_dags/example_branch_labels.py for tasks to queue
[2024-06-04T23:45:37.871+0000] {logging_mixin.py:137} INFO - [2024-06-04T23:45:37.871+0000] {dagbag.py:538} INFO - Filling up the DagBag from /home/airflow/.local/lib/python3.7/site-packages/airflow/example_dags/example_branch_labels.py
[2024-06-04T23:45:37.888+0000] {processor.py:753} INFO - DAG(s) dict_keys(['example_branch_labels']) retrieved from /home/airflow/.local/lib/python3.7/site-packages/airflow/example_dags/example_branch_labels.py
[2024-06-04T23:45:37.916+0000] {logging_mixin.py:137} INFO - [2024-06-04T23:45:37.916+0000] {dag.py:2690} INFO - Sync 1 DAGs
[2024-06-04T23:45:37.950+0000] {logging_mixin.py:137} INFO - [2024-06-04T23:45:37.949+0000] {dag.py:3441} INFO - Setting next_dagrun for example_branch_labels to 2024-06-04T00:00:00+00:00, run_after=2024-06-05T00:00:00+00:00
[2024-06-04T23:45:37.970+0000] {processor.py:175} INFO - Processing /home/airflow/.local/lib/python3.7/site-packages/airflow/example_dags/example_branch_labels.py took 0.103 seconds
[2024-06-04T23:46:08.266+0000] {processor.py:153} INFO - Started process (PID=2875) to work on /home/airflow/.local/lib/python3.7/site-packages/airflow/example_dags/example_branch_labels.py
[2024-06-04T23:46:08.267+0000] {processor.py:743} INFO - Processing file /home/airflow/.local/lib/python3.7/site-packages/airflow/example_dags/example_branch_labels.py for tasks to queue
[2024-06-04T23:46:08.268+0000] {logging_mixin.py:137} INFO - [2024-06-04T23:46:08.268+0000] {dagbag.py:538} INFO - Filling up the DagBag from /home/airflow/.local/lib/python3.7/site-packages/airflow/example_dags/example_branch_labels.py
[2024-06-04T23:46:08.287+0000] {processor.py:753} INFO - DAG(s) dict_keys(['example_branch_labels']) retrieved from /home/airflow/.local/lib/python3.7/site-packages/airflow/example_dags/example_branch_labels.py
[2024-06-04T23:46:08.321+0000] {logging_mixin.py:137} INFO - [2024-06-04T23:46:08.321+0000] {dag.py:2690} INFO - Sync 1 DAGs
[2024-06-04T23:46:08.358+0000] {logging_mixin.py:137} INFO - [2024-06-04T23:46:08.358+0000] {dag.py:3441} INFO - Setting next_dagrun for example_branch_labels to 2024-06-04T00:00:00+00:00, run_after=2024-06-05T00:00:00+00:00
[2024-06-04T23:46:08.382+0000] {processor.py:175} INFO - Processing /home/airflow/.local/lib/python3.7/site-packages/airflow/example_dags/example_branch_labels.py took 0.120 seconds
[2024-06-04T23:46:38.996+0000] {processor.py:153} INFO - Started process (PID=3250) to work on /home/airflow/.local/lib/python3.7/site-packages/airflow/example_dags/example_branch_labels.py
[2024-06-04T23:46:38.998+0000] {processor.py:743} INFO - Processing file /home/airflow/.local/lib/python3.7/site-packages/airflow/example_dags/example_branch_labels.py for tasks to queue
[2024-06-04T23:46:38.999+0000] {logging_mixin.py:137} INFO - [2024-06-04T23:46:38.998+0000] {dagbag.py:538} INFO - Filling up the DagBag from /home/airflow/.local/lib/python3.7/site-packages/airflow/example_dags/example_branch_labels.py
[2024-06-04T23:46:39.016+0000] {processor.py:753} INFO - DAG(s) dict_keys(['example_branch_labels']) retrieved from /home/airflow/.local/lib/python3.7/site-packages/airflow/example_dags/example_branch_labels.py
[2024-06-04T23:46:39.048+0000] {logging_mixin.py:137} INFO - [2024-06-04T23:46:39.048+0000] {dag.py:2690} INFO - Sync 1 DAGs
[2024-06-04T23:46:39.086+0000] {logging_mixin.py:137} INFO - [2024-06-04T23:46:39.086+0000] {dag.py:3441} INFO - Setting next_dagrun for example_branch_labels to 2024-06-04T00:00:00+00:00, run_after=2024-06-05T00:00:00+00:00
[2024-06-04T23:46:39.109+0000] {processor.py:175} INFO - Processing /home/airflow/.local/lib/python3.7/site-packages/airflow/example_dags/example_branch_labels.py took 0.116 seconds
[2024-06-04T23:47:09.261+0000] {processor.py:153} INFO - Started process (PID=3566) to work on /home/airflow/.local/lib/python3.7/site-packages/airflow/example_dags/example_branch_labels.py
[2024-06-04T23:47:09.261+0000] {processor.py:743} INFO - Processing file /home/airflow/.local/lib/python3.7/site-packages/airflow/example_dags/example_branch_labels.py for tasks to queue
[2024-06-04T23:47:09.262+0000] {logging_mixin.py:137} INFO - [2024-06-04T23:47:09.262+0000] {dagbag.py:538} INFO - Filling up the DagBag from /home/airflow/.local/lib/python3.7/site-packages/airflow/example_dags/example_branch_labels.py
[2024-06-04T23:47:09.274+0000] {processor.py:753} INFO - DAG(s) dict_keys(['example_branch_labels']) retrieved from /home/airflow/.local/lib/python3.7/site-packages/airflow/example_dags/example_branch_labels.py
[2024-06-04T23:47:09.295+0000] {logging_mixin.py:137} INFO - [2024-06-04T23:47:09.295+0000] {dag.py:2690} INFO - Sync 1 DAGs
[2024-06-04T23:47:09.319+0000] {logging_mixin.py:137} INFO - [2024-06-04T23:47:09.319+0000] {dag.py:3441} INFO - Setting next_dagrun for example_branch_labels to 2024-06-04T00:00:00+00:00, run_after=2024-06-05T00:00:00+00:00
[2024-06-04T23:47:09.335+0000] {processor.py:175} INFO - Processing /home/airflow/.local/lib/python3.7/site-packages/airflow/example_dags/example_branch_labels.py took 0.077 seconds
[2024-06-04T23:47:39.670+0000] {processor.py:153} INFO - Started process (PID=3921) to work on /home/airflow/.local/lib/python3.7/site-packages/airflow/example_dags/example_branch_labels.py
[2024-06-04T23:47:39.671+0000] {processor.py:743} INFO - Processing file /home/airflow/.local/lib/python3.7/site-packages/airflow/example_dags/example_branch_labels.py for tasks to queue
[2024-06-04T23:47:39.672+0000] {logging_mixin.py:137} INFO - [2024-06-04T23:47:39.672+0000] {dagbag.py:538} INFO - Filling up the DagBag from /home/airflow/.local/lib/python3.7/site-packages/airflow/example_dags/example_branch_labels.py
[2024-06-04T23:47:39.691+0000] {processor.py:753} INFO - DAG(s) dict_keys(['example_branch_labels']) retrieved from /home/airflow/.local/lib/python3.7/site-packages/airflow/example_dags/example_branch_labels.py
[2024-06-04T23:47:39.720+0000] {logging_mixin.py:137} INFO - [2024-06-04T23:47:39.720+0000] {dag.py:2690} INFO - Sync 1 DAGs
[2024-06-04T23:47:39.752+0000] {logging_mixin.py:137} INFO - [2024-06-04T23:47:39.752+0000] {dag.py:3441} INFO - Setting next_dagrun for example_branch_labels to 2024-06-04T00:00:00+00:00, run_after=2024-06-05T00:00:00+00:00
[2024-06-04T23:47:39.774+0000] {processor.py:175} INFO - Processing /home/airflow/.local/lib/python3.7/site-packages/airflow/example_dags/example_branch_labels.py took 0.108 seconds
[2024-06-04T23:48:10.444+0000] {processor.py:153} INFO - Started process (PID=4289) to work on /home/airflow/.local/lib/python3.7/site-packages/airflow/example_dags/example_branch_labels.py
[2024-06-04T23:48:10.444+0000] {processor.py:743} INFO - Processing file /home/airflow/.local/lib/python3.7/site-packages/airflow/example_dags/example_branch_labels.py for tasks to queue
[2024-06-04T23:48:10.445+0000] {logging_mixin.py:137} INFO - [2024-06-04T23:48:10.445+0000] {dagbag.py:538} INFO - Filling up the DagBag from /home/airflow/.local/lib/python3.7/site-packages/airflow/example_dags/example_branch_labels.py
[2024-06-04T23:48:10.458+0000] {processor.py:753} INFO - DAG(s) dict_keys(['example_branch_labels']) retrieved from /home/airflow/.local/lib/python3.7/site-packages/airflow/example_dags/example_branch_labels.py
[2024-06-04T23:48:10.485+0000] {logging_mixin.py:137} INFO - [2024-06-04T23:48:10.485+0000] {dag.py:2690} INFO - Sync 1 DAGs
[2024-06-04T23:48:10.517+0000] {logging_mixin.py:137} INFO - [2024-06-04T23:48:10.517+0000] {dag.py:3441} INFO - Setting next_dagrun for example_branch_labels to 2024-06-04T00:00:00+00:00, run_after=2024-06-05T00:00:00+00:00
[2024-06-04T23:48:10.539+0000] {processor.py:175} INFO - Processing /home/airflow/.local/lib/python3.7/site-packages/airflow/example_dags/example_branch_labels.py took 0.098 seconds
[2024-06-04T23:48:40.591+0000] {processor.py:153} INFO - Started process (PID=4646) to work on /home/airflow/.local/lib/python3.7/site-packages/airflow/example_dags/example_branch_labels.py
[2024-06-04T23:48:40.592+0000] {processor.py:743} INFO - Processing file /home/airflow/.local/lib/python3.7/site-packages/airflow/example_dags/example_branch_labels.py for tasks to queue
[2024-06-04T23:48:40.593+0000] {logging_mixin.py:137} INFO - [2024-06-04T23:48:40.593+0000] {dagbag.py:538} INFO - Filling up the DagBag from /home/airflow/.local/lib/python3.7/site-packages/airflow/example_dags/example_branch_labels.py
[2024-06-04T23:48:40.606+0000] {processor.py:753} INFO - DAG(s) dict_keys(['example_branch_labels']) retrieved from /home/airflow/.local/lib/python3.7/site-packages/airflow/example_dags/example_branch_labels.py
[2024-06-04T23:48:40.629+0000] {logging_mixin.py:137} INFO - [2024-06-04T23:48:40.629+0000] {dag.py:2690} INFO - Sync 1 DAGs
[2024-06-04T23:48:40.660+0000] {logging_mixin.py:137} INFO - [2024-06-04T23:48:40.660+0000] {dag.py:3441} INFO - Setting next_dagrun for example_branch_labels to 2024-06-04T00:00:00+00:00, run_after=2024-06-05T00:00:00+00:00
[2024-06-04T23:48:40.681+0000] {processor.py:175} INFO - Processing /home/airflow/.local/lib/python3.7/site-packages/airflow/example_dags/example_branch_labels.py took 0.092 seconds
[2024-06-04T23:49:11.419+0000] {processor.py:153} INFO - Started process (PID=5050) to work on /home/airflow/.local/lib/python3.7/site-packages/airflow/example_dags/example_branch_labels.py
[2024-06-04T23:49:11.420+0000] {processor.py:743} INFO - Processing file /home/airflow/.local/lib/python3.7/site-packages/airflow/example_dags/example_branch_labels.py for tasks to queue
[2024-06-04T23:49:11.421+0000] {logging_mixin.py:137} INFO - [2024-06-04T23:49:11.421+0000] {dagbag.py:538} INFO - Filling up the DagBag from /home/airflow/.local/lib/python3.7/site-packages/airflow/example_dags/example_branch_labels.py
[2024-06-04T23:49:11.440+0000] {processor.py:753} INFO - DAG(s) dict_keys(['example_branch_labels']) retrieved from /home/airflow/.local/lib/python3.7/site-packages/airflow/example_dags/example_branch_labels.py
[2024-06-04T23:49:11.477+0000] {logging_mixin.py:137} INFO - [2024-06-04T23:49:11.477+0000] {dag.py:2690} INFO - Sync 1 DAGs
[2024-06-04T23:49:11.521+0000] {logging_mixin.py:137} INFO - [2024-06-04T23:49:11.521+0000] {dag.py:3441} INFO - Setting next_dagrun for example_branch_labels to 2024-06-04T00:00:00+00:00, run_after=2024-06-05T00:00:00+00:00
[2024-06-04T23:49:11.546+0000] {processor.py:175} INFO - Processing /home/airflow/.local/lib/python3.7/site-packages/airflow/example_dags/example_branch_labels.py took 0.137 seconds
[2024-06-04T23:49:41.999+0000] {processor.py:153} INFO - Started process (PID=5419) to work on /home/airflow/.local/lib/python3.7/site-packages/airflow/example_dags/example_branch_labels.py
[2024-06-04T23:49:42.000+0000] {processor.py:743} INFO - Processing file /home/airflow/.local/lib/python3.7/site-packages/airflow/example_dags/example_branch_labels.py for tasks to queue
[2024-06-04T23:49:42.000+0000] {logging_mixin.py:137} INFO - [2024-06-04T23:49:42.000+0000] {dagbag.py:538} INFO - Filling up the DagBag from /home/airflow/.local/lib/python3.7/site-packages/airflow/example_dags/example_branch_labels.py
[2024-06-04T23:49:42.011+0000] {processor.py:753} INFO - DAG(s) dict_keys(['example_branch_labels']) retrieved from /home/airflow/.local/lib/python3.7/site-packages/airflow/example_dags/example_branch_labels.py
[2024-06-04T23:49:42.030+0000] {logging_mixin.py:137} INFO - [2024-06-04T23:49:42.030+0000] {dag.py:2690} INFO - Sync 1 DAGs
[2024-06-04T23:49:42.051+0000] {logging_mixin.py:137} INFO - [2024-06-04T23:49:42.051+0000] {dag.py:3441} INFO - Setting next_dagrun for example_branch_labels to 2024-06-04T00:00:00+00:00, run_after=2024-06-05T00:00:00+00:00
[2024-06-04T23:49:42.064+0000] {processor.py:175} INFO - Processing /home/airflow/.local/lib/python3.7/site-packages/airflow/example_dags/example_branch_labels.py took 0.067 seconds
[2024-06-04T23:50:12.670+0000] {processor.py:153} INFO - Started process (PID=5779) to work on /home/airflow/.local/lib/python3.7/site-packages/airflow/example_dags/example_branch_labels.py
[2024-06-04T23:50:12.671+0000] {processor.py:743} INFO - Processing file /home/airflow/.local/lib/python3.7/site-packages/airflow/example_dags/example_branch_labels.py for tasks to queue
[2024-06-04T23:50:12.672+0000] {logging_mixin.py:137} INFO - [2024-06-04T23:50:12.672+0000] {dagbag.py:538} INFO - Filling up the DagBag from /home/airflow/.local/lib/python3.7/site-packages/airflow/example_dags/example_branch_labels.py
[2024-06-04T23:50:12.692+0000] {processor.py:753} INFO - DAG(s) dict_keys(['example_branch_labels']) retrieved from /home/airflow/.local/lib/python3.7/site-packages/airflow/example_dags/example_branch_labels.py
[2024-06-04T23:50:12.727+0000] {logging_mixin.py:137} INFO - [2024-06-04T23:50:12.726+0000] {dag.py:2690} INFO - Sync 1 DAGs
[2024-06-04T23:50:12.764+0000] {logging_mixin.py:137} INFO - [2024-06-04T23:50:12.764+0000] {dag.py:3441} INFO - Setting next_dagrun for example_branch_labels to 2024-06-04T00:00:00+00:00, run_after=2024-06-05T00:00:00+00:00
[2024-06-04T23:50:12.784+0000] {processor.py:175} INFO - Processing /home/airflow/.local/lib/python3.7/site-packages/airflow/example_dags/example_branch_labels.py took 0.119 seconds
[2024-06-04T23:50:43.209+0000] {processor.py:153} INFO - Started process (PID=6159) to work on /home/airflow/.local/lib/python3.7/site-packages/airflow/example_dags/example_branch_labels.py
[2024-06-04T23:50:43.209+0000] {processor.py:743} INFO - Processing file /home/airflow/.local/lib/python3.7/site-packages/airflow/example_dags/example_branch_labels.py for tasks to queue
[2024-06-04T23:50:43.210+0000] {logging_mixin.py:137} INFO - [2024-06-04T23:50:43.210+0000] {dagbag.py:538} INFO - Filling up the DagBag from /home/airflow/.local/lib/python3.7/site-packages/airflow/example_dags/example_branch_labels.py
[2024-06-04T23:50:43.220+0000] {processor.py:753} INFO - DAG(s) dict_keys(['example_branch_labels']) retrieved from /home/airflow/.local/lib/python3.7/site-packages/airflow/example_dags/example_branch_labels.py
[2024-06-04T23:50:43.239+0000] {logging_mixin.py:137} INFO - [2024-06-04T23:50:43.239+0000] {dag.py:2690} INFO - Sync 1 DAGs
[2024-06-04T23:50:43.259+0000] {logging_mixin.py:137} INFO - [2024-06-04T23:50:43.259+0000] {dag.py:3441} INFO - Setting next_dagrun for example_branch_labels to 2024-06-04T00:00:00+00:00, run_after=2024-06-05T00:00:00+00:00
[2024-06-04T23:50:43.272+0000] {processor.py:175} INFO - Processing /home/airflow/.local/lib/python3.7/site-packages/airflow/example_dags/example_branch_labels.py took 0.066 seconds
[2024-06-04T23:51:13.485+0000] {processor.py:153} INFO - Started process (PID=6506) to work on /home/airflow/.local/lib/python3.7/site-packages/airflow/example_dags/example_branch_labels.py
[2024-06-04T23:51:13.486+0000] {processor.py:743} INFO - Processing file /home/airflow/.local/lib/python3.7/site-packages/airflow/example_dags/example_branch_labels.py for tasks to queue
[2024-06-04T23:51:13.487+0000] {logging_mixin.py:137} INFO - [2024-06-04T23:51:13.487+0000] {dagbag.py:538} INFO - Filling up the DagBag from /home/airflow/.local/lib/python3.7/site-packages/airflow/example_dags/example_branch_labels.py
[2024-06-04T23:51:13.500+0000] {processor.py:753} INFO - DAG(s) dict_keys(['example_branch_labels']) retrieved from /home/airflow/.local/lib/python3.7/site-packages/airflow/example_dags/example_branch_labels.py
[2024-06-04T23:51:13.522+0000] {logging_mixin.py:137} INFO - [2024-06-04T23:51:13.522+0000] {dag.py:2690} INFO - Sync 1 DAGs
[2024-06-04T23:51:13.550+0000] {logging_mixin.py:137} INFO - [2024-06-04T23:51:13.549+0000] {dag.py:3441} INFO - Setting next_dagrun for example_branch_labels to 2024-06-04T00:00:00+00:00, run_after=2024-06-05T00:00:00+00:00
[2024-06-04T23:51:13.566+0000] {processor.py:175} INFO - Processing /home/airflow/.local/lib/python3.7/site-packages/airflow/example_dags/example_branch_labels.py took 0.083 seconds
[2024-06-04T23:51:43.599+0000] {processor.py:153} INFO - Started process (PID=6851) to work on /home/airflow/.local/lib/python3.7/site-packages/airflow/example_dags/example_branch_labels.py
[2024-06-04T23:51:43.600+0000] {processor.py:743} INFO - Processing file /home/airflow/.local/lib/python3.7/site-packages/airflow/example_dags/example_branch_labels.py for tasks to queue
[2024-06-04T23:51:43.600+0000] {logging_mixin.py:137} INFO - [2024-06-04T23:51:43.600+0000] {dagbag.py:538} INFO - Filling up the DagBag from /home/airflow/.local/lib/python3.7/site-packages/airflow/example_dags/example_branch_labels.py
[2024-06-04T23:51:43.610+0000] {processor.py:753} INFO - DAG(s) dict_keys(['example_branch_labels']) retrieved from /home/airflow/.local/lib/python3.7/site-packages/airflow/example_dags/example_branch_labels.py
[2024-06-04T23:51:43.629+0000] {logging_mixin.py:137} INFO - [2024-06-04T23:51:43.629+0000] {dag.py:2690} INFO - Sync 1 DAGs
[2024-06-04T23:51:43.648+0000] {logging_mixin.py:137} INFO - [2024-06-04T23:51:43.648+0000] {dag.py:3441} INFO - Setting next_dagrun for example_branch_labels to 2024-06-04T00:00:00+00:00, run_after=2024-06-05T00:00:00+00:00
[2024-06-04T23:51:43.660+0000] {processor.py:175} INFO - Processing /home/airflow/.local/lib/python3.7/site-packages/airflow/example_dags/example_branch_labels.py took 0.063 seconds
[2024-06-04T23:52:14.022+0000] {processor.py:153} INFO - Started process (PID=7183) to work on /home/airflow/.local/lib/python3.7/site-packages/airflow/example_dags/example_branch_labels.py
[2024-06-04T23:52:14.023+0000] {processor.py:743} INFO - Processing file /home/airflow/.local/lib/python3.7/site-packages/airflow/example_dags/example_branch_labels.py for tasks to queue
[2024-06-04T23:52:14.024+0000] {logging_mixin.py:137} INFO - [2024-06-04T23:52:14.024+0000] {dagbag.py:538} INFO - Filling up the DagBag from /home/airflow/.local/lib/python3.7/site-packages/airflow/example_dags/example_branch_labels.py
[2024-06-04T23:52:14.043+0000] {processor.py:753} INFO - DAG(s) dict_keys(['example_branch_labels']) retrieved from /home/airflow/.local/lib/python3.7/site-packages/airflow/example_dags/example_branch_labels.py
[2024-06-04T23:52:14.073+0000] {logging_mixin.py:137} INFO - [2024-06-04T23:52:14.073+0000] {dag.py:2690} INFO - Sync 1 DAGs
[2024-06-04T23:52:14.105+0000] {logging_mixin.py:137} INFO - [2024-06-04T23:52:14.104+0000] {dag.py:3441} INFO - Setting next_dagrun for example_branch_labels to 2024-06-04T00:00:00+00:00, run_after=2024-06-05T00:00:00+00:00
[2024-06-04T23:52:14.127+0000] {processor.py:175} INFO - Processing /home/airflow/.local/lib/python3.7/site-packages/airflow/example_dags/example_branch_labels.py took 0.110 seconds
[2024-06-04T23:52:44.155+0000] {processor.py:153} INFO - Started process (PID=7525) to work on /home/airflow/.local/lib/python3.7/site-packages/airflow/example_dags/example_branch_labels.py
[2024-06-04T23:52:44.155+0000] {processor.py:743} INFO - Processing file /home/airflow/.local/lib/python3.7/site-packages/airflow/example_dags/example_branch_labels.py for tasks to queue
[2024-06-04T23:52:44.156+0000] {logging_mixin.py:137} INFO - [2024-06-04T23:52:44.156+0000] {dagbag.py:538} INFO - Filling up the DagBag from /home/airflow/.local/lib/python3.7/site-packages/airflow/example_dags/example_branch_labels.py
[2024-06-04T23:52:44.166+0000] {processor.py:753} INFO - DAG(s) dict_keys(['example_branch_labels']) retrieved from /home/airflow/.local/lib/python3.7/site-packages/airflow/example_dags/example_branch_labels.py
[2024-06-04T23:52:44.186+0000] {logging_mixin.py:137} INFO - [2024-06-04T23:52:44.185+0000] {dag.py:2690} INFO - Sync 1 DAGs
[2024-06-04T23:52:44.207+0000] {logging_mixin.py:137} INFO - [2024-06-04T23:52:44.207+0000] {dag.py:3441} INFO - Setting next_dagrun for example_branch_labels to 2024-06-04T00:00:00+00:00, run_after=2024-06-05T00:00:00+00:00
[2024-06-04T23:52:44.220+0000] {processor.py:175} INFO - Processing /home/airflow/.local/lib/python3.7/site-packages/airflow/example_dags/example_branch_labels.py took 0.067 seconds
[2024-06-04T23:53:14.898+0000] {processor.py:153} INFO - Started process (PID=7891) to work on /home/airflow/.local/lib/python3.7/site-packages/airflow/example_dags/example_branch_labels.py
[2024-06-04T23:53:14.899+0000] {processor.py:743} INFO - Processing file /home/airflow/.local/lib/python3.7/site-packages/airflow/example_dags/example_branch_labels.py for tasks to queue
[2024-06-04T23:53:14.900+0000] {logging_mixin.py:137} INFO - [2024-06-04T23:53:14.900+0000] {dagbag.py:538} INFO - Filling up the DagBag from /home/airflow/.local/lib/python3.7/site-packages/airflow/example_dags/example_branch_labels.py
[2024-06-04T23:53:14.920+0000] {processor.py:753} INFO - DAG(s) dict_keys(['example_branch_labels']) retrieved from /home/airflow/.local/lib/python3.7/site-packages/airflow/example_dags/example_branch_labels.py
[2024-06-04T23:53:14.954+0000] {logging_mixin.py:137} INFO - [2024-06-04T23:53:14.953+0000] {dag.py:2690} INFO - Sync 1 DAGs
[2024-06-04T23:53:14.990+0000] {logging_mixin.py:137} INFO - [2024-06-04T23:53:14.990+0000] {dag.py:3441} INFO - Setting next_dagrun for example_branch_labels to 2024-06-04T00:00:00+00:00, run_after=2024-06-05T00:00:00+00:00
[2024-06-04T23:53:15.015+0000] {processor.py:175} INFO - Processing /home/airflow/.local/lib/python3.7/site-packages/airflow/example_dags/example_branch_labels.py took 0.121 seconds
[2024-06-04T23:53:45.129+0000] {processor.py:153} INFO - Started process (PID=8218) to work on /home/airflow/.local/lib/python3.7/site-packages/airflow/example_dags/example_branch_labels.py
[2024-06-04T23:53:45.130+0000] {processor.py:743} INFO - Processing file /home/airflow/.local/lib/python3.7/site-packages/airflow/example_dags/example_branch_labels.py for tasks to queue
[2024-06-04T23:53:45.131+0000] {logging_mixin.py:137} INFO - [2024-06-04T23:53:45.131+0000] {dagbag.py:538} INFO - Filling up the DagBag from /home/airflow/.local/lib/python3.7/site-packages/airflow/example_dags/example_branch_labels.py
[2024-06-04T23:53:45.141+0000] {processor.py:753} INFO - DAG(s) dict_keys(['example_branch_labels']) retrieved from /home/airflow/.local/lib/python3.7/site-packages/airflow/example_dags/example_branch_labels.py
[2024-06-04T23:53:45.161+0000] {logging_mixin.py:137} INFO - [2024-06-04T23:53:45.161+0000] {dag.py:2690} INFO - Sync 1 DAGs
[2024-06-04T23:53:45.181+0000] {logging_mixin.py:137} INFO - [2024-06-04T23:53:45.181+0000] {dag.py:3441} INFO - Setting next_dagrun for example_branch_labels to 2024-06-04T00:00:00+00:00, run_after=2024-06-05T00:00:00+00:00
[2024-06-04T23:53:45.194+0000] {processor.py:175} INFO - Processing /home/airflow/.local/lib/python3.7/site-packages/airflow/example_dags/example_branch_labels.py took 0.067 seconds
[2024-06-04T23:54:15.729+0000] {processor.py:153} INFO - Started process (PID=8531) to work on /home/airflow/.local/lib/python3.7/site-packages/airflow/example_dags/example_branch_labels.py
[2024-06-04T23:54:15.730+0000] {processor.py:743} INFO - Processing file /home/airflow/.local/lib/python3.7/site-packages/airflow/example_dags/example_branch_labels.py for tasks to queue
[2024-06-04T23:54:15.730+0000] {logging_mixin.py:137} INFO - [2024-06-04T23:54:15.730+0000] {dagbag.py:538} INFO - Filling up the DagBag from /home/airflow/.local/lib/python3.7/site-packages/airflow/example_dags/example_branch_labels.py
[2024-06-04T23:54:15.743+0000] {processor.py:753} INFO - DAG(s) dict_keys(['example_branch_labels']) retrieved from /home/airflow/.local/lib/python3.7/site-packages/airflow/example_dags/example_branch_labels.py
[2024-06-04T23:54:15.764+0000] {logging_mixin.py:137} INFO - [2024-06-04T23:54:15.764+0000] {dag.py:2690} INFO - Sync 1 DAGs
[2024-06-04T23:54:15.787+0000] {logging_mixin.py:137} INFO - [2024-06-04T23:54:15.786+0000] {dag.py:3441} INFO - Setting next_dagrun for example_branch_labels to 2024-06-04T00:00:00+00:00, run_after=2024-06-05T00:00:00+00:00
[2024-06-04T23:54:15.801+0000] {processor.py:175} INFO - Processing /home/airflow/.local/lib/python3.7/site-packages/airflow/example_dags/example_branch_labels.py took 0.074 seconds
[2024-06-04T23:54:45.974+0000] {processor.py:153} INFO - Started process (PID=8670) to work on /home/airflow/.local/lib/python3.7/site-packages/airflow/example_dags/example_branch_labels.py
[2024-06-04T23:54:45.975+0000] {processor.py:743} INFO - Processing file /home/airflow/.local/lib/python3.7/site-packages/airflow/example_dags/example_branch_labels.py for tasks to queue
[2024-06-04T23:54:45.975+0000] {logging_mixin.py:137} INFO - [2024-06-04T23:54:45.975+0000] {dagbag.py:538} INFO - Filling up the DagBag from /home/airflow/.local/lib/python3.7/site-packages/airflow/example_dags/example_branch_labels.py
[2024-06-04T23:54:45.985+0000] {processor.py:753} INFO - DAG(s) dict_keys(['example_branch_labels']) retrieved from /home/airflow/.local/lib/python3.7/site-packages/airflow/example_dags/example_branch_labels.py
[2024-06-04T23:54:46.004+0000] {logging_mixin.py:137} INFO - [2024-06-04T23:54:46.003+0000] {dag.py:2690} INFO - Sync 1 DAGs
[2024-06-04T23:54:46.024+0000] {logging_mixin.py:137} INFO - [2024-06-04T23:54:46.024+0000] {dag.py:3441} INFO - Setting next_dagrun for example_branch_labels to 2024-06-04T00:00:00+00:00, run_after=2024-06-05T00:00:00+00:00
[2024-06-04T23:54:46.036+0000] {processor.py:175} INFO - Processing /home/airflow/.local/lib/python3.7/site-packages/airflow/example_dags/example_branch_labels.py took 0.064 seconds
[2024-06-04T23:55:16.226+0000] {processor.py:153} INFO - Started process (PID=8786) to work on /home/airflow/.local/lib/python3.7/site-packages/airflow/example_dags/example_branch_labels.py
[2024-06-04T23:55:16.227+0000] {processor.py:743} INFO - Processing file /home/airflow/.local/lib/python3.7/site-packages/airflow/example_dags/example_branch_labels.py for tasks to queue
[2024-06-04T23:55:16.227+0000] {logging_mixin.py:137} INFO - [2024-06-04T23:55:16.227+0000] {dagbag.py:538} INFO - Filling up the DagBag from /home/airflow/.local/lib/python3.7/site-packages/airflow/example_dags/example_branch_labels.py
[2024-06-04T23:55:16.238+0000] {processor.py:753} INFO - DAG(s) dict_keys(['example_branch_labels']) retrieved from /home/airflow/.local/lib/python3.7/site-packages/airflow/example_dags/example_branch_labels.py
[2024-06-04T23:55:16.258+0000] {logging_mixin.py:137} INFO - [2024-06-04T23:55:16.258+0000] {dag.py:2690} INFO - Sync 1 DAGs
[2024-06-04T23:55:16.278+0000] {logging_mixin.py:137} INFO - [2024-06-04T23:55:16.278+0000] {dag.py:3441} INFO - Setting next_dagrun for example_branch_labels to 2024-06-04T00:00:00+00:00, run_after=2024-06-05T00:00:00+00:00
[2024-06-04T23:55:16.291+0000] {processor.py:175} INFO - Processing /home/airflow/.local/lib/python3.7/site-packages/airflow/example_dags/example_branch_labels.py took 0.067 seconds
[2024-06-04T23:55:47.097+0000] {processor.py:153} INFO - Started process (PID=8873) to work on /home/airflow/.local/lib/python3.7/site-packages/airflow/example_dags/example_branch_labels.py
[2024-06-04T23:55:47.097+0000] {processor.py:743} INFO - Processing file /home/airflow/.local/lib/python3.7/site-packages/airflow/example_dags/example_branch_labels.py for tasks to queue
[2024-06-04T23:55:47.098+0000] {logging_mixin.py:137} INFO - [2024-06-04T23:55:47.097+0000] {dagbag.py:538} INFO - Filling up the DagBag from /home/airflow/.local/lib/python3.7/site-packages/airflow/example_dags/example_branch_labels.py
[2024-06-04T23:55:47.108+0000] {processor.py:753} INFO - DAG(s) dict_keys(['example_branch_labels']) retrieved from /home/airflow/.local/lib/python3.7/site-packages/airflow/example_dags/example_branch_labels.py
[2024-06-04T23:55:47.126+0000] {logging_mixin.py:137} INFO - [2024-06-04T23:55:47.126+0000] {dag.py:2690} INFO - Sync 1 DAGs
[2024-06-04T23:55:47.145+0000] {logging_mixin.py:137} INFO - [2024-06-04T23:55:47.145+0000] {dag.py:3441} INFO - Setting next_dagrun for example_branch_labels to 2024-06-04T00:00:00+00:00, run_after=2024-06-05T00:00:00+00:00
[2024-06-04T23:55:47.156+0000] {processor.py:175} INFO - Processing /home/airflow/.local/lib/python3.7/site-packages/airflow/example_dags/example_branch_labels.py took 0.062 seconds
[2024-06-04T23:56:17.920+0000] {processor.py:153} INFO - Started process (PID=8992) to work on /home/airflow/.local/lib/python3.7/site-packages/airflow/example_dags/example_branch_labels.py
[2024-06-04T23:56:17.921+0000] {processor.py:743} INFO - Processing file /home/airflow/.local/lib/python3.7/site-packages/airflow/example_dags/example_branch_labels.py for tasks to queue
[2024-06-04T23:56:17.921+0000] {logging_mixin.py:137} INFO - [2024-06-04T23:56:17.921+0000] {dagbag.py:538} INFO - Filling up the DagBag from /home/airflow/.local/lib/python3.7/site-packages/airflow/example_dags/example_branch_labels.py
[2024-06-04T23:56:17.933+0000] {processor.py:753} INFO - DAG(s) dict_keys(['example_branch_labels']) retrieved from /home/airflow/.local/lib/python3.7/site-packages/airflow/example_dags/example_branch_labels.py
[2024-06-04T23:56:17.952+0000] {logging_mixin.py:137} INFO - [2024-06-04T23:56:17.952+0000] {dag.py:2690} INFO - Sync 1 DAGs
[2024-06-04T23:56:17.971+0000] {logging_mixin.py:137} INFO - [2024-06-04T23:56:17.971+0000] {dag.py:3441} INFO - Setting next_dagrun for example_branch_labels to 2024-06-04T00:00:00+00:00, run_after=2024-06-05T00:00:00+00:00
[2024-06-04T23:56:17.985+0000] {processor.py:175} INFO - Processing /home/airflow/.local/lib/python3.7/site-packages/airflow/example_dags/example_branch_labels.py took 0.067 seconds
[2024-06-04T23:56:48.130+0000] {processor.py:153} INFO - Started process (PID=9096) to work on /home/airflow/.local/lib/python3.7/site-packages/airflow/example_dags/example_branch_labels.py
[2024-06-04T23:56:48.132+0000] {processor.py:743} INFO - Processing file /home/airflow/.local/lib/python3.7/site-packages/airflow/example_dags/example_branch_labels.py for tasks to queue
[2024-06-04T23:56:48.132+0000] {logging_mixin.py:137} INFO - [2024-06-04T23:56:48.132+0000] {dagbag.py:538} INFO - Filling up the DagBag from /home/airflow/.local/lib/python3.7/site-packages/airflow/example_dags/example_branch_labels.py
[2024-06-04T23:56:48.143+0000] {processor.py:753} INFO - DAG(s) dict_keys(['example_branch_labels']) retrieved from /home/airflow/.local/lib/python3.7/site-packages/airflow/example_dags/example_branch_labels.py
[2024-06-04T23:56:48.161+0000] {logging_mixin.py:137} INFO - [2024-06-04T23:56:48.161+0000] {dag.py:2690} INFO - Sync 1 DAGs
[2024-06-04T23:56:48.181+0000] {logging_mixin.py:137} INFO - [2024-06-04T23:56:48.181+0000] {dag.py:3441} INFO - Setting next_dagrun for example_branch_labels to 2024-06-04T00:00:00+00:00, run_after=2024-06-05T00:00:00+00:00
[2024-06-04T23:56:48.195+0000] {processor.py:175} INFO - Processing /home/airflow/.local/lib/python3.7/site-packages/airflow/example_dags/example_branch_labels.py took 0.068 seconds
[2024-06-04T23:57:18.266+0000] {processor.py:153} INFO - Started process (PID=9217) to work on /home/airflow/.local/lib/python3.7/site-packages/airflow/example_dags/example_branch_labels.py
[2024-06-04T23:57:18.267+0000] {processor.py:743} INFO - Processing file /home/airflow/.local/lib/python3.7/site-packages/airflow/example_dags/example_branch_labels.py for tasks to queue
[2024-06-04T23:57:18.267+0000] {logging_mixin.py:137} INFO - [2024-06-04T23:57:18.267+0000] {dagbag.py:538} INFO - Filling up the DagBag from /home/airflow/.local/lib/python3.7/site-packages/airflow/example_dags/example_branch_labels.py
[2024-06-04T23:57:18.277+0000] {processor.py:753} INFO - DAG(s) dict_keys(['example_branch_labels']) retrieved from /home/airflow/.local/lib/python3.7/site-packages/airflow/example_dags/example_branch_labels.py
[2024-06-04T23:57:18.296+0000] {logging_mixin.py:137} INFO - [2024-06-04T23:57:18.296+0000] {dag.py:2690} INFO - Sync 1 DAGs
[2024-06-04T23:57:18.315+0000] {logging_mixin.py:137} INFO - [2024-06-04T23:57:18.314+0000] {dag.py:3441} INFO - Setting next_dagrun for example_branch_labels to 2024-06-04T00:00:00+00:00, run_after=2024-06-05T00:00:00+00:00
[2024-06-04T23:57:18.326+0000] {processor.py:175} INFO - Processing /home/airflow/.local/lib/python3.7/site-packages/airflow/example_dags/example_branch_labels.py took 0.062 seconds
[2024-06-04T23:57:48.431+0000] {processor.py:153} INFO - Started process (PID=9311) to work on /home/airflow/.local/lib/python3.7/site-packages/airflow/example_dags/example_branch_labels.py
[2024-06-04T23:57:48.432+0000] {processor.py:743} INFO - Processing file /home/airflow/.local/lib/python3.7/site-packages/airflow/example_dags/example_branch_labels.py for tasks to queue
[2024-06-04T23:57:48.433+0000] {logging_mixin.py:137} INFO - [2024-06-04T23:57:48.433+0000] {dagbag.py:538} INFO - Filling up the DagBag from /home/airflow/.local/lib/python3.7/site-packages/airflow/example_dags/example_branch_labels.py
[2024-06-04T23:57:48.444+0000] {processor.py:753} INFO - DAG(s) dict_keys(['example_branch_labels']) retrieved from /home/airflow/.local/lib/python3.7/site-packages/airflow/example_dags/example_branch_labels.py
[2024-06-04T23:57:48.464+0000] {logging_mixin.py:137} INFO - [2024-06-04T23:57:48.464+0000] {dag.py:2690} INFO - Sync 1 DAGs
[2024-06-04T23:57:48.484+0000] {logging_mixin.py:137} INFO - [2024-06-04T23:57:48.484+0000] {dag.py:3441} INFO - Setting next_dagrun for example_branch_labels to 2024-06-04T00:00:00+00:00, run_after=2024-06-05T00:00:00+00:00
[2024-06-04T23:57:48.497+0000] {processor.py:175} INFO - Processing /home/airflow/.local/lib/python3.7/site-packages/airflow/example_dags/example_branch_labels.py took 0.068 seconds
[2024-06-04T23:58:18.545+0000] {processor.py:153} INFO - Started process (PID=9424) to work on /home/airflow/.local/lib/python3.7/site-packages/airflow/example_dags/example_branch_labels.py
[2024-06-04T23:58:18.545+0000] {processor.py:743} INFO - Processing file /home/airflow/.local/lib/python3.7/site-packages/airflow/example_dags/example_branch_labels.py for tasks to queue
[2024-06-04T23:58:18.546+0000] {logging_mixin.py:137} INFO - [2024-06-04T23:58:18.546+0000] {dagbag.py:538} INFO - Filling up the DagBag from /home/airflow/.local/lib/python3.7/site-packages/airflow/example_dags/example_branch_labels.py
[2024-06-04T23:58:18.556+0000] {processor.py:753} INFO - DAG(s) dict_keys(['example_branch_labels']) retrieved from /home/airflow/.local/lib/python3.7/site-packages/airflow/example_dags/example_branch_labels.py
[2024-06-04T23:58:18.574+0000] {logging_mixin.py:137} INFO - [2024-06-04T23:58:18.574+0000] {dag.py:2690} INFO - Sync 1 DAGs
[2024-06-04T23:58:18.593+0000] {logging_mixin.py:137} INFO - [2024-06-04T23:58:18.593+0000] {dag.py:3441} INFO - Setting next_dagrun for example_branch_labels to 2024-06-04T00:00:00+00:00, run_after=2024-06-05T00:00:00+00:00
[2024-06-04T23:58:18.605+0000] {processor.py:175} INFO - Processing /home/airflow/.local/lib/python3.7/site-packages/airflow/example_dags/example_branch_labels.py took 0.062 seconds
[2024-06-04T23:58:48.778+0000] {processor.py:153} INFO - Started process (PID=9535) to work on /home/airflow/.local/lib/python3.7/site-packages/airflow/example_dags/example_branch_labels.py
[2024-06-04T23:58:48.779+0000] {processor.py:743} INFO - Processing file /home/airflow/.local/lib/python3.7/site-packages/airflow/example_dags/example_branch_labels.py for tasks to queue
[2024-06-04T23:58:48.780+0000] {logging_mixin.py:137} INFO - [2024-06-04T23:58:48.779+0000] {dagbag.py:538} INFO - Filling up the DagBag from /home/airflow/.local/lib/python3.7/site-packages/airflow/example_dags/example_branch_labels.py
[2024-06-04T23:58:48.791+0000] {processor.py:753} INFO - DAG(s) dict_keys(['example_branch_labels']) retrieved from /home/airflow/.local/lib/python3.7/site-packages/airflow/example_dags/example_branch_labels.py
[2024-06-04T23:58:48.815+0000] {logging_mixin.py:137} INFO - [2024-06-04T23:58:48.815+0000] {dag.py:2690} INFO - Sync 1 DAGs
[2024-06-04T23:58:48.839+0000] {logging_mixin.py:137} INFO - [2024-06-04T23:58:48.839+0000] {dag.py:3441} INFO - Setting next_dagrun for example_branch_labels to 2024-06-04T00:00:00+00:00, run_after=2024-06-05T00:00:00+00:00
[2024-06-04T23:58:48.861+0000] {processor.py:175} INFO - Processing /home/airflow/.local/lib/python3.7/site-packages/airflow/example_dags/example_branch_labels.py took 0.085 seconds
[2024-06-04T23:59:19.550+0000] {processor.py:153} INFO - Started process (PID=9627) to work on /home/airflow/.local/lib/python3.7/site-packages/airflow/example_dags/example_branch_labels.py
[2024-06-04T23:59:19.551+0000] {processor.py:743} INFO - Processing file /home/airflow/.local/lib/python3.7/site-packages/airflow/example_dags/example_branch_labels.py for tasks to queue
[2024-06-04T23:59:19.551+0000] {logging_mixin.py:137} INFO - [2024-06-04T23:59:19.551+0000] {dagbag.py:538} INFO - Filling up the DagBag from /home/airflow/.local/lib/python3.7/site-packages/airflow/example_dags/example_branch_labels.py
[2024-06-04T23:59:19.562+0000] {processor.py:753} INFO - DAG(s) dict_keys(['example_branch_labels']) retrieved from /home/airflow/.local/lib/python3.7/site-packages/airflow/example_dags/example_branch_labels.py
[2024-06-04T23:59:19.581+0000] {logging_mixin.py:137} INFO - [2024-06-04T23:59:19.580+0000] {dag.py:2690} INFO - Sync 1 DAGs
[2024-06-04T23:59:19.600+0000] {logging_mixin.py:137} INFO - [2024-06-04T23:59:19.599+0000] {dag.py:3441} INFO - Setting next_dagrun for example_branch_labels to 2024-06-04T00:00:00+00:00, run_after=2024-06-05T00:00:00+00:00
[2024-06-04T23:59:19.611+0000] {processor.py:175} INFO - Processing /home/airflow/.local/lib/python3.7/site-packages/airflow/example_dags/example_branch_labels.py took 0.063 seconds
[2024-06-04T23:59:50.318+0000] {processor.py:153} INFO - Started process (PID=9738) to work on /home/airflow/.local/lib/python3.7/site-packages/airflow/example_dags/example_branch_labels.py
[2024-06-04T23:59:50.318+0000] {processor.py:743} INFO - Processing file /home/airflow/.local/lib/python3.7/site-packages/airflow/example_dags/example_branch_labels.py for tasks to queue
[2024-06-04T23:59:50.319+0000] {logging_mixin.py:137} INFO - [2024-06-04T23:59:50.318+0000] {dagbag.py:538} INFO - Filling up the DagBag from /home/airflow/.local/lib/python3.7/site-packages/airflow/example_dags/example_branch_labels.py
[2024-06-04T23:59:50.330+0000] {processor.py:753} INFO - DAG(s) dict_keys(['example_branch_labels']) retrieved from /home/airflow/.local/lib/python3.7/site-packages/airflow/example_dags/example_branch_labels.py
[2024-06-04T23:59:50.350+0000] {logging_mixin.py:137} INFO - [2024-06-04T23:59:50.350+0000] {dag.py:2690} INFO - Sync 1 DAGs
[2024-06-04T23:59:50.372+0000] {logging_mixin.py:137} INFO - [2024-06-04T23:59:50.372+0000] {dag.py:3441} INFO - Setting next_dagrun for example_branch_labels to 2024-06-04T00:00:00+00:00, run_after=2024-06-05T00:00:00+00:00
[2024-06-04T23:59:50.386+0000] {processor.py:175} INFO - Processing /home/airflow/.local/lib/python3.7/site-packages/airflow/example_dags/example_branch_labels.py took 0.070 seconds
