[2024-06-04T23:37:27.725+0000] {processor.py:153} INFO - Started process (PID=73) to work on /home/airflow/.local/lib/python3.7/site-packages/airflow/example_dags/example_short_circuit_operator.py
[2024-06-04T23:37:27.726+0000] {processor.py:743} INFO - Processing file /home/airflow/.local/lib/python3.7/site-packages/airflow/example_dags/example_short_circuit_operator.py for tasks to queue
[2024-06-04T23:37:27.726+0000] {logging_mixin.py:137} INFO - [2024-06-04T23:37:27.726+0000] {dagbag.py:538} INFO - Filling up the DagBag from /home/airflow/.local/lib/python3.7/site-packages/airflow/example_dags/example_short_circuit_operator.py
[2024-06-04T23:37:27.740+0000] {processor.py:753} INFO - DAG(s) dict_keys(['example_short_circuit_operator']) retrieved from /home/airflow/.local/lib/python3.7/site-packages/airflow/example_dags/example_short_circuit_operator.py
[2024-06-04T23:37:27.828+0000] {logging_mixin.py:137} INFO - [2024-06-04T23:37:27.828+0000] {manager.py:504} INFO - Created Permission View: can edit on DAG:example_short_circuit_operator
[2024-06-04T23:37:27.835+0000] {logging_mixin.py:137} INFO - [2024-06-04T23:37:27.835+0000] {manager.py:504} INFO - Created Permission View: can read on DAG:example_short_circuit_operator
[2024-06-04T23:37:27.840+0000] {logging_mixin.py:137} INFO - [2024-06-04T23:37:27.840+0000] {manager.py:504} INFO - Created Permission View: can delete on DAG:example_short_circuit_operator
[2024-06-04T23:37:27.840+0000] {logging_mixin.py:137} INFO - [2024-06-04T23:37:27.840+0000] {dag.py:2690} INFO - Sync 1 DAGs
[2024-06-04T23:37:27.851+0000] {logging_mixin.py:137} INFO - [2024-06-04T23:37:27.851+0000] {dag.py:2711} INFO - Creating ORM DAG for example_short_circuit_operator
[2024-06-04T23:37:27.861+0000] {logging_mixin.py:137} INFO - [2024-06-04T23:37:27.861+0000] {dag.py:3441} INFO - Setting next_dagrun for example_short_circuit_operator to 2024-06-03T23:37:27.861397+00:00, run_after=2024-06-04T23:37:27.861397+00:00
[2024-06-04T23:37:27.876+0000] {processor.py:175} INFO - Processing /home/airflow/.local/lib/python3.7/site-packages/airflow/example_dags/example_short_circuit_operator.py took 0.154 seconds
[2024-06-04T23:37:57.990+0000] {processor.py:153} INFO - Started process (PID=184) to work on /home/airflow/.local/lib/python3.7/site-packages/airflow/example_dags/example_short_circuit_operator.py
[2024-06-04T23:37:57.990+0000] {processor.py:743} INFO - Processing file /home/airflow/.local/lib/python3.7/site-packages/airflow/example_dags/example_short_circuit_operator.py for tasks to queue
[2024-06-04T23:37:57.991+0000] {logging_mixin.py:137} INFO - [2024-06-04T23:37:57.990+0000] {dagbag.py:538} INFO - Filling up the DagBag from /home/airflow/.local/lib/python3.7/site-packages/airflow/example_dags/example_short_circuit_operator.py
[2024-06-04T23:37:58.003+0000] {processor.py:753} INFO - DAG(s) dict_keys(['example_short_circuit_operator']) retrieved from /home/airflow/.local/lib/python3.7/site-packages/airflow/example_dags/example_short_circuit_operator.py
[2024-06-04T23:37:58.021+0000] {logging_mixin.py:137} INFO - [2024-06-04T23:37:58.021+0000] {dag.py:2690} INFO - Sync 1 DAGs
[2024-06-04T23:37:58.038+0000] {logging_mixin.py:137} INFO - [2024-06-04T23:37:58.038+0000] {dag.py:3441} INFO - Setting next_dagrun for example_short_circuit_operator to 2024-06-03T23:37:58.038460+00:00, run_after=2024-06-04T23:37:58.038460+00:00
[2024-06-04T23:37:58.051+0000] {processor.py:175} INFO - Processing /home/airflow/.local/lib/python3.7/site-packages/airflow/example_dags/example_short_circuit_operator.py took 0.064 seconds
[2024-06-04T23:38:28.937+0000] {processor.py:153} INFO - Started process (PID=295) to work on /home/airflow/.local/lib/python3.7/site-packages/airflow/example_dags/example_short_circuit_operator.py
[2024-06-04T23:38:28.937+0000] {processor.py:743} INFO - Processing file /home/airflow/.local/lib/python3.7/site-packages/airflow/example_dags/example_short_circuit_operator.py for tasks to queue
[2024-06-04T23:38:28.938+0000] {logging_mixin.py:137} INFO - [2024-06-04T23:38:28.938+0000] {dagbag.py:538} INFO - Filling up the DagBag from /home/airflow/.local/lib/python3.7/site-packages/airflow/example_dags/example_short_circuit_operator.py
[2024-06-04T23:38:28.952+0000] {processor.py:753} INFO - DAG(s) dict_keys(['example_short_circuit_operator']) retrieved from /home/airflow/.local/lib/python3.7/site-packages/airflow/example_dags/example_short_circuit_operator.py
[2024-06-04T23:38:28.975+0000] {logging_mixin.py:137} INFO - [2024-06-04T23:38:28.975+0000] {dag.py:2690} INFO - Sync 1 DAGs
[2024-06-04T23:38:28.999+0000] {logging_mixin.py:137} INFO - [2024-06-04T23:38:28.999+0000] {dag.py:3441} INFO - Setting next_dagrun for example_short_circuit_operator to 2024-06-03T23:38:28.999017+00:00, run_after=2024-06-04T23:38:28.999017+00:00
[2024-06-04T23:38:29.014+0000] {processor.py:175} INFO - Processing /home/airflow/.local/lib/python3.7/site-packages/airflow/example_dags/example_short_circuit_operator.py took 0.080 seconds
[2024-06-04T23:38:59.710+0000] {processor.py:153} INFO - Started process (PID=382) to work on /home/airflow/.local/lib/python3.7/site-packages/airflow/example_dags/example_short_circuit_operator.py
[2024-06-04T23:38:59.711+0000] {processor.py:743} INFO - Processing file /home/airflow/.local/lib/python3.7/site-packages/airflow/example_dags/example_short_circuit_operator.py for tasks to queue
[2024-06-04T23:38:59.711+0000] {logging_mixin.py:137} INFO - [2024-06-04T23:38:59.711+0000] {dagbag.py:538} INFO - Filling up the DagBag from /home/airflow/.local/lib/python3.7/site-packages/airflow/example_dags/example_short_circuit_operator.py
[2024-06-04T23:38:59.723+0000] {processor.py:753} INFO - DAG(s) dict_keys(['example_short_circuit_operator']) retrieved from /home/airflow/.local/lib/python3.7/site-packages/airflow/example_dags/example_short_circuit_operator.py
[2024-06-04T23:38:59.742+0000] {logging_mixin.py:137} INFO - [2024-06-04T23:38:59.742+0000] {dag.py:2690} INFO - Sync 1 DAGs
[2024-06-04T23:38:59.760+0000] {logging_mixin.py:137} INFO - [2024-06-04T23:38:59.760+0000] {dag.py:3441} INFO - Setting next_dagrun for example_short_circuit_operator to 2024-06-03T23:38:59.760201+00:00, run_after=2024-06-04T23:38:59.760201+00:00
[2024-06-04T23:38:59.774+0000] {processor.py:175} INFO - Processing /home/airflow/.local/lib/python3.7/site-packages/airflow/example_dags/example_short_circuit_operator.py took 0.066 seconds
[2024-06-04T23:39:30.407+0000] {processor.py:153} INFO - Started process (PID=493) to work on /home/airflow/.local/lib/python3.7/site-packages/airflow/example_dags/example_short_circuit_operator.py
[2024-06-04T23:39:30.408+0000] {processor.py:743} INFO - Processing file /home/airflow/.local/lib/python3.7/site-packages/airflow/example_dags/example_short_circuit_operator.py for tasks to queue
[2024-06-04T23:39:30.408+0000] {logging_mixin.py:137} INFO - [2024-06-04T23:39:30.408+0000] {dagbag.py:538} INFO - Filling up the DagBag from /home/airflow/.local/lib/python3.7/site-packages/airflow/example_dags/example_short_circuit_operator.py
[2024-06-04T23:39:30.419+0000] {processor.py:753} INFO - DAG(s) dict_keys(['example_short_circuit_operator']) retrieved from /home/airflow/.local/lib/python3.7/site-packages/airflow/example_dags/example_short_circuit_operator.py
[2024-06-04T23:39:30.439+0000] {logging_mixin.py:137} INFO - [2024-06-04T23:39:30.438+0000] {dag.py:2690} INFO - Sync 1 DAGs
[2024-06-04T23:39:30.457+0000] {logging_mixin.py:137} INFO - [2024-06-04T23:39:30.457+0000] {dag.py:3441} INFO - Setting next_dagrun for example_short_circuit_operator to 2024-06-03T23:39:30.456988+00:00, run_after=2024-06-04T23:39:30.456988+00:00
[2024-06-04T23:39:30.469+0000] {processor.py:175} INFO - Processing /home/airflow/.local/lib/python3.7/site-packages/airflow/example_dags/example_short_circuit_operator.py took 0.064 seconds
[2024-06-04T23:40:01.119+0000] {processor.py:153} INFO - Started process (PID=580) to work on /home/airflow/.local/lib/python3.7/site-packages/airflow/example_dags/example_short_circuit_operator.py
[2024-06-04T23:40:01.120+0000] {processor.py:743} INFO - Processing file /home/airflow/.local/lib/python3.7/site-packages/airflow/example_dags/example_short_circuit_operator.py for tasks to queue
[2024-06-04T23:40:01.120+0000] {logging_mixin.py:137} INFO - [2024-06-04T23:40:01.120+0000] {dagbag.py:538} INFO - Filling up the DagBag from /home/airflow/.local/lib/python3.7/site-packages/airflow/example_dags/example_short_circuit_operator.py
[2024-06-04T23:40:01.131+0000] {processor.py:753} INFO - DAG(s) dict_keys(['example_short_circuit_operator']) retrieved from /home/airflow/.local/lib/python3.7/site-packages/airflow/example_dags/example_short_circuit_operator.py
[2024-06-04T23:40:01.149+0000] {logging_mixin.py:137} INFO - [2024-06-04T23:40:01.149+0000] {dag.py:2690} INFO - Sync 1 DAGs
[2024-06-04T23:40:01.166+0000] {logging_mixin.py:137} INFO - [2024-06-04T23:40:01.165+0000] {dag.py:3441} INFO - Setting next_dagrun for example_short_circuit_operator to 2024-06-03T23:40:01.165771+00:00, run_after=2024-06-04T23:40:01.165771+00:00
[2024-06-04T23:40:01.178+0000] {processor.py:175} INFO - Processing /home/airflow/.local/lib/python3.7/site-packages/airflow/example_dags/example_short_circuit_operator.py took 0.061 seconds
[2024-06-04T23:40:31.806+0000] {processor.py:153} INFO - Started process (PID=691) to work on /home/airflow/.local/lib/python3.7/site-packages/airflow/example_dags/example_short_circuit_operator.py
[2024-06-04T23:40:31.807+0000] {processor.py:743} INFO - Processing file /home/airflow/.local/lib/python3.7/site-packages/airflow/example_dags/example_short_circuit_operator.py for tasks to queue
[2024-06-04T23:40:31.807+0000] {logging_mixin.py:137} INFO - [2024-06-04T23:40:31.807+0000] {dagbag.py:538} INFO - Filling up the DagBag from /home/airflow/.local/lib/python3.7/site-packages/airflow/example_dags/example_short_circuit_operator.py
[2024-06-04T23:40:31.818+0000] {processor.py:753} INFO - DAG(s) dict_keys(['example_short_circuit_operator']) retrieved from /home/airflow/.local/lib/python3.7/site-packages/airflow/example_dags/example_short_circuit_operator.py
[2024-06-04T23:40:31.838+0000] {logging_mixin.py:137} INFO - [2024-06-04T23:40:31.838+0000] {dag.py:2690} INFO - Sync 1 DAGs
[2024-06-04T23:40:31.855+0000] {logging_mixin.py:137} INFO - [2024-06-04T23:40:31.855+0000] {dag.py:3441} INFO - Setting next_dagrun for example_short_circuit_operator to 2024-06-03T23:40:31.855659+00:00, run_after=2024-06-04T23:40:31.855659+00:00
[2024-06-04T23:40:31.868+0000] {processor.py:175} INFO - Processing /home/airflow/.local/lib/python3.7/site-packages/airflow/example_dags/example_short_circuit_operator.py took 0.064 seconds
[2024-06-04T23:41:02.540+0000] {processor.py:153} INFO - Started process (PID=802) to work on /home/airflow/.local/lib/python3.7/site-packages/airflow/example_dags/example_short_circuit_operator.py
[2024-06-04T23:41:02.541+0000] {processor.py:743} INFO - Processing file /home/airflow/.local/lib/python3.7/site-packages/airflow/example_dags/example_short_circuit_operator.py for tasks to queue
[2024-06-04T23:41:02.541+0000] {logging_mixin.py:137} INFO - [2024-06-04T23:41:02.541+0000] {dagbag.py:538} INFO - Filling up the DagBag from /home/airflow/.local/lib/python3.7/site-packages/airflow/example_dags/example_short_circuit_operator.py
[2024-06-04T23:41:02.553+0000] {processor.py:753} INFO - DAG(s) dict_keys(['example_short_circuit_operator']) retrieved from /home/airflow/.local/lib/python3.7/site-packages/airflow/example_dags/example_short_circuit_operator.py
[2024-06-04T23:41:02.572+0000] {logging_mixin.py:137} INFO - [2024-06-04T23:41:02.572+0000] {dag.py:2690} INFO - Sync 1 DAGs
[2024-06-04T23:41:02.589+0000] {logging_mixin.py:137} INFO - [2024-06-04T23:41:02.589+0000] {dag.py:3441} INFO - Setting next_dagrun for example_short_circuit_operator to 2024-06-03T23:41:02.589588+00:00, run_after=2024-06-04T23:41:02.589588+00:00
[2024-06-04T23:41:02.602+0000] {processor.py:175} INFO - Processing /home/airflow/.local/lib/python3.7/site-packages/airflow/example_dags/example_short_circuit_operator.py took 0.063 seconds
[2024-06-04T23:41:33.238+0000] {processor.py:153} INFO - Started process (PID=889) to work on /home/airflow/.local/lib/python3.7/site-packages/airflow/example_dags/example_short_circuit_operator.py
[2024-06-04T23:41:33.238+0000] {processor.py:743} INFO - Processing file /home/airflow/.local/lib/python3.7/site-packages/airflow/example_dags/example_short_circuit_operator.py for tasks to queue
[2024-06-04T23:41:33.239+0000] {logging_mixin.py:137} INFO - [2024-06-04T23:41:33.239+0000] {dagbag.py:538} INFO - Filling up the DagBag from /home/airflow/.local/lib/python3.7/site-packages/airflow/example_dags/example_short_circuit_operator.py
[2024-06-04T23:41:33.250+0000] {processor.py:753} INFO - DAG(s) dict_keys(['example_short_circuit_operator']) retrieved from /home/airflow/.local/lib/python3.7/site-packages/airflow/example_dags/example_short_circuit_operator.py
[2024-06-04T23:41:33.269+0000] {logging_mixin.py:137} INFO - [2024-06-04T23:41:33.269+0000] {dag.py:2690} INFO - Sync 1 DAGs
[2024-06-04T23:41:33.286+0000] {logging_mixin.py:137} INFO - [2024-06-04T23:41:33.286+0000] {dag.py:3441} INFO - Setting next_dagrun for example_short_circuit_operator to 2024-06-03T23:41:33.285888+00:00, run_after=2024-06-04T23:41:33.285888+00:00
[2024-06-04T23:41:33.298+0000] {processor.py:175} INFO - Processing /home/airflow/.local/lib/python3.7/site-packages/airflow/example_dags/example_short_circuit_operator.py took 0.062 seconds
[2024-06-04T23:42:04.187+0000] {processor.py:153} INFO - Started process (PID=1000) to work on /home/airflow/.local/lib/python3.7/site-packages/airflow/example_dags/example_short_circuit_operator.py
[2024-06-04T23:42:04.187+0000] {processor.py:743} INFO - Processing file /home/airflow/.local/lib/python3.7/site-packages/airflow/example_dags/example_short_circuit_operator.py for tasks to queue
[2024-06-04T23:42:04.188+0000] {logging_mixin.py:137} INFO - [2024-06-04T23:42:04.187+0000] {dagbag.py:538} INFO - Filling up the DagBag from /home/airflow/.local/lib/python3.7/site-packages/airflow/example_dags/example_short_circuit_operator.py
[2024-06-04T23:42:04.199+0000] {processor.py:753} INFO - DAG(s) dict_keys(['example_short_circuit_operator']) retrieved from /home/airflow/.local/lib/python3.7/site-packages/airflow/example_dags/example_short_circuit_operator.py
[2024-06-04T23:42:04.218+0000] {logging_mixin.py:137} INFO - [2024-06-04T23:42:04.218+0000] {dag.py:2690} INFO - Sync 1 DAGs
[2024-06-04T23:42:04.236+0000] {logging_mixin.py:137} INFO - [2024-06-04T23:42:04.236+0000] {dag.py:3441} INFO - Setting next_dagrun for example_short_circuit_operator to 2024-06-03T23:42:04.236379+00:00, run_after=2024-06-04T23:42:04.236379+00:00
[2024-06-04T23:42:04.249+0000] {processor.py:175} INFO - Processing /home/airflow/.local/lib/python3.7/site-packages/airflow/example_dags/example_short_circuit_operator.py took 0.065 seconds
[2024-06-04T23:42:34.292+0000] {processor.py:153} INFO - Started process (PID=1096) to work on /home/airflow/.local/lib/python3.7/site-packages/airflow/example_dags/example_short_circuit_operator.py
[2024-06-04T23:42:34.293+0000] {processor.py:743} INFO - Processing file /home/airflow/.local/lib/python3.7/site-packages/airflow/example_dags/example_short_circuit_operator.py for tasks to queue
[2024-06-04T23:42:34.293+0000] {logging_mixin.py:137} INFO - [2024-06-04T23:42:34.293+0000] {dagbag.py:538} INFO - Filling up the DagBag from /home/airflow/.local/lib/python3.7/site-packages/airflow/example_dags/example_short_circuit_operator.py
[2024-06-04T23:42:34.305+0000] {processor.py:753} INFO - DAG(s) dict_keys(['example_short_circuit_operator']) retrieved from /home/airflow/.local/lib/python3.7/site-packages/airflow/example_dags/example_short_circuit_operator.py
[2024-06-04T23:42:34.324+0000] {logging_mixin.py:137} INFO - [2024-06-04T23:42:34.323+0000] {dag.py:2690} INFO - Sync 1 DAGs
[2024-06-04T23:42:34.342+0000] {logging_mixin.py:137} INFO - [2024-06-04T23:42:34.342+0000] {dag.py:3441} INFO - Setting next_dagrun for example_short_circuit_operator to 2024-06-03T23:42:34.341869+00:00, run_after=2024-06-04T23:42:34.341869+00:00
[2024-06-04T23:42:34.354+0000] {processor.py:175} INFO - Processing /home/airflow/.local/lib/python3.7/site-packages/airflow/example_dags/example_short_circuit_operator.py took 0.064 seconds
[2024-06-04T23:43:05.078+0000] {processor.py:153} INFO - Started process (PID=1198) to work on /home/airflow/.local/lib/python3.7/site-packages/airflow/example_dags/example_short_circuit_operator.py
[2024-06-04T23:43:05.078+0000] {processor.py:743} INFO - Processing file /home/airflow/.local/lib/python3.7/site-packages/airflow/example_dags/example_short_circuit_operator.py for tasks to queue
[2024-06-04T23:43:05.079+0000] {logging_mixin.py:137} INFO - [2024-06-04T23:43:05.079+0000] {dagbag.py:538} INFO - Filling up the DagBag from /home/airflow/.local/lib/python3.7/site-packages/airflow/example_dags/example_short_circuit_operator.py
[2024-06-04T23:43:05.090+0000] {processor.py:753} INFO - DAG(s) dict_keys(['example_short_circuit_operator']) retrieved from /home/airflow/.local/lib/python3.7/site-packages/airflow/example_dags/example_short_circuit_operator.py
[2024-06-04T23:43:05.109+0000] {logging_mixin.py:137} INFO - [2024-06-04T23:43:05.109+0000] {dag.py:2690} INFO - Sync 1 DAGs
[2024-06-04T23:43:05.126+0000] {logging_mixin.py:137} INFO - [2024-06-04T23:43:05.126+0000] {dag.py:3441} INFO - Setting next_dagrun for example_short_circuit_operator to 2024-06-03T23:43:05.126663+00:00, run_after=2024-06-04T23:43:05.126663+00:00
[2024-06-04T23:43:05.139+0000] {processor.py:175} INFO - Processing /home/airflow/.local/lib/python3.7/site-packages/airflow/example_dags/example_short_circuit_operator.py took 0.064 seconds
[2024-06-04T23:43:35.918+0000] {processor.py:153} INFO - Started process (PID=1309) to work on /home/airflow/.local/lib/python3.7/site-packages/airflow/example_dags/example_short_circuit_operator.py
[2024-06-04T23:43:35.919+0000] {processor.py:743} INFO - Processing file /home/airflow/.local/lib/python3.7/site-packages/airflow/example_dags/example_short_circuit_operator.py for tasks to queue
[2024-06-04T23:43:35.919+0000] {logging_mixin.py:137} INFO - [2024-06-04T23:43:35.919+0000] {dagbag.py:538} INFO - Filling up the DagBag from /home/airflow/.local/lib/python3.7/site-packages/airflow/example_dags/example_short_circuit_operator.py
[2024-06-04T23:43:35.931+0000] {processor.py:753} INFO - DAG(s) dict_keys(['example_short_circuit_operator']) retrieved from /home/airflow/.local/lib/python3.7/site-packages/airflow/example_dags/example_short_circuit_operator.py
[2024-06-04T23:43:35.953+0000] {logging_mixin.py:137} INFO - [2024-06-04T23:43:35.953+0000] {dag.py:2690} INFO - Sync 1 DAGs
[2024-06-04T23:43:35.973+0000] {logging_mixin.py:137} INFO - [2024-06-04T23:43:35.973+0000] {dag.py:3441} INFO - Setting next_dagrun for example_short_circuit_operator to 2024-06-03T23:43:35.972772+00:00, run_after=2024-06-04T23:43:35.972772+00:00
[2024-06-04T23:43:35.988+0000] {processor.py:175} INFO - Processing /home/airflow/.local/lib/python3.7/site-packages/airflow/example_dags/example_short_circuit_operator.py took 0.072 seconds
[2024-06-04T23:44:07.770+0000] {processor.py:153} INFO - Started process (PID=1516) to work on /home/airflow/.local/lib/python3.7/site-packages/airflow/example_dags/example_short_circuit_operator.py
[2024-06-04T23:44:07.770+0000] {processor.py:743} INFO - Processing file /home/airflow/.local/lib/python3.7/site-packages/airflow/example_dags/example_short_circuit_operator.py for tasks to queue
[2024-06-04T23:44:07.771+0000] {logging_mixin.py:137} INFO - [2024-06-04T23:44:07.771+0000] {dagbag.py:538} INFO - Filling up the DagBag from /home/airflow/.local/lib/python3.7/site-packages/airflow/example_dags/example_short_circuit_operator.py
[2024-06-04T23:44:07.784+0000] {processor.py:753} INFO - DAG(s) dict_keys(['example_short_circuit_operator']) retrieved from /home/airflow/.local/lib/python3.7/site-packages/airflow/example_dags/example_short_circuit_operator.py
[2024-06-04T23:44:07.806+0000] {logging_mixin.py:137} INFO - [2024-06-04T23:44:07.806+0000] {dag.py:2690} INFO - Sync 1 DAGs
[2024-06-04T23:44:07.827+0000] {logging_mixin.py:137} INFO - [2024-06-04T23:44:07.827+0000] {dag.py:3441} INFO - Setting next_dagrun for example_short_circuit_operator to 2024-06-03T23:44:07.827442+00:00, run_after=2024-06-04T23:44:07.827442+00:00
[2024-06-04T23:44:07.842+0000] {processor.py:175} INFO - Processing /home/airflow/.local/lib/python3.7/site-packages/airflow/example_dags/example_short_circuit_operator.py took 0.075 seconds
[2024-06-04T23:44:38.094+0000] {processor.py:153} INFO - Started process (PID=1881) to work on /home/airflow/.local/lib/python3.7/site-packages/airflow/example_dags/example_short_circuit_operator.py
[2024-06-04T23:44:38.095+0000] {processor.py:743} INFO - Processing file /home/airflow/.local/lib/python3.7/site-packages/airflow/example_dags/example_short_circuit_operator.py for tasks to queue
[2024-06-04T23:44:38.095+0000] {logging_mixin.py:137} INFO - [2024-06-04T23:44:38.095+0000] {dagbag.py:538} INFO - Filling up the DagBag from /home/airflow/.local/lib/python3.7/site-packages/airflow/example_dags/example_short_circuit_operator.py
[2024-06-04T23:44:38.109+0000] {processor.py:753} INFO - DAG(s) dict_keys(['example_short_circuit_operator']) retrieved from /home/airflow/.local/lib/python3.7/site-packages/airflow/example_dags/example_short_circuit_operator.py
[2024-06-04T23:44:38.129+0000] {logging_mixin.py:137} INFO - [2024-06-04T23:44:38.129+0000] {dag.py:2690} INFO - Sync 1 DAGs
[2024-06-04T23:44:38.149+0000] {logging_mixin.py:137} INFO - [2024-06-04T23:44:38.149+0000] {dag.py:3441} INFO - Setting next_dagrun for example_short_circuit_operator to 2024-06-04T23:44:07.827442+00:00, run_after=2024-06-05T23:44:07.827442+00:00
[2024-06-04T23:44:38.162+0000] {processor.py:175} INFO - Processing /home/airflow/.local/lib/python3.7/site-packages/airflow/example_dags/example_short_circuit_operator.py took 0.070 seconds
[2024-06-04T23:45:08.738+0000] {processor.py:153} INFO - Started process (PID=2233) to work on /home/airflow/.local/lib/python3.7/site-packages/airflow/example_dags/example_short_circuit_operator.py
[2024-06-04T23:45:08.739+0000] {processor.py:743} INFO - Processing file /home/airflow/.local/lib/python3.7/site-packages/airflow/example_dags/example_short_circuit_operator.py for tasks to queue
[2024-06-04T23:45:08.740+0000] {logging_mixin.py:137} INFO - [2024-06-04T23:45:08.740+0000] {dagbag.py:538} INFO - Filling up the DagBag from /home/airflow/.local/lib/python3.7/site-packages/airflow/example_dags/example_short_circuit_operator.py
[2024-06-04T23:45:08.768+0000] {processor.py:753} INFO - DAG(s) dict_keys(['example_short_circuit_operator']) retrieved from /home/airflow/.local/lib/python3.7/site-packages/airflow/example_dags/example_short_circuit_operator.py
[2024-06-04T23:45:08.813+0000] {logging_mixin.py:137} INFO - [2024-06-04T23:45:08.813+0000] {dag.py:2690} INFO - Sync 1 DAGs
[2024-06-04T23:45:08.847+0000] {logging_mixin.py:137} INFO - [2024-06-04T23:45:08.846+0000] {dag.py:3441} INFO - Setting next_dagrun for example_short_circuit_operator to 2024-06-04T23:44:07.827442+00:00, run_after=2024-06-05T23:44:07.827442+00:00
[2024-06-04T23:45:08.878+0000] {processor.py:175} INFO - Processing /home/airflow/.local/lib/python3.7/site-packages/airflow/example_dags/example_short_circuit_operator.py took 0.145 seconds
[2024-06-04T23:45:39.645+0000] {processor.py:153} INFO - Started process (PID=2566) to work on /home/airflow/.local/lib/python3.7/site-packages/airflow/example_dags/example_short_circuit_operator.py
[2024-06-04T23:45:39.646+0000] {processor.py:743} INFO - Processing file /home/airflow/.local/lib/python3.7/site-packages/airflow/example_dags/example_short_circuit_operator.py for tasks to queue
[2024-06-04T23:45:39.647+0000] {logging_mixin.py:137} INFO - [2024-06-04T23:45:39.647+0000] {dagbag.py:538} INFO - Filling up the DagBag from /home/airflow/.local/lib/python3.7/site-packages/airflow/example_dags/example_short_circuit_operator.py
[2024-06-04T23:45:39.666+0000] {processor.py:753} INFO - DAG(s) dict_keys(['example_short_circuit_operator']) retrieved from /home/airflow/.local/lib/python3.7/site-packages/airflow/example_dags/example_short_circuit_operator.py
[2024-06-04T23:45:39.693+0000] {logging_mixin.py:137} INFO - [2024-06-04T23:45:39.693+0000] {dag.py:2690} INFO - Sync 1 DAGs
[2024-06-04T23:45:39.721+0000] {logging_mixin.py:137} INFO - [2024-06-04T23:45:39.720+0000] {dag.py:3441} INFO - Setting next_dagrun for example_short_circuit_operator to 2024-06-04T23:44:07.827442+00:00, run_after=2024-06-05T23:44:07.827442+00:00
[2024-06-04T23:45:39.738+0000] {processor.py:175} INFO - Processing /home/airflow/.local/lib/python3.7/site-packages/airflow/example_dags/example_short_circuit_operator.py took 0.095 seconds
[2024-06-04T23:46:10.169+0000] {processor.py:153} INFO - Started process (PID=2925) to work on /home/airflow/.local/lib/python3.7/site-packages/airflow/example_dags/example_short_circuit_operator.py
[2024-06-04T23:46:10.171+0000] {processor.py:743} INFO - Processing file /home/airflow/.local/lib/python3.7/site-packages/airflow/example_dags/example_short_circuit_operator.py for tasks to queue
[2024-06-04T23:46:10.172+0000] {logging_mixin.py:137} INFO - [2024-06-04T23:46:10.171+0000] {dagbag.py:538} INFO - Filling up the DagBag from /home/airflow/.local/lib/python3.7/site-packages/airflow/example_dags/example_short_circuit_operator.py
[2024-06-04T23:46:10.192+0000] {processor.py:753} INFO - DAG(s) dict_keys(['example_short_circuit_operator']) retrieved from /home/airflow/.local/lib/python3.7/site-packages/airflow/example_dags/example_short_circuit_operator.py
[2024-06-04T23:46:10.226+0000] {logging_mixin.py:137} INFO - [2024-06-04T23:46:10.225+0000] {dag.py:2690} INFO - Sync 1 DAGs
[2024-06-04T23:46:10.259+0000] {logging_mixin.py:137} INFO - [2024-06-04T23:46:10.258+0000] {dag.py:3441} INFO - Setting next_dagrun for example_short_circuit_operator to 2024-06-04T23:44:07.827442+00:00, run_after=2024-06-05T23:44:07.827442+00:00
[2024-06-04T23:46:10.282+0000] {processor.py:175} INFO - Processing /home/airflow/.local/lib/python3.7/site-packages/airflow/example_dags/example_short_circuit_operator.py took 0.116 seconds
[2024-06-04T23:46:40.763+0000] {processor.py:153} INFO - Started process (PID=3270) to work on /home/airflow/.local/lib/python3.7/site-packages/airflow/example_dags/example_short_circuit_operator.py
[2024-06-04T23:46:40.764+0000] {processor.py:743} INFO - Processing file /home/airflow/.local/lib/python3.7/site-packages/airflow/example_dags/example_short_circuit_operator.py for tasks to queue
[2024-06-04T23:46:40.765+0000] {logging_mixin.py:137} INFO - [2024-06-04T23:46:40.765+0000] {dagbag.py:538} INFO - Filling up the DagBag from /home/airflow/.local/lib/python3.7/site-packages/airflow/example_dags/example_short_circuit_operator.py
[2024-06-04T23:46:40.784+0000] {processor.py:753} INFO - DAG(s) dict_keys(['example_short_circuit_operator']) retrieved from /home/airflow/.local/lib/python3.7/site-packages/airflow/example_dags/example_short_circuit_operator.py
[2024-06-04T23:46:40.812+0000] {logging_mixin.py:137} INFO - [2024-06-04T23:46:40.812+0000] {dag.py:2690} INFO - Sync 1 DAGs
[2024-06-04T23:46:40.841+0000] {logging_mixin.py:137} INFO - [2024-06-04T23:46:40.841+0000] {dag.py:3441} INFO - Setting next_dagrun for example_short_circuit_operator to 2024-06-04T23:44:07.827442+00:00, run_after=2024-06-05T23:44:07.827442+00:00
[2024-06-04T23:46:40.862+0000] {processor.py:175} INFO - Processing /home/airflow/.local/lib/python3.7/site-packages/airflow/example_dags/example_short_circuit_operator.py took 0.101 seconds
[2024-06-04T23:47:11.100+0000] {processor.py:153} INFO - Started process (PID=3610) to work on /home/airflow/.local/lib/python3.7/site-packages/airflow/example_dags/example_short_circuit_operator.py
[2024-06-04T23:47:11.101+0000] {processor.py:743} INFO - Processing file /home/airflow/.local/lib/python3.7/site-packages/airflow/example_dags/example_short_circuit_operator.py for tasks to queue
[2024-06-04T23:47:11.102+0000] {logging_mixin.py:137} INFO - [2024-06-04T23:47:11.102+0000] {dagbag.py:538} INFO - Filling up the DagBag from /home/airflow/.local/lib/python3.7/site-packages/airflow/example_dags/example_short_circuit_operator.py
[2024-06-04T23:47:11.117+0000] {processor.py:753} INFO - DAG(s) dict_keys(['example_short_circuit_operator']) retrieved from /home/airflow/.local/lib/python3.7/site-packages/airflow/example_dags/example_short_circuit_operator.py
[2024-06-04T23:47:11.144+0000] {logging_mixin.py:137} INFO - [2024-06-04T23:47:11.144+0000] {dag.py:2690} INFO - Sync 1 DAGs
[2024-06-04T23:47:11.171+0000] {logging_mixin.py:137} INFO - [2024-06-04T23:47:11.171+0000] {dag.py:3441} INFO - Setting next_dagrun for example_short_circuit_operator to 2024-06-04T23:44:07.827442+00:00, run_after=2024-06-05T23:44:07.827442+00:00
[2024-06-04T23:47:11.188+0000] {processor.py:175} INFO - Processing /home/airflow/.local/lib/python3.7/site-packages/airflow/example_dags/example_short_circuit_operator.py took 0.092 seconds
[2024-06-04T23:47:41.591+0000] {processor.py:153} INFO - Started process (PID=3964) to work on /home/airflow/.local/lib/python3.7/site-packages/airflow/example_dags/example_short_circuit_operator.py
[2024-06-04T23:47:41.592+0000] {processor.py:743} INFO - Processing file /home/airflow/.local/lib/python3.7/site-packages/airflow/example_dags/example_short_circuit_operator.py for tasks to queue
[2024-06-04T23:47:41.592+0000] {logging_mixin.py:137} INFO - [2024-06-04T23:47:41.592+0000] {dagbag.py:538} INFO - Filling up the DagBag from /home/airflow/.local/lib/python3.7/site-packages/airflow/example_dags/example_short_circuit_operator.py
[2024-06-04T23:47:41.614+0000] {processor.py:753} INFO - DAG(s) dict_keys(['example_short_circuit_operator']) retrieved from /home/airflow/.local/lib/python3.7/site-packages/airflow/example_dags/example_short_circuit_operator.py
[2024-06-04T23:47:41.649+0000] {logging_mixin.py:137} INFO - [2024-06-04T23:47:41.649+0000] {dag.py:2690} INFO - Sync 1 DAGs
[2024-06-04T23:47:41.687+0000] {logging_mixin.py:137} INFO - [2024-06-04T23:47:41.687+0000] {dag.py:3441} INFO - Setting next_dagrun for example_short_circuit_operator to 2024-06-04T23:44:07.827442+00:00, run_after=2024-06-05T23:44:07.827442+00:00
[2024-06-04T23:47:41.716+0000] {processor.py:175} INFO - Processing /home/airflow/.local/lib/python3.7/site-packages/airflow/example_dags/example_short_circuit_operator.py took 0.129 seconds
[2024-06-04T23:48:11.916+0000] {processor.py:153} INFO - Started process (PID=4324) to work on /home/airflow/.local/lib/python3.7/site-packages/airflow/example_dags/example_short_circuit_operator.py
[2024-06-04T23:48:11.917+0000] {processor.py:743} INFO - Processing file /home/airflow/.local/lib/python3.7/site-packages/airflow/example_dags/example_short_circuit_operator.py for tasks to queue
[2024-06-04T23:48:11.918+0000] {logging_mixin.py:137} INFO - [2024-06-04T23:48:11.918+0000] {dagbag.py:538} INFO - Filling up the DagBag from /home/airflow/.local/lib/python3.7/site-packages/airflow/example_dags/example_short_circuit_operator.py
[2024-06-04T23:48:11.933+0000] {processor.py:753} INFO - DAG(s) dict_keys(['example_short_circuit_operator']) retrieved from /home/airflow/.local/lib/python3.7/site-packages/airflow/example_dags/example_short_circuit_operator.py
[2024-06-04T23:48:11.961+0000] {logging_mixin.py:137} INFO - [2024-06-04T23:48:11.961+0000] {dag.py:2690} INFO - Sync 1 DAGs
[2024-06-04T23:48:11.991+0000] {logging_mixin.py:137} INFO - [2024-06-04T23:48:11.990+0000] {dag.py:3441} INFO - Setting next_dagrun for example_short_circuit_operator to 2024-06-04T23:44:07.827442+00:00, run_after=2024-06-05T23:44:07.827442+00:00
[2024-06-04T23:48:12.013+0000] {processor.py:175} INFO - Processing /home/airflow/.local/lib/python3.7/site-packages/airflow/example_dags/example_short_circuit_operator.py took 0.100 seconds
[2024-06-04T23:48:42.349+0000] {processor.py:153} INFO - Started process (PID=4688) to work on /home/airflow/.local/lib/python3.7/site-packages/airflow/example_dags/example_short_circuit_operator.py
[2024-06-04T23:48:42.350+0000] {processor.py:743} INFO - Processing file /home/airflow/.local/lib/python3.7/site-packages/airflow/example_dags/example_short_circuit_operator.py for tasks to queue
[2024-06-04T23:48:42.351+0000] {logging_mixin.py:137} INFO - [2024-06-04T23:48:42.351+0000] {dagbag.py:538} INFO - Filling up the DagBag from /home/airflow/.local/lib/python3.7/site-packages/airflow/example_dags/example_short_circuit_operator.py
[2024-06-04T23:48:42.369+0000] {processor.py:753} INFO - DAG(s) dict_keys(['example_short_circuit_operator']) retrieved from /home/airflow/.local/lib/python3.7/site-packages/airflow/example_dags/example_short_circuit_operator.py
[2024-06-04T23:48:42.401+0000] {logging_mixin.py:137} INFO - [2024-06-04T23:48:42.400+0000] {dag.py:2690} INFO - Sync 1 DAGs
[2024-06-04T23:48:42.434+0000] {logging_mixin.py:137} INFO - [2024-06-04T23:48:42.434+0000] {dag.py:3441} INFO - Setting next_dagrun for example_short_circuit_operator to 2024-06-04T23:44:07.827442+00:00, run_after=2024-06-05T23:44:07.827442+00:00
[2024-06-04T23:48:42.457+0000] {processor.py:175} INFO - Processing /home/airflow/.local/lib/python3.7/site-packages/airflow/example_dags/example_short_circuit_operator.py took 0.112 seconds
[2024-06-04T23:49:13.373+0000] {processor.py:153} INFO - Started process (PID=5094) to work on /home/airflow/.local/lib/python3.7/site-packages/airflow/example_dags/example_short_circuit_operator.py
[2024-06-04T23:49:13.374+0000] {processor.py:743} INFO - Processing file /home/airflow/.local/lib/python3.7/site-packages/airflow/example_dags/example_short_circuit_operator.py for tasks to queue
[2024-06-04T23:49:13.374+0000] {logging_mixin.py:137} INFO - [2024-06-04T23:49:13.374+0000] {dagbag.py:538} INFO - Filling up the DagBag from /home/airflow/.local/lib/python3.7/site-packages/airflow/example_dags/example_short_circuit_operator.py
[2024-06-04T23:49:13.390+0000] {processor.py:753} INFO - DAG(s) dict_keys(['example_short_circuit_operator']) retrieved from /home/airflow/.local/lib/python3.7/site-packages/airflow/example_dags/example_short_circuit_operator.py
[2024-06-04T23:49:13.416+0000] {logging_mixin.py:137} INFO - [2024-06-04T23:49:13.416+0000] {dag.py:2690} INFO - Sync 1 DAGs
[2024-06-04T23:49:13.446+0000] {logging_mixin.py:137} INFO - [2024-06-04T23:49:13.446+0000] {dag.py:3441} INFO - Setting next_dagrun for example_short_circuit_operator to 2024-06-04T23:44:07.827442+00:00, run_after=2024-06-05T23:44:07.827442+00:00
[2024-06-04T23:49:13.468+0000] {processor.py:175} INFO - Processing /home/airflow/.local/lib/python3.7/site-packages/airflow/example_dags/example_short_circuit_operator.py took 0.098 seconds
[2024-06-04T23:49:43.576+0000] {processor.py:153} INFO - Started process (PID=5437) to work on /home/airflow/.local/lib/python3.7/site-packages/airflow/example_dags/example_short_circuit_operator.py
[2024-06-04T23:49:43.576+0000] {processor.py:743} INFO - Processing file /home/airflow/.local/lib/python3.7/site-packages/airflow/example_dags/example_short_circuit_operator.py for tasks to queue
[2024-06-04T23:49:43.577+0000] {logging_mixin.py:137} INFO - [2024-06-04T23:49:43.577+0000] {dagbag.py:538} INFO - Filling up the DagBag from /home/airflow/.local/lib/python3.7/site-packages/airflow/example_dags/example_short_circuit_operator.py
[2024-06-04T23:49:43.588+0000] {processor.py:753} INFO - DAG(s) dict_keys(['example_short_circuit_operator']) retrieved from /home/airflow/.local/lib/python3.7/site-packages/airflow/example_dags/example_short_circuit_operator.py
[2024-06-04T23:49:43.607+0000] {logging_mixin.py:137} INFO - [2024-06-04T23:49:43.607+0000] {dag.py:2690} INFO - Sync 1 DAGs
[2024-06-04T23:49:43.626+0000] {logging_mixin.py:137} INFO - [2024-06-04T23:49:43.626+0000] {dag.py:3441} INFO - Setting next_dagrun for example_short_circuit_operator to 2024-06-04T23:44:07.827442+00:00, run_after=2024-06-05T23:44:07.827442+00:00
[2024-06-04T23:49:43.639+0000] {processor.py:175} INFO - Processing /home/airflow/.local/lib/python3.7/site-packages/airflow/example_dags/example_short_circuit_operator.py took 0.065 seconds
[2024-06-04T23:50:13.786+0000] {processor.py:153} INFO - Started process (PID=5804) to work on /home/airflow/.local/lib/python3.7/site-packages/airflow/example_dags/example_short_circuit_operator.py
[2024-06-04T23:50:13.787+0000] {processor.py:743} INFO - Processing file /home/airflow/.local/lib/python3.7/site-packages/airflow/example_dags/example_short_circuit_operator.py for tasks to queue
[2024-06-04T23:50:13.788+0000] {logging_mixin.py:137} INFO - [2024-06-04T23:50:13.788+0000] {dagbag.py:538} INFO - Filling up the DagBag from /home/airflow/.local/lib/python3.7/site-packages/airflow/example_dags/example_short_circuit_operator.py
[2024-06-04T23:50:13.810+0000] {processor.py:753} INFO - DAG(s) dict_keys(['example_short_circuit_operator']) retrieved from /home/airflow/.local/lib/python3.7/site-packages/airflow/example_dags/example_short_circuit_operator.py
[2024-06-04T23:50:13.843+0000] {logging_mixin.py:137} INFO - [2024-06-04T23:50:13.842+0000] {dag.py:2690} INFO - Sync 1 DAGs
[2024-06-04T23:50:13.883+0000] {logging_mixin.py:137} INFO - [2024-06-04T23:50:13.883+0000] {dag.py:3441} INFO - Setting next_dagrun for example_short_circuit_operator to 2024-06-04T23:44:07.827442+00:00, run_after=2024-06-05T23:44:07.827442+00:00
[2024-06-04T23:50:13.910+0000] {processor.py:175} INFO - Processing /home/airflow/.local/lib/python3.7/site-packages/airflow/example_dags/example_short_circuit_operator.py took 0.128 seconds
[2024-06-04T23:50:44.037+0000] {processor.py:153} INFO - Started process (PID=6187) to work on /home/airflow/.local/lib/python3.7/site-packages/airflow/example_dags/example_short_circuit_operator.py
[2024-06-04T23:50:44.038+0000] {processor.py:743} INFO - Processing file /home/airflow/.local/lib/python3.7/site-packages/airflow/example_dags/example_short_circuit_operator.py for tasks to queue
[2024-06-04T23:50:44.038+0000] {logging_mixin.py:137} INFO - [2024-06-04T23:50:44.038+0000] {dagbag.py:538} INFO - Filling up the DagBag from /home/airflow/.local/lib/python3.7/site-packages/airflow/example_dags/example_short_circuit_operator.py
[2024-06-04T23:50:44.058+0000] {processor.py:753} INFO - DAG(s) dict_keys(['example_short_circuit_operator']) retrieved from /home/airflow/.local/lib/python3.7/site-packages/airflow/example_dags/example_short_circuit_operator.py
[2024-06-04T23:50:44.087+0000] {logging_mixin.py:137} INFO - [2024-06-04T23:50:44.087+0000] {dag.py:2690} INFO - Sync 1 DAGs
[2024-06-04T23:50:44.120+0000] {logging_mixin.py:137} INFO - [2024-06-04T23:50:44.119+0000] {dag.py:3441} INFO - Setting next_dagrun for example_short_circuit_operator to 2024-06-04T23:44:07.827442+00:00, run_after=2024-06-05T23:44:07.827442+00:00
[2024-06-04T23:50:44.142+0000] {processor.py:175} INFO - Processing /home/airflow/.local/lib/python3.7/site-packages/airflow/example_dags/example_short_circuit_operator.py took 0.109 seconds
[2024-06-04T23:51:14.211+0000] {processor.py:153} INFO - Started process (PID=6520) to work on /home/airflow/.local/lib/python3.7/site-packages/airflow/example_dags/example_short_circuit_operator.py
[2024-06-04T23:51:14.212+0000] {processor.py:743} INFO - Processing file /home/airflow/.local/lib/python3.7/site-packages/airflow/example_dags/example_short_circuit_operator.py for tasks to queue
[2024-06-04T23:51:14.212+0000] {logging_mixin.py:137} INFO - [2024-06-04T23:51:14.212+0000] {dagbag.py:538} INFO - Filling up the DagBag from /home/airflow/.local/lib/python3.7/site-packages/airflow/example_dags/example_short_circuit_operator.py
[2024-06-04T23:51:14.227+0000] {processor.py:753} INFO - DAG(s) dict_keys(['example_short_circuit_operator']) retrieved from /home/airflow/.local/lib/python3.7/site-packages/airflow/example_dags/example_short_circuit_operator.py
[2024-06-04T23:51:14.253+0000] {logging_mixin.py:137} INFO - [2024-06-04T23:51:14.253+0000] {dag.py:2690} INFO - Sync 1 DAGs
[2024-06-04T23:51:14.278+0000] {logging_mixin.py:137} INFO - [2024-06-04T23:51:14.277+0000] {dag.py:3441} INFO - Setting next_dagrun for example_short_circuit_operator to 2024-06-04T23:44:07.827442+00:00, run_after=2024-06-05T23:44:07.827442+00:00
[2024-06-04T23:51:14.297+0000] {processor.py:175} INFO - Processing /home/airflow/.local/lib/python3.7/site-packages/airflow/example_dags/example_short_circuit_operator.py took 0.088 seconds
[2024-06-04T23:51:44.417+0000] {processor.py:153} INFO - Started process (PID=6864) to work on /home/airflow/.local/lib/python3.7/site-packages/airflow/example_dags/example_short_circuit_operator.py
[2024-06-04T23:51:44.418+0000] {processor.py:743} INFO - Processing file /home/airflow/.local/lib/python3.7/site-packages/airflow/example_dags/example_short_circuit_operator.py for tasks to queue
[2024-06-04T23:51:44.418+0000] {logging_mixin.py:137} INFO - [2024-06-04T23:51:44.418+0000] {dagbag.py:538} INFO - Filling up the DagBag from /home/airflow/.local/lib/python3.7/site-packages/airflow/example_dags/example_short_circuit_operator.py
[2024-06-04T23:51:44.429+0000] {processor.py:753} INFO - DAG(s) dict_keys(['example_short_circuit_operator']) retrieved from /home/airflow/.local/lib/python3.7/site-packages/airflow/example_dags/example_short_circuit_operator.py
[2024-06-04T23:51:44.447+0000] {logging_mixin.py:137} INFO - [2024-06-04T23:51:44.447+0000] {dag.py:2690} INFO - Sync 1 DAGs
[2024-06-04T23:51:44.464+0000] {logging_mixin.py:137} INFO - [2024-06-04T23:51:44.464+0000] {dag.py:3441} INFO - Setting next_dagrun for example_short_circuit_operator to 2024-06-04T23:44:07.827442+00:00, run_after=2024-06-05T23:44:07.827442+00:00
[2024-06-04T23:51:44.477+0000] {processor.py:175} INFO - Processing /home/airflow/.local/lib/python3.7/site-packages/airflow/example_dags/example_short_circuit_operator.py took 0.062 seconds
[2024-06-04T23:52:14.907+0000] {processor.py:153} INFO - Started process (PID=7196) to work on /home/airflow/.local/lib/python3.7/site-packages/airflow/example_dags/example_short_circuit_operator.py
[2024-06-04T23:52:14.908+0000] {processor.py:743} INFO - Processing file /home/airflow/.local/lib/python3.7/site-packages/airflow/example_dags/example_short_circuit_operator.py for tasks to queue
[2024-06-04T23:52:14.909+0000] {logging_mixin.py:137} INFO - [2024-06-04T23:52:14.908+0000] {dagbag.py:538} INFO - Filling up the DagBag from /home/airflow/.local/lib/python3.7/site-packages/airflow/example_dags/example_short_circuit_operator.py
[2024-06-04T23:52:14.921+0000] {processor.py:753} INFO - DAG(s) dict_keys(['example_short_circuit_operator']) retrieved from /home/airflow/.local/lib/python3.7/site-packages/airflow/example_dags/example_short_circuit_operator.py
[2024-06-04T23:52:14.943+0000] {logging_mixin.py:137} INFO - [2024-06-04T23:52:14.943+0000] {dag.py:2690} INFO - Sync 1 DAGs
[2024-06-04T23:52:14.965+0000] {logging_mixin.py:137} INFO - [2024-06-04T23:52:14.965+0000] {dag.py:3441} INFO - Setting next_dagrun for example_short_circuit_operator to 2024-06-04T23:44:07.827442+00:00, run_after=2024-06-05T23:44:07.827442+00:00
[2024-06-04T23:52:14.979+0000] {processor.py:175} INFO - Processing /home/airflow/.local/lib/python3.7/site-packages/airflow/example_dags/example_short_circuit_operator.py took 0.075 seconds
[2024-06-04T23:52:45.047+0000] {processor.py:153} INFO - Started process (PID=7547) to work on /home/airflow/.local/lib/python3.7/site-packages/airflow/example_dags/example_short_circuit_operator.py
[2024-06-04T23:52:45.048+0000] {processor.py:743} INFO - Processing file /home/airflow/.local/lib/python3.7/site-packages/airflow/example_dags/example_short_circuit_operator.py for tasks to queue
[2024-06-04T23:52:45.048+0000] {logging_mixin.py:137} INFO - [2024-06-04T23:52:45.048+0000] {dagbag.py:538} INFO - Filling up the DagBag from /home/airflow/.local/lib/python3.7/site-packages/airflow/example_dags/example_short_circuit_operator.py
[2024-06-04T23:52:45.063+0000] {processor.py:753} INFO - DAG(s) dict_keys(['example_short_circuit_operator']) retrieved from /home/airflow/.local/lib/python3.7/site-packages/airflow/example_dags/example_short_circuit_operator.py
[2024-06-04T23:52:45.092+0000] {logging_mixin.py:137} INFO - [2024-06-04T23:52:45.091+0000] {dag.py:2690} INFO - Sync 1 DAGs
[2024-06-04T23:52:45.123+0000] {logging_mixin.py:137} INFO - [2024-06-04T23:52:45.123+0000] {dag.py:3441} INFO - Setting next_dagrun for example_short_circuit_operator to 2024-06-04T23:44:07.827442+00:00, run_after=2024-06-05T23:44:07.827442+00:00
[2024-06-04T23:52:45.145+0000] {processor.py:175} INFO - Processing /home/airflow/.local/lib/python3.7/site-packages/airflow/example_dags/example_short_circuit_operator.py took 0.101 seconds
[2024-06-04T23:53:15.683+0000] {processor.py:153} INFO - Started process (PID=7911) to work on /home/airflow/.local/lib/python3.7/site-packages/airflow/example_dags/example_short_circuit_operator.py
[2024-06-04T23:53:15.684+0000] {processor.py:743} INFO - Processing file /home/airflow/.local/lib/python3.7/site-packages/airflow/example_dags/example_short_circuit_operator.py for tasks to queue
[2024-06-04T23:53:15.684+0000] {logging_mixin.py:137} INFO - [2024-06-04T23:53:15.684+0000] {dagbag.py:538} INFO - Filling up the DagBag from /home/airflow/.local/lib/python3.7/site-packages/airflow/example_dags/example_short_circuit_operator.py
[2024-06-04T23:53:15.698+0000] {processor.py:753} INFO - DAG(s) dict_keys(['example_short_circuit_operator']) retrieved from /home/airflow/.local/lib/python3.7/site-packages/airflow/example_dags/example_short_circuit_operator.py
[2024-06-04T23:53:15.724+0000] {logging_mixin.py:137} INFO - [2024-06-04T23:53:15.724+0000] {dag.py:2690} INFO - Sync 1 DAGs
[2024-06-04T23:53:15.759+0000] {logging_mixin.py:137} INFO - [2024-06-04T23:53:15.759+0000] {dag.py:3441} INFO - Setting next_dagrun for example_short_circuit_operator to 2024-06-04T23:44:07.827442+00:00, run_after=2024-06-05T23:44:07.827442+00:00
[2024-06-04T23:53:15.780+0000] {processor.py:175} INFO - Processing /home/airflow/.local/lib/python3.7/site-packages/airflow/example_dags/example_short_circuit_operator.py took 0.099 seconds
[2024-06-04T23:53:45.858+0000] {processor.py:153} INFO - Started process (PID=8237) to work on /home/airflow/.local/lib/python3.7/site-packages/airflow/example_dags/example_short_circuit_operator.py
[2024-06-04T23:53:45.859+0000] {processor.py:743} INFO - Processing file /home/airflow/.local/lib/python3.7/site-packages/airflow/example_dags/example_short_circuit_operator.py for tasks to queue
[2024-06-04T23:53:45.860+0000] {logging_mixin.py:137} INFO - [2024-06-04T23:53:45.860+0000] {dagbag.py:538} INFO - Filling up the DagBag from /home/airflow/.local/lib/python3.7/site-packages/airflow/example_dags/example_short_circuit_operator.py
[2024-06-04T23:53:45.879+0000] {processor.py:753} INFO - DAG(s) dict_keys(['example_short_circuit_operator']) retrieved from /home/airflow/.local/lib/python3.7/site-packages/airflow/example_dags/example_short_circuit_operator.py
[2024-06-04T23:53:45.908+0000] {logging_mixin.py:137} INFO - [2024-06-04T23:53:45.908+0000] {dag.py:2690} INFO - Sync 1 DAGs
[2024-06-04T23:53:45.934+0000] {logging_mixin.py:137} INFO - [2024-06-04T23:53:45.934+0000] {dag.py:3441} INFO - Setting next_dagrun for example_short_circuit_operator to 2024-06-04T23:44:07.827442+00:00, run_after=2024-06-05T23:44:07.827442+00:00
[2024-06-04T23:53:45.948+0000] {processor.py:175} INFO - Processing /home/airflow/.local/lib/python3.7/site-packages/airflow/example_dags/example_short_circuit_operator.py took 0.093 seconds
[2024-06-04T23:54:16.474+0000] {processor.py:153} INFO - Started process (PID=8563) to work on /home/airflow/.local/lib/python3.7/site-packages/airflow/example_dags/example_short_circuit_operator.py
[2024-06-04T23:54:16.476+0000] {processor.py:743} INFO - Processing file /home/airflow/.local/lib/python3.7/site-packages/airflow/example_dags/example_short_circuit_operator.py for tasks to queue
[2024-06-04T23:54:16.476+0000] {logging_mixin.py:137} INFO - [2024-06-04T23:54:16.476+0000] {dagbag.py:538} INFO - Filling up the DagBag from /home/airflow/.local/lib/python3.7/site-packages/airflow/example_dags/example_short_circuit_operator.py
[2024-06-04T23:54:16.513+0000] {processor.py:753} INFO - DAG(s) dict_keys(['example_short_circuit_operator']) retrieved from /home/airflow/.local/lib/python3.7/site-packages/airflow/example_dags/example_short_circuit_operator.py
[2024-06-04T23:54:16.558+0000] {logging_mixin.py:137} INFO - [2024-06-04T23:54:16.557+0000] {dag.py:2690} INFO - Sync 1 DAGs
[2024-06-04T23:54:16.588+0000] {logging_mixin.py:137} INFO - [2024-06-04T23:54:16.588+0000] {dag.py:3441} INFO - Setting next_dagrun for example_short_circuit_operator to 2024-06-04T23:44:07.827442+00:00, run_after=2024-06-05T23:44:07.827442+00:00
[2024-06-04T23:54:16.607+0000] {processor.py:175} INFO - Processing /home/airflow/.local/lib/python3.7/site-packages/airflow/example_dags/example_short_circuit_operator.py took 0.138 seconds
[2024-06-04T23:54:46.646+0000] {processor.py:153} INFO - Started process (PID=8683) to work on /home/airflow/.local/lib/python3.7/site-packages/airflow/example_dags/example_short_circuit_operator.py
[2024-06-04T23:54:46.647+0000] {processor.py:743} INFO - Processing file /home/airflow/.local/lib/python3.7/site-packages/airflow/example_dags/example_short_circuit_operator.py for tasks to queue
[2024-06-04T23:54:46.647+0000] {logging_mixin.py:137} INFO - [2024-06-04T23:54:46.647+0000] {dagbag.py:538} INFO - Filling up the DagBag from /home/airflow/.local/lib/python3.7/site-packages/airflow/example_dags/example_short_circuit_operator.py
[2024-06-04T23:54:46.659+0000] {processor.py:753} INFO - DAG(s) dict_keys(['example_short_circuit_operator']) retrieved from /home/airflow/.local/lib/python3.7/site-packages/airflow/example_dags/example_short_circuit_operator.py
[2024-06-04T23:54:46.678+0000] {logging_mixin.py:137} INFO - [2024-06-04T23:54:46.678+0000] {dag.py:2690} INFO - Sync 1 DAGs
[2024-06-04T23:54:46.697+0000] {logging_mixin.py:137} INFO - [2024-06-04T23:54:46.697+0000] {dag.py:3441} INFO - Setting next_dagrun for example_short_circuit_operator to 2024-06-04T23:44:07.827442+00:00, run_after=2024-06-05T23:44:07.827442+00:00
[2024-06-04T23:54:46.710+0000] {processor.py:175} INFO - Processing /home/airflow/.local/lib/python3.7/site-packages/airflow/example_dags/example_short_circuit_operator.py took 0.066 seconds
[2024-06-04T23:55:16.795+0000] {processor.py:153} INFO - Started process (PID=8799) to work on /home/airflow/.local/lib/python3.7/site-packages/airflow/example_dags/example_short_circuit_operator.py
[2024-06-04T23:55:16.796+0000] {processor.py:743} INFO - Processing file /home/airflow/.local/lib/python3.7/site-packages/airflow/example_dags/example_short_circuit_operator.py for tasks to queue
[2024-06-04T23:55:16.796+0000] {logging_mixin.py:137} INFO - [2024-06-04T23:55:16.796+0000] {dagbag.py:538} INFO - Filling up the DagBag from /home/airflow/.local/lib/python3.7/site-packages/airflow/example_dags/example_short_circuit_operator.py
[2024-06-04T23:55:16.808+0000] {processor.py:753} INFO - DAG(s) dict_keys(['example_short_circuit_operator']) retrieved from /home/airflow/.local/lib/python3.7/site-packages/airflow/example_dags/example_short_circuit_operator.py
[2024-06-04T23:55:16.830+0000] {logging_mixin.py:137} INFO - [2024-06-04T23:55:16.830+0000] {dag.py:2690} INFO - Sync 1 DAGs
[2024-06-04T23:55:16.851+0000] {logging_mixin.py:137} INFO - [2024-06-04T23:55:16.851+0000] {dag.py:3441} INFO - Setting next_dagrun for example_short_circuit_operator to 2024-06-04T23:44:07.827442+00:00, run_after=2024-06-05T23:44:07.827442+00:00
[2024-06-04T23:55:16.867+0000] {processor.py:175} INFO - Processing /home/airflow/.local/lib/python3.7/site-packages/airflow/example_dags/example_short_circuit_operator.py took 0.074 seconds
[2024-06-04T23:55:47.625+0000] {processor.py:153} INFO - Started process (PID=8886) to work on /home/airflow/.local/lib/python3.7/site-packages/airflow/example_dags/example_short_circuit_operator.py
[2024-06-04T23:55:47.626+0000] {processor.py:743} INFO - Processing file /home/airflow/.local/lib/python3.7/site-packages/airflow/example_dags/example_short_circuit_operator.py for tasks to queue
[2024-06-04T23:55:47.626+0000] {logging_mixin.py:137} INFO - [2024-06-04T23:55:47.626+0000] {dagbag.py:538} INFO - Filling up the DagBag from /home/airflow/.local/lib/python3.7/site-packages/airflow/example_dags/example_short_circuit_operator.py
[2024-06-04T23:55:47.638+0000] {processor.py:753} INFO - DAG(s) dict_keys(['example_short_circuit_operator']) retrieved from /home/airflow/.local/lib/python3.7/site-packages/airflow/example_dags/example_short_circuit_operator.py
[2024-06-04T23:55:47.656+0000] {logging_mixin.py:137} INFO - [2024-06-04T23:55:47.656+0000] {dag.py:2690} INFO - Sync 1 DAGs
[2024-06-04T23:55:47.675+0000] {logging_mixin.py:137} INFO - [2024-06-04T23:55:47.674+0000] {dag.py:3441} INFO - Setting next_dagrun for example_short_circuit_operator to 2024-06-04T23:44:07.827442+00:00, run_after=2024-06-05T23:44:07.827442+00:00
[2024-06-04T23:55:47.687+0000] {processor.py:175} INFO - Processing /home/airflow/.local/lib/python3.7/site-packages/airflow/example_dags/example_short_circuit_operator.py took 0.064 seconds
[2024-06-04T23:56:18.611+0000] {processor.py:153} INFO - Started process (PID=9005) to work on /home/airflow/.local/lib/python3.7/site-packages/airflow/example_dags/example_short_circuit_operator.py
[2024-06-04T23:56:18.612+0000] {processor.py:743} INFO - Processing file /home/airflow/.local/lib/python3.7/site-packages/airflow/example_dags/example_short_circuit_operator.py for tasks to queue
[2024-06-04T23:56:18.612+0000] {logging_mixin.py:137} INFO - [2024-06-04T23:56:18.612+0000] {dagbag.py:538} INFO - Filling up the DagBag from /home/airflow/.local/lib/python3.7/site-packages/airflow/example_dags/example_short_circuit_operator.py
[2024-06-04T23:56:18.624+0000] {processor.py:753} INFO - DAG(s) dict_keys(['example_short_circuit_operator']) retrieved from /home/airflow/.local/lib/python3.7/site-packages/airflow/example_dags/example_short_circuit_operator.py
[2024-06-04T23:56:18.646+0000] {logging_mixin.py:137} INFO - [2024-06-04T23:56:18.646+0000] {dag.py:2690} INFO - Sync 1 DAGs
[2024-06-04T23:56:18.666+0000] {logging_mixin.py:137} INFO - [2024-06-04T23:56:18.666+0000] {dag.py:3441} INFO - Setting next_dagrun for example_short_circuit_operator to 2024-06-04T23:44:07.827442+00:00, run_after=2024-06-05T23:44:07.827442+00:00
[2024-06-04T23:56:18.680+0000] {processor.py:175} INFO - Processing /home/airflow/.local/lib/python3.7/site-packages/airflow/example_dags/example_short_circuit_operator.py took 0.072 seconds
[2024-06-04T23:56:48.805+0000] {processor.py:153} INFO - Started process (PID=9110) to work on /home/airflow/.local/lib/python3.7/site-packages/airflow/example_dags/example_short_circuit_operator.py
[2024-06-04T23:56:48.805+0000] {processor.py:743} INFO - Processing file /home/airflow/.local/lib/python3.7/site-packages/airflow/example_dags/example_short_circuit_operator.py for tasks to queue
[2024-06-04T23:56:48.806+0000] {logging_mixin.py:137} INFO - [2024-06-04T23:56:48.806+0000] {dagbag.py:538} INFO - Filling up the DagBag from /home/airflow/.local/lib/python3.7/site-packages/airflow/example_dags/example_short_circuit_operator.py
[2024-06-04T23:56:48.817+0000] {processor.py:753} INFO - DAG(s) dict_keys(['example_short_circuit_operator']) retrieved from /home/airflow/.local/lib/python3.7/site-packages/airflow/example_dags/example_short_circuit_operator.py
[2024-06-04T23:56:48.835+0000] {logging_mixin.py:137} INFO - [2024-06-04T23:56:48.835+0000] {dag.py:2690} INFO - Sync 1 DAGs
[2024-06-04T23:56:48.852+0000] {logging_mixin.py:137} INFO - [2024-06-04T23:56:48.852+0000] {dag.py:3441} INFO - Setting next_dagrun for example_short_circuit_operator to 2024-06-04T23:44:07.827442+00:00, run_after=2024-06-05T23:44:07.827442+00:00
[2024-06-04T23:56:48.863+0000] {processor.py:175} INFO - Processing /home/airflow/.local/lib/python3.7/site-packages/airflow/example_dags/example_short_circuit_operator.py took 0.061 seconds
[2024-06-04T23:57:18.925+0000] {processor.py:153} INFO - Started process (PID=9230) to work on /home/airflow/.local/lib/python3.7/site-packages/airflow/example_dags/example_short_circuit_operator.py
[2024-06-04T23:57:18.925+0000] {processor.py:743} INFO - Processing file /home/airflow/.local/lib/python3.7/site-packages/airflow/example_dags/example_short_circuit_operator.py for tasks to queue
[2024-06-04T23:57:18.926+0000] {logging_mixin.py:137} INFO - [2024-06-04T23:57:18.925+0000] {dagbag.py:538} INFO - Filling up the DagBag from /home/airflow/.local/lib/python3.7/site-packages/airflow/example_dags/example_short_circuit_operator.py
[2024-06-04T23:57:18.937+0000] {processor.py:753} INFO - DAG(s) dict_keys(['example_short_circuit_operator']) retrieved from /home/airflow/.local/lib/python3.7/site-packages/airflow/example_dags/example_short_circuit_operator.py
[2024-06-04T23:57:18.956+0000] {logging_mixin.py:137} INFO - [2024-06-04T23:57:18.955+0000] {dag.py:2690} INFO - Sync 1 DAGs
[2024-06-04T23:57:18.972+0000] {logging_mixin.py:137} INFO - [2024-06-04T23:57:18.972+0000] {dag.py:3441} INFO - Setting next_dagrun for example_short_circuit_operator to 2024-06-04T23:44:07.827442+00:00, run_after=2024-06-05T23:44:07.827442+00:00
[2024-06-04T23:57:18.984+0000] {processor.py:175} INFO - Processing /home/airflow/.local/lib/python3.7/site-packages/airflow/example_dags/example_short_circuit_operator.py took 0.062 seconds
[2024-06-04T23:57:49.052+0000] {processor.py:153} INFO - Started process (PID=9326) to work on /home/airflow/.local/lib/python3.7/site-packages/airflow/example_dags/example_short_circuit_operator.py
[2024-06-04T23:57:49.052+0000] {processor.py:743} INFO - Processing file /home/airflow/.local/lib/python3.7/site-packages/airflow/example_dags/example_short_circuit_operator.py for tasks to queue
[2024-06-04T23:57:49.053+0000] {logging_mixin.py:137} INFO - [2024-06-04T23:57:49.053+0000] {dagbag.py:538} INFO - Filling up the DagBag from /home/airflow/.local/lib/python3.7/site-packages/airflow/example_dags/example_short_circuit_operator.py
[2024-06-04T23:57:49.066+0000] {processor.py:753} INFO - DAG(s) dict_keys(['example_short_circuit_operator']) retrieved from /home/airflow/.local/lib/python3.7/site-packages/airflow/example_dags/example_short_circuit_operator.py
[2024-06-04T23:57:49.086+0000] {logging_mixin.py:137} INFO - [2024-06-04T23:57:49.086+0000] {dag.py:2690} INFO - Sync 1 DAGs
[2024-06-04T23:57:49.107+0000] {logging_mixin.py:137} INFO - [2024-06-04T23:57:49.107+0000] {dag.py:3441} INFO - Setting next_dagrun for example_short_circuit_operator to 2024-06-04T23:44:07.827442+00:00, run_after=2024-06-05T23:44:07.827442+00:00
[2024-06-04T23:57:49.129+0000] {processor.py:175} INFO - Processing /home/airflow/.local/lib/python3.7/site-packages/airflow/example_dags/example_short_circuit_operator.py took 0.080 seconds
[2024-06-04T23:58:19.262+0000] {processor.py:153} INFO - Started process (PID=9437) to work on /home/airflow/.local/lib/python3.7/site-packages/airflow/example_dags/example_short_circuit_operator.py
[2024-06-04T23:58:19.263+0000] {processor.py:743} INFO - Processing file /home/airflow/.local/lib/python3.7/site-packages/airflow/example_dags/example_short_circuit_operator.py for tasks to queue
[2024-06-04T23:58:19.263+0000] {logging_mixin.py:137} INFO - [2024-06-04T23:58:19.263+0000] {dagbag.py:538} INFO - Filling up the DagBag from /home/airflow/.local/lib/python3.7/site-packages/airflow/example_dags/example_short_circuit_operator.py
[2024-06-04T23:58:19.274+0000] {processor.py:753} INFO - DAG(s) dict_keys(['example_short_circuit_operator']) retrieved from /home/airflow/.local/lib/python3.7/site-packages/airflow/example_dags/example_short_circuit_operator.py
[2024-06-04T23:58:19.294+0000] {logging_mixin.py:137} INFO - [2024-06-04T23:58:19.294+0000] {dag.py:2690} INFO - Sync 1 DAGs
[2024-06-04T23:58:19.311+0000] {logging_mixin.py:137} INFO - [2024-06-04T23:58:19.311+0000] {dag.py:3441} INFO - Setting next_dagrun for example_short_circuit_operator to 2024-06-04T23:44:07.827442+00:00, run_after=2024-06-05T23:44:07.827442+00:00
[2024-06-04T23:58:19.323+0000] {processor.py:175} INFO - Processing /home/airflow/.local/lib/python3.7/site-packages/airflow/example_dags/example_short_circuit_operator.py took 0.062 seconds
[2024-06-04T23:58:49.648+0000] {processor.py:153} INFO - Started process (PID=9548) to work on /home/airflow/.local/lib/python3.7/site-packages/airflow/example_dags/example_short_circuit_operator.py
[2024-06-04T23:58:49.649+0000] {processor.py:743} INFO - Processing file /home/airflow/.local/lib/python3.7/site-packages/airflow/example_dags/example_short_circuit_operator.py for tasks to queue
[2024-06-04T23:58:49.649+0000] {logging_mixin.py:137} INFO - [2024-06-04T23:58:49.649+0000] {dagbag.py:538} INFO - Filling up the DagBag from /home/airflow/.local/lib/python3.7/site-packages/airflow/example_dags/example_short_circuit_operator.py
[2024-06-04T23:58:49.660+0000] {processor.py:753} INFO - DAG(s) dict_keys(['example_short_circuit_operator']) retrieved from /home/airflow/.local/lib/python3.7/site-packages/airflow/example_dags/example_short_circuit_operator.py
[2024-06-04T23:58:49.679+0000] {logging_mixin.py:137} INFO - [2024-06-04T23:58:49.679+0000] {dag.py:2690} INFO - Sync 1 DAGs
[2024-06-04T23:58:49.697+0000] {logging_mixin.py:137} INFO - [2024-06-04T23:58:49.696+0000] {dag.py:3441} INFO - Setting next_dagrun for example_short_circuit_operator to 2024-06-04T23:44:07.827442+00:00, run_after=2024-06-05T23:44:07.827442+00:00
[2024-06-04T23:58:49.709+0000] {processor.py:175} INFO - Processing /home/airflow/.local/lib/python3.7/site-packages/airflow/example_dags/example_short_circuit_operator.py took 0.063 seconds
[2024-06-04T23:59:20.079+0000] {processor.py:153} INFO - Started process (PID=9640) to work on /home/airflow/.local/lib/python3.7/site-packages/airflow/example_dags/example_short_circuit_operator.py
[2024-06-04T23:59:20.080+0000] {processor.py:743} INFO - Processing file /home/airflow/.local/lib/python3.7/site-packages/airflow/example_dags/example_short_circuit_operator.py for tasks to queue
[2024-06-04T23:59:20.080+0000] {logging_mixin.py:137} INFO - [2024-06-04T23:59:20.080+0000] {dagbag.py:538} INFO - Filling up the DagBag from /home/airflow/.local/lib/python3.7/site-packages/airflow/example_dags/example_short_circuit_operator.py
[2024-06-04T23:59:20.092+0000] {processor.py:753} INFO - DAG(s) dict_keys(['example_short_circuit_operator']) retrieved from /home/airflow/.local/lib/python3.7/site-packages/airflow/example_dags/example_short_circuit_operator.py
[2024-06-04T23:59:20.111+0000] {logging_mixin.py:137} INFO - [2024-06-04T23:59:20.111+0000] {dag.py:2690} INFO - Sync 1 DAGs
[2024-06-04T23:59:20.129+0000] {logging_mixin.py:137} INFO - [2024-06-04T23:59:20.129+0000] {dag.py:3441} INFO - Setting next_dagrun for example_short_circuit_operator to 2024-06-04T23:44:07.827442+00:00, run_after=2024-06-05T23:44:07.827442+00:00
[2024-06-04T23:59:20.142+0000] {processor.py:175} INFO - Processing /home/airflow/.local/lib/python3.7/site-packages/airflow/example_dags/example_short_circuit_operator.py took 0.066 seconds
[2024-06-04T23:59:50.894+0000] {processor.py:153} INFO - Started process (PID=9751) to work on /home/airflow/.local/lib/python3.7/site-packages/airflow/example_dags/example_short_circuit_operator.py
[2024-06-04T23:59:50.894+0000] {processor.py:743} INFO - Processing file /home/airflow/.local/lib/python3.7/site-packages/airflow/example_dags/example_short_circuit_operator.py for tasks to queue
[2024-06-04T23:59:50.895+0000] {logging_mixin.py:137} INFO - [2024-06-04T23:59:50.895+0000] {dagbag.py:538} INFO - Filling up the DagBag from /home/airflow/.local/lib/python3.7/site-packages/airflow/example_dags/example_short_circuit_operator.py
[2024-06-04T23:59:50.906+0000] {processor.py:753} INFO - DAG(s) dict_keys(['example_short_circuit_operator']) retrieved from /home/airflow/.local/lib/python3.7/site-packages/airflow/example_dags/example_short_circuit_operator.py
[2024-06-04T23:59:50.927+0000] {logging_mixin.py:137} INFO - [2024-06-04T23:59:50.927+0000] {dag.py:2690} INFO - Sync 1 DAGs
[2024-06-04T23:59:50.947+0000] {logging_mixin.py:137} INFO - [2024-06-04T23:59:50.947+0000] {dag.py:3441} INFO - Setting next_dagrun for example_short_circuit_operator to 2024-06-04T23:44:07.827442+00:00, run_after=2024-06-05T23:44:07.827442+00:00
[2024-06-04T23:59:50.959+0000] {processor.py:175} INFO - Processing /home/airflow/.local/lib/python3.7/site-packages/airflow/example_dags/example_short_circuit_operator.py took 0.068 seconds
