[2024-06-04T23:37:25.168+0000] {processor.py:153} INFO - Started process (PID=45) to work on /home/airflow/.local/lib/python3.7/site-packages/airflow/example_dags/example_kubernetes_executor.py
[2024-06-04T23:37:25.168+0000] {processor.py:743} INFO - Processing file /home/airflow/.local/lib/python3.7/site-packages/airflow/example_dags/example_kubernetes_executor.py for tasks to queue
[2024-06-04T23:37:25.169+0000] {logging_mixin.py:137} INFO - [2024-06-04T23:37:25.169+0000] {dagbag.py:538} INFO - Filling up the DagBag from /home/airflow/.local/lib/python3.7/site-packages/airflow/example_dags/example_kubernetes_executor.py
[2024-06-04T23:37:25.206+0000] {processor.py:753} INFO - DAG(s) dict_keys(['example_kubernetes_executor']) retrieved from /home/airflow/.local/lib/python3.7/site-packages/airflow/example_dags/example_kubernetes_executor.py
[2024-06-04T23:37:25.342+0000] {logging_mixin.py:137} INFO - [2024-06-04T23:37:25.342+0000] {manager.py:504} INFO - Created Permission View: can edit on DAG:example_kubernetes_executor
[2024-06-04T23:37:25.348+0000] {logging_mixin.py:137} INFO - [2024-06-04T23:37:25.348+0000] {manager.py:504} INFO - Created Permission View: can read on DAG:example_kubernetes_executor
[2024-06-04T23:37:25.353+0000] {logging_mixin.py:137} INFO - [2024-06-04T23:37:25.353+0000] {manager.py:504} INFO - Created Permission View: can delete on DAG:example_kubernetes_executor
[2024-06-04T23:37:25.353+0000] {logging_mixin.py:137} INFO - [2024-06-04T23:37:25.353+0000] {dag.py:2690} INFO - Sync 1 DAGs
[2024-06-04T23:37:25.361+0000] {logging_mixin.py:137} INFO - [2024-06-04T23:37:25.361+0000] {dag.py:2711} INFO - Creating ORM DAG for example_kubernetes_executor
[2024-06-04T23:37:25.369+0000] {logging_mixin.py:137} INFO - [2024-06-04T23:37:25.369+0000] {dag.py:3441} INFO - Setting next_dagrun for example_kubernetes_executor to None, run_after=None
[2024-06-04T23:37:25.383+0000] {processor.py:175} INFO - Processing /home/airflow/.local/lib/python3.7/site-packages/airflow/example_dags/example_kubernetes_executor.py took 0.217 seconds
[2024-06-04T23:37:55.775+0000] {processor.py:153} INFO - Started process (PID=156) to work on /home/airflow/.local/lib/python3.7/site-packages/airflow/example_dags/example_kubernetes_executor.py
[2024-06-04T23:37:55.776+0000] {processor.py:743} INFO - Processing file /home/airflow/.local/lib/python3.7/site-packages/airflow/example_dags/example_kubernetes_executor.py for tasks to queue
[2024-06-04T23:37:55.776+0000] {logging_mixin.py:137} INFO - [2024-06-04T23:37:55.776+0000] {dagbag.py:538} INFO - Filling up the DagBag from /home/airflow/.local/lib/python3.7/site-packages/airflow/example_dags/example_kubernetes_executor.py
[2024-06-04T23:37:55.797+0000] {processor.py:753} INFO - DAG(s) dict_keys(['example_kubernetes_executor']) retrieved from /home/airflow/.local/lib/python3.7/site-packages/airflow/example_dags/example_kubernetes_executor.py
[2024-06-04T23:37:55.818+0000] {logging_mixin.py:137} INFO - [2024-06-04T23:37:55.818+0000] {dag.py:2690} INFO - Sync 1 DAGs
[2024-06-04T23:37:55.841+0000] {logging_mixin.py:137} INFO - [2024-06-04T23:37:55.841+0000] {dag.py:3441} INFO - Setting next_dagrun for example_kubernetes_executor to None, run_after=None
[2024-06-04T23:37:55.853+0000] {processor.py:175} INFO - Processing /home/airflow/.local/lib/python3.7/site-packages/airflow/example_dags/example_kubernetes_executor.py took 0.080 seconds
[2024-06-04T23:38:26.577+0000] {processor.py:153} INFO - Started process (PID=243) to work on /home/airflow/.local/lib/python3.7/site-packages/airflow/example_dags/example_kubernetes_executor.py
[2024-06-04T23:38:26.579+0000] {processor.py:743} INFO - Processing file /home/airflow/.local/lib/python3.7/site-packages/airflow/example_dags/example_kubernetes_executor.py for tasks to queue
[2024-06-04T23:38:26.579+0000] {logging_mixin.py:137} INFO - [2024-06-04T23:38:26.579+0000] {dagbag.py:538} INFO - Filling up the DagBag from /home/airflow/.local/lib/python3.7/site-packages/airflow/example_dags/example_kubernetes_executor.py
[2024-06-04T23:38:26.601+0000] {processor.py:753} INFO - DAG(s) dict_keys(['example_kubernetes_executor']) retrieved from /home/airflow/.local/lib/python3.7/site-packages/airflow/example_dags/example_kubernetes_executor.py
[2024-06-04T23:38:26.623+0000] {logging_mixin.py:137} INFO - [2024-06-04T23:38:26.622+0000] {dag.py:2690} INFO - Sync 1 DAGs
[2024-06-04T23:38:26.640+0000] {logging_mixin.py:137} INFO - [2024-06-04T23:38:26.640+0000] {dag.py:3441} INFO - Setting next_dagrun for example_kubernetes_executor to None, run_after=None
[2024-06-04T23:38:26.652+0000] {processor.py:175} INFO - Processing /home/airflow/.local/lib/python3.7/site-packages/airflow/example_dags/example_kubernetes_executor.py took 0.077 seconds
[2024-06-04T23:38:57.503+0000] {processor.py:153} INFO - Started process (PID=354) to work on /home/airflow/.local/lib/python3.7/site-packages/airflow/example_dags/example_kubernetes_executor.py
[2024-06-04T23:38:57.504+0000] {processor.py:743} INFO - Processing file /home/airflow/.local/lib/python3.7/site-packages/airflow/example_dags/example_kubernetes_executor.py for tasks to queue
[2024-06-04T23:38:57.505+0000] {logging_mixin.py:137} INFO - [2024-06-04T23:38:57.505+0000] {dagbag.py:538} INFO - Filling up the DagBag from /home/airflow/.local/lib/python3.7/site-packages/airflow/example_dags/example_kubernetes_executor.py
[2024-06-04T23:38:57.524+0000] {processor.py:753} INFO - DAG(s) dict_keys(['example_kubernetes_executor']) retrieved from /home/airflow/.local/lib/python3.7/site-packages/airflow/example_dags/example_kubernetes_executor.py
[2024-06-04T23:38:57.545+0000] {logging_mixin.py:137} INFO - [2024-06-04T23:38:57.545+0000] {dag.py:2690} INFO - Sync 1 DAGs
[2024-06-04T23:38:57.561+0000] {logging_mixin.py:137} INFO - [2024-06-04T23:38:57.561+0000] {dag.py:3441} INFO - Setting next_dagrun for example_kubernetes_executor to None, run_after=None
[2024-06-04T23:38:57.572+0000] {processor.py:175} INFO - Processing /home/airflow/.local/lib/python3.7/site-packages/airflow/example_dags/example_kubernetes_executor.py took 0.071 seconds
[2024-06-04T23:39:28.228+0000] {processor.py:153} INFO - Started process (PID=465) to work on /home/airflow/.local/lib/python3.7/site-packages/airflow/example_dags/example_kubernetes_executor.py
[2024-06-04T23:39:28.230+0000] {processor.py:743} INFO - Processing file /home/airflow/.local/lib/python3.7/site-packages/airflow/example_dags/example_kubernetes_executor.py for tasks to queue
[2024-06-04T23:39:28.230+0000] {logging_mixin.py:137} INFO - [2024-06-04T23:39:28.230+0000] {dagbag.py:538} INFO - Filling up the DagBag from /home/airflow/.local/lib/python3.7/site-packages/airflow/example_dags/example_kubernetes_executor.py
[2024-06-04T23:39:28.250+0000] {processor.py:753} INFO - DAG(s) dict_keys(['example_kubernetes_executor']) retrieved from /home/airflow/.local/lib/python3.7/site-packages/airflow/example_dags/example_kubernetes_executor.py
[2024-06-04T23:39:28.270+0000] {logging_mixin.py:137} INFO - [2024-06-04T23:39:28.270+0000] {dag.py:2690} INFO - Sync 1 DAGs
[2024-06-04T23:39:28.286+0000] {logging_mixin.py:137} INFO - [2024-06-04T23:39:28.286+0000] {dag.py:3441} INFO - Setting next_dagrun for example_kubernetes_executor to None, run_after=None
[2024-06-04T23:39:28.298+0000] {processor.py:175} INFO - Processing /home/airflow/.local/lib/python3.7/site-packages/airflow/example_dags/example_kubernetes_executor.py took 0.072 seconds
[2024-06-04T23:39:58.934+0000] {processor.py:153} INFO - Started process (PID=552) to work on /home/airflow/.local/lib/python3.7/site-packages/airflow/example_dags/example_kubernetes_executor.py
[2024-06-04T23:39:58.934+0000] {processor.py:743} INFO - Processing file /home/airflow/.local/lib/python3.7/site-packages/airflow/example_dags/example_kubernetes_executor.py for tasks to queue
[2024-06-04T23:39:58.935+0000] {logging_mixin.py:137} INFO - [2024-06-04T23:39:58.935+0000] {dagbag.py:538} INFO - Filling up the DagBag from /home/airflow/.local/lib/python3.7/site-packages/airflow/example_dags/example_kubernetes_executor.py
[2024-06-04T23:39:58.955+0000] {processor.py:753} INFO - DAG(s) dict_keys(['example_kubernetes_executor']) retrieved from /home/airflow/.local/lib/python3.7/site-packages/airflow/example_dags/example_kubernetes_executor.py
[2024-06-04T23:39:58.978+0000] {logging_mixin.py:137} INFO - [2024-06-04T23:39:58.978+0000] {dag.py:2690} INFO - Sync 1 DAGs
[2024-06-04T23:39:58.997+0000] {logging_mixin.py:137} INFO - [2024-06-04T23:39:58.997+0000] {dag.py:3441} INFO - Setting next_dagrun for example_kubernetes_executor to None, run_after=None
[2024-06-04T23:39:59.010+0000] {processor.py:175} INFO - Processing /home/airflow/.local/lib/python3.7/site-packages/airflow/example_dags/example_kubernetes_executor.py took 0.079 seconds
[2024-06-04T23:40:29.658+0000] {processor.py:153} INFO - Started process (PID=663) to work on /home/airflow/.local/lib/python3.7/site-packages/airflow/example_dags/example_kubernetes_executor.py
[2024-06-04T23:40:29.660+0000] {processor.py:743} INFO - Processing file /home/airflow/.local/lib/python3.7/site-packages/airflow/example_dags/example_kubernetes_executor.py for tasks to queue
[2024-06-04T23:40:29.660+0000] {logging_mixin.py:137} INFO - [2024-06-04T23:40:29.660+0000] {dagbag.py:538} INFO - Filling up the DagBag from /home/airflow/.local/lib/python3.7/site-packages/airflow/example_dags/example_kubernetes_executor.py
[2024-06-04T23:40:29.679+0000] {processor.py:753} INFO - DAG(s) dict_keys(['example_kubernetes_executor']) retrieved from /home/airflow/.local/lib/python3.7/site-packages/airflow/example_dags/example_kubernetes_executor.py
[2024-06-04T23:40:29.701+0000] {logging_mixin.py:137} INFO - [2024-06-04T23:40:29.701+0000] {dag.py:2690} INFO - Sync 1 DAGs
[2024-06-04T23:40:29.716+0000] {logging_mixin.py:137} INFO - [2024-06-04T23:40:29.716+0000] {dag.py:3441} INFO - Setting next_dagrun for example_kubernetes_executor to None, run_after=None
[2024-06-04T23:40:29.728+0000] {processor.py:175} INFO - Processing /home/airflow/.local/lib/python3.7/site-packages/airflow/example_dags/example_kubernetes_executor.py took 0.071 seconds
[2024-06-04T23:41:00.339+0000] {processor.py:153} INFO - Started process (PID=759) to work on /home/airflow/.local/lib/python3.7/site-packages/airflow/example_dags/example_kubernetes_executor.py
[2024-06-04T23:41:00.341+0000] {processor.py:743} INFO - Processing file /home/airflow/.local/lib/python3.7/site-packages/airflow/example_dags/example_kubernetes_executor.py for tasks to queue
[2024-06-04T23:41:00.341+0000] {logging_mixin.py:137} INFO - [2024-06-04T23:41:00.341+0000] {dagbag.py:538} INFO - Filling up the DagBag from /home/airflow/.local/lib/python3.7/site-packages/airflow/example_dags/example_kubernetes_executor.py
[2024-06-04T23:41:00.361+0000] {processor.py:753} INFO - DAG(s) dict_keys(['example_kubernetes_executor']) retrieved from /home/airflow/.local/lib/python3.7/site-packages/airflow/example_dags/example_kubernetes_executor.py
[2024-06-04T23:41:00.382+0000] {logging_mixin.py:137} INFO - [2024-06-04T23:41:00.382+0000] {dag.py:2690} INFO - Sync 1 DAGs
[2024-06-04T23:41:00.399+0000] {logging_mixin.py:137} INFO - [2024-06-04T23:41:00.399+0000] {dag.py:3441} INFO - Setting next_dagrun for example_kubernetes_executor to None, run_after=None
[2024-06-04T23:41:00.412+0000] {processor.py:175} INFO - Processing /home/airflow/.local/lib/python3.7/site-packages/airflow/example_dags/example_kubernetes_executor.py took 0.075 seconds
[2024-06-04T23:41:31.074+0000] {processor.py:153} INFO - Started process (PID=861) to work on /home/airflow/.local/lib/python3.7/site-packages/airflow/example_dags/example_kubernetes_executor.py
[2024-06-04T23:41:31.075+0000] {processor.py:743} INFO - Processing file /home/airflow/.local/lib/python3.7/site-packages/airflow/example_dags/example_kubernetes_executor.py for tasks to queue
[2024-06-04T23:41:31.075+0000] {logging_mixin.py:137} INFO - [2024-06-04T23:41:31.075+0000] {dagbag.py:538} INFO - Filling up the DagBag from /home/airflow/.local/lib/python3.7/site-packages/airflow/example_dags/example_kubernetes_executor.py
[2024-06-04T23:41:31.095+0000] {processor.py:753} INFO - DAG(s) dict_keys(['example_kubernetes_executor']) retrieved from /home/airflow/.local/lib/python3.7/site-packages/airflow/example_dags/example_kubernetes_executor.py
[2024-06-04T23:41:31.116+0000] {logging_mixin.py:137} INFO - [2024-06-04T23:41:31.116+0000] {dag.py:2690} INFO - Sync 1 DAGs
[2024-06-04T23:41:31.133+0000] {logging_mixin.py:137} INFO - [2024-06-04T23:41:31.133+0000] {dag.py:3441} INFO - Setting next_dagrun for example_kubernetes_executor to None, run_after=None
[2024-06-04T23:41:31.146+0000] {processor.py:175} INFO - Processing /home/airflow/.local/lib/python3.7/site-packages/airflow/example_dags/example_kubernetes_executor.py took 0.074 seconds
[2024-06-04T23:42:01.730+0000] {processor.py:153} INFO - Started process (PID=972) to work on /home/airflow/.local/lib/python3.7/site-packages/airflow/example_dags/example_kubernetes_executor.py
[2024-06-04T23:42:01.731+0000] {processor.py:743} INFO - Processing file /home/airflow/.local/lib/python3.7/site-packages/airflow/example_dags/example_kubernetes_executor.py for tasks to queue
[2024-06-04T23:42:01.731+0000] {logging_mixin.py:137} INFO - [2024-06-04T23:42:01.731+0000] {dagbag.py:538} INFO - Filling up the DagBag from /home/airflow/.local/lib/python3.7/site-packages/airflow/example_dags/example_kubernetes_executor.py
[2024-06-04T23:42:01.751+0000] {processor.py:753} INFO - DAG(s) dict_keys(['example_kubernetes_executor']) retrieved from /home/airflow/.local/lib/python3.7/site-packages/airflow/example_dags/example_kubernetes_executor.py
[2024-06-04T23:42:01.771+0000] {logging_mixin.py:137} INFO - [2024-06-04T23:42:01.771+0000] {dag.py:2690} INFO - Sync 1 DAGs
[2024-06-04T23:42:01.788+0000] {logging_mixin.py:137} INFO - [2024-06-04T23:42:01.788+0000] {dag.py:3441} INFO - Setting next_dagrun for example_kubernetes_executor to None, run_after=None
[2024-06-04T23:42:01.800+0000] {processor.py:175} INFO - Processing /home/airflow/.local/lib/python3.7/site-packages/airflow/example_dags/example_kubernetes_executor.py took 0.072 seconds
[2024-06-04T23:42:32.778+0000] {processor.py:153} INFO - Started process (PID=1059) to work on /home/airflow/.local/lib/python3.7/site-packages/airflow/example_dags/example_kubernetes_executor.py
[2024-06-04T23:42:32.780+0000] {processor.py:743} INFO - Processing file /home/airflow/.local/lib/python3.7/site-packages/airflow/example_dags/example_kubernetes_executor.py for tasks to queue
[2024-06-04T23:42:32.780+0000] {logging_mixin.py:137} INFO - [2024-06-04T23:42:32.780+0000] {dagbag.py:538} INFO - Filling up the DagBag from /home/airflow/.local/lib/python3.7/site-packages/airflow/example_dags/example_kubernetes_executor.py
[2024-06-04T23:42:32.799+0000] {processor.py:753} INFO - DAG(s) dict_keys(['example_kubernetes_executor']) retrieved from /home/airflow/.local/lib/python3.7/site-packages/airflow/example_dags/example_kubernetes_executor.py
[2024-06-04T23:42:32.820+0000] {logging_mixin.py:137} INFO - [2024-06-04T23:42:32.820+0000] {dag.py:2690} INFO - Sync 1 DAGs
[2024-06-04T23:42:32.836+0000] {logging_mixin.py:137} INFO - [2024-06-04T23:42:32.836+0000] {dag.py:3441} INFO - Setting next_dagrun for example_kubernetes_executor to None, run_after=None
[2024-06-04T23:42:32.848+0000] {processor.py:175} INFO - Processing /home/airflow/.local/lib/python3.7/site-packages/airflow/example_dags/example_kubernetes_executor.py took 0.072 seconds
[2024-06-04T23:43:03.845+0000] {processor.py:153} INFO - Started process (PID=1170) to work on /home/airflow/.local/lib/python3.7/site-packages/airflow/example_dags/example_kubernetes_executor.py
[2024-06-04T23:43:03.845+0000] {processor.py:743} INFO - Processing file /home/airflow/.local/lib/python3.7/site-packages/airflow/example_dags/example_kubernetes_executor.py for tasks to queue
[2024-06-04T23:43:03.846+0000] {logging_mixin.py:137} INFO - [2024-06-04T23:43:03.846+0000] {dagbag.py:538} INFO - Filling up the DagBag from /home/airflow/.local/lib/python3.7/site-packages/airflow/example_dags/example_kubernetes_executor.py
[2024-06-04T23:43:03.865+0000] {processor.py:753} INFO - DAG(s) dict_keys(['example_kubernetes_executor']) retrieved from /home/airflow/.local/lib/python3.7/site-packages/airflow/example_dags/example_kubernetes_executor.py
[2024-06-04T23:43:03.888+0000] {logging_mixin.py:137} INFO - [2024-06-04T23:43:03.887+0000] {dag.py:2690} INFO - Sync 1 DAGs
[2024-06-04T23:43:03.903+0000] {logging_mixin.py:137} INFO - [2024-06-04T23:43:03.903+0000] {dag.py:3441} INFO - Setting next_dagrun for example_kubernetes_executor to None, run_after=None
[2024-06-04T23:43:03.915+0000] {processor.py:175} INFO - Processing /home/airflow/.local/lib/python3.7/site-packages/airflow/example_dags/example_kubernetes_executor.py took 0.073 seconds
[2024-06-04T23:43:34.609+0000] {processor.py:153} INFO - Started process (PID=1281) to work on /home/airflow/.local/lib/python3.7/site-packages/airflow/example_dags/example_kubernetes_executor.py
[2024-06-04T23:43:34.610+0000] {processor.py:743} INFO - Processing file /home/airflow/.local/lib/python3.7/site-packages/airflow/example_dags/example_kubernetes_executor.py for tasks to queue
[2024-06-04T23:43:34.611+0000] {logging_mixin.py:137} INFO - [2024-06-04T23:43:34.610+0000] {dagbag.py:538} INFO - Filling up the DagBag from /home/airflow/.local/lib/python3.7/site-packages/airflow/example_dags/example_kubernetes_executor.py
[2024-06-04T23:43:34.630+0000] {processor.py:753} INFO - DAG(s) dict_keys(['example_kubernetes_executor']) retrieved from /home/airflow/.local/lib/python3.7/site-packages/airflow/example_dags/example_kubernetes_executor.py
[2024-06-04T23:43:34.652+0000] {logging_mixin.py:137} INFO - [2024-06-04T23:43:34.651+0000] {dag.py:2690} INFO - Sync 1 DAGs
[2024-06-04T23:43:34.669+0000] {logging_mixin.py:137} INFO - [2024-06-04T23:43:34.669+0000] {dag.py:3441} INFO - Setting next_dagrun for example_kubernetes_executor to None, run_after=None
[2024-06-04T23:43:34.683+0000] {processor.py:175} INFO - Processing /home/airflow/.local/lib/python3.7/site-packages/airflow/example_dags/example_kubernetes_executor.py took 0.076 seconds
[2024-06-04T23:44:05.487+0000] {processor.py:153} INFO - Started process (PID=1461) to work on /home/airflow/.local/lib/python3.7/site-packages/airflow/example_dags/example_kubernetes_executor.py
[2024-06-04T23:44:05.488+0000] {processor.py:743} INFO - Processing file /home/airflow/.local/lib/python3.7/site-packages/airflow/example_dags/example_kubernetes_executor.py for tasks to queue
[2024-06-04T23:44:05.489+0000] {logging_mixin.py:137} INFO - [2024-06-04T23:44:05.489+0000] {dagbag.py:538} INFO - Filling up the DagBag from /home/airflow/.local/lib/python3.7/site-packages/airflow/example_dags/example_kubernetes_executor.py
[2024-06-04T23:44:05.532+0000] {processor.py:753} INFO - DAG(s) dict_keys(['example_kubernetes_executor']) retrieved from /home/airflow/.local/lib/python3.7/site-packages/airflow/example_dags/example_kubernetes_executor.py
[2024-06-04T23:44:05.571+0000] {logging_mixin.py:137} INFO - [2024-06-04T23:44:05.571+0000] {dag.py:2690} INFO - Sync 1 DAGs
[2024-06-04T23:44:05.607+0000] {logging_mixin.py:137} INFO - [2024-06-04T23:44:05.607+0000] {dag.py:3441} INFO - Setting next_dagrun for example_kubernetes_executor to None, run_after=None
[2024-06-04T23:44:05.635+0000] {processor.py:175} INFO - Processing /home/airflow/.local/lib/python3.7/site-packages/airflow/example_dags/example_kubernetes_executor.py took 0.152 seconds
[2024-06-04T23:44:35.912+0000] {processor.py:153} INFO - Started process (PID=1834) to work on /home/airflow/.local/lib/python3.7/site-packages/airflow/example_dags/example_kubernetes_executor.py
[2024-06-04T23:44:35.913+0000] {processor.py:743} INFO - Processing file /home/airflow/.local/lib/python3.7/site-packages/airflow/example_dags/example_kubernetes_executor.py for tasks to queue
[2024-06-04T23:44:35.914+0000] {logging_mixin.py:137} INFO - [2024-06-04T23:44:35.913+0000] {dagbag.py:538} INFO - Filling up the DagBag from /home/airflow/.local/lib/python3.7/site-packages/airflow/example_dags/example_kubernetes_executor.py
[2024-06-04T23:44:35.933+0000] {processor.py:753} INFO - DAG(s) dict_keys(['example_kubernetes_executor']) retrieved from /home/airflow/.local/lib/python3.7/site-packages/airflow/example_dags/example_kubernetes_executor.py
[2024-06-04T23:44:35.958+0000] {logging_mixin.py:137} INFO - [2024-06-04T23:44:35.958+0000] {dag.py:2690} INFO - Sync 1 DAGs
[2024-06-04T23:44:35.975+0000] {logging_mixin.py:137} INFO - [2024-06-04T23:44:35.975+0000] {dag.py:3441} INFO - Setting next_dagrun for example_kubernetes_executor to None, run_after=None
[2024-06-04T23:44:35.989+0000] {processor.py:175} INFO - Processing /home/airflow/.local/lib/python3.7/site-packages/airflow/example_dags/example_kubernetes_executor.py took 0.079 seconds
[2024-06-04T23:45:06.172+0000] {processor.py:153} INFO - Started process (PID=2152) to work on /home/airflow/.local/lib/python3.7/site-packages/airflow/example_dags/example_kubernetes_executor.py
[2024-06-04T23:45:06.173+0000] {processor.py:743} INFO - Processing file /home/airflow/.local/lib/python3.7/site-packages/airflow/example_dags/example_kubernetes_executor.py for tasks to queue
[2024-06-04T23:45:06.173+0000] {logging_mixin.py:137} INFO - [2024-06-04T23:45:06.173+0000] {dagbag.py:538} INFO - Filling up the DagBag from /home/airflow/.local/lib/python3.7/site-packages/airflow/example_dags/example_kubernetes_executor.py
[2024-06-04T23:45:06.192+0000] {processor.py:753} INFO - DAG(s) dict_keys(['example_kubernetes_executor']) retrieved from /home/airflow/.local/lib/python3.7/site-packages/airflow/example_dags/example_kubernetes_executor.py
[2024-06-04T23:45:06.213+0000] {logging_mixin.py:137} INFO - [2024-06-04T23:45:06.213+0000] {dag.py:2690} INFO - Sync 1 DAGs
[2024-06-04T23:45:06.231+0000] {logging_mixin.py:137} INFO - [2024-06-04T23:45:06.231+0000] {dag.py:3441} INFO - Setting next_dagrun for example_kubernetes_executor to None, run_after=None
[2024-06-04T23:45:06.243+0000] {processor.py:175} INFO - Processing /home/airflow/.local/lib/python3.7/site-packages/airflow/example_dags/example_kubernetes_executor.py took 0.073 seconds
[2024-06-04T23:45:36.683+0000] {processor.py:153} INFO - Started process (PID=2520) to work on /home/airflow/.local/lib/python3.7/site-packages/airflow/example_dags/example_kubernetes_executor.py
[2024-06-04T23:45:36.684+0000] {processor.py:743} INFO - Processing file /home/airflow/.local/lib/python3.7/site-packages/airflow/example_dags/example_kubernetes_executor.py for tasks to queue
[2024-06-04T23:45:36.685+0000] {logging_mixin.py:137} INFO - [2024-06-04T23:45:36.685+0000] {dagbag.py:538} INFO - Filling up the DagBag from /home/airflow/.local/lib/python3.7/site-packages/airflow/example_dags/example_kubernetes_executor.py
[2024-06-04T23:45:36.722+0000] {processor.py:753} INFO - DAG(s) dict_keys(['example_kubernetes_executor']) retrieved from /home/airflow/.local/lib/python3.7/site-packages/airflow/example_dags/example_kubernetes_executor.py
[2024-06-04T23:45:36.765+0000] {logging_mixin.py:137} INFO - [2024-06-04T23:45:36.765+0000] {dag.py:2690} INFO - Sync 1 DAGs
[2024-06-04T23:45:36.801+0000] {logging_mixin.py:137} INFO - [2024-06-04T23:45:36.801+0000] {dag.py:3441} INFO - Setting next_dagrun for example_kubernetes_executor to None, run_after=None
[2024-06-04T23:45:36.833+0000] {processor.py:175} INFO - Processing /home/airflow/.local/lib/python3.7/site-packages/airflow/example_dags/example_kubernetes_executor.py took 0.153 seconds
[2024-06-04T23:46:07.064+0000] {processor.py:153} INFO - Started process (PID=2842) to work on /home/airflow/.local/lib/python3.7/site-packages/airflow/example_dags/example_kubernetes_executor.py
[2024-06-04T23:46:07.065+0000] {processor.py:743} INFO - Processing file /home/airflow/.local/lib/python3.7/site-packages/airflow/example_dags/example_kubernetes_executor.py for tasks to queue
[2024-06-04T23:46:07.066+0000] {logging_mixin.py:137} INFO - [2024-06-04T23:46:07.066+0000] {dagbag.py:538} INFO - Filling up the DagBag from /home/airflow/.local/lib/python3.7/site-packages/airflow/example_dags/example_kubernetes_executor.py
[2024-06-04T23:46:07.097+0000] {processor.py:753} INFO - DAG(s) dict_keys(['example_kubernetes_executor']) retrieved from /home/airflow/.local/lib/python3.7/site-packages/airflow/example_dags/example_kubernetes_executor.py
[2024-06-04T23:46:07.136+0000] {logging_mixin.py:137} INFO - [2024-06-04T23:46:07.136+0000] {dag.py:2690} INFO - Sync 1 DAGs
[2024-06-04T23:46:07.172+0000] {logging_mixin.py:137} INFO - [2024-06-04T23:46:07.172+0000] {dag.py:3441} INFO - Setting next_dagrun for example_kubernetes_executor to None, run_after=None
[2024-06-04T23:46:07.196+0000] {processor.py:175} INFO - Processing /home/airflow/.local/lib/python3.7/site-packages/airflow/example_dags/example_kubernetes_executor.py took 0.135 seconds
[2024-06-04T23:46:37.483+0000] {processor.py:153} INFO - Started process (PID=3209) to work on /home/airflow/.local/lib/python3.7/site-packages/airflow/example_dags/example_kubernetes_executor.py
[2024-06-04T23:46:37.484+0000] {processor.py:743} INFO - Processing file /home/airflow/.local/lib/python3.7/site-packages/airflow/example_dags/example_kubernetes_executor.py for tasks to queue
[2024-06-04T23:46:37.484+0000] {logging_mixin.py:137} INFO - [2024-06-04T23:46:37.484+0000] {dagbag.py:538} INFO - Filling up the DagBag from /home/airflow/.local/lib/python3.7/site-packages/airflow/example_dags/example_kubernetes_executor.py
[2024-06-04T23:46:37.518+0000] {processor.py:753} INFO - DAG(s) dict_keys(['example_kubernetes_executor']) retrieved from /home/airflow/.local/lib/python3.7/site-packages/airflow/example_dags/example_kubernetes_executor.py
[2024-06-04T23:46:37.553+0000] {logging_mixin.py:137} INFO - [2024-06-04T23:46:37.553+0000] {dag.py:2690} INFO - Sync 1 DAGs
[2024-06-04T23:46:37.583+0000] {logging_mixin.py:137} INFO - [2024-06-04T23:46:37.583+0000] {dag.py:3441} INFO - Setting next_dagrun for example_kubernetes_executor to None, run_after=None
[2024-06-04T23:46:37.606+0000] {processor.py:175} INFO - Processing /home/airflow/.local/lib/python3.7/site-packages/airflow/example_dags/example_kubernetes_executor.py took 0.127 seconds
[2024-06-04T23:47:07.703+0000] {processor.py:153} INFO - Started process (PID=3532) to work on /home/airflow/.local/lib/python3.7/site-packages/airflow/example_dags/example_kubernetes_executor.py
[2024-06-04T23:47:07.703+0000] {processor.py:743} INFO - Processing file /home/airflow/.local/lib/python3.7/site-packages/airflow/example_dags/example_kubernetes_executor.py for tasks to queue
[2024-06-04T23:47:07.704+0000] {logging_mixin.py:137} INFO - [2024-06-04T23:47:07.704+0000] {dagbag.py:538} INFO - Filling up the DagBag from /home/airflow/.local/lib/python3.7/site-packages/airflow/example_dags/example_kubernetes_executor.py
[2024-06-04T23:47:07.733+0000] {processor.py:753} INFO - DAG(s) dict_keys(['example_kubernetes_executor']) retrieved from /home/airflow/.local/lib/python3.7/site-packages/airflow/example_dags/example_kubernetes_executor.py
[2024-06-04T23:47:07.774+0000] {logging_mixin.py:137} INFO - [2024-06-04T23:47:07.774+0000] {dag.py:2690} INFO - Sync 1 DAGs
[2024-06-04T23:47:07.809+0000] {logging_mixin.py:137} INFO - [2024-06-04T23:47:07.809+0000] {dag.py:3441} INFO - Setting next_dagrun for example_kubernetes_executor to None, run_after=None
[2024-06-04T23:47:07.839+0000] {processor.py:175} INFO - Processing /home/airflow/.local/lib/python3.7/site-packages/airflow/example_dags/example_kubernetes_executor.py took 0.140 seconds
[2024-06-04T23:47:38.833+0000] {processor.py:153} INFO - Started process (PID=3891) to work on /home/airflow/.local/lib/python3.7/site-packages/airflow/example_dags/example_kubernetes_executor.py
[2024-06-04T23:47:38.834+0000] {processor.py:743} INFO - Processing file /home/airflow/.local/lib/python3.7/site-packages/airflow/example_dags/example_kubernetes_executor.py for tasks to queue
[2024-06-04T23:47:38.835+0000] {logging_mixin.py:137} INFO - [2024-06-04T23:47:38.835+0000] {dagbag.py:538} INFO - Filling up the DagBag from /home/airflow/.local/lib/python3.7/site-packages/airflow/example_dags/example_kubernetes_executor.py
[2024-06-04T23:47:38.855+0000] {processor.py:753} INFO - DAG(s) dict_keys(['example_kubernetes_executor']) retrieved from /home/airflow/.local/lib/python3.7/site-packages/airflow/example_dags/example_kubernetes_executor.py
[2024-06-04T23:47:38.877+0000] {logging_mixin.py:137} INFO - [2024-06-04T23:47:38.877+0000] {dag.py:2690} INFO - Sync 1 DAGs
[2024-06-04T23:47:38.895+0000] {logging_mixin.py:137} INFO - [2024-06-04T23:47:38.895+0000] {dag.py:3441} INFO - Setting next_dagrun for example_kubernetes_executor to None, run_after=None
[2024-06-04T23:47:38.908+0000] {processor.py:175} INFO - Processing /home/airflow/.local/lib/python3.7/site-packages/airflow/example_dags/example_kubernetes_executor.py took 0.078 seconds
[2024-06-04T23:48:09.245+0000] {processor.py:153} INFO - Started process (PID=4253) to work on /home/airflow/.local/lib/python3.7/site-packages/airflow/example_dags/example_kubernetes_executor.py
[2024-06-04T23:48:09.246+0000] {processor.py:743} INFO - Processing file /home/airflow/.local/lib/python3.7/site-packages/airflow/example_dags/example_kubernetes_executor.py for tasks to queue
[2024-06-04T23:48:09.247+0000] {logging_mixin.py:137} INFO - [2024-06-04T23:48:09.246+0000] {dagbag.py:538} INFO - Filling up the DagBag from /home/airflow/.local/lib/python3.7/site-packages/airflow/example_dags/example_kubernetes_executor.py
[2024-06-04T23:48:09.277+0000] {processor.py:753} INFO - DAG(s) dict_keys(['example_kubernetes_executor']) retrieved from /home/airflow/.local/lib/python3.7/site-packages/airflow/example_dags/example_kubernetes_executor.py
[2024-06-04T23:48:09.317+0000] {logging_mixin.py:137} INFO - [2024-06-04T23:48:09.316+0000] {dag.py:2690} INFO - Sync 1 DAGs
[2024-06-04T23:48:09.355+0000] {logging_mixin.py:137} INFO - [2024-06-04T23:48:09.355+0000] {dag.py:3441} INFO - Setting next_dagrun for example_kubernetes_executor to None, run_after=None
[2024-06-04T23:48:09.385+0000] {processor.py:175} INFO - Processing /home/airflow/.local/lib/python3.7/site-packages/airflow/example_dags/example_kubernetes_executor.py took 0.143 seconds
[2024-06-04T23:48:39.881+0000] {processor.py:153} INFO - Started process (PID=4622) to work on /home/airflow/.local/lib/python3.7/site-packages/airflow/example_dags/example_kubernetes_executor.py
[2024-06-04T23:48:39.882+0000] {processor.py:743} INFO - Processing file /home/airflow/.local/lib/python3.7/site-packages/airflow/example_dags/example_kubernetes_executor.py for tasks to queue
[2024-06-04T23:48:39.882+0000] {logging_mixin.py:137} INFO - [2024-06-04T23:48:39.882+0000] {dagbag.py:538} INFO - Filling up the DagBag from /home/airflow/.local/lib/python3.7/site-packages/airflow/example_dags/example_kubernetes_executor.py
[2024-06-04T23:48:39.903+0000] {processor.py:753} INFO - DAG(s) dict_keys(['example_kubernetes_executor']) retrieved from /home/airflow/.local/lib/python3.7/site-packages/airflow/example_dags/example_kubernetes_executor.py
[2024-06-04T23:48:39.925+0000] {logging_mixin.py:137} INFO - [2024-06-04T23:48:39.925+0000] {dag.py:2690} INFO - Sync 1 DAGs
[2024-06-04T23:48:39.943+0000] {logging_mixin.py:137} INFO - [2024-06-04T23:48:39.943+0000] {dag.py:3441} INFO - Setting next_dagrun for example_kubernetes_executor to None, run_after=None
[2024-06-04T23:48:39.956+0000] {processor.py:175} INFO - Processing /home/airflow/.local/lib/python3.7/site-packages/airflow/example_dags/example_kubernetes_executor.py took 0.077 seconds
[2024-06-04T23:49:10.019+0000] {processor.py:153} INFO - Started process (PID=5013) to work on /home/airflow/.local/lib/python3.7/site-packages/airflow/example_dags/example_kubernetes_executor.py
[2024-06-04T23:49:10.020+0000] {processor.py:743} INFO - Processing file /home/airflow/.local/lib/python3.7/site-packages/airflow/example_dags/example_kubernetes_executor.py for tasks to queue
[2024-06-04T23:49:10.020+0000] {logging_mixin.py:137} INFO - [2024-06-04T23:49:10.020+0000] {dagbag.py:538} INFO - Filling up the DagBag from /home/airflow/.local/lib/python3.7/site-packages/airflow/example_dags/example_kubernetes_executor.py
[2024-06-04T23:49:10.061+0000] {processor.py:753} INFO - DAG(s) dict_keys(['example_kubernetes_executor']) retrieved from /home/airflow/.local/lib/python3.7/site-packages/airflow/example_dags/example_kubernetes_executor.py
[2024-06-04T23:49:10.104+0000] {logging_mixin.py:137} INFO - [2024-06-04T23:49:10.104+0000] {dag.py:2690} INFO - Sync 1 DAGs
[2024-06-04T23:49:10.142+0000] {logging_mixin.py:137} INFO - [2024-06-04T23:49:10.142+0000] {dag.py:3441} INFO - Setting next_dagrun for example_kubernetes_executor to None, run_after=None
[2024-06-04T23:49:10.166+0000] {processor.py:175} INFO - Processing /home/airflow/.local/lib/python3.7/site-packages/airflow/example_dags/example_kubernetes_executor.py took 0.151 seconds
[2024-06-04T23:49:41.066+0000] {processor.py:153} INFO - Started process (PID=5401) to work on /home/airflow/.local/lib/python3.7/site-packages/airflow/example_dags/example_kubernetes_executor.py
[2024-06-04T23:49:41.067+0000] {processor.py:743} INFO - Processing file /home/airflow/.local/lib/python3.7/site-packages/airflow/example_dags/example_kubernetes_executor.py for tasks to queue
[2024-06-04T23:49:41.068+0000] {logging_mixin.py:137} INFO - [2024-06-04T23:49:41.068+0000] {dagbag.py:538} INFO - Filling up the DagBag from /home/airflow/.local/lib/python3.7/site-packages/airflow/example_dags/example_kubernetes_executor.py
[2024-06-04T23:49:41.102+0000] {processor.py:753} INFO - DAG(s) dict_keys(['example_kubernetes_executor']) retrieved from /home/airflow/.local/lib/python3.7/site-packages/airflow/example_dags/example_kubernetes_executor.py
[2024-06-04T23:49:41.141+0000] {logging_mixin.py:137} INFO - [2024-06-04T23:49:41.141+0000] {dag.py:2690} INFO - Sync 1 DAGs
[2024-06-04T23:49:41.176+0000] {logging_mixin.py:137} INFO - [2024-06-04T23:49:41.176+0000] {dag.py:3441} INFO - Setting next_dagrun for example_kubernetes_executor to None, run_after=None
[2024-06-04T23:49:41.201+0000] {processor.py:175} INFO - Processing /home/airflow/.local/lib/python3.7/site-packages/airflow/example_dags/example_kubernetes_executor.py took 0.139 seconds
[2024-06-04T23:50:11.402+0000] {processor.py:153} INFO - Started process (PID=5742) to work on /home/airflow/.local/lib/python3.7/site-packages/airflow/example_dags/example_kubernetes_executor.py
[2024-06-04T23:50:11.403+0000] {processor.py:743} INFO - Processing file /home/airflow/.local/lib/python3.7/site-packages/airflow/example_dags/example_kubernetes_executor.py for tasks to queue
[2024-06-04T23:50:11.403+0000] {logging_mixin.py:137} INFO - [2024-06-04T23:50:11.403+0000] {dagbag.py:538} INFO - Filling up the DagBag from /home/airflow/.local/lib/python3.7/site-packages/airflow/example_dags/example_kubernetes_executor.py
[2024-06-04T23:50:11.429+0000] {processor.py:753} INFO - DAG(s) dict_keys(['example_kubernetes_executor']) retrieved from /home/airflow/.local/lib/python3.7/site-packages/airflow/example_dags/example_kubernetes_executor.py
[2024-06-04T23:50:11.463+0000] {logging_mixin.py:137} INFO - [2024-06-04T23:50:11.463+0000] {dag.py:2690} INFO - Sync 1 DAGs
[2024-06-04T23:50:11.495+0000] {logging_mixin.py:137} INFO - [2024-06-04T23:50:11.495+0000] {dag.py:3441} INFO - Setting next_dagrun for example_kubernetes_executor to None, run_after=None
[2024-06-04T23:50:11.518+0000] {processor.py:175} INFO - Processing /home/airflow/.local/lib/python3.7/site-packages/airflow/example_dags/example_kubernetes_executor.py took 0.119 seconds
[2024-06-04T23:50:41.771+0000] {processor.py:153} INFO - Started process (PID=6141) to work on /home/airflow/.local/lib/python3.7/site-packages/airflow/example_dags/example_kubernetes_executor.py
[2024-06-04T23:50:41.772+0000] {processor.py:743} INFO - Processing file /home/airflow/.local/lib/python3.7/site-packages/airflow/example_dags/example_kubernetes_executor.py for tasks to queue
[2024-06-04T23:50:41.772+0000] {logging_mixin.py:137} INFO - [2024-06-04T23:50:41.772+0000] {dagbag.py:538} INFO - Filling up the DagBag from /home/airflow/.local/lib/python3.7/site-packages/airflow/example_dags/example_kubernetes_executor.py
[2024-06-04T23:50:41.797+0000] {processor.py:753} INFO - DAG(s) dict_keys(['example_kubernetes_executor']) retrieved from /home/airflow/.local/lib/python3.7/site-packages/airflow/example_dags/example_kubernetes_executor.py
[2024-06-04T23:50:41.823+0000] {logging_mixin.py:137} INFO - [2024-06-04T23:50:41.823+0000] {dag.py:2690} INFO - Sync 1 DAGs
[2024-06-04T23:50:41.844+0000] {logging_mixin.py:137} INFO - [2024-06-04T23:50:41.844+0000] {dag.py:3441} INFO - Setting next_dagrun for example_kubernetes_executor to None, run_after=None
[2024-06-04T23:50:41.862+0000] {processor.py:175} INFO - Processing /home/airflow/.local/lib/python3.7/site-packages/airflow/example_dags/example_kubernetes_executor.py took 0.093 seconds
[2024-06-04T23:51:12.273+0000] {processor.py:153} INFO - Started process (PID=6485) to work on /home/airflow/.local/lib/python3.7/site-packages/airflow/example_dags/example_kubernetes_executor.py
[2024-06-04T23:51:12.274+0000] {processor.py:743} INFO - Processing file /home/airflow/.local/lib/python3.7/site-packages/airflow/example_dags/example_kubernetes_executor.py for tasks to queue
[2024-06-04T23:51:12.275+0000] {logging_mixin.py:137} INFO - [2024-06-04T23:51:12.275+0000] {dagbag.py:538} INFO - Filling up the DagBag from /home/airflow/.local/lib/python3.7/site-packages/airflow/example_dags/example_kubernetes_executor.py
[2024-06-04T23:51:12.306+0000] {processor.py:753} INFO - DAG(s) dict_keys(['example_kubernetes_executor']) retrieved from /home/airflow/.local/lib/python3.7/site-packages/airflow/example_dags/example_kubernetes_executor.py
[2024-06-04T23:51:12.344+0000] {logging_mixin.py:137} INFO - [2024-06-04T23:51:12.344+0000] {dag.py:2690} INFO - Sync 1 DAGs
[2024-06-04T23:51:12.378+0000] {logging_mixin.py:137} INFO - [2024-06-04T23:51:12.378+0000] {dag.py:3441} INFO - Setting next_dagrun for example_kubernetes_executor to None, run_after=None
[2024-06-04T23:51:12.403+0000] {processor.py:175} INFO - Processing /home/airflow/.local/lib/python3.7/site-packages/airflow/example_dags/example_kubernetes_executor.py took 0.133 seconds
[2024-06-04T23:51:42.743+0000] {processor.py:153} INFO - Started process (PID=6836) to work on /home/airflow/.local/lib/python3.7/site-packages/airflow/example_dags/example_kubernetes_executor.py
[2024-06-04T23:51:42.743+0000] {processor.py:743} INFO - Processing file /home/airflow/.local/lib/python3.7/site-packages/airflow/example_dags/example_kubernetes_executor.py for tasks to queue
[2024-06-04T23:51:42.744+0000] {logging_mixin.py:137} INFO - [2024-06-04T23:51:42.744+0000] {dagbag.py:538} INFO - Filling up the DagBag from /home/airflow/.local/lib/python3.7/site-packages/airflow/example_dags/example_kubernetes_executor.py
[2024-06-04T23:51:42.763+0000] {processor.py:753} INFO - DAG(s) dict_keys(['example_kubernetes_executor']) retrieved from /home/airflow/.local/lib/python3.7/site-packages/airflow/example_dags/example_kubernetes_executor.py
[2024-06-04T23:51:42.791+0000] {logging_mixin.py:137} INFO - [2024-06-04T23:51:42.790+0000] {dag.py:2690} INFO - Sync 1 DAGs
[2024-06-04T23:51:42.818+0000] {logging_mixin.py:137} INFO - [2024-06-04T23:51:42.818+0000] {dag.py:3441} INFO - Setting next_dagrun for example_kubernetes_executor to None, run_after=None
[2024-06-04T23:51:42.832+0000] {processor.py:175} INFO - Processing /home/airflow/.local/lib/python3.7/site-packages/airflow/example_dags/example_kubernetes_executor.py took 0.092 seconds
[2024-06-04T23:52:12.855+0000] {processor.py:153} INFO - Started process (PID=7154) to work on /home/airflow/.local/lib/python3.7/site-packages/airflow/example_dags/example_kubernetes_executor.py
[2024-06-04T23:52:12.856+0000] {processor.py:743} INFO - Processing file /home/airflow/.local/lib/python3.7/site-packages/airflow/example_dags/example_kubernetes_executor.py for tasks to queue
[2024-06-04T23:52:12.857+0000] {logging_mixin.py:137} INFO - [2024-06-04T23:52:12.856+0000] {dagbag.py:538} INFO - Filling up the DagBag from /home/airflow/.local/lib/python3.7/site-packages/airflow/example_dags/example_kubernetes_executor.py
[2024-06-04T23:52:12.889+0000] {processor.py:753} INFO - DAG(s) dict_keys(['example_kubernetes_executor']) retrieved from /home/airflow/.local/lib/python3.7/site-packages/airflow/example_dags/example_kubernetes_executor.py
[2024-06-04T23:52:12.921+0000] {logging_mixin.py:137} INFO - [2024-06-04T23:52:12.921+0000] {dag.py:2690} INFO - Sync 1 DAGs
[2024-06-04T23:52:12.949+0000] {logging_mixin.py:137} INFO - [2024-06-04T23:52:12.949+0000] {dag.py:3441} INFO - Setting next_dagrun for example_kubernetes_executor to None, run_after=None
[2024-06-04T23:52:12.972+0000] {processor.py:175} INFO - Processing /home/airflow/.local/lib/python3.7/site-packages/airflow/example_dags/example_kubernetes_executor.py took 0.120 seconds
[2024-06-04T23:52:43.108+0000] {processor.py:153} INFO - Started process (PID=7505) to work on /home/airflow/.local/lib/python3.7/site-packages/airflow/example_dags/example_kubernetes_executor.py
[2024-06-04T23:52:43.109+0000] {processor.py:743} INFO - Processing file /home/airflow/.local/lib/python3.7/site-packages/airflow/example_dags/example_kubernetes_executor.py for tasks to queue
[2024-06-04T23:52:43.109+0000] {logging_mixin.py:137} INFO - [2024-06-04T23:52:43.109+0000] {dagbag.py:538} INFO - Filling up the DagBag from /home/airflow/.local/lib/python3.7/site-packages/airflow/example_dags/example_kubernetes_executor.py
[2024-06-04T23:52:43.140+0000] {processor.py:753} INFO - DAG(s) dict_keys(['example_kubernetes_executor']) retrieved from /home/airflow/.local/lib/python3.7/site-packages/airflow/example_dags/example_kubernetes_executor.py
[2024-06-04T23:52:43.182+0000] {logging_mixin.py:137} INFO - [2024-06-04T23:52:43.182+0000] {dag.py:2690} INFO - Sync 1 DAGs
[2024-06-04T23:52:43.222+0000] {logging_mixin.py:137} INFO - [2024-06-04T23:52:43.221+0000] {dag.py:3441} INFO - Setting next_dagrun for example_kubernetes_executor to None, run_after=None
[2024-06-04T23:52:43.248+0000] {processor.py:175} INFO - Processing /home/airflow/.local/lib/python3.7/site-packages/airflow/example_dags/example_kubernetes_executor.py took 0.144 seconds
[2024-06-04T23:53:13.491+0000] {processor.py:153} INFO - Started process (PID=7864) to work on /home/airflow/.local/lib/python3.7/site-packages/airflow/example_dags/example_kubernetes_executor.py
[2024-06-04T23:53:13.492+0000] {processor.py:743} INFO - Processing file /home/airflow/.local/lib/python3.7/site-packages/airflow/example_dags/example_kubernetes_executor.py for tasks to queue
[2024-06-04T23:53:13.493+0000] {logging_mixin.py:137} INFO - [2024-06-04T23:53:13.493+0000] {dagbag.py:538} INFO - Filling up the DagBag from /home/airflow/.local/lib/python3.7/site-packages/airflow/example_dags/example_kubernetes_executor.py
[2024-06-04T23:53:13.529+0000] {processor.py:753} INFO - DAG(s) dict_keys(['example_kubernetes_executor']) retrieved from /home/airflow/.local/lib/python3.7/site-packages/airflow/example_dags/example_kubernetes_executor.py
[2024-06-04T23:53:13.570+0000] {logging_mixin.py:137} INFO - [2024-06-04T23:53:13.569+0000] {dag.py:2690} INFO - Sync 1 DAGs
[2024-06-04T23:53:13.605+0000] {logging_mixin.py:137} INFO - [2024-06-04T23:53:13.604+0000] {dag.py:3441} INFO - Setting next_dagrun for example_kubernetes_executor to None, run_after=None
[2024-06-04T23:53:13.629+0000] {processor.py:175} INFO - Processing /home/airflow/.local/lib/python3.7/site-packages/airflow/example_dags/example_kubernetes_executor.py took 0.142 seconds
[2024-06-04T23:53:44.270+0000] {processor.py:153} INFO - Started process (PID=8204) to work on /home/airflow/.local/lib/python3.7/site-packages/airflow/example_dags/example_kubernetes_executor.py
[2024-06-04T23:53:44.271+0000] {processor.py:743} INFO - Processing file /home/airflow/.local/lib/python3.7/site-packages/airflow/example_dags/example_kubernetes_executor.py for tasks to queue
[2024-06-04T23:53:44.272+0000] {logging_mixin.py:137} INFO - [2024-06-04T23:53:44.272+0000] {dagbag.py:538} INFO - Filling up the DagBag from /home/airflow/.local/lib/python3.7/site-packages/airflow/example_dags/example_kubernetes_executor.py
[2024-06-04T23:53:44.310+0000] {processor.py:753} INFO - DAG(s) dict_keys(['example_kubernetes_executor']) retrieved from /home/airflow/.local/lib/python3.7/site-packages/airflow/example_dags/example_kubernetes_executor.py
[2024-06-04T23:53:44.350+0000] {logging_mixin.py:137} INFO - [2024-06-04T23:53:44.349+0000] {dag.py:2690} INFO - Sync 1 DAGs
[2024-06-04T23:53:44.384+0000] {logging_mixin.py:137} INFO - [2024-06-04T23:53:44.383+0000] {dag.py:3441} INFO - Setting next_dagrun for example_kubernetes_executor to None, run_after=None
[2024-06-04T23:53:44.407+0000] {processor.py:175} INFO - Processing /home/airflow/.local/lib/python3.7/site-packages/airflow/example_dags/example_kubernetes_executor.py took 0.141 seconds
[2024-06-04T23:54:14.797+0000] {processor.py:153} INFO - Started process (PID=8508) to work on /home/airflow/.local/lib/python3.7/site-packages/airflow/example_dags/example_kubernetes_executor.py
[2024-06-04T23:54:14.798+0000] {processor.py:743} INFO - Processing file /home/airflow/.local/lib/python3.7/site-packages/airflow/example_dags/example_kubernetes_executor.py for tasks to queue
[2024-06-04T23:54:14.799+0000] {logging_mixin.py:137} INFO - [2024-06-04T23:54:14.799+0000] {dagbag.py:538} INFO - Filling up the DagBag from /home/airflow/.local/lib/python3.7/site-packages/airflow/example_dags/example_kubernetes_executor.py
[2024-06-04T23:54:14.835+0000] {processor.py:753} INFO - DAG(s) dict_keys(['example_kubernetes_executor']) retrieved from /home/airflow/.local/lib/python3.7/site-packages/airflow/example_dags/example_kubernetes_executor.py
[2024-06-04T23:54:14.877+0000] {logging_mixin.py:137} INFO - [2024-06-04T23:54:14.877+0000] {dag.py:2690} INFO - Sync 1 DAGs
[2024-06-04T23:54:14.912+0000] {logging_mixin.py:137} INFO - [2024-06-04T23:54:14.912+0000] {dag.py:3441} INFO - Setting next_dagrun for example_kubernetes_executor to None, run_after=None
[2024-06-04T23:54:14.945+0000] {processor.py:175} INFO - Processing /home/airflow/.local/lib/python3.7/site-packages/airflow/example_dags/example_kubernetes_executor.py took 0.152 seconds
[2024-06-04T23:54:45.241+0000] {processor.py:153} INFO - Started process (PID=8656) to work on /home/airflow/.local/lib/python3.7/site-packages/airflow/example_dags/example_kubernetes_executor.py
[2024-06-04T23:54:45.242+0000] {processor.py:743} INFO - Processing file /home/airflow/.local/lib/python3.7/site-packages/airflow/example_dags/example_kubernetes_executor.py for tasks to queue
[2024-06-04T23:54:45.242+0000] {logging_mixin.py:137} INFO - [2024-06-04T23:54:45.242+0000] {dagbag.py:538} INFO - Filling up the DagBag from /home/airflow/.local/lib/python3.7/site-packages/airflow/example_dags/example_kubernetes_executor.py
[2024-06-04T23:54:45.262+0000] {processor.py:753} INFO - DAG(s) dict_keys(['example_kubernetes_executor']) retrieved from /home/airflow/.local/lib/python3.7/site-packages/airflow/example_dags/example_kubernetes_executor.py
[2024-06-04T23:54:45.284+0000] {logging_mixin.py:137} INFO - [2024-06-04T23:54:45.284+0000] {dag.py:2690} INFO - Sync 1 DAGs
[2024-06-04T23:54:45.302+0000] {logging_mixin.py:137} INFO - [2024-06-04T23:54:45.302+0000] {dag.py:3441} INFO - Setting next_dagrun for example_kubernetes_executor to None, run_after=None
[2024-06-04T23:54:45.314+0000] {processor.py:175} INFO - Processing /home/airflow/.local/lib/python3.7/site-packages/airflow/example_dags/example_kubernetes_executor.py took 0.075 seconds
[2024-06-04T23:55:15.370+0000] {processor.py:153} INFO - Started process (PID=8757) to work on /home/airflow/.local/lib/python3.7/site-packages/airflow/example_dags/example_kubernetes_executor.py
[2024-06-04T23:55:15.371+0000] {processor.py:743} INFO - Processing file /home/airflow/.local/lib/python3.7/site-packages/airflow/example_dags/example_kubernetes_executor.py for tasks to queue
[2024-06-04T23:55:15.371+0000] {logging_mixin.py:137} INFO - [2024-06-04T23:55:15.371+0000] {dagbag.py:538} INFO - Filling up the DagBag from /home/airflow/.local/lib/python3.7/site-packages/airflow/example_dags/example_kubernetes_executor.py
[2024-06-04T23:55:15.391+0000] {processor.py:753} INFO - DAG(s) dict_keys(['example_kubernetes_executor']) retrieved from /home/airflow/.local/lib/python3.7/site-packages/airflow/example_dags/example_kubernetes_executor.py
[2024-06-04T23:55:15.421+0000] {logging_mixin.py:137} INFO - [2024-06-04T23:55:15.421+0000] {dag.py:2690} INFO - Sync 1 DAGs
[2024-06-04T23:55:15.446+0000] {logging_mixin.py:137} INFO - [2024-06-04T23:55:15.446+0000] {dag.py:3441} INFO - Setting next_dagrun for example_kubernetes_executor to None, run_after=None
[2024-06-04T23:55:15.460+0000] {processor.py:175} INFO - Processing /home/airflow/.local/lib/python3.7/site-packages/airflow/example_dags/example_kubernetes_executor.py took 0.092 seconds
[2024-06-04T23:55:46.389+0000] {processor.py:153} INFO - Started process (PID=8859) to work on /home/airflow/.local/lib/python3.7/site-packages/airflow/example_dags/example_kubernetes_executor.py
[2024-06-04T23:55:46.391+0000] {processor.py:743} INFO - Processing file /home/airflow/.local/lib/python3.7/site-packages/airflow/example_dags/example_kubernetes_executor.py for tasks to queue
[2024-06-04T23:55:46.391+0000] {logging_mixin.py:137} INFO - [2024-06-04T23:55:46.391+0000] {dagbag.py:538} INFO - Filling up the DagBag from /home/airflow/.local/lib/python3.7/site-packages/airflow/example_dags/example_kubernetes_executor.py
[2024-06-04T23:55:46.411+0000] {processor.py:753} INFO - DAG(s) dict_keys(['example_kubernetes_executor']) retrieved from /home/airflow/.local/lib/python3.7/site-packages/airflow/example_dags/example_kubernetes_executor.py
[2024-06-04T23:55:46.432+0000] {logging_mixin.py:137} INFO - [2024-06-04T23:55:46.432+0000] {dag.py:2690} INFO - Sync 1 DAGs
[2024-06-04T23:55:46.448+0000] {logging_mixin.py:137} INFO - [2024-06-04T23:55:46.448+0000] {dag.py:3441} INFO - Setting next_dagrun for example_kubernetes_executor to None, run_after=None
[2024-06-04T23:55:46.461+0000] {processor.py:175} INFO - Processing /home/airflow/.local/lib/python3.7/site-packages/airflow/example_dags/example_kubernetes_executor.py took 0.074 seconds
[2024-06-04T23:56:17.125+0000] {processor.py:153} INFO - Started process (PID=8978) to work on /home/airflow/.local/lib/python3.7/site-packages/airflow/example_dags/example_kubernetes_executor.py
[2024-06-04T23:56:17.126+0000] {processor.py:743} INFO - Processing file /home/airflow/.local/lib/python3.7/site-packages/airflow/example_dags/example_kubernetes_executor.py for tasks to queue
[2024-06-04T23:56:17.127+0000] {logging_mixin.py:137} INFO - [2024-06-04T23:56:17.127+0000] {dagbag.py:538} INFO - Filling up the DagBag from /home/airflow/.local/lib/python3.7/site-packages/airflow/example_dags/example_kubernetes_executor.py
[2024-06-04T23:56:17.146+0000] {processor.py:753} INFO - DAG(s) dict_keys(['example_kubernetes_executor']) retrieved from /home/airflow/.local/lib/python3.7/site-packages/airflow/example_dags/example_kubernetes_executor.py
[2024-06-04T23:56:17.168+0000] {logging_mixin.py:137} INFO - [2024-06-04T23:56:17.168+0000] {dag.py:2690} INFO - Sync 1 DAGs
[2024-06-04T23:56:17.186+0000] {logging_mixin.py:137} INFO - [2024-06-04T23:56:17.186+0000] {dag.py:3441} INFO - Setting next_dagrun for example_kubernetes_executor to None, run_after=None
[2024-06-04T23:56:17.199+0000] {processor.py:175} INFO - Processing /home/airflow/.local/lib/python3.7/site-packages/airflow/example_dags/example_kubernetes_executor.py took 0.076 seconds
[2024-06-04T23:56:47.327+0000] {processor.py:153} INFO - Started process (PID=9081) to work on /home/airflow/.local/lib/python3.7/site-packages/airflow/example_dags/example_kubernetes_executor.py
[2024-06-04T23:56:47.329+0000] {processor.py:743} INFO - Processing file /home/airflow/.local/lib/python3.7/site-packages/airflow/example_dags/example_kubernetes_executor.py for tasks to queue
[2024-06-04T23:56:47.329+0000] {logging_mixin.py:137} INFO - [2024-06-04T23:56:47.329+0000] {dagbag.py:538} INFO - Filling up the DagBag from /home/airflow/.local/lib/python3.7/site-packages/airflow/example_dags/example_kubernetes_executor.py
[2024-06-04T23:56:47.349+0000] {processor.py:753} INFO - DAG(s) dict_keys(['example_kubernetes_executor']) retrieved from /home/airflow/.local/lib/python3.7/site-packages/airflow/example_dags/example_kubernetes_executor.py
[2024-06-04T23:56:47.371+0000] {logging_mixin.py:137} INFO - [2024-06-04T23:56:47.371+0000] {dag.py:2690} INFO - Sync 1 DAGs
[2024-06-04T23:56:47.387+0000] {logging_mixin.py:137} INFO - [2024-06-04T23:56:47.387+0000] {dag.py:3441} INFO - Setting next_dagrun for example_kubernetes_executor to None, run_after=None
[2024-06-04T23:56:47.400+0000] {processor.py:175} INFO - Processing /home/airflow/.local/lib/python3.7/site-packages/airflow/example_dags/example_kubernetes_executor.py took 0.075 seconds
[2024-06-04T23:57:17.474+0000] {processor.py:153} INFO - Started process (PID=9203) to work on /home/airflow/.local/lib/python3.7/site-packages/airflow/example_dags/example_kubernetes_executor.py
[2024-06-04T23:57:17.474+0000] {processor.py:743} INFO - Processing file /home/airflow/.local/lib/python3.7/site-packages/airflow/example_dags/example_kubernetes_executor.py for tasks to queue
[2024-06-04T23:57:17.475+0000] {logging_mixin.py:137} INFO - [2024-06-04T23:57:17.475+0000] {dagbag.py:538} INFO - Filling up the DagBag from /home/airflow/.local/lib/python3.7/site-packages/airflow/example_dags/example_kubernetes_executor.py
[2024-06-04T23:57:17.494+0000] {processor.py:753} INFO - DAG(s) dict_keys(['example_kubernetes_executor']) retrieved from /home/airflow/.local/lib/python3.7/site-packages/airflow/example_dags/example_kubernetes_executor.py
[2024-06-04T23:57:17.516+0000] {logging_mixin.py:137} INFO - [2024-06-04T23:57:17.516+0000] {dag.py:2690} INFO - Sync 1 DAGs
[2024-06-04T23:57:17.532+0000] {logging_mixin.py:137} INFO - [2024-06-04T23:57:17.532+0000] {dag.py:3441} INFO - Setting next_dagrun for example_kubernetes_executor to None, run_after=None
[2024-06-04T23:57:17.543+0000] {processor.py:175} INFO - Processing /home/airflow/.local/lib/python3.7/site-packages/airflow/example_dags/example_kubernetes_executor.py took 0.072 seconds
[2024-06-04T23:57:47.571+0000] {processor.py:153} INFO - Started process (PID=9290) to work on /home/airflow/.local/lib/python3.7/site-packages/airflow/example_dags/example_kubernetes_executor.py
[2024-06-04T23:57:47.573+0000] {processor.py:743} INFO - Processing file /home/airflow/.local/lib/python3.7/site-packages/airflow/example_dags/example_kubernetes_executor.py for tasks to queue
[2024-06-04T23:57:47.573+0000] {logging_mixin.py:137} INFO - [2024-06-04T23:57:47.573+0000] {dagbag.py:538} INFO - Filling up the DagBag from /home/airflow/.local/lib/python3.7/site-packages/airflow/example_dags/example_kubernetes_executor.py
[2024-06-04T23:57:47.593+0000] {processor.py:753} INFO - DAG(s) dict_keys(['example_kubernetes_executor']) retrieved from /home/airflow/.local/lib/python3.7/site-packages/airflow/example_dags/example_kubernetes_executor.py
[2024-06-04T23:57:47.616+0000] {logging_mixin.py:137} INFO - [2024-06-04T23:57:47.616+0000] {dag.py:2690} INFO - Sync 1 DAGs
[2024-06-04T23:57:47.638+0000] {logging_mixin.py:137} INFO - [2024-06-04T23:57:47.638+0000] {dag.py:3441} INFO - Setting next_dagrun for example_kubernetes_executor to None, run_after=None
[2024-06-04T23:57:47.652+0000] {processor.py:175} INFO - Processing /home/airflow/.local/lib/python3.7/site-packages/airflow/example_dags/example_kubernetes_executor.py took 0.083 seconds
[2024-06-04T23:58:17.730+0000] {processor.py:153} INFO - Started process (PID=9410) to work on /home/airflow/.local/lib/python3.7/site-packages/airflow/example_dags/example_kubernetes_executor.py
[2024-06-04T23:58:17.731+0000] {processor.py:743} INFO - Processing file /home/airflow/.local/lib/python3.7/site-packages/airflow/example_dags/example_kubernetes_executor.py for tasks to queue
[2024-06-04T23:58:17.731+0000] {logging_mixin.py:137} INFO - [2024-06-04T23:58:17.731+0000] {dagbag.py:538} INFO - Filling up the DagBag from /home/airflow/.local/lib/python3.7/site-packages/airflow/example_dags/example_kubernetes_executor.py
[2024-06-04T23:58:17.752+0000] {processor.py:753} INFO - DAG(s) dict_keys(['example_kubernetes_executor']) retrieved from /home/airflow/.local/lib/python3.7/site-packages/airflow/example_dags/example_kubernetes_executor.py
[2024-06-04T23:58:17.775+0000] {logging_mixin.py:137} INFO - [2024-06-04T23:58:17.775+0000] {dag.py:2690} INFO - Sync 1 DAGs
[2024-06-04T23:58:17.793+0000] {logging_mixin.py:137} INFO - [2024-06-04T23:58:17.793+0000] {dag.py:3441} INFO - Setting next_dagrun for example_kubernetes_executor to None, run_after=None
[2024-06-04T23:58:17.806+0000] {processor.py:175} INFO - Processing /home/airflow/.local/lib/python3.7/site-packages/airflow/example_dags/example_kubernetes_executor.py took 0.078 seconds
[2024-06-04T23:58:47.826+0000] {processor.py:153} INFO - Started process (PID=9506) to work on /home/airflow/.local/lib/python3.7/site-packages/airflow/example_dags/example_kubernetes_executor.py
[2024-06-04T23:58:47.827+0000] {processor.py:743} INFO - Processing file /home/airflow/.local/lib/python3.7/site-packages/airflow/example_dags/example_kubernetes_executor.py for tasks to queue
[2024-06-04T23:58:47.828+0000] {logging_mixin.py:137} INFO - [2024-06-04T23:58:47.828+0000] {dagbag.py:538} INFO - Filling up the DagBag from /home/airflow/.local/lib/python3.7/site-packages/airflow/example_dags/example_kubernetes_executor.py
[2024-06-04T23:58:47.852+0000] {processor.py:753} INFO - DAG(s) dict_keys(['example_kubernetes_executor']) retrieved from /home/airflow/.local/lib/python3.7/site-packages/airflow/example_dags/example_kubernetes_executor.py
[2024-06-04T23:58:47.874+0000] {logging_mixin.py:137} INFO - [2024-06-04T23:58:47.874+0000] {dag.py:2690} INFO - Sync 1 DAGs
[2024-06-04T23:58:47.893+0000] {logging_mixin.py:137} INFO - [2024-06-04T23:58:47.893+0000] {dag.py:3441} INFO - Setting next_dagrun for example_kubernetes_executor to None, run_after=None
[2024-06-04T23:58:47.907+0000] {processor.py:175} INFO - Processing /home/airflow/.local/lib/python3.7/site-packages/airflow/example_dags/example_kubernetes_executor.py took 0.085 seconds
[2024-06-04T23:59:18.848+0000] {processor.py:153} INFO - Started process (PID=9613) to work on /home/airflow/.local/lib/python3.7/site-packages/airflow/example_dags/example_kubernetes_executor.py
[2024-06-04T23:59:18.849+0000] {processor.py:743} INFO - Processing file /home/airflow/.local/lib/python3.7/site-packages/airflow/example_dags/example_kubernetes_executor.py for tasks to queue
[2024-06-04T23:59:18.849+0000] {logging_mixin.py:137} INFO - [2024-06-04T23:59:18.849+0000] {dagbag.py:538} INFO - Filling up the DagBag from /home/airflow/.local/lib/python3.7/site-packages/airflow/example_dags/example_kubernetes_executor.py
[2024-06-04T23:59:18.868+0000] {processor.py:753} INFO - DAG(s) dict_keys(['example_kubernetes_executor']) retrieved from /home/airflow/.local/lib/python3.7/site-packages/airflow/example_dags/example_kubernetes_executor.py
[2024-06-04T23:59:18.890+0000] {logging_mixin.py:137} INFO - [2024-06-04T23:59:18.889+0000] {dag.py:2690} INFO - Sync 1 DAGs
[2024-06-04T23:59:18.905+0000] {logging_mixin.py:137} INFO - [2024-06-04T23:59:18.905+0000] {dag.py:3441} INFO - Setting next_dagrun for example_kubernetes_executor to None, run_after=None
[2024-06-04T23:59:18.918+0000] {processor.py:175} INFO - Processing /home/airflow/.local/lib/python3.7/site-packages/airflow/example_dags/example_kubernetes_executor.py took 0.073 seconds
[2024-06-04T23:59:49.632+0000] {processor.py:153} INFO - Started process (PID=9724) to work on /home/airflow/.local/lib/python3.7/site-packages/airflow/example_dags/example_kubernetes_executor.py
[2024-06-04T23:59:49.633+0000] {processor.py:743} INFO - Processing file /home/airflow/.local/lib/python3.7/site-packages/airflow/example_dags/example_kubernetes_executor.py for tasks to queue
[2024-06-04T23:59:49.634+0000] {logging_mixin.py:137} INFO - [2024-06-04T23:59:49.634+0000] {dagbag.py:538} INFO - Filling up the DagBag from /home/airflow/.local/lib/python3.7/site-packages/airflow/example_dags/example_kubernetes_executor.py
[2024-06-04T23:59:49.662+0000] {processor.py:753} INFO - DAG(s) dict_keys(['example_kubernetes_executor']) retrieved from /home/airflow/.local/lib/python3.7/site-packages/airflow/example_dags/example_kubernetes_executor.py
[2024-06-04T23:59:49.692+0000] {logging_mixin.py:137} INFO - [2024-06-04T23:59:49.691+0000] {dag.py:2690} INFO - Sync 1 DAGs
[2024-06-04T23:59:49.714+0000] {logging_mixin.py:137} INFO - [2024-06-04T23:59:49.714+0000] {dag.py:3441} INFO - Setting next_dagrun for example_kubernetes_executor to None, run_after=None
[2024-06-04T23:59:49.728+0000] {processor.py:175} INFO - Processing /home/airflow/.local/lib/python3.7/site-packages/airflow/example_dags/example_kubernetes_executor.py took 0.099 seconds
