[2024-06-04T23:37:27.233+0000] {processor.py:153} INFO - Started process (PID=68) to work on /home/airflow/.local/lib/python3.7/site-packages/airflow/example_dags/example_dynamic_task_mapping.py
[2024-06-04T23:37:27.234+0000] {processor.py:743} INFO - Processing file /home/airflow/.local/lib/python3.7/site-packages/airflow/example_dags/example_dynamic_task_mapping.py for tasks to queue
[2024-06-04T23:37:27.234+0000] {logging_mixin.py:137} INFO - [2024-06-04T23:37:27.234+0000] {dagbag.py:538} INFO - Filling up the DagBag from /home/airflow/.local/lib/python3.7/site-packages/airflow/example_dags/example_dynamic_task_mapping.py
[2024-06-04T23:37:27.254+0000] {processor.py:753} INFO - DAG(s) dict_keys(['example_dynamic_task_mapping']) retrieved from /home/airflow/.local/lib/python3.7/site-packages/airflow/example_dags/example_dynamic_task_mapping.py
[2024-06-04T23:37:27.349+0000] {logging_mixin.py:137} INFO - [2024-06-04T23:37:27.349+0000] {manager.py:504} INFO - Created Permission View: can edit on DAG:example_dynamic_task_mapping
[2024-06-04T23:37:27.358+0000] {logging_mixin.py:137} INFO - [2024-06-04T23:37:27.358+0000] {manager.py:504} INFO - Created Permission View: can read on DAG:example_dynamic_task_mapping
[2024-06-04T23:37:27.365+0000] {logging_mixin.py:137} INFO - [2024-06-04T23:37:27.365+0000] {manager.py:504} INFO - Created Permission View: can delete on DAG:example_dynamic_task_mapping
[2024-06-04T23:37:27.365+0000] {logging_mixin.py:137} INFO - [2024-06-04T23:37:27.365+0000] {dag.py:2690} INFO - Sync 1 DAGs
[2024-06-04T23:37:27.376+0000] {logging_mixin.py:137} INFO - [2024-06-04T23:37:27.376+0000] {dag.py:2711} INFO - Creating ORM DAG for example_dynamic_task_mapping
[2024-06-04T23:37:27.387+0000] {logging_mixin.py:137} INFO - [2024-06-04T23:37:27.386+0000] {dag.py:3441} INFO - Setting next_dagrun for example_dynamic_task_mapping to 2022-03-04T00:00:00+00:00, run_after=2022-03-05T00:00:00+00:00
[2024-06-04T23:37:27.401+0000] {processor.py:175} INFO - Processing /home/airflow/.local/lib/python3.7/site-packages/airflow/example_dags/example_dynamic_task_mapping.py took 0.170 seconds
[2024-06-04T23:37:57.742+0000] {processor.py:153} INFO - Started process (PID=179) to work on /home/airflow/.local/lib/python3.7/site-packages/airflow/example_dags/example_dynamic_task_mapping.py
[2024-06-04T23:37:57.742+0000] {processor.py:743} INFO - Processing file /home/airflow/.local/lib/python3.7/site-packages/airflow/example_dags/example_dynamic_task_mapping.py for tasks to queue
[2024-06-04T23:37:57.743+0000] {logging_mixin.py:137} INFO - [2024-06-04T23:37:57.743+0000] {dagbag.py:538} INFO - Filling up the DagBag from /home/airflow/.local/lib/python3.7/site-packages/airflow/example_dags/example_dynamic_task_mapping.py
[2024-06-04T23:37:57.759+0000] {processor.py:753} INFO - DAG(s) dict_keys(['example_dynamic_task_mapping']) retrieved from /home/airflow/.local/lib/python3.7/site-packages/airflow/example_dags/example_dynamic_task_mapping.py
[2024-06-04T23:37:57.776+0000] {logging_mixin.py:137} INFO - [2024-06-04T23:37:57.776+0000] {dag.py:2690} INFO - Sync 1 DAGs
[2024-06-04T23:37:57.795+0000] {logging_mixin.py:137} INFO - [2024-06-04T23:37:57.795+0000] {dag.py:3441} INFO - Setting next_dagrun for example_dynamic_task_mapping to 2022-03-04T00:00:00+00:00, run_after=2022-03-05T00:00:00+00:00
[2024-06-04T23:37:57.807+0000] {processor.py:175} INFO - Processing /home/airflow/.local/lib/python3.7/site-packages/airflow/example_dags/example_dynamic_task_mapping.py took 0.068 seconds
[2024-06-04T23:38:28.676+0000] {processor.py:153} INFO - Started process (PID=290) to work on /home/airflow/.local/lib/python3.7/site-packages/airflow/example_dags/example_dynamic_task_mapping.py
[2024-06-04T23:38:28.676+0000] {processor.py:743} INFO - Processing file /home/airflow/.local/lib/python3.7/site-packages/airflow/example_dags/example_dynamic_task_mapping.py for tasks to queue
[2024-06-04T23:38:28.677+0000] {logging_mixin.py:137} INFO - [2024-06-04T23:38:28.677+0000] {dagbag.py:538} INFO - Filling up the DagBag from /home/airflow/.local/lib/python3.7/site-packages/airflow/example_dags/example_dynamic_task_mapping.py
[2024-06-04T23:38:28.694+0000] {processor.py:753} INFO - DAG(s) dict_keys(['example_dynamic_task_mapping']) retrieved from /home/airflow/.local/lib/python3.7/site-packages/airflow/example_dags/example_dynamic_task_mapping.py
[2024-06-04T23:38:28.714+0000] {logging_mixin.py:137} INFO - [2024-06-04T23:38:28.714+0000] {dag.py:2690} INFO - Sync 1 DAGs
[2024-06-04T23:38:28.736+0000] {logging_mixin.py:137} INFO - [2024-06-04T23:38:28.736+0000] {dag.py:3441} INFO - Setting next_dagrun for example_dynamic_task_mapping to 2022-03-04T00:00:00+00:00, run_after=2022-03-05T00:00:00+00:00
[2024-06-04T23:38:28.751+0000] {processor.py:175} INFO - Processing /home/airflow/.local/lib/python3.7/site-packages/airflow/example_dags/example_dynamic_task_mapping.py took 0.078 seconds
[2024-06-04T23:38:59.489+0000] {processor.py:153} INFO - Started process (PID=377) to work on /home/airflow/.local/lib/python3.7/site-packages/airflow/example_dags/example_dynamic_task_mapping.py
[2024-06-04T23:38:59.490+0000] {processor.py:743} INFO - Processing file /home/airflow/.local/lib/python3.7/site-packages/airflow/example_dags/example_dynamic_task_mapping.py for tasks to queue
[2024-06-04T23:38:59.490+0000] {logging_mixin.py:137} INFO - [2024-06-04T23:38:59.490+0000] {dagbag.py:538} INFO - Filling up the DagBag from /home/airflow/.local/lib/python3.7/site-packages/airflow/example_dags/example_dynamic_task_mapping.py
[2024-06-04T23:38:59.506+0000] {processor.py:753} INFO - DAG(s) dict_keys(['example_dynamic_task_mapping']) retrieved from /home/airflow/.local/lib/python3.7/site-packages/airflow/example_dags/example_dynamic_task_mapping.py
[2024-06-04T23:38:59.524+0000] {logging_mixin.py:137} INFO - [2024-06-04T23:38:59.523+0000] {dag.py:2690} INFO - Sync 1 DAGs
[2024-06-04T23:38:59.542+0000] {logging_mixin.py:137} INFO - [2024-06-04T23:38:59.541+0000] {dag.py:3441} INFO - Setting next_dagrun for example_dynamic_task_mapping to 2022-03-04T00:00:00+00:00, run_after=2022-03-05T00:00:00+00:00
[2024-06-04T23:38:59.553+0000] {processor.py:175} INFO - Processing /home/airflow/.local/lib/python3.7/site-packages/airflow/example_dags/example_dynamic_task_mapping.py took 0.066 seconds
[2024-06-04T23:39:30.191+0000] {processor.py:153} INFO - Started process (PID=488) to work on /home/airflow/.local/lib/python3.7/site-packages/airflow/example_dags/example_dynamic_task_mapping.py
[2024-06-04T23:39:30.191+0000] {processor.py:743} INFO - Processing file /home/airflow/.local/lib/python3.7/site-packages/airflow/example_dags/example_dynamic_task_mapping.py for tasks to queue
[2024-06-04T23:39:30.192+0000] {logging_mixin.py:137} INFO - [2024-06-04T23:39:30.192+0000] {dagbag.py:538} INFO - Filling up the DagBag from /home/airflow/.local/lib/python3.7/site-packages/airflow/example_dags/example_dynamic_task_mapping.py
[2024-06-04T23:39:30.208+0000] {processor.py:753} INFO - DAG(s) dict_keys(['example_dynamic_task_mapping']) retrieved from /home/airflow/.local/lib/python3.7/site-packages/airflow/example_dags/example_dynamic_task_mapping.py
[2024-06-04T23:39:30.226+0000] {logging_mixin.py:137} INFO - [2024-06-04T23:39:30.226+0000] {dag.py:2690} INFO - Sync 1 DAGs
[2024-06-04T23:39:30.243+0000] {logging_mixin.py:137} INFO - [2024-06-04T23:39:30.243+0000] {dag.py:3441} INFO - Setting next_dagrun for example_dynamic_task_mapping to 2022-03-04T00:00:00+00:00, run_after=2022-03-05T00:00:00+00:00
[2024-06-04T23:39:30.256+0000] {processor.py:175} INFO - Processing /home/airflow/.local/lib/python3.7/site-packages/airflow/example_dags/example_dynamic_task_mapping.py took 0.067 seconds
[2024-06-04T23:40:00.904+0000] {processor.py:153} INFO - Started process (PID=575) to work on /home/airflow/.local/lib/python3.7/site-packages/airflow/example_dags/example_dynamic_task_mapping.py
[2024-06-04T23:40:00.905+0000] {processor.py:743} INFO - Processing file /home/airflow/.local/lib/python3.7/site-packages/airflow/example_dags/example_dynamic_task_mapping.py for tasks to queue
[2024-06-04T23:40:00.905+0000] {logging_mixin.py:137} INFO - [2024-06-04T23:40:00.905+0000] {dagbag.py:538} INFO - Filling up the DagBag from /home/airflow/.local/lib/python3.7/site-packages/airflow/example_dags/example_dynamic_task_mapping.py
[2024-06-04T23:40:00.921+0000] {processor.py:753} INFO - DAG(s) dict_keys(['example_dynamic_task_mapping']) retrieved from /home/airflow/.local/lib/python3.7/site-packages/airflow/example_dags/example_dynamic_task_mapping.py
[2024-06-04T23:40:00.938+0000] {logging_mixin.py:137} INFO - [2024-06-04T23:40:00.938+0000] {dag.py:2690} INFO - Sync 1 DAGs
[2024-06-04T23:40:00.956+0000] {logging_mixin.py:137} INFO - [2024-06-04T23:40:00.956+0000] {dag.py:3441} INFO - Setting next_dagrun for example_dynamic_task_mapping to 2022-03-04T00:00:00+00:00, run_after=2022-03-05T00:00:00+00:00
[2024-06-04T23:40:00.967+0000] {processor.py:175} INFO - Processing /home/airflow/.local/lib/python3.7/site-packages/airflow/example_dags/example_dynamic_task_mapping.py took 0.065 seconds
[2024-06-04T23:40:31.594+0000] {processor.py:153} INFO - Started process (PID=686) to work on /home/airflow/.local/lib/python3.7/site-packages/airflow/example_dags/example_dynamic_task_mapping.py
[2024-06-04T23:40:31.594+0000] {processor.py:743} INFO - Processing file /home/airflow/.local/lib/python3.7/site-packages/airflow/example_dags/example_dynamic_task_mapping.py for tasks to queue
[2024-06-04T23:40:31.595+0000] {logging_mixin.py:137} INFO - [2024-06-04T23:40:31.595+0000] {dagbag.py:538} INFO - Filling up the DagBag from /home/airflow/.local/lib/python3.7/site-packages/airflow/example_dags/example_dynamic_task_mapping.py
[2024-06-04T23:40:31.610+0000] {processor.py:753} INFO - DAG(s) dict_keys(['example_dynamic_task_mapping']) retrieved from /home/airflow/.local/lib/python3.7/site-packages/airflow/example_dags/example_dynamic_task_mapping.py
[2024-06-04T23:40:31.628+0000] {logging_mixin.py:137} INFO - [2024-06-04T23:40:31.627+0000] {dag.py:2690} INFO - Sync 1 DAGs
[2024-06-04T23:40:31.644+0000] {logging_mixin.py:137} INFO - [2024-06-04T23:40:31.644+0000] {dag.py:3441} INFO - Setting next_dagrun for example_dynamic_task_mapping to 2022-03-04T00:00:00+00:00, run_after=2022-03-05T00:00:00+00:00
[2024-06-04T23:40:31.655+0000] {processor.py:175} INFO - Processing /home/airflow/.local/lib/python3.7/site-packages/airflow/example_dags/example_dynamic_task_mapping.py took 0.063 seconds
[2024-06-04T23:41:02.327+0000] {processor.py:153} INFO - Started process (PID=797) to work on /home/airflow/.local/lib/python3.7/site-packages/airflow/example_dags/example_dynamic_task_mapping.py
[2024-06-04T23:41:02.328+0000] {processor.py:743} INFO - Processing file /home/airflow/.local/lib/python3.7/site-packages/airflow/example_dags/example_dynamic_task_mapping.py for tasks to queue
[2024-06-04T23:41:02.328+0000] {logging_mixin.py:137} INFO - [2024-06-04T23:41:02.328+0000] {dagbag.py:538} INFO - Filling up the DagBag from /home/airflow/.local/lib/python3.7/site-packages/airflow/example_dags/example_dynamic_task_mapping.py
[2024-06-04T23:41:02.344+0000] {processor.py:753} INFO - DAG(s) dict_keys(['example_dynamic_task_mapping']) retrieved from /home/airflow/.local/lib/python3.7/site-packages/airflow/example_dags/example_dynamic_task_mapping.py
[2024-06-04T23:41:02.361+0000] {logging_mixin.py:137} INFO - [2024-06-04T23:41:02.360+0000] {dag.py:2690} INFO - Sync 1 DAGs
[2024-06-04T23:41:02.377+0000] {logging_mixin.py:137} INFO - [2024-06-04T23:41:02.377+0000] {dag.py:3441} INFO - Setting next_dagrun for example_dynamic_task_mapping to 2022-03-04T00:00:00+00:00, run_after=2022-03-05T00:00:00+00:00
[2024-06-04T23:41:02.389+0000] {processor.py:175} INFO - Processing /home/airflow/.local/lib/python3.7/site-packages/airflow/example_dags/example_dynamic_task_mapping.py took 0.063 seconds
[2024-06-04T23:41:33.033+0000] {processor.py:153} INFO - Started process (PID=884) to work on /home/airflow/.local/lib/python3.7/site-packages/airflow/example_dags/example_dynamic_task_mapping.py
[2024-06-04T23:41:33.033+0000] {processor.py:743} INFO - Processing file /home/airflow/.local/lib/python3.7/site-packages/airflow/example_dags/example_dynamic_task_mapping.py for tasks to queue
[2024-06-04T23:41:33.034+0000] {logging_mixin.py:137} INFO - [2024-06-04T23:41:33.034+0000] {dagbag.py:538} INFO - Filling up the DagBag from /home/airflow/.local/lib/python3.7/site-packages/airflow/example_dags/example_dynamic_task_mapping.py
[2024-06-04T23:41:33.049+0000] {processor.py:753} INFO - DAG(s) dict_keys(['example_dynamic_task_mapping']) retrieved from /home/airflow/.local/lib/python3.7/site-packages/airflow/example_dags/example_dynamic_task_mapping.py
[2024-06-04T23:41:33.066+0000] {logging_mixin.py:137} INFO - [2024-06-04T23:41:33.066+0000] {dag.py:2690} INFO - Sync 1 DAGs
[2024-06-04T23:41:33.083+0000] {logging_mixin.py:137} INFO - [2024-06-04T23:41:33.083+0000] {dag.py:3441} INFO - Setting next_dagrun for example_dynamic_task_mapping to 2022-03-04T00:00:00+00:00, run_after=2022-03-05T00:00:00+00:00
[2024-06-04T23:41:33.095+0000] {processor.py:175} INFO - Processing /home/airflow/.local/lib/python3.7/site-packages/airflow/example_dags/example_dynamic_task_mapping.py took 0.065 seconds
[2024-06-04T23:42:03.850+0000] {processor.py:153} INFO - Started process (PID=995) to work on /home/airflow/.local/lib/python3.7/site-packages/airflow/example_dags/example_dynamic_task_mapping.py
[2024-06-04T23:42:03.851+0000] {processor.py:743} INFO - Processing file /home/airflow/.local/lib/python3.7/site-packages/airflow/example_dags/example_dynamic_task_mapping.py for tasks to queue
[2024-06-04T23:42:03.851+0000] {logging_mixin.py:137} INFO - [2024-06-04T23:42:03.851+0000] {dagbag.py:538} INFO - Filling up the DagBag from /home/airflow/.local/lib/python3.7/site-packages/airflow/example_dags/example_dynamic_task_mapping.py
[2024-06-04T23:42:03.866+0000] {processor.py:753} INFO - DAG(s) dict_keys(['example_dynamic_task_mapping']) retrieved from /home/airflow/.local/lib/python3.7/site-packages/airflow/example_dags/example_dynamic_task_mapping.py
[2024-06-04T23:42:03.884+0000] {logging_mixin.py:137} INFO - [2024-06-04T23:42:03.884+0000] {dag.py:2690} INFO - Sync 1 DAGs
[2024-06-04T23:42:03.901+0000] {logging_mixin.py:137} INFO - [2024-06-04T23:42:03.901+0000] {dag.py:3441} INFO - Setting next_dagrun for example_dynamic_task_mapping to 2022-03-04T00:00:00+00:00, run_after=2022-03-05T00:00:00+00:00
[2024-06-04T23:42:03.913+0000] {processor.py:175} INFO - Processing /home/airflow/.local/lib/python3.7/site-packages/airflow/example_dags/example_dynamic_task_mapping.py took 0.065 seconds
[2024-06-04T23:42:33.952+0000] {processor.py:153} INFO - Started process (PID=1091) to work on /home/airflow/.local/lib/python3.7/site-packages/airflow/example_dags/example_dynamic_task_mapping.py
[2024-06-04T23:42:33.953+0000] {processor.py:743} INFO - Processing file /home/airflow/.local/lib/python3.7/site-packages/airflow/example_dags/example_dynamic_task_mapping.py for tasks to queue
[2024-06-04T23:42:33.953+0000] {logging_mixin.py:137} INFO - [2024-06-04T23:42:33.953+0000] {dagbag.py:538} INFO - Filling up the DagBag from /home/airflow/.local/lib/python3.7/site-packages/airflow/example_dags/example_dynamic_task_mapping.py
[2024-06-04T23:42:33.968+0000] {processor.py:753} INFO - DAG(s) dict_keys(['example_dynamic_task_mapping']) retrieved from /home/airflow/.local/lib/python3.7/site-packages/airflow/example_dags/example_dynamic_task_mapping.py
[2024-06-04T23:42:33.987+0000] {logging_mixin.py:137} INFO - [2024-06-04T23:42:33.987+0000] {dag.py:2690} INFO - Sync 1 DAGs
[2024-06-04T23:42:34.004+0000] {logging_mixin.py:137} INFO - [2024-06-04T23:42:34.004+0000] {dag.py:3441} INFO - Setting next_dagrun for example_dynamic_task_mapping to 2022-03-04T00:00:00+00:00, run_after=2022-03-05T00:00:00+00:00
[2024-06-04T23:42:34.016+0000] {processor.py:175} INFO - Processing /home/airflow/.local/lib/python3.7/site-packages/airflow/example_dags/example_dynamic_task_mapping.py took 0.065 seconds
[2024-06-04T23:43:04.870+0000] {processor.py:153} INFO - Started process (PID=1193) to work on /home/airflow/.local/lib/python3.7/site-packages/airflow/example_dags/example_dynamic_task_mapping.py
[2024-06-04T23:43:04.870+0000] {processor.py:743} INFO - Processing file /home/airflow/.local/lib/python3.7/site-packages/airflow/example_dags/example_dynamic_task_mapping.py for tasks to queue
[2024-06-04T23:43:04.871+0000] {logging_mixin.py:137} INFO - [2024-06-04T23:43:04.871+0000] {dagbag.py:538} INFO - Filling up the DagBag from /home/airflow/.local/lib/python3.7/site-packages/airflow/example_dags/example_dynamic_task_mapping.py
[2024-06-04T23:43:04.886+0000] {processor.py:753} INFO - DAG(s) dict_keys(['example_dynamic_task_mapping']) retrieved from /home/airflow/.local/lib/python3.7/site-packages/airflow/example_dags/example_dynamic_task_mapping.py
[2024-06-04T23:43:04.903+0000] {logging_mixin.py:137} INFO - [2024-06-04T23:43:04.903+0000] {dag.py:2690} INFO - Sync 1 DAGs
[2024-06-04T23:43:04.920+0000] {logging_mixin.py:137} INFO - [2024-06-04T23:43:04.920+0000] {dag.py:3441} INFO - Setting next_dagrun for example_dynamic_task_mapping to 2022-03-04T00:00:00+00:00, run_after=2022-03-05T00:00:00+00:00
[2024-06-04T23:43:04.932+0000] {processor.py:175} INFO - Processing /home/airflow/.local/lib/python3.7/site-packages/airflow/example_dags/example_dynamic_task_mapping.py took 0.064 seconds
[2024-06-04T23:43:35.689+0000] {processor.py:153} INFO - Started process (PID=1304) to work on /home/airflow/.local/lib/python3.7/site-packages/airflow/example_dags/example_dynamic_task_mapping.py
[2024-06-04T23:43:35.690+0000] {processor.py:743} INFO - Processing file /home/airflow/.local/lib/python3.7/site-packages/airflow/example_dags/example_dynamic_task_mapping.py for tasks to queue
[2024-06-04T23:43:35.690+0000] {logging_mixin.py:137} INFO - [2024-06-04T23:43:35.690+0000] {dagbag.py:538} INFO - Filling up the DagBag from /home/airflow/.local/lib/python3.7/site-packages/airflow/example_dags/example_dynamic_task_mapping.py
[2024-06-04T23:43:35.707+0000] {processor.py:753} INFO - DAG(s) dict_keys(['example_dynamic_task_mapping']) retrieved from /home/airflow/.local/lib/python3.7/site-packages/airflow/example_dags/example_dynamic_task_mapping.py
[2024-06-04T23:43:35.724+0000] {logging_mixin.py:137} INFO - [2024-06-04T23:43:35.724+0000] {dag.py:2690} INFO - Sync 1 DAGs
[2024-06-04T23:43:35.744+0000] {logging_mixin.py:137} INFO - [2024-06-04T23:43:35.744+0000] {dag.py:3441} INFO - Setting next_dagrun for example_dynamic_task_mapping to 2022-03-04T00:00:00+00:00, run_after=2022-03-05T00:00:00+00:00
[2024-06-04T23:43:35.756+0000] {processor.py:175} INFO - Processing /home/airflow/.local/lib/python3.7/site-packages/airflow/example_dags/example_dynamic_task_mapping.py took 0.070 seconds
[2024-06-04T23:44:07.431+0000] {processor.py:153} INFO - Started process (PID=1504) to work on /home/airflow/.local/lib/python3.7/site-packages/airflow/example_dags/example_dynamic_task_mapping.py
[2024-06-04T23:44:07.432+0000] {processor.py:743} INFO - Processing file /home/airflow/.local/lib/python3.7/site-packages/airflow/example_dags/example_dynamic_task_mapping.py for tasks to queue
[2024-06-04T23:44:07.433+0000] {logging_mixin.py:137} INFO - [2024-06-04T23:44:07.433+0000] {dagbag.py:538} INFO - Filling up the DagBag from /home/airflow/.local/lib/python3.7/site-packages/airflow/example_dags/example_dynamic_task_mapping.py
[2024-06-04T23:44:07.460+0000] {processor.py:753} INFO - DAG(s) dict_keys(['example_dynamic_task_mapping']) retrieved from /home/airflow/.local/lib/python3.7/site-packages/airflow/example_dags/example_dynamic_task_mapping.py
[2024-06-04T23:44:07.484+0000] {logging_mixin.py:137} INFO - [2024-06-04T23:44:07.484+0000] {dag.py:2690} INFO - Sync 1 DAGs
[2024-06-04T23:44:07.510+0000] {logging_mixin.py:137} INFO - [2024-06-04T23:44:07.510+0000] {dag.py:3441} INFO - Setting next_dagrun for example_dynamic_task_mapping to 2022-03-20T00:00:00+00:00, run_after=2022-03-21T00:00:00+00:00
[2024-06-04T23:44:07.529+0000] {processor.py:175} INFO - Processing /home/airflow/.local/lib/python3.7/site-packages/airflow/example_dags/example_dynamic_task_mapping.py took 0.101 seconds
[2024-06-04T23:44:37.771+0000] {processor.py:153} INFO - Started process (PID=1877) to work on /home/airflow/.local/lib/python3.7/site-packages/airflow/example_dags/example_dynamic_task_mapping.py
[2024-06-04T23:44:37.772+0000] {processor.py:743} INFO - Processing file /home/airflow/.local/lib/python3.7/site-packages/airflow/example_dags/example_dynamic_task_mapping.py for tasks to queue
[2024-06-04T23:44:37.772+0000] {logging_mixin.py:137} INFO - [2024-06-04T23:44:37.772+0000] {dagbag.py:538} INFO - Filling up the DagBag from /home/airflow/.local/lib/python3.7/site-packages/airflow/example_dags/example_dynamic_task_mapping.py
[2024-06-04T23:44:37.793+0000] {processor.py:753} INFO - DAG(s) dict_keys(['example_dynamic_task_mapping']) retrieved from /home/airflow/.local/lib/python3.7/site-packages/airflow/example_dags/example_dynamic_task_mapping.py
[2024-06-04T23:44:37.814+0000] {logging_mixin.py:137} INFO - [2024-06-04T23:44:37.814+0000] {dag.py:2690} INFO - Sync 1 DAGs
[2024-06-04T23:44:37.837+0000] {logging_mixin.py:137} INFO - [2024-06-04T23:44:37.836+0000] {dag.py:3441} INFO - Setting next_dagrun for example_dynamic_task_mapping to 2022-04-25T00:00:00+00:00, run_after=2022-04-26T00:00:00+00:00
[2024-06-04T23:44:37.855+0000] {processor.py:175} INFO - Processing /home/airflow/.local/lib/python3.7/site-packages/airflow/example_dags/example_dynamic_task_mapping.py took 0.086 seconds
[2024-06-04T23:45:08.226+0000] {processor.py:153} INFO - Started process (PID=2214) to work on /home/airflow/.local/lib/python3.7/site-packages/airflow/example_dags/example_dynamic_task_mapping.py
[2024-06-04T23:45:08.227+0000] {processor.py:743} INFO - Processing file /home/airflow/.local/lib/python3.7/site-packages/airflow/example_dags/example_dynamic_task_mapping.py for tasks to queue
[2024-06-04T23:45:08.228+0000] {logging_mixin.py:137} INFO - [2024-06-04T23:45:08.228+0000] {dagbag.py:538} INFO - Filling up the DagBag from /home/airflow/.local/lib/python3.7/site-packages/airflow/example_dags/example_dynamic_task_mapping.py
[2024-06-04T23:45:08.262+0000] {processor.py:753} INFO - DAG(s) dict_keys(['example_dynamic_task_mapping']) retrieved from /home/airflow/.local/lib/python3.7/site-packages/airflow/example_dags/example_dynamic_task_mapping.py
[2024-06-04T23:45:08.298+0000] {logging_mixin.py:137} INFO - [2024-06-04T23:45:08.297+0000] {dag.py:2690} INFO - Sync 1 DAGs
[2024-06-04T23:45:08.341+0000] {logging_mixin.py:137} INFO - [2024-06-04T23:45:08.341+0000] {dag.py:3441} INFO - Setting next_dagrun for example_dynamic_task_mapping to 2022-06-03T00:00:00+00:00, run_after=2022-06-04T00:00:00+00:00
[2024-06-04T23:45:08.365+0000] {processor.py:175} INFO - Processing /home/airflow/.local/lib/python3.7/site-packages/airflow/example_dags/example_dynamic_task_mapping.py took 0.143 seconds
[2024-06-04T23:45:38.445+0000] {processor.py:153} INFO - Started process (PID=2556) to work on /home/airflow/.local/lib/python3.7/site-packages/airflow/example_dags/example_dynamic_task_mapping.py
[2024-06-04T23:45:38.445+0000] {processor.py:743} INFO - Processing file /home/airflow/.local/lib/python3.7/site-packages/airflow/example_dags/example_dynamic_task_mapping.py for tasks to queue
[2024-06-04T23:45:38.446+0000] {logging_mixin.py:137} INFO - [2024-06-04T23:45:38.446+0000] {dagbag.py:538} INFO - Filling up the DagBag from /home/airflow/.local/lib/python3.7/site-packages/airflow/example_dags/example_dynamic_task_mapping.py
[2024-06-04T23:45:38.465+0000] {processor.py:753} INFO - DAG(s) dict_keys(['example_dynamic_task_mapping']) retrieved from /home/airflow/.local/lib/python3.7/site-packages/airflow/example_dags/example_dynamic_task_mapping.py
[2024-06-04T23:45:38.488+0000] {logging_mixin.py:137} INFO - [2024-06-04T23:45:38.488+0000] {dag.py:2690} INFO - Sync 1 DAGs
[2024-06-04T23:45:38.511+0000] {logging_mixin.py:137} INFO - [2024-06-04T23:45:38.511+0000] {dag.py:3441} INFO - Setting next_dagrun for example_dynamic_task_mapping to 2022-07-11T00:00:00+00:00, run_after=2022-07-12T00:00:00+00:00
[2024-06-04T23:45:38.525+0000] {processor.py:175} INFO - Processing /home/airflow/.local/lib/python3.7/site-packages/airflow/example_dags/example_dynamic_task_mapping.py took 0.083 seconds
[2024-06-04T23:46:08.964+0000] {processor.py:153} INFO - Started process (PID=2890) to work on /home/airflow/.local/lib/python3.7/site-packages/airflow/example_dags/example_dynamic_task_mapping.py
[2024-06-04T23:46:08.965+0000] {processor.py:743} INFO - Processing file /home/airflow/.local/lib/python3.7/site-packages/airflow/example_dags/example_dynamic_task_mapping.py for tasks to queue
[2024-06-04T23:46:08.966+0000] {logging_mixin.py:137} INFO - [2024-06-04T23:46:08.966+0000] {dagbag.py:538} INFO - Filling up the DagBag from /home/airflow/.local/lib/python3.7/site-packages/airflow/example_dags/example_dynamic_task_mapping.py
[2024-06-04T23:46:08.991+0000] {processor.py:753} INFO - DAG(s) dict_keys(['example_dynamic_task_mapping']) retrieved from /home/airflow/.local/lib/python3.7/site-packages/airflow/example_dags/example_dynamic_task_mapping.py
[2024-06-04T23:46:09.016+0000] {logging_mixin.py:137} INFO - [2024-06-04T23:46:09.015+0000] {dag.py:2690} INFO - Sync 1 DAGs
[2024-06-04T23:46:09.043+0000] {logging_mixin.py:137} INFO - [2024-06-04T23:46:09.043+0000] {dag.py:3441} INFO - Setting next_dagrun for example_dynamic_task_mapping to 2022-08-18T00:00:00+00:00, run_after=2022-08-19T00:00:00+00:00
[2024-06-04T23:46:09.061+0000] {processor.py:175} INFO - Processing /home/airflow/.local/lib/python3.7/site-packages/airflow/example_dags/example_dynamic_task_mapping.py took 0.101 seconds
[2024-06-04T23:46:39.654+0000] {processor.py:153} INFO - Started process (PID=3259) to work on /home/airflow/.local/lib/python3.7/site-packages/airflow/example_dags/example_dynamic_task_mapping.py
[2024-06-04T23:46:39.655+0000] {processor.py:743} INFO - Processing file /home/airflow/.local/lib/python3.7/site-packages/airflow/example_dags/example_dynamic_task_mapping.py for tasks to queue
[2024-06-04T23:46:39.655+0000] {logging_mixin.py:137} INFO - [2024-06-04T23:46:39.655+0000] {dagbag.py:538} INFO - Filling up the DagBag from /home/airflow/.local/lib/python3.7/site-packages/airflow/example_dags/example_dynamic_task_mapping.py
[2024-06-04T23:46:39.675+0000] {processor.py:753} INFO - DAG(s) dict_keys(['example_dynamic_task_mapping']) retrieved from /home/airflow/.local/lib/python3.7/site-packages/airflow/example_dags/example_dynamic_task_mapping.py
[2024-06-04T23:46:39.698+0000] {logging_mixin.py:137} INFO - [2024-06-04T23:46:39.698+0000] {dag.py:2690} INFO - Sync 1 DAGs
[2024-06-04T23:46:39.722+0000] {logging_mixin.py:137} INFO - [2024-06-04T23:46:39.722+0000] {dag.py:3441} INFO - Setting next_dagrun for example_dynamic_task_mapping to 2022-09-28T00:00:00+00:00, run_after=2022-09-29T00:00:00+00:00
[2024-06-04T23:46:39.738+0000] {processor.py:175} INFO - Processing /home/airflow/.local/lib/python3.7/site-packages/airflow/example_dags/example_dynamic_task_mapping.py took 0.086 seconds
[2024-06-04T23:47:09.835+0000] {processor.py:153} INFO - Started process (PID=3584) to work on /home/airflow/.local/lib/python3.7/site-packages/airflow/example_dags/example_dynamic_task_mapping.py
[2024-06-04T23:47:09.835+0000] {processor.py:743} INFO - Processing file /home/airflow/.local/lib/python3.7/site-packages/airflow/example_dags/example_dynamic_task_mapping.py for tasks to queue
[2024-06-04T23:47:09.836+0000] {logging_mixin.py:137} INFO - [2024-06-04T23:47:09.836+0000] {dagbag.py:538} INFO - Filling up the DagBag from /home/airflow/.local/lib/python3.7/site-packages/airflow/example_dags/example_dynamic_task_mapping.py
[2024-06-04T23:47:09.853+0000] {processor.py:753} INFO - DAG(s) dict_keys(['example_dynamic_task_mapping']) retrieved from /home/airflow/.local/lib/python3.7/site-packages/airflow/example_dags/example_dynamic_task_mapping.py
[2024-06-04T23:47:09.873+0000] {logging_mixin.py:137} INFO - [2024-06-04T23:47:09.872+0000] {dag.py:2690} INFO - Sync 1 DAGs
[2024-06-04T23:47:09.893+0000] {logging_mixin.py:137} INFO - [2024-06-04T23:47:09.893+0000] {dag.py:3441} INFO - Setting next_dagrun for example_dynamic_task_mapping to 2022-11-04T00:00:00+00:00, run_after=2022-11-05T00:00:00+00:00
[2024-06-04T23:47:09.906+0000] {processor.py:175} INFO - Processing /home/airflow/.local/lib/python3.7/site-packages/airflow/example_dags/example_dynamic_task_mapping.py took 0.074 seconds
[2024-06-04T23:47:40.311+0000] {processor.py:153} INFO - Started process (PID=3941) to work on /home/airflow/.local/lib/python3.7/site-packages/airflow/example_dags/example_dynamic_task_mapping.py
[2024-06-04T23:47:40.312+0000] {processor.py:743} INFO - Processing file /home/airflow/.local/lib/python3.7/site-packages/airflow/example_dags/example_dynamic_task_mapping.py for tasks to queue
[2024-06-04T23:47:40.313+0000] {logging_mixin.py:137} INFO - [2024-06-04T23:47:40.313+0000] {dagbag.py:538} INFO - Filling up the DagBag from /home/airflow/.local/lib/python3.7/site-packages/airflow/example_dags/example_dynamic_task_mapping.py
[2024-06-04T23:47:40.343+0000] {processor.py:753} INFO - DAG(s) dict_keys(['example_dynamic_task_mapping']) retrieved from /home/airflow/.local/lib/python3.7/site-packages/airflow/example_dags/example_dynamic_task_mapping.py
[2024-06-04T23:47:40.372+0000] {logging_mixin.py:137} INFO - [2024-06-04T23:47:40.372+0000] {dag.py:2690} INFO - Sync 1 DAGs
[2024-06-04T23:47:40.407+0000] {logging_mixin.py:137} INFO - [2024-06-04T23:47:40.407+0000] {dag.py:3441} INFO - Setting next_dagrun for example_dynamic_task_mapping to 2022-12-18T00:00:00+00:00, run_after=2022-12-19T00:00:00+00:00
[2024-06-04T23:47:40.430+0000] {processor.py:175} INFO - Processing /home/airflow/.local/lib/python3.7/site-packages/airflow/example_dags/example_dynamic_task_mapping.py took 0.124 seconds
[2024-06-04T23:48:11.007+0000] {processor.py:153} INFO - Started process (PID=4298) to work on /home/airflow/.local/lib/python3.7/site-packages/airflow/example_dags/example_dynamic_task_mapping.py
[2024-06-04T23:48:11.008+0000] {processor.py:743} INFO - Processing file /home/airflow/.local/lib/python3.7/site-packages/airflow/example_dags/example_dynamic_task_mapping.py for tasks to queue
[2024-06-04T23:48:11.008+0000] {logging_mixin.py:137} INFO - [2024-06-04T23:48:11.008+0000] {dagbag.py:538} INFO - Filling up the DagBag from /home/airflow/.local/lib/python3.7/site-packages/airflow/example_dags/example_dynamic_task_mapping.py
[2024-06-04T23:48:11.023+0000] {processor.py:753} INFO - DAG(s) dict_keys(['example_dynamic_task_mapping']) retrieved from /home/airflow/.local/lib/python3.7/site-packages/airflow/example_dags/example_dynamic_task_mapping.py
[2024-06-04T23:48:11.041+0000] {logging_mixin.py:137} INFO - [2024-06-04T23:48:11.041+0000] {dag.py:2690} INFO - Sync 1 DAGs
[2024-06-04T23:48:11.060+0000] {logging_mixin.py:137} INFO - [2024-06-04T23:48:11.060+0000] {dag.py:3441} INFO - Setting next_dagrun for example_dynamic_task_mapping to 2023-01-27T00:00:00+00:00, run_after=2023-01-28T00:00:00+00:00
[2024-06-04T23:48:11.072+0000] {processor.py:175} INFO - Processing /home/airflow/.local/lib/python3.7/site-packages/airflow/example_dags/example_dynamic_task_mapping.py took 0.067 seconds
[2024-06-04T23:48:41.254+0000] {processor.py:153} INFO - Started process (PID=4665) to work on /home/airflow/.local/lib/python3.7/site-packages/airflow/example_dags/example_dynamic_task_mapping.py
[2024-06-04T23:48:41.254+0000] {processor.py:743} INFO - Processing file /home/airflow/.local/lib/python3.7/site-packages/airflow/example_dags/example_dynamic_task_mapping.py for tasks to queue
[2024-06-04T23:48:41.255+0000] {logging_mixin.py:137} INFO - [2024-06-04T23:48:41.255+0000] {dagbag.py:538} INFO - Filling up the DagBag from /home/airflow/.local/lib/python3.7/site-packages/airflow/example_dags/example_dynamic_task_mapping.py
[2024-06-04T23:48:41.279+0000] {processor.py:753} INFO - DAG(s) dict_keys(['example_dynamic_task_mapping']) retrieved from /home/airflow/.local/lib/python3.7/site-packages/airflow/example_dags/example_dynamic_task_mapping.py
[2024-06-04T23:48:41.304+0000] {logging_mixin.py:137} INFO - [2024-06-04T23:48:41.304+0000] {dag.py:2690} INFO - Sync 1 DAGs
[2024-06-04T23:48:41.336+0000] {logging_mixin.py:137} INFO - [2024-06-04T23:48:41.336+0000] {dag.py:3441} INFO - Setting next_dagrun for example_dynamic_task_mapping to 2023-03-11T00:00:00+00:00, run_after=2023-03-12T00:00:00+00:00
[2024-06-04T23:48:41.358+0000] {processor.py:175} INFO - Processing /home/airflow/.local/lib/python3.7/site-packages/airflow/example_dags/example_dynamic_task_mapping.py took 0.107 seconds
[2024-06-04T23:49:12.163+0000] {processor.py:153} INFO - Started process (PID=5068) to work on /home/airflow/.local/lib/python3.7/site-packages/airflow/example_dags/example_dynamic_task_mapping.py
[2024-06-04T23:49:12.163+0000] {processor.py:743} INFO - Processing file /home/airflow/.local/lib/python3.7/site-packages/airflow/example_dags/example_dynamic_task_mapping.py for tasks to queue
[2024-06-04T23:49:12.164+0000] {logging_mixin.py:137} INFO - [2024-06-04T23:49:12.164+0000] {dagbag.py:538} INFO - Filling up the DagBag from /home/airflow/.local/lib/python3.7/site-packages/airflow/example_dags/example_dynamic_task_mapping.py
[2024-06-04T23:49:12.183+0000] {processor.py:753} INFO - DAG(s) dict_keys(['example_dynamic_task_mapping']) retrieved from /home/airflow/.local/lib/python3.7/site-packages/airflow/example_dags/example_dynamic_task_mapping.py
[2024-06-04T23:49:12.202+0000] {logging_mixin.py:137} INFO - [2024-06-04T23:49:12.202+0000] {dag.py:2690} INFO - Sync 1 DAGs
[2024-06-04T23:49:12.222+0000] {logging_mixin.py:137} INFO - [2024-06-04T23:49:12.222+0000] {dag.py:3441} INFO - Setting next_dagrun for example_dynamic_task_mapping to 2023-04-21T00:00:00+00:00, run_after=2023-04-22T00:00:00+00:00
[2024-06-04T23:49:12.239+0000] {processor.py:175} INFO - Processing /home/airflow/.local/lib/python3.7/site-packages/airflow/example_dags/example_dynamic_task_mapping.py took 0.078 seconds
[2024-06-04T23:49:42.402+0000] {processor.py:153} INFO - Started process (PID=5428) to work on /home/airflow/.local/lib/python3.7/site-packages/airflow/example_dags/example_dynamic_task_mapping.py
[2024-06-04T23:49:42.403+0000] {processor.py:743} INFO - Processing file /home/airflow/.local/lib/python3.7/site-packages/airflow/example_dags/example_dynamic_task_mapping.py for tasks to queue
[2024-06-04T23:49:42.403+0000] {logging_mixin.py:137} INFO - [2024-06-04T23:49:42.403+0000] {dagbag.py:538} INFO - Filling up the DagBag from /home/airflow/.local/lib/python3.7/site-packages/airflow/example_dags/example_dynamic_task_mapping.py
[2024-06-04T23:49:42.419+0000] {processor.py:753} INFO - DAG(s) dict_keys(['example_dynamic_task_mapping']) retrieved from /home/airflow/.local/lib/python3.7/site-packages/airflow/example_dags/example_dynamic_task_mapping.py
[2024-06-04T23:49:42.436+0000] {logging_mixin.py:137} INFO - [2024-06-04T23:49:42.436+0000] {dag.py:2690} INFO - Sync 1 DAGs
[2024-06-04T23:49:42.455+0000] {logging_mixin.py:137} INFO - [2024-06-04T23:49:42.455+0000] {dag.py:3441} INFO - Setting next_dagrun for example_dynamic_task_mapping to 2023-06-02T00:00:00+00:00, run_after=2023-06-03T00:00:00+00:00
[2024-06-04T23:49:42.466+0000] {processor.py:175} INFO - Processing /home/airflow/.local/lib/python3.7/site-packages/airflow/example_dags/example_dynamic_task_mapping.py took 0.066 seconds
[2024-06-04T23:50:13.451+0000] {processor.py:153} INFO - Started process (PID=5800) to work on /home/airflow/.local/lib/python3.7/site-packages/airflow/example_dags/example_dynamic_task_mapping.py
[2024-06-04T23:50:13.453+0000] {processor.py:743} INFO - Processing file /home/airflow/.local/lib/python3.7/site-packages/airflow/example_dags/example_dynamic_task_mapping.py for tasks to queue
[2024-06-04T23:50:13.454+0000] {logging_mixin.py:137} INFO - [2024-06-04T23:50:13.454+0000] {dagbag.py:538} INFO - Filling up the DagBag from /home/airflow/.local/lib/python3.7/site-packages/airflow/example_dags/example_dynamic_task_mapping.py
[2024-06-04T23:50:13.486+0000] {processor.py:753} INFO - DAG(s) dict_keys(['example_dynamic_task_mapping']) retrieved from /home/airflow/.local/lib/python3.7/site-packages/airflow/example_dags/example_dynamic_task_mapping.py
[2024-06-04T23:50:13.521+0000] {logging_mixin.py:137} INFO - [2024-06-04T23:50:13.521+0000] {dag.py:2690} INFO - Sync 1 DAGs
[2024-06-04T23:50:13.564+0000] {logging_mixin.py:137} INFO - [2024-06-04T23:50:13.564+0000] {dag.py:3441} INFO - Setting next_dagrun for example_dynamic_task_mapping to 2023-07-17T00:00:00+00:00, run_after=2023-07-18T00:00:00+00:00
[2024-06-04T23:50:13.583+0000] {processor.py:175} INFO - Processing /home/airflow/.local/lib/python3.7/site-packages/airflow/example_dags/example_dynamic_task_mapping.py took 0.137 seconds
[2024-06-04T23:50:43.674+0000] {processor.py:153} INFO - Started process (PID=6173) to work on /home/airflow/.local/lib/python3.7/site-packages/airflow/example_dags/example_dynamic_task_mapping.py
[2024-06-04T23:50:43.674+0000] {processor.py:743} INFO - Processing file /home/airflow/.local/lib/python3.7/site-packages/airflow/example_dags/example_dynamic_task_mapping.py for tasks to queue
[2024-06-04T23:50:43.675+0000] {logging_mixin.py:137} INFO - [2024-06-04T23:50:43.674+0000] {dagbag.py:538} INFO - Filling up the DagBag from /home/airflow/.local/lib/python3.7/site-packages/airflow/example_dags/example_dynamic_task_mapping.py
[2024-06-04T23:50:43.692+0000] {processor.py:753} INFO - DAG(s) dict_keys(['example_dynamic_task_mapping']) retrieved from /home/airflow/.local/lib/python3.7/site-packages/airflow/example_dags/example_dynamic_task_mapping.py
[2024-06-04T23:50:43.718+0000] {logging_mixin.py:137} INFO - [2024-06-04T23:50:43.717+0000] {dag.py:2690} INFO - Sync 1 DAGs
[2024-06-04T23:50:43.746+0000] {logging_mixin.py:137} INFO - [2024-06-04T23:50:43.746+0000] {dag.py:3441} INFO - Setting next_dagrun for example_dynamic_task_mapping to 2023-08-28T00:00:00+00:00, run_after=2023-08-29T00:00:00+00:00
[2024-06-04T23:50:43.762+0000] {processor.py:175} INFO - Processing /home/airflow/.local/lib/python3.7/site-packages/airflow/example_dags/example_dynamic_task_mapping.py took 0.090 seconds
[2024-06-04T23:51:13.966+0000] {processor.py:153} INFO - Started process (PID=6515) to work on /home/airflow/.local/lib/python3.7/site-packages/airflow/example_dags/example_dynamic_task_mapping.py
[2024-06-04T23:51:13.966+0000] {processor.py:743} INFO - Processing file /home/airflow/.local/lib/python3.7/site-packages/airflow/example_dags/example_dynamic_task_mapping.py for tasks to queue
[2024-06-04T23:51:13.967+0000] {logging_mixin.py:137} INFO - [2024-06-04T23:51:13.967+0000] {dagbag.py:538} INFO - Filling up the DagBag from /home/airflow/.local/lib/python3.7/site-packages/airflow/example_dags/example_dynamic_task_mapping.py
[2024-06-04T23:51:13.984+0000] {processor.py:753} INFO - DAG(s) dict_keys(['example_dynamic_task_mapping']) retrieved from /home/airflow/.local/lib/python3.7/site-packages/airflow/example_dags/example_dynamic_task_mapping.py
[2024-06-04T23:51:14.003+0000] {logging_mixin.py:137} INFO - [2024-06-04T23:51:14.002+0000] {dag.py:2690} INFO - Sync 1 DAGs
[2024-06-04T23:51:14.024+0000] {logging_mixin.py:137} INFO - [2024-06-04T23:51:14.024+0000] {dag.py:3441} INFO - Setting next_dagrun for example_dynamic_task_mapping to 2023-10-09T00:00:00+00:00, run_after=2023-10-10T00:00:00+00:00
[2024-06-04T23:51:14.038+0000] {processor.py:175} INFO - Processing /home/airflow/.local/lib/python3.7/site-packages/airflow/example_dags/example_dynamic_task_mapping.py took 0.075 seconds
[2024-06-04T23:51:44.166+0000] {processor.py:153} INFO - Started process (PID=6860) to work on /home/airflow/.local/lib/python3.7/site-packages/airflow/example_dags/example_dynamic_task_mapping.py
[2024-06-04T23:51:44.166+0000] {processor.py:743} INFO - Processing file /home/airflow/.local/lib/python3.7/site-packages/airflow/example_dags/example_dynamic_task_mapping.py for tasks to queue
[2024-06-04T23:51:44.167+0000] {logging_mixin.py:137} INFO - [2024-06-04T23:51:44.167+0000] {dagbag.py:538} INFO - Filling up the DagBag from /home/airflow/.local/lib/python3.7/site-packages/airflow/example_dags/example_dynamic_task_mapping.py
[2024-06-04T23:51:44.181+0000] {processor.py:753} INFO - DAG(s) dict_keys(['example_dynamic_task_mapping']) retrieved from /home/airflow/.local/lib/python3.7/site-packages/airflow/example_dags/example_dynamic_task_mapping.py
[2024-06-04T23:51:44.199+0000] {logging_mixin.py:137} INFO - [2024-06-04T23:51:44.198+0000] {dag.py:2690} INFO - Sync 1 DAGs
[2024-06-04T23:51:44.216+0000] {logging_mixin.py:137} INFO - [2024-06-04T23:51:44.215+0000] {dag.py:3441} INFO - Setting next_dagrun for example_dynamic_task_mapping to 2023-11-17T00:00:00+00:00, run_after=2023-11-18T00:00:00+00:00
[2024-06-04T23:51:44.227+0000] {processor.py:175} INFO - Processing /home/airflow/.local/lib/python3.7/site-packages/airflow/example_dags/example_dynamic_task_mapping.py took 0.063 seconds
[2024-06-04T23:52:14.633+0000] {processor.py:153} INFO - Started process (PID=7192) to work on /home/airflow/.local/lib/python3.7/site-packages/airflow/example_dags/example_dynamic_task_mapping.py
[2024-06-04T23:52:14.633+0000] {processor.py:743} INFO - Processing file /home/airflow/.local/lib/python3.7/site-packages/airflow/example_dags/example_dynamic_task_mapping.py for tasks to queue
[2024-06-04T23:52:14.634+0000] {logging_mixin.py:137} INFO - [2024-06-04T23:52:14.634+0000] {dagbag.py:538} INFO - Filling up the DagBag from /home/airflow/.local/lib/python3.7/site-packages/airflow/example_dags/example_dynamic_task_mapping.py
[2024-06-04T23:52:14.652+0000] {processor.py:753} INFO - DAG(s) dict_keys(['example_dynamic_task_mapping']) retrieved from /home/airflow/.local/lib/python3.7/site-packages/airflow/example_dags/example_dynamic_task_mapping.py
[2024-06-04T23:52:14.671+0000] {logging_mixin.py:137} INFO - [2024-06-04T23:52:14.671+0000] {dag.py:2690} INFO - Sync 1 DAGs
[2024-06-04T23:52:14.694+0000] {logging_mixin.py:137} INFO - [2024-06-04T23:52:14.693+0000] {dag.py:3441} INFO - Setting next_dagrun for example_dynamic_task_mapping to 2023-12-27T00:00:00+00:00, run_after=2023-12-28T00:00:00+00:00
[2024-06-04T23:52:14.707+0000] {processor.py:175} INFO - Processing /home/airflow/.local/lib/python3.7/site-packages/airflow/example_dags/example_dynamic_task_mapping.py took 0.077 seconds
[2024-06-04T23:52:44.747+0000] {processor.py:153} INFO - Started process (PID=7534) to work on /home/airflow/.local/lib/python3.7/site-packages/airflow/example_dags/example_dynamic_task_mapping.py
[2024-06-04T23:52:44.748+0000] {processor.py:743} INFO - Processing file /home/airflow/.local/lib/python3.7/site-packages/airflow/example_dags/example_dynamic_task_mapping.py for tasks to queue
[2024-06-04T23:52:44.748+0000] {logging_mixin.py:137} INFO - [2024-06-04T23:52:44.748+0000] {dagbag.py:538} INFO - Filling up the DagBag from /home/airflow/.local/lib/python3.7/site-packages/airflow/example_dags/example_dynamic_task_mapping.py
[2024-06-04T23:52:44.765+0000] {processor.py:753} INFO - DAG(s) dict_keys(['example_dynamic_task_mapping']) retrieved from /home/airflow/.local/lib/python3.7/site-packages/airflow/example_dags/example_dynamic_task_mapping.py
[2024-06-04T23:52:44.784+0000] {logging_mixin.py:137} INFO - [2024-06-04T23:52:44.784+0000] {dag.py:2690} INFO - Sync 1 DAGs
[2024-06-04T23:52:44.808+0000] {logging_mixin.py:137} INFO - [2024-06-04T23:52:44.808+0000] {dag.py:3441} INFO - Setting next_dagrun for example_dynamic_task_mapping to 2024-02-04T00:00:00+00:00, run_after=2024-02-05T00:00:00+00:00
[2024-06-04T23:52:44.823+0000] {processor.py:175} INFO - Processing /home/airflow/.local/lib/python3.7/site-packages/airflow/example_dags/example_dynamic_task_mapping.py took 0.079 seconds
[2024-06-04T23:53:15.488+0000] {processor.py:153} INFO - Started process (PID=7900) to work on /home/airflow/.local/lib/python3.7/site-packages/airflow/example_dags/example_dynamic_task_mapping.py
[2024-06-04T23:53:15.489+0000] {processor.py:743} INFO - Processing file /home/airflow/.local/lib/python3.7/site-packages/airflow/example_dags/example_dynamic_task_mapping.py for tasks to queue
[2024-06-04T23:53:15.489+0000] {logging_mixin.py:137} INFO - [2024-06-04T23:53:15.489+0000] {dagbag.py:538} INFO - Filling up the DagBag from /home/airflow/.local/lib/python3.7/site-packages/airflow/example_dags/example_dynamic_task_mapping.py
[2024-06-04T23:53:15.507+0000] {processor.py:753} INFO - DAG(s) dict_keys(['example_dynamic_task_mapping']) retrieved from /home/airflow/.local/lib/python3.7/site-packages/airflow/example_dags/example_dynamic_task_mapping.py
[2024-06-04T23:53:15.526+0000] {logging_mixin.py:137} INFO - [2024-06-04T23:53:15.526+0000] {dag.py:2690} INFO - Sync 1 DAGs
[2024-06-04T23:53:15.547+0000] {logging_mixin.py:137} INFO - [2024-06-04T23:53:15.547+0000] {dag.py:3441} INFO - Setting next_dagrun for example_dynamic_task_mapping to 2024-03-19T00:00:00+00:00, run_after=2024-03-20T00:00:00+00:00
[2024-06-04T23:53:15.560+0000] {processor.py:175} INFO - Processing /home/airflow/.local/lib/python3.7/site-packages/airflow/example_dags/example_dynamic_task_mapping.py took 0.075 seconds
[2024-06-04T23:53:45.603+0000] {processor.py:153} INFO - Started process (PID=8227) to work on /home/airflow/.local/lib/python3.7/site-packages/airflow/example_dags/example_dynamic_task_mapping.py
[2024-06-04T23:53:45.603+0000] {processor.py:743} INFO - Processing file /home/airflow/.local/lib/python3.7/site-packages/airflow/example_dags/example_dynamic_task_mapping.py for tasks to queue
[2024-06-04T23:53:45.603+0000] {logging_mixin.py:137} INFO - [2024-06-04T23:53:45.603+0000] {dagbag.py:538} INFO - Filling up the DagBag from /home/airflow/.local/lib/python3.7/site-packages/airflow/example_dags/example_dynamic_task_mapping.py
[2024-06-04T23:53:45.618+0000] {processor.py:753} INFO - DAG(s) dict_keys(['example_dynamic_task_mapping']) retrieved from /home/airflow/.local/lib/python3.7/site-packages/airflow/example_dags/example_dynamic_task_mapping.py
[2024-06-04T23:53:45.636+0000] {logging_mixin.py:137} INFO - [2024-06-04T23:53:45.635+0000] {dag.py:2690} INFO - Sync 1 DAGs
[2024-06-04T23:53:45.652+0000] {logging_mixin.py:137} INFO - [2024-06-04T23:53:45.652+0000] {dag.py:3441} INFO - Setting next_dagrun for example_dynamic_task_mapping to 2024-04-26T00:00:00+00:00, run_after=2024-04-27T00:00:00+00:00
[2024-06-04T23:53:45.664+0000] {processor.py:175} INFO - Processing /home/airflow/.local/lib/python3.7/site-packages/airflow/example_dags/example_dynamic_task_mapping.py took 0.063 seconds
[2024-06-04T23:54:16.206+0000] {processor.py:153} INFO - Started process (PID=8544) to work on /home/airflow/.local/lib/python3.7/site-packages/airflow/example_dags/example_dynamic_task_mapping.py
[2024-06-04T23:54:16.207+0000] {processor.py:743} INFO - Processing file /home/airflow/.local/lib/python3.7/site-packages/airflow/example_dags/example_dynamic_task_mapping.py for tasks to queue
[2024-06-04T23:54:16.208+0000] {logging_mixin.py:137} INFO - [2024-06-04T23:54:16.208+0000] {dagbag.py:538} INFO - Filling up the DagBag from /home/airflow/.local/lib/python3.7/site-packages/airflow/example_dags/example_dynamic_task_mapping.py
[2024-06-04T23:54:16.230+0000] {processor.py:753} INFO - DAG(s) dict_keys(['example_dynamic_task_mapping']) retrieved from /home/airflow/.local/lib/python3.7/site-packages/airflow/example_dags/example_dynamic_task_mapping.py
[2024-06-04T23:54:16.251+0000] {logging_mixin.py:137} INFO - [2024-06-04T23:54:16.251+0000] {dag.py:2690} INFO - Sync 1 DAGs
[2024-06-04T23:54:16.278+0000] {logging_mixin.py:137} INFO - [2024-06-04T23:54:16.277+0000] {dag.py:3441} INFO - Setting next_dagrun for example_dynamic_task_mapping to 2024-05-31T00:00:00+00:00, run_after=2024-06-01T00:00:00+00:00
[2024-06-04T23:54:16.297+0000] {processor.py:175} INFO - Processing /home/airflow/.local/lib/python3.7/site-packages/airflow/example_dags/example_dynamic_task_mapping.py took 0.094 seconds
[2024-06-04T23:54:46.340+0000] {processor.py:153} INFO - Started process (PID=8679) to work on /home/airflow/.local/lib/python3.7/site-packages/airflow/example_dags/example_dynamic_task_mapping.py
[2024-06-04T23:54:46.341+0000] {processor.py:743} INFO - Processing file /home/airflow/.local/lib/python3.7/site-packages/airflow/example_dags/example_dynamic_task_mapping.py for tasks to queue
[2024-06-04T23:54:46.341+0000] {logging_mixin.py:137} INFO - [2024-06-04T23:54:46.341+0000] {dagbag.py:538} INFO - Filling up the DagBag from /home/airflow/.local/lib/python3.7/site-packages/airflow/example_dags/example_dynamic_task_mapping.py
[2024-06-04T23:54:46.357+0000] {processor.py:753} INFO - DAG(s) dict_keys(['example_dynamic_task_mapping']) retrieved from /home/airflow/.local/lib/python3.7/site-packages/airflow/example_dags/example_dynamic_task_mapping.py
[2024-06-04T23:54:46.375+0000] {logging_mixin.py:137} INFO - [2024-06-04T23:54:46.375+0000] {dag.py:2690} INFO - Sync 1 DAGs
[2024-06-04T23:54:46.395+0000] {logging_mixin.py:137} INFO - [2024-06-04T23:54:46.395+0000] {dag.py:3441} INFO - Setting next_dagrun for example_dynamic_task_mapping to 2024-06-04T00:00:00+00:00, run_after=2024-06-05T00:00:00+00:00
[2024-06-04T23:54:46.407+0000] {processor.py:175} INFO - Processing /home/airflow/.local/lib/python3.7/site-packages/airflow/example_dags/example_dynamic_task_mapping.py took 0.070 seconds
[2024-06-04T23:55:16.606+0000] {processor.py:153} INFO - Started process (PID=8795) to work on /home/airflow/.local/lib/python3.7/site-packages/airflow/example_dags/example_dynamic_task_mapping.py
[2024-06-04T23:55:16.606+0000] {processor.py:743} INFO - Processing file /home/airflow/.local/lib/python3.7/site-packages/airflow/example_dags/example_dynamic_task_mapping.py for tasks to queue
[2024-06-04T23:55:16.607+0000] {logging_mixin.py:137} INFO - [2024-06-04T23:55:16.606+0000] {dagbag.py:538} INFO - Filling up the DagBag from /home/airflow/.local/lib/python3.7/site-packages/airflow/example_dags/example_dynamic_task_mapping.py
[2024-06-04T23:55:16.623+0000] {processor.py:753} INFO - DAG(s) dict_keys(['example_dynamic_task_mapping']) retrieved from /home/airflow/.local/lib/python3.7/site-packages/airflow/example_dags/example_dynamic_task_mapping.py
[2024-06-04T23:55:16.642+0000] {logging_mixin.py:137} INFO - [2024-06-04T23:55:16.642+0000] {dag.py:2690} INFO - Sync 1 DAGs
[2024-06-04T23:55:16.662+0000] {logging_mixin.py:137} INFO - [2024-06-04T23:55:16.662+0000] {dag.py:3441} INFO - Setting next_dagrun for example_dynamic_task_mapping to 2024-06-04T00:00:00+00:00, run_after=2024-06-05T00:00:00+00:00
[2024-06-04T23:55:16.677+0000] {processor.py:175} INFO - Processing /home/airflow/.local/lib/python3.7/site-packages/airflow/example_dags/example_dynamic_task_mapping.py took 0.074 seconds
[2024-06-04T23:55:47.453+0000] {processor.py:153} INFO - Started process (PID=8882) to work on /home/airflow/.local/lib/python3.7/site-packages/airflow/example_dags/example_dynamic_task_mapping.py
[2024-06-04T23:55:47.453+0000] {processor.py:743} INFO - Processing file /home/airflow/.local/lib/python3.7/site-packages/airflow/example_dags/example_dynamic_task_mapping.py for tasks to queue
[2024-06-04T23:55:47.454+0000] {logging_mixin.py:137} INFO - [2024-06-04T23:55:47.453+0000] {dagbag.py:538} INFO - Filling up the DagBag from /home/airflow/.local/lib/python3.7/site-packages/airflow/example_dags/example_dynamic_task_mapping.py
[2024-06-04T23:55:47.470+0000] {processor.py:753} INFO - DAG(s) dict_keys(['example_dynamic_task_mapping']) retrieved from /home/airflow/.local/lib/python3.7/site-packages/airflow/example_dags/example_dynamic_task_mapping.py
[2024-06-04T23:55:47.488+0000] {logging_mixin.py:137} INFO - [2024-06-04T23:55:47.488+0000] {dag.py:2690} INFO - Sync 1 DAGs
[2024-06-04T23:55:47.507+0000] {logging_mixin.py:137} INFO - [2024-06-04T23:55:47.507+0000] {dag.py:3441} INFO - Setting next_dagrun for example_dynamic_task_mapping to 2024-06-04T00:00:00+00:00, run_after=2024-06-05T00:00:00+00:00
[2024-06-04T23:55:47.519+0000] {processor.py:175} INFO - Processing /home/airflow/.local/lib/python3.7/site-packages/airflow/example_dags/example_dynamic_task_mapping.py took 0.069 seconds
[2024-06-04T23:56:18.439+0000] {processor.py:153} INFO - Started process (PID=9001) to work on /home/airflow/.local/lib/python3.7/site-packages/airflow/example_dags/example_dynamic_task_mapping.py
[2024-06-04T23:56:18.440+0000] {processor.py:743} INFO - Processing file /home/airflow/.local/lib/python3.7/site-packages/airflow/example_dags/example_dynamic_task_mapping.py for tasks to queue
[2024-06-04T23:56:18.440+0000] {logging_mixin.py:137} INFO - [2024-06-04T23:56:18.440+0000] {dagbag.py:538} INFO - Filling up the DagBag from /home/airflow/.local/lib/python3.7/site-packages/airflow/example_dags/example_dynamic_task_mapping.py
[2024-06-04T23:56:18.456+0000] {processor.py:753} INFO - DAG(s) dict_keys(['example_dynamic_task_mapping']) retrieved from /home/airflow/.local/lib/python3.7/site-packages/airflow/example_dags/example_dynamic_task_mapping.py
[2024-06-04T23:56:18.473+0000] {logging_mixin.py:137} INFO - [2024-06-04T23:56:18.473+0000] {dag.py:2690} INFO - Sync 1 DAGs
[2024-06-04T23:56:18.492+0000] {logging_mixin.py:137} INFO - [2024-06-04T23:56:18.492+0000] {dag.py:3441} INFO - Setting next_dagrun for example_dynamic_task_mapping to 2024-06-04T00:00:00+00:00, run_after=2024-06-05T00:00:00+00:00
[2024-06-04T23:56:18.505+0000] {processor.py:175} INFO - Processing /home/airflow/.local/lib/python3.7/site-packages/airflow/example_dags/example_dynamic_task_mapping.py took 0.068 seconds
[2024-06-04T23:56:48.545+0000] {processor.py:153} INFO - Started process (PID=9106) to work on /home/airflow/.local/lib/python3.7/site-packages/airflow/example_dags/example_dynamic_task_mapping.py
[2024-06-04T23:56:48.546+0000] {processor.py:743} INFO - Processing file /home/airflow/.local/lib/python3.7/site-packages/airflow/example_dags/example_dynamic_task_mapping.py for tasks to queue
[2024-06-04T23:56:48.546+0000] {logging_mixin.py:137} INFO - [2024-06-04T23:56:48.546+0000] {dagbag.py:538} INFO - Filling up the DagBag from /home/airflow/.local/lib/python3.7/site-packages/airflow/example_dags/example_dynamic_task_mapping.py
[2024-06-04T23:56:48.561+0000] {processor.py:753} INFO - DAG(s) dict_keys(['example_dynamic_task_mapping']) retrieved from /home/airflow/.local/lib/python3.7/site-packages/airflow/example_dags/example_dynamic_task_mapping.py
[2024-06-04T23:56:48.580+0000] {logging_mixin.py:137} INFO - [2024-06-04T23:56:48.580+0000] {dag.py:2690} INFO - Sync 1 DAGs
[2024-06-04T23:56:48.597+0000] {logging_mixin.py:137} INFO - [2024-06-04T23:56:48.597+0000] {dag.py:3441} INFO - Setting next_dagrun for example_dynamic_task_mapping to 2024-06-04T00:00:00+00:00, run_after=2024-06-05T00:00:00+00:00
[2024-06-04T23:56:48.608+0000] {processor.py:175} INFO - Processing /home/airflow/.local/lib/python3.7/site-packages/airflow/example_dags/example_dynamic_task_mapping.py took 0.065 seconds
[2024-06-04T23:57:18.666+0000] {processor.py:153} INFO - Started process (PID=9226) to work on /home/airflow/.local/lib/python3.7/site-packages/airflow/example_dags/example_dynamic_task_mapping.py
[2024-06-04T23:57:18.666+0000] {processor.py:743} INFO - Processing file /home/airflow/.local/lib/python3.7/site-packages/airflow/example_dags/example_dynamic_task_mapping.py for tasks to queue
[2024-06-04T23:57:18.667+0000] {logging_mixin.py:137} INFO - [2024-06-04T23:57:18.666+0000] {dagbag.py:538} INFO - Filling up the DagBag from /home/airflow/.local/lib/python3.7/site-packages/airflow/example_dags/example_dynamic_task_mapping.py
[2024-06-04T23:57:18.681+0000] {processor.py:753} INFO - DAG(s) dict_keys(['example_dynamic_task_mapping']) retrieved from /home/airflow/.local/lib/python3.7/site-packages/airflow/example_dags/example_dynamic_task_mapping.py
[2024-06-04T23:57:18.699+0000] {logging_mixin.py:137} INFO - [2024-06-04T23:57:18.698+0000] {dag.py:2690} INFO - Sync 1 DAGs
[2024-06-04T23:57:18.716+0000] {logging_mixin.py:137} INFO - [2024-06-04T23:57:18.715+0000] {dag.py:3441} INFO - Setting next_dagrun for example_dynamic_task_mapping to 2024-06-04T00:00:00+00:00, run_after=2024-06-05T00:00:00+00:00
[2024-06-04T23:57:18.727+0000] {processor.py:175} INFO - Processing /home/airflow/.local/lib/python3.7/site-packages/airflow/example_dags/example_dynamic_task_mapping.py took 0.064 seconds
[2024-06-04T23:57:48.868+0000] {processor.py:153} INFO - Started process (PID=9322) to work on /home/airflow/.local/lib/python3.7/site-packages/airflow/example_dags/example_dynamic_task_mapping.py
[2024-06-04T23:57:48.868+0000] {processor.py:743} INFO - Processing file /home/airflow/.local/lib/python3.7/site-packages/airflow/example_dags/example_dynamic_task_mapping.py for tasks to queue
[2024-06-04T23:57:48.869+0000] {logging_mixin.py:137} INFO - [2024-06-04T23:57:48.868+0000] {dagbag.py:538} INFO - Filling up the DagBag from /home/airflow/.local/lib/python3.7/site-packages/airflow/example_dags/example_dynamic_task_mapping.py
[2024-06-04T23:57:48.885+0000] {processor.py:753} INFO - DAG(s) dict_keys(['example_dynamic_task_mapping']) retrieved from /home/airflow/.local/lib/python3.7/site-packages/airflow/example_dags/example_dynamic_task_mapping.py
[2024-06-04T23:57:48.904+0000] {logging_mixin.py:137} INFO - [2024-06-04T23:57:48.904+0000] {dag.py:2690} INFO - Sync 1 DAGs
[2024-06-04T23:57:48.924+0000] {logging_mixin.py:137} INFO - [2024-06-04T23:57:48.924+0000] {dag.py:3441} INFO - Setting next_dagrun for example_dynamic_task_mapping to 2024-06-04T00:00:00+00:00, run_after=2024-06-05T00:00:00+00:00
[2024-06-04T23:57:48.938+0000] {processor.py:175} INFO - Processing /home/airflow/.local/lib/python3.7/site-packages/airflow/example_dags/example_dynamic_task_mapping.py took 0.073 seconds
[2024-06-04T23:58:19.095+0000] {processor.py:153} INFO - Started process (PID=9433) to work on /home/airflow/.local/lib/python3.7/site-packages/airflow/example_dags/example_dynamic_task_mapping.py
[2024-06-04T23:58:19.095+0000] {processor.py:743} INFO - Processing file /home/airflow/.local/lib/python3.7/site-packages/airflow/example_dags/example_dynamic_task_mapping.py for tasks to queue
[2024-06-04T23:58:19.096+0000] {logging_mixin.py:137} INFO - [2024-06-04T23:58:19.096+0000] {dagbag.py:538} INFO - Filling up the DagBag from /home/airflow/.local/lib/python3.7/site-packages/airflow/example_dags/example_dynamic_task_mapping.py
[2024-06-04T23:58:19.111+0000] {processor.py:753} INFO - DAG(s) dict_keys(['example_dynamic_task_mapping']) retrieved from /home/airflow/.local/lib/python3.7/site-packages/airflow/example_dags/example_dynamic_task_mapping.py
[2024-06-04T23:58:19.129+0000] {logging_mixin.py:137} INFO - [2024-06-04T23:58:19.129+0000] {dag.py:2690} INFO - Sync 1 DAGs
[2024-06-04T23:58:19.147+0000] {logging_mixin.py:137} INFO - [2024-06-04T23:58:19.147+0000] {dag.py:3441} INFO - Setting next_dagrun for example_dynamic_task_mapping to 2024-06-04T00:00:00+00:00, run_after=2024-06-05T00:00:00+00:00
[2024-06-04T23:58:19.159+0000] {processor.py:175} INFO - Processing /home/airflow/.local/lib/python3.7/site-packages/airflow/example_dags/example_dynamic_task_mapping.py took 0.066 seconds
[2024-06-04T23:58:49.366+0000] {processor.py:153} INFO - Started process (PID=9544) to work on /home/airflow/.local/lib/python3.7/site-packages/airflow/example_dags/example_dynamic_task_mapping.py
[2024-06-04T23:58:49.367+0000] {processor.py:743} INFO - Processing file /home/airflow/.local/lib/python3.7/site-packages/airflow/example_dags/example_dynamic_task_mapping.py for tasks to queue
[2024-06-04T23:58:49.367+0000] {logging_mixin.py:137} INFO - [2024-06-04T23:58:49.367+0000] {dagbag.py:538} INFO - Filling up the DagBag from /home/airflow/.local/lib/python3.7/site-packages/airflow/example_dags/example_dynamic_task_mapping.py
[2024-06-04T23:58:49.387+0000] {processor.py:753} INFO - DAG(s) dict_keys(['example_dynamic_task_mapping']) retrieved from /home/airflow/.local/lib/python3.7/site-packages/airflow/example_dags/example_dynamic_task_mapping.py
[2024-06-04T23:58:49.406+0000] {logging_mixin.py:137} INFO - [2024-06-04T23:58:49.406+0000] {dag.py:2690} INFO - Sync 1 DAGs
[2024-06-04T23:58:49.425+0000] {logging_mixin.py:137} INFO - [2024-06-04T23:58:49.425+0000] {dag.py:3441} INFO - Setting next_dagrun for example_dynamic_task_mapping to 2024-06-04T00:00:00+00:00, run_after=2024-06-05T00:00:00+00:00
[2024-06-04T23:58:49.438+0000] {processor.py:175} INFO - Processing /home/airflow/.local/lib/python3.7/site-packages/airflow/example_dags/example_dynamic_task_mapping.py took 0.074 seconds
[2024-06-04T23:59:19.900+0000] {processor.py:153} INFO - Started process (PID=9636) to work on /home/airflow/.local/lib/python3.7/site-packages/airflow/example_dags/example_dynamic_task_mapping.py
[2024-06-04T23:59:19.900+0000] {processor.py:743} INFO - Processing file /home/airflow/.local/lib/python3.7/site-packages/airflow/example_dags/example_dynamic_task_mapping.py for tasks to queue
[2024-06-04T23:59:19.901+0000] {logging_mixin.py:137} INFO - [2024-06-04T23:59:19.901+0000] {dagbag.py:538} INFO - Filling up the DagBag from /home/airflow/.local/lib/python3.7/site-packages/airflow/example_dags/example_dynamic_task_mapping.py
[2024-06-04T23:59:19.917+0000] {processor.py:753} INFO - DAG(s) dict_keys(['example_dynamic_task_mapping']) retrieved from /home/airflow/.local/lib/python3.7/site-packages/airflow/example_dags/example_dynamic_task_mapping.py
[2024-06-04T23:59:19.935+0000] {logging_mixin.py:137} INFO - [2024-06-04T23:59:19.934+0000] {dag.py:2690} INFO - Sync 1 DAGs
[2024-06-04T23:59:19.953+0000] {logging_mixin.py:137} INFO - [2024-06-04T23:59:19.953+0000] {dag.py:3441} INFO - Setting next_dagrun for example_dynamic_task_mapping to 2024-06-04T00:00:00+00:00, run_after=2024-06-05T00:00:00+00:00
[2024-06-04T23:59:19.968+0000] {processor.py:175} INFO - Processing /home/airflow/.local/lib/python3.7/site-packages/airflow/example_dags/example_dynamic_task_mapping.py took 0.071 seconds
[2024-06-04T23:59:50.718+0000] {processor.py:153} INFO - Started process (PID=9747) to work on /home/airflow/.local/lib/python3.7/site-packages/airflow/example_dags/example_dynamic_task_mapping.py
[2024-06-04T23:59:50.719+0000] {processor.py:743} INFO - Processing file /home/airflow/.local/lib/python3.7/site-packages/airflow/example_dags/example_dynamic_task_mapping.py for tasks to queue
[2024-06-04T23:59:50.719+0000] {logging_mixin.py:137} INFO - [2024-06-04T23:59:50.719+0000] {dagbag.py:538} INFO - Filling up the DagBag from /home/airflow/.local/lib/python3.7/site-packages/airflow/example_dags/example_dynamic_task_mapping.py
[2024-06-04T23:59:50.735+0000] {processor.py:753} INFO - DAG(s) dict_keys(['example_dynamic_task_mapping']) retrieved from /home/airflow/.local/lib/python3.7/site-packages/airflow/example_dags/example_dynamic_task_mapping.py
[2024-06-04T23:59:50.753+0000] {logging_mixin.py:137} INFO - [2024-06-04T23:59:50.753+0000] {dag.py:2690} INFO - Sync 1 DAGs
[2024-06-04T23:59:50.773+0000] {logging_mixin.py:137} INFO - [2024-06-04T23:59:50.773+0000] {dag.py:3441} INFO - Setting next_dagrun for example_dynamic_task_mapping to 2024-06-04T00:00:00+00:00, run_after=2024-06-05T00:00:00+00:00
[2024-06-04T23:59:50.785+0000] {processor.py:175} INFO - Processing /home/airflow/.local/lib/python3.7/site-packages/airflow/example_dags/example_dynamic_task_mapping.py took 0.070 seconds
