[2024-06-04T23:37:28.073+0000] {processor.py:153} INFO - Started process (PID=77) to work on /home/airflow/.local/lib/python3.7/site-packages/airflow/example_dags/example_external_task_marker_dag.py
[2024-06-04T23:37:28.073+0000] {processor.py:743} INFO - Processing file /home/airflow/.local/lib/python3.7/site-packages/airflow/example_dags/example_external_task_marker_dag.py for tasks to queue
[2024-06-04T23:37:28.074+0000] {logging_mixin.py:137} INFO - [2024-06-04T23:37:28.074+0000] {dagbag.py:538} INFO - Filling up the DagBag from /home/airflow/.local/lib/python3.7/site-packages/airflow/example_dags/example_external_task_marker_dag.py
[2024-06-04T23:37:28.085+0000] {processor.py:753} INFO - DAG(s) dict_keys(['example_external_task_marker_parent', 'example_external_task_marker_child']) retrieved from /home/airflow/.local/lib/python3.7/site-packages/airflow/example_dags/example_external_task_marker_dag.py
[2024-06-04T23:37:28.179+0000] {logging_mixin.py:137} INFO - [2024-06-04T23:37:28.179+0000] {manager.py:504} INFO - Created Permission View: can edit on DAG:example_external_task_marker_parent
[2024-06-04T23:37:28.192+0000] {logging_mixin.py:137} INFO - [2024-06-04T23:37:28.191+0000] {manager.py:504} INFO - Created Permission View: can read on DAG:example_external_task_marker_parent
[2024-06-04T23:37:28.199+0000] {logging_mixin.py:137} INFO - [2024-06-04T23:37:28.199+0000] {manager.py:504} INFO - Created Permission View: can delete on DAG:example_external_task_marker_parent
[2024-06-04T23:37:28.216+0000] {logging_mixin.py:137} INFO - [2024-06-04T23:37:28.216+0000] {manager.py:504} INFO - Created Permission View: can edit on DAG:example_external_task_marker_child
[2024-06-04T23:37:28.224+0000] {logging_mixin.py:137} INFO - [2024-06-04T23:37:28.224+0000] {manager.py:504} INFO - Created Permission View: can read on DAG:example_external_task_marker_child
[2024-06-04T23:37:28.233+0000] {logging_mixin.py:137} INFO - [2024-06-04T23:37:28.233+0000] {manager.py:504} INFO - Created Permission View: can delete on DAG:example_external_task_marker_child
[2024-06-04T23:37:28.233+0000] {logging_mixin.py:137} INFO - [2024-06-04T23:37:28.233+0000] {dag.py:2690} INFO - Sync 2 DAGs
[2024-06-04T23:37:28.244+0000] {logging_mixin.py:137} INFO - [2024-06-04T23:37:28.244+0000] {dag.py:2711} INFO - Creating ORM DAG for example_external_task_marker_child
[2024-06-04T23:37:28.244+0000] {logging_mixin.py:137} INFO - [2024-06-04T23:37:28.244+0000] {dag.py:2711} INFO - Creating ORM DAG for example_external_task_marker_parent
[2024-06-04T23:37:28.255+0000] {logging_mixin.py:137} INFO - [2024-06-04T23:37:28.255+0000] {dag.py:3441} INFO - Setting next_dagrun for example_external_task_marker_child to None, run_after=None
[2024-06-04T23:37:28.256+0000] {logging_mixin.py:137} INFO - [2024-06-04T23:37:28.256+0000] {dag.py:3441} INFO - Setting next_dagrun for example_external_task_marker_parent to None, run_after=None
[2024-06-04T23:37:28.276+0000] {processor.py:175} INFO - Processing /home/airflow/.local/lib/python3.7/site-packages/airflow/example_dags/example_external_task_marker_dag.py took 0.206 seconds
[2024-06-04T23:37:59.191+0000] {processor.py:153} INFO - Started process (PID=188) to work on /home/airflow/.local/lib/python3.7/site-packages/airflow/example_dags/example_external_task_marker_dag.py
[2024-06-04T23:37:59.192+0000] {processor.py:743} INFO - Processing file /home/airflow/.local/lib/python3.7/site-packages/airflow/example_dags/example_external_task_marker_dag.py for tasks to queue
[2024-06-04T23:37:59.193+0000] {logging_mixin.py:137} INFO - [2024-06-04T23:37:59.193+0000] {dagbag.py:538} INFO - Filling up the DagBag from /home/airflow/.local/lib/python3.7/site-packages/airflow/example_dags/example_external_task_marker_dag.py
[2024-06-04T23:37:59.202+0000] {processor.py:753} INFO - DAG(s) dict_keys(['example_external_task_marker_child', 'example_external_task_marker_parent']) retrieved from /home/airflow/.local/lib/python3.7/site-packages/airflow/example_dags/example_external_task_marker_dag.py
[2024-06-04T23:37:59.223+0000] {logging_mixin.py:137} INFO - [2024-06-04T23:37:59.223+0000] {dag.py:2690} INFO - Sync 2 DAGs
[2024-06-04T23:37:59.242+0000] {logging_mixin.py:137} INFO - [2024-06-04T23:37:59.242+0000] {dag.py:3441} INFO - Setting next_dagrun for example_external_task_marker_child to None, run_after=None
[2024-06-04T23:37:59.244+0000] {logging_mixin.py:137} INFO - [2024-06-04T23:37:59.244+0000] {dag.py:3441} INFO - Setting next_dagrun for example_external_task_marker_parent to None, run_after=None
[2024-06-04T23:37:59.257+0000] {processor.py:175} INFO - Processing /home/airflow/.local/lib/python3.7/site-packages/airflow/example_dags/example_external_task_marker_dag.py took 0.070 seconds
[2024-06-04T23:38:30.130+0000] {processor.py:153} INFO - Started process (PID=299) to work on /home/airflow/.local/lib/python3.7/site-packages/airflow/example_dags/example_external_task_marker_dag.py
[2024-06-04T23:38:30.131+0000] {processor.py:743} INFO - Processing file /home/airflow/.local/lib/python3.7/site-packages/airflow/example_dags/example_external_task_marker_dag.py for tasks to queue
[2024-06-04T23:38:30.132+0000] {logging_mixin.py:137} INFO - [2024-06-04T23:38:30.132+0000] {dagbag.py:538} INFO - Filling up the DagBag from /home/airflow/.local/lib/python3.7/site-packages/airflow/example_dags/example_external_task_marker_dag.py
[2024-06-04T23:38:30.141+0000] {processor.py:753} INFO - DAG(s) dict_keys(['example_external_task_marker_parent', 'example_external_task_marker_child']) retrieved from /home/airflow/.local/lib/python3.7/site-packages/airflow/example_dags/example_external_task_marker_dag.py
[2024-06-04T23:38:30.162+0000] {logging_mixin.py:137} INFO - [2024-06-04T23:38:30.162+0000] {dag.py:2690} INFO - Sync 2 DAGs
[2024-06-04T23:38:30.179+0000] {logging_mixin.py:137} INFO - [2024-06-04T23:38:30.179+0000] {dag.py:3441} INFO - Setting next_dagrun for example_external_task_marker_child to None, run_after=None
[2024-06-04T23:38:30.181+0000] {logging_mixin.py:137} INFO - [2024-06-04T23:38:30.181+0000] {dag.py:3441} INFO - Setting next_dagrun for example_external_task_marker_parent to None, run_after=None
[2024-06-04T23:38:30.192+0000] {processor.py:175} INFO - Processing /home/airflow/.local/lib/python3.7/site-packages/airflow/example_dags/example_external_task_marker_dag.py took 0.064 seconds
[2024-06-04T23:39:00.884+0000] {processor.py:153} INFO - Started process (PID=386) to work on /home/airflow/.local/lib/python3.7/site-packages/airflow/example_dags/example_external_task_marker_dag.py
[2024-06-04T23:39:00.885+0000] {processor.py:743} INFO - Processing file /home/airflow/.local/lib/python3.7/site-packages/airflow/example_dags/example_external_task_marker_dag.py for tasks to queue
[2024-06-04T23:39:00.885+0000] {logging_mixin.py:137} INFO - [2024-06-04T23:39:00.885+0000] {dagbag.py:538} INFO - Filling up the DagBag from /home/airflow/.local/lib/python3.7/site-packages/airflow/example_dags/example_external_task_marker_dag.py
[2024-06-04T23:39:00.896+0000] {processor.py:753} INFO - DAG(s) dict_keys(['example_external_task_marker_child', 'example_external_task_marker_parent']) retrieved from /home/airflow/.local/lib/python3.7/site-packages/airflow/example_dags/example_external_task_marker_dag.py
[2024-06-04T23:39:00.916+0000] {logging_mixin.py:137} INFO - [2024-06-04T23:39:00.916+0000] {dag.py:2690} INFO - Sync 2 DAGs
[2024-06-04T23:39:00.935+0000] {logging_mixin.py:137} INFO - [2024-06-04T23:39:00.935+0000] {dag.py:3441} INFO - Setting next_dagrun for example_external_task_marker_child to None, run_after=None
[2024-06-04T23:39:00.937+0000] {logging_mixin.py:137} INFO - [2024-06-04T23:39:00.937+0000] {dag.py:3441} INFO - Setting next_dagrun for example_external_task_marker_parent to None, run_after=None
[2024-06-04T23:39:00.948+0000] {processor.py:175} INFO - Processing /home/airflow/.local/lib/python3.7/site-packages/airflow/example_dags/example_external_task_marker_dag.py took 0.066 seconds
[2024-06-04T23:39:31.579+0000] {processor.py:153} INFO - Started process (PID=497) to work on /home/airflow/.local/lib/python3.7/site-packages/airflow/example_dags/example_external_task_marker_dag.py
[2024-06-04T23:39:31.580+0000] {processor.py:743} INFO - Processing file /home/airflow/.local/lib/python3.7/site-packages/airflow/example_dags/example_external_task_marker_dag.py for tasks to queue
[2024-06-04T23:39:31.580+0000] {logging_mixin.py:137} INFO - [2024-06-04T23:39:31.580+0000] {dagbag.py:538} INFO - Filling up the DagBag from /home/airflow/.local/lib/python3.7/site-packages/airflow/example_dags/example_external_task_marker_dag.py
[2024-06-04T23:39:31.590+0000] {processor.py:753} INFO - DAG(s) dict_keys(['example_external_task_marker_child', 'example_external_task_marker_parent']) retrieved from /home/airflow/.local/lib/python3.7/site-packages/airflow/example_dags/example_external_task_marker_dag.py
[2024-06-04T23:39:31.610+0000] {logging_mixin.py:137} INFO - [2024-06-04T23:39:31.609+0000] {dag.py:2690} INFO - Sync 2 DAGs
[2024-06-04T23:39:31.626+0000] {logging_mixin.py:137} INFO - [2024-06-04T23:39:31.626+0000] {dag.py:3441} INFO - Setting next_dagrun for example_external_task_marker_child to None, run_after=None
[2024-06-04T23:39:31.628+0000] {logging_mixin.py:137} INFO - [2024-06-04T23:39:31.628+0000] {dag.py:3441} INFO - Setting next_dagrun for example_external_task_marker_parent to None, run_after=None
[2024-06-04T23:39:31.639+0000] {processor.py:175} INFO - Processing /home/airflow/.local/lib/python3.7/site-packages/airflow/example_dags/example_external_task_marker_dag.py took 0.062 seconds
[2024-06-04T23:40:02.291+0000] {processor.py:153} INFO - Started process (PID=608) to work on /home/airflow/.local/lib/python3.7/site-packages/airflow/example_dags/example_external_task_marker_dag.py
[2024-06-04T23:40:02.296+0000] {processor.py:743} INFO - Processing file /home/airflow/.local/lib/python3.7/site-packages/airflow/example_dags/example_external_task_marker_dag.py for tasks to queue
[2024-06-04T23:40:02.296+0000] {logging_mixin.py:137} INFO - [2024-06-04T23:40:02.296+0000] {dagbag.py:538} INFO - Filling up the DagBag from /home/airflow/.local/lib/python3.7/site-packages/airflow/example_dags/example_external_task_marker_dag.py
[2024-06-04T23:40:02.314+0000] {processor.py:753} INFO - DAG(s) dict_keys(['example_external_task_marker_child', 'example_external_task_marker_parent']) retrieved from /home/airflow/.local/lib/python3.7/site-packages/airflow/example_dags/example_external_task_marker_dag.py
[2024-06-04T23:40:02.341+0000] {logging_mixin.py:137} INFO - [2024-06-04T23:40:02.341+0000] {dag.py:2690} INFO - Sync 2 DAGs
[2024-06-04T23:40:02.365+0000] {logging_mixin.py:137} INFO - [2024-06-04T23:40:02.365+0000] {dag.py:3441} INFO - Setting next_dagrun for example_external_task_marker_child to None, run_after=None
[2024-06-04T23:40:02.368+0000] {logging_mixin.py:137} INFO - [2024-06-04T23:40:02.368+0000] {dag.py:3441} INFO - Setting next_dagrun for example_external_task_marker_parent to None, run_after=None
[2024-06-04T23:40:02.379+0000] {processor.py:175} INFO - Processing /home/airflow/.local/lib/python3.7/site-packages/airflow/example_dags/example_external_task_marker_dag.py took 0.094 seconds
[2024-06-04T23:40:32.973+0000] {processor.py:153} INFO - Started process (PID=695) to work on /home/airflow/.local/lib/python3.7/site-packages/airflow/example_dags/example_external_task_marker_dag.py
[2024-06-04T23:40:32.974+0000] {processor.py:743} INFO - Processing file /home/airflow/.local/lib/python3.7/site-packages/airflow/example_dags/example_external_task_marker_dag.py for tasks to queue
[2024-06-04T23:40:32.974+0000] {logging_mixin.py:137} INFO - [2024-06-04T23:40:32.974+0000] {dagbag.py:538} INFO - Filling up the DagBag from /home/airflow/.local/lib/python3.7/site-packages/airflow/example_dags/example_external_task_marker_dag.py
[2024-06-04T23:40:32.984+0000] {processor.py:753} INFO - DAG(s) dict_keys(['example_external_task_marker_parent', 'example_external_task_marker_child']) retrieved from /home/airflow/.local/lib/python3.7/site-packages/airflow/example_dags/example_external_task_marker_dag.py
[2024-06-04T23:40:33.004+0000] {logging_mixin.py:137} INFO - [2024-06-04T23:40:33.004+0000] {dag.py:2690} INFO - Sync 2 DAGs
[2024-06-04T23:40:33.022+0000] {logging_mixin.py:137} INFO - [2024-06-04T23:40:33.021+0000] {dag.py:3441} INFO - Setting next_dagrun for example_external_task_marker_child to None, run_after=None
[2024-06-04T23:40:33.024+0000] {logging_mixin.py:137} INFO - [2024-06-04T23:40:33.024+0000] {dag.py:3441} INFO - Setting next_dagrun for example_external_task_marker_parent to None, run_after=None
[2024-06-04T23:40:33.034+0000] {processor.py:175} INFO - Processing /home/airflow/.local/lib/python3.7/site-packages/airflow/example_dags/example_external_task_marker_dag.py took 0.064 seconds
[2024-06-04T23:41:03.707+0000] {processor.py:153} INFO - Started process (PID=806) to work on /home/airflow/.local/lib/python3.7/site-packages/airflow/example_dags/example_external_task_marker_dag.py
[2024-06-04T23:41:03.708+0000] {processor.py:743} INFO - Processing file /home/airflow/.local/lib/python3.7/site-packages/airflow/example_dags/example_external_task_marker_dag.py for tasks to queue
[2024-06-04T23:41:03.708+0000] {logging_mixin.py:137} INFO - [2024-06-04T23:41:03.708+0000] {dagbag.py:538} INFO - Filling up the DagBag from /home/airflow/.local/lib/python3.7/site-packages/airflow/example_dags/example_external_task_marker_dag.py
[2024-06-04T23:41:03.717+0000] {processor.py:753} INFO - DAG(s) dict_keys(['example_external_task_marker_child', 'example_external_task_marker_parent']) retrieved from /home/airflow/.local/lib/python3.7/site-packages/airflow/example_dags/example_external_task_marker_dag.py
[2024-06-04T23:41:03.738+0000] {logging_mixin.py:137} INFO - [2024-06-04T23:41:03.738+0000] {dag.py:2690} INFO - Sync 2 DAGs
[2024-06-04T23:41:03.755+0000] {logging_mixin.py:137} INFO - [2024-06-04T23:41:03.755+0000] {dag.py:3441} INFO - Setting next_dagrun for example_external_task_marker_child to None, run_after=None
[2024-06-04T23:41:03.757+0000] {logging_mixin.py:137} INFO - [2024-06-04T23:41:03.757+0000] {dag.py:3441} INFO - Setting next_dagrun for example_external_task_marker_parent to None, run_after=None
[2024-06-04T23:41:03.768+0000] {processor.py:175} INFO - Processing /home/airflow/.local/lib/python3.7/site-packages/airflow/example_dags/example_external_task_marker_dag.py took 0.063 seconds
[2024-06-04T23:41:34.404+0000] {processor.py:153} INFO - Started process (PID=893) to work on /home/airflow/.local/lib/python3.7/site-packages/airflow/example_dags/example_external_task_marker_dag.py
[2024-06-04T23:41:34.405+0000] {processor.py:743} INFO - Processing file /home/airflow/.local/lib/python3.7/site-packages/airflow/example_dags/example_external_task_marker_dag.py for tasks to queue
[2024-06-04T23:41:34.406+0000] {logging_mixin.py:137} INFO - [2024-06-04T23:41:34.406+0000] {dagbag.py:538} INFO - Filling up the DagBag from /home/airflow/.local/lib/python3.7/site-packages/airflow/example_dags/example_external_task_marker_dag.py
[2024-06-04T23:41:34.415+0000] {processor.py:753} INFO - DAG(s) dict_keys(['example_external_task_marker_parent', 'example_external_task_marker_child']) retrieved from /home/airflow/.local/lib/python3.7/site-packages/airflow/example_dags/example_external_task_marker_dag.py
[2024-06-04T23:41:34.436+0000] {logging_mixin.py:137} INFO - [2024-06-04T23:41:34.436+0000] {dag.py:2690} INFO - Sync 2 DAGs
[2024-06-04T23:41:34.453+0000] {logging_mixin.py:137} INFO - [2024-06-04T23:41:34.453+0000] {dag.py:3441} INFO - Setting next_dagrun for example_external_task_marker_child to None, run_after=None
[2024-06-04T23:41:34.455+0000] {logging_mixin.py:137} INFO - [2024-06-04T23:41:34.455+0000] {dag.py:3441} INFO - Setting next_dagrun for example_external_task_marker_parent to None, run_after=None
[2024-06-04T23:41:34.466+0000] {processor.py:175} INFO - Processing /home/airflow/.local/lib/python3.7/site-packages/airflow/example_dags/example_external_task_marker_dag.py took 0.064 seconds
[2024-06-04T23:42:05.358+0000] {processor.py:153} INFO - Started process (PID=1004) to work on /home/airflow/.local/lib/python3.7/site-packages/airflow/example_dags/example_external_task_marker_dag.py
[2024-06-04T23:42:05.359+0000] {processor.py:743} INFO - Processing file /home/airflow/.local/lib/python3.7/site-packages/airflow/example_dags/example_external_task_marker_dag.py for tasks to queue
[2024-06-04T23:42:05.359+0000] {logging_mixin.py:137} INFO - [2024-06-04T23:42:05.359+0000] {dagbag.py:538} INFO - Filling up the DagBag from /home/airflow/.local/lib/python3.7/site-packages/airflow/example_dags/example_external_task_marker_dag.py
[2024-06-04T23:42:05.369+0000] {processor.py:753} INFO - DAG(s) dict_keys(['example_external_task_marker_child', 'example_external_task_marker_parent']) retrieved from /home/airflow/.local/lib/python3.7/site-packages/airflow/example_dags/example_external_task_marker_dag.py
[2024-06-04T23:42:05.390+0000] {logging_mixin.py:137} INFO - [2024-06-04T23:42:05.390+0000] {dag.py:2690} INFO - Sync 2 DAGs
[2024-06-04T23:42:05.408+0000] {logging_mixin.py:137} INFO - [2024-06-04T23:42:05.408+0000] {dag.py:3441} INFO - Setting next_dagrun for example_external_task_marker_child to None, run_after=None
[2024-06-04T23:42:05.411+0000] {logging_mixin.py:137} INFO - [2024-06-04T23:42:05.410+0000] {dag.py:3441} INFO - Setting next_dagrun for example_external_task_marker_parent to None, run_after=None
[2024-06-04T23:42:05.422+0000] {processor.py:175} INFO - Processing /home/airflow/.local/lib/python3.7/site-packages/airflow/example_dags/example_external_task_marker_dag.py took 0.067 seconds
[2024-06-04T23:42:35.494+0000] {processor.py:153} INFO - Started process (PID=1115) to work on /home/airflow/.local/lib/python3.7/site-packages/airflow/example_dags/example_external_task_marker_dag.py
[2024-06-04T23:42:35.495+0000] {processor.py:743} INFO - Processing file /home/airflow/.local/lib/python3.7/site-packages/airflow/example_dags/example_external_task_marker_dag.py for tasks to queue
[2024-06-04T23:42:35.495+0000] {logging_mixin.py:137} INFO - [2024-06-04T23:42:35.495+0000] {dagbag.py:538} INFO - Filling up the DagBag from /home/airflow/.local/lib/python3.7/site-packages/airflow/example_dags/example_external_task_marker_dag.py
[2024-06-04T23:42:35.505+0000] {processor.py:753} INFO - DAG(s) dict_keys(['example_external_task_marker_parent', 'example_external_task_marker_child']) retrieved from /home/airflow/.local/lib/python3.7/site-packages/airflow/example_dags/example_external_task_marker_dag.py
[2024-06-04T23:42:35.526+0000] {logging_mixin.py:137} INFO - [2024-06-04T23:42:35.525+0000] {dag.py:2690} INFO - Sync 2 DAGs
[2024-06-04T23:42:35.543+0000] {logging_mixin.py:137} INFO - [2024-06-04T23:42:35.543+0000] {dag.py:3441} INFO - Setting next_dagrun for example_external_task_marker_child to None, run_after=None
[2024-06-04T23:42:35.545+0000] {logging_mixin.py:137} INFO - [2024-06-04T23:42:35.545+0000] {dag.py:3441} INFO - Setting next_dagrun for example_external_task_marker_parent to None, run_after=None
[2024-06-04T23:42:35.555+0000] {processor.py:175} INFO - Processing /home/airflow/.local/lib/python3.7/site-packages/airflow/example_dags/example_external_task_marker_dag.py took 0.063 seconds
[2024-06-04T23:43:06.246+0000] {processor.py:153} INFO - Started process (PID=1202) to work on /home/airflow/.local/lib/python3.7/site-packages/airflow/example_dags/example_external_task_marker_dag.py
[2024-06-04T23:43:06.247+0000] {processor.py:743} INFO - Processing file /home/airflow/.local/lib/python3.7/site-packages/airflow/example_dags/example_external_task_marker_dag.py for tasks to queue
[2024-06-04T23:43:06.248+0000] {logging_mixin.py:137} INFO - [2024-06-04T23:43:06.248+0000] {dagbag.py:538} INFO - Filling up the DagBag from /home/airflow/.local/lib/python3.7/site-packages/airflow/example_dags/example_external_task_marker_dag.py
[2024-06-04T23:43:06.257+0000] {processor.py:753} INFO - DAG(s) dict_keys(['example_external_task_marker_parent', 'example_external_task_marker_child']) retrieved from /home/airflow/.local/lib/python3.7/site-packages/airflow/example_dags/example_external_task_marker_dag.py
[2024-06-04T23:43:06.277+0000] {logging_mixin.py:137} INFO - [2024-06-04T23:43:06.277+0000] {dag.py:2690} INFO - Sync 2 DAGs
[2024-06-04T23:43:06.295+0000] {logging_mixin.py:137} INFO - [2024-06-04T23:43:06.295+0000] {dag.py:3441} INFO - Setting next_dagrun for example_external_task_marker_child to None, run_after=None
[2024-06-04T23:43:06.297+0000] {logging_mixin.py:137} INFO - [2024-06-04T23:43:06.297+0000] {dag.py:3441} INFO - Setting next_dagrun for example_external_task_marker_parent to None, run_after=None
[2024-06-04T23:43:06.307+0000] {processor.py:175} INFO - Processing /home/airflow/.local/lib/python3.7/site-packages/airflow/example_dags/example_external_task_marker_dag.py took 0.063 seconds
[2024-06-04T23:43:37.098+0000] {processor.py:153} INFO - Started process (PID=1313) to work on /home/airflow/.local/lib/python3.7/site-packages/airflow/example_dags/example_external_task_marker_dag.py
[2024-06-04T23:43:37.099+0000] {processor.py:743} INFO - Processing file /home/airflow/.local/lib/python3.7/site-packages/airflow/example_dags/example_external_task_marker_dag.py for tasks to queue
[2024-06-04T23:43:37.099+0000] {logging_mixin.py:137} INFO - [2024-06-04T23:43:37.099+0000] {dagbag.py:538} INFO - Filling up the DagBag from /home/airflow/.local/lib/python3.7/site-packages/airflow/example_dags/example_external_task_marker_dag.py
[2024-06-04T23:43:37.109+0000] {processor.py:753} INFO - DAG(s) dict_keys(['example_external_task_marker_parent', 'example_external_task_marker_child']) retrieved from /home/airflow/.local/lib/python3.7/site-packages/airflow/example_dags/example_external_task_marker_dag.py
[2024-06-04T23:43:37.129+0000] {logging_mixin.py:137} INFO - [2024-06-04T23:43:37.129+0000] {dag.py:2690} INFO - Sync 2 DAGs
[2024-06-04T23:43:37.146+0000] {logging_mixin.py:137} INFO - [2024-06-04T23:43:37.146+0000] {dag.py:3441} INFO - Setting next_dagrun for example_external_task_marker_child to None, run_after=None
[2024-06-04T23:43:37.148+0000] {logging_mixin.py:137} INFO - [2024-06-04T23:43:37.148+0000] {dag.py:3441} INFO - Setting next_dagrun for example_external_task_marker_parent to None, run_after=None
[2024-06-04T23:43:37.160+0000] {processor.py:175} INFO - Processing /home/airflow/.local/lib/python3.7/site-packages/airflow/example_dags/example_external_task_marker_dag.py took 0.064 seconds
[2024-06-04T23:44:08.047+0000] {processor.py:153} INFO - Started process (PID=1523) to work on /home/airflow/.local/lib/python3.7/site-packages/airflow/example_dags/example_external_task_marker_dag.py
[2024-06-04T23:44:08.048+0000] {processor.py:743} INFO - Processing file /home/airflow/.local/lib/python3.7/site-packages/airflow/example_dags/example_external_task_marker_dag.py for tasks to queue
[2024-06-04T23:44:08.048+0000] {logging_mixin.py:137} INFO - [2024-06-04T23:44:08.048+0000] {dagbag.py:538} INFO - Filling up the DagBag from /home/airflow/.local/lib/python3.7/site-packages/airflow/example_dags/example_external_task_marker_dag.py
[2024-06-04T23:44:08.059+0000] {processor.py:753} INFO - DAG(s) dict_keys(['example_external_task_marker_child', 'example_external_task_marker_parent']) retrieved from /home/airflow/.local/lib/python3.7/site-packages/airflow/example_dags/example_external_task_marker_dag.py
[2024-06-04T23:44:08.088+0000] {logging_mixin.py:137} INFO - [2024-06-04T23:44:08.088+0000] {dag.py:2690} INFO - Sync 2 DAGs
[2024-06-04T23:44:08.121+0000] {logging_mixin.py:137} INFO - [2024-06-04T23:44:08.121+0000] {dag.py:3441} INFO - Setting next_dagrun for example_external_task_marker_child to None, run_after=None
[2024-06-04T23:44:08.125+0000] {logging_mixin.py:137} INFO - [2024-06-04T23:44:08.125+0000] {dag.py:3441} INFO - Setting next_dagrun for example_external_task_marker_parent to None, run_after=None
[2024-06-04T23:44:08.143+0000] {processor.py:175} INFO - Processing /home/airflow/.local/lib/python3.7/site-packages/airflow/example_dags/example_external_task_marker_dag.py took 0.098 seconds
[2024-06-04T23:44:38.268+0000] {processor.py:153} INFO - Started process (PID=1885) to work on /home/airflow/.local/lib/python3.7/site-packages/airflow/example_dags/example_external_task_marker_dag.py
[2024-06-04T23:44:38.269+0000] {processor.py:743} INFO - Processing file /home/airflow/.local/lib/python3.7/site-packages/airflow/example_dags/example_external_task_marker_dag.py for tasks to queue
[2024-06-04T23:44:38.270+0000] {logging_mixin.py:137} INFO - [2024-06-04T23:44:38.270+0000] {dagbag.py:538} INFO - Filling up the DagBag from /home/airflow/.local/lib/python3.7/site-packages/airflow/example_dags/example_external_task_marker_dag.py
[2024-06-04T23:44:38.279+0000] {processor.py:753} INFO - DAG(s) dict_keys(['example_external_task_marker_parent', 'example_external_task_marker_child']) retrieved from /home/airflow/.local/lib/python3.7/site-packages/airflow/example_dags/example_external_task_marker_dag.py
[2024-06-04T23:44:38.298+0000] {logging_mixin.py:137} INFO - [2024-06-04T23:44:38.298+0000] {dag.py:2690} INFO - Sync 2 DAGs
[2024-06-04T23:44:38.314+0000] {logging_mixin.py:137} INFO - [2024-06-04T23:44:38.314+0000] {dag.py:3441} INFO - Setting next_dagrun for example_external_task_marker_child to None, run_after=None
[2024-06-04T23:44:38.317+0000] {logging_mixin.py:137} INFO - [2024-06-04T23:44:38.316+0000] {dag.py:3441} INFO - Setting next_dagrun for example_external_task_marker_parent to None, run_after=None
[2024-06-04T23:44:38.327+0000] {processor.py:175} INFO - Processing /home/airflow/.local/lib/python3.7/site-packages/airflow/example_dags/example_external_task_marker_dag.py took 0.061 seconds
[2024-06-04T23:45:09.088+0000] {processor.py:153} INFO - Started process (PID=2237) to work on /home/airflow/.local/lib/python3.7/site-packages/airflow/example_dags/example_external_task_marker_dag.py
[2024-06-04T23:45:09.089+0000] {processor.py:743} INFO - Processing file /home/airflow/.local/lib/python3.7/site-packages/airflow/example_dags/example_external_task_marker_dag.py for tasks to queue
[2024-06-04T23:45:09.090+0000] {logging_mixin.py:137} INFO - [2024-06-04T23:45:09.090+0000] {dagbag.py:538} INFO - Filling up the DagBag from /home/airflow/.local/lib/python3.7/site-packages/airflow/example_dags/example_external_task_marker_dag.py
[2024-06-04T23:45:09.109+0000] {processor.py:753} INFO - DAG(s) dict_keys(['example_external_task_marker_child', 'example_external_task_marker_parent']) retrieved from /home/airflow/.local/lib/python3.7/site-packages/airflow/example_dags/example_external_task_marker_dag.py
[2024-06-04T23:45:09.144+0000] {logging_mixin.py:137} INFO - [2024-06-04T23:45:09.144+0000] {dag.py:2690} INFO - Sync 2 DAGs
[2024-06-04T23:45:09.178+0000] {logging_mixin.py:137} INFO - [2024-06-04T23:45:09.178+0000] {dag.py:3441} INFO - Setting next_dagrun for example_external_task_marker_child to None, run_after=None
[2024-06-04T23:45:09.183+0000] {logging_mixin.py:137} INFO - [2024-06-04T23:45:09.183+0000] {dag.py:3441} INFO - Setting next_dagrun for example_external_task_marker_parent to None, run_after=None
[2024-06-04T23:45:09.210+0000] {processor.py:175} INFO - Processing /home/airflow/.local/lib/python3.7/site-packages/airflow/example_dags/example_external_task_marker_dag.py took 0.126 seconds
[2024-06-04T23:45:39.879+0000] {processor.py:153} INFO - Started process (PID=2570) to work on /home/airflow/.local/lib/python3.7/site-packages/airflow/example_dags/example_external_task_marker_dag.py
[2024-06-04T23:45:39.880+0000] {processor.py:743} INFO - Processing file /home/airflow/.local/lib/python3.7/site-packages/airflow/example_dags/example_external_task_marker_dag.py for tasks to queue
[2024-06-04T23:45:39.880+0000] {logging_mixin.py:137} INFO - [2024-06-04T23:45:39.880+0000] {dagbag.py:538} INFO - Filling up the DagBag from /home/airflow/.local/lib/python3.7/site-packages/airflow/example_dags/example_external_task_marker_dag.py
[2024-06-04T23:45:39.892+0000] {processor.py:753} INFO - DAG(s) dict_keys(['example_external_task_marker_parent', 'example_external_task_marker_child']) retrieved from /home/airflow/.local/lib/python3.7/site-packages/airflow/example_dags/example_external_task_marker_dag.py
[2024-06-04T23:45:39.921+0000] {logging_mixin.py:137} INFO - [2024-06-04T23:45:39.920+0000] {dag.py:2690} INFO - Sync 2 DAGs
[2024-06-04T23:45:39.946+0000] {logging_mixin.py:137} INFO - [2024-06-04T23:45:39.946+0000] {dag.py:3441} INFO - Setting next_dagrun for example_external_task_marker_child to None, run_after=None
[2024-06-04T23:45:39.948+0000] {logging_mixin.py:137} INFO - [2024-06-04T23:45:39.948+0000] {dag.py:3441} INFO - Setting next_dagrun for example_external_task_marker_parent to None, run_after=None
[2024-06-04T23:45:39.963+0000] {processor.py:175} INFO - Processing /home/airflow/.local/lib/python3.7/site-packages/airflow/example_dags/example_external_task_marker_dag.py took 0.086 seconds
[2024-06-04T23:46:10.424+0000] {processor.py:153} INFO - Started process (PID=2929) to work on /home/airflow/.local/lib/python3.7/site-packages/airflow/example_dags/example_external_task_marker_dag.py
[2024-06-04T23:46:10.425+0000] {processor.py:743} INFO - Processing file /home/airflow/.local/lib/python3.7/site-packages/airflow/example_dags/example_external_task_marker_dag.py for tasks to queue
[2024-06-04T23:46:10.425+0000] {logging_mixin.py:137} INFO - [2024-06-04T23:46:10.425+0000] {dagbag.py:538} INFO - Filling up the DagBag from /home/airflow/.local/lib/python3.7/site-packages/airflow/example_dags/example_external_task_marker_dag.py
[2024-06-04T23:46:10.441+0000] {processor.py:753} INFO - DAG(s) dict_keys(['example_external_task_marker_parent', 'example_external_task_marker_child']) retrieved from /home/airflow/.local/lib/python3.7/site-packages/airflow/example_dags/example_external_task_marker_dag.py
[2024-06-04T23:46:10.471+0000] {logging_mixin.py:137} INFO - [2024-06-04T23:46:10.471+0000] {dag.py:2690} INFO - Sync 2 DAGs
[2024-06-04T23:46:10.498+0000] {logging_mixin.py:137} INFO - [2024-06-04T23:46:10.498+0000] {dag.py:3441} INFO - Setting next_dagrun for example_external_task_marker_child to None, run_after=None
[2024-06-04T23:46:10.501+0000] {logging_mixin.py:137} INFO - [2024-06-04T23:46:10.501+0000] {dag.py:3441} INFO - Setting next_dagrun for example_external_task_marker_parent to None, run_after=None
[2024-06-04T23:46:10.520+0000] {processor.py:175} INFO - Processing /home/airflow/.local/lib/python3.7/site-packages/airflow/example_dags/example_external_task_marker_dag.py took 0.099 seconds
[2024-06-04T23:46:40.993+0000] {processor.py:153} INFO - Started process (PID=3274) to work on /home/airflow/.local/lib/python3.7/site-packages/airflow/example_dags/example_external_task_marker_dag.py
[2024-06-04T23:46:40.994+0000] {processor.py:743} INFO - Processing file /home/airflow/.local/lib/python3.7/site-packages/airflow/example_dags/example_external_task_marker_dag.py for tasks to queue
[2024-06-04T23:46:40.995+0000] {logging_mixin.py:137} INFO - [2024-06-04T23:46:40.994+0000] {dagbag.py:538} INFO - Filling up the DagBag from /home/airflow/.local/lib/python3.7/site-packages/airflow/example_dags/example_external_task_marker_dag.py
[2024-06-04T23:46:41.006+0000] {processor.py:753} INFO - DAG(s) dict_keys(['example_external_task_marker_parent', 'example_external_task_marker_child']) retrieved from /home/airflow/.local/lib/python3.7/site-packages/airflow/example_dags/example_external_task_marker_dag.py
[2024-06-04T23:46:41.031+0000] {logging_mixin.py:137} INFO - [2024-06-04T23:46:41.031+0000] {dag.py:2690} INFO - Sync 2 DAGs
[2024-06-04T23:46:41.057+0000] {logging_mixin.py:137} INFO - [2024-06-04T23:46:41.057+0000] {dag.py:3441} INFO - Setting next_dagrun for example_external_task_marker_child to None, run_after=None
[2024-06-04T23:46:41.060+0000] {logging_mixin.py:137} INFO - [2024-06-04T23:46:41.060+0000] {dag.py:3441} INFO - Setting next_dagrun for example_external_task_marker_parent to None, run_after=None
[2024-06-04T23:46:41.079+0000] {processor.py:175} INFO - Processing /home/airflow/.local/lib/python3.7/site-packages/airflow/example_dags/example_external_task_marker_dag.py took 0.089 seconds
[2024-06-04T23:47:11.299+0000] {processor.py:153} INFO - Started process (PID=3614) to work on /home/airflow/.local/lib/python3.7/site-packages/airflow/example_dags/example_external_task_marker_dag.py
[2024-06-04T23:47:11.299+0000] {processor.py:743} INFO - Processing file /home/airflow/.local/lib/python3.7/site-packages/airflow/example_dags/example_external_task_marker_dag.py for tasks to queue
[2024-06-04T23:47:11.300+0000] {logging_mixin.py:137} INFO - [2024-06-04T23:47:11.300+0000] {dagbag.py:538} INFO - Filling up the DagBag from /home/airflow/.local/lib/python3.7/site-packages/airflow/example_dags/example_external_task_marker_dag.py
[2024-06-04T23:47:11.309+0000] {processor.py:753} INFO - DAG(s) dict_keys(['example_external_task_marker_child', 'example_external_task_marker_parent']) retrieved from /home/airflow/.local/lib/python3.7/site-packages/airflow/example_dags/example_external_task_marker_dag.py
[2024-06-04T23:47:11.329+0000] {logging_mixin.py:137} INFO - [2024-06-04T23:47:11.329+0000] {dag.py:2690} INFO - Sync 2 DAGs
[2024-06-04T23:47:11.349+0000] {logging_mixin.py:137} INFO - [2024-06-04T23:47:11.349+0000] {dag.py:3441} INFO - Setting next_dagrun for example_external_task_marker_child to None, run_after=None
[2024-06-04T23:47:11.351+0000] {logging_mixin.py:137} INFO - [2024-06-04T23:47:11.351+0000] {dag.py:3441} INFO - Setting next_dagrun for example_external_task_marker_parent to None, run_after=None
[2024-06-04T23:47:11.366+0000] {processor.py:175} INFO - Processing /home/airflow/.local/lib/python3.7/site-packages/airflow/example_dags/example_external_task_marker_dag.py took 0.070 seconds
[2024-06-04T23:47:41.882+0000] {processor.py:153} INFO - Started process (PID=3968) to work on /home/airflow/.local/lib/python3.7/site-packages/airflow/example_dags/example_external_task_marker_dag.py
[2024-06-04T23:47:41.882+0000] {processor.py:743} INFO - Processing file /home/airflow/.local/lib/python3.7/site-packages/airflow/example_dags/example_external_task_marker_dag.py for tasks to queue
[2024-06-04T23:47:41.883+0000] {logging_mixin.py:137} INFO - [2024-06-04T23:47:41.883+0000] {dagbag.py:538} INFO - Filling up the DagBag from /home/airflow/.local/lib/python3.7/site-packages/airflow/example_dags/example_external_task_marker_dag.py
[2024-06-04T23:47:41.894+0000] {processor.py:753} INFO - DAG(s) dict_keys(['example_external_task_marker_child', 'example_external_task_marker_parent']) retrieved from /home/airflow/.local/lib/python3.7/site-packages/airflow/example_dags/example_external_task_marker_dag.py
[2024-06-04T23:47:41.916+0000] {logging_mixin.py:137} INFO - [2024-06-04T23:47:41.915+0000] {dag.py:2690} INFO - Sync 2 DAGs
[2024-06-04T23:47:41.940+0000] {logging_mixin.py:137} INFO - [2024-06-04T23:47:41.939+0000] {dag.py:3441} INFO - Setting next_dagrun for example_external_task_marker_child to None, run_after=None
[2024-06-04T23:47:41.943+0000] {logging_mixin.py:137} INFO - [2024-06-04T23:47:41.943+0000] {dag.py:3441} INFO - Setting next_dagrun for example_external_task_marker_parent to None, run_after=None
[2024-06-04T23:47:41.961+0000] {processor.py:175} INFO - Processing /home/airflow/.local/lib/python3.7/site-packages/airflow/example_dags/example_external_task_marker_dag.py took 0.082 seconds
[2024-06-04T23:48:12.177+0000] {processor.py:153} INFO - Started process (PID=4328) to work on /home/airflow/.local/lib/python3.7/site-packages/airflow/example_dags/example_external_task_marker_dag.py
[2024-06-04T23:48:12.177+0000] {processor.py:743} INFO - Processing file /home/airflow/.local/lib/python3.7/site-packages/airflow/example_dags/example_external_task_marker_dag.py for tasks to queue
[2024-06-04T23:48:12.178+0000] {logging_mixin.py:137} INFO - [2024-06-04T23:48:12.178+0000] {dagbag.py:538} INFO - Filling up the DagBag from /home/airflow/.local/lib/python3.7/site-packages/airflow/example_dags/example_external_task_marker_dag.py
[2024-06-04T23:48:12.192+0000] {processor.py:753} INFO - DAG(s) dict_keys(['example_external_task_marker_parent', 'example_external_task_marker_child']) retrieved from /home/airflow/.local/lib/python3.7/site-packages/airflow/example_dags/example_external_task_marker_dag.py
[2024-06-04T23:48:12.220+0000] {logging_mixin.py:137} INFO - [2024-06-04T23:48:12.220+0000] {dag.py:2690} INFO - Sync 2 DAGs
[2024-06-04T23:48:12.244+0000] {logging_mixin.py:137} INFO - [2024-06-04T23:48:12.244+0000] {dag.py:3441} INFO - Setting next_dagrun for example_external_task_marker_child to None, run_after=None
[2024-06-04T23:48:12.246+0000] {logging_mixin.py:137} INFO - [2024-06-04T23:48:12.246+0000] {dag.py:3441} INFO - Setting next_dagrun for example_external_task_marker_parent to None, run_after=None
[2024-06-04T23:48:12.260+0000] {processor.py:175} INFO - Processing /home/airflow/.local/lib/python3.7/site-packages/airflow/example_dags/example_external_task_marker_dag.py took 0.087 seconds
[2024-06-04T23:48:42.659+0000] {processor.py:153} INFO - Started process (PID=4698) to work on /home/airflow/.local/lib/python3.7/site-packages/airflow/example_dags/example_external_task_marker_dag.py
[2024-06-04T23:48:42.661+0000] {processor.py:743} INFO - Processing file /home/airflow/.local/lib/python3.7/site-packages/airflow/example_dags/example_external_task_marker_dag.py for tasks to queue
[2024-06-04T23:48:42.662+0000] {logging_mixin.py:137} INFO - [2024-06-04T23:48:42.662+0000] {dagbag.py:538} INFO - Filling up the DagBag from /home/airflow/.local/lib/python3.7/site-packages/airflow/example_dags/example_external_task_marker_dag.py
[2024-06-04T23:48:42.682+0000] {processor.py:753} INFO - DAG(s) dict_keys(['example_external_task_marker_parent', 'example_external_task_marker_child']) retrieved from /home/airflow/.local/lib/python3.7/site-packages/airflow/example_dags/example_external_task_marker_dag.py
[2024-06-04T23:48:42.723+0000] {logging_mixin.py:137} INFO - [2024-06-04T23:48:42.722+0000] {dag.py:2690} INFO - Sync 2 DAGs
[2024-06-04T23:48:42.758+0000] {logging_mixin.py:137} INFO - [2024-06-04T23:48:42.757+0000] {dag.py:3441} INFO - Setting next_dagrun for example_external_task_marker_child to None, run_after=None
[2024-06-04T23:48:42.761+0000] {logging_mixin.py:137} INFO - [2024-06-04T23:48:42.761+0000] {dag.py:3441} INFO - Setting next_dagrun for example_external_task_marker_parent to None, run_after=None
[2024-06-04T23:48:42.782+0000] {processor.py:175} INFO - Processing /home/airflow/.local/lib/python3.7/site-packages/airflow/example_dags/example_external_task_marker_dag.py took 0.127 seconds
[2024-06-04T23:49:13.619+0000] {processor.py:153} INFO - Started process (PID=5098) to work on /home/airflow/.local/lib/python3.7/site-packages/airflow/example_dags/example_external_task_marker_dag.py
[2024-06-04T23:49:13.619+0000] {processor.py:743} INFO - Processing file /home/airflow/.local/lib/python3.7/site-packages/airflow/example_dags/example_external_task_marker_dag.py for tasks to queue
[2024-06-04T23:49:13.620+0000] {logging_mixin.py:137} INFO - [2024-06-04T23:49:13.620+0000] {dagbag.py:538} INFO - Filling up the DagBag from /home/airflow/.local/lib/python3.7/site-packages/airflow/example_dags/example_external_task_marker_dag.py
[2024-06-04T23:49:13.631+0000] {processor.py:753} INFO - DAG(s) dict_keys(['example_external_task_marker_parent', 'example_external_task_marker_child']) retrieved from /home/airflow/.local/lib/python3.7/site-packages/airflow/example_dags/example_external_task_marker_dag.py
[2024-06-04T23:49:13.658+0000] {logging_mixin.py:137} INFO - [2024-06-04T23:49:13.658+0000] {dag.py:2690} INFO - Sync 2 DAGs
[2024-06-04T23:49:13.686+0000] {logging_mixin.py:137} INFO - [2024-06-04T23:49:13.686+0000] {dag.py:3441} INFO - Setting next_dagrun for example_external_task_marker_child to None, run_after=None
[2024-06-04T23:49:13.690+0000] {logging_mixin.py:137} INFO - [2024-06-04T23:49:13.690+0000] {dag.py:3441} INFO - Setting next_dagrun for example_external_task_marker_parent to None, run_after=None
[2024-06-04T23:49:13.708+0000] {processor.py:175} INFO - Processing /home/airflow/.local/lib/python3.7/site-packages/airflow/example_dags/example_external_task_marker_dag.py took 0.092 seconds
[2024-06-04T23:49:43.844+0000] {processor.py:153} INFO - Started process (PID=5446) to work on /home/airflow/.local/lib/python3.7/site-packages/airflow/example_dags/example_external_task_marker_dag.py
[2024-06-04T23:49:43.845+0000] {processor.py:743} INFO - Processing file /home/airflow/.local/lib/python3.7/site-packages/airflow/example_dags/example_external_task_marker_dag.py for tasks to queue
[2024-06-04T23:49:43.846+0000] {logging_mixin.py:137} INFO - [2024-06-04T23:49:43.845+0000] {dagbag.py:538} INFO - Filling up the DagBag from /home/airflow/.local/lib/python3.7/site-packages/airflow/example_dags/example_external_task_marker_dag.py
[2024-06-04T23:49:43.857+0000] {processor.py:753} INFO - DAG(s) dict_keys(['example_external_task_marker_child', 'example_external_task_marker_parent']) retrieved from /home/airflow/.local/lib/python3.7/site-packages/airflow/example_dags/example_external_task_marker_dag.py
[2024-06-04T23:49:43.879+0000] {logging_mixin.py:137} INFO - [2024-06-04T23:49:43.879+0000] {dag.py:2690} INFO - Sync 2 DAGs
[2024-06-04T23:49:43.899+0000] {logging_mixin.py:137} INFO - [2024-06-04T23:49:43.898+0000] {dag.py:3441} INFO - Setting next_dagrun for example_external_task_marker_child to None, run_after=None
[2024-06-04T23:49:43.902+0000] {logging_mixin.py:137} INFO - [2024-06-04T23:49:43.901+0000] {dag.py:3441} INFO - Setting next_dagrun for example_external_task_marker_parent to None, run_after=None
[2024-06-04T23:49:43.916+0000] {processor.py:175} INFO - Processing /home/airflow/.local/lib/python3.7/site-packages/airflow/example_dags/example_external_task_marker_dag.py took 0.075 seconds
[2024-06-04T23:50:14.088+0000] {processor.py:153} INFO - Started process (PID=5815) to work on /home/airflow/.local/lib/python3.7/site-packages/airflow/example_dags/example_external_task_marker_dag.py
[2024-06-04T23:50:14.089+0000] {processor.py:743} INFO - Processing file /home/airflow/.local/lib/python3.7/site-packages/airflow/example_dags/example_external_task_marker_dag.py for tasks to queue
[2024-06-04T23:50:14.089+0000] {logging_mixin.py:137} INFO - [2024-06-04T23:50:14.089+0000] {dagbag.py:538} INFO - Filling up the DagBag from /home/airflow/.local/lib/python3.7/site-packages/airflow/example_dags/example_external_task_marker_dag.py
[2024-06-04T23:50:14.104+0000] {processor.py:753} INFO - DAG(s) dict_keys(['example_external_task_marker_child', 'example_external_task_marker_parent']) retrieved from /home/airflow/.local/lib/python3.7/site-packages/airflow/example_dags/example_external_task_marker_dag.py
[2024-06-04T23:50:14.136+0000] {logging_mixin.py:137} INFO - [2024-06-04T23:50:14.136+0000] {dag.py:2690} INFO - Sync 2 DAGs
[2024-06-04T23:50:14.169+0000] {logging_mixin.py:137} INFO - [2024-06-04T23:50:14.169+0000] {dag.py:3441} INFO - Setting next_dagrun for example_external_task_marker_child to None, run_after=None
[2024-06-04T23:50:14.175+0000] {logging_mixin.py:137} INFO - [2024-06-04T23:50:14.174+0000] {dag.py:3441} INFO - Setting next_dagrun for example_external_task_marker_parent to None, run_after=None
[2024-06-04T23:50:14.196+0000] {processor.py:175} INFO - Processing /home/airflow/.local/lib/python3.7/site-packages/airflow/example_dags/example_external_task_marker_dag.py took 0.112 seconds
[2024-06-04T23:50:44.330+0000] {processor.py:153} INFO - Started process (PID=6196) to work on /home/airflow/.local/lib/python3.7/site-packages/airflow/example_dags/example_external_task_marker_dag.py
[2024-06-04T23:50:44.331+0000] {processor.py:743} INFO - Processing file /home/airflow/.local/lib/python3.7/site-packages/airflow/example_dags/example_external_task_marker_dag.py for tasks to queue
[2024-06-04T23:50:44.332+0000] {logging_mixin.py:137} INFO - [2024-06-04T23:50:44.332+0000] {dagbag.py:538} INFO - Filling up the DagBag from /home/airflow/.local/lib/python3.7/site-packages/airflow/example_dags/example_external_task_marker_dag.py
[2024-06-04T23:50:44.349+0000] {processor.py:753} INFO - DAG(s) dict_keys(['example_external_task_marker_child', 'example_external_task_marker_parent']) retrieved from /home/airflow/.local/lib/python3.7/site-packages/airflow/example_dags/example_external_task_marker_dag.py
[2024-06-04T23:50:44.386+0000] {logging_mixin.py:137} INFO - [2024-06-04T23:50:44.386+0000] {dag.py:2690} INFO - Sync 2 DAGs
[2024-06-04T23:50:44.417+0000] {logging_mixin.py:137} INFO - [2024-06-04T23:50:44.417+0000] {dag.py:3441} INFO - Setting next_dagrun for example_external_task_marker_child to None, run_after=None
[2024-06-04T23:50:44.422+0000] {logging_mixin.py:137} INFO - [2024-06-04T23:50:44.422+0000] {dag.py:3441} INFO - Setting next_dagrun for example_external_task_marker_parent to None, run_after=None
[2024-06-04T23:50:44.443+0000] {processor.py:175} INFO - Processing /home/airflow/.local/lib/python3.7/site-packages/airflow/example_dags/example_external_task_marker_dag.py took 0.116 seconds
[2024-06-04T23:51:15.320+0000] {processor.py:153} INFO - Started process (PID=6538) to work on /home/airflow/.local/lib/python3.7/site-packages/airflow/example_dags/example_external_task_marker_dag.py
[2024-06-04T23:51:15.321+0000] {processor.py:743} INFO - Processing file /home/airflow/.local/lib/python3.7/site-packages/airflow/example_dags/example_external_task_marker_dag.py for tasks to queue
[2024-06-04T23:51:15.322+0000] {logging_mixin.py:137} INFO - [2024-06-04T23:51:15.322+0000] {dagbag.py:538} INFO - Filling up the DagBag from /home/airflow/.local/lib/python3.7/site-packages/airflow/example_dags/example_external_task_marker_dag.py
[2024-06-04T23:51:15.335+0000] {processor.py:753} INFO - DAG(s) dict_keys(['example_external_task_marker_child', 'example_external_task_marker_parent']) retrieved from /home/airflow/.local/lib/python3.7/site-packages/airflow/example_dags/example_external_task_marker_dag.py
[2024-06-04T23:51:15.360+0000] {logging_mixin.py:137} INFO - [2024-06-04T23:51:15.360+0000] {dag.py:2690} INFO - Sync 2 DAGs
[2024-06-04T23:51:15.385+0000] {logging_mixin.py:137} INFO - [2024-06-04T23:51:15.385+0000] {dag.py:3441} INFO - Setting next_dagrun for example_external_task_marker_child to None, run_after=None
[2024-06-04T23:51:15.388+0000] {logging_mixin.py:137} INFO - [2024-06-04T23:51:15.388+0000] {dag.py:3441} INFO - Setting next_dagrun for example_external_task_marker_parent to None, run_after=None
[2024-06-04T23:51:15.404+0000] {processor.py:175} INFO - Processing /home/airflow/.local/lib/python3.7/site-packages/airflow/example_dags/example_external_task_marker_dag.py took 0.087 seconds
[2024-06-04T23:51:45.646+0000] {processor.py:153} INFO - Started process (PID=6894) to work on /home/airflow/.local/lib/python3.7/site-packages/airflow/example_dags/example_external_task_marker_dag.py
[2024-06-04T23:51:45.647+0000] {processor.py:743} INFO - Processing file /home/airflow/.local/lib/python3.7/site-packages/airflow/example_dags/example_external_task_marker_dag.py for tasks to queue
[2024-06-04T23:51:45.648+0000] {logging_mixin.py:137} INFO - [2024-06-04T23:51:45.648+0000] {dagbag.py:538} INFO - Filling up the DagBag from /home/airflow/.local/lib/python3.7/site-packages/airflow/example_dags/example_external_task_marker_dag.py
[2024-06-04T23:51:45.665+0000] {processor.py:753} INFO - DAG(s) dict_keys(['example_external_task_marker_parent', 'example_external_task_marker_child']) retrieved from /home/airflow/.local/lib/python3.7/site-packages/airflow/example_dags/example_external_task_marker_dag.py
[2024-06-04T23:51:45.702+0000] {logging_mixin.py:137} INFO - [2024-06-04T23:51:45.701+0000] {dag.py:2690} INFO - Sync 2 DAGs
[2024-06-04T23:51:45.736+0000] {logging_mixin.py:137} INFO - [2024-06-04T23:51:45.736+0000] {dag.py:3441} INFO - Setting next_dagrun for example_external_task_marker_child to None, run_after=None
[2024-06-04T23:51:45.741+0000] {logging_mixin.py:137} INFO - [2024-06-04T23:51:45.741+0000] {dag.py:3441} INFO - Setting next_dagrun for example_external_task_marker_parent to None, run_after=None
[2024-06-04T23:51:45.765+0000] {processor.py:175} INFO - Processing /home/airflow/.local/lib/python3.7/site-packages/airflow/example_dags/example_external_task_marker_dag.py took 0.123 seconds
[2024-06-04T23:52:16.595+0000] {processor.py:153} INFO - Started process (PID=7230) to work on /home/airflow/.local/lib/python3.7/site-packages/airflow/example_dags/example_external_task_marker_dag.py
[2024-06-04T23:52:16.596+0000] {processor.py:743} INFO - Processing file /home/airflow/.local/lib/python3.7/site-packages/airflow/example_dags/example_external_task_marker_dag.py for tasks to queue
[2024-06-04T23:52:16.596+0000] {logging_mixin.py:137} INFO - [2024-06-04T23:52:16.596+0000] {dagbag.py:538} INFO - Filling up the DagBag from /home/airflow/.local/lib/python3.7/site-packages/airflow/example_dags/example_external_task_marker_dag.py
[2024-06-04T23:52:16.611+0000] {processor.py:753} INFO - DAG(s) dict_keys(['example_external_task_marker_child', 'example_external_task_marker_parent']) retrieved from /home/airflow/.local/lib/python3.7/site-packages/airflow/example_dags/example_external_task_marker_dag.py
[2024-06-04T23:52:16.656+0000] {logging_mixin.py:137} INFO - [2024-06-04T23:52:16.656+0000] {dag.py:2690} INFO - Sync 2 DAGs
[2024-06-04T23:52:16.681+0000] {logging_mixin.py:137} INFO - [2024-06-04T23:52:16.681+0000] {dag.py:3441} INFO - Setting next_dagrun for example_external_task_marker_child to None, run_after=None
[2024-06-04T23:52:16.685+0000] {logging_mixin.py:137} INFO - [2024-06-04T23:52:16.685+0000] {dag.py:3441} INFO - Setting next_dagrun for example_external_task_marker_parent to None, run_after=None
[2024-06-04T23:52:16.706+0000] {processor.py:175} INFO - Processing /home/airflow/.local/lib/python3.7/site-packages/airflow/example_dags/example_external_task_marker_dag.py took 0.114 seconds
[2024-06-04T23:52:47.122+0000] {processor.py:153} INFO - Started process (PID=7570) to work on /home/airflow/.local/lib/python3.7/site-packages/airflow/example_dags/example_external_task_marker_dag.py
[2024-06-04T23:52:47.123+0000] {processor.py:743} INFO - Processing file /home/airflow/.local/lib/python3.7/site-packages/airflow/example_dags/example_external_task_marker_dag.py for tasks to queue
[2024-06-04T23:52:47.123+0000] {logging_mixin.py:137} INFO - [2024-06-04T23:52:47.123+0000] {dagbag.py:538} INFO - Filling up the DagBag from /home/airflow/.local/lib/python3.7/site-packages/airflow/example_dags/example_external_task_marker_dag.py
[2024-06-04T23:52:47.133+0000] {processor.py:753} INFO - DAG(s) dict_keys(['example_external_task_marker_parent', 'example_external_task_marker_child']) retrieved from /home/airflow/.local/lib/python3.7/site-packages/airflow/example_dags/example_external_task_marker_dag.py
[2024-06-04T23:52:47.154+0000] {logging_mixin.py:137} INFO - [2024-06-04T23:52:47.154+0000] {dag.py:2690} INFO - Sync 2 DAGs
[2024-06-04T23:52:47.174+0000] {logging_mixin.py:137} INFO - [2024-06-04T23:52:47.174+0000] {dag.py:3441} INFO - Setting next_dagrun for example_external_task_marker_child to None, run_after=None
[2024-06-04T23:52:47.176+0000] {logging_mixin.py:137} INFO - [2024-06-04T23:52:47.176+0000] {dag.py:3441} INFO - Setting next_dagrun for example_external_task_marker_parent to None, run_after=None
[2024-06-04T23:52:47.188+0000] {processor.py:175} INFO - Processing /home/airflow/.local/lib/python3.7/site-packages/airflow/example_dags/example_external_task_marker_dag.py took 0.069 seconds
[2024-06-04T23:53:17.910+0000] {processor.py:153} INFO - Started process (PID=7939) to work on /home/airflow/.local/lib/python3.7/site-packages/airflow/example_dags/example_external_task_marker_dag.py
[2024-06-04T23:53:17.911+0000] {processor.py:743} INFO - Processing file /home/airflow/.local/lib/python3.7/site-packages/airflow/example_dags/example_external_task_marker_dag.py for tasks to queue
[2024-06-04T23:53:17.912+0000] {logging_mixin.py:137} INFO - [2024-06-04T23:53:17.912+0000] {dagbag.py:538} INFO - Filling up the DagBag from /home/airflow/.local/lib/python3.7/site-packages/airflow/example_dags/example_external_task_marker_dag.py
[2024-06-04T23:53:17.922+0000] {processor.py:753} INFO - DAG(s) dict_keys(['example_external_task_marker_child', 'example_external_task_marker_parent']) retrieved from /home/airflow/.local/lib/python3.7/site-packages/airflow/example_dags/example_external_task_marker_dag.py
[2024-06-04T23:53:17.946+0000] {logging_mixin.py:137} INFO - [2024-06-04T23:53:17.946+0000] {dag.py:2690} INFO - Sync 2 DAGs
[2024-06-04T23:53:17.964+0000] {logging_mixin.py:137} INFO - [2024-06-04T23:53:17.964+0000] {dag.py:3441} INFO - Setting next_dagrun for example_external_task_marker_child to None, run_after=None
[2024-06-04T23:53:17.966+0000] {logging_mixin.py:137} INFO - [2024-06-04T23:53:17.966+0000] {dag.py:3441} INFO - Setting next_dagrun for example_external_task_marker_parent to None, run_after=None
[2024-06-04T23:53:17.978+0000] {processor.py:175} INFO - Processing /home/airflow/.local/lib/python3.7/site-packages/airflow/example_dags/example_external_task_marker_dag.py took 0.070 seconds
[2024-06-04T23:53:48.061+0000] {processor.py:153} INFO - Started process (PID=8246) to work on /home/airflow/.local/lib/python3.7/site-packages/airflow/example_dags/example_external_task_marker_dag.py
[2024-06-04T23:53:48.062+0000] {processor.py:743} INFO - Processing file /home/airflow/.local/lib/python3.7/site-packages/airflow/example_dags/example_external_task_marker_dag.py for tasks to queue
[2024-06-04T23:53:48.063+0000] {logging_mixin.py:137} INFO - [2024-06-04T23:53:48.062+0000] {dagbag.py:538} INFO - Filling up the DagBag from /home/airflow/.local/lib/python3.7/site-packages/airflow/example_dags/example_external_task_marker_dag.py
[2024-06-04T23:53:48.073+0000] {processor.py:753} INFO - DAG(s) dict_keys(['example_external_task_marker_parent', 'example_external_task_marker_child']) retrieved from /home/airflow/.local/lib/python3.7/site-packages/airflow/example_dags/example_external_task_marker_dag.py
[2024-06-04T23:53:48.097+0000] {logging_mixin.py:137} INFO - [2024-06-04T23:53:48.097+0000] {dag.py:2690} INFO - Sync 2 DAGs
[2024-06-04T23:53:48.119+0000] {logging_mixin.py:137} INFO - [2024-06-04T23:53:48.119+0000] {dag.py:3441} INFO - Setting next_dagrun for example_external_task_marker_child to None, run_after=None
[2024-06-04T23:53:48.123+0000] {logging_mixin.py:137} INFO - [2024-06-04T23:53:48.123+0000] {dag.py:3441} INFO - Setting next_dagrun for example_external_task_marker_parent to None, run_after=None
[2024-06-04T23:53:48.135+0000] {processor.py:175} INFO - Processing /home/airflow/.local/lib/python3.7/site-packages/airflow/example_dags/example_external_task_marker_dag.py took 0.077 seconds
[2024-06-04T23:54:18.240+0000] {processor.py:153} INFO - Started process (PID=8577) to work on /home/airflow/.local/lib/python3.7/site-packages/airflow/example_dags/example_external_task_marker_dag.py
[2024-06-04T23:54:18.241+0000] {processor.py:743} INFO - Processing file /home/airflow/.local/lib/python3.7/site-packages/airflow/example_dags/example_external_task_marker_dag.py for tasks to queue
[2024-06-04T23:54:18.241+0000] {logging_mixin.py:137} INFO - [2024-06-04T23:54:18.241+0000] {dagbag.py:538} INFO - Filling up the DagBag from /home/airflow/.local/lib/python3.7/site-packages/airflow/example_dags/example_external_task_marker_dag.py
[2024-06-04T23:54:18.251+0000] {processor.py:753} INFO - DAG(s) dict_keys(['example_external_task_marker_parent', 'example_external_task_marker_child']) retrieved from /home/airflow/.local/lib/python3.7/site-packages/airflow/example_dags/example_external_task_marker_dag.py
[2024-06-04T23:54:18.271+0000] {logging_mixin.py:137} INFO - [2024-06-04T23:54:18.271+0000] {dag.py:2690} INFO - Sync 2 DAGs
[2024-06-04T23:54:18.289+0000] {logging_mixin.py:137} INFO - [2024-06-04T23:54:18.289+0000] {dag.py:3441} INFO - Setting next_dagrun for example_external_task_marker_child to None, run_after=None
[2024-06-04T23:54:18.291+0000] {logging_mixin.py:137} INFO - [2024-06-04T23:54:18.291+0000] {dag.py:3441} INFO - Setting next_dagrun for example_external_task_marker_parent to None, run_after=None
[2024-06-04T23:54:18.302+0000] {processor.py:175} INFO - Processing /home/airflow/.local/lib/python3.7/site-packages/airflow/example_dags/example_external_task_marker_dag.py took 0.064 seconds
[2024-06-04T23:54:49.211+0000] {processor.py:153} INFO - Started process (PID=8687) to work on /home/airflow/.local/lib/python3.7/site-packages/airflow/example_dags/example_external_task_marker_dag.py
[2024-06-04T23:54:49.212+0000] {processor.py:743} INFO - Processing file /home/airflow/.local/lib/python3.7/site-packages/airflow/example_dags/example_external_task_marker_dag.py for tasks to queue
[2024-06-04T23:54:49.213+0000] {logging_mixin.py:137} INFO - [2024-06-04T23:54:49.213+0000] {dagbag.py:538} INFO - Filling up the DagBag from /home/airflow/.local/lib/python3.7/site-packages/airflow/example_dags/example_external_task_marker_dag.py
[2024-06-04T23:54:49.222+0000] {processor.py:753} INFO - DAG(s) dict_keys(['example_external_task_marker_parent', 'example_external_task_marker_child']) retrieved from /home/airflow/.local/lib/python3.7/site-packages/airflow/example_dags/example_external_task_marker_dag.py
[2024-06-04T23:54:49.242+0000] {logging_mixin.py:137} INFO - [2024-06-04T23:54:49.242+0000] {dag.py:2690} INFO - Sync 2 DAGs
[2024-06-04T23:54:49.260+0000] {logging_mixin.py:137} INFO - [2024-06-04T23:54:49.260+0000] {dag.py:3441} INFO - Setting next_dagrun for example_external_task_marker_child to None, run_after=None
[2024-06-04T23:54:49.262+0000] {logging_mixin.py:137} INFO - [2024-06-04T23:54:49.262+0000] {dag.py:3441} INFO - Setting next_dagrun for example_external_task_marker_parent to None, run_after=None
[2024-06-04T23:54:49.273+0000] {processor.py:175} INFO - Processing /home/airflow/.local/lib/python3.7/site-packages/airflow/example_dags/example_external_task_marker_dag.py took 0.063 seconds
[2024-06-04T23:55:19.981+0000] {processor.py:153} INFO - Started process (PID=8803) to work on /home/airflow/.local/lib/python3.7/site-packages/airflow/example_dags/example_external_task_marker_dag.py
[2024-06-04T23:55:19.981+0000] {processor.py:743} INFO - Processing file /home/airflow/.local/lib/python3.7/site-packages/airflow/example_dags/example_external_task_marker_dag.py for tasks to queue
[2024-06-04T23:55:19.982+0000] {logging_mixin.py:137} INFO - [2024-06-04T23:55:19.982+0000] {dagbag.py:538} INFO - Filling up the DagBag from /home/airflow/.local/lib/python3.7/site-packages/airflow/example_dags/example_external_task_marker_dag.py
[2024-06-04T23:55:19.991+0000] {processor.py:753} INFO - DAG(s) dict_keys(['example_external_task_marker_child', 'example_external_task_marker_parent']) retrieved from /home/airflow/.local/lib/python3.7/site-packages/airflow/example_dags/example_external_task_marker_dag.py
[2024-06-04T23:55:20.011+0000] {logging_mixin.py:137} INFO - [2024-06-04T23:55:20.011+0000] {dag.py:2690} INFO - Sync 2 DAGs
[2024-06-04T23:55:20.027+0000] {logging_mixin.py:137} INFO - [2024-06-04T23:55:20.027+0000] {dag.py:3441} INFO - Setting next_dagrun for example_external_task_marker_child to None, run_after=None
[2024-06-04T23:55:20.030+0000] {logging_mixin.py:137} INFO - [2024-06-04T23:55:20.029+0000] {dag.py:3441} INFO - Setting next_dagrun for example_external_task_marker_parent to None, run_after=None
[2024-06-04T23:55:20.040+0000] {processor.py:175} INFO - Processing /home/airflow/.local/lib/python3.7/site-packages/airflow/example_dags/example_external_task_marker_dag.py took 0.061 seconds
[2024-06-04T23:55:50.826+0000] {processor.py:153} INFO - Started process (PID=8899) to work on /home/airflow/.local/lib/python3.7/site-packages/airflow/example_dags/example_external_task_marker_dag.py
[2024-06-04T23:55:50.827+0000] {processor.py:743} INFO - Processing file /home/airflow/.local/lib/python3.7/site-packages/airflow/example_dags/example_external_task_marker_dag.py for tasks to queue
[2024-06-04T23:55:50.828+0000] {logging_mixin.py:137} INFO - [2024-06-04T23:55:50.828+0000] {dagbag.py:538} INFO - Filling up the DagBag from /home/airflow/.local/lib/python3.7/site-packages/airflow/example_dags/example_external_task_marker_dag.py
[2024-06-04T23:55:50.840+0000] {processor.py:753} INFO - DAG(s) dict_keys(['example_external_task_marker_child', 'example_external_task_marker_parent']) retrieved from /home/airflow/.local/lib/python3.7/site-packages/airflow/example_dags/example_external_task_marker_dag.py
[2024-06-04T23:55:50.869+0000] {logging_mixin.py:137} INFO - [2024-06-04T23:55:50.869+0000] {dag.py:2690} INFO - Sync 2 DAGs
[2024-06-04T23:55:50.897+0000] {logging_mixin.py:137} INFO - [2024-06-04T23:55:50.897+0000] {dag.py:3441} INFO - Setting next_dagrun for example_external_task_marker_child to None, run_after=None
[2024-06-04T23:55:50.900+0000] {logging_mixin.py:137} INFO - [2024-06-04T23:55:50.900+0000] {dag.py:3441} INFO - Setting next_dagrun for example_external_task_marker_parent to None, run_after=None
[2024-06-04T23:55:50.914+0000] {processor.py:175} INFO - Processing /home/airflow/.local/lib/python3.7/site-packages/airflow/example_dags/example_external_task_marker_dag.py took 0.090 seconds
[2024-06-04T23:56:20.971+0000] {processor.py:153} INFO - Started process (PID=9009) to work on /home/airflow/.local/lib/python3.7/site-packages/airflow/example_dags/example_external_task_marker_dag.py
[2024-06-04T23:56:20.971+0000] {processor.py:743} INFO - Processing file /home/airflow/.local/lib/python3.7/site-packages/airflow/example_dags/example_external_task_marker_dag.py for tasks to queue
[2024-06-04T23:56:20.972+0000] {logging_mixin.py:137} INFO - [2024-06-04T23:56:20.972+0000] {dagbag.py:538} INFO - Filling up the DagBag from /home/airflow/.local/lib/python3.7/site-packages/airflow/example_dags/example_external_task_marker_dag.py
[2024-06-04T23:56:20.981+0000] {processor.py:753} INFO - DAG(s) dict_keys(['example_external_task_marker_child', 'example_external_task_marker_parent']) retrieved from /home/airflow/.local/lib/python3.7/site-packages/airflow/example_dags/example_external_task_marker_dag.py
[2024-06-04T23:56:21.001+0000] {logging_mixin.py:137} INFO - [2024-06-04T23:56:21.001+0000] {dag.py:2690} INFO - Sync 2 DAGs
[2024-06-04T23:56:21.020+0000] {logging_mixin.py:137} INFO - [2024-06-04T23:56:21.020+0000] {dag.py:3441} INFO - Setting next_dagrun for example_external_task_marker_child to None, run_after=None
[2024-06-04T23:56:21.024+0000] {logging_mixin.py:137} INFO - [2024-06-04T23:56:21.023+0000] {dag.py:3441} INFO - Setting next_dagrun for example_external_task_marker_parent to None, run_after=None
[2024-06-04T23:56:21.036+0000] {processor.py:175} INFO - Processing /home/airflow/.local/lib/python3.7/site-packages/airflow/example_dags/example_external_task_marker_dag.py took 0.068 seconds
[2024-06-04T23:56:51.235+0000] {processor.py:153} INFO - Started process (PID=9140) to work on /home/airflow/.local/lib/python3.7/site-packages/airflow/example_dags/example_external_task_marker_dag.py
[2024-06-04T23:56:51.235+0000] {processor.py:743} INFO - Processing file /home/airflow/.local/lib/python3.7/site-packages/airflow/example_dags/example_external_task_marker_dag.py for tasks to queue
[2024-06-04T23:56:51.236+0000] {logging_mixin.py:137} INFO - [2024-06-04T23:56:51.236+0000] {dagbag.py:538} INFO - Filling up the DagBag from /home/airflow/.local/lib/python3.7/site-packages/airflow/example_dags/example_external_task_marker_dag.py
[2024-06-04T23:56:51.245+0000] {processor.py:753} INFO - DAG(s) dict_keys(['example_external_task_marker_child', 'example_external_task_marker_parent']) retrieved from /home/airflow/.local/lib/python3.7/site-packages/airflow/example_dags/example_external_task_marker_dag.py
[2024-06-04T23:56:51.265+0000] {logging_mixin.py:137} INFO - [2024-06-04T23:56:51.264+0000] {dag.py:2690} INFO - Sync 2 DAGs
[2024-06-04T23:56:51.283+0000] {logging_mixin.py:137} INFO - [2024-06-04T23:56:51.282+0000] {dag.py:3441} INFO - Setting next_dagrun for example_external_task_marker_child to None, run_after=None
[2024-06-04T23:56:51.285+0000] {logging_mixin.py:137} INFO - [2024-06-04T23:56:51.285+0000] {dag.py:3441} INFO - Setting next_dagrun for example_external_task_marker_parent to None, run_after=None
[2024-06-04T23:56:51.295+0000] {processor.py:175} INFO - Processing /home/airflow/.local/lib/python3.7/site-packages/airflow/example_dags/example_external_task_marker_dag.py took 0.063 seconds
[2024-06-04T23:57:22.099+0000] {processor.py:153} INFO - Started process (PID=9234) to work on /home/airflow/.local/lib/python3.7/site-packages/airflow/example_dags/example_external_task_marker_dag.py
[2024-06-04T23:57:22.099+0000] {processor.py:743} INFO - Processing file /home/airflow/.local/lib/python3.7/site-packages/airflow/example_dags/example_external_task_marker_dag.py for tasks to queue
[2024-06-04T23:57:22.100+0000] {logging_mixin.py:137} INFO - [2024-06-04T23:57:22.100+0000] {dagbag.py:538} INFO - Filling up the DagBag from /home/airflow/.local/lib/python3.7/site-packages/airflow/example_dags/example_external_task_marker_dag.py
[2024-06-04T23:57:22.109+0000] {processor.py:753} INFO - DAG(s) dict_keys(['example_external_task_marker_parent', 'example_external_task_marker_child']) retrieved from /home/airflow/.local/lib/python3.7/site-packages/airflow/example_dags/example_external_task_marker_dag.py
[2024-06-04T23:57:22.130+0000] {logging_mixin.py:137} INFO - [2024-06-04T23:57:22.129+0000] {dag.py:2690} INFO - Sync 2 DAGs
[2024-06-04T23:57:22.147+0000] {logging_mixin.py:137} INFO - [2024-06-04T23:57:22.146+0000] {dag.py:3441} INFO - Setting next_dagrun for example_external_task_marker_child to None, run_after=None
[2024-06-04T23:57:22.149+0000] {logging_mixin.py:137} INFO - [2024-06-04T23:57:22.149+0000] {dag.py:3441} INFO - Setting next_dagrun for example_external_task_marker_parent to None, run_after=None
[2024-06-04T23:57:22.160+0000] {processor.py:175} INFO - Processing /home/airflow/.local/lib/python3.7/site-packages/airflow/example_dags/example_external_task_marker_dag.py took 0.064 seconds
[2024-06-04T23:57:52.259+0000] {processor.py:153} INFO - Started process (PID=9345) to work on /home/airflow/.local/lib/python3.7/site-packages/airflow/example_dags/example_external_task_marker_dag.py
[2024-06-04T23:57:52.260+0000] {processor.py:743} INFO - Processing file /home/airflow/.local/lib/python3.7/site-packages/airflow/example_dags/example_external_task_marker_dag.py for tasks to queue
[2024-06-04T23:57:52.260+0000] {logging_mixin.py:137} INFO - [2024-06-04T23:57:52.260+0000] {dagbag.py:538} INFO - Filling up the DagBag from /home/airflow/.local/lib/python3.7/site-packages/airflow/example_dags/example_external_task_marker_dag.py
[2024-06-04T23:57:52.270+0000] {processor.py:753} INFO - DAG(s) dict_keys(['example_external_task_marker_child', 'example_external_task_marker_parent']) retrieved from /home/airflow/.local/lib/python3.7/site-packages/airflow/example_dags/example_external_task_marker_dag.py
[2024-06-04T23:57:52.294+0000] {logging_mixin.py:137} INFO - [2024-06-04T23:57:52.293+0000] {dag.py:2690} INFO - Sync 2 DAGs
[2024-06-04T23:57:52.315+0000] {logging_mixin.py:137} INFO - [2024-06-04T23:57:52.315+0000] {dag.py:3441} INFO - Setting next_dagrun for example_external_task_marker_child to None, run_after=None
[2024-06-04T23:57:52.318+0000] {logging_mixin.py:137} INFO - [2024-06-04T23:57:52.318+0000] {dag.py:3441} INFO - Setting next_dagrun for example_external_task_marker_parent to None, run_after=None
[2024-06-04T23:57:52.334+0000] {processor.py:175} INFO - Processing /home/airflow/.local/lib/python3.7/site-packages/airflow/example_dags/example_external_task_marker_dag.py took 0.078 seconds
[2024-06-04T23:58:22.387+0000] {processor.py:153} INFO - Started process (PID=9441) to work on /home/airflow/.local/lib/python3.7/site-packages/airflow/example_dags/example_external_task_marker_dag.py
[2024-06-04T23:58:22.388+0000] {processor.py:743} INFO - Processing file /home/airflow/.local/lib/python3.7/site-packages/airflow/example_dags/example_external_task_marker_dag.py for tasks to queue
[2024-06-04T23:58:22.388+0000] {logging_mixin.py:137} INFO - [2024-06-04T23:58:22.388+0000] {dagbag.py:538} INFO - Filling up the DagBag from /home/airflow/.local/lib/python3.7/site-packages/airflow/example_dags/example_external_task_marker_dag.py
[2024-06-04T23:58:22.397+0000] {processor.py:753} INFO - DAG(s) dict_keys(['example_external_task_marker_parent', 'example_external_task_marker_child']) retrieved from /home/airflow/.local/lib/python3.7/site-packages/airflow/example_dags/example_external_task_marker_dag.py
[2024-06-04T23:58:22.417+0000] {logging_mixin.py:137} INFO - [2024-06-04T23:58:22.417+0000] {dag.py:2690} INFO - Sync 2 DAGs
[2024-06-04T23:58:22.435+0000] {logging_mixin.py:137} INFO - [2024-06-04T23:58:22.435+0000] {dag.py:3441} INFO - Setting next_dagrun for example_external_task_marker_child to None, run_after=None
[2024-06-04T23:58:22.438+0000] {logging_mixin.py:137} INFO - [2024-06-04T23:58:22.437+0000] {dag.py:3441} INFO - Setting next_dagrun for example_external_task_marker_parent to None, run_after=None
[2024-06-04T23:58:22.449+0000] {processor.py:175} INFO - Processing /home/airflow/.local/lib/python3.7/site-packages/airflow/example_dags/example_external_task_marker_dag.py took 0.064 seconds
[2024-06-04T23:58:52.618+0000] {processor.py:153} INFO - Started process (PID=9552) to work on /home/airflow/.local/lib/python3.7/site-packages/airflow/example_dags/example_external_task_marker_dag.py
[2024-06-04T23:58:52.619+0000] {processor.py:743} INFO - Processing file /home/airflow/.local/lib/python3.7/site-packages/airflow/example_dags/example_external_task_marker_dag.py for tasks to queue
[2024-06-04T23:58:52.619+0000] {logging_mixin.py:137} INFO - [2024-06-04T23:58:52.619+0000] {dagbag.py:538} INFO - Filling up the DagBag from /home/airflow/.local/lib/python3.7/site-packages/airflow/example_dags/example_external_task_marker_dag.py
[2024-06-04T23:58:52.628+0000] {processor.py:753} INFO - DAG(s) dict_keys(['example_external_task_marker_child', 'example_external_task_marker_parent']) retrieved from /home/airflow/.local/lib/python3.7/site-packages/airflow/example_dags/example_external_task_marker_dag.py
[2024-06-04T23:58:52.649+0000] {logging_mixin.py:137} INFO - [2024-06-04T23:58:52.649+0000] {dag.py:2690} INFO - Sync 2 DAGs
[2024-06-04T23:58:52.668+0000] {logging_mixin.py:137} INFO - [2024-06-04T23:58:52.668+0000] {dag.py:3441} INFO - Setting next_dagrun for example_external_task_marker_child to None, run_after=None
[2024-06-04T23:58:52.670+0000] {logging_mixin.py:137} INFO - [2024-06-04T23:58:52.670+0000] {dag.py:3441} INFO - Setting next_dagrun for example_external_task_marker_parent to None, run_after=None
[2024-06-04T23:58:52.681+0000] {processor.py:175} INFO - Processing /home/airflow/.local/lib/python3.7/site-packages/airflow/example_dags/example_external_task_marker_dag.py took 0.066 seconds
[2024-06-04T23:59:23.261+0000] {processor.py:153} INFO - Started process (PID=9653) to work on /home/airflow/.local/lib/python3.7/site-packages/airflow/example_dags/example_external_task_marker_dag.py
[2024-06-04T23:59:23.262+0000] {processor.py:743} INFO - Processing file /home/airflow/.local/lib/python3.7/site-packages/airflow/example_dags/example_external_task_marker_dag.py for tasks to queue
[2024-06-04T23:59:23.262+0000] {logging_mixin.py:137} INFO - [2024-06-04T23:59:23.262+0000] {dagbag.py:538} INFO - Filling up the DagBag from /home/airflow/.local/lib/python3.7/site-packages/airflow/example_dags/example_external_task_marker_dag.py
[2024-06-04T23:59:23.272+0000] {processor.py:753} INFO - DAG(s) dict_keys(['example_external_task_marker_parent', 'example_external_task_marker_child']) retrieved from /home/airflow/.local/lib/python3.7/site-packages/airflow/example_dags/example_external_task_marker_dag.py
[2024-06-04T23:59:23.294+0000] {logging_mixin.py:137} INFO - [2024-06-04T23:59:23.293+0000] {dag.py:2690} INFO - Sync 2 DAGs
[2024-06-04T23:59:23.312+0000] {logging_mixin.py:137} INFO - [2024-06-04T23:59:23.312+0000] {dag.py:3441} INFO - Setting next_dagrun for example_external_task_marker_child to None, run_after=None
[2024-06-04T23:59:23.314+0000] {logging_mixin.py:137} INFO - [2024-06-04T23:59:23.314+0000] {dag.py:3441} INFO - Setting next_dagrun for example_external_task_marker_parent to None, run_after=None
[2024-06-04T23:59:23.334+0000] {processor.py:175} INFO - Processing /home/airflow/.local/lib/python3.7/site-packages/airflow/example_dags/example_external_task_marker_dag.py took 0.076 seconds
[2024-06-04T23:59:54.074+0000] {processor.py:153} INFO - Started process (PID=9755) to work on /home/airflow/.local/lib/python3.7/site-packages/airflow/example_dags/example_external_task_marker_dag.py
[2024-06-04T23:59:54.074+0000] {processor.py:743} INFO - Processing file /home/airflow/.local/lib/python3.7/site-packages/airflow/example_dags/example_external_task_marker_dag.py for tasks to queue
[2024-06-04T23:59:54.075+0000] {logging_mixin.py:137} INFO - [2024-06-04T23:59:54.075+0000] {dagbag.py:538} INFO - Filling up the DagBag from /home/airflow/.local/lib/python3.7/site-packages/airflow/example_dags/example_external_task_marker_dag.py
[2024-06-04T23:59:54.083+0000] {processor.py:753} INFO - DAG(s) dict_keys(['example_external_task_marker_child', 'example_external_task_marker_parent']) retrieved from /home/airflow/.local/lib/python3.7/site-packages/airflow/example_dags/example_external_task_marker_dag.py
[2024-06-04T23:59:54.102+0000] {logging_mixin.py:137} INFO - [2024-06-04T23:59:54.102+0000] {dag.py:2690} INFO - Sync 2 DAGs
[2024-06-04T23:59:54.119+0000] {logging_mixin.py:137} INFO - [2024-06-04T23:59:54.119+0000] {dag.py:3441} INFO - Setting next_dagrun for example_external_task_marker_child to None, run_after=None
[2024-06-04T23:59:54.121+0000] {logging_mixin.py:137} INFO - [2024-06-04T23:59:54.121+0000] {dag.py:3441} INFO - Setting next_dagrun for example_external_task_marker_parent to None, run_after=None
[2024-06-04T23:59:54.132+0000] {processor.py:175} INFO - Processing /home/airflow/.local/lib/python3.7/site-packages/airflow/example_dags/example_external_task_marker_dag.py took 0.061 seconds
