[2024-06-04T23:37:28.360+0000] {processor.py:153} INFO - Started process (PID=87) to work on /home/airflow/.local/lib/python3.7/site-packages/airflow/example_dags/example_skip_dag.py
[2024-06-04T23:37:28.360+0000] {processor.py:743} INFO - Processing file /home/airflow/.local/lib/python3.7/site-packages/airflow/example_dags/example_skip_dag.py for tasks to queue
[2024-06-04T23:37:28.361+0000] {logging_mixin.py:137} INFO - [2024-06-04T23:37:28.361+0000] {dagbag.py:538} INFO - Filling up the DagBag from /home/airflow/.local/lib/python3.7/site-packages/airflow/example_dags/example_skip_dag.py
[2024-06-04T23:37:28.374+0000] {processor.py:753} INFO - DAG(s) dict_keys(['example_skip_dag']) retrieved from /home/airflow/.local/lib/python3.7/site-packages/airflow/example_dags/example_skip_dag.py
[2024-06-04T23:37:28.519+0000] {logging_mixin.py:137} INFO - [2024-06-04T23:37:28.519+0000] {manager.py:504} INFO - Created Permission View: can edit on DAG:example_skip_dag
[2024-06-04T23:37:28.527+0000] {logging_mixin.py:137} INFO - [2024-06-04T23:37:28.527+0000] {manager.py:504} INFO - Created Permission View: can read on DAG:example_skip_dag
[2024-06-04T23:37:28.533+0000] {logging_mixin.py:137} INFO - [2024-06-04T23:37:28.532+0000] {manager.py:504} INFO - Created Permission View: can delete on DAG:example_skip_dag
[2024-06-04T23:37:28.533+0000] {logging_mixin.py:137} INFO - [2024-06-04T23:37:28.533+0000] {dag.py:2690} INFO - Sync 1 DAGs
[2024-06-04T23:37:28.543+0000] {logging_mixin.py:137} INFO - [2024-06-04T23:37:28.543+0000] {dag.py:2711} INFO - Creating ORM DAG for example_skip_dag
[2024-06-04T23:37:28.552+0000] {logging_mixin.py:137} INFO - [2024-06-04T23:37:28.552+0000] {dag.py:3441} INFO - Setting next_dagrun for example_skip_dag to 2024-06-03T23:37:28.551848+00:00, run_after=2024-06-04T23:37:28.551848+00:00
[2024-06-04T23:37:28.566+0000] {processor.py:175} INFO - Processing /home/airflow/.local/lib/python3.7/site-packages/airflow/example_dags/example_skip_dag.py took 0.209 seconds
[2024-06-04T23:37:59.353+0000] {processor.py:153} INFO - Started process (PID=191) to work on /home/airflow/.local/lib/python3.7/site-packages/airflow/example_dags/example_skip_dag.py
[2024-06-04T23:37:59.354+0000] {processor.py:743} INFO - Processing file /home/airflow/.local/lib/python3.7/site-packages/airflow/example_dags/example_skip_dag.py for tasks to queue
[2024-06-04T23:37:59.354+0000] {logging_mixin.py:137} INFO - [2024-06-04T23:37:59.354+0000] {dagbag.py:538} INFO - Filling up the DagBag from /home/airflow/.local/lib/python3.7/site-packages/airflow/example_dags/example_skip_dag.py
[2024-06-04T23:37:59.364+0000] {processor.py:753} INFO - DAG(s) dict_keys(['example_skip_dag']) retrieved from /home/airflow/.local/lib/python3.7/site-packages/airflow/example_dags/example_skip_dag.py
[2024-06-04T23:37:59.383+0000] {logging_mixin.py:137} INFO - [2024-06-04T23:37:59.382+0000] {dag.py:2690} INFO - Sync 1 DAGs
[2024-06-04T23:37:59.401+0000] {logging_mixin.py:137} INFO - [2024-06-04T23:37:59.401+0000] {dag.py:3441} INFO - Setting next_dagrun for example_skip_dag to 2024-06-03T23:37:59.401500+00:00, run_after=2024-06-04T23:37:59.401500+00:00
[2024-06-04T23:37:59.415+0000] {processor.py:175} INFO - Processing /home/airflow/.local/lib/python3.7/site-packages/airflow/example_dags/example_skip_dag.py took 0.065 seconds
[2024-06-04T23:38:30.282+0000] {processor.py:153} INFO - Started process (PID=302) to work on /home/airflow/.local/lib/python3.7/site-packages/airflow/example_dags/example_skip_dag.py
[2024-06-04T23:38:30.282+0000] {processor.py:743} INFO - Processing file /home/airflow/.local/lib/python3.7/site-packages/airflow/example_dags/example_skip_dag.py for tasks to queue
[2024-06-04T23:38:30.283+0000] {logging_mixin.py:137} INFO - [2024-06-04T23:38:30.283+0000] {dagbag.py:538} INFO - Filling up the DagBag from /home/airflow/.local/lib/python3.7/site-packages/airflow/example_dags/example_skip_dag.py
[2024-06-04T23:38:30.292+0000] {processor.py:753} INFO - DAG(s) dict_keys(['example_skip_dag']) retrieved from /home/airflow/.local/lib/python3.7/site-packages/airflow/example_dags/example_skip_dag.py
[2024-06-04T23:38:30.310+0000] {logging_mixin.py:137} INFO - [2024-06-04T23:38:30.310+0000] {dag.py:2690} INFO - Sync 1 DAGs
[2024-06-04T23:38:30.330+0000] {logging_mixin.py:137} INFO - [2024-06-04T23:38:30.330+0000] {dag.py:3441} INFO - Setting next_dagrun for example_skip_dag to 2024-06-03T23:38:30.329866+00:00, run_after=2024-06-04T23:38:30.329866+00:00
[2024-06-04T23:38:30.343+0000] {processor.py:175} INFO - Processing /home/airflow/.local/lib/python3.7/site-packages/airflow/example_dags/example_skip_dag.py took 0.063 seconds
[2024-06-04T23:39:00.973+0000] {processor.py:153} INFO - Started process (PID=389) to work on /home/airflow/.local/lib/python3.7/site-packages/airflow/example_dags/example_skip_dag.py
[2024-06-04T23:39:00.973+0000] {processor.py:743} INFO - Processing file /home/airflow/.local/lib/python3.7/site-packages/airflow/example_dags/example_skip_dag.py for tasks to queue
[2024-06-04T23:39:00.974+0000] {logging_mixin.py:137} INFO - [2024-06-04T23:39:00.974+0000] {dagbag.py:538} INFO - Filling up the DagBag from /home/airflow/.local/lib/python3.7/site-packages/airflow/example_dags/example_skip_dag.py
[2024-06-04T23:39:00.984+0000] {processor.py:753} INFO - DAG(s) dict_keys(['example_skip_dag']) retrieved from /home/airflow/.local/lib/python3.7/site-packages/airflow/example_dags/example_skip_dag.py
[2024-06-04T23:39:01.002+0000] {logging_mixin.py:137} INFO - [2024-06-04T23:39:01.002+0000] {dag.py:2690} INFO - Sync 1 DAGs
[2024-06-04T23:39:01.019+0000] {logging_mixin.py:137} INFO - [2024-06-04T23:39:01.019+0000] {dag.py:3441} INFO - Setting next_dagrun for example_skip_dag to 2024-06-03T23:39:01.019261+00:00, run_after=2024-06-04T23:39:01.019261+00:00
[2024-06-04T23:39:01.032+0000] {processor.py:175} INFO - Processing /home/airflow/.local/lib/python3.7/site-packages/airflow/example_dags/example_skip_dag.py took 0.061 seconds
[2024-06-04T23:39:31.729+0000] {processor.py:153} INFO - Started process (PID=500) to work on /home/airflow/.local/lib/python3.7/site-packages/airflow/example_dags/example_skip_dag.py
[2024-06-04T23:39:31.729+0000] {processor.py:743} INFO - Processing file /home/airflow/.local/lib/python3.7/site-packages/airflow/example_dags/example_skip_dag.py for tasks to queue
[2024-06-04T23:39:31.730+0000] {logging_mixin.py:137} INFO - [2024-06-04T23:39:31.730+0000] {dagbag.py:538} INFO - Filling up the DagBag from /home/airflow/.local/lib/python3.7/site-packages/airflow/example_dags/example_skip_dag.py
[2024-06-04T23:39:31.739+0000] {processor.py:753} INFO - DAG(s) dict_keys(['example_skip_dag']) retrieved from /home/airflow/.local/lib/python3.7/site-packages/airflow/example_dags/example_skip_dag.py
[2024-06-04T23:39:31.757+0000] {logging_mixin.py:137} INFO - [2024-06-04T23:39:31.757+0000] {dag.py:2690} INFO - Sync 1 DAGs
[2024-06-04T23:39:31.774+0000] {logging_mixin.py:137} INFO - [2024-06-04T23:39:31.774+0000] {dag.py:3441} INFO - Setting next_dagrun for example_skip_dag to 2024-06-03T23:39:31.774027+00:00, run_after=2024-06-04T23:39:31.774027+00:00
[2024-06-04T23:39:31.786+0000] {processor.py:175} INFO - Processing /home/airflow/.local/lib/python3.7/site-packages/airflow/example_dags/example_skip_dag.py took 0.059 seconds
[2024-06-04T23:40:02.398+0000] {processor.py:153} INFO - Started process (PID=611) to work on /home/airflow/.local/lib/python3.7/site-packages/airflow/example_dags/example_skip_dag.py
[2024-06-04T23:40:02.399+0000] {processor.py:743} INFO - Processing file /home/airflow/.local/lib/python3.7/site-packages/airflow/example_dags/example_skip_dag.py for tasks to queue
[2024-06-04T23:40:02.400+0000] {logging_mixin.py:137} INFO - [2024-06-04T23:40:02.400+0000] {dagbag.py:538} INFO - Filling up the DagBag from /home/airflow/.local/lib/python3.7/site-packages/airflow/example_dags/example_skip_dag.py
[2024-06-04T23:40:02.410+0000] {processor.py:753} INFO - DAG(s) dict_keys(['example_skip_dag']) retrieved from /home/airflow/.local/lib/python3.7/site-packages/airflow/example_dags/example_skip_dag.py
[2024-06-04T23:40:02.428+0000] {logging_mixin.py:137} INFO - [2024-06-04T23:40:02.428+0000] {dag.py:2690} INFO - Sync 1 DAGs
[2024-06-04T23:40:02.445+0000] {logging_mixin.py:137} INFO - [2024-06-04T23:40:02.444+0000] {dag.py:3441} INFO - Setting next_dagrun for example_skip_dag to 2024-06-03T23:40:02.444712+00:00, run_after=2024-06-04T23:40:02.444712+00:00
[2024-06-04T23:40:02.458+0000] {processor.py:175} INFO - Processing /home/airflow/.local/lib/python3.7/site-packages/airflow/example_dags/example_skip_dag.py took 0.062 seconds
[2024-06-04T23:40:33.127+0000] {processor.py:153} INFO - Started process (PID=698) to work on /home/airflow/.local/lib/python3.7/site-packages/airflow/example_dags/example_skip_dag.py
[2024-06-04T23:40:33.127+0000] {processor.py:743} INFO - Processing file /home/airflow/.local/lib/python3.7/site-packages/airflow/example_dags/example_skip_dag.py for tasks to queue
[2024-06-04T23:40:33.128+0000] {logging_mixin.py:137} INFO - [2024-06-04T23:40:33.128+0000] {dagbag.py:538} INFO - Filling up the DagBag from /home/airflow/.local/lib/python3.7/site-packages/airflow/example_dags/example_skip_dag.py
[2024-06-04T23:40:33.137+0000] {processor.py:753} INFO - DAG(s) dict_keys(['example_skip_dag']) retrieved from /home/airflow/.local/lib/python3.7/site-packages/airflow/example_dags/example_skip_dag.py
[2024-06-04T23:40:33.155+0000] {logging_mixin.py:137} INFO - [2024-06-04T23:40:33.155+0000] {dag.py:2690} INFO - Sync 1 DAGs
[2024-06-04T23:40:33.173+0000] {logging_mixin.py:137} INFO - [2024-06-04T23:40:33.172+0000] {dag.py:3441} INFO - Setting next_dagrun for example_skip_dag to 2024-06-03T23:40:33.172758+00:00, run_after=2024-06-04T23:40:33.172758+00:00
[2024-06-04T23:40:33.185+0000] {processor.py:175} INFO - Processing /home/airflow/.local/lib/python3.7/site-packages/airflow/example_dags/example_skip_dag.py took 0.060 seconds
[2024-06-04T23:41:03.858+0000] {processor.py:153} INFO - Started process (PID=809) to work on /home/airflow/.local/lib/python3.7/site-packages/airflow/example_dags/example_skip_dag.py
[2024-06-04T23:41:03.858+0000] {processor.py:743} INFO - Processing file /home/airflow/.local/lib/python3.7/site-packages/airflow/example_dags/example_skip_dag.py for tasks to queue
[2024-06-04T23:41:03.859+0000] {logging_mixin.py:137} INFO - [2024-06-04T23:41:03.859+0000] {dagbag.py:538} INFO - Filling up the DagBag from /home/airflow/.local/lib/python3.7/site-packages/airflow/example_dags/example_skip_dag.py
[2024-06-04T23:41:03.868+0000] {processor.py:753} INFO - DAG(s) dict_keys(['example_skip_dag']) retrieved from /home/airflow/.local/lib/python3.7/site-packages/airflow/example_dags/example_skip_dag.py
[2024-06-04T23:41:03.887+0000] {logging_mixin.py:137} INFO - [2024-06-04T23:41:03.886+0000] {dag.py:2690} INFO - Sync 1 DAGs
[2024-06-04T23:41:03.903+0000] {logging_mixin.py:137} INFO - [2024-06-04T23:41:03.903+0000] {dag.py:3441} INFO - Setting next_dagrun for example_skip_dag to 2024-06-03T23:41:03.903280+00:00, run_after=2024-06-04T23:41:03.903280+00:00
[2024-06-04T23:41:03.915+0000] {processor.py:175} INFO - Processing /home/airflow/.local/lib/python3.7/site-packages/airflow/example_dags/example_skip_dag.py took 0.059 seconds
[2024-06-04T23:41:34.492+0000] {processor.py:153} INFO - Started process (PID=896) to work on /home/airflow/.local/lib/python3.7/site-packages/airflow/example_dags/example_skip_dag.py
[2024-06-04T23:41:34.492+0000] {processor.py:743} INFO - Processing file /home/airflow/.local/lib/python3.7/site-packages/airflow/example_dags/example_skip_dag.py for tasks to queue
[2024-06-04T23:41:34.493+0000] {logging_mixin.py:137} INFO - [2024-06-04T23:41:34.493+0000] {dagbag.py:538} INFO - Filling up the DagBag from /home/airflow/.local/lib/python3.7/site-packages/airflow/example_dags/example_skip_dag.py
[2024-06-04T23:41:34.502+0000] {processor.py:753} INFO - DAG(s) dict_keys(['example_skip_dag']) retrieved from /home/airflow/.local/lib/python3.7/site-packages/airflow/example_dags/example_skip_dag.py
[2024-06-04T23:41:34.520+0000] {logging_mixin.py:137} INFO - [2024-06-04T23:41:34.520+0000] {dag.py:2690} INFO - Sync 1 DAGs
[2024-06-04T23:41:34.537+0000] {logging_mixin.py:137} INFO - [2024-06-04T23:41:34.537+0000] {dag.py:3441} INFO - Setting next_dagrun for example_skip_dag to 2024-06-03T23:41:34.536827+00:00, run_after=2024-06-04T23:41:34.536827+00:00
[2024-06-04T23:41:34.548+0000] {processor.py:175} INFO - Processing /home/airflow/.local/lib/python3.7/site-packages/airflow/example_dags/example_skip_dag.py took 0.059 seconds
[2024-06-04T23:42:05.449+0000] {processor.py:153} INFO - Started process (PID=1007) to work on /home/airflow/.local/lib/python3.7/site-packages/airflow/example_dags/example_skip_dag.py
[2024-06-04T23:42:05.450+0000] {processor.py:743} INFO - Processing file /home/airflow/.local/lib/python3.7/site-packages/airflow/example_dags/example_skip_dag.py for tasks to queue
[2024-06-04T23:42:05.450+0000] {logging_mixin.py:137} INFO - [2024-06-04T23:42:05.450+0000] {dagbag.py:538} INFO - Filling up the DagBag from /home/airflow/.local/lib/python3.7/site-packages/airflow/example_dags/example_skip_dag.py
[2024-06-04T23:42:05.460+0000] {processor.py:753} INFO - DAG(s) dict_keys(['example_skip_dag']) retrieved from /home/airflow/.local/lib/python3.7/site-packages/airflow/example_dags/example_skip_dag.py
[2024-06-04T23:42:05.478+0000] {logging_mixin.py:137} INFO - [2024-06-04T23:42:05.478+0000] {dag.py:2690} INFO - Sync 1 DAGs
[2024-06-04T23:42:05.495+0000] {logging_mixin.py:137} INFO - [2024-06-04T23:42:05.495+0000] {dag.py:3441} INFO - Setting next_dagrun for example_skip_dag to 2024-06-03T23:42:05.495017+00:00, run_after=2024-06-04T23:42:05.495017+00:00
[2024-06-04T23:42:05.507+0000] {processor.py:175} INFO - Processing /home/airflow/.local/lib/python3.7/site-packages/airflow/example_dags/example_skip_dag.py took 0.060 seconds
[2024-06-04T23:42:35.582+0000] {processor.py:153} INFO - Started process (PID=1118) to work on /home/airflow/.local/lib/python3.7/site-packages/airflow/example_dags/example_skip_dag.py
[2024-06-04T23:42:35.583+0000] {processor.py:743} INFO - Processing file /home/airflow/.local/lib/python3.7/site-packages/airflow/example_dags/example_skip_dag.py for tasks to queue
[2024-06-04T23:42:35.583+0000] {logging_mixin.py:137} INFO - [2024-06-04T23:42:35.583+0000] {dagbag.py:538} INFO - Filling up the DagBag from /home/airflow/.local/lib/python3.7/site-packages/airflow/example_dags/example_skip_dag.py
[2024-06-04T23:42:35.593+0000] {processor.py:753} INFO - DAG(s) dict_keys(['example_skip_dag']) retrieved from /home/airflow/.local/lib/python3.7/site-packages/airflow/example_dags/example_skip_dag.py
[2024-06-04T23:42:35.611+0000] {logging_mixin.py:137} INFO - [2024-06-04T23:42:35.610+0000] {dag.py:2690} INFO - Sync 1 DAGs
[2024-06-04T23:42:35.627+0000] {logging_mixin.py:137} INFO - [2024-06-04T23:42:35.627+0000] {dag.py:3441} INFO - Setting next_dagrun for example_skip_dag to 2024-06-03T23:42:35.627080+00:00, run_after=2024-06-04T23:42:35.627080+00:00
[2024-06-04T23:42:35.639+0000] {processor.py:175} INFO - Processing /home/airflow/.local/lib/python3.7/site-packages/airflow/example_dags/example_skip_dag.py took 0.059 seconds
[2024-06-04T23:43:06.397+0000] {processor.py:153} INFO - Started process (PID=1205) to work on /home/airflow/.local/lib/python3.7/site-packages/airflow/example_dags/example_skip_dag.py
[2024-06-04T23:43:06.397+0000] {processor.py:743} INFO - Processing file /home/airflow/.local/lib/python3.7/site-packages/airflow/example_dags/example_skip_dag.py for tasks to queue
[2024-06-04T23:43:06.398+0000] {logging_mixin.py:137} INFO - [2024-06-04T23:43:06.398+0000] {dagbag.py:538} INFO - Filling up the DagBag from /home/airflow/.local/lib/python3.7/site-packages/airflow/example_dags/example_skip_dag.py
[2024-06-04T23:43:06.408+0000] {processor.py:753} INFO - DAG(s) dict_keys(['example_skip_dag']) retrieved from /home/airflow/.local/lib/python3.7/site-packages/airflow/example_dags/example_skip_dag.py
[2024-06-04T23:43:06.426+0000] {logging_mixin.py:137} INFO - [2024-06-04T23:43:06.426+0000] {dag.py:2690} INFO - Sync 1 DAGs
[2024-06-04T23:43:06.443+0000] {logging_mixin.py:137} INFO - [2024-06-04T23:43:06.443+0000] {dag.py:3441} INFO - Setting next_dagrun for example_skip_dag to 2024-06-03T23:43:06.442872+00:00, run_after=2024-06-04T23:43:06.442872+00:00
[2024-06-04T23:43:06.454+0000] {processor.py:175} INFO - Processing /home/airflow/.local/lib/python3.7/site-packages/airflow/example_dags/example_skip_dag.py took 0.060 seconds
[2024-06-04T23:43:37.252+0000] {processor.py:153} INFO - Started process (PID=1316) to work on /home/airflow/.local/lib/python3.7/site-packages/airflow/example_dags/example_skip_dag.py
[2024-06-04T23:43:37.253+0000] {processor.py:743} INFO - Processing file /home/airflow/.local/lib/python3.7/site-packages/airflow/example_dags/example_skip_dag.py for tasks to queue
[2024-06-04T23:43:37.253+0000] {logging_mixin.py:137} INFO - [2024-06-04T23:43:37.253+0000] {dagbag.py:538} INFO - Filling up the DagBag from /home/airflow/.local/lib/python3.7/site-packages/airflow/example_dags/example_skip_dag.py
[2024-06-04T23:43:37.263+0000] {processor.py:753} INFO - DAG(s) dict_keys(['example_skip_dag']) retrieved from /home/airflow/.local/lib/python3.7/site-packages/airflow/example_dags/example_skip_dag.py
[2024-06-04T23:43:37.281+0000] {logging_mixin.py:137} INFO - [2024-06-04T23:43:37.281+0000] {dag.py:2690} INFO - Sync 1 DAGs
[2024-06-04T23:43:37.298+0000] {logging_mixin.py:137} INFO - [2024-06-04T23:43:37.298+0000] {dag.py:3441} INFO - Setting next_dagrun for example_skip_dag to 2024-06-03T23:43:37.298017+00:00, run_after=2024-06-04T23:43:37.298017+00:00
[2024-06-04T23:43:37.311+0000] {processor.py:175} INFO - Processing /home/airflow/.local/lib/python3.7/site-packages/airflow/example_dags/example_skip_dag.py took 0.061 seconds
[2024-06-04T23:44:08.300+0000] {processor.py:153} INFO - Started process (PID=1532) to work on /home/airflow/.local/lib/python3.7/site-packages/airflow/example_dags/example_skip_dag.py
[2024-06-04T23:44:08.301+0000] {processor.py:743} INFO - Processing file /home/airflow/.local/lib/python3.7/site-packages/airflow/example_dags/example_skip_dag.py for tasks to queue
[2024-06-04T23:44:08.301+0000] {logging_mixin.py:137} INFO - [2024-06-04T23:44:08.301+0000] {dagbag.py:538} INFO - Filling up the DagBag from /home/airflow/.local/lib/python3.7/site-packages/airflow/example_dags/example_skip_dag.py
[2024-06-04T23:44:08.313+0000] {processor.py:753} INFO - DAG(s) dict_keys(['example_skip_dag']) retrieved from /home/airflow/.local/lib/python3.7/site-packages/airflow/example_dags/example_skip_dag.py
[2024-06-04T23:44:08.337+0000] {logging_mixin.py:137} INFO - [2024-06-04T23:44:08.337+0000] {dag.py:2690} INFO - Sync 1 DAGs
[2024-06-04T23:44:08.361+0000] {logging_mixin.py:137} INFO - [2024-06-04T23:44:08.360+0000] {dag.py:3441} INFO - Setting next_dagrun for example_skip_dag to 2024-06-03T23:44:08.360663+00:00, run_after=2024-06-04T23:44:08.360663+00:00
[2024-06-04T23:44:08.383+0000] {processor.py:175} INFO - Processing /home/airflow/.local/lib/python3.7/site-packages/airflow/example_dags/example_skip_dag.py took 0.086 seconds
[2024-06-04T23:44:38.498+0000] {processor.py:153} INFO - Started process (PID=1888) to work on /home/airflow/.local/lib/python3.7/site-packages/airflow/example_dags/example_skip_dag.py
[2024-06-04T23:44:38.499+0000] {processor.py:743} INFO - Processing file /home/airflow/.local/lib/python3.7/site-packages/airflow/example_dags/example_skip_dag.py for tasks to queue
[2024-06-04T23:44:38.499+0000] {logging_mixin.py:137} INFO - [2024-06-04T23:44:38.499+0000] {dagbag.py:538} INFO - Filling up the DagBag from /home/airflow/.local/lib/python3.7/site-packages/airflow/example_dags/example_skip_dag.py
[2024-06-04T23:44:38.509+0000] {processor.py:753} INFO - DAG(s) dict_keys(['example_skip_dag']) retrieved from /home/airflow/.local/lib/python3.7/site-packages/airflow/example_dags/example_skip_dag.py
[2024-06-04T23:44:38.527+0000] {logging_mixin.py:137} INFO - [2024-06-04T23:44:38.527+0000] {dag.py:2690} INFO - Sync 1 DAGs
[2024-06-04T23:44:38.544+0000] {logging_mixin.py:137} INFO - [2024-06-04T23:44:38.544+0000] {dag.py:3441} INFO - Setting next_dagrun for example_skip_dag to 2024-06-04T23:44:08.360663+00:00, run_after=2024-06-05T23:44:08.360663+00:00
[2024-06-04T23:44:38.557+0000] {processor.py:175} INFO - Processing /home/airflow/.local/lib/python3.7/site-packages/airflow/example_dags/example_skip_dag.py took 0.061 seconds
[2024-06-04T23:45:09.417+0000] {processor.py:153} INFO - Started process (PID=2246) to work on /home/airflow/.local/lib/python3.7/site-packages/airflow/example_dags/example_skip_dag.py
[2024-06-04T23:45:09.418+0000] {processor.py:743} INFO - Processing file /home/airflow/.local/lib/python3.7/site-packages/airflow/example_dags/example_skip_dag.py for tasks to queue
[2024-06-04T23:45:09.419+0000] {logging_mixin.py:137} INFO - [2024-06-04T23:45:09.419+0000] {dagbag.py:538} INFO - Filling up the DagBag from /home/airflow/.local/lib/python3.7/site-packages/airflow/example_dags/example_skip_dag.py
[2024-06-04T23:45:09.436+0000] {processor.py:753} INFO - DAG(s) dict_keys(['example_skip_dag']) retrieved from /home/airflow/.local/lib/python3.7/site-packages/airflow/example_dags/example_skip_dag.py
[2024-06-04T23:45:09.468+0000] {logging_mixin.py:137} INFO - [2024-06-04T23:45:09.467+0000] {dag.py:2690} INFO - Sync 1 DAGs
[2024-06-04T23:45:09.504+0000] {logging_mixin.py:137} INFO - [2024-06-04T23:45:09.504+0000] {dag.py:3441} INFO - Setting next_dagrun for example_skip_dag to 2024-06-04T23:44:08.360663+00:00, run_after=2024-06-05T23:44:08.360663+00:00
[2024-06-04T23:45:09.527+0000] {processor.py:175} INFO - Processing /home/airflow/.local/lib/python3.7/site-packages/airflow/example_dags/example_skip_dag.py took 0.114 seconds
[2024-06-04T23:45:40.079+0000] {processor.py:153} INFO - Started process (PID=2574) to work on /home/airflow/.local/lib/python3.7/site-packages/airflow/example_dags/example_skip_dag.py
[2024-06-04T23:45:40.079+0000] {processor.py:743} INFO - Processing file /home/airflow/.local/lib/python3.7/site-packages/airflow/example_dags/example_skip_dag.py for tasks to queue
[2024-06-04T23:45:40.080+0000] {logging_mixin.py:137} INFO - [2024-06-04T23:45:40.080+0000] {dagbag.py:538} INFO - Filling up the DagBag from /home/airflow/.local/lib/python3.7/site-packages/airflow/example_dags/example_skip_dag.py
[2024-06-04T23:45:40.091+0000] {processor.py:753} INFO - DAG(s) dict_keys(['example_skip_dag']) retrieved from /home/airflow/.local/lib/python3.7/site-packages/airflow/example_dags/example_skip_dag.py
[2024-06-04T23:45:40.111+0000] {logging_mixin.py:137} INFO - [2024-06-04T23:45:40.111+0000] {dag.py:2690} INFO - Sync 1 DAGs
[2024-06-04T23:45:40.131+0000] {logging_mixin.py:137} INFO - [2024-06-04T23:45:40.130+0000] {dag.py:3441} INFO - Setting next_dagrun for example_skip_dag to 2024-06-04T23:44:08.360663+00:00, run_after=2024-06-05T23:44:08.360663+00:00
[2024-06-04T23:45:40.147+0000] {processor.py:175} INFO - Processing /home/airflow/.local/lib/python3.7/site-packages/airflow/example_dags/example_skip_dag.py took 0.070 seconds
[2024-06-04T23:46:10.647+0000] {processor.py:153} INFO - Started process (PID=2932) to work on /home/airflow/.local/lib/python3.7/site-packages/airflow/example_dags/example_skip_dag.py
[2024-06-04T23:46:10.648+0000] {processor.py:743} INFO - Processing file /home/airflow/.local/lib/python3.7/site-packages/airflow/example_dags/example_skip_dag.py for tasks to queue
[2024-06-04T23:46:10.649+0000] {logging_mixin.py:137} INFO - [2024-06-04T23:46:10.649+0000] {dagbag.py:538} INFO - Filling up the DagBag from /home/airflow/.local/lib/python3.7/site-packages/airflow/example_dags/example_skip_dag.py
[2024-06-04T23:46:10.661+0000] {processor.py:753} INFO - DAG(s) dict_keys(['example_skip_dag']) retrieved from /home/airflow/.local/lib/python3.7/site-packages/airflow/example_dags/example_skip_dag.py
[2024-06-04T23:46:10.682+0000] {logging_mixin.py:137} INFO - [2024-06-04T23:46:10.682+0000] {dag.py:2690} INFO - Sync 1 DAGs
[2024-06-04T23:46:10.706+0000] {logging_mixin.py:137} INFO - [2024-06-04T23:46:10.706+0000] {dag.py:3441} INFO - Setting next_dagrun for example_skip_dag to 2024-06-04T23:44:08.360663+00:00, run_after=2024-06-05T23:44:08.360663+00:00
[2024-06-04T23:46:10.725+0000] {processor.py:175} INFO - Processing /home/airflow/.local/lib/python3.7/site-packages/airflow/example_dags/example_skip_dag.py took 0.081 seconds
[2024-06-04T23:46:41.201+0000] {processor.py:153} INFO - Started process (PID=3277) to work on /home/airflow/.local/lib/python3.7/site-packages/airflow/example_dags/example_skip_dag.py
[2024-06-04T23:46:41.202+0000] {processor.py:743} INFO - Processing file /home/airflow/.local/lib/python3.7/site-packages/airflow/example_dags/example_skip_dag.py for tasks to queue
[2024-06-04T23:46:41.202+0000] {logging_mixin.py:137} INFO - [2024-06-04T23:46:41.202+0000] {dagbag.py:538} INFO - Filling up the DagBag from /home/airflow/.local/lib/python3.7/site-packages/airflow/example_dags/example_skip_dag.py
[2024-06-04T23:46:41.215+0000] {processor.py:753} INFO - DAG(s) dict_keys(['example_skip_dag']) retrieved from /home/airflow/.local/lib/python3.7/site-packages/airflow/example_dags/example_skip_dag.py
[2024-06-04T23:46:41.235+0000] {logging_mixin.py:137} INFO - [2024-06-04T23:46:41.235+0000] {dag.py:2690} INFO - Sync 1 DAGs
[2024-06-04T23:46:41.255+0000] {logging_mixin.py:137} INFO - [2024-06-04T23:46:41.254+0000] {dag.py:3441} INFO - Setting next_dagrun for example_skip_dag to 2024-06-04T23:44:08.360663+00:00, run_after=2024-06-05T23:44:08.360663+00:00
[2024-06-04T23:46:41.269+0000] {processor.py:175} INFO - Processing /home/airflow/.local/lib/python3.7/site-packages/airflow/example_dags/example_skip_dag.py took 0.072 seconds
[2024-06-04T23:47:11.482+0000] {processor.py:153} INFO - Started process (PID=3617) to work on /home/airflow/.local/lib/python3.7/site-packages/airflow/example_dags/example_skip_dag.py
[2024-06-04T23:47:11.483+0000] {processor.py:743} INFO - Processing file /home/airflow/.local/lib/python3.7/site-packages/airflow/example_dags/example_skip_dag.py for tasks to queue
[2024-06-04T23:47:11.483+0000] {logging_mixin.py:137} INFO - [2024-06-04T23:47:11.483+0000] {dagbag.py:538} INFO - Filling up the DagBag from /home/airflow/.local/lib/python3.7/site-packages/airflow/example_dags/example_skip_dag.py
[2024-06-04T23:47:11.493+0000] {processor.py:753} INFO - DAG(s) dict_keys(['example_skip_dag']) retrieved from /home/airflow/.local/lib/python3.7/site-packages/airflow/example_dags/example_skip_dag.py
[2024-06-04T23:47:11.512+0000] {logging_mixin.py:137} INFO - [2024-06-04T23:47:11.511+0000] {dag.py:2690} INFO - Sync 1 DAGs
[2024-06-04T23:47:11.530+0000] {logging_mixin.py:137} INFO - [2024-06-04T23:47:11.530+0000] {dag.py:3441} INFO - Setting next_dagrun for example_skip_dag to 2024-06-04T23:44:08.360663+00:00, run_after=2024-06-05T23:44:08.360663+00:00
[2024-06-04T23:47:11.543+0000] {processor.py:175} INFO - Processing /home/airflow/.local/lib/python3.7/site-packages/airflow/example_dags/example_skip_dag.py took 0.063 seconds
[2024-06-04T23:47:42.066+0000] {processor.py:153} INFO - Started process (PID=3971) to work on /home/airflow/.local/lib/python3.7/site-packages/airflow/example_dags/example_skip_dag.py
[2024-06-04T23:47:42.067+0000] {processor.py:743} INFO - Processing file /home/airflow/.local/lib/python3.7/site-packages/airflow/example_dags/example_skip_dag.py for tasks to queue
[2024-06-04T23:47:42.067+0000] {logging_mixin.py:137} INFO - [2024-06-04T23:47:42.067+0000] {dagbag.py:538} INFO - Filling up the DagBag from /home/airflow/.local/lib/python3.7/site-packages/airflow/example_dags/example_skip_dag.py
[2024-06-04T23:47:42.081+0000] {processor.py:753} INFO - DAG(s) dict_keys(['example_skip_dag']) retrieved from /home/airflow/.local/lib/python3.7/site-packages/airflow/example_dags/example_skip_dag.py
[2024-06-04T23:47:42.102+0000] {logging_mixin.py:137} INFO - [2024-06-04T23:47:42.102+0000] {dag.py:2690} INFO - Sync 1 DAGs
[2024-06-04T23:47:42.124+0000] {logging_mixin.py:137} INFO - [2024-06-04T23:47:42.124+0000] {dag.py:3441} INFO - Setting next_dagrun for example_skip_dag to 2024-06-04T23:44:08.360663+00:00, run_after=2024-06-05T23:44:08.360663+00:00
[2024-06-04T23:47:42.141+0000] {processor.py:175} INFO - Processing /home/airflow/.local/lib/python3.7/site-packages/airflow/example_dags/example_skip_dag.py took 0.078 seconds
[2024-06-04T23:48:12.348+0000] {processor.py:153} INFO - Started process (PID=4331) to work on /home/airflow/.local/lib/python3.7/site-packages/airflow/example_dags/example_skip_dag.py
[2024-06-04T23:48:12.349+0000] {processor.py:743} INFO - Processing file /home/airflow/.local/lib/python3.7/site-packages/airflow/example_dags/example_skip_dag.py for tasks to queue
[2024-06-04T23:48:12.349+0000] {logging_mixin.py:137} INFO - [2024-06-04T23:48:12.349+0000] {dagbag.py:538} INFO - Filling up the DagBag from /home/airflow/.local/lib/python3.7/site-packages/airflow/example_dags/example_skip_dag.py
[2024-06-04T23:48:12.361+0000] {processor.py:753} INFO - DAG(s) dict_keys(['example_skip_dag']) retrieved from /home/airflow/.local/lib/python3.7/site-packages/airflow/example_dags/example_skip_dag.py
[2024-06-04T23:48:12.379+0000] {logging_mixin.py:137} INFO - [2024-06-04T23:48:12.379+0000] {dag.py:2690} INFO - Sync 1 DAGs
[2024-06-04T23:48:12.398+0000] {logging_mixin.py:137} INFO - [2024-06-04T23:48:12.397+0000] {dag.py:3441} INFO - Setting next_dagrun for example_skip_dag to 2024-06-04T23:44:08.360663+00:00, run_after=2024-06-05T23:44:08.360663+00:00
[2024-06-04T23:48:12.411+0000] {processor.py:175} INFO - Processing /home/airflow/.local/lib/python3.7/site-packages/airflow/example_dags/example_skip_dag.py took 0.065 seconds
[2024-06-04T23:48:42.847+0000] {processor.py:153} INFO - Started process (PID=4701) to work on /home/airflow/.local/lib/python3.7/site-packages/airflow/example_dags/example_skip_dag.py
[2024-06-04T23:48:42.848+0000] {processor.py:743} INFO - Processing file /home/airflow/.local/lib/python3.7/site-packages/airflow/example_dags/example_skip_dag.py for tasks to queue
[2024-06-04T23:48:42.848+0000] {logging_mixin.py:137} INFO - [2024-06-04T23:48:42.848+0000] {dagbag.py:538} INFO - Filling up the DagBag from /home/airflow/.local/lib/python3.7/site-packages/airflow/example_dags/example_skip_dag.py
[2024-06-04T23:48:42.863+0000] {processor.py:753} INFO - DAG(s) dict_keys(['example_skip_dag']) retrieved from /home/airflow/.local/lib/python3.7/site-packages/airflow/example_dags/example_skip_dag.py
[2024-06-04T23:48:42.893+0000] {logging_mixin.py:137} INFO - [2024-06-04T23:48:42.893+0000] {dag.py:2690} INFO - Sync 1 DAGs
[2024-06-04T23:48:42.927+0000] {logging_mixin.py:137} INFO - [2024-06-04T23:48:42.926+0000] {dag.py:3441} INFO - Setting next_dagrun for example_skip_dag to 2024-06-04T23:44:08.360663+00:00, run_after=2024-06-05T23:44:08.360663+00:00
[2024-06-04T23:48:42.955+0000] {processor.py:175} INFO - Processing /home/airflow/.local/lib/python3.7/site-packages/airflow/example_dags/example_skip_dag.py took 0.111 seconds
[2024-06-04T23:49:13.813+0000] {processor.py:153} INFO - Started process (PID=5101) to work on /home/airflow/.local/lib/python3.7/site-packages/airflow/example_dags/example_skip_dag.py
[2024-06-04T23:49:13.814+0000] {processor.py:743} INFO - Processing file /home/airflow/.local/lib/python3.7/site-packages/airflow/example_dags/example_skip_dag.py for tasks to queue
[2024-06-04T23:49:13.814+0000] {logging_mixin.py:137} INFO - [2024-06-04T23:49:13.814+0000] {dagbag.py:538} INFO - Filling up the DagBag from /home/airflow/.local/lib/python3.7/site-packages/airflow/example_dags/example_skip_dag.py
[2024-06-04T23:49:13.825+0000] {processor.py:753} INFO - DAG(s) dict_keys(['example_skip_dag']) retrieved from /home/airflow/.local/lib/python3.7/site-packages/airflow/example_dags/example_skip_dag.py
[2024-06-04T23:49:13.846+0000] {logging_mixin.py:137} INFO - [2024-06-04T23:49:13.845+0000] {dag.py:2690} INFO - Sync 1 DAGs
[2024-06-04T23:49:13.865+0000] {logging_mixin.py:137} INFO - [2024-06-04T23:49:13.865+0000] {dag.py:3441} INFO - Setting next_dagrun for example_skip_dag to 2024-06-04T23:44:08.360663+00:00, run_after=2024-06-05T23:44:08.360663+00:00
[2024-06-04T23:49:13.879+0000] {processor.py:175} INFO - Processing /home/airflow/.local/lib/python3.7/site-packages/airflow/example_dags/example_skip_dag.py took 0.069 seconds
[2024-06-04T23:49:43.960+0000] {processor.py:153} INFO - Started process (PID=5454) to work on /home/airflow/.local/lib/python3.7/site-packages/airflow/example_dags/example_skip_dag.py
[2024-06-04T23:49:43.962+0000] {processor.py:743} INFO - Processing file /home/airflow/.local/lib/python3.7/site-packages/airflow/example_dags/example_skip_dag.py for tasks to queue
[2024-06-04T23:49:43.962+0000] {logging_mixin.py:137} INFO - [2024-06-04T23:49:43.962+0000] {dagbag.py:538} INFO - Filling up the DagBag from /home/airflow/.local/lib/python3.7/site-packages/airflow/example_dags/example_skip_dag.py
[2024-06-04T23:49:43.978+0000] {processor.py:753} INFO - DAG(s) dict_keys(['example_skip_dag']) retrieved from /home/airflow/.local/lib/python3.7/site-packages/airflow/example_dags/example_skip_dag.py
[2024-06-04T23:49:44.007+0000] {logging_mixin.py:137} INFO - [2024-06-04T23:49:44.007+0000] {dag.py:2690} INFO - Sync 1 DAGs
[2024-06-04T23:49:44.040+0000] {logging_mixin.py:137} INFO - [2024-06-04T23:49:44.040+0000] {dag.py:3441} INFO - Setting next_dagrun for example_skip_dag to 2024-06-04T23:44:08.360663+00:00, run_after=2024-06-05T23:44:08.360663+00:00
[2024-06-04T23:49:44.065+0000] {processor.py:175} INFO - Processing /home/airflow/.local/lib/python3.7/site-packages/airflow/example_dags/example_skip_dag.py took 0.108 seconds
[2024-06-04T23:50:14.314+0000] {processor.py:153} INFO - Started process (PID=5820) to work on /home/airflow/.local/lib/python3.7/site-packages/airflow/example_dags/example_skip_dag.py
[2024-06-04T23:50:14.315+0000] {processor.py:743} INFO - Processing file /home/airflow/.local/lib/python3.7/site-packages/airflow/example_dags/example_skip_dag.py for tasks to queue
[2024-06-04T23:50:14.315+0000] {logging_mixin.py:137} INFO - [2024-06-04T23:50:14.315+0000] {dagbag.py:538} INFO - Filling up the DagBag from /home/airflow/.local/lib/python3.7/site-packages/airflow/example_dags/example_skip_dag.py
[2024-06-04T23:50:14.328+0000] {processor.py:753} INFO - DAG(s) dict_keys(['example_skip_dag']) retrieved from /home/airflow/.local/lib/python3.7/site-packages/airflow/example_dags/example_skip_dag.py
[2024-06-04T23:50:14.348+0000] {logging_mixin.py:137} INFO - [2024-06-04T23:50:14.348+0000] {dag.py:2690} INFO - Sync 1 DAGs
[2024-06-04T23:50:14.370+0000] {logging_mixin.py:137} INFO - [2024-06-04T23:50:14.370+0000] {dag.py:3441} INFO - Setting next_dagrun for example_skip_dag to 2024-06-04T23:44:08.360663+00:00, run_after=2024-06-05T23:44:08.360663+00:00
[2024-06-04T23:50:14.385+0000] {processor.py:175} INFO - Processing /home/airflow/.local/lib/python3.7/site-packages/airflow/example_dags/example_skip_dag.py took 0.074 seconds
[2024-06-04T23:50:44.521+0000] {processor.py:153} INFO - Started process (PID=6199) to work on /home/airflow/.local/lib/python3.7/site-packages/airflow/example_dags/example_skip_dag.py
[2024-06-04T23:50:44.521+0000] {processor.py:743} INFO - Processing file /home/airflow/.local/lib/python3.7/site-packages/airflow/example_dags/example_skip_dag.py for tasks to queue
[2024-06-04T23:50:44.522+0000] {logging_mixin.py:137} INFO - [2024-06-04T23:50:44.522+0000] {dagbag.py:538} INFO - Filling up the DagBag from /home/airflow/.local/lib/python3.7/site-packages/airflow/example_dags/example_skip_dag.py
[2024-06-04T23:50:44.535+0000] {processor.py:753} INFO - DAG(s) dict_keys(['example_skip_dag']) retrieved from /home/airflow/.local/lib/python3.7/site-packages/airflow/example_dags/example_skip_dag.py
[2024-06-04T23:50:44.564+0000] {logging_mixin.py:137} INFO - [2024-06-04T23:50:44.564+0000] {dag.py:2690} INFO - Sync 1 DAGs
[2024-06-04T23:50:44.597+0000] {logging_mixin.py:137} INFO - [2024-06-04T23:50:44.597+0000] {dag.py:3441} INFO - Setting next_dagrun for example_skip_dag to 2024-06-04T23:44:08.360663+00:00, run_after=2024-06-05T23:44:08.360663+00:00
[2024-06-04T23:50:44.626+0000] {processor.py:175} INFO - Processing /home/airflow/.local/lib/python3.7/site-packages/airflow/example_dags/example_skip_dag.py took 0.109 seconds
[2024-06-04T23:51:15.515+0000] {processor.py:153} INFO - Started process (PID=6541) to work on /home/airflow/.local/lib/python3.7/site-packages/airflow/example_dags/example_skip_dag.py
[2024-06-04T23:51:15.516+0000] {processor.py:743} INFO - Processing file /home/airflow/.local/lib/python3.7/site-packages/airflow/example_dags/example_skip_dag.py for tasks to queue
[2024-06-04T23:51:15.516+0000] {logging_mixin.py:137} INFO - [2024-06-04T23:51:15.516+0000] {dagbag.py:538} INFO - Filling up the DagBag from /home/airflow/.local/lib/python3.7/site-packages/airflow/example_dags/example_skip_dag.py
[2024-06-04T23:51:15.526+0000] {processor.py:753} INFO - DAG(s) dict_keys(['example_skip_dag']) retrieved from /home/airflow/.local/lib/python3.7/site-packages/airflow/example_dags/example_skip_dag.py
[2024-06-04T23:51:15.547+0000] {logging_mixin.py:137} INFO - [2024-06-04T23:51:15.547+0000] {dag.py:2690} INFO - Sync 1 DAGs
[2024-06-04T23:51:15.567+0000] {logging_mixin.py:137} INFO - [2024-06-04T23:51:15.567+0000] {dag.py:3441} INFO - Setting next_dagrun for example_skip_dag to 2024-06-04T23:44:08.360663+00:00, run_after=2024-06-05T23:44:08.360663+00:00
[2024-06-04T23:51:15.580+0000] {processor.py:175} INFO - Processing /home/airflow/.local/lib/python3.7/site-packages/airflow/example_dags/example_skip_dag.py took 0.068 seconds
[2024-06-04T23:51:45.818+0000] {processor.py:153} INFO - Started process (PID=6897) to work on /home/airflow/.local/lib/python3.7/site-packages/airflow/example_dags/example_skip_dag.py
[2024-06-04T23:51:45.819+0000] {processor.py:743} INFO - Processing file /home/airflow/.local/lib/python3.7/site-packages/airflow/example_dags/example_skip_dag.py for tasks to queue
[2024-06-04T23:51:45.820+0000] {logging_mixin.py:137} INFO - [2024-06-04T23:51:45.820+0000] {dagbag.py:538} INFO - Filling up the DagBag from /home/airflow/.local/lib/python3.7/site-packages/airflow/example_dags/example_skip_dag.py
[2024-06-04T23:51:45.838+0000] {processor.py:753} INFO - DAG(s) dict_keys(['example_skip_dag']) retrieved from /home/airflow/.local/lib/python3.7/site-packages/airflow/example_dags/example_skip_dag.py
[2024-06-04T23:51:45.866+0000] {logging_mixin.py:137} INFO - [2024-06-04T23:51:45.866+0000] {dag.py:2690} INFO - Sync 1 DAGs
[2024-06-04T23:51:45.895+0000] {logging_mixin.py:137} INFO - [2024-06-04T23:51:45.895+0000] {dag.py:3441} INFO - Setting next_dagrun for example_skip_dag to 2024-06-04T23:44:08.360663+00:00, run_after=2024-06-05T23:44:08.360663+00:00
[2024-06-04T23:51:45.921+0000] {processor.py:175} INFO - Processing /home/airflow/.local/lib/python3.7/site-packages/airflow/example_dags/example_skip_dag.py took 0.107 seconds
[2024-06-04T23:52:16.790+0000] {processor.py:153} INFO - Started process (PID=7233) to work on /home/airflow/.local/lib/python3.7/site-packages/airflow/example_dags/example_skip_dag.py
[2024-06-04T23:52:16.790+0000] {processor.py:743} INFO - Processing file /home/airflow/.local/lib/python3.7/site-packages/airflow/example_dags/example_skip_dag.py for tasks to queue
[2024-06-04T23:52:16.791+0000] {logging_mixin.py:137} INFO - [2024-06-04T23:52:16.791+0000] {dagbag.py:538} INFO - Filling up the DagBag from /home/airflow/.local/lib/python3.7/site-packages/airflow/example_dags/example_skip_dag.py
[2024-06-04T23:52:16.802+0000] {processor.py:753} INFO - DAG(s) dict_keys(['example_skip_dag']) retrieved from /home/airflow/.local/lib/python3.7/site-packages/airflow/example_dags/example_skip_dag.py
[2024-06-04T23:52:16.822+0000] {logging_mixin.py:137} INFO - [2024-06-04T23:52:16.822+0000] {dag.py:2690} INFO - Sync 1 DAGs
[2024-06-04T23:52:16.843+0000] {logging_mixin.py:137} INFO - [2024-06-04T23:52:16.843+0000] {dag.py:3441} INFO - Setting next_dagrun for example_skip_dag to 2024-06-04T23:44:08.360663+00:00, run_after=2024-06-05T23:44:08.360663+00:00
[2024-06-04T23:52:16.858+0000] {processor.py:175} INFO - Processing /home/airflow/.local/lib/python3.7/site-packages/airflow/example_dags/example_skip_dag.py took 0.071 seconds
[2024-06-04T23:52:47.295+0000] {processor.py:153} INFO - Started process (PID=7573) to work on /home/airflow/.local/lib/python3.7/site-packages/airflow/example_dags/example_skip_dag.py
[2024-06-04T23:52:47.296+0000] {processor.py:743} INFO - Processing file /home/airflow/.local/lib/python3.7/site-packages/airflow/example_dags/example_skip_dag.py for tasks to queue
[2024-06-04T23:52:47.296+0000] {logging_mixin.py:137} INFO - [2024-06-04T23:52:47.296+0000] {dagbag.py:538} INFO - Filling up the DagBag from /home/airflow/.local/lib/python3.7/site-packages/airflow/example_dags/example_skip_dag.py
[2024-06-04T23:52:47.307+0000] {processor.py:753} INFO - DAG(s) dict_keys(['example_skip_dag']) retrieved from /home/airflow/.local/lib/python3.7/site-packages/airflow/example_dags/example_skip_dag.py
[2024-06-04T23:52:47.326+0000] {logging_mixin.py:137} INFO - [2024-06-04T23:52:47.326+0000] {dag.py:2690} INFO - Sync 1 DAGs
[2024-06-04T23:52:47.348+0000] {logging_mixin.py:137} INFO - [2024-06-04T23:52:47.348+0000] {dag.py:3441} INFO - Setting next_dagrun for example_skip_dag to 2024-06-04T23:44:08.360663+00:00, run_after=2024-06-05T23:44:08.360663+00:00
[2024-06-04T23:52:47.369+0000] {processor.py:175} INFO - Processing /home/airflow/.local/lib/python3.7/site-packages/airflow/example_dags/example_skip_dag.py took 0.076 seconds
[2024-06-04T23:53:18.007+0000] {processor.py:153} INFO - Started process (PID=7942) to work on /home/airflow/.local/lib/python3.7/site-packages/airflow/example_dags/example_skip_dag.py
[2024-06-04T23:53:18.008+0000] {processor.py:743} INFO - Processing file /home/airflow/.local/lib/python3.7/site-packages/airflow/example_dags/example_skip_dag.py for tasks to queue
[2024-06-04T23:53:18.008+0000] {logging_mixin.py:137} INFO - [2024-06-04T23:53:18.008+0000] {dagbag.py:538} INFO - Filling up the DagBag from /home/airflow/.local/lib/python3.7/site-packages/airflow/example_dags/example_skip_dag.py
[2024-06-04T23:53:18.018+0000] {processor.py:753} INFO - DAG(s) dict_keys(['example_skip_dag']) retrieved from /home/airflow/.local/lib/python3.7/site-packages/airflow/example_dags/example_skip_dag.py
[2024-06-04T23:53:18.036+0000] {logging_mixin.py:137} INFO - [2024-06-04T23:53:18.036+0000] {dag.py:2690} INFO - Sync 1 DAGs
[2024-06-04T23:53:18.053+0000] {logging_mixin.py:137} INFO - [2024-06-04T23:53:18.053+0000] {dag.py:3441} INFO - Setting next_dagrun for example_skip_dag to 2024-06-04T23:44:08.360663+00:00, run_after=2024-06-05T23:44:08.360663+00:00
[2024-06-04T23:53:18.066+0000] {processor.py:175} INFO - Processing /home/airflow/.local/lib/python3.7/site-packages/airflow/example_dags/example_skip_dag.py took 0.061 seconds
[2024-06-04T23:53:48.180+0000] {processor.py:153} INFO - Started process (PID=8251) to work on /home/airflow/.local/lib/python3.7/site-packages/airflow/example_dags/example_skip_dag.py
[2024-06-04T23:53:48.181+0000] {processor.py:743} INFO - Processing file /home/airflow/.local/lib/python3.7/site-packages/airflow/example_dags/example_skip_dag.py for tasks to queue
[2024-06-04T23:53:48.181+0000] {logging_mixin.py:137} INFO - [2024-06-04T23:53:48.181+0000] {dagbag.py:538} INFO - Filling up the DagBag from /home/airflow/.local/lib/python3.7/site-packages/airflow/example_dags/example_skip_dag.py
[2024-06-04T23:53:48.194+0000] {processor.py:753} INFO - DAG(s) dict_keys(['example_skip_dag']) retrieved from /home/airflow/.local/lib/python3.7/site-packages/airflow/example_dags/example_skip_dag.py
[2024-06-04T23:53:48.219+0000] {logging_mixin.py:137} INFO - [2024-06-04T23:53:48.219+0000] {dag.py:2690} INFO - Sync 1 DAGs
[2024-06-04T23:53:48.242+0000] {logging_mixin.py:137} INFO - [2024-06-04T23:53:48.241+0000] {dag.py:3441} INFO - Setting next_dagrun for example_skip_dag to 2024-06-04T23:44:08.360663+00:00, run_after=2024-06-05T23:44:08.360663+00:00
[2024-06-04T23:53:48.259+0000] {processor.py:175} INFO - Processing /home/airflow/.local/lib/python3.7/site-packages/airflow/example_dags/example_skip_dag.py took 0.081 seconds
[2024-06-04T23:54:18.413+0000] {processor.py:153} INFO - Started process (PID=8580) to work on /home/airflow/.local/lib/python3.7/site-packages/airflow/example_dags/example_skip_dag.py
[2024-06-04T23:54:18.413+0000] {processor.py:743} INFO - Processing file /home/airflow/.local/lib/python3.7/site-packages/airflow/example_dags/example_skip_dag.py for tasks to queue
[2024-06-04T23:54:18.414+0000] {logging_mixin.py:137} INFO - [2024-06-04T23:54:18.414+0000] {dagbag.py:538} INFO - Filling up the DagBag from /home/airflow/.local/lib/python3.7/site-packages/airflow/example_dags/example_skip_dag.py
[2024-06-04T23:54:18.426+0000] {processor.py:753} INFO - DAG(s) dict_keys(['example_skip_dag']) retrieved from /home/airflow/.local/lib/python3.7/site-packages/airflow/example_dags/example_skip_dag.py
[2024-06-04T23:54:18.445+0000] {logging_mixin.py:137} INFO - [2024-06-04T23:54:18.444+0000] {dag.py:2690} INFO - Sync 1 DAGs
[2024-06-04T23:54:18.464+0000] {logging_mixin.py:137} INFO - [2024-06-04T23:54:18.464+0000] {dag.py:3441} INFO - Setting next_dagrun for example_skip_dag to 2024-06-04T23:44:08.360663+00:00, run_after=2024-06-05T23:44:08.360663+00:00
[2024-06-04T23:54:18.480+0000] {processor.py:175} INFO - Processing /home/airflow/.local/lib/python3.7/site-packages/airflow/example_dags/example_skip_dag.py took 0.070 seconds
[2024-06-04T23:54:49.372+0000] {processor.py:153} INFO - Started process (PID=8690) to work on /home/airflow/.local/lib/python3.7/site-packages/airflow/example_dags/example_skip_dag.py
[2024-06-04T23:54:49.373+0000] {processor.py:743} INFO - Processing file /home/airflow/.local/lib/python3.7/site-packages/airflow/example_dags/example_skip_dag.py for tasks to queue
[2024-06-04T23:54:49.373+0000] {logging_mixin.py:137} INFO - [2024-06-04T23:54:49.373+0000] {dagbag.py:538} INFO - Filling up the DagBag from /home/airflow/.local/lib/python3.7/site-packages/airflow/example_dags/example_skip_dag.py
[2024-06-04T23:54:49.383+0000] {processor.py:753} INFO - DAG(s) dict_keys(['example_skip_dag']) retrieved from /home/airflow/.local/lib/python3.7/site-packages/airflow/example_dags/example_skip_dag.py
[2024-06-04T23:54:49.402+0000] {logging_mixin.py:137} INFO - [2024-06-04T23:54:49.402+0000] {dag.py:2690} INFO - Sync 1 DAGs
[2024-06-04T23:54:49.420+0000] {logging_mixin.py:137} INFO - [2024-06-04T23:54:49.420+0000] {dag.py:3441} INFO - Setting next_dagrun for example_skip_dag to 2024-06-04T23:44:08.360663+00:00, run_after=2024-06-05T23:44:08.360663+00:00
[2024-06-04T23:54:49.432+0000] {processor.py:175} INFO - Processing /home/airflow/.local/lib/python3.7/site-packages/airflow/example_dags/example_skip_dag.py took 0.062 seconds
[2024-06-04T23:55:20.137+0000] {processor.py:153} INFO - Started process (PID=8806) to work on /home/airflow/.local/lib/python3.7/site-packages/airflow/example_dags/example_skip_dag.py
[2024-06-04T23:55:20.137+0000] {processor.py:743} INFO - Processing file /home/airflow/.local/lib/python3.7/site-packages/airflow/example_dags/example_skip_dag.py for tasks to queue
[2024-06-04T23:55:20.138+0000] {logging_mixin.py:137} INFO - [2024-06-04T23:55:20.138+0000] {dagbag.py:538} INFO - Filling up the DagBag from /home/airflow/.local/lib/python3.7/site-packages/airflow/example_dags/example_skip_dag.py
[2024-06-04T23:55:20.147+0000] {processor.py:753} INFO - DAG(s) dict_keys(['example_skip_dag']) retrieved from /home/airflow/.local/lib/python3.7/site-packages/airflow/example_dags/example_skip_dag.py
[2024-06-04T23:55:20.165+0000] {logging_mixin.py:137} INFO - [2024-06-04T23:55:20.165+0000] {dag.py:2690} INFO - Sync 1 DAGs
[2024-06-04T23:55:20.182+0000] {logging_mixin.py:137} INFO - [2024-06-04T23:55:20.182+0000] {dag.py:3441} INFO - Setting next_dagrun for example_skip_dag to 2024-06-04T23:44:08.360663+00:00, run_after=2024-06-05T23:44:08.360663+00:00
[2024-06-04T23:55:20.193+0000] {processor.py:175} INFO - Processing /home/airflow/.local/lib/python3.7/site-packages/airflow/example_dags/example_skip_dag.py took 0.059 seconds
[2024-06-04T23:55:51.046+0000] {processor.py:153} INFO - Started process (PID=8902) to work on /home/airflow/.local/lib/python3.7/site-packages/airflow/example_dags/example_skip_dag.py
[2024-06-04T23:55:51.047+0000] {processor.py:743} INFO - Processing file /home/airflow/.local/lib/python3.7/site-packages/airflow/example_dags/example_skip_dag.py for tasks to queue
[2024-06-04T23:55:51.048+0000] {logging_mixin.py:137} INFO - [2024-06-04T23:55:51.047+0000] {dagbag.py:538} INFO - Filling up the DagBag from /home/airflow/.local/lib/python3.7/site-packages/airflow/example_dags/example_skip_dag.py
[2024-06-04T23:55:51.063+0000] {processor.py:753} INFO - DAG(s) dict_keys(['example_skip_dag']) retrieved from /home/airflow/.local/lib/python3.7/site-packages/airflow/example_dags/example_skip_dag.py
[2024-06-04T23:55:51.089+0000] {logging_mixin.py:137} INFO - [2024-06-04T23:55:51.088+0000] {dag.py:2690} INFO - Sync 1 DAGs
[2024-06-04T23:55:51.114+0000] {logging_mixin.py:137} INFO - [2024-06-04T23:55:51.113+0000] {dag.py:3441} INFO - Setting next_dagrun for example_skip_dag to 2024-06-04T23:44:08.360663+00:00, run_after=2024-06-05T23:44:08.360663+00:00
[2024-06-04T23:55:51.140+0000] {processor.py:175} INFO - Processing /home/airflow/.local/lib/python3.7/site-packages/airflow/example_dags/example_skip_dag.py took 0.097 seconds
[2024-06-04T23:56:21.231+0000] {processor.py:153} INFO - Started process (PID=9012) to work on /home/airflow/.local/lib/python3.7/site-packages/airflow/example_dags/example_skip_dag.py
[2024-06-04T23:56:21.232+0000] {processor.py:743} INFO - Processing file /home/airflow/.local/lib/python3.7/site-packages/airflow/example_dags/example_skip_dag.py for tasks to queue
[2024-06-04T23:56:21.232+0000] {logging_mixin.py:137} INFO - [2024-06-04T23:56:21.232+0000] {dagbag.py:538} INFO - Filling up the DagBag from /home/airflow/.local/lib/python3.7/site-packages/airflow/example_dags/example_skip_dag.py
[2024-06-04T23:56:21.242+0000] {processor.py:753} INFO - DAG(s) dict_keys(['example_skip_dag']) retrieved from /home/airflow/.local/lib/python3.7/site-packages/airflow/example_dags/example_skip_dag.py
[2024-06-04T23:56:21.260+0000] {logging_mixin.py:137} INFO - [2024-06-04T23:56:21.260+0000] {dag.py:2690} INFO - Sync 1 DAGs
[2024-06-04T23:56:21.279+0000] {logging_mixin.py:137} INFO - [2024-06-04T23:56:21.279+0000] {dag.py:3441} INFO - Setting next_dagrun for example_skip_dag to 2024-06-04T23:44:08.360663+00:00, run_after=2024-06-05T23:44:08.360663+00:00
[2024-06-04T23:56:21.293+0000] {processor.py:175} INFO - Processing /home/airflow/.local/lib/python3.7/site-packages/airflow/example_dags/example_skip_dag.py took 0.065 seconds
[2024-06-04T23:56:51.432+0000] {processor.py:153} INFO - Started process (PID=9144) to work on /home/airflow/.local/lib/python3.7/site-packages/airflow/example_dags/example_skip_dag.py
[2024-06-04T23:56:51.432+0000] {processor.py:743} INFO - Processing file /home/airflow/.local/lib/python3.7/site-packages/airflow/example_dags/example_skip_dag.py for tasks to queue
[2024-06-04T23:56:51.433+0000] {logging_mixin.py:137} INFO - [2024-06-04T23:56:51.433+0000] {dagbag.py:538} INFO - Filling up the DagBag from /home/airflow/.local/lib/python3.7/site-packages/airflow/example_dags/example_skip_dag.py
[2024-06-04T23:56:51.444+0000] {processor.py:753} INFO - DAG(s) dict_keys(['example_skip_dag']) retrieved from /home/airflow/.local/lib/python3.7/site-packages/airflow/example_dags/example_skip_dag.py
[2024-06-04T23:56:51.463+0000] {logging_mixin.py:137} INFO - [2024-06-04T23:56:51.463+0000] {dag.py:2690} INFO - Sync 1 DAGs
[2024-06-04T23:56:51.482+0000] {logging_mixin.py:137} INFO - [2024-06-04T23:56:51.482+0000] {dag.py:3441} INFO - Setting next_dagrun for example_skip_dag to 2024-06-04T23:44:08.360663+00:00, run_after=2024-06-05T23:44:08.360663+00:00
[2024-06-04T23:56:51.494+0000] {processor.py:175} INFO - Processing /home/airflow/.local/lib/python3.7/site-packages/airflow/example_dags/example_skip_dag.py took 0.065 seconds
[2024-06-04T23:57:22.259+0000] {processor.py:153} INFO - Started process (PID=9237) to work on /home/airflow/.local/lib/python3.7/site-packages/airflow/example_dags/example_skip_dag.py
[2024-06-04T23:57:22.260+0000] {processor.py:743} INFO - Processing file /home/airflow/.local/lib/python3.7/site-packages/airflow/example_dags/example_skip_dag.py for tasks to queue
[2024-06-04T23:57:22.260+0000] {logging_mixin.py:137} INFO - [2024-06-04T23:57:22.260+0000] {dagbag.py:538} INFO - Filling up the DagBag from /home/airflow/.local/lib/python3.7/site-packages/airflow/example_dags/example_skip_dag.py
[2024-06-04T23:57:22.270+0000] {processor.py:753} INFO - DAG(s) dict_keys(['example_skip_dag']) retrieved from /home/airflow/.local/lib/python3.7/site-packages/airflow/example_dags/example_skip_dag.py
[2024-06-04T23:57:22.287+0000] {logging_mixin.py:137} INFO - [2024-06-04T23:57:22.287+0000] {dag.py:2690} INFO - Sync 1 DAGs
[2024-06-04T23:57:22.304+0000] {logging_mixin.py:137} INFO - [2024-06-04T23:57:22.304+0000] {dag.py:3441} INFO - Setting next_dagrun for example_skip_dag to 2024-06-04T23:44:08.360663+00:00, run_after=2024-06-05T23:44:08.360663+00:00
[2024-06-04T23:57:22.316+0000] {processor.py:175} INFO - Processing /home/airflow/.local/lib/python3.7/site-packages/airflow/example_dags/example_skip_dag.py took 0.059 seconds
[2024-06-04T23:57:52.461+0000] {processor.py:153} INFO - Started process (PID=9348) to work on /home/airflow/.local/lib/python3.7/site-packages/airflow/example_dags/example_skip_dag.py
[2024-06-04T23:57:52.462+0000] {processor.py:743} INFO - Processing file /home/airflow/.local/lib/python3.7/site-packages/airflow/example_dags/example_skip_dag.py for tasks to queue
[2024-06-04T23:57:52.462+0000] {logging_mixin.py:137} INFO - [2024-06-04T23:57:52.462+0000] {dagbag.py:538} INFO - Filling up the DagBag from /home/airflow/.local/lib/python3.7/site-packages/airflow/example_dags/example_skip_dag.py
[2024-06-04T23:57:52.473+0000] {processor.py:753} INFO - DAG(s) dict_keys(['example_skip_dag']) retrieved from /home/airflow/.local/lib/python3.7/site-packages/airflow/example_dags/example_skip_dag.py
[2024-06-04T23:57:52.500+0000] {logging_mixin.py:137} INFO - [2024-06-04T23:57:52.500+0000] {dag.py:2690} INFO - Sync 1 DAGs
[2024-06-04T23:57:52.523+0000] {logging_mixin.py:137} INFO - [2024-06-04T23:57:52.523+0000] {dag.py:3441} INFO - Setting next_dagrun for example_skip_dag to 2024-06-04T23:44:08.360663+00:00, run_after=2024-06-05T23:44:08.360663+00:00
[2024-06-04T23:57:52.543+0000] {processor.py:175} INFO - Processing /home/airflow/.local/lib/python3.7/site-packages/airflow/example_dags/example_skip_dag.py took 0.085 seconds
[2024-06-04T23:58:23.347+0000] {processor.py:153} INFO - Started process (PID=9444) to work on /home/airflow/.local/lib/python3.7/site-packages/airflow/example_dags/example_skip_dag.py
[2024-06-04T23:58:23.348+0000] {processor.py:743} INFO - Processing file /home/airflow/.local/lib/python3.7/site-packages/airflow/example_dags/example_skip_dag.py for tasks to queue
[2024-06-04T23:58:23.348+0000] {logging_mixin.py:137} INFO - [2024-06-04T23:58:23.348+0000] {dagbag.py:538} INFO - Filling up the DagBag from /home/airflow/.local/lib/python3.7/site-packages/airflow/example_dags/example_skip_dag.py
[2024-06-04T23:58:23.358+0000] {processor.py:753} INFO - DAG(s) dict_keys(['example_skip_dag']) retrieved from /home/airflow/.local/lib/python3.7/site-packages/airflow/example_dags/example_skip_dag.py
[2024-06-04T23:58:23.376+0000] {logging_mixin.py:137} INFO - [2024-06-04T23:58:23.376+0000] {dag.py:2690} INFO - Sync 1 DAGs
[2024-06-04T23:58:23.394+0000] {logging_mixin.py:137} INFO - [2024-06-04T23:58:23.394+0000] {dag.py:3441} INFO - Setting next_dagrun for example_skip_dag to 2024-06-04T23:44:08.360663+00:00, run_after=2024-06-05T23:44:08.360663+00:00
[2024-06-04T23:58:23.406+0000] {processor.py:175} INFO - Processing /home/airflow/.local/lib/python3.7/site-packages/airflow/example_dags/example_skip_dag.py took 0.062 seconds
[2024-06-04T23:58:53.629+0000] {processor.py:153} INFO - Started process (PID=9555) to work on /home/airflow/.local/lib/python3.7/site-packages/airflow/example_dags/example_skip_dag.py
[2024-06-04T23:58:53.630+0000] {processor.py:743} INFO - Processing file /home/airflow/.local/lib/python3.7/site-packages/airflow/example_dags/example_skip_dag.py for tasks to queue
[2024-06-04T23:58:53.631+0000] {logging_mixin.py:137} INFO - [2024-06-04T23:58:53.631+0000] {dagbag.py:538} INFO - Filling up the DagBag from /home/airflow/.local/lib/python3.7/site-packages/airflow/example_dags/example_skip_dag.py
[2024-06-04T23:58:53.641+0000] {processor.py:753} INFO - DAG(s) dict_keys(['example_skip_dag']) retrieved from /home/airflow/.local/lib/python3.7/site-packages/airflow/example_dags/example_skip_dag.py
[2024-06-04T23:58:53.660+0000] {logging_mixin.py:137} INFO - [2024-06-04T23:58:53.659+0000] {dag.py:2690} INFO - Sync 1 DAGs
[2024-06-04T23:58:53.678+0000] {logging_mixin.py:137} INFO - [2024-06-04T23:58:53.677+0000] {dag.py:3441} INFO - Setting next_dagrun for example_skip_dag to 2024-06-04T23:44:08.360663+00:00, run_after=2024-06-05T23:44:08.360663+00:00
[2024-06-04T23:58:53.690+0000] {processor.py:175} INFO - Processing /home/airflow/.local/lib/python3.7/site-packages/airflow/example_dags/example_skip_dag.py took 0.063 seconds
[2024-06-04T23:59:24.408+0000] {processor.py:153} INFO - Started process (PID=9671) to work on /home/airflow/.local/lib/python3.7/site-packages/airflow/example_dags/example_skip_dag.py
[2024-06-04T23:59:24.410+0000] {processor.py:743} INFO - Processing file /home/airflow/.local/lib/python3.7/site-packages/airflow/example_dags/example_skip_dag.py for tasks to queue
[2024-06-04T23:59:24.410+0000] {logging_mixin.py:137} INFO - [2024-06-04T23:59:24.410+0000] {dagbag.py:538} INFO - Filling up the DagBag from /home/airflow/.local/lib/python3.7/site-packages/airflow/example_dags/example_skip_dag.py
[2024-06-04T23:59:24.420+0000] {processor.py:753} INFO - DAG(s) dict_keys(['example_skip_dag']) retrieved from /home/airflow/.local/lib/python3.7/site-packages/airflow/example_dags/example_skip_dag.py
[2024-06-04T23:59:24.440+0000] {logging_mixin.py:137} INFO - [2024-06-04T23:59:24.440+0000] {dag.py:2690} INFO - Sync 1 DAGs
[2024-06-04T23:59:24.457+0000] {logging_mixin.py:137} INFO - [2024-06-04T23:59:24.457+0000] {dag.py:3441} INFO - Setting next_dagrun for example_skip_dag to 2024-06-04T23:44:08.360663+00:00, run_after=2024-06-05T23:44:08.360663+00:00
[2024-06-04T23:59:24.469+0000] {processor.py:175} INFO - Processing /home/airflow/.local/lib/python3.7/site-packages/airflow/example_dags/example_skip_dag.py took 0.063 seconds
[2024-06-04T23:59:55.162+0000] {processor.py:153} INFO - Started process (PID=9758) to work on /home/airflow/.local/lib/python3.7/site-packages/airflow/example_dags/example_skip_dag.py
[2024-06-04T23:59:55.163+0000] {processor.py:743} INFO - Processing file /home/airflow/.local/lib/python3.7/site-packages/airflow/example_dags/example_skip_dag.py for tasks to queue
[2024-06-04T23:59:55.163+0000] {logging_mixin.py:137} INFO - [2024-06-04T23:59:55.163+0000] {dagbag.py:538} INFO - Filling up the DagBag from /home/airflow/.local/lib/python3.7/site-packages/airflow/example_dags/example_skip_dag.py
[2024-06-04T23:59:55.173+0000] {processor.py:753} INFO - DAG(s) dict_keys(['example_skip_dag']) retrieved from /home/airflow/.local/lib/python3.7/site-packages/airflow/example_dags/example_skip_dag.py
[2024-06-04T23:59:55.192+0000] {logging_mixin.py:137} INFO - [2024-06-04T23:59:55.192+0000] {dag.py:2690} INFO - Sync 1 DAGs
[2024-06-04T23:59:55.209+0000] {logging_mixin.py:137} INFO - [2024-06-04T23:59:55.209+0000] {dag.py:3441} INFO - Setting next_dagrun for example_skip_dag to 2024-06-04T23:44:08.360663+00:00, run_after=2024-06-05T23:44:08.360663+00:00
[2024-06-04T23:59:55.221+0000] {processor.py:175} INFO - Processing /home/airflow/.local/lib/python3.7/site-packages/airflow/example_dags/example_skip_dag.py took 0.061 seconds
