[2024-06-04T23:37:26.336+0000] {processor.py:153} INFO - Started process (PID=57) to work on /home/airflow/.local/lib/python3.7/site-packages/airflow/example_dags/example_nested_branch_dag.py
[2024-06-04T23:37:26.337+0000] {processor.py:743} INFO - Processing file /home/airflow/.local/lib/python3.7/site-packages/airflow/example_dags/example_nested_branch_dag.py for tasks to queue
[2024-06-04T23:37:26.337+0000] {logging_mixin.py:137} INFO - [2024-06-04T23:37:26.337+0000] {dagbag.py:538} INFO - Filling up the DagBag from /home/airflow/.local/lib/python3.7/site-packages/airflow/example_dags/example_nested_branch_dag.py
[2024-06-04T23:37:26.357+0000] {processor.py:753} INFO - DAG(s) dict_keys(['example_nested_branch_dag']) retrieved from /home/airflow/.local/lib/python3.7/site-packages/airflow/example_dags/example_nested_branch_dag.py
[2024-06-04T23:37:26.438+0000] {logging_mixin.py:137} INFO - [2024-06-04T23:37:26.438+0000] {manager.py:504} INFO - Created Permission View: can edit on DAG:example_nested_branch_dag
[2024-06-04T23:37:26.444+0000] {logging_mixin.py:137} INFO - [2024-06-04T23:37:26.444+0000] {manager.py:504} INFO - Created Permission View: can read on DAG:example_nested_branch_dag
[2024-06-04T23:37:26.449+0000] {logging_mixin.py:137} INFO - [2024-06-04T23:37:26.449+0000] {manager.py:504} INFO - Created Permission View: can delete on DAG:example_nested_branch_dag
[2024-06-04T23:37:26.450+0000] {logging_mixin.py:137} INFO - [2024-06-04T23:37:26.449+0000] {dag.py:2690} INFO - Sync 1 DAGs
[2024-06-04T23:37:26.460+0000] {logging_mixin.py:137} INFO - [2024-06-04T23:37:26.460+0000] {dag.py:2711} INFO - Creating ORM DAG for example_nested_branch_dag
[2024-06-04T23:37:26.469+0000] {logging_mixin.py:137} INFO - [2024-06-04T23:37:26.469+0000] {dag.py:3441} INFO - Setting next_dagrun for example_nested_branch_dag to 2024-06-03T00:00:00+00:00, run_after=2024-06-04T00:00:00+00:00
[2024-06-04T23:37:26.483+0000] {processor.py:175} INFO - Processing /home/airflow/.local/lib/python3.7/site-packages/airflow/example_dags/example_nested_branch_dag.py took 0.149 seconds
[2024-06-04T23:37:57.308+0000] {processor.py:153} INFO - Started process (PID=168) to work on /home/airflow/.local/lib/python3.7/site-packages/airflow/example_dags/example_nested_branch_dag.py
[2024-06-04T23:37:57.309+0000] {processor.py:743} INFO - Processing file /home/airflow/.local/lib/python3.7/site-packages/airflow/example_dags/example_nested_branch_dag.py for tasks to queue
[2024-06-04T23:37:57.309+0000] {logging_mixin.py:137} INFO - [2024-06-04T23:37:57.309+0000] {dagbag.py:538} INFO - Filling up the DagBag from /home/airflow/.local/lib/python3.7/site-packages/airflow/example_dags/example_nested_branch_dag.py
[2024-06-04T23:37:57.328+0000] {processor.py:753} INFO - DAG(s) dict_keys(['example_nested_branch_dag']) retrieved from /home/airflow/.local/lib/python3.7/site-packages/airflow/example_dags/example_nested_branch_dag.py
[2024-06-04T23:37:57.346+0000] {logging_mixin.py:137} INFO - [2024-06-04T23:37:57.346+0000] {dag.py:2690} INFO - Sync 1 DAGs
[2024-06-04T23:37:57.364+0000] {logging_mixin.py:137} INFO - [2024-06-04T23:37:57.364+0000] {dag.py:3441} INFO - Setting next_dagrun for example_nested_branch_dag to 2024-06-03T00:00:00+00:00, run_after=2024-06-04T00:00:00+00:00
[2024-06-04T23:37:57.376+0000] {processor.py:175} INFO - Processing /home/airflow/.local/lib/python3.7/site-packages/airflow/example_dags/example_nested_branch_dag.py took 0.069 seconds
[2024-06-04T23:38:28.145+0000] {processor.py:153} INFO - Started process (PID=264) to work on /home/airflow/.local/lib/python3.7/site-packages/airflow/example_dags/example_nested_branch_dag.py
[2024-06-04T23:38:28.145+0000] {processor.py:743} INFO - Processing file /home/airflow/.local/lib/python3.7/site-packages/airflow/example_dags/example_nested_branch_dag.py for tasks to queue
[2024-06-04T23:38:28.146+0000] {logging_mixin.py:137} INFO - [2024-06-04T23:38:28.146+0000] {dagbag.py:538} INFO - Filling up the DagBag from /home/airflow/.local/lib/python3.7/site-packages/airflow/example_dags/example_nested_branch_dag.py
[2024-06-04T23:38:28.164+0000] {processor.py:753} INFO - DAG(s) dict_keys(['example_nested_branch_dag']) retrieved from /home/airflow/.local/lib/python3.7/site-packages/airflow/example_dags/example_nested_branch_dag.py
[2024-06-04T23:38:28.182+0000] {logging_mixin.py:137} INFO - [2024-06-04T23:38:28.182+0000] {dag.py:2690} INFO - Sync 1 DAGs
[2024-06-04T23:38:28.202+0000] {logging_mixin.py:137} INFO - [2024-06-04T23:38:28.202+0000] {dag.py:3441} INFO - Setting next_dagrun for example_nested_branch_dag to 2024-06-03T00:00:00+00:00, run_after=2024-06-04T00:00:00+00:00
[2024-06-04T23:38:28.215+0000] {processor.py:175} INFO - Processing /home/airflow/.local/lib/python3.7/site-packages/airflow/example_dags/example_nested_branch_dag.py took 0.073 seconds
[2024-06-04T23:38:59.035+0000] {processor.py:153} INFO - Started process (PID=366) to work on /home/airflow/.local/lib/python3.7/site-packages/airflow/example_dags/example_nested_branch_dag.py
[2024-06-04T23:38:59.035+0000] {processor.py:743} INFO - Processing file /home/airflow/.local/lib/python3.7/site-packages/airflow/example_dags/example_nested_branch_dag.py for tasks to queue
[2024-06-04T23:38:59.035+0000] {logging_mixin.py:137} INFO - [2024-06-04T23:38:59.035+0000] {dagbag.py:538} INFO - Filling up the DagBag from /home/airflow/.local/lib/python3.7/site-packages/airflow/example_dags/example_nested_branch_dag.py
[2024-06-04T23:38:59.054+0000] {processor.py:753} INFO - DAG(s) dict_keys(['example_nested_branch_dag']) retrieved from /home/airflow/.local/lib/python3.7/site-packages/airflow/example_dags/example_nested_branch_dag.py
[2024-06-04T23:38:59.074+0000] {logging_mixin.py:137} INFO - [2024-06-04T23:38:59.074+0000] {dag.py:2690} INFO - Sync 1 DAGs
[2024-06-04T23:38:59.094+0000] {logging_mixin.py:137} INFO - [2024-06-04T23:38:59.094+0000] {dag.py:3441} INFO - Setting next_dagrun for example_nested_branch_dag to 2024-06-03T00:00:00+00:00, run_after=2024-06-04T00:00:00+00:00
[2024-06-04T23:38:59.109+0000] {processor.py:175} INFO - Processing /home/airflow/.local/lib/python3.7/site-packages/airflow/example_dags/example_nested_branch_dag.py took 0.076 seconds
[2024-06-04T23:39:29.750+0000] {processor.py:153} INFO - Started process (PID=477) to work on /home/airflow/.local/lib/python3.7/site-packages/airflow/example_dags/example_nested_branch_dag.py
[2024-06-04T23:39:29.751+0000] {processor.py:743} INFO - Processing file /home/airflow/.local/lib/python3.7/site-packages/airflow/example_dags/example_nested_branch_dag.py for tasks to queue
[2024-06-04T23:39:29.751+0000] {logging_mixin.py:137} INFO - [2024-06-04T23:39:29.751+0000] {dagbag.py:538} INFO - Filling up the DagBag from /home/airflow/.local/lib/python3.7/site-packages/airflow/example_dags/example_nested_branch_dag.py
[2024-06-04T23:39:29.769+0000] {processor.py:753} INFO - DAG(s) dict_keys(['example_nested_branch_dag']) retrieved from /home/airflow/.local/lib/python3.7/site-packages/airflow/example_dags/example_nested_branch_dag.py
[2024-06-04T23:39:29.787+0000] {logging_mixin.py:137} INFO - [2024-06-04T23:39:29.786+0000] {dag.py:2690} INFO - Sync 1 DAGs
[2024-06-04T23:39:29.804+0000] {logging_mixin.py:137} INFO - [2024-06-04T23:39:29.804+0000] {dag.py:3441} INFO - Setting next_dagrun for example_nested_branch_dag to 2024-06-03T00:00:00+00:00, run_after=2024-06-04T00:00:00+00:00
[2024-06-04T23:39:29.816+0000] {processor.py:175} INFO - Processing /home/airflow/.local/lib/python3.7/site-packages/airflow/example_dags/example_nested_branch_dag.py took 0.068 seconds
[2024-06-04T23:40:00.480+0000] {processor.py:153} INFO - Started process (PID=564) to work on /home/airflow/.local/lib/python3.7/site-packages/airflow/example_dags/example_nested_branch_dag.py
[2024-06-04T23:40:00.481+0000] {processor.py:743} INFO - Processing file /home/airflow/.local/lib/python3.7/site-packages/airflow/example_dags/example_nested_branch_dag.py for tasks to queue
[2024-06-04T23:40:00.481+0000] {logging_mixin.py:137} INFO - [2024-06-04T23:40:00.481+0000] {dagbag.py:538} INFO - Filling up the DagBag from /home/airflow/.local/lib/python3.7/site-packages/airflow/example_dags/example_nested_branch_dag.py
[2024-06-04T23:40:00.500+0000] {processor.py:753} INFO - DAG(s) dict_keys(['example_nested_branch_dag']) retrieved from /home/airflow/.local/lib/python3.7/site-packages/airflow/example_dags/example_nested_branch_dag.py
[2024-06-04T23:40:00.518+0000] {logging_mixin.py:137} INFO - [2024-06-04T23:40:00.518+0000] {dag.py:2690} INFO - Sync 1 DAGs
[2024-06-04T23:40:00.537+0000] {logging_mixin.py:137} INFO - [2024-06-04T23:40:00.537+0000] {dag.py:3441} INFO - Setting next_dagrun for example_nested_branch_dag to 2024-06-03T00:00:00+00:00, run_after=2024-06-04T00:00:00+00:00
[2024-06-04T23:40:00.549+0000] {processor.py:175} INFO - Processing /home/airflow/.local/lib/python3.7/site-packages/airflow/example_dags/example_nested_branch_dag.py took 0.071 seconds
[2024-06-04T23:40:31.172+0000] {processor.py:153} INFO - Started process (PID=675) to work on /home/airflow/.local/lib/python3.7/site-packages/airflow/example_dags/example_nested_branch_dag.py
[2024-06-04T23:40:31.173+0000] {processor.py:743} INFO - Processing file /home/airflow/.local/lib/python3.7/site-packages/airflow/example_dags/example_nested_branch_dag.py for tasks to queue
[2024-06-04T23:40:31.173+0000] {logging_mixin.py:137} INFO - [2024-06-04T23:40:31.173+0000] {dagbag.py:538} INFO - Filling up the DagBag from /home/airflow/.local/lib/python3.7/site-packages/airflow/example_dags/example_nested_branch_dag.py
[2024-06-04T23:40:31.190+0000] {processor.py:753} INFO - DAG(s) dict_keys(['example_nested_branch_dag']) retrieved from /home/airflow/.local/lib/python3.7/site-packages/airflow/example_dags/example_nested_branch_dag.py
[2024-06-04T23:40:31.208+0000] {logging_mixin.py:137} INFO - [2024-06-04T23:40:31.208+0000] {dag.py:2690} INFO - Sync 1 DAGs
[2024-06-04T23:40:31.226+0000] {logging_mixin.py:137} INFO - [2024-06-04T23:40:31.225+0000] {dag.py:3441} INFO - Setting next_dagrun for example_nested_branch_dag to 2024-06-03T00:00:00+00:00, run_after=2024-06-04T00:00:00+00:00
[2024-06-04T23:40:31.237+0000] {processor.py:175} INFO - Processing /home/airflow/.local/lib/python3.7/site-packages/airflow/example_dags/example_nested_branch_dag.py took 0.067 seconds
[2024-06-04T23:41:01.904+0000] {processor.py:153} INFO - Started process (PID=786) to work on /home/airflow/.local/lib/python3.7/site-packages/airflow/example_dags/example_nested_branch_dag.py
[2024-06-04T23:41:01.905+0000] {processor.py:743} INFO - Processing file /home/airflow/.local/lib/python3.7/site-packages/airflow/example_dags/example_nested_branch_dag.py for tasks to queue
[2024-06-04T23:41:01.905+0000] {logging_mixin.py:137} INFO - [2024-06-04T23:41:01.905+0000] {dagbag.py:538} INFO - Filling up the DagBag from /home/airflow/.local/lib/python3.7/site-packages/airflow/example_dags/example_nested_branch_dag.py
[2024-06-04T23:41:01.924+0000] {processor.py:753} INFO - DAG(s) dict_keys(['example_nested_branch_dag']) retrieved from /home/airflow/.local/lib/python3.7/site-packages/airflow/example_dags/example_nested_branch_dag.py
[2024-06-04T23:41:01.943+0000] {logging_mixin.py:137} INFO - [2024-06-04T23:41:01.942+0000] {dag.py:2690} INFO - Sync 1 DAGs
[2024-06-04T23:41:01.961+0000] {logging_mixin.py:137} INFO - [2024-06-04T23:41:01.961+0000] {dag.py:3441} INFO - Setting next_dagrun for example_nested_branch_dag to 2024-06-03T00:00:00+00:00, run_after=2024-06-04T00:00:00+00:00
[2024-06-04T23:41:01.974+0000] {processor.py:175} INFO - Processing /home/airflow/.local/lib/python3.7/site-packages/airflow/example_dags/example_nested_branch_dag.py took 0.071 seconds
[2024-06-04T23:41:32.602+0000] {processor.py:153} INFO - Started process (PID=873) to work on /home/airflow/.local/lib/python3.7/site-packages/airflow/example_dags/example_nested_branch_dag.py
[2024-06-04T23:41:32.602+0000] {processor.py:743} INFO - Processing file /home/airflow/.local/lib/python3.7/site-packages/airflow/example_dags/example_nested_branch_dag.py for tasks to queue
[2024-06-04T23:41:32.603+0000] {logging_mixin.py:137} INFO - [2024-06-04T23:41:32.602+0000] {dagbag.py:538} INFO - Filling up the DagBag from /home/airflow/.local/lib/python3.7/site-packages/airflow/example_dags/example_nested_branch_dag.py
[2024-06-04T23:41:32.620+0000] {processor.py:753} INFO - DAG(s) dict_keys(['example_nested_branch_dag']) retrieved from /home/airflow/.local/lib/python3.7/site-packages/airflow/example_dags/example_nested_branch_dag.py
[2024-06-04T23:41:32.638+0000] {logging_mixin.py:137} INFO - [2024-06-04T23:41:32.638+0000] {dag.py:2690} INFO - Sync 1 DAGs
[2024-06-04T23:41:32.655+0000] {logging_mixin.py:137} INFO - [2024-06-04T23:41:32.655+0000] {dag.py:3441} INFO - Setting next_dagrun for example_nested_branch_dag to 2024-06-03T00:00:00+00:00, run_after=2024-06-04T00:00:00+00:00
[2024-06-04T23:41:32.668+0000] {processor.py:175} INFO - Processing /home/airflow/.local/lib/python3.7/site-packages/airflow/example_dags/example_nested_branch_dag.py took 0.068 seconds
[2024-06-04T23:42:03.259+0000] {processor.py:153} INFO - Started process (PID=984) to work on /home/airflow/.local/lib/python3.7/site-packages/airflow/example_dags/example_nested_branch_dag.py
[2024-06-04T23:42:03.260+0000] {processor.py:743} INFO - Processing file /home/airflow/.local/lib/python3.7/site-packages/airflow/example_dags/example_nested_branch_dag.py for tasks to queue
[2024-06-04T23:42:03.260+0000] {logging_mixin.py:137} INFO - [2024-06-04T23:42:03.260+0000] {dagbag.py:538} INFO - Filling up the DagBag from /home/airflow/.local/lib/python3.7/site-packages/airflow/example_dags/example_nested_branch_dag.py
[2024-06-04T23:42:03.278+0000] {processor.py:753} INFO - DAG(s) dict_keys(['example_nested_branch_dag']) retrieved from /home/airflow/.local/lib/python3.7/site-packages/airflow/example_dags/example_nested_branch_dag.py
[2024-06-04T23:42:03.296+0000] {logging_mixin.py:137} INFO - [2024-06-04T23:42:03.296+0000] {dag.py:2690} INFO - Sync 1 DAGs
[2024-06-04T23:42:03.314+0000] {logging_mixin.py:137} INFO - [2024-06-04T23:42:03.314+0000] {dag.py:3441} INFO - Setting next_dagrun for example_nested_branch_dag to 2024-06-03T00:00:00+00:00, run_after=2024-06-04T00:00:00+00:00
[2024-06-04T23:42:03.326+0000] {processor.py:175} INFO - Processing /home/airflow/.local/lib/python3.7/site-packages/airflow/example_dags/example_nested_branch_dag.py took 0.069 seconds
[2024-06-04T23:42:33.380+0000] {processor.py:153} INFO - Started process (PID=1071) to work on /home/airflow/.local/lib/python3.7/site-packages/airflow/example_dags/example_nested_branch_dag.py
[2024-06-04T23:42:33.380+0000] {processor.py:743} INFO - Processing file /home/airflow/.local/lib/python3.7/site-packages/airflow/example_dags/example_nested_branch_dag.py for tasks to queue
[2024-06-04T23:42:33.381+0000] {logging_mixin.py:137} INFO - [2024-06-04T23:42:33.381+0000] {dagbag.py:538} INFO - Filling up the DagBag from /home/airflow/.local/lib/python3.7/site-packages/airflow/example_dags/example_nested_branch_dag.py
[2024-06-04T23:42:33.398+0000] {processor.py:753} INFO - DAG(s) dict_keys(['example_nested_branch_dag']) retrieved from /home/airflow/.local/lib/python3.7/site-packages/airflow/example_dags/example_nested_branch_dag.py
[2024-06-04T23:42:33.416+0000] {logging_mixin.py:137} INFO - [2024-06-04T23:42:33.416+0000] {dag.py:2690} INFO - Sync 1 DAGs
[2024-06-04T23:42:33.433+0000] {logging_mixin.py:137} INFO - [2024-06-04T23:42:33.433+0000] {dag.py:3441} INFO - Setting next_dagrun for example_nested_branch_dag to 2024-06-03T00:00:00+00:00, run_after=2024-06-04T00:00:00+00:00
[2024-06-04T23:42:33.445+0000] {processor.py:175} INFO - Processing /home/airflow/.local/lib/python3.7/site-packages/airflow/example_dags/example_nested_branch_dag.py took 0.068 seconds
[2024-06-04T23:43:04.440+0000] {processor.py:153} INFO - Started process (PID=1182) to work on /home/airflow/.local/lib/python3.7/site-packages/airflow/example_dags/example_nested_branch_dag.py
[2024-06-04T23:43:04.440+0000] {processor.py:743} INFO - Processing file /home/airflow/.local/lib/python3.7/site-packages/airflow/example_dags/example_nested_branch_dag.py for tasks to queue
[2024-06-04T23:43:04.441+0000] {logging_mixin.py:137} INFO - [2024-06-04T23:43:04.440+0000] {dagbag.py:538} INFO - Filling up the DagBag from /home/airflow/.local/lib/python3.7/site-packages/airflow/example_dags/example_nested_branch_dag.py
[2024-06-04T23:43:04.458+0000] {processor.py:753} INFO - DAG(s) dict_keys(['example_nested_branch_dag']) retrieved from /home/airflow/.local/lib/python3.7/site-packages/airflow/example_dags/example_nested_branch_dag.py
[2024-06-04T23:43:04.476+0000] {logging_mixin.py:137} INFO - [2024-06-04T23:43:04.475+0000] {dag.py:2690} INFO - Sync 1 DAGs
[2024-06-04T23:43:04.493+0000] {logging_mixin.py:137} INFO - [2024-06-04T23:43:04.493+0000] {dag.py:3441} INFO - Setting next_dagrun for example_nested_branch_dag to 2024-06-03T00:00:00+00:00, run_after=2024-06-04T00:00:00+00:00
[2024-06-04T23:43:04.505+0000] {processor.py:175} INFO - Processing /home/airflow/.local/lib/python3.7/site-packages/airflow/example_dags/example_nested_branch_dag.py took 0.067 seconds
[2024-06-04T23:43:35.248+0000] {processor.py:153} INFO - Started process (PID=1293) to work on /home/airflow/.local/lib/python3.7/site-packages/airflow/example_dags/example_nested_branch_dag.py
[2024-06-04T23:43:35.248+0000] {processor.py:743} INFO - Processing file /home/airflow/.local/lib/python3.7/site-packages/airflow/example_dags/example_nested_branch_dag.py for tasks to queue
[2024-06-04T23:43:35.249+0000] {logging_mixin.py:137} INFO - [2024-06-04T23:43:35.249+0000] {dagbag.py:538} INFO - Filling up the DagBag from /home/airflow/.local/lib/python3.7/site-packages/airflow/example_dags/example_nested_branch_dag.py
[2024-06-04T23:43:35.266+0000] {processor.py:753} INFO - DAG(s) dict_keys(['example_nested_branch_dag']) retrieved from /home/airflow/.local/lib/python3.7/site-packages/airflow/example_dags/example_nested_branch_dag.py
[2024-06-04T23:43:35.284+0000] {logging_mixin.py:137} INFO - [2024-06-04T23:43:35.284+0000] {dag.py:2690} INFO - Sync 1 DAGs
[2024-06-04T23:43:35.303+0000] {logging_mixin.py:137} INFO - [2024-06-04T23:43:35.303+0000] {dag.py:3441} INFO - Setting next_dagrun for example_nested_branch_dag to 2024-06-03T00:00:00+00:00, run_after=2024-06-04T00:00:00+00:00
[2024-06-04T23:43:35.316+0000] {processor.py:175} INFO - Processing /home/airflow/.local/lib/python3.7/site-packages/airflow/example_dags/example_nested_branch_dag.py took 0.071 seconds
[2024-06-04T23:44:06.570+0000] {processor.py:153} INFO - Started process (PID=1486) to work on /home/airflow/.local/lib/python3.7/site-packages/airflow/example_dags/example_nested_branch_dag.py
[2024-06-04T23:44:06.571+0000] {processor.py:743} INFO - Processing file /home/airflow/.local/lib/python3.7/site-packages/airflow/example_dags/example_nested_branch_dag.py for tasks to queue
[2024-06-04T23:44:06.572+0000] {logging_mixin.py:137} INFO - [2024-06-04T23:44:06.572+0000] {dagbag.py:538} INFO - Filling up the DagBag from /home/airflow/.local/lib/python3.7/site-packages/airflow/example_dags/example_nested_branch_dag.py
[2024-06-04T23:44:06.605+0000] {processor.py:753} INFO - DAG(s) dict_keys(['example_nested_branch_dag']) retrieved from /home/airflow/.local/lib/python3.7/site-packages/airflow/example_dags/example_nested_branch_dag.py
[2024-06-04T23:44:06.637+0000] {logging_mixin.py:137} INFO - [2024-06-04T23:44:06.637+0000] {dag.py:2690} INFO - Sync 1 DAGs
[2024-06-04T23:44:06.676+0000] {logging_mixin.py:137} INFO - [2024-06-04T23:44:06.676+0000] {dag.py:3441} INFO - Setting next_dagrun for example_nested_branch_dag to 2024-06-04T00:00:00+00:00, run_after=2024-06-05T00:00:00+00:00
[2024-06-04T23:44:06.699+0000] {processor.py:175} INFO - Processing /home/airflow/.local/lib/python3.7/site-packages/airflow/example_dags/example_nested_branch_dag.py took 0.132 seconds
[2024-06-04T23:44:36.782+0000] {processor.py:153} INFO - Started process (PID=1861) to work on /home/airflow/.local/lib/python3.7/site-packages/airflow/example_dags/example_nested_branch_dag.py
[2024-06-04T23:44:36.783+0000] {processor.py:743} INFO - Processing file /home/airflow/.local/lib/python3.7/site-packages/airflow/example_dags/example_nested_branch_dag.py for tasks to queue
[2024-06-04T23:44:36.783+0000] {logging_mixin.py:137} INFO - [2024-06-04T23:44:36.783+0000] {dagbag.py:538} INFO - Filling up the DagBag from /home/airflow/.local/lib/python3.7/site-packages/airflow/example_dags/example_nested_branch_dag.py
[2024-06-04T23:44:36.818+0000] {processor.py:753} INFO - DAG(s) dict_keys(['example_nested_branch_dag']) retrieved from /home/airflow/.local/lib/python3.7/site-packages/airflow/example_dags/example_nested_branch_dag.py
[2024-06-04T23:44:36.855+0000] {logging_mixin.py:137} INFO - [2024-06-04T23:44:36.854+0000] {dag.py:2690} INFO - Sync 1 DAGs
[2024-06-04T23:44:36.898+0000] {logging_mixin.py:137} INFO - [2024-06-04T23:44:36.897+0000] {dag.py:3441} INFO - Setting next_dagrun for example_nested_branch_dag to 2024-06-04T00:00:00+00:00, run_after=2024-06-05T00:00:00+00:00
[2024-06-04T23:44:36.927+0000] {processor.py:175} INFO - Processing /home/airflow/.local/lib/python3.7/site-packages/airflow/example_dags/example_nested_branch_dag.py took 0.149 seconds
[2024-06-04T23:45:07.063+0000] {processor.py:153} INFO - Started process (PID=2179) to work on /home/airflow/.local/lib/python3.7/site-packages/airflow/example_dags/example_nested_branch_dag.py
[2024-06-04T23:45:07.064+0000] {processor.py:743} INFO - Processing file /home/airflow/.local/lib/python3.7/site-packages/airflow/example_dags/example_nested_branch_dag.py for tasks to queue
[2024-06-04T23:45:07.064+0000] {logging_mixin.py:137} INFO - [2024-06-04T23:45:07.064+0000] {dagbag.py:538} INFO - Filling up the DagBag from /home/airflow/.local/lib/python3.7/site-packages/airflow/example_dags/example_nested_branch_dag.py
[2024-06-04T23:45:07.098+0000] {processor.py:753} INFO - DAG(s) dict_keys(['example_nested_branch_dag']) retrieved from /home/airflow/.local/lib/python3.7/site-packages/airflow/example_dags/example_nested_branch_dag.py
[2024-06-04T23:45:07.127+0000] {logging_mixin.py:137} INFO - [2024-06-04T23:45:07.126+0000] {dag.py:2690} INFO - Sync 1 DAGs
[2024-06-04T23:45:07.162+0000] {logging_mixin.py:137} INFO - [2024-06-04T23:45:07.162+0000] {dag.py:3441} INFO - Setting next_dagrun for example_nested_branch_dag to 2024-06-04T00:00:00+00:00, run_after=2024-06-05T00:00:00+00:00
[2024-06-04T23:45:07.186+0000] {processor.py:175} INFO - Processing /home/airflow/.local/lib/python3.7/site-packages/airflow/example_dags/example_nested_branch_dag.py took 0.128 seconds
[2024-06-04T23:45:37.739+0000] {processor.py:153} INFO - Started process (PID=2545) to work on /home/airflow/.local/lib/python3.7/site-packages/airflow/example_dags/example_nested_branch_dag.py
[2024-06-04T23:45:37.740+0000] {processor.py:743} INFO - Processing file /home/airflow/.local/lib/python3.7/site-packages/airflow/example_dags/example_nested_branch_dag.py for tasks to queue
[2024-06-04T23:45:37.740+0000] {logging_mixin.py:137} INFO - [2024-06-04T23:45:37.740+0000] {dagbag.py:538} INFO - Filling up the DagBag from /home/airflow/.local/lib/python3.7/site-packages/airflow/example_dags/example_nested_branch_dag.py
[2024-06-04T23:45:37.762+0000] {processor.py:753} INFO - DAG(s) dict_keys(['example_nested_branch_dag']) retrieved from /home/airflow/.local/lib/python3.7/site-packages/airflow/example_dags/example_nested_branch_dag.py
[2024-06-04T23:45:37.785+0000] {logging_mixin.py:137} INFO - [2024-06-04T23:45:37.784+0000] {dag.py:2690} INFO - Sync 1 DAGs
[2024-06-04T23:45:37.817+0000] {logging_mixin.py:137} INFO - [2024-06-04T23:45:37.817+0000] {dag.py:3441} INFO - Setting next_dagrun for example_nested_branch_dag to 2024-06-04T00:00:00+00:00, run_after=2024-06-05T00:00:00+00:00
[2024-06-04T23:45:37.841+0000] {processor.py:175} INFO - Processing /home/airflow/.local/lib/python3.7/site-packages/airflow/example_dags/example_nested_branch_dag.py took 0.104 seconds
[2024-06-04T23:46:08.105+0000] {processor.py:153} INFO - Started process (PID=2873) to work on /home/airflow/.local/lib/python3.7/site-packages/airflow/example_dags/example_nested_branch_dag.py
[2024-06-04T23:46:08.106+0000] {processor.py:743} INFO - Processing file /home/airflow/.local/lib/python3.7/site-packages/airflow/example_dags/example_nested_branch_dag.py for tasks to queue
[2024-06-04T23:46:08.106+0000] {logging_mixin.py:137} INFO - [2024-06-04T23:46:08.106+0000] {dagbag.py:538} INFO - Filling up the DagBag from /home/airflow/.local/lib/python3.7/site-packages/airflow/example_dags/example_nested_branch_dag.py
[2024-06-04T23:46:08.141+0000] {processor.py:753} INFO - DAG(s) dict_keys(['example_nested_branch_dag']) retrieved from /home/airflow/.local/lib/python3.7/site-packages/airflow/example_dags/example_nested_branch_dag.py
[2024-06-04T23:46:08.173+0000] {logging_mixin.py:137} INFO - [2024-06-04T23:46:08.173+0000] {dag.py:2690} INFO - Sync 1 DAGs
[2024-06-04T23:46:08.210+0000] {logging_mixin.py:137} INFO - [2024-06-04T23:46:08.210+0000] {dag.py:3441} INFO - Setting next_dagrun for example_nested_branch_dag to 2024-06-04T00:00:00+00:00, run_after=2024-06-05T00:00:00+00:00
[2024-06-04T23:46:08.234+0000] {processor.py:175} INFO - Processing /home/airflow/.local/lib/python3.7/site-packages/airflow/example_dags/example_nested_branch_dag.py took 0.133 seconds
[2024-06-04T23:46:38.809+0000] {processor.py:153} INFO - Started process (PID=3242) to work on /home/airflow/.local/lib/python3.7/site-packages/airflow/example_dags/example_nested_branch_dag.py
[2024-06-04T23:46:38.810+0000] {processor.py:743} INFO - Processing file /home/airflow/.local/lib/python3.7/site-packages/airflow/example_dags/example_nested_branch_dag.py for tasks to queue
[2024-06-04T23:46:38.811+0000] {logging_mixin.py:137} INFO - [2024-06-04T23:46:38.811+0000] {dagbag.py:538} INFO - Filling up the DagBag from /home/airflow/.local/lib/python3.7/site-packages/airflow/example_dags/example_nested_branch_dag.py
[2024-06-04T23:46:38.842+0000] {processor.py:753} INFO - DAG(s) dict_keys(['example_nested_branch_dag']) retrieved from /home/airflow/.local/lib/python3.7/site-packages/airflow/example_dags/example_nested_branch_dag.py
[2024-06-04T23:46:38.874+0000] {logging_mixin.py:137} INFO - [2024-06-04T23:46:38.873+0000] {dag.py:2690} INFO - Sync 1 DAGs
[2024-06-04T23:46:38.913+0000] {logging_mixin.py:137} INFO - [2024-06-04T23:46:38.912+0000] {dag.py:3441} INFO - Setting next_dagrun for example_nested_branch_dag to 2024-06-04T00:00:00+00:00, run_after=2024-06-05T00:00:00+00:00
[2024-06-04T23:46:38.959+0000] {processor.py:175} INFO - Processing /home/airflow/.local/lib/python3.7/site-packages/airflow/example_dags/example_nested_branch_dag.py took 0.153 seconds
[2024-06-04T23:47:09.131+0000] {processor.py:153} INFO - Started process (PID=3564) to work on /home/airflow/.local/lib/python3.7/site-packages/airflow/example_dags/example_nested_branch_dag.py
[2024-06-04T23:47:09.132+0000] {processor.py:743} INFO - Processing file /home/airflow/.local/lib/python3.7/site-packages/airflow/example_dags/example_nested_branch_dag.py for tasks to queue
[2024-06-04T23:47:09.132+0000] {logging_mixin.py:137} INFO - [2024-06-04T23:47:09.132+0000] {dagbag.py:538} INFO - Filling up the DagBag from /home/airflow/.local/lib/python3.7/site-packages/airflow/example_dags/example_nested_branch_dag.py
[2024-06-04T23:47:09.164+0000] {processor.py:753} INFO - DAG(s) dict_keys(['example_nested_branch_dag']) retrieved from /home/airflow/.local/lib/python3.7/site-packages/airflow/example_dags/example_nested_branch_dag.py
[2024-06-04T23:47:09.191+0000] {logging_mixin.py:137} INFO - [2024-06-04T23:47:09.191+0000] {dag.py:2690} INFO - Sync 1 DAGs
[2024-06-04T23:47:09.222+0000] {logging_mixin.py:137} INFO - [2024-06-04T23:47:09.222+0000] {dag.py:3441} INFO - Setting next_dagrun for example_nested_branch_dag to 2024-06-04T00:00:00+00:00, run_after=2024-06-05T00:00:00+00:00
[2024-06-04T23:47:09.238+0000] {processor.py:175} INFO - Processing /home/airflow/.local/lib/python3.7/site-packages/airflow/example_dags/example_nested_branch_dag.py took 0.111 seconds
[2024-06-04T23:47:39.519+0000] {processor.py:153} INFO - Started process (PID=3914) to work on /home/airflow/.local/lib/python3.7/site-packages/airflow/example_dags/example_nested_branch_dag.py
[2024-06-04T23:47:39.520+0000] {processor.py:743} INFO - Processing file /home/airflow/.local/lib/python3.7/site-packages/airflow/example_dags/example_nested_branch_dag.py for tasks to queue
[2024-06-04T23:47:39.520+0000] {logging_mixin.py:137} INFO - [2024-06-04T23:47:39.520+0000] {dagbag.py:538} INFO - Filling up the DagBag from /home/airflow/.local/lib/python3.7/site-packages/airflow/example_dags/example_nested_branch_dag.py
[2024-06-04T23:47:39.545+0000] {processor.py:753} INFO - DAG(s) dict_keys(['example_nested_branch_dag']) retrieved from /home/airflow/.local/lib/python3.7/site-packages/airflow/example_dags/example_nested_branch_dag.py
[2024-06-04T23:47:39.572+0000] {logging_mixin.py:137} INFO - [2024-06-04T23:47:39.572+0000] {dag.py:2690} INFO - Sync 1 DAGs
[2024-06-04T23:47:39.611+0000] {logging_mixin.py:137} INFO - [2024-06-04T23:47:39.611+0000] {dag.py:3441} INFO - Setting next_dagrun for example_nested_branch_dag to 2024-06-04T00:00:00+00:00, run_after=2024-06-05T00:00:00+00:00
[2024-06-04T23:47:39.637+0000] {processor.py:175} INFO - Processing /home/airflow/.local/lib/python3.7/site-packages/airflow/example_dags/example_nested_branch_dag.py took 0.121 seconds
[2024-06-04T23:48:10.304+0000] {processor.py:153} INFO - Started process (PID=4285) to work on /home/airflow/.local/lib/python3.7/site-packages/airflow/example_dags/example_nested_branch_dag.py
[2024-06-04T23:48:10.305+0000] {processor.py:743} INFO - Processing file /home/airflow/.local/lib/python3.7/site-packages/airflow/example_dags/example_nested_branch_dag.py for tasks to queue
[2024-06-04T23:48:10.306+0000] {logging_mixin.py:137} INFO - [2024-06-04T23:48:10.306+0000] {dagbag.py:538} INFO - Filling up the DagBag from /home/airflow/.local/lib/python3.7/site-packages/airflow/example_dags/example_nested_branch_dag.py
[2024-06-04T23:48:10.339+0000] {processor.py:753} INFO - DAG(s) dict_keys(['example_nested_branch_dag']) retrieved from /home/airflow/.local/lib/python3.7/site-packages/airflow/example_dags/example_nested_branch_dag.py
[2024-06-04T23:48:10.369+0000] {logging_mixin.py:137} INFO - [2024-06-04T23:48:10.368+0000] {dag.py:2690} INFO - Sync 1 DAGs
[2024-06-04T23:48:10.400+0000] {logging_mixin.py:137} INFO - [2024-06-04T23:48:10.400+0000] {dag.py:3441} INFO - Setting next_dagrun for example_nested_branch_dag to 2024-06-04T00:00:00+00:00, run_after=2024-06-05T00:00:00+00:00
[2024-06-04T23:48:10.420+0000] {processor.py:175} INFO - Processing /home/airflow/.local/lib/python3.7/site-packages/airflow/example_dags/example_nested_branch_dag.py took 0.121 seconds
[2024-06-04T23:48:40.480+0000] {processor.py:153} INFO - Started process (PID=4639) to work on /home/airflow/.local/lib/python3.7/site-packages/airflow/example_dags/example_nested_branch_dag.py
[2024-06-04T23:48:40.481+0000] {processor.py:743} INFO - Processing file /home/airflow/.local/lib/python3.7/site-packages/airflow/example_dags/example_nested_branch_dag.py for tasks to queue
[2024-06-04T23:48:40.481+0000] {logging_mixin.py:137} INFO - [2024-06-04T23:48:40.481+0000] {dagbag.py:538} INFO - Filling up the DagBag from /home/airflow/.local/lib/python3.7/site-packages/airflow/example_dags/example_nested_branch_dag.py
[2024-06-04T23:48:40.501+0000] {processor.py:753} INFO - DAG(s) dict_keys(['example_nested_branch_dag']) retrieved from /home/airflow/.local/lib/python3.7/site-packages/airflow/example_dags/example_nested_branch_dag.py
[2024-06-04T23:48:40.523+0000] {logging_mixin.py:137} INFO - [2024-06-04T23:48:40.523+0000] {dag.py:2690} INFO - Sync 1 DAGs
[2024-06-04T23:48:40.549+0000] {logging_mixin.py:137} INFO - [2024-06-04T23:48:40.549+0000] {dag.py:3441} INFO - Setting next_dagrun for example_nested_branch_dag to 2024-06-04T00:00:00+00:00, run_after=2024-06-05T00:00:00+00:00
[2024-06-04T23:48:40.567+0000] {processor.py:175} INFO - Processing /home/airflow/.local/lib/python3.7/site-packages/airflow/example_dags/example_nested_branch_dag.py took 0.090 seconds
[2024-06-04T23:49:11.223+0000] {processor.py:153} INFO - Started process (PID=5044) to work on /home/airflow/.local/lib/python3.7/site-packages/airflow/example_dags/example_nested_branch_dag.py
[2024-06-04T23:49:11.224+0000] {processor.py:743} INFO - Processing file /home/airflow/.local/lib/python3.7/site-packages/airflow/example_dags/example_nested_branch_dag.py for tasks to queue
[2024-06-04T23:49:11.225+0000] {logging_mixin.py:137} INFO - [2024-06-04T23:49:11.225+0000] {dagbag.py:538} INFO - Filling up the DagBag from /home/airflow/.local/lib/python3.7/site-packages/airflow/example_dags/example_nested_branch_dag.py
[2024-06-04T23:49:11.261+0000] {processor.py:753} INFO - DAG(s) dict_keys(['example_nested_branch_dag']) retrieved from /home/airflow/.local/lib/python3.7/site-packages/airflow/example_dags/example_nested_branch_dag.py
[2024-06-04T23:49:11.304+0000] {logging_mixin.py:137} INFO - [2024-06-04T23:49:11.304+0000] {dag.py:2690} INFO - Sync 1 DAGs
[2024-06-04T23:49:11.348+0000] {logging_mixin.py:137} INFO - [2024-06-04T23:49:11.348+0000] {dag.py:3441} INFO - Setting next_dagrun for example_nested_branch_dag to 2024-06-04T00:00:00+00:00, run_after=2024-06-05T00:00:00+00:00
[2024-06-04T23:49:11.375+0000] {processor.py:175} INFO - Processing /home/airflow/.local/lib/python3.7/site-packages/airflow/example_dags/example_nested_branch_dag.py took 0.156 seconds
[2024-06-04T23:49:41.897+0000] {processor.py:153} INFO - Started process (PID=5417) to work on /home/airflow/.local/lib/python3.7/site-packages/airflow/example_dags/example_nested_branch_dag.py
[2024-06-04T23:49:41.898+0000] {processor.py:743} INFO - Processing file /home/airflow/.local/lib/python3.7/site-packages/airflow/example_dags/example_nested_branch_dag.py for tasks to queue
[2024-06-04T23:49:41.898+0000] {logging_mixin.py:137} INFO - [2024-06-04T23:49:41.898+0000] {dagbag.py:538} INFO - Filling up the DagBag from /home/airflow/.local/lib/python3.7/site-packages/airflow/example_dags/example_nested_branch_dag.py
[2024-06-04T23:49:41.918+0000] {processor.py:753} INFO - DAG(s) dict_keys(['example_nested_branch_dag']) retrieved from /home/airflow/.local/lib/python3.7/site-packages/airflow/example_dags/example_nested_branch_dag.py
[2024-06-04T23:49:41.942+0000] {logging_mixin.py:137} INFO - [2024-06-04T23:49:41.942+0000] {dag.py:2690} INFO - Sync 1 DAGs
[2024-06-04T23:49:41.964+0000] {logging_mixin.py:137} INFO - [2024-06-04T23:49:41.964+0000] {dag.py:3441} INFO - Setting next_dagrun for example_nested_branch_dag to 2024-06-04T00:00:00+00:00, run_after=2024-06-05T00:00:00+00:00
[2024-06-04T23:49:41.980+0000] {processor.py:175} INFO - Processing /home/airflow/.local/lib/python3.7/site-packages/airflow/example_dags/example_nested_branch_dag.py took 0.086 seconds
[2024-06-04T23:50:12.493+0000] {processor.py:153} INFO - Started process (PID=5777) to work on /home/airflow/.local/lib/python3.7/site-packages/airflow/example_dags/example_nested_branch_dag.py
[2024-06-04T23:50:12.494+0000] {processor.py:743} INFO - Processing file /home/airflow/.local/lib/python3.7/site-packages/airflow/example_dags/example_nested_branch_dag.py for tasks to queue
[2024-06-04T23:50:12.495+0000] {logging_mixin.py:137} INFO - [2024-06-04T23:50:12.494+0000] {dagbag.py:538} INFO - Filling up the DagBag from /home/airflow/.local/lib/python3.7/site-packages/airflow/example_dags/example_nested_branch_dag.py
[2024-06-04T23:50:12.528+0000] {processor.py:753} INFO - DAG(s) dict_keys(['example_nested_branch_dag']) retrieved from /home/airflow/.local/lib/python3.7/site-packages/airflow/example_dags/example_nested_branch_dag.py
[2024-06-04T23:50:12.567+0000] {logging_mixin.py:137} INFO - [2024-06-04T23:50:12.566+0000] {dag.py:2690} INFO - Sync 1 DAGs
[2024-06-04T23:50:12.614+0000] {logging_mixin.py:137} INFO - [2024-06-04T23:50:12.614+0000] {dag.py:3441} INFO - Setting next_dagrun for example_nested_branch_dag to 2024-06-04T00:00:00+00:00, run_after=2024-06-05T00:00:00+00:00
[2024-06-04T23:50:12.639+0000] {processor.py:175} INFO - Processing /home/airflow/.local/lib/python3.7/site-packages/airflow/example_dags/example_nested_branch_dag.py took 0.151 seconds
[2024-06-04T23:50:43.121+0000] {processor.py:153} INFO - Started process (PID=6157) to work on /home/airflow/.local/lib/python3.7/site-packages/airflow/example_dags/example_nested_branch_dag.py
[2024-06-04T23:50:43.121+0000] {processor.py:743} INFO - Processing file /home/airflow/.local/lib/python3.7/site-packages/airflow/example_dags/example_nested_branch_dag.py for tasks to queue
[2024-06-04T23:50:43.121+0000] {logging_mixin.py:137} INFO - [2024-06-04T23:50:43.121+0000] {dagbag.py:538} INFO - Filling up the DagBag from /home/airflow/.local/lib/python3.7/site-packages/airflow/example_dags/example_nested_branch_dag.py
[2024-06-04T23:50:43.140+0000] {processor.py:753} INFO - DAG(s) dict_keys(['example_nested_branch_dag']) retrieved from /home/airflow/.local/lib/python3.7/site-packages/airflow/example_dags/example_nested_branch_dag.py
[2024-06-04T23:50:43.158+0000] {logging_mixin.py:137} INFO - [2024-06-04T23:50:43.158+0000] {dag.py:2690} INFO - Sync 1 DAGs
[2024-06-04T23:50:43.178+0000] {logging_mixin.py:137} INFO - [2024-06-04T23:50:43.177+0000] {dag.py:3441} INFO - Setting next_dagrun for example_nested_branch_dag to 2024-06-04T00:00:00+00:00, run_after=2024-06-05T00:00:00+00:00
[2024-06-04T23:50:43.190+0000] {processor.py:175} INFO - Processing /home/airflow/.local/lib/python3.7/site-packages/airflow/example_dags/example_nested_branch_dag.py took 0.072 seconds
[2024-06-04T23:51:13.373+0000] {processor.py:153} INFO - Started process (PID=6504) to work on /home/airflow/.local/lib/python3.7/site-packages/airflow/example_dags/example_nested_branch_dag.py
[2024-06-04T23:51:13.374+0000] {processor.py:743} INFO - Processing file /home/airflow/.local/lib/python3.7/site-packages/airflow/example_dags/example_nested_branch_dag.py for tasks to queue
[2024-06-04T23:51:13.374+0000] {logging_mixin.py:137} INFO - [2024-06-04T23:51:13.374+0000] {dagbag.py:538} INFO - Filling up the DagBag from /home/airflow/.local/lib/python3.7/site-packages/airflow/example_dags/example_nested_branch_dag.py
[2024-06-04T23:51:13.401+0000] {processor.py:753} INFO - DAG(s) dict_keys(['example_nested_branch_dag']) retrieved from /home/airflow/.local/lib/python3.7/site-packages/airflow/example_dags/example_nested_branch_dag.py
[2024-06-04T23:51:13.423+0000] {logging_mixin.py:137} INFO - [2024-06-04T23:51:13.422+0000] {dag.py:2690} INFO - Sync 1 DAGs
[2024-06-04T23:51:13.443+0000] {logging_mixin.py:137} INFO - [2024-06-04T23:51:13.443+0000] {dag.py:3441} INFO - Setting next_dagrun for example_nested_branch_dag to 2024-06-04T00:00:00+00:00, run_after=2024-06-05T00:00:00+00:00
[2024-06-04T23:51:13.458+0000] {processor.py:175} INFO - Processing /home/airflow/.local/lib/python3.7/site-packages/airflow/example_dags/example_nested_branch_dag.py took 0.089 seconds
[2024-06-04T23:51:43.512+0000] {processor.py:153} INFO - Started process (PID=6849) to work on /home/airflow/.local/lib/python3.7/site-packages/airflow/example_dags/example_nested_branch_dag.py
[2024-06-04T23:51:43.512+0000] {processor.py:743} INFO - Processing file /home/airflow/.local/lib/python3.7/site-packages/airflow/example_dags/example_nested_branch_dag.py for tasks to queue
[2024-06-04T23:51:43.513+0000] {logging_mixin.py:137} INFO - [2024-06-04T23:51:43.513+0000] {dagbag.py:538} INFO - Filling up the DagBag from /home/airflow/.local/lib/python3.7/site-packages/airflow/example_dags/example_nested_branch_dag.py
[2024-06-04T23:51:43.530+0000] {processor.py:753} INFO - DAG(s) dict_keys(['example_nested_branch_dag']) retrieved from /home/airflow/.local/lib/python3.7/site-packages/airflow/example_dags/example_nested_branch_dag.py
[2024-06-04T23:51:43.548+0000] {logging_mixin.py:137} INFO - [2024-06-04T23:51:43.548+0000] {dag.py:2690} INFO - Sync 1 DAGs
[2024-06-04T23:51:43.567+0000] {logging_mixin.py:137} INFO - [2024-06-04T23:51:43.566+0000] {dag.py:3441} INFO - Setting next_dagrun for example_nested_branch_dag to 2024-06-04T00:00:00+00:00, run_after=2024-06-05T00:00:00+00:00
[2024-06-04T23:51:43.578+0000] {processor.py:175} INFO - Processing /home/airflow/.local/lib/python3.7/site-packages/airflow/example_dags/example_nested_branch_dag.py took 0.068 seconds
[2024-06-04T23:52:13.864+0000] {processor.py:153} INFO - Started process (PID=7181) to work on /home/airflow/.local/lib/python3.7/site-packages/airflow/example_dags/example_nested_branch_dag.py
[2024-06-04T23:52:13.866+0000] {processor.py:743} INFO - Processing file /home/airflow/.local/lib/python3.7/site-packages/airflow/example_dags/example_nested_branch_dag.py for tasks to queue
[2024-06-04T23:52:13.866+0000] {logging_mixin.py:137} INFO - [2024-06-04T23:52:13.866+0000] {dagbag.py:538} INFO - Filling up the DagBag from /home/airflow/.local/lib/python3.7/site-packages/airflow/example_dags/example_nested_branch_dag.py
[2024-06-04T23:52:13.900+0000] {processor.py:753} INFO - DAG(s) dict_keys(['example_nested_branch_dag']) retrieved from /home/airflow/.local/lib/python3.7/site-packages/airflow/example_dags/example_nested_branch_dag.py
[2024-06-04T23:52:13.934+0000] {logging_mixin.py:137} INFO - [2024-06-04T23:52:13.934+0000] {dag.py:2690} INFO - Sync 1 DAGs
[2024-06-04T23:52:13.969+0000] {logging_mixin.py:137} INFO - [2024-06-04T23:52:13.969+0000] {dag.py:3441} INFO - Setting next_dagrun for example_nested_branch_dag to 2024-06-04T00:00:00+00:00, run_after=2024-06-05T00:00:00+00:00
[2024-06-04T23:52:13.994+0000] {processor.py:175} INFO - Processing /home/airflow/.local/lib/python3.7/site-packages/airflow/example_dags/example_nested_branch_dag.py took 0.134 seconds
[2024-06-04T23:52:44.055+0000] {processor.py:153} INFO - Started process (PID=7523) to work on /home/airflow/.local/lib/python3.7/site-packages/airflow/example_dags/example_nested_branch_dag.py
[2024-06-04T23:52:44.055+0000] {processor.py:743} INFO - Processing file /home/airflow/.local/lib/python3.7/site-packages/airflow/example_dags/example_nested_branch_dag.py for tasks to queue
[2024-06-04T23:52:44.056+0000] {logging_mixin.py:137} INFO - [2024-06-04T23:52:44.056+0000] {dagbag.py:538} INFO - Filling up the DagBag from /home/airflow/.local/lib/python3.7/site-packages/airflow/example_dags/example_nested_branch_dag.py
[2024-06-04T23:52:44.073+0000] {processor.py:753} INFO - DAG(s) dict_keys(['example_nested_branch_dag']) retrieved from /home/airflow/.local/lib/python3.7/site-packages/airflow/example_dags/example_nested_branch_dag.py
[2024-06-04T23:52:44.091+0000] {logging_mixin.py:137} INFO - [2024-06-04T23:52:44.091+0000] {dag.py:2690} INFO - Sync 1 DAGs
[2024-06-04T23:52:44.113+0000] {logging_mixin.py:137} INFO - [2024-06-04T23:52:44.113+0000] {dag.py:3441} INFO - Setting next_dagrun for example_nested_branch_dag to 2024-06-04T00:00:00+00:00, run_after=2024-06-05T00:00:00+00:00
[2024-06-04T23:52:44.131+0000] {processor.py:175} INFO - Processing /home/airflow/.local/lib/python3.7/site-packages/airflow/example_dags/example_nested_branch_dag.py took 0.079 seconds
[2024-06-04T23:53:14.721+0000] {processor.py:153} INFO - Started process (PID=7889) to work on /home/airflow/.local/lib/python3.7/site-packages/airflow/example_dags/example_nested_branch_dag.py
[2024-06-04T23:53:14.722+0000] {processor.py:743} INFO - Processing file /home/airflow/.local/lib/python3.7/site-packages/airflow/example_dags/example_nested_branch_dag.py for tasks to queue
[2024-06-04T23:53:14.723+0000] {logging_mixin.py:137} INFO - [2024-06-04T23:53:14.723+0000] {dagbag.py:538} INFO - Filling up the DagBag from /home/airflow/.local/lib/python3.7/site-packages/airflow/example_dags/example_nested_branch_dag.py
[2024-06-04T23:53:14.757+0000] {processor.py:753} INFO - DAG(s) dict_keys(['example_nested_branch_dag']) retrieved from /home/airflow/.local/lib/python3.7/site-packages/airflow/example_dags/example_nested_branch_dag.py
[2024-06-04T23:53:14.796+0000] {logging_mixin.py:137} INFO - [2024-06-04T23:53:14.795+0000] {dag.py:2690} INFO - Sync 1 DAGs
[2024-06-04T23:53:14.836+0000] {logging_mixin.py:137} INFO - [2024-06-04T23:53:14.835+0000] {dag.py:3441} INFO - Setting next_dagrun for example_nested_branch_dag to 2024-06-04T00:00:00+00:00, run_after=2024-06-05T00:00:00+00:00
[2024-06-04T23:53:14.862+0000] {processor.py:175} INFO - Processing /home/airflow/.local/lib/python3.7/site-packages/airflow/example_dags/example_nested_branch_dag.py took 0.145 seconds
[2024-06-04T23:53:45.033+0000] {processor.py:153} INFO - Started process (PID=8216) to work on /home/airflow/.local/lib/python3.7/site-packages/airflow/example_dags/example_nested_branch_dag.py
[2024-06-04T23:53:45.034+0000] {processor.py:743} INFO - Processing file /home/airflow/.local/lib/python3.7/site-packages/airflow/example_dags/example_nested_branch_dag.py for tasks to queue
[2024-06-04T23:53:45.034+0000] {logging_mixin.py:137} INFO - [2024-06-04T23:53:45.034+0000] {dagbag.py:538} INFO - Filling up the DagBag from /home/airflow/.local/lib/python3.7/site-packages/airflow/example_dags/example_nested_branch_dag.py
[2024-06-04T23:53:45.053+0000] {processor.py:753} INFO - DAG(s) dict_keys(['example_nested_branch_dag']) retrieved from /home/airflow/.local/lib/python3.7/site-packages/airflow/example_dags/example_nested_branch_dag.py
[2024-06-04T23:53:45.075+0000] {logging_mixin.py:137} INFO - [2024-06-04T23:53:45.075+0000] {dag.py:2690} INFO - Sync 1 DAGs
[2024-06-04T23:53:45.097+0000] {logging_mixin.py:137} INFO - [2024-06-04T23:53:45.097+0000] {dag.py:3441} INFO - Setting next_dagrun for example_nested_branch_dag to 2024-06-04T00:00:00+00:00, run_after=2024-06-05T00:00:00+00:00
[2024-06-04T23:53:45.110+0000] {processor.py:175} INFO - Processing /home/airflow/.local/lib/python3.7/site-packages/airflow/example_dags/example_nested_branch_dag.py took 0.080 seconds
[2024-06-04T23:54:15.623+0000] {processor.py:153} INFO - Started process (PID=8527) to work on /home/airflow/.local/lib/python3.7/site-packages/airflow/example_dags/example_nested_branch_dag.py
[2024-06-04T23:54:15.624+0000] {processor.py:743} INFO - Processing file /home/airflow/.local/lib/python3.7/site-packages/airflow/example_dags/example_nested_branch_dag.py for tasks to queue
[2024-06-04T23:54:15.624+0000] {logging_mixin.py:137} INFO - [2024-06-04T23:54:15.624+0000] {dagbag.py:538} INFO - Filling up the DagBag from /home/airflow/.local/lib/python3.7/site-packages/airflow/example_dags/example_nested_branch_dag.py
[2024-06-04T23:54:15.646+0000] {processor.py:753} INFO - DAG(s) dict_keys(['example_nested_branch_dag']) retrieved from /home/airflow/.local/lib/python3.7/site-packages/airflow/example_dags/example_nested_branch_dag.py
[2024-06-04T23:54:15.668+0000] {logging_mixin.py:137} INFO - [2024-06-04T23:54:15.668+0000] {dag.py:2690} INFO - Sync 1 DAGs
[2024-06-04T23:54:15.691+0000] {logging_mixin.py:137} INFO - [2024-06-04T23:54:15.691+0000] {dag.py:3441} INFO - Setting next_dagrun for example_nested_branch_dag to 2024-06-04T00:00:00+00:00, run_after=2024-06-05T00:00:00+00:00
[2024-06-04T23:54:15.710+0000] {processor.py:175} INFO - Processing /home/airflow/.local/lib/python3.7/site-packages/airflow/example_dags/example_nested_branch_dag.py took 0.090 seconds
[2024-06-04T23:54:45.884+0000] {processor.py:153} INFO - Started process (PID=8668) to work on /home/airflow/.local/lib/python3.7/site-packages/airflow/example_dags/example_nested_branch_dag.py
[2024-06-04T23:54:45.885+0000] {processor.py:743} INFO - Processing file /home/airflow/.local/lib/python3.7/site-packages/airflow/example_dags/example_nested_branch_dag.py for tasks to queue
[2024-06-04T23:54:45.885+0000] {logging_mixin.py:137} INFO - [2024-06-04T23:54:45.885+0000] {dagbag.py:538} INFO - Filling up the DagBag from /home/airflow/.local/lib/python3.7/site-packages/airflow/example_dags/example_nested_branch_dag.py
[2024-06-04T23:54:45.903+0000] {processor.py:753} INFO - DAG(s) dict_keys(['example_nested_branch_dag']) retrieved from /home/airflow/.local/lib/python3.7/site-packages/airflow/example_dags/example_nested_branch_dag.py
[2024-06-04T23:54:45.922+0000] {logging_mixin.py:137} INFO - [2024-06-04T23:54:45.922+0000] {dag.py:2690} INFO - Sync 1 DAGs
[2024-06-04T23:54:45.943+0000] {logging_mixin.py:137} INFO - [2024-06-04T23:54:45.943+0000] {dag.py:3441} INFO - Setting next_dagrun for example_nested_branch_dag to 2024-06-04T00:00:00+00:00, run_after=2024-06-05T00:00:00+00:00
[2024-06-04T23:54:45.955+0000] {processor.py:175} INFO - Processing /home/airflow/.local/lib/python3.7/site-packages/airflow/example_dags/example_nested_branch_dag.py took 0.074 seconds
[2024-06-04T23:55:16.047+0000] {processor.py:153} INFO - Started process (PID=8784) to work on /home/airflow/.local/lib/python3.7/site-packages/airflow/example_dags/example_nested_branch_dag.py
[2024-06-04T23:55:16.047+0000] {processor.py:743} INFO - Processing file /home/airflow/.local/lib/python3.7/site-packages/airflow/example_dags/example_nested_branch_dag.py for tasks to queue
[2024-06-04T23:55:16.048+0000] {logging_mixin.py:137} INFO - [2024-06-04T23:55:16.048+0000] {dagbag.py:538} INFO - Filling up the DagBag from /home/airflow/.local/lib/python3.7/site-packages/airflow/example_dags/example_nested_branch_dag.py
[2024-06-04T23:55:16.066+0000] {processor.py:753} INFO - DAG(s) dict_keys(['example_nested_branch_dag']) retrieved from /home/airflow/.local/lib/python3.7/site-packages/airflow/example_dags/example_nested_branch_dag.py
[2024-06-04T23:55:16.086+0000] {logging_mixin.py:137} INFO - [2024-06-04T23:55:16.086+0000] {dag.py:2690} INFO - Sync 1 DAGs
[2024-06-04T23:55:16.105+0000] {logging_mixin.py:137} INFO - [2024-06-04T23:55:16.105+0000] {dag.py:3441} INFO - Setting next_dagrun for example_nested_branch_dag to 2024-06-04T00:00:00+00:00, run_after=2024-06-05T00:00:00+00:00
[2024-06-04T23:55:16.118+0000] {processor.py:175} INFO - Processing /home/airflow/.local/lib/python3.7/site-packages/airflow/example_dags/example_nested_branch_dag.py took 0.074 seconds
[2024-06-04T23:55:47.009+0000] {processor.py:153} INFO - Started process (PID=8871) to work on /home/airflow/.local/lib/python3.7/site-packages/airflow/example_dags/example_nested_branch_dag.py
[2024-06-04T23:55:47.010+0000] {processor.py:743} INFO - Processing file /home/airflow/.local/lib/python3.7/site-packages/airflow/example_dags/example_nested_branch_dag.py for tasks to queue
[2024-06-04T23:55:47.010+0000] {logging_mixin.py:137} INFO - [2024-06-04T23:55:47.010+0000] {dagbag.py:538} INFO - Filling up the DagBag from /home/airflow/.local/lib/python3.7/site-packages/airflow/example_dags/example_nested_branch_dag.py
[2024-06-04T23:55:47.028+0000] {processor.py:753} INFO - DAG(s) dict_keys(['example_nested_branch_dag']) retrieved from /home/airflow/.local/lib/python3.7/site-packages/airflow/example_dags/example_nested_branch_dag.py
[2024-06-04T23:55:47.047+0000] {logging_mixin.py:137} INFO - [2024-06-04T23:55:47.047+0000] {dag.py:2690} INFO - Sync 1 DAGs
[2024-06-04T23:55:47.066+0000] {logging_mixin.py:137} INFO - [2024-06-04T23:55:47.066+0000] {dag.py:3441} INFO - Setting next_dagrun for example_nested_branch_dag to 2024-06-04T00:00:00+00:00, run_after=2024-06-05T00:00:00+00:00
[2024-06-04T23:55:47.079+0000] {processor.py:175} INFO - Processing /home/airflow/.local/lib/python3.7/site-packages/airflow/example_dags/example_nested_branch_dag.py took 0.072 seconds
[2024-06-04T23:56:17.820+0000] {processor.py:153} INFO - Started process (PID=8990) to work on /home/airflow/.local/lib/python3.7/site-packages/airflow/example_dags/example_nested_branch_dag.py
[2024-06-04T23:56:17.820+0000] {processor.py:743} INFO - Processing file /home/airflow/.local/lib/python3.7/site-packages/airflow/example_dags/example_nested_branch_dag.py for tasks to queue
[2024-06-04T23:56:17.821+0000] {logging_mixin.py:137} INFO - [2024-06-04T23:56:17.821+0000] {dagbag.py:538} INFO - Filling up the DagBag from /home/airflow/.local/lib/python3.7/site-packages/airflow/example_dags/example_nested_branch_dag.py
[2024-06-04T23:56:17.845+0000] {processor.py:753} INFO - DAG(s) dict_keys(['example_nested_branch_dag']) retrieved from /home/airflow/.local/lib/python3.7/site-packages/airflow/example_dags/example_nested_branch_dag.py
[2024-06-04T23:56:17.866+0000] {logging_mixin.py:137} INFO - [2024-06-04T23:56:17.866+0000] {dag.py:2690} INFO - Sync 1 DAGs
[2024-06-04T23:56:17.893+0000] {logging_mixin.py:137} INFO - [2024-06-04T23:56:17.893+0000] {dag.py:3441} INFO - Setting next_dagrun for example_nested_branch_dag to 2024-06-04T00:00:00+00:00, run_after=2024-06-05T00:00:00+00:00
[2024-06-04T23:56:17.907+0000] {processor.py:175} INFO - Processing /home/airflow/.local/lib/python3.7/site-packages/airflow/example_dags/example_nested_branch_dag.py took 0.090 seconds
[2024-06-04T23:56:48.068+0000] {processor.py:153} INFO - Started process (PID=9095) to work on /home/airflow/.local/lib/python3.7/site-packages/airflow/example_dags/example_nested_branch_dag.py
[2024-06-04T23:56:48.068+0000] {processor.py:743} INFO - Processing file /home/airflow/.local/lib/python3.7/site-packages/airflow/example_dags/example_nested_branch_dag.py for tasks to queue
[2024-06-04T23:56:48.069+0000] {logging_mixin.py:137} INFO - [2024-06-04T23:56:48.068+0000] {dagbag.py:538} INFO - Filling up the DagBag from /home/airflow/.local/lib/python3.7/site-packages/airflow/example_dags/example_nested_branch_dag.py
[2024-06-04T23:56:48.086+0000] {processor.py:753} INFO - DAG(s) dict_keys(['example_nested_branch_dag']) retrieved from /home/airflow/.local/lib/python3.7/site-packages/airflow/example_dags/example_nested_branch_dag.py
[2024-06-04T23:56:48.105+0000] {logging_mixin.py:137} INFO - [2024-06-04T23:56:48.105+0000] {dag.py:2690} INFO - Sync 1 DAGs
[2024-06-04T23:56:48.124+0000] {logging_mixin.py:137} INFO - [2024-06-04T23:56:48.124+0000] {dag.py:3441} INFO - Setting next_dagrun for example_nested_branch_dag to 2024-06-04T00:00:00+00:00, run_after=2024-06-05T00:00:00+00:00
[2024-06-04T23:56:48.136+0000] {processor.py:175} INFO - Processing /home/airflow/.local/lib/python3.7/site-packages/airflow/example_dags/example_nested_branch_dag.py took 0.071 seconds
[2024-06-04T23:57:18.181+0000] {processor.py:153} INFO - Started process (PID=9215) to work on /home/airflow/.local/lib/python3.7/site-packages/airflow/example_dags/example_nested_branch_dag.py
[2024-06-04T23:57:18.182+0000] {processor.py:743} INFO - Processing file /home/airflow/.local/lib/python3.7/site-packages/airflow/example_dags/example_nested_branch_dag.py for tasks to queue
[2024-06-04T23:57:18.182+0000] {logging_mixin.py:137} INFO - [2024-06-04T23:57:18.182+0000] {dagbag.py:538} INFO - Filling up the DagBag from /home/airflow/.local/lib/python3.7/site-packages/airflow/example_dags/example_nested_branch_dag.py
[2024-06-04T23:57:18.200+0000] {processor.py:753} INFO - DAG(s) dict_keys(['example_nested_branch_dag']) retrieved from /home/airflow/.local/lib/python3.7/site-packages/airflow/example_dags/example_nested_branch_dag.py
[2024-06-04T23:57:18.218+0000] {logging_mixin.py:137} INFO - [2024-06-04T23:57:18.218+0000] {dag.py:2690} INFO - Sync 1 DAGs
[2024-06-04T23:57:18.236+0000] {logging_mixin.py:137} INFO - [2024-06-04T23:57:18.236+0000] {dag.py:3441} INFO - Setting next_dagrun for example_nested_branch_dag to 2024-06-04T00:00:00+00:00, run_after=2024-06-05T00:00:00+00:00
[2024-06-04T23:57:18.248+0000] {processor.py:175} INFO - Processing /home/airflow/.local/lib/python3.7/site-packages/airflow/example_dags/example_nested_branch_dag.py took 0.069 seconds
[2024-06-04T23:57:48.321+0000] {processor.py:153} INFO - Started process (PID=9302) to work on /home/airflow/.local/lib/python3.7/site-packages/airflow/example_dags/example_nested_branch_dag.py
[2024-06-04T23:57:48.322+0000] {processor.py:743} INFO - Processing file /home/airflow/.local/lib/python3.7/site-packages/airflow/example_dags/example_nested_branch_dag.py for tasks to queue
[2024-06-04T23:57:48.322+0000] {logging_mixin.py:137} INFO - [2024-06-04T23:57:48.322+0000] {dagbag.py:538} INFO - Filling up the DagBag from /home/airflow/.local/lib/python3.7/site-packages/airflow/example_dags/example_nested_branch_dag.py
[2024-06-04T23:57:48.340+0000] {processor.py:753} INFO - DAG(s) dict_keys(['example_nested_branch_dag']) retrieved from /home/airflow/.local/lib/python3.7/site-packages/airflow/example_dags/example_nested_branch_dag.py
[2024-06-04T23:57:48.367+0000] {logging_mixin.py:137} INFO - [2024-06-04T23:57:48.367+0000] {dag.py:2690} INFO - Sync 1 DAGs
[2024-06-04T23:57:48.392+0000] {logging_mixin.py:137} INFO - [2024-06-04T23:57:48.392+0000] {dag.py:3441} INFO - Setting next_dagrun for example_nested_branch_dag to 2024-06-04T00:00:00+00:00, run_after=2024-06-05T00:00:00+00:00
[2024-06-04T23:57:48.408+0000] {processor.py:175} INFO - Processing /home/airflow/.local/lib/python3.7/site-packages/airflow/example_dags/example_nested_branch_dag.py took 0.090 seconds
[2024-06-04T23:58:18.459+0000] {processor.py:153} INFO - Started process (PID=9422) to work on /home/airflow/.local/lib/python3.7/site-packages/airflow/example_dags/example_nested_branch_dag.py
[2024-06-04T23:58:18.459+0000] {processor.py:743} INFO - Processing file /home/airflow/.local/lib/python3.7/site-packages/airflow/example_dags/example_nested_branch_dag.py for tasks to queue
[2024-06-04T23:58:18.460+0000] {logging_mixin.py:137} INFO - [2024-06-04T23:58:18.460+0000] {dagbag.py:538} INFO - Filling up the DagBag from /home/airflow/.local/lib/python3.7/site-packages/airflow/example_dags/example_nested_branch_dag.py
[2024-06-04T23:58:18.477+0000] {processor.py:753} INFO - DAG(s) dict_keys(['example_nested_branch_dag']) retrieved from /home/airflow/.local/lib/python3.7/site-packages/airflow/example_dags/example_nested_branch_dag.py
[2024-06-04T23:58:18.495+0000] {logging_mixin.py:137} INFO - [2024-06-04T23:58:18.495+0000] {dag.py:2690} INFO - Sync 1 DAGs
[2024-06-04T23:58:18.513+0000] {logging_mixin.py:137} INFO - [2024-06-04T23:58:18.513+0000] {dag.py:3441} INFO - Setting next_dagrun for example_nested_branch_dag to 2024-06-04T00:00:00+00:00, run_after=2024-06-05T00:00:00+00:00
[2024-06-04T23:58:18.526+0000] {processor.py:175} INFO - Processing /home/airflow/.local/lib/python3.7/site-packages/airflow/example_dags/example_nested_branch_dag.py took 0.070 seconds
[2024-06-04T23:58:48.676+0000] {processor.py:153} INFO - Started process (PID=9533) to work on /home/airflow/.local/lib/python3.7/site-packages/airflow/example_dags/example_nested_branch_dag.py
[2024-06-04T23:58:48.676+0000] {processor.py:743} INFO - Processing file /home/airflow/.local/lib/python3.7/site-packages/airflow/example_dags/example_nested_branch_dag.py for tasks to queue
[2024-06-04T23:58:48.677+0000] {logging_mixin.py:137} INFO - [2024-06-04T23:58:48.677+0000] {dagbag.py:538} INFO - Filling up the DagBag from /home/airflow/.local/lib/python3.7/site-packages/airflow/example_dags/example_nested_branch_dag.py
[2024-06-04T23:58:48.696+0000] {processor.py:753} INFO - DAG(s) dict_keys(['example_nested_branch_dag']) retrieved from /home/airflow/.local/lib/python3.7/site-packages/airflow/example_dags/example_nested_branch_dag.py
[2024-06-04T23:58:48.716+0000] {logging_mixin.py:137} INFO - [2024-06-04T23:58:48.716+0000] {dag.py:2690} INFO - Sync 1 DAGs
[2024-06-04T23:58:48.740+0000] {logging_mixin.py:137} INFO - [2024-06-04T23:58:48.740+0000] {dag.py:3441} INFO - Setting next_dagrun for example_nested_branch_dag to 2024-06-04T00:00:00+00:00, run_after=2024-06-05T00:00:00+00:00
[2024-06-04T23:58:48.757+0000] {processor.py:175} INFO - Processing /home/airflow/.local/lib/python3.7/site-packages/airflow/example_dags/example_nested_branch_dag.py took 0.083 seconds
[2024-06-04T23:59:19.461+0000] {processor.py:153} INFO - Started process (PID=9625) to work on /home/airflow/.local/lib/python3.7/site-packages/airflow/example_dags/example_nested_branch_dag.py
[2024-06-04T23:59:19.462+0000] {processor.py:743} INFO - Processing file /home/airflow/.local/lib/python3.7/site-packages/airflow/example_dags/example_nested_branch_dag.py for tasks to queue
[2024-06-04T23:59:19.462+0000] {logging_mixin.py:137} INFO - [2024-06-04T23:59:19.462+0000] {dagbag.py:538} INFO - Filling up the DagBag from /home/airflow/.local/lib/python3.7/site-packages/airflow/example_dags/example_nested_branch_dag.py
[2024-06-04T23:59:19.480+0000] {processor.py:753} INFO - DAG(s) dict_keys(['example_nested_branch_dag']) retrieved from /home/airflow/.local/lib/python3.7/site-packages/airflow/example_dags/example_nested_branch_dag.py
[2024-06-04T23:59:19.499+0000] {logging_mixin.py:137} INFO - [2024-06-04T23:59:19.499+0000] {dag.py:2690} INFO - Sync 1 DAGs
[2024-06-04T23:59:19.518+0000] {logging_mixin.py:137} INFO - [2024-06-04T23:59:19.518+0000] {dag.py:3441} INFO - Setting next_dagrun for example_nested_branch_dag to 2024-06-04T00:00:00+00:00, run_after=2024-06-05T00:00:00+00:00
[2024-06-04T23:59:19.532+0000] {processor.py:175} INFO - Processing /home/airflow/.local/lib/python3.7/site-packages/airflow/example_dags/example_nested_branch_dag.py took 0.073 seconds
[2024-06-04T23:59:50.225+0000] {processor.py:153} INFO - Started process (PID=9736) to work on /home/airflow/.local/lib/python3.7/site-packages/airflow/example_dags/example_nested_branch_dag.py
[2024-06-04T23:59:50.226+0000] {processor.py:743} INFO - Processing file /home/airflow/.local/lib/python3.7/site-packages/airflow/example_dags/example_nested_branch_dag.py for tasks to queue
[2024-06-04T23:59:50.226+0000] {logging_mixin.py:137} INFO - [2024-06-04T23:59:50.226+0000] {dagbag.py:538} INFO - Filling up the DagBag from /home/airflow/.local/lib/python3.7/site-packages/airflow/example_dags/example_nested_branch_dag.py
[2024-06-04T23:59:50.244+0000] {processor.py:753} INFO - DAG(s) dict_keys(['example_nested_branch_dag']) retrieved from /home/airflow/.local/lib/python3.7/site-packages/airflow/example_dags/example_nested_branch_dag.py
[2024-06-04T23:59:50.264+0000] {logging_mixin.py:137} INFO - [2024-06-04T23:59:50.264+0000] {dag.py:2690} INFO - Sync 1 DAGs
[2024-06-04T23:59:50.285+0000] {logging_mixin.py:137} INFO - [2024-06-04T23:59:50.284+0000] {dag.py:3441} INFO - Setting next_dagrun for example_nested_branch_dag to 2024-06-04T00:00:00+00:00, run_after=2024-06-05T00:00:00+00:00
[2024-06-04T23:59:50.298+0000] {processor.py:175} INFO - Processing /home/airflow/.local/lib/python3.7/site-packages/airflow/example_dags/example_nested_branch_dag.py took 0.076 seconds
