[2024-06-04T23:37:25.173+0000] {processor.py:153} INFO - Started process (PID=46) to work on /home/airflow/.local/lib/python3.7/site-packages/airflow/example_dags/example_short_circuit_decorator.py
[2024-06-04T23:37:25.173+0000] {processor.py:743} INFO - Processing file /home/airflow/.local/lib/python3.7/site-packages/airflow/example_dags/example_short_circuit_decorator.py for tasks to queue
[2024-06-04T23:37:25.173+0000] {logging_mixin.py:137} INFO - [2024-06-04T23:37:25.173+0000] {dagbag.py:538} INFO - Filling up the DagBag from /home/airflow/.local/lib/python3.7/site-packages/airflow/example_dags/example_short_circuit_decorator.py
[2024-06-04T23:37:25.206+0000] {processor.py:753} INFO - DAG(s) dict_keys(['example_short_circuit_decorator']) retrieved from /home/airflow/.local/lib/python3.7/site-packages/airflow/example_dags/example_short_circuit_decorator.py
[2024-06-04T23:37:25.343+0000] {logging_mixin.py:137} INFO - [2024-06-04T23:37:25.343+0000] {manager.py:504} INFO - Created Permission View: can edit on DAG:example_short_circuit_decorator
[2024-06-04T23:37:25.349+0000] {logging_mixin.py:137} INFO - [2024-06-04T23:37:25.349+0000] {manager.py:504} INFO - Created Permission View: can read on DAG:example_short_circuit_decorator
[2024-06-04T23:37:25.354+0000] {logging_mixin.py:137} INFO - [2024-06-04T23:37:25.354+0000] {manager.py:504} INFO - Created Permission View: can delete on DAG:example_short_circuit_decorator
[2024-06-04T23:37:25.354+0000] {logging_mixin.py:137} INFO - [2024-06-04T23:37:25.354+0000] {dag.py:2690} INFO - Sync 1 DAGs
[2024-06-04T23:37:25.362+0000] {logging_mixin.py:137} INFO - [2024-06-04T23:37:25.362+0000] {dag.py:2711} INFO - Creating ORM DAG for example_short_circuit_decorator
[2024-06-04T23:37:25.370+0000] {logging_mixin.py:137} INFO - [2024-06-04T23:37:25.370+0000] {dag.py:3441} INFO - Setting next_dagrun for example_short_circuit_decorator to 2024-06-03T23:37:25.369851+00:00, run_after=2024-06-04T23:37:25.369851+00:00
[2024-06-04T23:37:25.382+0000] {processor.py:175} INFO - Processing /home/airflow/.local/lib/python3.7/site-packages/airflow/example_dags/example_short_circuit_decorator.py took 0.211 seconds
[2024-06-04T23:37:55.780+0000] {processor.py:153} INFO - Started process (PID=157) to work on /home/airflow/.local/lib/python3.7/site-packages/airflow/example_dags/example_short_circuit_decorator.py
[2024-06-04T23:37:55.780+0000] {processor.py:743} INFO - Processing file /home/airflow/.local/lib/python3.7/site-packages/airflow/example_dags/example_short_circuit_decorator.py for tasks to queue
[2024-06-04T23:37:55.781+0000] {logging_mixin.py:137} INFO - [2024-06-04T23:37:55.780+0000] {dagbag.py:538} INFO - Filling up the DagBag from /home/airflow/.local/lib/python3.7/site-packages/airflow/example_dags/example_short_circuit_decorator.py
[2024-06-04T23:37:55.799+0000] {processor.py:753} INFO - DAG(s) dict_keys(['example_short_circuit_decorator']) retrieved from /home/airflow/.local/lib/python3.7/site-packages/airflow/example_dags/example_short_circuit_decorator.py
[2024-06-04T23:37:55.816+0000] {logging_mixin.py:137} INFO - [2024-06-04T23:37:55.816+0000] {dag.py:2690} INFO - Sync 1 DAGs
[2024-06-04T23:37:55.833+0000] {logging_mixin.py:137} INFO - [2024-06-04T23:37:55.833+0000] {dag.py:3441} INFO - Setting next_dagrun for example_short_circuit_decorator to 2024-06-03T23:37:55.833048+00:00, run_after=2024-06-04T23:37:55.833048+00:00
[2024-06-04T23:37:55.847+0000] {processor.py:175} INFO - Processing /home/airflow/.local/lib/python3.7/site-packages/airflow/example_dags/example_short_circuit_decorator.py took 0.069 seconds
[2024-06-04T23:38:26.584+0000] {processor.py:153} INFO - Started process (PID=244) to work on /home/airflow/.local/lib/python3.7/site-packages/airflow/example_dags/example_short_circuit_decorator.py
[2024-06-04T23:38:26.584+0000] {processor.py:743} INFO - Processing file /home/airflow/.local/lib/python3.7/site-packages/airflow/example_dags/example_short_circuit_decorator.py for tasks to queue
[2024-06-04T23:38:26.585+0000] {logging_mixin.py:137} INFO - [2024-06-04T23:38:26.585+0000] {dagbag.py:538} INFO - Filling up the DagBag from /home/airflow/.local/lib/python3.7/site-packages/airflow/example_dags/example_short_circuit_decorator.py
[2024-06-04T23:38:26.606+0000] {processor.py:753} INFO - DAG(s) dict_keys(['example_short_circuit_decorator']) retrieved from /home/airflow/.local/lib/python3.7/site-packages/airflow/example_dags/example_short_circuit_decorator.py
[2024-06-04T23:38:26.623+0000] {logging_mixin.py:137} INFO - [2024-06-04T23:38:26.623+0000] {dag.py:2690} INFO - Sync 1 DAGs
[2024-06-04T23:38:26.640+0000] {logging_mixin.py:137} INFO - [2024-06-04T23:38:26.640+0000] {dag.py:3441} INFO - Setting next_dagrun for example_short_circuit_decorator to 2024-06-03T23:38:26.640521+00:00, run_after=2024-06-04T23:38:26.640521+00:00
[2024-06-04T23:38:26.653+0000] {processor.py:175} INFO - Processing /home/airflow/.local/lib/python3.7/site-packages/airflow/example_dags/example_short_circuit_decorator.py took 0.071 seconds
[2024-06-04T23:38:57.508+0000] {processor.py:153} INFO - Started process (PID=355) to work on /home/airflow/.local/lib/python3.7/site-packages/airflow/example_dags/example_short_circuit_decorator.py
[2024-06-04T23:38:57.508+0000] {processor.py:743} INFO - Processing file /home/airflow/.local/lib/python3.7/site-packages/airflow/example_dags/example_short_circuit_decorator.py for tasks to queue
[2024-06-04T23:38:57.508+0000] {logging_mixin.py:137} INFO - [2024-06-04T23:38:57.508+0000] {dagbag.py:538} INFO - Filling up the DagBag from /home/airflow/.local/lib/python3.7/site-packages/airflow/example_dags/example_short_circuit_decorator.py
[2024-06-04T23:38:57.525+0000] {processor.py:753} INFO - DAG(s) dict_keys(['example_short_circuit_decorator']) retrieved from /home/airflow/.local/lib/python3.7/site-packages/airflow/example_dags/example_short_circuit_decorator.py
[2024-06-04T23:38:57.543+0000] {logging_mixin.py:137} INFO - [2024-06-04T23:38:57.543+0000] {dag.py:2690} INFO - Sync 1 DAGs
[2024-06-04T23:38:57.559+0000] {logging_mixin.py:137} INFO - [2024-06-04T23:38:57.559+0000] {dag.py:3441} INFO - Setting next_dagrun for example_short_circuit_decorator to 2024-06-03T23:38:57.559388+00:00, run_after=2024-06-04T23:38:57.559388+00:00
[2024-06-04T23:38:57.571+0000] {processor.py:175} INFO - Processing /home/airflow/.local/lib/python3.7/site-packages/airflow/example_dags/example_short_circuit_decorator.py took 0.065 seconds
[2024-06-04T23:39:28.233+0000] {processor.py:153} INFO - Started process (PID=466) to work on /home/airflow/.local/lib/python3.7/site-packages/airflow/example_dags/example_short_circuit_decorator.py
[2024-06-04T23:39:28.233+0000] {processor.py:743} INFO - Processing file /home/airflow/.local/lib/python3.7/site-packages/airflow/example_dags/example_short_circuit_decorator.py for tasks to queue
[2024-06-04T23:39:28.233+0000] {logging_mixin.py:137} INFO - [2024-06-04T23:39:28.233+0000] {dagbag.py:538} INFO - Filling up the DagBag from /home/airflow/.local/lib/python3.7/site-packages/airflow/example_dags/example_short_circuit_decorator.py
[2024-06-04T23:39:28.250+0000] {processor.py:753} INFO - DAG(s) dict_keys(['example_short_circuit_decorator']) retrieved from /home/airflow/.local/lib/python3.7/site-packages/airflow/example_dags/example_short_circuit_decorator.py
[2024-06-04T23:39:28.268+0000] {logging_mixin.py:137} INFO - [2024-06-04T23:39:28.268+0000] {dag.py:2690} INFO - Sync 1 DAGs
[2024-06-04T23:39:28.285+0000] {logging_mixin.py:137} INFO - [2024-06-04T23:39:28.284+0000] {dag.py:3441} INFO - Setting next_dagrun for example_short_circuit_decorator to 2024-06-03T23:39:28.284715+00:00, run_after=2024-06-04T23:39:28.284715+00:00
[2024-06-04T23:39:28.297+0000] {processor.py:175} INFO - Processing /home/airflow/.local/lib/python3.7/site-packages/airflow/example_dags/example_short_circuit_decorator.py took 0.066 seconds
[2024-06-04T23:39:58.938+0000] {processor.py:153} INFO - Started process (PID=553) to work on /home/airflow/.local/lib/python3.7/site-packages/airflow/example_dags/example_short_circuit_decorator.py
[2024-06-04T23:39:58.939+0000] {processor.py:743} INFO - Processing file /home/airflow/.local/lib/python3.7/site-packages/airflow/example_dags/example_short_circuit_decorator.py for tasks to queue
[2024-06-04T23:39:58.939+0000] {logging_mixin.py:137} INFO - [2024-06-04T23:39:58.939+0000] {dagbag.py:538} INFO - Filling up the DagBag from /home/airflow/.local/lib/python3.7/site-packages/airflow/example_dags/example_short_circuit_decorator.py
[2024-06-04T23:39:58.956+0000] {processor.py:753} INFO - DAG(s) dict_keys(['example_short_circuit_decorator']) retrieved from /home/airflow/.local/lib/python3.7/site-packages/airflow/example_dags/example_short_circuit_decorator.py
[2024-06-04T23:39:58.975+0000] {logging_mixin.py:137} INFO - [2024-06-04T23:39:58.975+0000] {dag.py:2690} INFO - Sync 1 DAGs
[2024-06-04T23:39:58.996+0000] {logging_mixin.py:137} INFO - [2024-06-04T23:39:58.996+0000] {dag.py:3441} INFO - Setting next_dagrun for example_short_circuit_decorator to 2024-06-03T23:39:58.996607+00:00, run_after=2024-06-04T23:39:58.996607+00:00
[2024-06-04T23:39:59.010+0000] {processor.py:175} INFO - Processing /home/airflow/.local/lib/python3.7/site-packages/airflow/example_dags/example_short_circuit_decorator.py took 0.073 seconds
[2024-06-04T23:40:29.663+0000] {processor.py:153} INFO - Started process (PID=664) to work on /home/airflow/.local/lib/python3.7/site-packages/airflow/example_dags/example_short_circuit_decorator.py
[2024-06-04T23:40:29.664+0000] {processor.py:743} INFO - Processing file /home/airflow/.local/lib/python3.7/site-packages/airflow/example_dags/example_short_circuit_decorator.py for tasks to queue
[2024-06-04T23:40:29.664+0000] {logging_mixin.py:137} INFO - [2024-06-04T23:40:29.664+0000] {dagbag.py:538} INFO - Filling up the DagBag from /home/airflow/.local/lib/python3.7/site-packages/airflow/example_dags/example_short_circuit_decorator.py
[2024-06-04T23:40:29.680+0000] {processor.py:753} INFO - DAG(s) dict_keys(['example_short_circuit_decorator']) retrieved from /home/airflow/.local/lib/python3.7/site-packages/airflow/example_dags/example_short_circuit_decorator.py
[2024-06-04T23:40:29.698+0000] {logging_mixin.py:137} INFO - [2024-06-04T23:40:29.698+0000] {dag.py:2690} INFO - Sync 1 DAGs
[2024-06-04T23:40:29.715+0000] {logging_mixin.py:137} INFO - [2024-06-04T23:40:29.714+0000] {dag.py:3441} INFO - Setting next_dagrun for example_short_circuit_decorator to 2024-06-03T23:40:29.714782+00:00, run_after=2024-06-04T23:40:29.714782+00:00
[2024-06-04T23:40:29.726+0000] {processor.py:175} INFO - Processing /home/airflow/.local/lib/python3.7/site-packages/airflow/example_dags/example_short_circuit_decorator.py took 0.065 seconds
[2024-06-04T23:41:00.344+0000] {processor.py:153} INFO - Started process (PID=760) to work on /home/airflow/.local/lib/python3.7/site-packages/airflow/example_dags/example_short_circuit_decorator.py
[2024-06-04T23:41:00.345+0000] {processor.py:743} INFO - Processing file /home/airflow/.local/lib/python3.7/site-packages/airflow/example_dags/example_short_circuit_decorator.py for tasks to queue
[2024-06-04T23:41:00.345+0000] {logging_mixin.py:137} INFO - [2024-06-04T23:41:00.345+0000] {dagbag.py:538} INFO - Filling up the DagBag from /home/airflow/.local/lib/python3.7/site-packages/airflow/example_dags/example_short_circuit_decorator.py
[2024-06-04T23:41:00.362+0000] {processor.py:753} INFO - DAG(s) dict_keys(['example_short_circuit_decorator']) retrieved from /home/airflow/.local/lib/python3.7/site-packages/airflow/example_dags/example_short_circuit_decorator.py
[2024-06-04T23:41:00.380+0000] {logging_mixin.py:137} INFO - [2024-06-04T23:41:00.380+0000] {dag.py:2690} INFO - Sync 1 DAGs
[2024-06-04T23:41:00.398+0000] {logging_mixin.py:137} INFO - [2024-06-04T23:41:00.398+0000] {dag.py:3441} INFO - Setting next_dagrun for example_short_circuit_decorator to 2024-06-03T23:41:00.397865+00:00, run_after=2024-06-04T23:41:00.397865+00:00
[2024-06-04T23:41:00.411+0000] {processor.py:175} INFO - Processing /home/airflow/.local/lib/python3.7/site-packages/airflow/example_dags/example_short_circuit_decorator.py took 0.069 seconds
[2024-06-04T23:41:31.079+0000] {processor.py:153} INFO - Started process (PID=862) to work on /home/airflow/.local/lib/python3.7/site-packages/airflow/example_dags/example_short_circuit_decorator.py
[2024-06-04T23:41:31.080+0000] {processor.py:743} INFO - Processing file /home/airflow/.local/lib/python3.7/site-packages/airflow/example_dags/example_short_circuit_decorator.py for tasks to queue
[2024-06-04T23:41:31.080+0000] {logging_mixin.py:137} INFO - [2024-06-04T23:41:31.080+0000] {dagbag.py:538} INFO - Filling up the DagBag from /home/airflow/.local/lib/python3.7/site-packages/airflow/example_dags/example_short_circuit_decorator.py
[2024-06-04T23:41:31.097+0000] {processor.py:753} INFO - DAG(s) dict_keys(['example_short_circuit_decorator']) retrieved from /home/airflow/.local/lib/python3.7/site-packages/airflow/example_dags/example_short_circuit_decorator.py
[2024-06-04T23:41:31.115+0000] {logging_mixin.py:137} INFO - [2024-06-04T23:41:31.115+0000] {dag.py:2690} INFO - Sync 1 DAGs
[2024-06-04T23:41:31.133+0000] {logging_mixin.py:137} INFO - [2024-06-04T23:41:31.133+0000] {dag.py:3441} INFO - Setting next_dagrun for example_short_circuit_decorator to 2024-06-03T23:41:31.132924+00:00, run_after=2024-06-04T23:41:31.132924+00:00
[2024-06-04T23:41:31.146+0000] {processor.py:175} INFO - Processing /home/airflow/.local/lib/python3.7/site-packages/airflow/example_dags/example_short_circuit_decorator.py took 0.069 seconds
[2024-06-04T23:42:01.735+0000] {processor.py:153} INFO - Started process (PID=973) to work on /home/airflow/.local/lib/python3.7/site-packages/airflow/example_dags/example_short_circuit_decorator.py
[2024-06-04T23:42:01.735+0000] {processor.py:743} INFO - Processing file /home/airflow/.local/lib/python3.7/site-packages/airflow/example_dags/example_short_circuit_decorator.py for tasks to queue
[2024-06-04T23:42:01.736+0000] {logging_mixin.py:137} INFO - [2024-06-04T23:42:01.736+0000] {dagbag.py:538} INFO - Filling up the DagBag from /home/airflow/.local/lib/python3.7/site-packages/airflow/example_dags/example_short_circuit_decorator.py
[2024-06-04T23:42:01.753+0000] {processor.py:753} INFO - DAG(s) dict_keys(['example_short_circuit_decorator']) retrieved from /home/airflow/.local/lib/python3.7/site-packages/airflow/example_dags/example_short_circuit_decorator.py
[2024-06-04T23:42:01.770+0000] {logging_mixin.py:137} INFO - [2024-06-04T23:42:01.770+0000] {dag.py:2690} INFO - Sync 1 DAGs
[2024-06-04T23:42:01.787+0000] {logging_mixin.py:137} INFO - [2024-06-04T23:42:01.787+0000] {dag.py:3441} INFO - Setting next_dagrun for example_short_circuit_decorator to 2024-06-03T23:42:01.787312+00:00, run_after=2024-06-04T23:42:01.787312+00:00
[2024-06-04T23:42:01.799+0000] {processor.py:175} INFO - Processing /home/airflow/.local/lib/python3.7/site-packages/airflow/example_dags/example_short_circuit_decorator.py took 0.066 seconds
[2024-06-04T23:42:32.783+0000] {processor.py:153} INFO - Started process (PID=1060) to work on /home/airflow/.local/lib/python3.7/site-packages/airflow/example_dags/example_short_circuit_decorator.py
[2024-06-04T23:42:32.784+0000] {processor.py:743} INFO - Processing file /home/airflow/.local/lib/python3.7/site-packages/airflow/example_dags/example_short_circuit_decorator.py for tasks to queue
[2024-06-04T23:42:32.784+0000] {logging_mixin.py:137} INFO - [2024-06-04T23:42:32.784+0000] {dagbag.py:538} INFO - Filling up the DagBag from /home/airflow/.local/lib/python3.7/site-packages/airflow/example_dags/example_short_circuit_decorator.py
[2024-06-04T23:42:32.800+0000] {processor.py:753} INFO - DAG(s) dict_keys(['example_short_circuit_decorator']) retrieved from /home/airflow/.local/lib/python3.7/site-packages/airflow/example_dags/example_short_circuit_decorator.py
[2024-06-04T23:42:32.818+0000] {logging_mixin.py:137} INFO - [2024-06-04T23:42:32.818+0000] {dag.py:2690} INFO - Sync 1 DAGs
[2024-06-04T23:42:32.838+0000] {logging_mixin.py:137} INFO - [2024-06-04T23:42:32.838+0000] {dag.py:3441} INFO - Setting next_dagrun for example_short_circuit_decorator to 2024-06-03T23:42:32.837831+00:00, run_after=2024-06-04T23:42:32.837831+00:00
[2024-06-04T23:42:32.850+0000] {processor.py:175} INFO - Processing /home/airflow/.local/lib/python3.7/site-packages/airflow/example_dags/example_short_circuit_decorator.py took 0.069 seconds
[2024-06-04T23:43:03.849+0000] {processor.py:153} INFO - Started process (PID=1171) to work on /home/airflow/.local/lib/python3.7/site-packages/airflow/example_dags/example_short_circuit_decorator.py
[2024-06-04T23:43:03.850+0000] {processor.py:743} INFO - Processing file /home/airflow/.local/lib/python3.7/site-packages/airflow/example_dags/example_short_circuit_decorator.py for tasks to queue
[2024-06-04T23:43:03.850+0000] {logging_mixin.py:137} INFO - [2024-06-04T23:43:03.850+0000] {dagbag.py:538} INFO - Filling up the DagBag from /home/airflow/.local/lib/python3.7/site-packages/airflow/example_dags/example_short_circuit_decorator.py
[2024-06-04T23:43:03.867+0000] {processor.py:753} INFO - DAG(s) dict_keys(['example_short_circuit_decorator']) retrieved from /home/airflow/.local/lib/python3.7/site-packages/airflow/example_dags/example_short_circuit_decorator.py
[2024-06-04T23:43:03.884+0000] {logging_mixin.py:137} INFO - [2024-06-04T23:43:03.884+0000] {dag.py:2690} INFO - Sync 1 DAGs
[2024-06-04T23:43:03.901+0000] {logging_mixin.py:137} INFO - [2024-06-04T23:43:03.901+0000] {dag.py:3441} INFO - Setting next_dagrun for example_short_circuit_decorator to 2024-06-03T23:43:03.900888+00:00, run_after=2024-06-04T23:43:03.900888+00:00
[2024-06-04T23:43:03.913+0000] {processor.py:175} INFO - Processing /home/airflow/.local/lib/python3.7/site-packages/airflow/example_dags/example_short_circuit_decorator.py took 0.066 seconds
[2024-06-04T23:43:34.614+0000] {processor.py:153} INFO - Started process (PID=1282) to work on /home/airflow/.local/lib/python3.7/site-packages/airflow/example_dags/example_short_circuit_decorator.py
[2024-06-04T23:43:34.615+0000] {processor.py:743} INFO - Processing file /home/airflow/.local/lib/python3.7/site-packages/airflow/example_dags/example_short_circuit_decorator.py for tasks to queue
[2024-06-04T23:43:34.615+0000] {logging_mixin.py:137} INFO - [2024-06-04T23:43:34.615+0000] {dagbag.py:538} INFO - Filling up the DagBag from /home/airflow/.local/lib/python3.7/site-packages/airflow/example_dags/example_short_circuit_decorator.py
[2024-06-04T23:43:34.633+0000] {processor.py:753} INFO - DAG(s) dict_keys(['example_short_circuit_decorator']) retrieved from /home/airflow/.local/lib/python3.7/site-packages/airflow/example_dags/example_short_circuit_decorator.py
[2024-06-04T23:43:34.651+0000] {logging_mixin.py:137} INFO - [2024-06-04T23:43:34.651+0000] {dag.py:2690} INFO - Sync 1 DAGs
[2024-06-04T23:43:34.668+0000] {logging_mixin.py:137} INFO - [2024-06-04T23:43:34.668+0000] {dag.py:3441} INFO - Setting next_dagrun for example_short_circuit_decorator to 2024-06-03T23:43:34.668104+00:00, run_after=2024-06-04T23:43:34.668104+00:00
[2024-06-04T23:43:34.682+0000] {processor.py:175} INFO - Processing /home/airflow/.local/lib/python3.7/site-packages/airflow/example_dags/example_short_circuit_decorator.py took 0.070 seconds
[2024-06-04T23:44:05.496+0000] {processor.py:153} INFO - Started process (PID=1462) to work on /home/airflow/.local/lib/python3.7/site-packages/airflow/example_dags/example_short_circuit_decorator.py
[2024-06-04T23:44:05.498+0000] {processor.py:743} INFO - Processing file /home/airflow/.local/lib/python3.7/site-packages/airflow/example_dags/example_short_circuit_decorator.py for tasks to queue
[2024-06-04T23:44:05.499+0000] {logging_mixin.py:137} INFO - [2024-06-04T23:44:05.498+0000] {dagbag.py:538} INFO - Filling up the DagBag from /home/airflow/.local/lib/python3.7/site-packages/airflow/example_dags/example_short_circuit_decorator.py
[2024-06-04T23:44:05.533+0000] {processor.py:753} INFO - DAG(s) dict_keys(['example_short_circuit_decorator']) retrieved from /home/airflow/.local/lib/python3.7/site-packages/airflow/example_dags/example_short_circuit_decorator.py
[2024-06-04T23:44:05.573+0000] {logging_mixin.py:137} INFO - [2024-06-04T23:44:05.573+0000] {dag.py:2690} INFO - Sync 1 DAGs
[2024-06-04T23:44:05.612+0000] {logging_mixin.py:137} INFO - [2024-06-04T23:44:05.612+0000] {dag.py:3441} INFO - Setting next_dagrun for example_short_circuit_decorator to 2024-06-03T23:44:05.611977+00:00, run_after=2024-06-04T23:44:05.611977+00:00
[2024-06-04T23:44:05.637+0000] {processor.py:175} INFO - Processing /home/airflow/.local/lib/python3.7/site-packages/airflow/example_dags/example_short_circuit_decorator.py took 0.145 seconds
[2024-06-04T23:44:35.917+0000] {processor.py:153} INFO - Started process (PID=1835) to work on /home/airflow/.local/lib/python3.7/site-packages/airflow/example_dags/example_short_circuit_decorator.py
[2024-06-04T23:44:35.918+0000] {processor.py:743} INFO - Processing file /home/airflow/.local/lib/python3.7/site-packages/airflow/example_dags/example_short_circuit_decorator.py for tasks to queue
[2024-06-04T23:44:35.918+0000] {logging_mixin.py:137} INFO - [2024-06-04T23:44:35.918+0000] {dagbag.py:538} INFO - Filling up the DagBag from /home/airflow/.local/lib/python3.7/site-packages/airflow/example_dags/example_short_circuit_decorator.py
[2024-06-04T23:44:35.936+0000] {processor.py:753} INFO - DAG(s) dict_keys(['example_short_circuit_decorator']) retrieved from /home/airflow/.local/lib/python3.7/site-packages/airflow/example_dags/example_short_circuit_decorator.py
[2024-06-04T23:44:35.958+0000] {logging_mixin.py:137} INFO - [2024-06-04T23:44:35.958+0000] {dag.py:2690} INFO - Sync 1 DAGs
[2024-06-04T23:44:35.975+0000] {logging_mixin.py:137} INFO - [2024-06-04T23:44:35.975+0000] {dag.py:3441} INFO - Setting next_dagrun for example_short_circuit_decorator to 2024-06-04T23:44:05.611977+00:00, run_after=2024-06-05T23:44:05.611977+00:00
[2024-06-04T23:44:35.988+0000] {processor.py:175} INFO - Processing /home/airflow/.local/lib/python3.7/site-packages/airflow/example_dags/example_short_circuit_decorator.py took 0.073 seconds
[2024-06-04T23:45:06.177+0000] {processor.py:153} INFO - Started process (PID=2153) to work on /home/airflow/.local/lib/python3.7/site-packages/airflow/example_dags/example_short_circuit_decorator.py
[2024-06-04T23:45:06.177+0000] {processor.py:743} INFO - Processing file /home/airflow/.local/lib/python3.7/site-packages/airflow/example_dags/example_short_circuit_decorator.py for tasks to queue
[2024-06-04T23:45:06.178+0000] {logging_mixin.py:137} INFO - [2024-06-04T23:45:06.178+0000] {dagbag.py:538} INFO - Filling up the DagBag from /home/airflow/.local/lib/python3.7/site-packages/airflow/example_dags/example_short_circuit_decorator.py
[2024-06-04T23:45:06.194+0000] {processor.py:753} INFO - DAG(s) dict_keys(['example_short_circuit_decorator']) retrieved from /home/airflow/.local/lib/python3.7/site-packages/airflow/example_dags/example_short_circuit_decorator.py
[2024-06-04T23:45:06.213+0000] {logging_mixin.py:137} INFO - [2024-06-04T23:45:06.213+0000] {dag.py:2690} INFO - Sync 1 DAGs
[2024-06-04T23:45:06.231+0000] {logging_mixin.py:137} INFO - [2024-06-04T23:45:06.231+0000] {dag.py:3441} INFO - Setting next_dagrun for example_short_circuit_decorator to 2024-06-04T23:44:05.611977+00:00, run_after=2024-06-05T23:44:05.611977+00:00
[2024-06-04T23:45:06.244+0000] {processor.py:175} INFO - Processing /home/airflow/.local/lib/python3.7/site-packages/airflow/example_dags/example_short_circuit_decorator.py took 0.069 seconds
[2024-06-04T23:45:36.692+0000] {processor.py:153} INFO - Started process (PID=2521) to work on /home/airflow/.local/lib/python3.7/site-packages/airflow/example_dags/example_short_circuit_decorator.py
[2024-06-04T23:45:36.694+0000] {processor.py:743} INFO - Processing file /home/airflow/.local/lib/python3.7/site-packages/airflow/example_dags/example_short_circuit_decorator.py for tasks to queue
[2024-06-04T23:45:36.694+0000] {logging_mixin.py:137} INFO - [2024-06-04T23:45:36.694+0000] {dagbag.py:538} INFO - Filling up the DagBag from /home/airflow/.local/lib/python3.7/site-packages/airflow/example_dags/example_short_circuit_decorator.py
[2024-06-04T23:45:36.726+0000] {processor.py:753} INFO - DAG(s) dict_keys(['example_short_circuit_decorator']) retrieved from /home/airflow/.local/lib/python3.7/site-packages/airflow/example_dags/example_short_circuit_decorator.py
[2024-06-04T23:45:36.758+0000] {logging_mixin.py:137} INFO - [2024-06-04T23:45:36.758+0000] {dag.py:2690} INFO - Sync 1 DAGs
[2024-06-04T23:45:36.796+0000] {logging_mixin.py:137} INFO - [2024-06-04T23:45:36.795+0000] {dag.py:3441} INFO - Setting next_dagrun for example_short_circuit_decorator to 2024-06-04T23:44:05.611977+00:00, run_after=2024-06-05T23:44:05.611977+00:00
[2024-06-04T23:45:36.823+0000] {processor.py:175} INFO - Processing /home/airflow/.local/lib/python3.7/site-packages/airflow/example_dags/example_short_circuit_decorator.py took 0.135 seconds
[2024-06-04T23:46:07.073+0000] {processor.py:153} INFO - Started process (PID=2843) to work on /home/airflow/.local/lib/python3.7/site-packages/airflow/example_dags/example_short_circuit_decorator.py
[2024-06-04T23:46:07.074+0000] {processor.py:743} INFO - Processing file /home/airflow/.local/lib/python3.7/site-packages/airflow/example_dags/example_short_circuit_decorator.py for tasks to queue
[2024-06-04T23:46:07.075+0000] {logging_mixin.py:137} INFO - [2024-06-04T23:46:07.074+0000] {dagbag.py:538} INFO - Filling up the DagBag from /home/airflow/.local/lib/python3.7/site-packages/airflow/example_dags/example_short_circuit_decorator.py
[2024-06-04T23:46:07.103+0000] {processor.py:753} INFO - DAG(s) dict_keys(['example_short_circuit_decorator']) retrieved from /home/airflow/.local/lib/python3.7/site-packages/airflow/example_dags/example_short_circuit_decorator.py
[2024-06-04T23:46:07.136+0000] {logging_mixin.py:137} INFO - [2024-06-04T23:46:07.136+0000] {dag.py:2690} INFO - Sync 1 DAGs
[2024-06-04T23:46:07.171+0000] {logging_mixin.py:137} INFO - [2024-06-04T23:46:07.171+0000] {dag.py:3441} INFO - Setting next_dagrun for example_short_circuit_decorator to 2024-06-04T23:44:05.611977+00:00, run_after=2024-06-05T23:44:05.611977+00:00
[2024-06-04T23:46:07.197+0000] {processor.py:175} INFO - Processing /home/airflow/.local/lib/python3.7/site-packages/airflow/example_dags/example_short_circuit_decorator.py took 0.128 seconds
[2024-06-04T23:46:37.493+0000] {processor.py:153} INFO - Started process (PID=3210) to work on /home/airflow/.local/lib/python3.7/site-packages/airflow/example_dags/example_short_circuit_decorator.py
[2024-06-04T23:46:37.494+0000] {processor.py:743} INFO - Processing file /home/airflow/.local/lib/python3.7/site-packages/airflow/example_dags/example_short_circuit_decorator.py for tasks to queue
[2024-06-04T23:46:37.494+0000] {logging_mixin.py:137} INFO - [2024-06-04T23:46:37.494+0000] {dagbag.py:538} INFO - Filling up the DagBag from /home/airflow/.local/lib/python3.7/site-packages/airflow/example_dags/example_short_circuit_decorator.py
[2024-06-04T23:46:37.523+0000] {processor.py:753} INFO - DAG(s) dict_keys(['example_short_circuit_decorator']) retrieved from /home/airflow/.local/lib/python3.7/site-packages/airflow/example_dags/example_short_circuit_decorator.py
[2024-06-04T23:46:37.549+0000] {logging_mixin.py:137} INFO - [2024-06-04T23:46:37.549+0000] {dag.py:2690} INFO - Sync 1 DAGs
[2024-06-04T23:46:37.577+0000] {logging_mixin.py:137} INFO - [2024-06-04T23:46:37.577+0000] {dag.py:3441} INFO - Setting next_dagrun for example_short_circuit_decorator to 2024-06-04T23:44:05.611977+00:00, run_after=2024-06-05T23:44:05.611977+00:00
[2024-06-04T23:46:37.603+0000] {processor.py:175} INFO - Processing /home/airflow/.local/lib/python3.7/site-packages/airflow/example_dags/example_short_circuit_decorator.py took 0.114 seconds
[2024-06-04T23:47:07.708+0000] {processor.py:153} INFO - Started process (PID=3533) to work on /home/airflow/.local/lib/python3.7/site-packages/airflow/example_dags/example_short_circuit_decorator.py
[2024-06-04T23:47:07.709+0000] {processor.py:743} INFO - Processing file /home/airflow/.local/lib/python3.7/site-packages/airflow/example_dags/example_short_circuit_decorator.py for tasks to queue
[2024-06-04T23:47:07.710+0000] {logging_mixin.py:137} INFO - [2024-06-04T23:47:07.709+0000] {dagbag.py:538} INFO - Filling up the DagBag from /home/airflow/.local/lib/python3.7/site-packages/airflow/example_dags/example_short_circuit_decorator.py
[2024-06-04T23:47:07.738+0000] {processor.py:753} INFO - DAG(s) dict_keys(['example_short_circuit_decorator']) retrieved from /home/airflow/.local/lib/python3.7/site-packages/airflow/example_dags/example_short_circuit_decorator.py
[2024-06-04T23:47:07.771+0000] {logging_mixin.py:137} INFO - [2024-06-04T23:47:07.771+0000] {dag.py:2690} INFO - Sync 1 DAGs
[2024-06-04T23:47:07.805+0000] {logging_mixin.py:137} INFO - [2024-06-04T23:47:07.805+0000] {dag.py:3441} INFO - Setting next_dagrun for example_short_circuit_decorator to 2024-06-04T23:44:05.611977+00:00, run_after=2024-06-05T23:44:05.611977+00:00
[2024-06-04T23:47:07.839+0000] {processor.py:175} INFO - Processing /home/airflow/.local/lib/python3.7/site-packages/airflow/example_dags/example_short_circuit_decorator.py took 0.134 seconds
[2024-06-04T23:47:38.839+0000] {processor.py:153} INFO - Started process (PID=3892) to work on /home/airflow/.local/lib/python3.7/site-packages/airflow/example_dags/example_short_circuit_decorator.py
[2024-06-04T23:47:38.840+0000] {processor.py:743} INFO - Processing file /home/airflow/.local/lib/python3.7/site-packages/airflow/example_dags/example_short_circuit_decorator.py for tasks to queue
[2024-06-04T23:47:38.841+0000] {logging_mixin.py:137} INFO - [2024-06-04T23:47:38.841+0000] {dagbag.py:538} INFO - Filling up the DagBag from /home/airflow/.local/lib/python3.7/site-packages/airflow/example_dags/example_short_circuit_decorator.py
[2024-06-04T23:47:38.864+0000] {processor.py:753} INFO - DAG(s) dict_keys(['example_short_circuit_decorator']) retrieved from /home/airflow/.local/lib/python3.7/site-packages/airflow/example_dags/example_short_circuit_decorator.py
[2024-06-04T23:47:38.887+0000] {logging_mixin.py:137} INFO - [2024-06-04T23:47:38.887+0000] {dag.py:2690} INFO - Sync 1 DAGs
[2024-06-04T23:47:38.906+0000] {logging_mixin.py:137} INFO - [2024-06-04T23:47:38.905+0000] {dag.py:3441} INFO - Setting next_dagrun for example_short_circuit_decorator to 2024-06-04T23:44:05.611977+00:00, run_after=2024-06-05T23:44:05.611977+00:00
[2024-06-04T23:47:38.919+0000] {processor.py:175} INFO - Processing /home/airflow/.local/lib/python3.7/site-packages/airflow/example_dags/example_short_circuit_decorator.py took 0.082 seconds
[2024-06-04T23:48:09.255+0000] {processor.py:153} INFO - Started process (PID=4254) to work on /home/airflow/.local/lib/python3.7/site-packages/airflow/example_dags/example_short_circuit_decorator.py
[2024-06-04T23:48:09.256+0000] {processor.py:743} INFO - Processing file /home/airflow/.local/lib/python3.7/site-packages/airflow/example_dags/example_short_circuit_decorator.py for tasks to queue
[2024-06-04T23:48:09.257+0000] {logging_mixin.py:137} INFO - [2024-06-04T23:48:09.257+0000] {dagbag.py:538} INFO - Filling up the DagBag from /home/airflow/.local/lib/python3.7/site-packages/airflow/example_dags/example_short_circuit_decorator.py
[2024-06-04T23:48:09.285+0000] {processor.py:753} INFO - DAG(s) dict_keys(['example_short_circuit_decorator']) retrieved from /home/airflow/.local/lib/python3.7/site-packages/airflow/example_dags/example_short_circuit_decorator.py
[2024-06-04T23:48:09.322+0000] {logging_mixin.py:137} INFO - [2024-06-04T23:48:09.322+0000] {dag.py:2690} INFO - Sync 1 DAGs
[2024-06-04T23:48:09.360+0000] {logging_mixin.py:137} INFO - [2024-06-04T23:48:09.359+0000] {dag.py:3441} INFO - Setting next_dagrun for example_short_circuit_decorator to 2024-06-04T23:44:05.611977+00:00, run_after=2024-06-05T23:44:05.611977+00:00
[2024-06-04T23:48:09.387+0000] {processor.py:175} INFO - Processing /home/airflow/.local/lib/python3.7/site-packages/airflow/example_dags/example_short_circuit_decorator.py took 0.136 seconds
[2024-06-04T23:48:39.886+0000] {processor.py:153} INFO - Started process (PID=4623) to work on /home/airflow/.local/lib/python3.7/site-packages/airflow/example_dags/example_short_circuit_decorator.py
[2024-06-04T23:48:39.887+0000] {processor.py:743} INFO - Processing file /home/airflow/.local/lib/python3.7/site-packages/airflow/example_dags/example_short_circuit_decorator.py for tasks to queue
[2024-06-04T23:48:39.888+0000] {logging_mixin.py:137} INFO - [2024-06-04T23:48:39.888+0000] {dagbag.py:538} INFO - Filling up the DagBag from /home/airflow/.local/lib/python3.7/site-packages/airflow/example_dags/example_short_circuit_decorator.py
[2024-06-04T23:48:39.906+0000] {processor.py:753} INFO - DAG(s) dict_keys(['example_short_circuit_decorator']) retrieved from /home/airflow/.local/lib/python3.7/site-packages/airflow/example_dags/example_short_circuit_decorator.py
[2024-06-04T23:48:39.925+0000] {logging_mixin.py:137} INFO - [2024-06-04T23:48:39.925+0000] {dag.py:2690} INFO - Sync 1 DAGs
[2024-06-04T23:48:39.944+0000] {logging_mixin.py:137} INFO - [2024-06-04T23:48:39.944+0000] {dag.py:3441} INFO - Setting next_dagrun for example_short_circuit_decorator to 2024-06-04T23:44:05.611977+00:00, run_after=2024-06-05T23:44:05.611977+00:00
[2024-06-04T23:48:39.956+0000] {processor.py:175} INFO - Processing /home/airflow/.local/lib/python3.7/site-packages/airflow/example_dags/example_short_circuit_decorator.py took 0.072 seconds
[2024-06-04T23:49:10.025+0000] {processor.py:153} INFO - Started process (PID=5015) to work on /home/airflow/.local/lib/python3.7/site-packages/airflow/example_dags/example_short_circuit_decorator.py
[2024-06-04T23:49:10.027+0000] {processor.py:743} INFO - Processing file /home/airflow/.local/lib/python3.7/site-packages/airflow/example_dags/example_short_circuit_decorator.py for tasks to queue
[2024-06-04T23:49:10.028+0000] {logging_mixin.py:137} INFO - [2024-06-04T23:49:10.027+0000] {dagbag.py:538} INFO - Filling up the DagBag from /home/airflow/.local/lib/python3.7/site-packages/airflow/example_dags/example_short_circuit_decorator.py
[2024-06-04T23:49:10.070+0000] {processor.py:753} INFO - DAG(s) dict_keys(['example_short_circuit_decorator']) retrieved from /home/airflow/.local/lib/python3.7/site-packages/airflow/example_dags/example_short_circuit_decorator.py
[2024-06-04T23:49:10.107+0000] {logging_mixin.py:137} INFO - [2024-06-04T23:49:10.106+0000] {dag.py:2690} INFO - Sync 1 DAGs
[2024-06-04T23:49:10.141+0000] {logging_mixin.py:137} INFO - [2024-06-04T23:49:10.141+0000] {dag.py:3441} INFO - Setting next_dagrun for example_short_circuit_decorator to 2024-06-04T23:44:05.611977+00:00, run_after=2024-06-05T23:44:05.611977+00:00
[2024-06-04T23:49:10.167+0000] {processor.py:175} INFO - Processing /home/airflow/.local/lib/python3.7/site-packages/airflow/example_dags/example_short_circuit_decorator.py took 0.145 seconds
[2024-06-04T23:49:41.071+0000] {processor.py:153} INFO - Started process (PID=5402) to work on /home/airflow/.local/lib/python3.7/site-packages/airflow/example_dags/example_short_circuit_decorator.py
[2024-06-04T23:49:41.072+0000] {processor.py:743} INFO - Processing file /home/airflow/.local/lib/python3.7/site-packages/airflow/example_dags/example_short_circuit_decorator.py for tasks to queue
[2024-06-04T23:49:41.073+0000] {logging_mixin.py:137} INFO - [2024-06-04T23:49:41.073+0000] {dagbag.py:538} INFO - Filling up the DagBag from /home/airflow/.local/lib/python3.7/site-packages/airflow/example_dags/example_short_circuit_decorator.py
[2024-06-04T23:49:41.103+0000] {processor.py:753} INFO - DAG(s) dict_keys(['example_short_circuit_decorator']) retrieved from /home/airflow/.local/lib/python3.7/site-packages/airflow/example_dags/example_short_circuit_decorator.py
[2024-06-04T23:49:41.137+0000] {logging_mixin.py:137} INFO - [2024-06-04T23:49:41.137+0000] {dag.py:2690} INFO - Sync 1 DAGs
[2024-06-04T23:49:41.168+0000] {logging_mixin.py:137} INFO - [2024-06-04T23:49:41.168+0000] {dag.py:3441} INFO - Setting next_dagrun for example_short_circuit_decorator to 2024-06-04T23:44:05.611977+00:00, run_after=2024-06-05T23:44:05.611977+00:00
[2024-06-04T23:49:41.193+0000] {processor.py:175} INFO - Processing /home/airflow/.local/lib/python3.7/site-packages/airflow/example_dags/example_short_circuit_decorator.py took 0.125 seconds
[2024-06-04T23:50:11.409+0000] {processor.py:153} INFO - Started process (PID=5743) to work on /home/airflow/.local/lib/python3.7/site-packages/airflow/example_dags/example_short_circuit_decorator.py
[2024-06-04T23:50:11.410+0000] {processor.py:743} INFO - Processing file /home/airflow/.local/lib/python3.7/site-packages/airflow/example_dags/example_short_circuit_decorator.py for tasks to queue
[2024-06-04T23:50:11.411+0000] {logging_mixin.py:137} INFO - [2024-06-04T23:50:11.410+0000] {dagbag.py:538} INFO - Filling up the DagBag from /home/airflow/.local/lib/python3.7/site-packages/airflow/example_dags/example_short_circuit_decorator.py
[2024-06-04T23:50:11.438+0000] {processor.py:753} INFO - DAG(s) dict_keys(['example_short_circuit_decorator']) retrieved from /home/airflow/.local/lib/python3.7/site-packages/airflow/example_dags/example_short_circuit_decorator.py
[2024-06-04T23:50:11.468+0000] {logging_mixin.py:137} INFO - [2024-06-04T23:50:11.467+0000] {dag.py:2690} INFO - Sync 1 DAGs
[2024-06-04T23:50:11.500+0000] {logging_mixin.py:137} INFO - [2024-06-04T23:50:11.500+0000] {dag.py:3441} INFO - Setting next_dagrun for example_short_circuit_decorator to 2024-06-04T23:44:05.611977+00:00, run_after=2024-06-05T23:44:05.611977+00:00
[2024-06-04T23:50:11.521+0000] {processor.py:175} INFO - Processing /home/airflow/.local/lib/python3.7/site-packages/airflow/example_dags/example_short_circuit_decorator.py took 0.115 seconds
[2024-06-04T23:50:41.777+0000] {processor.py:153} INFO - Started process (PID=6142) to work on /home/airflow/.local/lib/python3.7/site-packages/airflow/example_dags/example_short_circuit_decorator.py
[2024-06-04T23:50:41.778+0000] {processor.py:743} INFO - Processing file /home/airflow/.local/lib/python3.7/site-packages/airflow/example_dags/example_short_circuit_decorator.py for tasks to queue
[2024-06-04T23:50:41.778+0000] {logging_mixin.py:137} INFO - [2024-06-04T23:50:41.778+0000] {dagbag.py:538} INFO - Filling up the DagBag from /home/airflow/.local/lib/python3.7/site-packages/airflow/example_dags/example_short_circuit_decorator.py
[2024-06-04T23:50:41.802+0000] {processor.py:753} INFO - DAG(s) dict_keys(['example_short_circuit_decorator']) retrieved from /home/airflow/.local/lib/python3.7/site-packages/airflow/example_dags/example_short_circuit_decorator.py
[2024-06-04T23:50:41.825+0000] {logging_mixin.py:137} INFO - [2024-06-04T23:50:41.825+0000] {dag.py:2690} INFO - Sync 1 DAGs
[2024-06-04T23:50:41.848+0000] {logging_mixin.py:137} INFO - [2024-06-04T23:50:41.848+0000] {dag.py:3441} INFO - Setting next_dagrun for example_short_circuit_decorator to 2024-06-04T23:44:05.611977+00:00, run_after=2024-06-05T23:44:05.611977+00:00
[2024-06-04T23:50:41.866+0000] {processor.py:175} INFO - Processing /home/airflow/.local/lib/python3.7/site-packages/airflow/example_dags/example_short_circuit_decorator.py took 0.092 seconds
[2024-06-04T23:51:12.279+0000] {processor.py:153} INFO - Started process (PID=6486) to work on /home/airflow/.local/lib/python3.7/site-packages/airflow/example_dags/example_short_circuit_decorator.py
[2024-06-04T23:51:12.280+0000] {processor.py:743} INFO - Processing file /home/airflow/.local/lib/python3.7/site-packages/airflow/example_dags/example_short_circuit_decorator.py for tasks to queue
[2024-06-04T23:51:12.282+0000] {logging_mixin.py:137} INFO - [2024-06-04T23:51:12.281+0000] {dagbag.py:538} INFO - Filling up the DagBag from /home/airflow/.local/lib/python3.7/site-packages/airflow/example_dags/example_short_circuit_decorator.py
[2024-06-04T23:51:12.315+0000] {processor.py:753} INFO - DAG(s) dict_keys(['example_short_circuit_decorator']) retrieved from /home/airflow/.local/lib/python3.7/site-packages/airflow/example_dags/example_short_circuit_decorator.py
[2024-06-04T23:51:12.347+0000] {logging_mixin.py:137} INFO - [2024-06-04T23:51:12.347+0000] {dag.py:2690} INFO - Sync 1 DAGs
[2024-06-04T23:51:12.379+0000] {logging_mixin.py:137} INFO - [2024-06-04T23:51:12.379+0000] {dag.py:3441} INFO - Setting next_dagrun for example_short_circuit_decorator to 2024-06-04T23:44:05.611977+00:00, run_after=2024-06-05T23:44:05.611977+00:00
[2024-06-04T23:51:12.408+0000] {processor.py:175} INFO - Processing /home/airflow/.local/lib/python3.7/site-packages/airflow/example_dags/example_short_circuit_decorator.py took 0.132 seconds
[2024-06-04T23:51:42.748+0000] {processor.py:153} INFO - Started process (PID=6837) to work on /home/airflow/.local/lib/python3.7/site-packages/airflow/example_dags/example_short_circuit_decorator.py
[2024-06-04T23:51:42.748+0000] {processor.py:743} INFO - Processing file /home/airflow/.local/lib/python3.7/site-packages/airflow/example_dags/example_short_circuit_decorator.py for tasks to queue
[2024-06-04T23:51:42.749+0000] {logging_mixin.py:137} INFO - [2024-06-04T23:51:42.748+0000] {dagbag.py:538} INFO - Filling up the DagBag from /home/airflow/.local/lib/python3.7/site-packages/airflow/example_dags/example_short_circuit_decorator.py
[2024-06-04T23:51:42.765+0000] {processor.py:753} INFO - DAG(s) dict_keys(['example_short_circuit_decorator']) retrieved from /home/airflow/.local/lib/python3.7/site-packages/airflow/example_dags/example_short_circuit_decorator.py
[2024-06-04T23:51:42.783+0000] {logging_mixin.py:137} INFO - [2024-06-04T23:51:42.783+0000] {dag.py:2690} INFO - Sync 1 DAGs
[2024-06-04T23:51:42.802+0000] {logging_mixin.py:137} INFO - [2024-06-04T23:51:42.802+0000] {dag.py:3441} INFO - Setting next_dagrun for example_short_circuit_decorator to 2024-06-04T23:44:05.611977+00:00, run_after=2024-06-05T23:44:05.611977+00:00
[2024-06-04T23:51:42.814+0000] {processor.py:175} INFO - Processing /home/airflow/.local/lib/python3.7/site-packages/airflow/example_dags/example_short_circuit_decorator.py took 0.069 seconds
[2024-06-04T23:52:12.862+0000] {processor.py:153} INFO - Started process (PID=7155) to work on /home/airflow/.local/lib/python3.7/site-packages/airflow/example_dags/example_short_circuit_decorator.py
[2024-06-04T23:52:12.863+0000] {processor.py:743} INFO - Processing file /home/airflow/.local/lib/python3.7/site-packages/airflow/example_dags/example_short_circuit_decorator.py for tasks to queue
[2024-06-04T23:52:12.863+0000] {logging_mixin.py:137} INFO - [2024-06-04T23:52:12.863+0000] {dagbag.py:538} INFO - Filling up the DagBag from /home/airflow/.local/lib/python3.7/site-packages/airflow/example_dags/example_short_circuit_decorator.py
[2024-06-04T23:52:12.885+0000] {processor.py:753} INFO - DAG(s) dict_keys(['example_short_circuit_decorator']) retrieved from /home/airflow/.local/lib/python3.7/site-packages/airflow/example_dags/example_short_circuit_decorator.py
[2024-06-04T23:52:12.918+0000] {logging_mixin.py:137} INFO - [2024-06-04T23:52:12.918+0000] {dag.py:2690} INFO - Sync 1 DAGs
[2024-06-04T23:52:12.954+0000] {logging_mixin.py:137} INFO - [2024-06-04T23:52:12.954+0000] {dag.py:3441} INFO - Setting next_dagrun for example_short_circuit_decorator to 2024-06-04T23:44:05.611977+00:00, run_after=2024-06-05T23:44:05.611977+00:00
[2024-06-04T23:52:12.978+0000] {processor.py:175} INFO - Processing /home/airflow/.local/lib/python3.7/site-packages/airflow/example_dags/example_short_circuit_decorator.py took 0.118 seconds
[2024-06-04T23:52:43.114+0000] {processor.py:153} INFO - Started process (PID=7506) to work on /home/airflow/.local/lib/python3.7/site-packages/airflow/example_dags/example_short_circuit_decorator.py
[2024-06-04T23:52:43.115+0000] {processor.py:743} INFO - Processing file /home/airflow/.local/lib/python3.7/site-packages/airflow/example_dags/example_short_circuit_decorator.py for tasks to queue
[2024-06-04T23:52:43.116+0000] {logging_mixin.py:137} INFO - [2024-06-04T23:52:43.116+0000] {dagbag.py:538} INFO - Filling up the DagBag from /home/airflow/.local/lib/python3.7/site-packages/airflow/example_dags/example_short_circuit_decorator.py
[2024-06-04T23:52:43.145+0000] {processor.py:753} INFO - DAG(s) dict_keys(['example_short_circuit_decorator']) retrieved from /home/airflow/.local/lib/python3.7/site-packages/airflow/example_dags/example_short_circuit_decorator.py
[2024-06-04T23:52:43.178+0000] {logging_mixin.py:137} INFO - [2024-06-04T23:52:43.178+0000] {dag.py:2690} INFO - Sync 1 DAGs
[2024-06-04T23:52:43.211+0000] {logging_mixin.py:137} INFO - [2024-06-04T23:52:43.211+0000] {dag.py:3441} INFO - Setting next_dagrun for example_short_circuit_decorator to 2024-06-04T23:44:05.611977+00:00, run_after=2024-06-05T23:44:05.611977+00:00
[2024-06-04T23:52:43.245+0000] {processor.py:175} INFO - Processing /home/airflow/.local/lib/python3.7/site-packages/airflow/example_dags/example_short_circuit_decorator.py took 0.134 seconds
[2024-06-04T23:53:13.499+0000] {processor.py:153} INFO - Started process (PID=7865) to work on /home/airflow/.local/lib/python3.7/site-packages/airflow/example_dags/example_short_circuit_decorator.py
[2024-06-04T23:53:13.500+0000] {processor.py:743} INFO - Processing file /home/airflow/.local/lib/python3.7/site-packages/airflow/example_dags/example_short_circuit_decorator.py for tasks to queue
[2024-06-04T23:53:13.501+0000] {logging_mixin.py:137} INFO - [2024-06-04T23:53:13.501+0000] {dagbag.py:538} INFO - Filling up the DagBag from /home/airflow/.local/lib/python3.7/site-packages/airflow/example_dags/example_short_circuit_decorator.py
[2024-06-04T23:53:13.536+0000] {processor.py:753} INFO - DAG(s) dict_keys(['example_short_circuit_decorator']) retrieved from /home/airflow/.local/lib/python3.7/site-packages/airflow/example_dags/example_short_circuit_decorator.py
[2024-06-04T23:53:13.569+0000] {logging_mixin.py:137} INFO - [2024-06-04T23:53:13.569+0000] {dag.py:2690} INFO - Sync 1 DAGs
[2024-06-04T23:53:13.606+0000] {logging_mixin.py:137} INFO - [2024-06-04T23:53:13.606+0000] {dag.py:3441} INFO - Setting next_dagrun for example_short_circuit_decorator to 2024-06-04T23:44:05.611977+00:00, run_after=2024-06-05T23:44:05.611977+00:00
[2024-06-04T23:53:13.631+0000] {processor.py:175} INFO - Processing /home/airflow/.local/lib/python3.7/site-packages/airflow/example_dags/example_short_circuit_decorator.py took 0.135 seconds
[2024-06-04T23:53:44.279+0000] {processor.py:153} INFO - Started process (PID=8205) to work on /home/airflow/.local/lib/python3.7/site-packages/airflow/example_dags/example_short_circuit_decorator.py
[2024-06-04T23:53:44.280+0000] {processor.py:743} INFO - Processing file /home/airflow/.local/lib/python3.7/site-packages/airflow/example_dags/example_short_circuit_decorator.py for tasks to queue
[2024-06-04T23:53:44.281+0000] {logging_mixin.py:137} INFO - [2024-06-04T23:53:44.281+0000] {dagbag.py:538} INFO - Filling up the DagBag from /home/airflow/.local/lib/python3.7/site-packages/airflow/example_dags/example_short_circuit_decorator.py
[2024-06-04T23:53:44.313+0000] {processor.py:753} INFO - DAG(s) dict_keys(['example_short_circuit_decorator']) retrieved from /home/airflow/.local/lib/python3.7/site-packages/airflow/example_dags/example_short_circuit_decorator.py
[2024-06-04T23:53:44.345+0000] {logging_mixin.py:137} INFO - [2024-06-04T23:53:44.345+0000] {dag.py:2690} INFO - Sync 1 DAGs
[2024-06-04T23:53:44.369+0000] {logging_mixin.py:137} INFO - [2024-06-04T23:53:44.368+0000] {dag.py:3441} INFO - Setting next_dagrun for example_short_circuit_decorator to 2024-06-04T23:44:05.611977+00:00, run_after=2024-06-05T23:44:05.611977+00:00
[2024-06-04T23:53:44.392+0000] {processor.py:175} INFO - Processing /home/airflow/.local/lib/python3.7/site-packages/airflow/example_dags/example_short_circuit_decorator.py took 0.116 seconds
[2024-06-04T23:54:14.805+0000] {processor.py:153} INFO - Started process (PID=8509) to work on /home/airflow/.local/lib/python3.7/site-packages/airflow/example_dags/example_short_circuit_decorator.py
[2024-06-04T23:54:14.806+0000] {processor.py:743} INFO - Processing file /home/airflow/.local/lib/python3.7/site-packages/airflow/example_dags/example_short_circuit_decorator.py for tasks to queue
[2024-06-04T23:54:14.807+0000] {logging_mixin.py:137} INFO - [2024-06-04T23:54:14.807+0000] {dagbag.py:538} INFO - Filling up the DagBag from /home/airflow/.local/lib/python3.7/site-packages/airflow/example_dags/example_short_circuit_decorator.py
[2024-06-04T23:54:14.844+0000] {processor.py:753} INFO - DAG(s) dict_keys(['example_short_circuit_decorator']) retrieved from /home/airflow/.local/lib/python3.7/site-packages/airflow/example_dags/example_short_circuit_decorator.py
[2024-06-04T23:54:14.884+0000] {logging_mixin.py:137} INFO - [2024-06-04T23:54:14.883+0000] {dag.py:2690} INFO - Sync 1 DAGs
[2024-06-04T23:54:14.918+0000] {logging_mixin.py:137} INFO - [2024-06-04T23:54:14.917+0000] {dag.py:3441} INFO - Setting next_dagrun for example_short_circuit_decorator to 2024-06-04T23:44:05.611977+00:00, run_after=2024-06-05T23:44:05.611977+00:00
[2024-06-04T23:54:14.954+0000] {processor.py:175} INFO - Processing /home/airflow/.local/lib/python3.7/site-packages/airflow/example_dags/example_short_circuit_decorator.py took 0.154 seconds
[2024-06-04T23:54:45.246+0000] {processor.py:153} INFO - Started process (PID=8657) to work on /home/airflow/.local/lib/python3.7/site-packages/airflow/example_dags/example_short_circuit_decorator.py
[2024-06-04T23:54:45.246+0000] {processor.py:743} INFO - Processing file /home/airflow/.local/lib/python3.7/site-packages/airflow/example_dags/example_short_circuit_decorator.py for tasks to queue
[2024-06-04T23:54:45.247+0000] {logging_mixin.py:137} INFO - [2024-06-04T23:54:45.247+0000] {dagbag.py:538} INFO - Filling up the DagBag from /home/airflow/.local/lib/python3.7/site-packages/airflow/example_dags/example_short_circuit_decorator.py
[2024-06-04T23:54:45.264+0000] {processor.py:753} INFO - DAG(s) dict_keys(['example_short_circuit_decorator']) retrieved from /home/airflow/.local/lib/python3.7/site-packages/airflow/example_dags/example_short_circuit_decorator.py
[2024-06-04T23:54:45.282+0000] {logging_mixin.py:137} INFO - [2024-06-04T23:54:45.282+0000] {dag.py:2690} INFO - Sync 1 DAGs
[2024-06-04T23:54:45.300+0000] {logging_mixin.py:137} INFO - [2024-06-04T23:54:45.300+0000] {dag.py:3441} INFO - Setting next_dagrun for example_short_circuit_decorator to 2024-06-04T23:44:05.611977+00:00, run_after=2024-06-05T23:44:05.611977+00:00
[2024-06-04T23:54:45.313+0000] {processor.py:175} INFO - Processing /home/airflow/.local/lib/python3.7/site-packages/airflow/example_dags/example_short_circuit_decorator.py took 0.070 seconds
[2024-06-04T23:55:15.377+0000] {processor.py:153} INFO - Started process (PID=8758) to work on /home/airflow/.local/lib/python3.7/site-packages/airflow/example_dags/example_short_circuit_decorator.py
[2024-06-04T23:55:15.378+0000] {processor.py:743} INFO - Processing file /home/airflow/.local/lib/python3.7/site-packages/airflow/example_dags/example_short_circuit_decorator.py for tasks to queue
[2024-06-04T23:55:15.378+0000] {logging_mixin.py:137} INFO - [2024-06-04T23:55:15.378+0000] {dagbag.py:538} INFO - Filling up the DagBag from /home/airflow/.local/lib/python3.7/site-packages/airflow/example_dags/example_short_circuit_decorator.py
[2024-06-04T23:55:15.396+0000] {processor.py:753} INFO - DAG(s) dict_keys(['example_short_circuit_decorator']) retrieved from /home/airflow/.local/lib/python3.7/site-packages/airflow/example_dags/example_short_circuit_decorator.py
[2024-06-04T23:55:15.416+0000] {logging_mixin.py:137} INFO - [2024-06-04T23:55:15.416+0000] {dag.py:2690} INFO - Sync 1 DAGs
[2024-06-04T23:55:15.435+0000] {logging_mixin.py:137} INFO - [2024-06-04T23:55:15.435+0000] {dag.py:3441} INFO - Setting next_dagrun for example_short_circuit_decorator to 2024-06-04T23:44:05.611977+00:00, run_after=2024-06-05T23:44:05.611977+00:00
[2024-06-04T23:55:15.448+0000] {processor.py:175} INFO - Processing /home/airflow/.local/lib/python3.7/site-packages/airflow/example_dags/example_short_circuit_decorator.py took 0.073 seconds
[2024-06-04T23:55:46.394+0000] {processor.py:153} INFO - Started process (PID=8860) to work on /home/airflow/.local/lib/python3.7/site-packages/airflow/example_dags/example_short_circuit_decorator.py
[2024-06-04T23:55:46.395+0000] {processor.py:743} INFO - Processing file /home/airflow/.local/lib/python3.7/site-packages/airflow/example_dags/example_short_circuit_decorator.py for tasks to queue
[2024-06-04T23:55:46.395+0000] {logging_mixin.py:137} INFO - [2024-06-04T23:55:46.395+0000] {dagbag.py:538} INFO - Filling up the DagBag from /home/airflow/.local/lib/python3.7/site-packages/airflow/example_dags/example_short_circuit_decorator.py
[2024-06-04T23:55:46.412+0000] {processor.py:753} INFO - DAG(s) dict_keys(['example_short_circuit_decorator']) retrieved from /home/airflow/.local/lib/python3.7/site-packages/airflow/example_dags/example_short_circuit_decorator.py
[2024-06-04T23:55:46.430+0000] {logging_mixin.py:137} INFO - [2024-06-04T23:55:46.430+0000] {dag.py:2690} INFO - Sync 1 DAGs
[2024-06-04T23:55:46.447+0000] {logging_mixin.py:137} INFO - [2024-06-04T23:55:46.446+0000] {dag.py:3441} INFO - Setting next_dagrun for example_short_circuit_decorator to 2024-06-04T23:44:05.611977+00:00, run_after=2024-06-05T23:44:05.611977+00:00
[2024-06-04T23:55:46.460+0000] {processor.py:175} INFO - Processing /home/airflow/.local/lib/python3.7/site-packages/airflow/example_dags/example_short_circuit_decorator.py took 0.068 seconds
[2024-06-04T23:56:17.130+0000] {processor.py:153} INFO - Started process (PID=8979) to work on /home/airflow/.local/lib/python3.7/site-packages/airflow/example_dags/example_short_circuit_decorator.py
[2024-06-04T23:56:17.131+0000] {processor.py:743} INFO - Processing file /home/airflow/.local/lib/python3.7/site-packages/airflow/example_dags/example_short_circuit_decorator.py for tasks to queue
[2024-06-04T23:56:17.131+0000] {logging_mixin.py:137} INFO - [2024-06-04T23:56:17.131+0000] {dagbag.py:538} INFO - Filling up the DagBag from /home/airflow/.local/lib/python3.7/site-packages/airflow/example_dags/example_short_circuit_decorator.py
[2024-06-04T23:56:17.149+0000] {processor.py:753} INFO - DAG(s) dict_keys(['example_short_circuit_decorator']) retrieved from /home/airflow/.local/lib/python3.7/site-packages/airflow/example_dags/example_short_circuit_decorator.py
[2024-06-04T23:56:17.168+0000] {logging_mixin.py:137} INFO - [2024-06-04T23:56:17.168+0000] {dag.py:2690} INFO - Sync 1 DAGs
[2024-06-04T23:56:17.187+0000] {logging_mixin.py:137} INFO - [2024-06-04T23:56:17.187+0000] {dag.py:3441} INFO - Setting next_dagrun for example_short_circuit_decorator to 2024-06-04T23:44:05.611977+00:00, run_after=2024-06-05T23:44:05.611977+00:00
[2024-06-04T23:56:17.200+0000] {processor.py:175} INFO - Processing /home/airflow/.local/lib/python3.7/site-packages/airflow/example_dags/example_short_circuit_decorator.py took 0.072 seconds
[2024-06-04T23:56:47.333+0000] {processor.py:153} INFO - Started process (PID=9082) to work on /home/airflow/.local/lib/python3.7/site-packages/airflow/example_dags/example_short_circuit_decorator.py
[2024-06-04T23:56:47.333+0000] {processor.py:743} INFO - Processing file /home/airflow/.local/lib/python3.7/site-packages/airflow/example_dags/example_short_circuit_decorator.py for tasks to queue
[2024-06-04T23:56:47.334+0000] {logging_mixin.py:137} INFO - [2024-06-04T23:56:47.334+0000] {dagbag.py:538} INFO - Filling up the DagBag from /home/airflow/.local/lib/python3.7/site-packages/airflow/example_dags/example_short_circuit_decorator.py
[2024-06-04T23:56:47.351+0000] {processor.py:753} INFO - DAG(s) dict_keys(['example_short_circuit_decorator']) retrieved from /home/airflow/.local/lib/python3.7/site-packages/airflow/example_dags/example_short_circuit_decorator.py
[2024-06-04T23:56:47.370+0000] {logging_mixin.py:137} INFO - [2024-06-04T23:56:47.370+0000] {dag.py:2690} INFO - Sync 1 DAGs
[2024-06-04T23:56:47.387+0000] {logging_mixin.py:137} INFO - [2024-06-04T23:56:47.387+0000] {dag.py:3441} INFO - Setting next_dagrun for example_short_circuit_decorator to 2024-06-04T23:44:05.611977+00:00, run_after=2024-06-05T23:44:05.611977+00:00
[2024-06-04T23:56:47.400+0000] {processor.py:175} INFO - Processing /home/airflow/.local/lib/python3.7/site-packages/airflow/example_dags/example_short_circuit_decorator.py took 0.069 seconds
[2024-06-04T23:57:17.478+0000] {processor.py:153} INFO - Started process (PID=9204) to work on /home/airflow/.local/lib/python3.7/site-packages/airflow/example_dags/example_short_circuit_decorator.py
[2024-06-04T23:57:17.479+0000] {processor.py:743} INFO - Processing file /home/airflow/.local/lib/python3.7/site-packages/airflow/example_dags/example_short_circuit_decorator.py for tasks to queue
[2024-06-04T23:57:17.479+0000] {logging_mixin.py:137} INFO - [2024-06-04T23:57:17.479+0000] {dagbag.py:538} INFO - Filling up the DagBag from /home/airflow/.local/lib/python3.7/site-packages/airflow/example_dags/example_short_circuit_decorator.py
[2024-06-04T23:57:17.496+0000] {processor.py:753} INFO - DAG(s) dict_keys(['example_short_circuit_decorator']) retrieved from /home/airflow/.local/lib/python3.7/site-packages/airflow/example_dags/example_short_circuit_decorator.py
[2024-06-04T23:57:17.514+0000] {logging_mixin.py:137} INFO - [2024-06-04T23:57:17.514+0000] {dag.py:2690} INFO - Sync 1 DAGs
[2024-06-04T23:57:17.531+0000] {logging_mixin.py:137} INFO - [2024-06-04T23:57:17.530+0000] {dag.py:3441} INFO - Setting next_dagrun for example_short_circuit_decorator to 2024-06-04T23:44:05.611977+00:00, run_after=2024-06-05T23:44:05.611977+00:00
[2024-06-04T23:57:17.542+0000] {processor.py:175} INFO - Processing /home/airflow/.local/lib/python3.7/site-packages/airflow/example_dags/example_short_circuit_decorator.py took 0.066 seconds
[2024-06-04T23:57:47.577+0000] {processor.py:153} INFO - Started process (PID=9291) to work on /home/airflow/.local/lib/python3.7/site-packages/airflow/example_dags/example_short_circuit_decorator.py
[2024-06-04T23:57:47.577+0000] {processor.py:743} INFO - Processing file /home/airflow/.local/lib/python3.7/site-packages/airflow/example_dags/example_short_circuit_decorator.py for tasks to queue
[2024-06-04T23:57:47.578+0000] {logging_mixin.py:137} INFO - [2024-06-04T23:57:47.578+0000] {dagbag.py:538} INFO - Filling up the DagBag from /home/airflow/.local/lib/python3.7/site-packages/airflow/example_dags/example_short_circuit_decorator.py
[2024-06-04T23:57:47.596+0000] {processor.py:753} INFO - DAG(s) dict_keys(['example_short_circuit_decorator']) retrieved from /home/airflow/.local/lib/python3.7/site-packages/airflow/example_dags/example_short_circuit_decorator.py
[2024-06-04T23:57:47.616+0000] {logging_mixin.py:137} INFO - [2024-06-04T23:57:47.615+0000] {dag.py:2690} INFO - Sync 1 DAGs
[2024-06-04T23:57:47.636+0000] {logging_mixin.py:137} INFO - [2024-06-04T23:57:47.636+0000] {dag.py:3441} INFO - Setting next_dagrun for example_short_circuit_decorator to 2024-06-04T23:44:05.611977+00:00, run_after=2024-06-05T23:44:05.611977+00:00
[2024-06-04T23:57:47.651+0000] {processor.py:175} INFO - Processing /home/airflow/.local/lib/python3.7/site-packages/airflow/example_dags/example_short_circuit_decorator.py took 0.076 seconds
[2024-06-04T23:58:17.736+0000] {processor.py:153} INFO - Started process (PID=9411) to work on /home/airflow/.local/lib/python3.7/site-packages/airflow/example_dags/example_short_circuit_decorator.py
[2024-06-04T23:58:17.737+0000] {processor.py:743} INFO - Processing file /home/airflow/.local/lib/python3.7/site-packages/airflow/example_dags/example_short_circuit_decorator.py for tasks to queue
[2024-06-04T23:58:17.738+0000] {logging_mixin.py:137} INFO - [2024-06-04T23:58:17.737+0000] {dagbag.py:538} INFO - Filling up the DagBag from /home/airflow/.local/lib/python3.7/site-packages/airflow/example_dags/example_short_circuit_decorator.py
[2024-06-04T23:58:17.756+0000] {processor.py:753} INFO - DAG(s) dict_keys(['example_short_circuit_decorator']) retrieved from /home/airflow/.local/lib/python3.7/site-packages/airflow/example_dags/example_short_circuit_decorator.py
[2024-06-04T23:58:17.775+0000] {logging_mixin.py:137} INFO - [2024-06-04T23:58:17.775+0000] {dag.py:2690} INFO - Sync 1 DAGs
[2024-06-04T23:58:17.793+0000] {logging_mixin.py:137} INFO - [2024-06-04T23:58:17.793+0000] {dag.py:3441} INFO - Setting next_dagrun for example_short_circuit_decorator to 2024-06-04T23:44:05.611977+00:00, run_after=2024-06-05T23:44:05.611977+00:00
[2024-06-04T23:58:17.807+0000] {processor.py:175} INFO - Processing /home/airflow/.local/lib/python3.7/site-packages/airflow/example_dags/example_short_circuit_decorator.py took 0.073 seconds
[2024-06-04T23:58:47.836+0000] {processor.py:153} INFO - Started process (PID=9507) to work on /home/airflow/.local/lib/python3.7/site-packages/airflow/example_dags/example_short_circuit_decorator.py
[2024-06-04T23:58:47.837+0000] {processor.py:743} INFO - Processing file /home/airflow/.local/lib/python3.7/site-packages/airflow/example_dags/example_short_circuit_decorator.py for tasks to queue
[2024-06-04T23:58:47.837+0000] {logging_mixin.py:137} INFO - [2024-06-04T23:58:47.837+0000] {dagbag.py:538} INFO - Filling up the DagBag from /home/airflow/.local/lib/python3.7/site-packages/airflow/example_dags/example_short_circuit_decorator.py
[2024-06-04T23:58:47.859+0000] {processor.py:753} INFO - DAG(s) dict_keys(['example_short_circuit_decorator']) retrieved from /home/airflow/.local/lib/python3.7/site-packages/airflow/example_dags/example_short_circuit_decorator.py
[2024-06-04T23:58:47.879+0000] {logging_mixin.py:137} INFO - [2024-06-04T23:58:47.879+0000] {dag.py:2690} INFO - Sync 1 DAGs
[2024-06-04T23:58:47.899+0000] {logging_mixin.py:137} INFO - [2024-06-04T23:58:47.899+0000] {dag.py:3441} INFO - Setting next_dagrun for example_short_circuit_decorator to 2024-06-04T23:44:05.611977+00:00, run_after=2024-06-05T23:44:05.611977+00:00
[2024-06-04T23:58:47.913+0000] {processor.py:175} INFO - Processing /home/airflow/.local/lib/python3.7/site-packages/airflow/example_dags/example_short_circuit_decorator.py took 0.081 seconds
[2024-06-04T23:59:18.852+0000] {processor.py:153} INFO - Started process (PID=9614) to work on /home/airflow/.local/lib/python3.7/site-packages/airflow/example_dags/example_short_circuit_decorator.py
[2024-06-04T23:59:18.853+0000] {processor.py:743} INFO - Processing file /home/airflow/.local/lib/python3.7/site-packages/airflow/example_dags/example_short_circuit_decorator.py for tasks to queue
[2024-06-04T23:59:18.853+0000] {logging_mixin.py:137} INFO - [2024-06-04T23:59:18.853+0000] {dagbag.py:538} INFO - Filling up the DagBag from /home/airflow/.local/lib/python3.7/site-packages/airflow/example_dags/example_short_circuit_decorator.py
[2024-06-04T23:59:18.870+0000] {processor.py:753} INFO - DAG(s) dict_keys(['example_short_circuit_decorator']) retrieved from /home/airflow/.local/lib/python3.7/site-packages/airflow/example_dags/example_short_circuit_decorator.py
[2024-06-04T23:59:18.888+0000] {logging_mixin.py:137} INFO - [2024-06-04T23:59:18.888+0000] {dag.py:2690} INFO - Sync 1 DAGs
[2024-06-04T23:59:18.904+0000] {logging_mixin.py:137} INFO - [2024-06-04T23:59:18.904+0000] {dag.py:3441} INFO - Setting next_dagrun for example_short_circuit_decorator to 2024-06-04T23:44:05.611977+00:00, run_after=2024-06-05T23:44:05.611977+00:00
[2024-06-04T23:59:18.917+0000] {processor.py:175} INFO - Processing /home/airflow/.local/lib/python3.7/site-packages/airflow/example_dags/example_short_circuit_decorator.py took 0.067 seconds
[2024-06-04T23:59:49.637+0000] {processor.py:153} INFO - Started process (PID=9725) to work on /home/airflow/.local/lib/python3.7/site-packages/airflow/example_dags/example_short_circuit_decorator.py
[2024-06-04T23:59:49.638+0000] {processor.py:743} INFO - Processing file /home/airflow/.local/lib/python3.7/site-packages/airflow/example_dags/example_short_circuit_decorator.py for tasks to queue
[2024-06-04T23:59:49.639+0000] {logging_mixin.py:137} INFO - [2024-06-04T23:59:49.638+0000] {dagbag.py:538} INFO - Filling up the DagBag from /home/airflow/.local/lib/python3.7/site-packages/airflow/example_dags/example_short_circuit_decorator.py
[2024-06-04T23:59:49.656+0000] {processor.py:753} INFO - DAG(s) dict_keys(['example_short_circuit_decorator']) retrieved from /home/airflow/.local/lib/python3.7/site-packages/airflow/example_dags/example_short_circuit_decorator.py
[2024-06-04T23:59:49.676+0000] {logging_mixin.py:137} INFO - [2024-06-04T23:59:49.676+0000] {dag.py:2690} INFO - Sync 1 DAGs
[2024-06-04T23:59:49.696+0000] {logging_mixin.py:137} INFO - [2024-06-04T23:59:49.696+0000] {dag.py:3441} INFO - Setting next_dagrun for example_short_circuit_decorator to 2024-06-04T23:44:05.611977+00:00, run_after=2024-06-05T23:44:05.611977+00:00
[2024-06-04T23:59:49.711+0000] {processor.py:175} INFO - Processing /home/airflow/.local/lib/python3.7/site-packages/airflow/example_dags/example_short_circuit_decorator.py took 0.076 seconds
