[2024-06-04T23:37:26.812+0000] {processor.py:153} INFO - Started process (PID=63) to work on /home/airflow/.local/lib/python3.7/site-packages/airflow/example_dags/example_task_group.py
[2024-06-04T23:37:26.813+0000] {processor.py:743} INFO - Processing file /home/airflow/.local/lib/python3.7/site-packages/airflow/example_dags/example_task_group.py for tasks to queue
[2024-06-04T23:37:26.813+0000] {logging_mixin.py:137} INFO - [2024-06-04T23:37:26.813+0000] {dagbag.py:538} INFO - Filling up the DagBag from /home/airflow/.local/lib/python3.7/site-packages/airflow/example_dags/example_task_group.py
[2024-06-04T23:37:26.826+0000] {processor.py:753} INFO - DAG(s) dict_keys(['example_task_group']) retrieved from /home/airflow/.local/lib/python3.7/site-packages/airflow/example_dags/example_task_group.py
[2024-06-04T23:37:26.910+0000] {logging_mixin.py:137} INFO - [2024-06-04T23:37:26.910+0000] {manager.py:504} INFO - Created Permission View: can edit on DAG:example_task_group
[2024-06-04T23:37:26.916+0000] {logging_mixin.py:137} INFO - [2024-06-04T23:37:26.916+0000] {manager.py:504} INFO - Created Permission View: can read on DAG:example_task_group
[2024-06-04T23:37:26.921+0000] {logging_mixin.py:137} INFO - [2024-06-04T23:37:26.921+0000] {manager.py:504} INFO - Created Permission View: can delete on DAG:example_task_group
[2024-06-04T23:37:26.921+0000] {logging_mixin.py:137} INFO - [2024-06-04T23:37:26.921+0000] {dag.py:2690} INFO - Sync 1 DAGs
[2024-06-04T23:37:26.931+0000] {logging_mixin.py:137} INFO - [2024-06-04T23:37:26.930+0000] {dag.py:2711} INFO - Creating ORM DAG for example_task_group
[2024-06-04T23:37:26.939+0000] {logging_mixin.py:137} INFO - [2024-06-04T23:37:26.939+0000] {dag.py:3441} INFO - Setting next_dagrun for example_task_group to 2024-06-03T23:37:26.939265+00:00, run_after=2024-06-04T23:37:26.939265+00:00
[2024-06-04T23:37:26.952+0000] {processor.py:175} INFO - Processing /home/airflow/.local/lib/python3.7/site-packages/airflow/example_dags/example_task_group.py took 0.142 seconds
[2024-06-04T23:37:57.549+0000] {processor.py:153} INFO - Started process (PID=174) to work on /home/airflow/.local/lib/python3.7/site-packages/airflow/example_dags/example_task_group.py
[2024-06-04T23:37:57.550+0000] {processor.py:743} INFO - Processing file /home/airflow/.local/lib/python3.7/site-packages/airflow/example_dags/example_task_group.py for tasks to queue
[2024-06-04T23:37:57.550+0000] {logging_mixin.py:137} INFO - [2024-06-04T23:37:57.550+0000] {dagbag.py:538} INFO - Filling up the DagBag from /home/airflow/.local/lib/python3.7/site-packages/airflow/example_dags/example_task_group.py
[2024-06-04T23:37:57.562+0000] {processor.py:753} INFO - DAG(s) dict_keys(['example_task_group']) retrieved from /home/airflow/.local/lib/python3.7/site-packages/airflow/example_dags/example_task_group.py
[2024-06-04T23:37:57.580+0000] {logging_mixin.py:137} INFO - [2024-06-04T23:37:57.580+0000] {dag.py:2690} INFO - Sync 1 DAGs
[2024-06-04T23:37:57.597+0000] {logging_mixin.py:137} INFO - [2024-06-04T23:37:57.597+0000] {dag.py:3441} INFO - Setting next_dagrun for example_task_group to 2024-06-03T23:37:57.597545+00:00, run_after=2024-06-04T23:37:57.597545+00:00
[2024-06-04T23:37:57.610+0000] {processor.py:175} INFO - Processing /home/airflow/.local/lib/python3.7/site-packages/airflow/example_dags/example_task_group.py took 0.063 seconds
[2024-06-04T23:38:28.455+0000] {processor.py:153} INFO - Started process (PID=285) to work on /home/airflow/.local/lib/python3.7/site-packages/airflow/example_dags/example_task_group.py
[2024-06-04T23:38:28.456+0000] {processor.py:743} INFO - Processing file /home/airflow/.local/lib/python3.7/site-packages/airflow/example_dags/example_task_group.py for tasks to queue
[2024-06-04T23:38:28.456+0000] {logging_mixin.py:137} INFO - [2024-06-04T23:38:28.456+0000] {dagbag.py:538} INFO - Filling up the DagBag from /home/airflow/.local/lib/python3.7/site-packages/airflow/example_dags/example_task_group.py
[2024-06-04T23:38:28.469+0000] {processor.py:753} INFO - DAG(s) dict_keys(['example_task_group']) retrieved from /home/airflow/.local/lib/python3.7/site-packages/airflow/example_dags/example_task_group.py
[2024-06-04T23:38:28.490+0000] {logging_mixin.py:137} INFO - [2024-06-04T23:38:28.490+0000] {dag.py:2690} INFO - Sync 1 DAGs
[2024-06-04T23:38:28.510+0000] {logging_mixin.py:137} INFO - [2024-06-04T23:38:28.510+0000] {dag.py:3441} INFO - Setting next_dagrun for example_task_group to 2024-06-03T23:38:28.510201+00:00, run_after=2024-06-04T23:38:28.510201+00:00
[2024-06-04T23:38:28.525+0000] {processor.py:175} INFO - Processing /home/airflow/.local/lib/python3.7/site-packages/airflow/example_dags/example_task_group.py took 0.072 seconds
[2024-06-04T23:38:59.288+0000] {processor.py:153} INFO - Started process (PID=372) to work on /home/airflow/.local/lib/python3.7/site-packages/airflow/example_dags/example_task_group.py
[2024-06-04T23:38:59.288+0000] {processor.py:743} INFO - Processing file /home/airflow/.local/lib/python3.7/site-packages/airflow/example_dags/example_task_group.py for tasks to queue
[2024-06-04T23:38:59.289+0000] {logging_mixin.py:137} INFO - [2024-06-04T23:38:59.289+0000] {dagbag.py:538} INFO - Filling up the DagBag from /home/airflow/.local/lib/python3.7/site-packages/airflow/example_dags/example_task_group.py
[2024-06-04T23:38:59.300+0000] {processor.py:753} INFO - DAG(s) dict_keys(['example_task_group']) retrieved from /home/airflow/.local/lib/python3.7/site-packages/airflow/example_dags/example_task_group.py
[2024-06-04T23:38:59.322+0000] {logging_mixin.py:137} INFO - [2024-06-04T23:38:59.322+0000] {dag.py:2690} INFO - Sync 1 DAGs
[2024-06-04T23:38:59.343+0000] {logging_mixin.py:137} INFO - [2024-06-04T23:38:59.343+0000] {dag.py:3441} INFO - Setting next_dagrun for example_task_group to 2024-06-03T23:38:59.343122+00:00, run_after=2024-06-04T23:38:59.343122+00:00
[2024-06-04T23:38:59.357+0000] {processor.py:175} INFO - Processing /home/airflow/.local/lib/python3.7/site-packages/airflow/example_dags/example_task_group.py took 0.072 seconds
[2024-06-04T23:39:29.986+0000] {processor.py:153} INFO - Started process (PID=483) to work on /home/airflow/.local/lib/python3.7/site-packages/airflow/example_dags/example_task_group.py
[2024-06-04T23:39:29.987+0000] {processor.py:743} INFO - Processing file /home/airflow/.local/lib/python3.7/site-packages/airflow/example_dags/example_task_group.py for tasks to queue
[2024-06-04T23:39:29.988+0000] {logging_mixin.py:137} INFO - [2024-06-04T23:39:29.988+0000] {dagbag.py:538} INFO - Filling up the DagBag from /home/airflow/.local/lib/python3.7/site-packages/airflow/example_dags/example_task_group.py
[2024-06-04T23:39:29.999+0000] {processor.py:753} INFO - DAG(s) dict_keys(['example_task_group']) retrieved from /home/airflow/.local/lib/python3.7/site-packages/airflow/example_dags/example_task_group.py
[2024-06-04T23:39:30.017+0000] {logging_mixin.py:137} INFO - [2024-06-04T23:39:30.016+0000] {dag.py:2690} INFO - Sync 1 DAGs
[2024-06-04T23:39:30.033+0000] {logging_mixin.py:137} INFO - [2024-06-04T23:39:30.033+0000] {dag.py:3441} INFO - Setting next_dagrun for example_task_group to 2024-06-03T23:39:30.033615+00:00, run_after=2024-06-04T23:39:30.033615+00:00
[2024-06-04T23:39:30.046+0000] {processor.py:175} INFO - Processing /home/airflow/.local/lib/python3.7/site-packages/airflow/example_dags/example_task_group.py took 0.062 seconds
[2024-06-04T23:40:00.716+0000] {processor.py:153} INFO - Started process (PID=570) to work on /home/airflow/.local/lib/python3.7/site-packages/airflow/example_dags/example_task_group.py
[2024-06-04T23:40:00.717+0000] {processor.py:743} INFO - Processing file /home/airflow/.local/lib/python3.7/site-packages/airflow/example_dags/example_task_group.py for tasks to queue
[2024-06-04T23:40:00.717+0000] {logging_mixin.py:137} INFO - [2024-06-04T23:40:00.717+0000] {dagbag.py:538} INFO - Filling up the DagBag from /home/airflow/.local/lib/python3.7/site-packages/airflow/example_dags/example_task_group.py
[2024-06-04T23:40:00.728+0000] {processor.py:753} INFO - DAG(s) dict_keys(['example_task_group']) retrieved from /home/airflow/.local/lib/python3.7/site-packages/airflow/example_dags/example_task_group.py
[2024-06-04T23:40:00.746+0000] {logging_mixin.py:137} INFO - [2024-06-04T23:40:00.746+0000] {dag.py:2690} INFO - Sync 1 DAGs
[2024-06-04T23:40:00.763+0000] {logging_mixin.py:137} INFO - [2024-06-04T23:40:00.763+0000] {dag.py:3441} INFO - Setting next_dagrun for example_task_group to 2024-06-03T23:40:00.763263+00:00, run_after=2024-06-04T23:40:00.763263+00:00
[2024-06-04T23:40:00.776+0000] {processor.py:175} INFO - Processing /home/airflow/.local/lib/python3.7/site-packages/airflow/example_dags/example_task_group.py took 0.063 seconds
[2024-06-04T23:40:31.405+0000] {processor.py:153} INFO - Started process (PID=681) to work on /home/airflow/.local/lib/python3.7/site-packages/airflow/example_dags/example_task_group.py
[2024-06-04T23:40:31.405+0000] {processor.py:743} INFO - Processing file /home/airflow/.local/lib/python3.7/site-packages/airflow/example_dags/example_task_group.py for tasks to queue
[2024-06-04T23:40:31.406+0000] {logging_mixin.py:137} INFO - [2024-06-04T23:40:31.406+0000] {dagbag.py:538} INFO - Filling up the DagBag from /home/airflow/.local/lib/python3.7/site-packages/airflow/example_dags/example_task_group.py
[2024-06-04T23:40:31.417+0000] {processor.py:753} INFO - DAG(s) dict_keys(['example_task_group']) retrieved from /home/airflow/.local/lib/python3.7/site-packages/airflow/example_dags/example_task_group.py
[2024-06-04T23:40:31.435+0000] {logging_mixin.py:137} INFO - [2024-06-04T23:40:31.434+0000] {dag.py:2690} INFO - Sync 1 DAGs
[2024-06-04T23:40:31.452+0000] {logging_mixin.py:137} INFO - [2024-06-04T23:40:31.452+0000] {dag.py:3441} INFO - Setting next_dagrun for example_task_group to 2024-06-03T23:40:31.452646+00:00, run_after=2024-06-04T23:40:31.452646+00:00
[2024-06-04T23:40:31.465+0000] {processor.py:175} INFO - Processing /home/airflow/.local/lib/python3.7/site-packages/airflow/example_dags/example_task_group.py took 0.062 seconds
[2024-06-04T23:41:02.141+0000] {processor.py:153} INFO - Started process (PID=792) to work on /home/airflow/.local/lib/python3.7/site-packages/airflow/example_dags/example_task_group.py
[2024-06-04T23:41:02.142+0000] {processor.py:743} INFO - Processing file /home/airflow/.local/lib/python3.7/site-packages/airflow/example_dags/example_task_group.py for tasks to queue
[2024-06-04T23:41:02.142+0000] {logging_mixin.py:137} INFO - [2024-06-04T23:41:02.142+0000] {dagbag.py:538} INFO - Filling up the DagBag from /home/airflow/.local/lib/python3.7/site-packages/airflow/example_dags/example_task_group.py
[2024-06-04T23:41:02.153+0000] {processor.py:753} INFO - DAG(s) dict_keys(['example_task_group']) retrieved from /home/airflow/.local/lib/python3.7/site-packages/airflow/example_dags/example_task_group.py
[2024-06-04T23:41:02.172+0000] {logging_mixin.py:137} INFO - [2024-06-04T23:41:02.172+0000] {dag.py:2690} INFO - Sync 1 DAGs
[2024-06-04T23:41:02.189+0000] {logging_mixin.py:137} INFO - [2024-06-04T23:41:02.189+0000] {dag.py:3441} INFO - Setting next_dagrun for example_task_group to 2024-06-03T23:41:02.188984+00:00, run_after=2024-06-04T23:41:02.188984+00:00
[2024-06-04T23:41:02.201+0000] {processor.py:175} INFO - Processing /home/airflow/.local/lib/python3.7/site-packages/airflow/example_dags/example_task_group.py took 0.062 seconds
[2024-06-04T23:41:32.836+0000] {processor.py:153} INFO - Started process (PID=879) to work on /home/airflow/.local/lib/python3.7/site-packages/airflow/example_dags/example_task_group.py
[2024-06-04T23:41:32.836+0000] {processor.py:743} INFO - Processing file /home/airflow/.local/lib/python3.7/site-packages/airflow/example_dags/example_task_group.py for tasks to queue
[2024-06-04T23:41:32.837+0000] {logging_mixin.py:137} INFO - [2024-06-04T23:41:32.836+0000] {dagbag.py:538} INFO - Filling up the DagBag from /home/airflow/.local/lib/python3.7/site-packages/airflow/example_dags/example_task_group.py
[2024-06-04T23:41:32.848+0000] {processor.py:753} INFO - DAG(s) dict_keys(['example_task_group']) retrieved from /home/airflow/.local/lib/python3.7/site-packages/airflow/example_dags/example_task_group.py
[2024-06-04T23:41:32.866+0000] {logging_mixin.py:137} INFO - [2024-06-04T23:41:32.866+0000] {dag.py:2690} INFO - Sync 1 DAGs
[2024-06-04T23:41:32.883+0000] {logging_mixin.py:137} INFO - [2024-06-04T23:41:32.883+0000] {dag.py:3441} INFO - Setting next_dagrun for example_task_group to 2024-06-03T23:41:32.882986+00:00, run_after=2024-06-04T23:41:32.882986+00:00
[2024-06-04T23:41:32.895+0000] {processor.py:175} INFO - Processing /home/airflow/.local/lib/python3.7/site-packages/airflow/example_dags/example_task_group.py took 0.062 seconds
[2024-06-04T23:42:03.600+0000] {processor.py:153} INFO - Started process (PID=990) to work on /home/airflow/.local/lib/python3.7/site-packages/airflow/example_dags/example_task_group.py
[2024-06-04T23:42:03.600+0000] {processor.py:743} INFO - Processing file /home/airflow/.local/lib/python3.7/site-packages/airflow/example_dags/example_task_group.py for tasks to queue
[2024-06-04T23:42:03.601+0000] {logging_mixin.py:137} INFO - [2024-06-04T23:42:03.601+0000] {dagbag.py:538} INFO - Filling up the DagBag from /home/airflow/.local/lib/python3.7/site-packages/airflow/example_dags/example_task_group.py
[2024-06-04T23:42:03.612+0000] {processor.py:753} INFO - DAG(s) dict_keys(['example_task_group']) retrieved from /home/airflow/.local/lib/python3.7/site-packages/airflow/example_dags/example_task_group.py
[2024-06-04T23:42:03.632+0000] {logging_mixin.py:137} INFO - [2024-06-04T23:42:03.632+0000] {dag.py:2690} INFO - Sync 1 DAGs
[2024-06-04T23:42:03.652+0000] {logging_mixin.py:137} INFO - [2024-06-04T23:42:03.652+0000] {dag.py:3441} INFO - Setting next_dagrun for example_task_group to 2024-06-03T23:42:03.652549+00:00, run_after=2024-06-04T23:42:03.652549+00:00
[2024-06-04T23:42:03.665+0000] {processor.py:175} INFO - Processing /home/airflow/.local/lib/python3.7/site-packages/airflow/example_dags/example_task_group.py took 0.068 seconds
[2024-06-04T23:42:33.703+0000] {processor.py:153} INFO - Started process (PID=1084) to work on /home/airflow/.local/lib/python3.7/site-packages/airflow/example_dags/example_task_group.py
[2024-06-04T23:42:33.703+0000] {processor.py:743} INFO - Processing file /home/airflow/.local/lib/python3.7/site-packages/airflow/example_dags/example_task_group.py for tasks to queue
[2024-06-04T23:42:33.704+0000] {logging_mixin.py:137} INFO - [2024-06-04T23:42:33.703+0000] {dagbag.py:538} INFO - Filling up the DagBag from /home/airflow/.local/lib/python3.7/site-packages/airflow/example_dags/example_task_group.py
[2024-06-04T23:42:33.715+0000] {processor.py:753} INFO - DAG(s) dict_keys(['example_task_group']) retrieved from /home/airflow/.local/lib/python3.7/site-packages/airflow/example_dags/example_task_group.py
[2024-06-04T23:42:33.733+0000] {logging_mixin.py:137} INFO - [2024-06-04T23:42:33.733+0000] {dag.py:2690} INFO - Sync 1 DAGs
[2024-06-04T23:42:33.750+0000] {logging_mixin.py:137} INFO - [2024-06-04T23:42:33.750+0000] {dag.py:3441} INFO - Setting next_dagrun for example_task_group to 2024-06-03T23:42:33.750456+00:00, run_after=2024-06-04T23:42:33.750456+00:00
[2024-06-04T23:42:33.763+0000] {processor.py:175} INFO - Processing /home/airflow/.local/lib/python3.7/site-packages/airflow/example_dags/example_task_group.py took 0.062 seconds
[2024-06-04T23:43:04.676+0000] {processor.py:153} INFO - Started process (PID=1188) to work on /home/airflow/.local/lib/python3.7/site-packages/airflow/example_dags/example_task_group.py
[2024-06-04T23:43:04.677+0000] {processor.py:743} INFO - Processing file /home/airflow/.local/lib/python3.7/site-packages/airflow/example_dags/example_task_group.py for tasks to queue
[2024-06-04T23:43:04.677+0000] {logging_mixin.py:137} INFO - [2024-06-04T23:43:04.677+0000] {dagbag.py:538} INFO - Filling up the DagBag from /home/airflow/.local/lib/python3.7/site-packages/airflow/example_dags/example_task_group.py
[2024-06-04T23:43:04.688+0000] {processor.py:753} INFO - DAG(s) dict_keys(['example_task_group']) retrieved from /home/airflow/.local/lib/python3.7/site-packages/airflow/example_dags/example_task_group.py
[2024-06-04T23:43:04.706+0000] {logging_mixin.py:137} INFO - [2024-06-04T23:43:04.706+0000] {dag.py:2690} INFO - Sync 1 DAGs
[2024-06-04T23:43:04.723+0000] {logging_mixin.py:137} INFO - [2024-06-04T23:43:04.723+0000] {dag.py:3441} INFO - Setting next_dagrun for example_task_group to 2024-06-03T23:43:04.723018+00:00, run_after=2024-06-04T23:43:04.723018+00:00
[2024-06-04T23:43:04.735+0000] {processor.py:175} INFO - Processing /home/airflow/.local/lib/python3.7/site-packages/airflow/example_dags/example_task_group.py took 0.061 seconds
[2024-06-04T23:43:35.491+0000] {processor.py:153} INFO - Started process (PID=1299) to work on /home/airflow/.local/lib/python3.7/site-packages/airflow/example_dags/example_task_group.py
[2024-06-04T23:43:35.491+0000] {processor.py:743} INFO - Processing file /home/airflow/.local/lib/python3.7/site-packages/airflow/example_dags/example_task_group.py for tasks to queue
[2024-06-04T23:43:35.492+0000] {logging_mixin.py:137} INFO - [2024-06-04T23:43:35.491+0000] {dagbag.py:538} INFO - Filling up the DagBag from /home/airflow/.local/lib/python3.7/site-packages/airflow/example_dags/example_task_group.py
[2024-06-04T23:43:35.502+0000] {processor.py:753} INFO - DAG(s) dict_keys(['example_task_group']) retrieved from /home/airflow/.local/lib/python3.7/site-packages/airflow/example_dags/example_task_group.py
[2024-06-04T23:43:35.521+0000] {logging_mixin.py:137} INFO - [2024-06-04T23:43:35.521+0000] {dag.py:2690} INFO - Sync 1 DAGs
[2024-06-04T23:43:35.539+0000] {logging_mixin.py:137} INFO - [2024-06-04T23:43:35.539+0000] {dag.py:3441} INFO - Setting next_dagrun for example_task_group to 2024-06-03T23:43:35.539186+00:00, run_after=2024-06-04T23:43:35.539186+00:00
[2024-06-04T23:43:35.552+0000] {processor.py:175} INFO - Processing /home/airflow/.local/lib/python3.7/site-packages/airflow/example_dags/example_task_group.py took 0.064 seconds
[2024-06-04T23:44:07.030+0000] {processor.py:153} INFO - Started process (PID=1499) to work on /home/airflow/.local/lib/python3.7/site-packages/airflow/example_dags/example_task_group.py
[2024-06-04T23:44:07.031+0000] {processor.py:743} INFO - Processing file /home/airflow/.local/lib/python3.7/site-packages/airflow/example_dags/example_task_group.py for tasks to queue
[2024-06-04T23:44:07.031+0000] {logging_mixin.py:137} INFO - [2024-06-04T23:44:07.031+0000] {dagbag.py:538} INFO - Filling up the DagBag from /home/airflow/.local/lib/python3.7/site-packages/airflow/example_dags/example_task_group.py
[2024-06-04T23:44:07.051+0000] {processor.py:753} INFO - DAG(s) dict_keys(['example_task_group']) retrieved from /home/airflow/.local/lib/python3.7/site-packages/airflow/example_dags/example_task_group.py
[2024-06-04T23:44:07.087+0000] {logging_mixin.py:137} INFO - [2024-06-04T23:44:07.086+0000] {dag.py:2690} INFO - Sync 1 DAGs
[2024-06-04T23:44:07.124+0000] {logging_mixin.py:137} INFO - [2024-06-04T23:44:07.123+0000] {dag.py:3441} INFO - Setting next_dagrun for example_task_group to 2024-06-03T23:44:07.123547+00:00, run_after=2024-06-04T23:44:07.123547+00:00
[2024-06-04T23:44:07.149+0000] {processor.py:175} INFO - Processing /home/airflow/.local/lib/python3.7/site-packages/airflow/example_dags/example_task_group.py took 0.123 seconds
[2024-06-04T23:44:37.246+0000] {processor.py:153} INFO - Started process (PID=1872) to work on /home/airflow/.local/lib/python3.7/site-packages/airflow/example_dags/example_task_group.py
[2024-06-04T23:44:37.247+0000] {processor.py:743} INFO - Processing file /home/airflow/.local/lib/python3.7/site-packages/airflow/example_dags/example_task_group.py for tasks to queue
[2024-06-04T23:44:37.248+0000] {logging_mixin.py:137} INFO - [2024-06-04T23:44:37.247+0000] {dagbag.py:538} INFO - Filling up the DagBag from /home/airflow/.local/lib/python3.7/site-packages/airflow/example_dags/example_task_group.py
[2024-06-04T23:44:37.268+0000] {processor.py:753} INFO - DAG(s) dict_keys(['example_task_group']) retrieved from /home/airflow/.local/lib/python3.7/site-packages/airflow/example_dags/example_task_group.py
[2024-06-04T23:44:37.301+0000] {logging_mixin.py:137} INFO - [2024-06-04T23:44:37.301+0000] {dag.py:2690} INFO - Sync 1 DAGs
[2024-06-04T23:44:37.339+0000] {logging_mixin.py:137} INFO - [2024-06-04T23:44:37.338+0000] {dag.py:3441} INFO - Setting next_dagrun for example_task_group to 2024-06-04T23:44:07.123547+00:00, run_after=2024-06-05T23:44:07.123547+00:00
[2024-06-04T23:44:37.366+0000] {processor.py:175} INFO - Processing /home/airflow/.local/lib/python3.7/site-packages/airflow/example_dags/example_task_group.py took 0.124 seconds
[2024-06-04T23:45:07.654+0000] {processor.py:153} INFO - Started process (PID=2196) to work on /home/airflow/.local/lib/python3.7/site-packages/airflow/example_dags/example_task_group.py
[2024-06-04T23:45:07.656+0000] {processor.py:743} INFO - Processing file /home/airflow/.local/lib/python3.7/site-packages/airflow/example_dags/example_task_group.py for tasks to queue
[2024-06-04T23:45:07.657+0000] {logging_mixin.py:137} INFO - [2024-06-04T23:45:07.657+0000] {dagbag.py:538} INFO - Filling up the DagBag from /home/airflow/.local/lib/python3.7/site-packages/airflow/example_dags/example_task_group.py
[2024-06-04T23:45:07.676+0000] {processor.py:753} INFO - DAG(s) dict_keys(['example_task_group']) retrieved from /home/airflow/.local/lib/python3.7/site-packages/airflow/example_dags/example_task_group.py
[2024-06-04T23:45:07.708+0000] {logging_mixin.py:137} INFO - [2024-06-04T23:45:07.707+0000] {dag.py:2690} INFO - Sync 1 DAGs
[2024-06-04T23:45:07.742+0000] {logging_mixin.py:137} INFO - [2024-06-04T23:45:07.741+0000] {dag.py:3441} INFO - Setting next_dagrun for example_task_group to 2024-06-04T23:44:07.123547+00:00, run_after=2024-06-05T23:44:07.123547+00:00
[2024-06-04T23:45:07.767+0000] {processor.py:175} INFO - Processing /home/airflow/.local/lib/python3.7/site-packages/airflow/example_dags/example_task_group.py took 0.117 seconds
[2024-06-04T23:45:38.122+0000] {processor.py:153} INFO - Started process (PID=2551) to work on /home/airflow/.local/lib/python3.7/site-packages/airflow/example_dags/example_task_group.py
[2024-06-04T23:45:38.122+0000] {processor.py:743} INFO - Processing file /home/airflow/.local/lib/python3.7/site-packages/airflow/example_dags/example_task_group.py for tasks to queue
[2024-06-04T23:45:38.123+0000] {logging_mixin.py:137} INFO - [2024-06-04T23:45:38.123+0000] {dagbag.py:538} INFO - Filling up the DagBag from /home/airflow/.local/lib/python3.7/site-packages/airflow/example_dags/example_task_group.py
[2024-06-04T23:45:38.143+0000] {processor.py:753} INFO - DAG(s) dict_keys(['example_task_group']) retrieved from /home/airflow/.local/lib/python3.7/site-packages/airflow/example_dags/example_task_group.py
[2024-06-04T23:45:38.172+0000] {logging_mixin.py:137} INFO - [2024-06-04T23:45:38.172+0000] {dag.py:2690} INFO - Sync 1 DAGs
[2024-06-04T23:45:38.209+0000] {logging_mixin.py:137} INFO - [2024-06-04T23:45:38.209+0000] {dag.py:3441} INFO - Setting next_dagrun for example_task_group to 2024-06-04T23:44:07.123547+00:00, run_after=2024-06-05T23:44:07.123547+00:00
[2024-06-04T23:45:38.231+0000] {processor.py:175} INFO - Processing /home/airflow/.local/lib/python3.7/site-packages/airflow/example_dags/example_task_group.py took 0.113 seconds
[2024-06-04T23:46:08.559+0000] {processor.py:153} INFO - Started process (PID=2885) to work on /home/airflow/.local/lib/python3.7/site-packages/airflow/example_dags/example_task_group.py
[2024-06-04T23:46:08.560+0000] {processor.py:743} INFO - Processing file /home/airflow/.local/lib/python3.7/site-packages/airflow/example_dags/example_task_group.py for tasks to queue
[2024-06-04T23:46:08.561+0000] {logging_mixin.py:137} INFO - [2024-06-04T23:46:08.561+0000] {dagbag.py:538} INFO - Filling up the DagBag from /home/airflow/.local/lib/python3.7/site-packages/airflow/example_dags/example_task_group.py
[2024-06-04T23:46:08.578+0000] {processor.py:753} INFO - DAG(s) dict_keys(['example_task_group']) retrieved from /home/airflow/.local/lib/python3.7/site-packages/airflow/example_dags/example_task_group.py
[2024-06-04T23:46:08.608+0000] {logging_mixin.py:137} INFO - [2024-06-04T23:46:08.607+0000] {dag.py:2690} INFO - Sync 1 DAGs
[2024-06-04T23:46:08.639+0000] {logging_mixin.py:137} INFO - [2024-06-04T23:46:08.639+0000] {dag.py:3441} INFO - Setting next_dagrun for example_task_group to 2024-06-04T23:44:07.123547+00:00, run_after=2024-06-05T23:44:07.123547+00:00
[2024-06-04T23:46:08.665+0000] {processor.py:175} INFO - Processing /home/airflow/.local/lib/python3.7/site-packages/airflow/example_dags/example_task_group.py took 0.109 seconds
[2024-06-04T23:46:39.293+0000] {processor.py:153} INFO - Started process (PID=3254) to work on /home/airflow/.local/lib/python3.7/site-packages/airflow/example_dags/example_task_group.py
[2024-06-04T23:46:39.294+0000] {processor.py:743} INFO - Processing file /home/airflow/.local/lib/python3.7/site-packages/airflow/example_dags/example_task_group.py for tasks to queue
[2024-06-04T23:46:39.295+0000] {logging_mixin.py:137} INFO - [2024-06-04T23:46:39.294+0000] {dagbag.py:538} INFO - Filling up the DagBag from /home/airflow/.local/lib/python3.7/site-packages/airflow/example_dags/example_task_group.py
[2024-06-04T23:46:39.314+0000] {processor.py:753} INFO - DAG(s) dict_keys(['example_task_group']) retrieved from /home/airflow/.local/lib/python3.7/site-packages/airflow/example_dags/example_task_group.py
[2024-06-04T23:46:39.346+0000] {logging_mixin.py:137} INFO - [2024-06-04T23:46:39.345+0000] {dag.py:2690} INFO - Sync 1 DAGs
[2024-06-04T23:46:39.376+0000] {logging_mixin.py:137} INFO - [2024-06-04T23:46:39.376+0000] {dag.py:3441} INFO - Setting next_dagrun for example_task_group to 2024-06-04T23:44:07.123547+00:00, run_after=2024-06-05T23:44:07.123547+00:00
[2024-06-04T23:46:39.402+0000] {processor.py:175} INFO - Processing /home/airflow/.local/lib/python3.7/site-packages/airflow/example_dags/example_task_group.py took 0.113 seconds
[2024-06-04T23:47:09.468+0000] {processor.py:153} INFO - Started process (PID=3570) to work on /home/airflow/.local/lib/python3.7/site-packages/airflow/example_dags/example_task_group.py
[2024-06-04T23:47:09.468+0000] {processor.py:743} INFO - Processing file /home/airflow/.local/lib/python3.7/site-packages/airflow/example_dags/example_task_group.py for tasks to queue
[2024-06-04T23:47:09.470+0000] {logging_mixin.py:137} INFO - [2024-06-04T23:47:09.470+0000] {dagbag.py:538} INFO - Filling up the DagBag from /home/airflow/.local/lib/python3.7/site-packages/airflow/example_dags/example_task_group.py
[2024-06-04T23:47:09.486+0000] {processor.py:753} INFO - DAG(s) dict_keys(['example_task_group']) retrieved from /home/airflow/.local/lib/python3.7/site-packages/airflow/example_dags/example_task_group.py
[2024-06-04T23:47:09.510+0000] {logging_mixin.py:137} INFO - [2024-06-04T23:47:09.509+0000] {dag.py:2690} INFO - Sync 1 DAGs
[2024-06-04T23:47:09.539+0000] {logging_mixin.py:137} INFO - [2024-06-04T23:47:09.539+0000] {dag.py:3441} INFO - Setting next_dagrun for example_task_group to 2024-06-04T23:44:07.123547+00:00, run_after=2024-06-05T23:44:07.123547+00:00
[2024-06-04T23:47:09.557+0000] {processor.py:175} INFO - Processing /home/airflow/.local/lib/python3.7/site-packages/airflow/example_dags/example_task_group.py took 0.092 seconds
[2024-06-04T23:47:39.941+0000] {processor.py:153} INFO - Started process (PID=3930) to work on /home/airflow/.local/lib/python3.7/site-packages/airflow/example_dags/example_task_group.py
[2024-06-04T23:47:39.942+0000] {processor.py:743} INFO - Processing file /home/airflow/.local/lib/python3.7/site-packages/airflow/example_dags/example_task_group.py for tasks to queue
[2024-06-04T23:47:39.943+0000] {logging_mixin.py:137} INFO - [2024-06-04T23:47:39.943+0000] {dagbag.py:538} INFO - Filling up the DagBag from /home/airflow/.local/lib/python3.7/site-packages/airflow/example_dags/example_task_group.py
[2024-06-04T23:47:39.968+0000] {processor.py:753} INFO - DAG(s) dict_keys(['example_task_group']) retrieved from /home/airflow/.local/lib/python3.7/site-packages/airflow/example_dags/example_task_group.py
[2024-06-04T23:47:40.001+0000] {logging_mixin.py:137} INFO - [2024-06-04T23:47:40.001+0000] {dag.py:2690} INFO - Sync 1 DAGs
[2024-06-04T23:47:40.032+0000] {logging_mixin.py:137} INFO - [2024-06-04T23:47:40.031+0000] {dag.py:3441} INFO - Setting next_dagrun for example_task_group to 2024-06-04T23:44:07.123547+00:00, run_after=2024-06-05T23:44:07.123547+00:00
[2024-06-04T23:47:40.054+0000] {processor.py:175} INFO - Processing /home/airflow/.local/lib/python3.7/site-packages/airflow/example_dags/example_task_group.py took 0.116 seconds
[2024-06-04T23:48:10.668+0000] {processor.py:153} INFO - Started process (PID=4293) to work on /home/airflow/.local/lib/python3.7/site-packages/airflow/example_dags/example_task_group.py
[2024-06-04T23:48:10.669+0000] {processor.py:743} INFO - Processing file /home/airflow/.local/lib/python3.7/site-packages/airflow/example_dags/example_task_group.py for tasks to queue
[2024-06-04T23:48:10.670+0000] {logging_mixin.py:137} INFO - [2024-06-04T23:48:10.670+0000] {dagbag.py:538} INFO - Filling up the DagBag from /home/airflow/.local/lib/python3.7/site-packages/airflow/example_dags/example_task_group.py
[2024-06-04T23:48:10.683+0000] {processor.py:753} INFO - DAG(s) dict_keys(['example_task_group']) retrieved from /home/airflow/.local/lib/python3.7/site-packages/airflow/example_dags/example_task_group.py
[2024-06-04T23:48:10.702+0000] {logging_mixin.py:137} INFO - [2024-06-04T23:48:10.702+0000] {dag.py:2690} INFO - Sync 1 DAGs
[2024-06-04T23:48:10.721+0000] {logging_mixin.py:137} INFO - [2024-06-04T23:48:10.720+0000] {dag.py:3441} INFO - Setting next_dagrun for example_task_group to 2024-06-04T23:44:07.123547+00:00, run_after=2024-06-05T23:44:07.123547+00:00
[2024-06-04T23:48:10.734+0000] {processor.py:175} INFO - Processing /home/airflow/.local/lib/python3.7/site-packages/airflow/example_dags/example_task_group.py took 0.068 seconds
[2024-06-04T23:48:40.842+0000] {processor.py:153} INFO - Started process (PID=4655) to work on /home/airflow/.local/lib/python3.7/site-packages/airflow/example_dags/example_task_group.py
[2024-06-04T23:48:40.843+0000] {processor.py:743} INFO - Processing file /home/airflow/.local/lib/python3.7/site-packages/airflow/example_dags/example_task_group.py for tasks to queue
[2024-06-04T23:48:40.844+0000] {logging_mixin.py:137} INFO - [2024-06-04T23:48:40.843+0000] {dagbag.py:538} INFO - Filling up the DagBag from /home/airflow/.local/lib/python3.7/site-packages/airflow/example_dags/example_task_group.py
[2024-06-04T23:48:40.862+0000] {processor.py:753} INFO - DAG(s) dict_keys(['example_task_group']) retrieved from /home/airflow/.local/lib/python3.7/site-packages/airflow/example_dags/example_task_group.py
[2024-06-04T23:48:40.893+0000] {logging_mixin.py:137} INFO - [2024-06-04T23:48:40.893+0000] {dag.py:2690} INFO - Sync 1 DAGs
[2024-06-04T23:48:40.923+0000] {logging_mixin.py:137} INFO - [2024-06-04T23:48:40.923+0000] {dag.py:3441} INFO - Setting next_dagrun for example_task_group to 2024-06-04T23:44:07.123547+00:00, run_after=2024-06-05T23:44:07.123547+00:00
[2024-06-04T23:48:40.946+0000] {processor.py:175} INFO - Processing /home/airflow/.local/lib/python3.7/site-packages/airflow/example_dags/example_task_group.py took 0.108 seconds
[2024-06-04T23:49:11.728+0000] {processor.py:153} INFO - Started process (PID=5054) to work on /home/airflow/.local/lib/python3.7/site-packages/airflow/example_dags/example_task_group.py
[2024-06-04T23:49:11.729+0000] {processor.py:743} INFO - Processing file /home/airflow/.local/lib/python3.7/site-packages/airflow/example_dags/example_task_group.py for tasks to queue
[2024-06-04T23:49:11.729+0000] {logging_mixin.py:137} INFO - [2024-06-04T23:49:11.729+0000] {dagbag.py:538} INFO - Filling up the DagBag from /home/airflow/.local/lib/python3.7/site-packages/airflow/example_dags/example_task_group.py
[2024-06-04T23:49:11.748+0000] {processor.py:753} INFO - DAG(s) dict_keys(['example_task_group']) retrieved from /home/airflow/.local/lib/python3.7/site-packages/airflow/example_dags/example_task_group.py
[2024-06-04T23:49:11.776+0000] {logging_mixin.py:137} INFO - [2024-06-04T23:49:11.775+0000] {dag.py:2690} INFO - Sync 1 DAGs
[2024-06-04T23:49:11.807+0000] {logging_mixin.py:137} INFO - [2024-06-04T23:49:11.806+0000] {dag.py:3441} INFO - Setting next_dagrun for example_task_group to 2024-06-04T23:44:07.123547+00:00, run_after=2024-06-05T23:44:07.123547+00:00
[2024-06-04T23:49:11.831+0000] {processor.py:175} INFO - Processing /home/airflow/.local/lib/python3.7/site-packages/airflow/example_dags/example_task_group.py took 0.107 seconds
[2024-06-04T23:49:42.175+0000] {processor.py:153} INFO - Started process (PID=5423) to work on /home/airflow/.local/lib/python3.7/site-packages/airflow/example_dags/example_task_group.py
[2024-06-04T23:49:42.176+0000] {processor.py:743} INFO - Processing file /home/airflow/.local/lib/python3.7/site-packages/airflow/example_dags/example_task_group.py for tasks to queue
[2024-06-04T23:49:42.176+0000] {logging_mixin.py:137} INFO - [2024-06-04T23:49:42.176+0000] {dagbag.py:538} INFO - Filling up the DagBag from /home/airflow/.local/lib/python3.7/site-packages/airflow/example_dags/example_task_group.py
[2024-06-04T23:49:42.188+0000] {processor.py:753} INFO - DAG(s) dict_keys(['example_task_group']) retrieved from /home/airflow/.local/lib/python3.7/site-packages/airflow/example_dags/example_task_group.py
[2024-06-04T23:49:42.206+0000] {logging_mixin.py:137} INFO - [2024-06-04T23:49:42.206+0000] {dag.py:2690} INFO - Sync 1 DAGs
[2024-06-04T23:49:42.224+0000] {logging_mixin.py:137} INFO - [2024-06-04T23:49:42.224+0000] {dag.py:3441} INFO - Setting next_dagrun for example_task_group to 2024-06-04T23:44:07.123547+00:00, run_after=2024-06-05T23:44:07.123547+00:00
[2024-06-04T23:49:42.237+0000] {processor.py:175} INFO - Processing /home/airflow/.local/lib/python3.7/site-packages/airflow/example_dags/example_task_group.py took 0.065 seconds
[2024-06-04T23:50:13.135+0000] {processor.py:153} INFO - Started process (PID=5789) to work on /home/airflow/.local/lib/python3.7/site-packages/airflow/example_dags/example_task_group.py
[2024-06-04T23:50:13.136+0000] {processor.py:743} INFO - Processing file /home/airflow/.local/lib/python3.7/site-packages/airflow/example_dags/example_task_group.py for tasks to queue
[2024-06-04T23:50:13.137+0000] {logging_mixin.py:137} INFO - [2024-06-04T23:50:13.137+0000] {dagbag.py:538} INFO - Filling up the DagBag from /home/airflow/.local/lib/python3.7/site-packages/airflow/example_dags/example_task_group.py
[2024-06-04T23:50:13.157+0000] {processor.py:753} INFO - DAG(s) dict_keys(['example_task_group']) retrieved from /home/airflow/.local/lib/python3.7/site-packages/airflow/example_dags/example_task_group.py
[2024-06-04T23:50:13.191+0000] {logging_mixin.py:137} INFO - [2024-06-04T23:50:13.191+0000] {dag.py:2690} INFO - Sync 1 DAGs
[2024-06-04T23:50:13.224+0000] {logging_mixin.py:137} INFO - [2024-06-04T23:50:13.224+0000] {dag.py:3441} INFO - Setting next_dagrun for example_task_group to 2024-06-04T23:44:07.123547+00:00, run_after=2024-06-05T23:44:07.123547+00:00
[2024-06-04T23:50:13.246+0000] {processor.py:175} INFO - Processing /home/airflow/.local/lib/python3.7/site-packages/airflow/example_dags/example_task_group.py took 0.114 seconds
[2024-06-04T23:50:43.369+0000] {processor.py:153} INFO - Started process (PID=6163) to work on /home/airflow/.local/lib/python3.7/site-packages/airflow/example_dags/example_task_group.py
[2024-06-04T23:50:43.370+0000] {processor.py:743} INFO - Processing file /home/airflow/.local/lib/python3.7/site-packages/airflow/example_dags/example_task_group.py for tasks to queue
[2024-06-04T23:50:43.370+0000] {logging_mixin.py:137} INFO - [2024-06-04T23:50:43.370+0000] {dagbag.py:538} INFO - Filling up the DagBag from /home/airflow/.local/lib/python3.7/site-packages/airflow/example_dags/example_task_group.py
[2024-06-04T23:50:43.381+0000] {processor.py:753} INFO - DAG(s) dict_keys(['example_task_group']) retrieved from /home/airflow/.local/lib/python3.7/site-packages/airflow/example_dags/example_task_group.py
[2024-06-04T23:50:43.400+0000] {logging_mixin.py:137} INFO - [2024-06-04T23:50:43.400+0000] {dag.py:2690} INFO - Sync 1 DAGs
[2024-06-04T23:50:43.418+0000] {logging_mixin.py:137} INFO - [2024-06-04T23:50:43.418+0000] {dag.py:3441} INFO - Setting next_dagrun for example_task_group to 2024-06-04T23:44:07.123547+00:00, run_after=2024-06-05T23:44:07.123547+00:00
[2024-06-04T23:50:43.431+0000] {processor.py:175} INFO - Processing /home/airflow/.local/lib/python3.7/site-packages/airflow/example_dags/example_task_group.py took 0.065 seconds
[2024-06-04T23:51:13.764+0000] {processor.py:153} INFO - Started process (PID=6510) to work on /home/airflow/.local/lib/python3.7/site-packages/airflow/example_dags/example_task_group.py
[2024-06-04T23:51:13.765+0000] {processor.py:743} INFO - Processing file /home/airflow/.local/lib/python3.7/site-packages/airflow/example_dags/example_task_group.py for tasks to queue
[2024-06-04T23:51:13.765+0000] {logging_mixin.py:137} INFO - [2024-06-04T23:51:13.765+0000] {dagbag.py:538} INFO - Filling up the DagBag from /home/airflow/.local/lib/python3.7/site-packages/airflow/example_dags/example_task_group.py
[2024-06-04T23:51:13.777+0000] {processor.py:753} INFO - DAG(s) dict_keys(['example_task_group']) retrieved from /home/airflow/.local/lib/python3.7/site-packages/airflow/example_dags/example_task_group.py
[2024-06-04T23:51:13.797+0000] {logging_mixin.py:137} INFO - [2024-06-04T23:51:13.797+0000] {dag.py:2690} INFO - Sync 1 DAGs
[2024-06-04T23:51:13.815+0000] {logging_mixin.py:137} INFO - [2024-06-04T23:51:13.815+0000] {dag.py:3441} INFO - Setting next_dagrun for example_task_group to 2024-06-04T23:44:07.123547+00:00, run_after=2024-06-05T23:44:07.123547+00:00
[2024-06-04T23:51:13.829+0000] {processor.py:175} INFO - Processing /home/airflow/.local/lib/python3.7/site-packages/airflow/example_dags/example_task_group.py took 0.068 seconds
[2024-06-04T23:51:43.926+0000] {processor.py:153} INFO - Started process (PID=6855) to work on /home/airflow/.local/lib/python3.7/site-packages/airflow/example_dags/example_task_group.py
[2024-06-04T23:51:43.926+0000] {processor.py:743} INFO - Processing file /home/airflow/.local/lib/python3.7/site-packages/airflow/example_dags/example_task_group.py for tasks to queue
[2024-06-04T23:51:43.927+0000] {logging_mixin.py:137} INFO - [2024-06-04T23:51:43.927+0000] {dagbag.py:538} INFO - Filling up the DagBag from /home/airflow/.local/lib/python3.7/site-packages/airflow/example_dags/example_task_group.py
[2024-06-04T23:51:43.938+0000] {processor.py:753} INFO - DAG(s) dict_keys(['example_task_group']) retrieved from /home/airflow/.local/lib/python3.7/site-packages/airflow/example_dags/example_task_group.py
[2024-06-04T23:51:43.957+0000] {logging_mixin.py:137} INFO - [2024-06-04T23:51:43.957+0000] {dag.py:2690} INFO - Sync 1 DAGs
[2024-06-04T23:51:43.975+0000] {logging_mixin.py:137} INFO - [2024-06-04T23:51:43.974+0000] {dag.py:3441} INFO - Setting next_dagrun for example_task_group to 2024-06-04T23:44:07.123547+00:00, run_after=2024-06-05T23:44:07.123547+00:00
[2024-06-04T23:51:43.986+0000] {processor.py:175} INFO - Processing /home/airflow/.local/lib/python3.7/site-packages/airflow/example_dags/example_task_group.py took 0.063 seconds
[2024-06-04T23:52:14.345+0000] {processor.py:153} INFO - Started process (PID=7187) to work on /home/airflow/.local/lib/python3.7/site-packages/airflow/example_dags/example_task_group.py
[2024-06-04T23:52:14.346+0000] {processor.py:743} INFO - Processing file /home/airflow/.local/lib/python3.7/site-packages/airflow/example_dags/example_task_group.py for tasks to queue
[2024-06-04T23:52:14.347+0000] {logging_mixin.py:137} INFO - [2024-06-04T23:52:14.346+0000] {dagbag.py:538} INFO - Filling up the DagBag from /home/airflow/.local/lib/python3.7/site-packages/airflow/example_dags/example_task_group.py
[2024-06-04T23:52:14.360+0000] {processor.py:753} INFO - DAG(s) dict_keys(['example_task_group']) retrieved from /home/airflow/.local/lib/python3.7/site-packages/airflow/example_dags/example_task_group.py
[2024-06-04T23:52:14.380+0000] {logging_mixin.py:137} INFO - [2024-06-04T23:52:14.380+0000] {dag.py:2690} INFO - Sync 1 DAGs
[2024-06-04T23:52:14.408+0000] {logging_mixin.py:137} INFO - [2024-06-04T23:52:14.407+0000] {dag.py:3441} INFO - Setting next_dagrun for example_task_group to 2024-06-04T23:44:07.123547+00:00, run_after=2024-06-05T23:44:07.123547+00:00
[2024-06-04T23:52:14.425+0000] {processor.py:175} INFO - Processing /home/airflow/.local/lib/python3.7/site-packages/airflow/example_dags/example_task_group.py took 0.084 seconds
[2024-06-04T23:52:44.496+0000] {processor.py:153} INFO - Started process (PID=7529) to work on /home/airflow/.local/lib/python3.7/site-packages/airflow/example_dags/example_task_group.py
[2024-06-04T23:52:44.497+0000] {processor.py:743} INFO - Processing file /home/airflow/.local/lib/python3.7/site-packages/airflow/example_dags/example_task_group.py for tasks to queue
[2024-06-04T23:52:44.497+0000] {logging_mixin.py:137} INFO - [2024-06-04T23:52:44.497+0000] {dagbag.py:538} INFO - Filling up the DagBag from /home/airflow/.local/lib/python3.7/site-packages/airflow/example_dags/example_task_group.py
[2024-06-04T23:52:44.509+0000] {processor.py:753} INFO - DAG(s) dict_keys(['example_task_group']) retrieved from /home/airflow/.local/lib/python3.7/site-packages/airflow/example_dags/example_task_group.py
[2024-06-04T23:52:44.528+0000] {logging_mixin.py:137} INFO - [2024-06-04T23:52:44.528+0000] {dag.py:2690} INFO - Sync 1 DAGs
[2024-06-04T23:52:44.546+0000] {logging_mixin.py:137} INFO - [2024-06-04T23:52:44.545+0000] {dag.py:3441} INFO - Setting next_dagrun for example_task_group to 2024-06-04T23:44:07.123547+00:00, run_after=2024-06-05T23:44:07.123547+00:00
[2024-06-04T23:52:44.559+0000] {processor.py:175} INFO - Processing /home/airflow/.local/lib/python3.7/site-packages/airflow/example_dags/example_task_group.py took 0.064 seconds
[2024-06-04T23:53:15.177+0000] {processor.py:153} INFO - Started process (PID=7895) to work on /home/airflow/.local/lib/python3.7/site-packages/airflow/example_dags/example_task_group.py
[2024-06-04T23:53:15.178+0000] {processor.py:743} INFO - Processing file /home/airflow/.local/lib/python3.7/site-packages/airflow/example_dags/example_task_group.py for tasks to queue
[2024-06-04T23:53:15.179+0000] {logging_mixin.py:137} INFO - [2024-06-04T23:53:15.179+0000] {dagbag.py:538} INFO - Filling up the DagBag from /home/airflow/.local/lib/python3.7/site-packages/airflow/example_dags/example_task_group.py
[2024-06-04T23:53:15.199+0000] {processor.py:753} INFO - DAG(s) dict_keys(['example_task_group']) retrieved from /home/airflow/.local/lib/python3.7/site-packages/airflow/example_dags/example_task_group.py
[2024-06-04T23:53:15.226+0000] {logging_mixin.py:137} INFO - [2024-06-04T23:53:15.226+0000] {dag.py:2690} INFO - Sync 1 DAGs
[2024-06-04T23:53:15.258+0000] {logging_mixin.py:137} INFO - [2024-06-04T23:53:15.258+0000] {dag.py:3441} INFO - Setting next_dagrun for example_task_group to 2024-06-04T23:44:07.123547+00:00, run_after=2024-06-05T23:44:07.123547+00:00
[2024-06-04T23:53:15.280+0000] {processor.py:175} INFO - Processing /home/airflow/.local/lib/python3.7/site-packages/airflow/example_dags/example_task_group.py took 0.106 seconds
[2024-06-04T23:53:45.372+0000] {processor.py:153} INFO - Started process (PID=8222) to work on /home/airflow/.local/lib/python3.7/site-packages/airflow/example_dags/example_task_group.py
[2024-06-04T23:53:45.372+0000] {processor.py:743} INFO - Processing file /home/airflow/.local/lib/python3.7/site-packages/airflow/example_dags/example_task_group.py for tasks to queue
[2024-06-04T23:53:45.373+0000] {logging_mixin.py:137} INFO - [2024-06-04T23:53:45.372+0000] {dagbag.py:538} INFO - Filling up the DagBag from /home/airflow/.local/lib/python3.7/site-packages/airflow/example_dags/example_task_group.py
[2024-06-04T23:53:45.384+0000] {processor.py:753} INFO - DAG(s) dict_keys(['example_task_group']) retrieved from /home/airflow/.local/lib/python3.7/site-packages/airflow/example_dags/example_task_group.py
[2024-06-04T23:53:45.403+0000] {logging_mixin.py:137} INFO - [2024-06-04T23:53:45.403+0000] {dag.py:2690} INFO - Sync 1 DAGs
[2024-06-04T23:53:45.419+0000] {logging_mixin.py:137} INFO - [2024-06-04T23:53:45.419+0000] {dag.py:3441} INFO - Setting next_dagrun for example_task_group to 2024-06-04T23:44:07.123547+00:00, run_after=2024-06-05T23:44:07.123547+00:00
[2024-06-04T23:53:45.431+0000] {processor.py:175} INFO - Processing /home/airflow/.local/lib/python3.7/site-packages/airflow/example_dags/example_task_group.py took 0.062 seconds
[2024-06-04T23:54:15.910+0000] {processor.py:153} INFO - Started process (PID=8535) to work on /home/airflow/.local/lib/python3.7/site-packages/airflow/example_dags/example_task_group.py
[2024-06-04T23:54:15.911+0000] {processor.py:743} INFO - Processing file /home/airflow/.local/lib/python3.7/site-packages/airflow/example_dags/example_task_group.py for tasks to queue
[2024-06-04T23:54:15.911+0000] {logging_mixin.py:137} INFO - [2024-06-04T23:54:15.911+0000] {dagbag.py:538} INFO - Filling up the DagBag from /home/airflow/.local/lib/python3.7/site-packages/airflow/example_dags/example_task_group.py
[2024-06-04T23:54:15.924+0000] {processor.py:753} INFO - DAG(s) dict_keys(['example_task_group']) retrieved from /home/airflow/.local/lib/python3.7/site-packages/airflow/example_dags/example_task_group.py
[2024-06-04T23:54:15.945+0000] {logging_mixin.py:137} INFO - [2024-06-04T23:54:15.945+0000] {dag.py:2690} INFO - Sync 1 DAGs
[2024-06-04T23:54:15.965+0000] {logging_mixin.py:137} INFO - [2024-06-04T23:54:15.965+0000] {dag.py:3441} INFO - Setting next_dagrun for example_task_group to 2024-06-04T23:44:07.123547+00:00, run_after=2024-06-05T23:44:07.123547+00:00
[2024-06-04T23:54:15.980+0000] {processor.py:175} INFO - Processing /home/airflow/.local/lib/python3.7/site-packages/airflow/example_dags/example_task_group.py took 0.073 seconds
[2024-06-04T23:54:46.134+0000] {processor.py:153} INFO - Started process (PID=8674) to work on /home/airflow/.local/lib/python3.7/site-packages/airflow/example_dags/example_task_group.py
[2024-06-04T23:54:46.135+0000] {processor.py:743} INFO - Processing file /home/airflow/.local/lib/python3.7/site-packages/airflow/example_dags/example_task_group.py for tasks to queue
[2024-06-04T23:54:46.135+0000] {logging_mixin.py:137} INFO - [2024-06-04T23:54:46.135+0000] {dagbag.py:538} INFO - Filling up the DagBag from /home/airflow/.local/lib/python3.7/site-packages/airflow/example_dags/example_task_group.py
[2024-06-04T23:54:46.147+0000] {processor.py:753} INFO - DAG(s) dict_keys(['example_task_group']) retrieved from /home/airflow/.local/lib/python3.7/site-packages/airflow/example_dags/example_task_group.py
[2024-06-04T23:54:46.166+0000] {logging_mixin.py:137} INFO - [2024-06-04T23:54:46.166+0000] {dag.py:2690} INFO - Sync 1 DAGs
[2024-06-04T23:54:46.184+0000] {logging_mixin.py:137} INFO - [2024-06-04T23:54:46.184+0000] {dag.py:3441} INFO - Setting next_dagrun for example_task_group to 2024-06-04T23:44:07.123547+00:00, run_after=2024-06-05T23:44:07.123547+00:00
[2024-06-04T23:54:46.197+0000] {processor.py:175} INFO - Processing /home/airflow/.local/lib/python3.7/site-packages/airflow/example_dags/example_task_group.py took 0.065 seconds
[2024-06-04T23:55:16.394+0000] {processor.py:153} INFO - Started process (PID=8790) to work on /home/airflow/.local/lib/python3.7/site-packages/airflow/example_dags/example_task_group.py
[2024-06-04T23:55:16.395+0000] {processor.py:743} INFO - Processing file /home/airflow/.local/lib/python3.7/site-packages/airflow/example_dags/example_task_group.py for tasks to queue
[2024-06-04T23:55:16.395+0000] {logging_mixin.py:137} INFO - [2024-06-04T23:55:16.395+0000] {dagbag.py:538} INFO - Filling up the DagBag from /home/airflow/.local/lib/python3.7/site-packages/airflow/example_dags/example_task_group.py
[2024-06-04T23:55:16.407+0000] {processor.py:753} INFO - DAG(s) dict_keys(['example_task_group']) retrieved from /home/airflow/.local/lib/python3.7/site-packages/airflow/example_dags/example_task_group.py
[2024-06-04T23:55:16.428+0000] {logging_mixin.py:137} INFO - [2024-06-04T23:55:16.428+0000] {dag.py:2690} INFO - Sync 1 DAGs
[2024-06-04T23:55:16.447+0000] {logging_mixin.py:137} INFO - [2024-06-04T23:55:16.447+0000] {dag.py:3441} INFO - Setting next_dagrun for example_task_group to 2024-06-04T23:44:07.123547+00:00, run_after=2024-06-05T23:44:07.123547+00:00
[2024-06-04T23:55:16.460+0000] {processor.py:175} INFO - Processing /home/airflow/.local/lib/python3.7/site-packages/airflow/example_dags/example_task_group.py took 0.068 seconds
[2024-06-04T23:55:47.256+0000] {processor.py:153} INFO - Started process (PID=8877) to work on /home/airflow/.local/lib/python3.7/site-packages/airflow/example_dags/example_task_group.py
[2024-06-04T23:55:47.256+0000] {processor.py:743} INFO - Processing file /home/airflow/.local/lib/python3.7/site-packages/airflow/example_dags/example_task_group.py for tasks to queue
[2024-06-04T23:55:47.257+0000] {logging_mixin.py:137} INFO - [2024-06-04T23:55:47.257+0000] {dagbag.py:538} INFO - Filling up the DagBag from /home/airflow/.local/lib/python3.7/site-packages/airflow/example_dags/example_task_group.py
[2024-06-04T23:55:47.268+0000] {processor.py:753} INFO - DAG(s) dict_keys(['example_task_group']) retrieved from /home/airflow/.local/lib/python3.7/site-packages/airflow/example_dags/example_task_group.py
[2024-06-04T23:55:47.287+0000] {logging_mixin.py:137} INFO - [2024-06-04T23:55:47.287+0000] {dag.py:2690} INFO - Sync 1 DAGs
[2024-06-04T23:55:47.306+0000] {logging_mixin.py:137} INFO - [2024-06-04T23:55:47.306+0000] {dag.py:3441} INFO - Setting next_dagrun for example_task_group to 2024-06-04T23:44:07.123547+00:00, run_after=2024-06-05T23:44:07.123547+00:00
[2024-06-04T23:55:47.319+0000] {processor.py:175} INFO - Processing /home/airflow/.local/lib/python3.7/site-packages/airflow/example_dags/example_task_group.py took 0.065 seconds
[2024-06-04T23:56:18.100+0000] {processor.py:153} INFO - Started process (PID=8996) to work on /home/airflow/.local/lib/python3.7/site-packages/airflow/example_dags/example_task_group.py
[2024-06-04T23:56:18.101+0000] {processor.py:743} INFO - Processing file /home/airflow/.local/lib/python3.7/site-packages/airflow/example_dags/example_task_group.py for tasks to queue
[2024-06-04T23:56:18.101+0000] {logging_mixin.py:137} INFO - [2024-06-04T23:56:18.101+0000] {dagbag.py:538} INFO - Filling up the DagBag from /home/airflow/.local/lib/python3.7/site-packages/airflow/example_dags/example_task_group.py
[2024-06-04T23:56:18.112+0000] {processor.py:753} INFO - DAG(s) dict_keys(['example_task_group']) retrieved from /home/airflow/.local/lib/python3.7/site-packages/airflow/example_dags/example_task_group.py
[2024-06-04T23:56:18.130+0000] {logging_mixin.py:137} INFO - [2024-06-04T23:56:18.130+0000] {dag.py:2690} INFO - Sync 1 DAGs
[2024-06-04T23:56:18.150+0000] {logging_mixin.py:137} INFO - [2024-06-04T23:56:18.150+0000] {dag.py:3441} INFO - Setting next_dagrun for example_task_group to 2024-06-04T23:44:07.123547+00:00, run_after=2024-06-05T23:44:07.123547+00:00
[2024-06-04T23:56:18.167+0000] {processor.py:175} INFO - Processing /home/airflow/.local/lib/python3.7/site-packages/airflow/example_dags/example_task_group.py took 0.069 seconds
[2024-06-04T23:56:48.296+0000] {processor.py:153} INFO - Started process (PID=9100) to work on /home/airflow/.local/lib/python3.7/site-packages/airflow/example_dags/example_task_group.py
[2024-06-04T23:56:48.296+0000] {processor.py:743} INFO - Processing file /home/airflow/.local/lib/python3.7/site-packages/airflow/example_dags/example_task_group.py for tasks to queue
[2024-06-04T23:56:48.297+0000] {logging_mixin.py:137} INFO - [2024-06-04T23:56:48.297+0000] {dagbag.py:538} INFO - Filling up the DagBag from /home/airflow/.local/lib/python3.7/site-packages/airflow/example_dags/example_task_group.py
[2024-06-04T23:56:48.308+0000] {processor.py:753} INFO - DAG(s) dict_keys(['example_task_group']) retrieved from /home/airflow/.local/lib/python3.7/site-packages/airflow/example_dags/example_task_group.py
[2024-06-04T23:56:48.325+0000] {logging_mixin.py:137} INFO - [2024-06-04T23:56:48.325+0000] {dag.py:2690} INFO - Sync 1 DAGs
[2024-06-04T23:56:48.343+0000] {logging_mixin.py:137} INFO - [2024-06-04T23:56:48.343+0000] {dag.py:3441} INFO - Setting next_dagrun for example_task_group to 2024-06-04T23:44:07.123547+00:00, run_after=2024-06-05T23:44:07.123547+00:00
[2024-06-04T23:56:48.355+0000] {processor.py:175} INFO - Processing /home/airflow/.local/lib/python3.7/site-packages/airflow/example_dags/example_task_group.py took 0.062 seconds
[2024-06-04T23:57:18.421+0000] {processor.py:153} INFO - Started process (PID=9221) to work on /home/airflow/.local/lib/python3.7/site-packages/airflow/example_dags/example_task_group.py
[2024-06-04T23:57:18.422+0000] {processor.py:743} INFO - Processing file /home/airflow/.local/lib/python3.7/site-packages/airflow/example_dags/example_task_group.py for tasks to queue
[2024-06-04T23:57:18.422+0000] {logging_mixin.py:137} INFO - [2024-06-04T23:57:18.422+0000] {dagbag.py:538} INFO - Filling up the DagBag from /home/airflow/.local/lib/python3.7/site-packages/airflow/example_dags/example_task_group.py
[2024-06-04T23:57:18.433+0000] {processor.py:753} INFO - DAG(s) dict_keys(['example_task_group']) retrieved from /home/airflow/.local/lib/python3.7/site-packages/airflow/example_dags/example_task_group.py
[2024-06-04T23:57:18.451+0000] {logging_mixin.py:137} INFO - [2024-06-04T23:57:18.451+0000] {dag.py:2690} INFO - Sync 1 DAGs
[2024-06-04T23:57:18.472+0000] {logging_mixin.py:137} INFO - [2024-06-04T23:57:18.471+0000] {dag.py:3441} INFO - Setting next_dagrun for example_task_group to 2024-06-04T23:44:07.123547+00:00, run_after=2024-06-05T23:44:07.123547+00:00
[2024-06-04T23:57:18.484+0000] {processor.py:175} INFO - Processing /home/airflow/.local/lib/python3.7/site-packages/airflow/example_dags/example_task_group.py took 0.065 seconds
[2024-06-04T23:57:48.600+0000] {processor.py:153} INFO - Started process (PID=9317) to work on /home/airflow/.local/lib/python3.7/site-packages/airflow/example_dags/example_task_group.py
[2024-06-04T23:57:48.601+0000] {processor.py:743} INFO - Processing file /home/airflow/.local/lib/python3.7/site-packages/airflow/example_dags/example_task_group.py for tasks to queue
[2024-06-04T23:57:48.601+0000] {logging_mixin.py:137} INFO - [2024-06-04T23:57:48.601+0000] {dagbag.py:538} INFO - Filling up the DagBag from /home/airflow/.local/lib/python3.7/site-packages/airflow/example_dags/example_task_group.py
[2024-06-04T23:57:48.616+0000] {processor.py:753} INFO - DAG(s) dict_keys(['example_task_group']) retrieved from /home/airflow/.local/lib/python3.7/site-packages/airflow/example_dags/example_task_group.py
[2024-06-04T23:57:48.643+0000] {logging_mixin.py:137} INFO - [2024-06-04T23:57:48.643+0000] {dag.py:2690} INFO - Sync 1 DAGs
[2024-06-04T23:57:48.672+0000] {logging_mixin.py:137} INFO - [2024-06-04T23:57:48.672+0000] {dag.py:3441} INFO - Setting next_dagrun for example_task_group to 2024-06-04T23:44:07.123547+00:00, run_after=2024-06-05T23:44:07.123547+00:00
[2024-06-04T23:57:48.694+0000] {processor.py:175} INFO - Processing /home/airflow/.local/lib/python3.7/site-packages/airflow/example_dags/example_task_group.py took 0.097 seconds
[2024-06-04T23:58:18.779+0000] {processor.py:153} INFO - Started process (PID=9428) to work on /home/airflow/.local/lib/python3.7/site-packages/airflow/example_dags/example_task_group.py
[2024-06-04T23:58:18.780+0000] {processor.py:743} INFO - Processing file /home/airflow/.local/lib/python3.7/site-packages/airflow/example_dags/example_task_group.py for tasks to queue
[2024-06-04T23:58:18.780+0000] {logging_mixin.py:137} INFO - [2024-06-04T23:58:18.780+0000] {dagbag.py:538} INFO - Filling up the DagBag from /home/airflow/.local/lib/python3.7/site-packages/airflow/example_dags/example_task_group.py
[2024-06-04T23:58:18.791+0000] {processor.py:753} INFO - DAG(s) dict_keys(['example_task_group']) retrieved from /home/airflow/.local/lib/python3.7/site-packages/airflow/example_dags/example_task_group.py
[2024-06-04T23:58:18.809+0000] {logging_mixin.py:137} INFO - [2024-06-04T23:58:18.809+0000] {dag.py:2690} INFO - Sync 1 DAGs
[2024-06-04T23:58:18.826+0000] {logging_mixin.py:137} INFO - [2024-06-04T23:58:18.826+0000] {dag.py:3441} INFO - Setting next_dagrun for example_task_group to 2024-06-04T23:44:07.123547+00:00, run_after=2024-06-05T23:44:07.123547+00:00
[2024-06-04T23:58:18.838+0000] {processor.py:175} INFO - Processing /home/airflow/.local/lib/python3.7/site-packages/airflow/example_dags/example_task_group.py took 0.062 seconds
[2024-06-04T23:58:49.090+0000] {processor.py:153} INFO - Started process (PID=9539) to work on /home/airflow/.local/lib/python3.7/site-packages/airflow/example_dags/example_task_group.py
[2024-06-04T23:58:49.090+0000] {processor.py:743} INFO - Processing file /home/airflow/.local/lib/python3.7/site-packages/airflow/example_dags/example_task_group.py for tasks to queue
[2024-06-04T23:58:49.091+0000] {logging_mixin.py:137} INFO - [2024-06-04T23:58:49.091+0000] {dagbag.py:538} INFO - Filling up the DagBag from /home/airflow/.local/lib/python3.7/site-packages/airflow/example_dags/example_task_group.py
[2024-06-04T23:58:49.104+0000] {processor.py:753} INFO - DAG(s) dict_keys(['example_task_group']) retrieved from /home/airflow/.local/lib/python3.7/site-packages/airflow/example_dags/example_task_group.py
[2024-06-04T23:58:49.124+0000] {logging_mixin.py:137} INFO - [2024-06-04T23:58:49.124+0000] {dag.py:2690} INFO - Sync 1 DAGs
[2024-06-04T23:58:49.143+0000] {logging_mixin.py:137} INFO - [2024-06-04T23:58:49.143+0000] {dag.py:3441} INFO - Setting next_dagrun for example_task_group to 2024-06-04T23:44:07.123547+00:00, run_after=2024-06-05T23:44:07.123547+00:00
[2024-06-04T23:58:49.160+0000] {processor.py:175} INFO - Processing /home/airflow/.local/lib/python3.7/site-packages/airflow/example_dags/example_task_group.py took 0.073 seconds
[2024-06-04T23:59:19.706+0000] {processor.py:153} INFO - Started process (PID=9631) to work on /home/airflow/.local/lib/python3.7/site-packages/airflow/example_dags/example_task_group.py
[2024-06-04T23:59:19.707+0000] {processor.py:743} INFO - Processing file /home/airflow/.local/lib/python3.7/site-packages/airflow/example_dags/example_task_group.py for tasks to queue
[2024-06-04T23:59:19.707+0000] {logging_mixin.py:137} INFO - [2024-06-04T23:59:19.707+0000] {dagbag.py:538} INFO - Filling up the DagBag from /home/airflow/.local/lib/python3.7/site-packages/airflow/example_dags/example_task_group.py
[2024-06-04T23:59:19.718+0000] {processor.py:753} INFO - DAG(s) dict_keys(['example_task_group']) retrieved from /home/airflow/.local/lib/python3.7/site-packages/airflow/example_dags/example_task_group.py
[2024-06-04T23:59:19.737+0000] {logging_mixin.py:137} INFO - [2024-06-04T23:59:19.736+0000] {dag.py:2690} INFO - Sync 1 DAGs
[2024-06-04T23:59:19.754+0000] {logging_mixin.py:137} INFO - [2024-06-04T23:59:19.754+0000] {dag.py:3441} INFO - Setting next_dagrun for example_task_group to 2024-06-04T23:44:07.123547+00:00, run_after=2024-06-05T23:44:07.123547+00:00
[2024-06-04T23:59:19.766+0000] {processor.py:175} INFO - Processing /home/airflow/.local/lib/python3.7/site-packages/airflow/example_dags/example_task_group.py took 0.062 seconds
[2024-06-04T23:59:50.489+0000] {processor.py:153} INFO - Started process (PID=9742) to work on /home/airflow/.local/lib/python3.7/site-packages/airflow/example_dags/example_task_group.py
[2024-06-04T23:59:50.489+0000] {processor.py:743} INFO - Processing file /home/airflow/.local/lib/python3.7/site-packages/airflow/example_dags/example_task_group.py for tasks to queue
[2024-06-04T23:59:50.490+0000] {logging_mixin.py:137} INFO - [2024-06-04T23:59:50.490+0000] {dagbag.py:538} INFO - Filling up the DagBag from /home/airflow/.local/lib/python3.7/site-packages/airflow/example_dags/example_task_group.py
[2024-06-04T23:59:50.502+0000] {processor.py:753} INFO - DAG(s) dict_keys(['example_task_group']) retrieved from /home/airflow/.local/lib/python3.7/site-packages/airflow/example_dags/example_task_group.py
[2024-06-04T23:59:50.521+0000] {logging_mixin.py:137} INFO - [2024-06-04T23:59:50.521+0000] {dag.py:2690} INFO - Sync 1 DAGs
[2024-06-04T23:59:50.544+0000] {logging_mixin.py:137} INFO - [2024-06-04T23:59:50.544+0000] {dag.py:3441} INFO - Setting next_dagrun for example_task_group to 2024-06-04T23:44:07.123547+00:00, run_after=2024-06-05T23:44:07.123547+00:00
[2024-06-04T23:59:50.558+0000] {processor.py:175} INFO - Processing /home/airflow/.local/lib/python3.7/site-packages/airflow/example_dags/example_task_group.py took 0.071 seconds
