[2024-06-04T23:37:25.541+0000] {processor.py:153} INFO - Started process (PID=48) to work on /home/airflow/.local/lib/python3.7/site-packages/airflow/example_dags/example_sensor_decorator.py
[2024-06-04T23:37:25.541+0000] {processor.py:743} INFO - Processing file /home/airflow/.local/lib/python3.7/site-packages/airflow/example_dags/example_sensor_decorator.py for tasks to queue
[2024-06-04T23:37:25.542+0000] {logging_mixin.py:137} INFO - [2024-06-04T23:37:25.542+0000] {dagbag.py:538} INFO - Filling up the DagBag from /home/airflow/.local/lib/python3.7/site-packages/airflow/example_dags/example_sensor_decorator.py
[2024-06-04T23:37:25.559+0000] {processor.py:753} INFO - DAG(s) dict_keys(['example_sensor_decorator']) retrieved from /home/airflow/.local/lib/python3.7/site-packages/airflow/example_dags/example_sensor_decorator.py
[2024-06-04T23:37:25.636+0000] {logging_mixin.py:137} INFO - [2024-06-04T23:37:25.635+0000] {manager.py:504} INFO - Created Permission View: can edit on DAG:example_sensor_decorator
[2024-06-04T23:37:25.642+0000] {logging_mixin.py:137} INFO - [2024-06-04T23:37:25.642+0000] {manager.py:504} INFO - Created Permission View: can read on DAG:example_sensor_decorator
[2024-06-04T23:37:25.647+0000] {logging_mixin.py:137} INFO - [2024-06-04T23:37:25.647+0000] {manager.py:504} INFO - Created Permission View: can delete on DAG:example_sensor_decorator
[2024-06-04T23:37:25.647+0000] {logging_mixin.py:137} INFO - [2024-06-04T23:37:25.647+0000] {dag.py:2690} INFO - Sync 1 DAGs
[2024-06-04T23:37:25.656+0000] {logging_mixin.py:137} INFO - [2024-06-04T23:37:25.656+0000] {dag.py:2711} INFO - Creating ORM DAG for example_sensor_decorator
[2024-06-04T23:37:25.663+0000] {logging_mixin.py:137} INFO - [2024-06-04T23:37:25.663+0000] {dag.py:3441} INFO - Setting next_dagrun for example_sensor_decorator to None, run_after=None
[2024-06-04T23:37:25.675+0000] {processor.py:175} INFO - Processing /home/airflow/.local/lib/python3.7/site-packages/airflow/example_dags/example_sensor_decorator.py took 0.137 seconds
[2024-06-04T23:37:55.936+0000] {processor.py:153} INFO - Started process (PID=159) to work on /home/airflow/.local/lib/python3.7/site-packages/airflow/example_dags/example_sensor_decorator.py
[2024-06-04T23:37:55.937+0000] {processor.py:743} INFO - Processing file /home/airflow/.local/lib/python3.7/site-packages/airflow/example_dags/example_sensor_decorator.py for tasks to queue
[2024-06-04T23:37:55.937+0000] {logging_mixin.py:137} INFO - [2024-06-04T23:37:55.937+0000] {dagbag.py:538} INFO - Filling up the DagBag from /home/airflow/.local/lib/python3.7/site-packages/airflow/example_dags/example_sensor_decorator.py
[2024-06-04T23:37:55.953+0000] {processor.py:753} INFO - DAG(s) dict_keys(['example_sensor_decorator']) retrieved from /home/airflow/.local/lib/python3.7/site-packages/airflow/example_dags/example_sensor_decorator.py
[2024-06-04T23:37:55.970+0000] {logging_mixin.py:137} INFO - [2024-06-04T23:37:55.970+0000] {dag.py:2690} INFO - Sync 1 DAGs
[2024-06-04T23:37:55.987+0000] {logging_mixin.py:137} INFO - [2024-06-04T23:37:55.987+0000] {dag.py:3441} INFO - Setting next_dagrun for example_sensor_decorator to None, run_after=None
[2024-06-04T23:37:56.000+0000] {processor.py:175} INFO - Processing /home/airflow/.local/lib/python3.7/site-packages/airflow/example_dags/example_sensor_decorator.py took 0.067 seconds
[2024-06-04T23:38:26.743+0000] {processor.py:153} INFO - Started process (PID=246) to work on /home/airflow/.local/lib/python3.7/site-packages/airflow/example_dags/example_sensor_decorator.py
[2024-06-04T23:38:26.744+0000] {processor.py:743} INFO - Processing file /home/airflow/.local/lib/python3.7/site-packages/airflow/example_dags/example_sensor_decorator.py for tasks to queue
[2024-06-04T23:38:26.744+0000] {logging_mixin.py:137} INFO - [2024-06-04T23:38:26.744+0000] {dagbag.py:538} INFO - Filling up the DagBag from /home/airflow/.local/lib/python3.7/site-packages/airflow/example_dags/example_sensor_decorator.py
[2024-06-04T23:38:26.760+0000] {processor.py:753} INFO - DAG(s) dict_keys(['example_sensor_decorator']) retrieved from /home/airflow/.local/lib/python3.7/site-packages/airflow/example_dags/example_sensor_decorator.py
[2024-06-04T23:38:26.778+0000] {logging_mixin.py:137} INFO - [2024-06-04T23:38:26.778+0000] {dag.py:2690} INFO - Sync 1 DAGs
[2024-06-04T23:38:26.797+0000] {logging_mixin.py:137} INFO - [2024-06-04T23:38:26.797+0000] {dag.py:3441} INFO - Setting next_dagrun for example_sensor_decorator to None, run_after=None
[2024-06-04T23:38:26.810+0000] {processor.py:175} INFO - Processing /home/airflow/.local/lib/python3.7/site-packages/airflow/example_dags/example_sensor_decorator.py took 0.069 seconds
[2024-06-04T23:38:57.664+0000] {processor.py:153} INFO - Started process (PID=357) to work on /home/airflow/.local/lib/python3.7/site-packages/airflow/example_dags/example_sensor_decorator.py
[2024-06-04T23:38:57.664+0000] {processor.py:743} INFO - Processing file /home/airflow/.local/lib/python3.7/site-packages/airflow/example_dags/example_sensor_decorator.py for tasks to queue
[2024-06-04T23:38:57.665+0000] {logging_mixin.py:137} INFO - [2024-06-04T23:38:57.664+0000] {dagbag.py:538} INFO - Filling up the DagBag from /home/airflow/.local/lib/python3.7/site-packages/airflow/example_dags/example_sensor_decorator.py
[2024-06-04T23:38:57.681+0000] {processor.py:753} INFO - DAG(s) dict_keys(['example_sensor_decorator']) retrieved from /home/airflow/.local/lib/python3.7/site-packages/airflow/example_dags/example_sensor_decorator.py
[2024-06-04T23:38:57.701+0000] {logging_mixin.py:137} INFO - [2024-06-04T23:38:57.700+0000] {dag.py:2690} INFO - Sync 1 DAGs
[2024-06-04T23:38:57.717+0000] {logging_mixin.py:137} INFO - [2024-06-04T23:38:57.717+0000] {dag.py:3441} INFO - Setting next_dagrun for example_sensor_decorator to None, run_after=None
[2024-06-04T23:38:57.730+0000] {processor.py:175} INFO - Processing /home/airflow/.local/lib/python3.7/site-packages/airflow/example_dags/example_sensor_decorator.py took 0.069 seconds
[2024-06-04T23:39:28.386+0000] {processor.py:153} INFO - Started process (PID=468) to work on /home/airflow/.local/lib/python3.7/site-packages/airflow/example_dags/example_sensor_decorator.py
[2024-06-04T23:39:28.386+0000] {processor.py:743} INFO - Processing file /home/airflow/.local/lib/python3.7/site-packages/airflow/example_dags/example_sensor_decorator.py for tasks to queue
[2024-06-04T23:39:28.387+0000] {logging_mixin.py:137} INFO - [2024-06-04T23:39:28.387+0000] {dagbag.py:538} INFO - Filling up the DagBag from /home/airflow/.local/lib/python3.7/site-packages/airflow/example_dags/example_sensor_decorator.py
[2024-06-04T23:39:28.403+0000] {processor.py:753} INFO - DAG(s) dict_keys(['example_sensor_decorator']) retrieved from /home/airflow/.local/lib/python3.7/site-packages/airflow/example_dags/example_sensor_decorator.py
[2024-06-04T23:39:28.420+0000] {logging_mixin.py:137} INFO - [2024-06-04T23:39:28.420+0000] {dag.py:2690} INFO - Sync 1 DAGs
[2024-06-04T23:39:28.437+0000] {logging_mixin.py:137} INFO - [2024-06-04T23:39:28.436+0000] {dag.py:3441} INFO - Setting next_dagrun for example_sensor_decorator to None, run_after=None
[2024-06-04T23:39:28.448+0000] {processor.py:175} INFO - Processing /home/airflow/.local/lib/python3.7/site-packages/airflow/example_dags/example_sensor_decorator.py took 0.064 seconds
[2024-06-04T23:39:59.100+0000] {processor.py:153} INFO - Started process (PID=555) to work on /home/airflow/.local/lib/python3.7/site-packages/airflow/example_dags/example_sensor_decorator.py
[2024-06-04T23:39:59.101+0000] {processor.py:743} INFO - Processing file /home/airflow/.local/lib/python3.7/site-packages/airflow/example_dags/example_sensor_decorator.py for tasks to queue
[2024-06-04T23:39:59.101+0000] {logging_mixin.py:137} INFO - [2024-06-04T23:39:59.101+0000] {dagbag.py:538} INFO - Filling up the DagBag from /home/airflow/.local/lib/python3.7/site-packages/airflow/example_dags/example_sensor_decorator.py
[2024-06-04T23:39:59.116+0000] {processor.py:753} INFO - DAG(s) dict_keys(['example_sensor_decorator']) retrieved from /home/airflow/.local/lib/python3.7/site-packages/airflow/example_dags/example_sensor_decorator.py
[2024-06-04T23:39:59.134+0000] {logging_mixin.py:137} INFO - [2024-06-04T23:39:59.133+0000] {dag.py:2690} INFO - Sync 1 DAGs
[2024-06-04T23:39:59.151+0000] {logging_mixin.py:137} INFO - [2024-06-04T23:39:59.150+0000] {dag.py:3441} INFO - Setting next_dagrun for example_sensor_decorator to None, run_after=None
[2024-06-04T23:39:59.164+0000] {processor.py:175} INFO - Processing /home/airflow/.local/lib/python3.7/site-packages/airflow/example_dags/example_sensor_decorator.py took 0.066 seconds
[2024-06-04T23:40:29.814+0000] {processor.py:153} INFO - Started process (PID=666) to work on /home/airflow/.local/lib/python3.7/site-packages/airflow/example_dags/example_sensor_decorator.py
[2024-06-04T23:40:29.814+0000] {processor.py:743} INFO - Processing file /home/airflow/.local/lib/python3.7/site-packages/airflow/example_dags/example_sensor_decorator.py for tasks to queue
[2024-06-04T23:40:29.815+0000] {logging_mixin.py:137} INFO - [2024-06-04T23:40:29.815+0000] {dagbag.py:538} INFO - Filling up the DagBag from /home/airflow/.local/lib/python3.7/site-packages/airflow/example_dags/example_sensor_decorator.py
[2024-06-04T23:40:29.830+0000] {processor.py:753} INFO - DAG(s) dict_keys(['example_sensor_decorator']) retrieved from /home/airflow/.local/lib/python3.7/site-packages/airflow/example_dags/example_sensor_decorator.py
[2024-06-04T23:40:29.848+0000] {logging_mixin.py:137} INFO - [2024-06-04T23:40:29.848+0000] {dag.py:2690} INFO - Sync 1 DAGs
[2024-06-04T23:40:29.864+0000] {logging_mixin.py:137} INFO - [2024-06-04T23:40:29.864+0000] {dag.py:3441} INFO - Setting next_dagrun for example_sensor_decorator to None, run_after=None
[2024-06-04T23:40:29.876+0000] {processor.py:175} INFO - Processing /home/airflow/.local/lib/python3.7/site-packages/airflow/example_dags/example_sensor_decorator.py took 0.064 seconds
[2024-06-04T23:41:00.504+0000] {processor.py:153} INFO - Started process (PID=762) to work on /home/airflow/.local/lib/python3.7/site-packages/airflow/example_dags/example_sensor_decorator.py
[2024-06-04T23:41:00.505+0000] {processor.py:743} INFO - Processing file /home/airflow/.local/lib/python3.7/site-packages/airflow/example_dags/example_sensor_decorator.py for tasks to queue
[2024-06-04T23:41:00.505+0000] {logging_mixin.py:137} INFO - [2024-06-04T23:41:00.505+0000] {dagbag.py:538} INFO - Filling up the DagBag from /home/airflow/.local/lib/python3.7/site-packages/airflow/example_dags/example_sensor_decorator.py
[2024-06-04T23:41:00.521+0000] {processor.py:753} INFO - DAG(s) dict_keys(['example_sensor_decorator']) retrieved from /home/airflow/.local/lib/python3.7/site-packages/airflow/example_dags/example_sensor_decorator.py
[2024-06-04T23:41:00.539+0000] {logging_mixin.py:137} INFO - [2024-06-04T23:41:00.539+0000] {dag.py:2690} INFO - Sync 1 DAGs
[2024-06-04T23:41:00.556+0000] {logging_mixin.py:137} INFO - [2024-06-04T23:41:00.556+0000] {dag.py:3441} INFO - Setting next_dagrun for example_sensor_decorator to None, run_after=None
[2024-06-04T23:41:00.569+0000] {processor.py:175} INFO - Processing /home/airflow/.local/lib/python3.7/site-packages/airflow/example_dags/example_sensor_decorator.py took 0.067 seconds
[2024-06-04T23:41:31.239+0000] {processor.py:153} INFO - Started process (PID=864) to work on /home/airflow/.local/lib/python3.7/site-packages/airflow/example_dags/example_sensor_decorator.py
[2024-06-04T23:41:31.240+0000] {processor.py:743} INFO - Processing file /home/airflow/.local/lib/python3.7/site-packages/airflow/example_dags/example_sensor_decorator.py for tasks to queue
[2024-06-04T23:41:31.240+0000] {logging_mixin.py:137} INFO - [2024-06-04T23:41:31.240+0000] {dagbag.py:538} INFO - Filling up the DagBag from /home/airflow/.local/lib/python3.7/site-packages/airflow/example_dags/example_sensor_decorator.py
[2024-06-04T23:41:31.256+0000] {processor.py:753} INFO - DAG(s) dict_keys(['example_sensor_decorator']) retrieved from /home/airflow/.local/lib/python3.7/site-packages/airflow/example_dags/example_sensor_decorator.py
[2024-06-04T23:41:31.273+0000] {logging_mixin.py:137} INFO - [2024-06-04T23:41:31.273+0000] {dag.py:2690} INFO - Sync 1 DAGs
[2024-06-04T23:41:31.290+0000] {logging_mixin.py:137} INFO - [2024-06-04T23:41:31.290+0000] {dag.py:3441} INFO - Setting next_dagrun for example_sensor_decorator to None, run_after=None
[2024-06-04T23:41:31.302+0000] {processor.py:175} INFO - Processing /home/airflow/.local/lib/python3.7/site-packages/airflow/example_dags/example_sensor_decorator.py took 0.065 seconds
[2024-06-04T23:42:01.890+0000] {processor.py:153} INFO - Started process (PID=975) to work on /home/airflow/.local/lib/python3.7/site-packages/airflow/example_dags/example_sensor_decorator.py
[2024-06-04T23:42:01.890+0000] {processor.py:743} INFO - Processing file /home/airflow/.local/lib/python3.7/site-packages/airflow/example_dags/example_sensor_decorator.py for tasks to queue
[2024-06-04T23:42:01.891+0000] {logging_mixin.py:137} INFO - [2024-06-04T23:42:01.891+0000] {dagbag.py:538} INFO - Filling up the DagBag from /home/airflow/.local/lib/python3.7/site-packages/airflow/example_dags/example_sensor_decorator.py
[2024-06-04T23:42:01.906+0000] {processor.py:753} INFO - DAG(s) dict_keys(['example_sensor_decorator']) retrieved from /home/airflow/.local/lib/python3.7/site-packages/airflow/example_dags/example_sensor_decorator.py
[2024-06-04T23:42:01.923+0000] {logging_mixin.py:137} INFO - [2024-06-04T23:42:01.923+0000] {dag.py:2690} INFO - Sync 1 DAGs
[2024-06-04T23:42:01.940+0000] {logging_mixin.py:137} INFO - [2024-06-04T23:42:01.940+0000] {dag.py:3441} INFO - Setting next_dagrun for example_sensor_decorator to None, run_after=None
[2024-06-04T23:42:01.952+0000] {processor.py:175} INFO - Processing /home/airflow/.local/lib/python3.7/site-packages/airflow/example_dags/example_sensor_decorator.py took 0.064 seconds
[2024-06-04T23:42:32.937+0000] {processor.py:153} INFO - Started process (PID=1062) to work on /home/airflow/.local/lib/python3.7/site-packages/airflow/example_dags/example_sensor_decorator.py
[2024-06-04T23:42:32.937+0000] {processor.py:743} INFO - Processing file /home/airflow/.local/lib/python3.7/site-packages/airflow/example_dags/example_sensor_decorator.py for tasks to queue
[2024-06-04T23:42:32.938+0000] {logging_mixin.py:137} INFO - [2024-06-04T23:42:32.938+0000] {dagbag.py:538} INFO - Filling up the DagBag from /home/airflow/.local/lib/python3.7/site-packages/airflow/example_dags/example_sensor_decorator.py
[2024-06-04T23:42:32.953+0000] {processor.py:753} INFO - DAG(s) dict_keys(['example_sensor_decorator']) retrieved from /home/airflow/.local/lib/python3.7/site-packages/airflow/example_dags/example_sensor_decorator.py
[2024-06-04T23:42:32.971+0000] {logging_mixin.py:137} INFO - [2024-06-04T23:42:32.971+0000] {dag.py:2690} INFO - Sync 1 DAGs
[2024-06-04T23:42:32.987+0000] {logging_mixin.py:137} INFO - [2024-06-04T23:42:32.987+0000] {dag.py:3441} INFO - Setting next_dagrun for example_sensor_decorator to None, run_after=None
[2024-06-04T23:42:32.999+0000] {processor.py:175} INFO - Processing /home/airflow/.local/lib/python3.7/site-packages/airflow/example_dags/example_sensor_decorator.py took 0.065 seconds
[2024-06-04T23:43:04.002+0000] {processor.py:153} INFO - Started process (PID=1173) to work on /home/airflow/.local/lib/python3.7/site-packages/airflow/example_dags/example_sensor_decorator.py
[2024-06-04T23:43:04.003+0000] {processor.py:743} INFO - Processing file /home/airflow/.local/lib/python3.7/site-packages/airflow/example_dags/example_sensor_decorator.py for tasks to queue
[2024-06-04T23:43:04.003+0000] {logging_mixin.py:137} INFO - [2024-06-04T23:43:04.003+0000] {dagbag.py:538} INFO - Filling up the DagBag from /home/airflow/.local/lib/python3.7/site-packages/airflow/example_dags/example_sensor_decorator.py
[2024-06-04T23:43:04.019+0000] {processor.py:753} INFO - DAG(s) dict_keys(['example_sensor_decorator']) retrieved from /home/airflow/.local/lib/python3.7/site-packages/airflow/example_dags/example_sensor_decorator.py
[2024-06-04T23:43:04.037+0000] {logging_mixin.py:137} INFO - [2024-06-04T23:43:04.036+0000] {dag.py:2690} INFO - Sync 1 DAGs
[2024-06-04T23:43:04.053+0000] {logging_mixin.py:137} INFO - [2024-06-04T23:43:04.053+0000] {dag.py:3441} INFO - Setting next_dagrun for example_sensor_decorator to None, run_after=None
[2024-06-04T23:43:04.065+0000] {processor.py:175} INFO - Processing /home/airflow/.local/lib/python3.7/site-packages/airflow/example_dags/example_sensor_decorator.py took 0.065 seconds
[2024-06-04T23:43:34.776+0000] {processor.py:153} INFO - Started process (PID=1284) to work on /home/airflow/.local/lib/python3.7/site-packages/airflow/example_dags/example_sensor_decorator.py
[2024-06-04T23:43:34.776+0000] {processor.py:743} INFO - Processing file /home/airflow/.local/lib/python3.7/site-packages/airflow/example_dags/example_sensor_decorator.py for tasks to queue
[2024-06-04T23:43:34.777+0000] {logging_mixin.py:137} INFO - [2024-06-04T23:43:34.777+0000] {dagbag.py:538} INFO - Filling up the DagBag from /home/airflow/.local/lib/python3.7/site-packages/airflow/example_dags/example_sensor_decorator.py
[2024-06-04T23:43:34.793+0000] {processor.py:753} INFO - DAG(s) dict_keys(['example_sensor_decorator']) retrieved from /home/airflow/.local/lib/python3.7/site-packages/airflow/example_dags/example_sensor_decorator.py
[2024-06-04T23:43:34.811+0000] {logging_mixin.py:137} INFO - [2024-06-04T23:43:34.811+0000] {dag.py:2690} INFO - Sync 1 DAGs
[2024-06-04T23:43:34.829+0000] {logging_mixin.py:137} INFO - [2024-06-04T23:43:34.829+0000] {dag.py:3441} INFO - Setting next_dagrun for example_sensor_decorator to None, run_after=None
[2024-06-04T23:43:34.843+0000] {processor.py:175} INFO - Processing /home/airflow/.local/lib/python3.7/site-packages/airflow/example_dags/example_sensor_decorator.py took 0.070 seconds
[2024-06-04T23:44:05.672+0000] {processor.py:153} INFO - Started process (PID=1464) to work on /home/airflow/.local/lib/python3.7/site-packages/airflow/example_dags/example_sensor_decorator.py
[2024-06-04T23:44:05.673+0000] {processor.py:743} INFO - Processing file /home/airflow/.local/lib/python3.7/site-packages/airflow/example_dags/example_sensor_decorator.py for tasks to queue
[2024-06-04T23:44:05.674+0000] {logging_mixin.py:137} INFO - [2024-06-04T23:44:05.674+0000] {dagbag.py:538} INFO - Filling up the DagBag from /home/airflow/.local/lib/python3.7/site-packages/airflow/example_dags/example_sensor_decorator.py
[2024-06-04T23:44:05.702+0000] {processor.py:753} INFO - DAG(s) dict_keys(['example_sensor_decorator']) retrieved from /home/airflow/.local/lib/python3.7/site-packages/airflow/example_dags/example_sensor_decorator.py
[2024-06-04T23:44:05.734+0000] {logging_mixin.py:137} INFO - [2024-06-04T23:44:05.734+0000] {dag.py:2690} INFO - Sync 1 DAGs
[2024-06-04T23:44:05.774+0000] {logging_mixin.py:137} INFO - [2024-06-04T23:44:05.773+0000] {dag.py:3441} INFO - Setting next_dagrun for example_sensor_decorator to None, run_after=None
[2024-06-04T23:44:05.809+0000] {processor.py:175} INFO - Processing /home/airflow/.local/lib/python3.7/site-packages/airflow/example_dags/example_sensor_decorator.py took 0.141 seconds
[2024-06-04T23:44:36.079+0000] {processor.py:153} INFO - Started process (PID=1837) to work on /home/airflow/.local/lib/python3.7/site-packages/airflow/example_dags/example_sensor_decorator.py
[2024-06-04T23:44:36.079+0000] {processor.py:743} INFO - Processing file /home/airflow/.local/lib/python3.7/site-packages/airflow/example_dags/example_sensor_decorator.py for tasks to queue
[2024-06-04T23:44:36.080+0000] {logging_mixin.py:137} INFO - [2024-06-04T23:44:36.080+0000] {dagbag.py:538} INFO - Filling up the DagBag from /home/airflow/.local/lib/python3.7/site-packages/airflow/example_dags/example_sensor_decorator.py
[2024-06-04T23:44:36.095+0000] {processor.py:753} INFO - DAG(s) dict_keys(['example_sensor_decorator']) retrieved from /home/airflow/.local/lib/python3.7/site-packages/airflow/example_dags/example_sensor_decorator.py
[2024-06-04T23:44:36.112+0000] {logging_mixin.py:137} INFO - [2024-06-04T23:44:36.112+0000] {dag.py:2690} INFO - Sync 1 DAGs
[2024-06-04T23:44:36.132+0000] {logging_mixin.py:137} INFO - [2024-06-04T23:44:36.132+0000] {dag.py:3441} INFO - Setting next_dagrun for example_sensor_decorator to None, run_after=None
[2024-06-04T23:44:36.147+0000] {processor.py:175} INFO - Processing /home/airflow/.local/lib/python3.7/site-packages/airflow/example_dags/example_sensor_decorator.py took 0.071 seconds
[2024-06-04T23:45:06.332+0000] {processor.py:153} INFO - Started process (PID=2155) to work on /home/airflow/.local/lib/python3.7/site-packages/airflow/example_dags/example_sensor_decorator.py
[2024-06-04T23:45:06.332+0000] {processor.py:743} INFO - Processing file /home/airflow/.local/lib/python3.7/site-packages/airflow/example_dags/example_sensor_decorator.py for tasks to queue
[2024-06-04T23:45:06.333+0000] {logging_mixin.py:137} INFO - [2024-06-04T23:45:06.333+0000] {dagbag.py:538} INFO - Filling up the DagBag from /home/airflow/.local/lib/python3.7/site-packages/airflow/example_dags/example_sensor_decorator.py
[2024-06-04T23:45:06.348+0000] {processor.py:753} INFO - DAG(s) dict_keys(['example_sensor_decorator']) retrieved from /home/airflow/.local/lib/python3.7/site-packages/airflow/example_dags/example_sensor_decorator.py
[2024-06-04T23:45:06.365+0000] {logging_mixin.py:137} INFO - [2024-06-04T23:45:06.365+0000] {dag.py:2690} INFO - Sync 1 DAGs
[2024-06-04T23:45:06.382+0000] {logging_mixin.py:137} INFO - [2024-06-04T23:45:06.382+0000] {dag.py:3441} INFO - Setting next_dagrun for example_sensor_decorator to None, run_after=None
[2024-06-04T23:45:06.395+0000] {processor.py:175} INFO - Processing /home/airflow/.local/lib/python3.7/site-packages/airflow/example_dags/example_sensor_decorator.py took 0.065 seconds
[2024-06-04T23:45:36.999+0000] {processor.py:153} INFO - Started process (PID=2529) to work on /home/airflow/.local/lib/python3.7/site-packages/airflow/example_dags/example_sensor_decorator.py
[2024-06-04T23:45:37.000+0000] {processor.py:743} INFO - Processing file /home/airflow/.local/lib/python3.7/site-packages/airflow/example_dags/example_sensor_decorator.py for tasks to queue
[2024-06-04T23:45:37.001+0000] {logging_mixin.py:137} INFO - [2024-06-04T23:45:37.001+0000] {dagbag.py:538} INFO - Filling up the DagBag from /home/airflow/.local/lib/python3.7/site-packages/airflow/example_dags/example_sensor_decorator.py
[2024-06-04T23:45:37.032+0000] {processor.py:753} INFO - DAG(s) dict_keys(['example_sensor_decorator']) retrieved from /home/airflow/.local/lib/python3.7/site-packages/airflow/example_dags/example_sensor_decorator.py
[2024-06-04T23:45:37.058+0000] {logging_mixin.py:137} INFO - [2024-06-04T23:45:37.058+0000] {dag.py:2690} INFO - Sync 1 DAGs
[2024-06-04T23:45:37.086+0000] {logging_mixin.py:137} INFO - [2024-06-04T23:45:37.086+0000] {dag.py:3441} INFO - Setting next_dagrun for example_sensor_decorator to None, run_after=None
[2024-06-04T23:45:37.105+0000] {processor.py:175} INFO - Processing /home/airflow/.local/lib/python3.7/site-packages/airflow/example_dags/example_sensor_decorator.py took 0.108 seconds
[2024-06-04T23:46:07.346+0000] {processor.py:153} INFO - Started process (PID=2851) to work on /home/airflow/.local/lib/python3.7/site-packages/airflow/example_dags/example_sensor_decorator.py
[2024-06-04T23:46:07.346+0000] {processor.py:743} INFO - Processing file /home/airflow/.local/lib/python3.7/site-packages/airflow/example_dags/example_sensor_decorator.py for tasks to queue
[2024-06-04T23:46:07.347+0000] {logging_mixin.py:137} INFO - [2024-06-04T23:46:07.347+0000] {dagbag.py:538} INFO - Filling up the DagBag from /home/airflow/.local/lib/python3.7/site-packages/airflow/example_dags/example_sensor_decorator.py
[2024-06-04T23:46:07.370+0000] {processor.py:753} INFO - DAG(s) dict_keys(['example_sensor_decorator']) retrieved from /home/airflow/.local/lib/python3.7/site-packages/airflow/example_dags/example_sensor_decorator.py
[2024-06-04T23:46:07.394+0000] {logging_mixin.py:137} INFO - [2024-06-04T23:46:07.394+0000] {dag.py:2690} INFO - Sync 1 DAGs
[2024-06-04T23:46:07.423+0000] {logging_mixin.py:137} INFO - [2024-06-04T23:46:07.422+0000] {dag.py:3441} INFO - Setting next_dagrun for example_sensor_decorator to None, run_after=None
[2024-06-04T23:46:07.449+0000] {processor.py:175} INFO - Processing /home/airflow/.local/lib/python3.7/site-packages/airflow/example_dags/example_sensor_decorator.py took 0.106 seconds
[2024-06-04T23:46:37.764+0000] {processor.py:153} INFO - Started process (PID=3218) to work on /home/airflow/.local/lib/python3.7/site-packages/airflow/example_dags/example_sensor_decorator.py
[2024-06-04T23:46:37.765+0000] {processor.py:743} INFO - Processing file /home/airflow/.local/lib/python3.7/site-packages/airflow/example_dags/example_sensor_decorator.py for tasks to queue
[2024-06-04T23:46:37.766+0000] {logging_mixin.py:137} INFO - [2024-06-04T23:46:37.766+0000] {dagbag.py:538} INFO - Filling up the DagBag from /home/airflow/.local/lib/python3.7/site-packages/airflow/example_dags/example_sensor_decorator.py
[2024-06-04T23:46:37.796+0000] {processor.py:753} INFO - DAG(s) dict_keys(['example_sensor_decorator']) retrieved from /home/airflow/.local/lib/python3.7/site-packages/airflow/example_dags/example_sensor_decorator.py
[2024-06-04T23:46:37.823+0000] {logging_mixin.py:137} INFO - [2024-06-04T23:46:37.822+0000] {dag.py:2690} INFO - Sync 1 DAGs
[2024-06-04T23:46:37.852+0000] {logging_mixin.py:137} INFO - [2024-06-04T23:46:37.852+0000] {dag.py:3441} INFO - Setting next_dagrun for example_sensor_decorator to None, run_after=None
[2024-06-04T23:46:37.879+0000] {processor.py:175} INFO - Processing /home/airflow/.local/lib/python3.7/site-packages/airflow/example_dags/example_sensor_decorator.py took 0.119 seconds
[2024-06-04T23:47:08.022+0000] {processor.py:153} INFO - Started process (PID=3541) to work on /home/airflow/.local/lib/python3.7/site-packages/airflow/example_dags/example_sensor_decorator.py
[2024-06-04T23:47:08.023+0000] {processor.py:743} INFO - Processing file /home/airflow/.local/lib/python3.7/site-packages/airflow/example_dags/example_sensor_decorator.py for tasks to queue
[2024-06-04T23:47:08.024+0000] {logging_mixin.py:137} INFO - [2024-06-04T23:47:08.024+0000] {dagbag.py:538} INFO - Filling up the DagBag from /home/airflow/.local/lib/python3.7/site-packages/airflow/example_dags/example_sensor_decorator.py
[2024-06-04T23:47:08.052+0000] {processor.py:753} INFO - DAG(s) dict_keys(['example_sensor_decorator']) retrieved from /home/airflow/.local/lib/python3.7/site-packages/airflow/example_dags/example_sensor_decorator.py
[2024-06-04T23:47:08.084+0000] {logging_mixin.py:137} INFO - [2024-06-04T23:47:08.084+0000] {dag.py:2690} INFO - Sync 1 DAGs
[2024-06-04T23:47:08.117+0000] {logging_mixin.py:137} INFO - [2024-06-04T23:47:08.117+0000] {dag.py:3441} INFO - Setting next_dagrun for example_sensor_decorator to None, run_after=None
[2024-06-04T23:47:08.140+0000] {processor.py:175} INFO - Processing /home/airflow/.local/lib/python3.7/site-packages/airflow/example_dags/example_sensor_decorator.py took 0.121 seconds
[2024-06-04T23:47:38.939+0000] {processor.py:153} INFO - Started process (PID=3894) to work on /home/airflow/.local/lib/python3.7/site-packages/airflow/example_dags/example_sensor_decorator.py
[2024-06-04T23:47:38.940+0000] {processor.py:743} INFO - Processing file /home/airflow/.local/lib/python3.7/site-packages/airflow/example_dags/example_sensor_decorator.py for tasks to queue
[2024-06-04T23:47:38.940+0000] {logging_mixin.py:137} INFO - [2024-06-04T23:47:38.940+0000] {dagbag.py:538} INFO - Filling up the DagBag from /home/airflow/.local/lib/python3.7/site-packages/airflow/example_dags/example_sensor_decorator.py
[2024-06-04T23:47:38.959+0000] {processor.py:753} INFO - DAG(s) dict_keys(['example_sensor_decorator']) retrieved from /home/airflow/.local/lib/python3.7/site-packages/airflow/example_dags/example_sensor_decorator.py
[2024-06-04T23:47:38.977+0000] {logging_mixin.py:137} INFO - [2024-06-04T23:47:38.976+0000] {dag.py:2690} INFO - Sync 1 DAGs
[2024-06-04T23:47:38.994+0000] {logging_mixin.py:137} INFO - [2024-06-04T23:47:38.994+0000] {dag.py:3441} INFO - Setting next_dagrun for example_sensor_decorator to None, run_after=None
[2024-06-04T23:47:39.008+0000] {processor.py:175} INFO - Processing /home/airflow/.local/lib/python3.7/site-packages/airflow/example_dags/example_sensor_decorator.py took 0.071 seconds
[2024-06-04T23:48:09.571+0000] {processor.py:153} INFO - Started process (PID=4263) to work on /home/airflow/.local/lib/python3.7/site-packages/airflow/example_dags/example_sensor_decorator.py
[2024-06-04T23:48:09.572+0000] {processor.py:743} INFO - Processing file /home/airflow/.local/lib/python3.7/site-packages/airflow/example_dags/example_sensor_decorator.py for tasks to queue
[2024-06-04T23:48:09.573+0000] {logging_mixin.py:137} INFO - [2024-06-04T23:48:09.573+0000] {dagbag.py:538} INFO - Filling up the DagBag from /home/airflow/.local/lib/python3.7/site-packages/airflow/example_dags/example_sensor_decorator.py
[2024-06-04T23:48:09.598+0000] {processor.py:753} INFO - DAG(s) dict_keys(['example_sensor_decorator']) retrieved from /home/airflow/.local/lib/python3.7/site-packages/airflow/example_dags/example_sensor_decorator.py
[2024-06-04T23:48:09.626+0000] {logging_mixin.py:137} INFO - [2024-06-04T23:48:09.626+0000] {dag.py:2690} INFO - Sync 1 DAGs
[2024-06-04T23:48:09.659+0000] {logging_mixin.py:137} INFO - [2024-06-04T23:48:09.659+0000] {dag.py:3441} INFO - Setting next_dagrun for example_sensor_decorator to None, run_after=None
[2024-06-04T23:48:09.684+0000] {processor.py:175} INFO - Processing /home/airflow/.local/lib/python3.7/site-packages/airflow/example_dags/example_sensor_decorator.py took 0.117 seconds
[2024-06-04T23:48:40.048+0000] {processor.py:153} INFO - Started process (PID=4625) to work on /home/airflow/.local/lib/python3.7/site-packages/airflow/example_dags/example_sensor_decorator.py
[2024-06-04T23:48:40.048+0000] {processor.py:743} INFO - Processing file /home/airflow/.local/lib/python3.7/site-packages/airflow/example_dags/example_sensor_decorator.py for tasks to queue
[2024-06-04T23:48:40.049+0000] {logging_mixin.py:137} INFO - [2024-06-04T23:48:40.049+0000] {dagbag.py:538} INFO - Filling up the DagBag from /home/airflow/.local/lib/python3.7/site-packages/airflow/example_dags/example_sensor_decorator.py
[2024-06-04T23:48:40.065+0000] {processor.py:753} INFO - DAG(s) dict_keys(['example_sensor_decorator']) retrieved from /home/airflow/.local/lib/python3.7/site-packages/airflow/example_dags/example_sensor_decorator.py
[2024-06-04T23:48:40.083+0000] {logging_mixin.py:137} INFO - [2024-06-04T23:48:40.083+0000] {dag.py:2690} INFO - Sync 1 DAGs
[2024-06-04T23:48:40.101+0000] {logging_mixin.py:137} INFO - [2024-06-04T23:48:40.101+0000] {dag.py:3441} INFO - Setting next_dagrun for example_sensor_decorator to None, run_after=None
[2024-06-04T23:48:40.114+0000] {processor.py:175} INFO - Processing /home/airflow/.local/lib/python3.7/site-packages/airflow/example_dags/example_sensor_decorator.py took 0.068 seconds
[2024-06-04T23:49:10.333+0000] {processor.py:153} INFO - Started process (PID=5020) to work on /home/airflow/.local/lib/python3.7/site-packages/airflow/example_dags/example_sensor_decorator.py
[2024-06-04T23:49:10.334+0000] {processor.py:743} INFO - Processing file /home/airflow/.local/lib/python3.7/site-packages/airflow/example_dags/example_sensor_decorator.py for tasks to queue
[2024-06-04T23:49:10.335+0000] {logging_mixin.py:137} INFO - [2024-06-04T23:49:10.334+0000] {dagbag.py:538} INFO - Filling up the DagBag from /home/airflow/.local/lib/python3.7/site-packages/airflow/example_dags/example_sensor_decorator.py
[2024-06-04T23:49:10.364+0000] {processor.py:753} INFO - DAG(s) dict_keys(['example_sensor_decorator']) retrieved from /home/airflow/.local/lib/python3.7/site-packages/airflow/example_dags/example_sensor_decorator.py
[2024-06-04T23:49:10.396+0000] {logging_mixin.py:137} INFO - [2024-06-04T23:49:10.396+0000] {dag.py:2690} INFO - Sync 1 DAGs
[2024-06-04T23:49:10.434+0000] {logging_mixin.py:137} INFO - [2024-06-04T23:49:10.434+0000] {dag.py:3441} INFO - Setting next_dagrun for example_sensor_decorator to None, run_after=None
[2024-06-04T23:49:10.460+0000] {processor.py:175} INFO - Processing /home/airflow/.local/lib/python3.7/site-packages/airflow/example_dags/example_sensor_decorator.py took 0.132 seconds
[2024-06-04T23:49:41.343+0000] {processor.py:153} INFO - Started process (PID=5404) to work on /home/airflow/.local/lib/python3.7/site-packages/airflow/example_dags/example_sensor_decorator.py
[2024-06-04T23:49:41.344+0000] {processor.py:743} INFO - Processing file /home/airflow/.local/lib/python3.7/site-packages/airflow/example_dags/example_sensor_decorator.py for tasks to queue
[2024-06-04T23:49:41.345+0000] {logging_mixin.py:137} INFO - [2024-06-04T23:49:41.344+0000] {dagbag.py:538} INFO - Filling up the DagBag from /home/airflow/.local/lib/python3.7/site-packages/airflow/example_dags/example_sensor_decorator.py
[2024-06-04T23:49:41.374+0000] {processor.py:753} INFO - DAG(s) dict_keys(['example_sensor_decorator']) retrieved from /home/airflow/.local/lib/python3.7/site-packages/airflow/example_dags/example_sensor_decorator.py
[2024-06-04T23:49:41.403+0000] {logging_mixin.py:137} INFO - [2024-06-04T23:49:41.402+0000] {dag.py:2690} INFO - Sync 1 DAGs
[2024-06-04T23:49:41.433+0000] {logging_mixin.py:137} INFO - [2024-06-04T23:49:41.433+0000] {dag.py:3441} INFO - Setting next_dagrun for example_sensor_decorator to None, run_after=None
[2024-06-04T23:49:41.451+0000] {processor.py:175} INFO - Processing /home/airflow/.local/lib/python3.7/site-packages/airflow/example_dags/example_sensor_decorator.py took 0.112 seconds
[2024-06-04T23:50:11.672+0000] {processor.py:153} INFO - Started process (PID=5750) to work on /home/airflow/.local/lib/python3.7/site-packages/airflow/example_dags/example_sensor_decorator.py
[2024-06-04T23:50:11.673+0000] {processor.py:743} INFO - Processing file /home/airflow/.local/lib/python3.7/site-packages/airflow/example_dags/example_sensor_decorator.py for tasks to queue
[2024-06-04T23:50:11.673+0000] {logging_mixin.py:137} INFO - [2024-06-04T23:50:11.673+0000] {dagbag.py:538} INFO - Filling up the DagBag from /home/airflow/.local/lib/python3.7/site-packages/airflow/example_dags/example_sensor_decorator.py
[2024-06-04T23:50:11.698+0000] {processor.py:753} INFO - DAG(s) dict_keys(['example_sensor_decorator']) retrieved from /home/airflow/.local/lib/python3.7/site-packages/airflow/example_dags/example_sensor_decorator.py
[2024-06-04T23:50:11.730+0000] {logging_mixin.py:137} INFO - [2024-06-04T23:50:11.730+0000] {dag.py:2690} INFO - Sync 1 DAGs
[2024-06-04T23:50:11.767+0000] {logging_mixin.py:137} INFO - [2024-06-04T23:50:11.767+0000] {dag.py:3441} INFO - Setting next_dagrun for example_sensor_decorator to None, run_after=None
[2024-06-04T23:50:11.793+0000] {processor.py:175} INFO - Processing /home/airflow/.local/lib/python3.7/site-packages/airflow/example_dags/example_sensor_decorator.py took 0.124 seconds
[2024-06-04T23:50:41.958+0000] {processor.py:153} INFO - Started process (PID=6148) to work on /home/airflow/.local/lib/python3.7/site-packages/airflow/example_dags/example_sensor_decorator.py
[2024-06-04T23:50:41.959+0000] {processor.py:743} INFO - Processing file /home/airflow/.local/lib/python3.7/site-packages/airflow/example_dags/example_sensor_decorator.py for tasks to queue
[2024-06-04T23:50:41.959+0000] {logging_mixin.py:137} INFO - [2024-06-04T23:50:41.959+0000] {dagbag.py:538} INFO - Filling up the DagBag from /home/airflow/.local/lib/python3.7/site-packages/airflow/example_dags/example_sensor_decorator.py
[2024-06-04T23:50:41.977+0000] {processor.py:753} INFO - DAG(s) dict_keys(['example_sensor_decorator']) retrieved from /home/airflow/.local/lib/python3.7/site-packages/airflow/example_dags/example_sensor_decorator.py
[2024-06-04T23:50:41.996+0000] {logging_mixin.py:137} INFO - [2024-06-04T23:50:41.996+0000] {dag.py:2690} INFO - Sync 1 DAGs
[2024-06-04T23:50:42.015+0000] {logging_mixin.py:137} INFO - [2024-06-04T23:50:42.015+0000] {dag.py:3441} INFO - Setting next_dagrun for example_sensor_decorator to None, run_after=None
[2024-06-04T23:50:42.028+0000] {processor.py:175} INFO - Processing /home/airflow/.local/lib/python3.7/site-packages/airflow/example_dags/example_sensor_decorator.py took 0.072 seconds
[2024-06-04T23:51:12.564+0000] {processor.py:153} INFO - Started process (PID=6494) to work on /home/airflow/.local/lib/python3.7/site-packages/airflow/example_dags/example_sensor_decorator.py
[2024-06-04T23:51:12.565+0000] {processor.py:743} INFO - Processing file /home/airflow/.local/lib/python3.7/site-packages/airflow/example_dags/example_sensor_decorator.py for tasks to queue
[2024-06-04T23:51:12.566+0000] {logging_mixin.py:137} INFO - [2024-06-04T23:51:12.566+0000] {dagbag.py:538} INFO - Filling up the DagBag from /home/airflow/.local/lib/python3.7/site-packages/airflow/example_dags/example_sensor_decorator.py
[2024-06-04T23:51:12.596+0000] {processor.py:753} INFO - DAG(s) dict_keys(['example_sensor_decorator']) retrieved from /home/airflow/.local/lib/python3.7/site-packages/airflow/example_dags/example_sensor_decorator.py
[2024-06-04T23:51:12.629+0000] {logging_mixin.py:137} INFO - [2024-06-04T23:51:12.628+0000] {dag.py:2690} INFO - Sync 1 DAGs
[2024-06-04T23:51:12.660+0000] {logging_mixin.py:137} INFO - [2024-06-04T23:51:12.660+0000] {dag.py:3441} INFO - Setting next_dagrun for example_sensor_decorator to None, run_after=None
[2024-06-04T23:51:12.692+0000] {processor.py:175} INFO - Processing /home/airflow/.local/lib/python3.7/site-packages/airflow/example_dags/example_sensor_decorator.py took 0.132 seconds
[2024-06-04T23:51:42.853+0000] {processor.py:153} INFO - Started process (PID=6839) to work on /home/airflow/.local/lib/python3.7/site-packages/airflow/example_dags/example_sensor_decorator.py
[2024-06-04T23:51:42.853+0000] {processor.py:743} INFO - Processing file /home/airflow/.local/lib/python3.7/site-packages/airflow/example_dags/example_sensor_decorator.py for tasks to queue
[2024-06-04T23:51:42.854+0000] {logging_mixin.py:137} INFO - [2024-06-04T23:51:42.854+0000] {dagbag.py:538} INFO - Filling up the DagBag from /home/airflow/.local/lib/python3.7/site-packages/airflow/example_dags/example_sensor_decorator.py
[2024-06-04T23:51:42.871+0000] {processor.py:753} INFO - DAG(s) dict_keys(['example_sensor_decorator']) retrieved from /home/airflow/.local/lib/python3.7/site-packages/airflow/example_dags/example_sensor_decorator.py
[2024-06-04T23:51:42.890+0000] {logging_mixin.py:137} INFO - [2024-06-04T23:51:42.890+0000] {dag.py:2690} INFO - Sync 1 DAGs
[2024-06-04T23:51:42.910+0000] {logging_mixin.py:137} INFO - [2024-06-04T23:51:42.910+0000] {dag.py:3441} INFO - Setting next_dagrun for example_sensor_decorator to None, run_after=None
[2024-06-04T23:51:42.926+0000] {processor.py:175} INFO - Processing /home/airflow/.local/lib/python3.7/site-packages/airflow/example_dags/example_sensor_decorator.py took 0.076 seconds
[2024-06-04T23:52:13.126+0000] {processor.py:153} INFO - Started process (PID=7162) to work on /home/airflow/.local/lib/python3.7/site-packages/airflow/example_dags/example_sensor_decorator.py
[2024-06-04T23:52:13.127+0000] {processor.py:743} INFO - Processing file /home/airflow/.local/lib/python3.7/site-packages/airflow/example_dags/example_sensor_decorator.py for tasks to queue
[2024-06-04T23:52:13.128+0000] {logging_mixin.py:137} INFO - [2024-06-04T23:52:13.128+0000] {dagbag.py:538} INFO - Filling up the DagBag from /home/airflow/.local/lib/python3.7/site-packages/airflow/example_dags/example_sensor_decorator.py
[2024-06-04T23:52:13.166+0000] {processor.py:753} INFO - DAG(s) dict_keys(['example_sensor_decorator']) retrieved from /home/airflow/.local/lib/python3.7/site-packages/airflow/example_dags/example_sensor_decorator.py
[2024-06-04T23:52:13.199+0000] {logging_mixin.py:137} INFO - [2024-06-04T23:52:13.199+0000] {dag.py:2690} INFO - Sync 1 DAGs
[2024-06-04T23:52:13.234+0000] {logging_mixin.py:137} INFO - [2024-06-04T23:52:13.234+0000] {dag.py:3441} INFO - Setting next_dagrun for example_sensor_decorator to None, run_after=None
[2024-06-04T23:52:13.259+0000] {processor.py:175} INFO - Processing /home/airflow/.local/lib/python3.7/site-packages/airflow/example_dags/example_sensor_decorator.py took 0.141 seconds
[2024-06-04T23:52:43.405+0000] {processor.py:153} INFO - Started process (PID=7514) to work on /home/airflow/.local/lib/python3.7/site-packages/airflow/example_dags/example_sensor_decorator.py
[2024-06-04T23:52:43.406+0000] {processor.py:743} INFO - Processing file /home/airflow/.local/lib/python3.7/site-packages/airflow/example_dags/example_sensor_decorator.py for tasks to queue
[2024-06-04T23:52:43.406+0000] {logging_mixin.py:137} INFO - [2024-06-04T23:52:43.406+0000] {dagbag.py:538} INFO - Filling up the DagBag from /home/airflow/.local/lib/python3.7/site-packages/airflow/example_dags/example_sensor_decorator.py
[2024-06-04T23:52:43.429+0000] {processor.py:753} INFO - DAG(s) dict_keys(['example_sensor_decorator']) retrieved from /home/airflow/.local/lib/python3.7/site-packages/airflow/example_dags/example_sensor_decorator.py
[2024-06-04T23:52:43.458+0000] {logging_mixin.py:137} INFO - [2024-06-04T23:52:43.458+0000] {dag.py:2690} INFO - Sync 1 DAGs
[2024-06-04T23:52:43.493+0000] {logging_mixin.py:137} INFO - [2024-06-04T23:52:43.493+0000] {dag.py:3441} INFO - Setting next_dagrun for example_sensor_decorator to None, run_after=None
[2024-06-04T23:52:43.517+0000] {processor.py:175} INFO - Processing /home/airflow/.local/lib/python3.7/site-packages/airflow/example_dags/example_sensor_decorator.py took 0.116 seconds
[2024-06-04T23:53:13.801+0000] {processor.py:153} INFO - Started process (PID=7867) to work on /home/airflow/.local/lib/python3.7/site-packages/airflow/example_dags/example_sensor_decorator.py
[2024-06-04T23:53:13.802+0000] {processor.py:743} INFO - Processing file /home/airflow/.local/lib/python3.7/site-packages/airflow/example_dags/example_sensor_decorator.py for tasks to queue
[2024-06-04T23:53:13.802+0000] {logging_mixin.py:137} INFO - [2024-06-04T23:53:13.802+0000] {dagbag.py:538} INFO - Filling up the DagBag from /home/airflow/.local/lib/python3.7/site-packages/airflow/example_dags/example_sensor_decorator.py
[2024-06-04T23:53:13.830+0000] {processor.py:753} INFO - DAG(s) dict_keys(['example_sensor_decorator']) retrieved from /home/airflow/.local/lib/python3.7/site-packages/airflow/example_dags/example_sensor_decorator.py
[2024-06-04T23:53:13.863+0000] {logging_mixin.py:137} INFO - [2024-06-04T23:53:13.862+0000] {dag.py:2690} INFO - Sync 1 DAGs
[2024-06-04T23:53:13.903+0000] {logging_mixin.py:137} INFO - [2024-06-04T23:53:13.903+0000] {dag.py:3441} INFO - Setting next_dagrun for example_sensor_decorator to None, run_after=None
[2024-06-04T23:53:13.935+0000] {processor.py:175} INFO - Processing /home/airflow/.local/lib/python3.7/site-packages/airflow/example_dags/example_sensor_decorator.py took 0.137 seconds
[2024-06-04T23:53:44.438+0000] {processor.py:153} INFO - Started process (PID=8207) to work on /home/airflow/.local/lib/python3.7/site-packages/airflow/example_dags/example_sensor_decorator.py
[2024-06-04T23:53:44.440+0000] {processor.py:743} INFO - Processing file /home/airflow/.local/lib/python3.7/site-packages/airflow/example_dags/example_sensor_decorator.py for tasks to queue
[2024-06-04T23:53:44.440+0000] {logging_mixin.py:137} INFO - [2024-06-04T23:53:44.440+0000] {dagbag.py:538} INFO - Filling up the DagBag from /home/airflow/.local/lib/python3.7/site-packages/airflow/example_dags/example_sensor_decorator.py
[2024-06-04T23:53:44.468+0000] {processor.py:753} INFO - DAG(s) dict_keys(['example_sensor_decorator']) retrieved from /home/airflow/.local/lib/python3.7/site-packages/airflow/example_dags/example_sensor_decorator.py
[2024-06-04T23:53:44.495+0000] {logging_mixin.py:137} INFO - [2024-06-04T23:53:44.495+0000] {dag.py:2690} INFO - Sync 1 DAGs
[2024-06-04T23:53:44.519+0000] {logging_mixin.py:137} INFO - [2024-06-04T23:53:44.519+0000] {dag.py:3441} INFO - Setting next_dagrun for example_sensor_decorator to None, run_after=None
[2024-06-04T23:53:44.544+0000] {processor.py:175} INFO - Processing /home/airflow/.local/lib/python3.7/site-packages/airflow/example_dags/example_sensor_decorator.py took 0.109 seconds
[2024-06-04T23:54:15.013+0000] {processor.py:153} INFO - Started process (PID=8511) to work on /home/airflow/.local/lib/python3.7/site-packages/airflow/example_dags/example_sensor_decorator.py
[2024-06-04T23:54:15.014+0000] {processor.py:743} INFO - Processing file /home/airflow/.local/lib/python3.7/site-packages/airflow/example_dags/example_sensor_decorator.py for tasks to queue
[2024-06-04T23:54:15.015+0000] {logging_mixin.py:137} INFO - [2024-06-04T23:54:15.015+0000] {dagbag.py:538} INFO - Filling up the DagBag from /home/airflow/.local/lib/python3.7/site-packages/airflow/example_dags/example_sensor_decorator.py
[2024-06-04T23:54:15.041+0000] {processor.py:753} INFO - DAG(s) dict_keys(['example_sensor_decorator']) retrieved from /home/airflow/.local/lib/python3.7/site-packages/airflow/example_dags/example_sensor_decorator.py
[2024-06-04T23:54:15.073+0000] {logging_mixin.py:137} INFO - [2024-06-04T23:54:15.073+0000] {dag.py:2690} INFO - Sync 1 DAGs
[2024-06-04T23:54:15.108+0000] {logging_mixin.py:137} INFO - [2024-06-04T23:54:15.108+0000] {dag.py:3441} INFO - Setting next_dagrun for example_sensor_decorator to None, run_after=None
[2024-06-04T23:54:15.135+0000] {processor.py:175} INFO - Processing /home/airflow/.local/lib/python3.7/site-packages/airflow/example_dags/example_sensor_decorator.py took 0.125 seconds
[2024-06-04T23:54:45.409+0000] {processor.py:153} INFO - Started process (PID=8659) to work on /home/airflow/.local/lib/python3.7/site-packages/airflow/example_dags/example_sensor_decorator.py
[2024-06-04T23:54:45.410+0000] {processor.py:743} INFO - Processing file /home/airflow/.local/lib/python3.7/site-packages/airflow/example_dags/example_sensor_decorator.py for tasks to queue
[2024-06-04T23:54:45.410+0000] {logging_mixin.py:137} INFO - [2024-06-04T23:54:45.410+0000] {dagbag.py:538} INFO - Filling up the DagBag from /home/airflow/.local/lib/python3.7/site-packages/airflow/example_dags/example_sensor_decorator.py
[2024-06-04T23:54:45.426+0000] {processor.py:753} INFO - DAG(s) dict_keys(['example_sensor_decorator']) retrieved from /home/airflow/.local/lib/python3.7/site-packages/airflow/example_dags/example_sensor_decorator.py
[2024-06-04T23:54:45.444+0000] {logging_mixin.py:137} INFO - [2024-06-04T23:54:45.444+0000] {dag.py:2690} INFO - Sync 1 DAGs
[2024-06-04T23:54:45.462+0000] {logging_mixin.py:137} INFO - [2024-06-04T23:54:45.462+0000] {dag.py:3441} INFO - Setting next_dagrun for example_sensor_decorator to None, run_after=None
[2024-06-04T23:54:45.475+0000] {processor.py:175} INFO - Processing /home/airflow/.local/lib/python3.7/site-packages/airflow/example_dags/example_sensor_decorator.py took 0.068 seconds
[2024-06-04T23:55:15.544+0000] {processor.py:153} INFO - Started process (PID=8760) to work on /home/airflow/.local/lib/python3.7/site-packages/airflow/example_dags/example_sensor_decorator.py
[2024-06-04T23:55:15.545+0000] {processor.py:743} INFO - Processing file /home/airflow/.local/lib/python3.7/site-packages/airflow/example_dags/example_sensor_decorator.py for tasks to queue
[2024-06-04T23:55:15.545+0000] {logging_mixin.py:137} INFO - [2024-06-04T23:55:15.545+0000] {dagbag.py:538} INFO - Filling up the DagBag from /home/airflow/.local/lib/python3.7/site-packages/airflow/example_dags/example_sensor_decorator.py
[2024-06-04T23:55:15.561+0000] {processor.py:753} INFO - DAG(s) dict_keys(['example_sensor_decorator']) retrieved from /home/airflow/.local/lib/python3.7/site-packages/airflow/example_dags/example_sensor_decorator.py
[2024-06-04T23:55:15.580+0000] {logging_mixin.py:137} INFO - [2024-06-04T23:55:15.580+0000] {dag.py:2690} INFO - Sync 1 DAGs
[2024-06-04T23:55:15.599+0000] {logging_mixin.py:137} INFO - [2024-06-04T23:55:15.599+0000] {dag.py:3441} INFO - Setting next_dagrun for example_sensor_decorator to None, run_after=None
[2024-06-04T23:55:15.612+0000] {processor.py:175} INFO - Processing /home/airflow/.local/lib/python3.7/site-packages/airflow/example_dags/example_sensor_decorator.py took 0.071 seconds
[2024-06-04T23:55:46.548+0000] {processor.py:153} INFO - Started process (PID=8862) to work on /home/airflow/.local/lib/python3.7/site-packages/airflow/example_dags/example_sensor_decorator.py
[2024-06-04T23:55:46.548+0000] {processor.py:743} INFO - Processing file /home/airflow/.local/lib/python3.7/site-packages/airflow/example_dags/example_sensor_decorator.py for tasks to queue
[2024-06-04T23:55:46.549+0000] {logging_mixin.py:137} INFO - [2024-06-04T23:55:46.549+0000] {dagbag.py:538} INFO - Filling up the DagBag from /home/airflow/.local/lib/python3.7/site-packages/airflow/example_dags/example_sensor_decorator.py
[2024-06-04T23:55:46.565+0000] {processor.py:753} INFO - DAG(s) dict_keys(['example_sensor_decorator']) retrieved from /home/airflow/.local/lib/python3.7/site-packages/airflow/example_dags/example_sensor_decorator.py
[2024-06-04T23:55:46.582+0000] {logging_mixin.py:137} INFO - [2024-06-04T23:55:46.582+0000] {dag.py:2690} INFO - Sync 1 DAGs
[2024-06-04T23:55:46.600+0000] {logging_mixin.py:137} INFO - [2024-06-04T23:55:46.599+0000] {dag.py:3441} INFO - Setting next_dagrun for example_sensor_decorator to None, run_after=None
[2024-06-04T23:55:46.612+0000] {processor.py:175} INFO - Processing /home/airflow/.local/lib/python3.7/site-packages/airflow/example_dags/example_sensor_decorator.py took 0.066 seconds
[2024-06-04T23:56:17.293+0000] {processor.py:153} INFO - Started process (PID=8981) to work on /home/airflow/.local/lib/python3.7/site-packages/airflow/example_dags/example_sensor_decorator.py
[2024-06-04T23:56:17.293+0000] {processor.py:743} INFO - Processing file /home/airflow/.local/lib/python3.7/site-packages/airflow/example_dags/example_sensor_decorator.py for tasks to queue
[2024-06-04T23:56:17.293+0000] {logging_mixin.py:137} INFO - [2024-06-04T23:56:17.293+0000] {dagbag.py:538} INFO - Filling up the DagBag from /home/airflow/.local/lib/python3.7/site-packages/airflow/example_dags/example_sensor_decorator.py
[2024-06-04T23:56:17.309+0000] {processor.py:753} INFO - DAG(s) dict_keys(['example_sensor_decorator']) retrieved from /home/airflow/.local/lib/python3.7/site-packages/airflow/example_dags/example_sensor_decorator.py
[2024-06-04T23:56:17.328+0000] {logging_mixin.py:137} INFO - [2024-06-04T23:56:17.328+0000] {dag.py:2690} INFO - Sync 1 DAGs
[2024-06-04T23:56:17.359+0000] {logging_mixin.py:137} INFO - [2024-06-04T23:56:17.359+0000] {dag.py:3441} INFO - Setting next_dagrun for example_sensor_decorator to None, run_after=None
[2024-06-04T23:56:17.379+0000] {processor.py:175} INFO - Processing /home/airflow/.local/lib/python3.7/site-packages/airflow/example_dags/example_sensor_decorator.py took 0.089 seconds
[2024-06-04T23:56:47.494+0000] {processor.py:153} INFO - Started process (PID=9085) to work on /home/airflow/.local/lib/python3.7/site-packages/airflow/example_dags/example_sensor_decorator.py
[2024-06-04T23:56:47.495+0000] {processor.py:743} INFO - Processing file /home/airflow/.local/lib/python3.7/site-packages/airflow/example_dags/example_sensor_decorator.py for tasks to queue
[2024-06-04T23:56:47.495+0000] {logging_mixin.py:137} INFO - [2024-06-04T23:56:47.495+0000] {dagbag.py:538} INFO - Filling up the DagBag from /home/airflow/.local/lib/python3.7/site-packages/airflow/example_dags/example_sensor_decorator.py
[2024-06-04T23:56:47.510+0000] {processor.py:753} INFO - DAG(s) dict_keys(['example_sensor_decorator']) retrieved from /home/airflow/.local/lib/python3.7/site-packages/airflow/example_dags/example_sensor_decorator.py
[2024-06-04T23:56:47.528+0000] {logging_mixin.py:137} INFO - [2024-06-04T23:56:47.528+0000] {dag.py:2690} INFO - Sync 1 DAGs
[2024-06-04T23:56:47.545+0000] {logging_mixin.py:137} INFO - [2024-06-04T23:56:47.545+0000] {dag.py:3441} INFO - Setting next_dagrun for example_sensor_decorator to None, run_after=None
[2024-06-04T23:56:47.557+0000] {processor.py:175} INFO - Processing /home/airflow/.local/lib/python3.7/site-packages/airflow/example_dags/example_sensor_decorator.py took 0.066 seconds
[2024-06-04T23:57:17.642+0000] {processor.py:153} INFO - Started process (PID=9206) to work on /home/airflow/.local/lib/python3.7/site-packages/airflow/example_dags/example_sensor_decorator.py
[2024-06-04T23:57:17.643+0000] {processor.py:743} INFO - Processing file /home/airflow/.local/lib/python3.7/site-packages/airflow/example_dags/example_sensor_decorator.py for tasks to queue
[2024-06-04T23:57:17.643+0000] {logging_mixin.py:137} INFO - [2024-06-04T23:57:17.643+0000] {dagbag.py:538} INFO - Filling up the DagBag from /home/airflow/.local/lib/python3.7/site-packages/airflow/example_dags/example_sensor_decorator.py
[2024-06-04T23:57:17.658+0000] {processor.py:753} INFO - DAG(s) dict_keys(['example_sensor_decorator']) retrieved from /home/airflow/.local/lib/python3.7/site-packages/airflow/example_dags/example_sensor_decorator.py
[2024-06-04T23:57:17.678+0000] {logging_mixin.py:137} INFO - [2024-06-04T23:57:17.678+0000] {dag.py:2690} INFO - Sync 1 DAGs
[2024-06-04T23:57:17.694+0000] {logging_mixin.py:137} INFO - [2024-06-04T23:57:17.694+0000] {dag.py:3441} INFO - Setting next_dagrun for example_sensor_decorator to None, run_after=None
[2024-06-04T23:57:17.705+0000] {processor.py:175} INFO - Processing /home/airflow/.local/lib/python3.7/site-packages/airflow/example_dags/example_sensor_decorator.py took 0.065 seconds
[2024-06-04T23:57:47.755+0000] {processor.py:153} INFO - Started process (PID=9293) to work on /home/airflow/.local/lib/python3.7/site-packages/airflow/example_dags/example_sensor_decorator.py
[2024-06-04T23:57:47.755+0000] {processor.py:743} INFO - Processing file /home/airflow/.local/lib/python3.7/site-packages/airflow/example_dags/example_sensor_decorator.py for tasks to queue
[2024-06-04T23:57:47.756+0000] {logging_mixin.py:137} INFO - [2024-06-04T23:57:47.756+0000] {dagbag.py:538} INFO - Filling up the DagBag from /home/airflow/.local/lib/python3.7/site-packages/airflow/example_dags/example_sensor_decorator.py
[2024-06-04T23:57:47.772+0000] {processor.py:753} INFO - DAG(s) dict_keys(['example_sensor_decorator']) retrieved from /home/airflow/.local/lib/python3.7/site-packages/airflow/example_dags/example_sensor_decorator.py
[2024-06-04T23:57:47.791+0000] {logging_mixin.py:137} INFO - [2024-06-04T23:57:47.791+0000] {dag.py:2690} INFO - Sync 1 DAGs
[2024-06-04T23:57:47.809+0000] {logging_mixin.py:137} INFO - [2024-06-04T23:57:47.809+0000] {dag.py:3441} INFO - Setting next_dagrun for example_sensor_decorator to None, run_after=None
[2024-06-04T23:57:47.823+0000] {processor.py:175} INFO - Processing /home/airflow/.local/lib/python3.7/site-packages/airflow/example_dags/example_sensor_decorator.py took 0.071 seconds
[2024-06-04T23:58:17.901+0000] {processor.py:153} INFO - Started process (PID=9413) to work on /home/airflow/.local/lib/python3.7/site-packages/airflow/example_dags/example_sensor_decorator.py
[2024-06-04T23:58:17.901+0000] {processor.py:743} INFO - Processing file /home/airflow/.local/lib/python3.7/site-packages/airflow/example_dags/example_sensor_decorator.py for tasks to queue
[2024-06-04T23:58:17.902+0000] {logging_mixin.py:137} INFO - [2024-06-04T23:58:17.901+0000] {dagbag.py:538} INFO - Filling up the DagBag from /home/airflow/.local/lib/python3.7/site-packages/airflow/example_dags/example_sensor_decorator.py
[2024-06-04T23:58:17.917+0000] {processor.py:753} INFO - DAG(s) dict_keys(['example_sensor_decorator']) retrieved from /home/airflow/.local/lib/python3.7/site-packages/airflow/example_dags/example_sensor_decorator.py
[2024-06-04T23:58:17.935+0000] {logging_mixin.py:137} INFO - [2024-06-04T23:58:17.935+0000] {dag.py:2690} INFO - Sync 1 DAGs
[2024-06-04T23:58:17.954+0000] {logging_mixin.py:137} INFO - [2024-06-04T23:58:17.954+0000] {dag.py:3441} INFO - Setting next_dagrun for example_sensor_decorator to None, run_after=None
[2024-06-04T23:58:17.968+0000] {processor.py:175} INFO - Processing /home/airflow/.local/lib/python3.7/site-packages/airflow/example_dags/example_sensor_decorator.py took 0.069 seconds
[2024-06-04T23:58:48.005+0000] {processor.py:153} INFO - Started process (PID=9509) to work on /home/airflow/.local/lib/python3.7/site-packages/airflow/example_dags/example_sensor_decorator.py
[2024-06-04T23:58:48.006+0000] {processor.py:743} INFO - Processing file /home/airflow/.local/lib/python3.7/site-packages/airflow/example_dags/example_sensor_decorator.py for tasks to queue
[2024-06-04T23:58:48.006+0000] {logging_mixin.py:137} INFO - [2024-06-04T23:58:48.006+0000] {dagbag.py:538} INFO - Filling up the DagBag from /home/airflow/.local/lib/python3.7/site-packages/airflow/example_dags/example_sensor_decorator.py
[2024-06-04T23:58:48.024+0000] {processor.py:753} INFO - DAG(s) dict_keys(['example_sensor_decorator']) retrieved from /home/airflow/.local/lib/python3.7/site-packages/airflow/example_dags/example_sensor_decorator.py
[2024-06-04T23:58:48.049+0000] {logging_mixin.py:137} INFO - [2024-06-04T23:58:48.049+0000] {dag.py:2690} INFO - Sync 1 DAGs
[2024-06-04T23:58:48.076+0000] {logging_mixin.py:137} INFO - [2024-06-04T23:58:48.076+0000] {dag.py:3441} INFO - Setting next_dagrun for example_sensor_decorator to None, run_after=None
[2024-06-04T23:58:48.096+0000] {processor.py:175} INFO - Processing /home/airflow/.local/lib/python3.7/site-packages/airflow/example_dags/example_sensor_decorator.py took 0.093 seconds
[2024-06-04T23:59:19.005+0000] {processor.py:153} INFO - Started process (PID=9616) to work on /home/airflow/.local/lib/python3.7/site-packages/airflow/example_dags/example_sensor_decorator.py
[2024-06-04T23:59:19.006+0000] {processor.py:743} INFO - Processing file /home/airflow/.local/lib/python3.7/site-packages/airflow/example_dags/example_sensor_decorator.py for tasks to queue
[2024-06-04T23:59:19.006+0000] {logging_mixin.py:137} INFO - [2024-06-04T23:59:19.006+0000] {dagbag.py:538} INFO - Filling up the DagBag from /home/airflow/.local/lib/python3.7/site-packages/airflow/example_dags/example_sensor_decorator.py
[2024-06-04T23:59:19.021+0000] {processor.py:753} INFO - DAG(s) dict_keys(['example_sensor_decorator']) retrieved from /home/airflow/.local/lib/python3.7/site-packages/airflow/example_dags/example_sensor_decorator.py
[2024-06-04T23:59:19.039+0000] {logging_mixin.py:137} INFO - [2024-06-04T23:59:19.039+0000] {dag.py:2690} INFO - Sync 1 DAGs
[2024-06-04T23:59:19.055+0000] {logging_mixin.py:137} INFO - [2024-06-04T23:59:19.055+0000] {dag.py:3441} INFO - Setting next_dagrun for example_sensor_decorator to None, run_after=None
[2024-06-04T23:59:19.067+0000] {processor.py:175} INFO - Processing /home/airflow/.local/lib/python3.7/site-packages/airflow/example_dags/example_sensor_decorator.py took 0.064 seconds
[2024-06-04T23:59:49.748+0000] {processor.py:153} INFO - Started process (PID=9727) to work on /home/airflow/.local/lib/python3.7/site-packages/airflow/example_dags/example_sensor_decorator.py
[2024-06-04T23:59:49.749+0000] {processor.py:743} INFO - Processing file /home/airflow/.local/lib/python3.7/site-packages/airflow/example_dags/example_sensor_decorator.py for tasks to queue
[2024-06-04T23:59:49.750+0000] {logging_mixin.py:137} INFO - [2024-06-04T23:59:49.749+0000] {dagbag.py:538} INFO - Filling up the DagBag from /home/airflow/.local/lib/python3.7/site-packages/airflow/example_dags/example_sensor_decorator.py
[2024-06-04T23:59:49.766+0000] {processor.py:753} INFO - DAG(s) dict_keys(['example_sensor_decorator']) retrieved from /home/airflow/.local/lib/python3.7/site-packages/airflow/example_dags/example_sensor_decorator.py
[2024-06-04T23:59:49.785+0000] {logging_mixin.py:137} INFO - [2024-06-04T23:59:49.785+0000] {dag.py:2690} INFO - Sync 1 DAGs
[2024-06-04T23:59:49.804+0000] {logging_mixin.py:137} INFO - [2024-06-04T23:59:49.804+0000] {dag.py:3441} INFO - Setting next_dagrun for example_sensor_decorator to None, run_after=None
[2024-06-04T23:59:49.818+0000] {processor.py:175} INFO - Processing /home/airflow/.local/lib/python3.7/site-packages/airflow/example_dags/example_sensor_decorator.py took 0.072 seconds
