[2024-06-04T23:37:25.707+0000] {processor.py:153} INFO - Started process (PID=51) to work on /home/airflow/.local/lib/python3.7/site-packages/airflow/example_dags/example_xcomargs.py
[2024-06-04T23:37:25.708+0000] {processor.py:743} INFO - Processing file /home/airflow/.local/lib/python3.7/site-packages/airflow/example_dags/example_xcomargs.py for tasks to queue
[2024-06-04T23:37:25.708+0000] {logging_mixin.py:137} INFO - [2024-06-04T23:37:25.708+0000] {dagbag.py:538} INFO - Filling up the DagBag from /home/airflow/.local/lib/python3.7/site-packages/airflow/example_dags/example_xcomargs.py
[2024-06-04T23:37:25.728+0000] {processor.py:753} INFO - DAG(s) dict_keys(['example_xcom_args', 'example_xcom_args_with_operators']) retrieved from /home/airflow/.local/lib/python3.7/site-packages/airflow/example_dags/example_xcomargs.py
[2024-06-04T23:37:25.805+0000] {logging_mixin.py:137} INFO - [2024-06-04T23:37:25.805+0000] {manager.py:504} INFO - Created Permission View: can edit on DAG:example_xcom_args
[2024-06-04T23:37:25.812+0000] {logging_mixin.py:137} INFO - [2024-06-04T23:37:25.812+0000] {manager.py:504} INFO - Created Permission View: can read on DAG:example_xcom_args
[2024-06-04T23:37:25.817+0000] {logging_mixin.py:137} INFO - [2024-06-04T23:37:25.817+0000] {manager.py:504} INFO - Created Permission View: can delete on DAG:example_xcom_args
[2024-06-04T23:37:25.828+0000] {logging_mixin.py:137} INFO - [2024-06-04T23:37:25.828+0000] {manager.py:504} INFO - Created Permission View: can edit on DAG:example_xcom_args_with_operators
[2024-06-04T23:37:25.833+0000] {logging_mixin.py:137} INFO - [2024-06-04T23:37:25.833+0000] {manager.py:504} INFO - Created Permission View: can read on DAG:example_xcom_args_with_operators
[2024-06-04T23:37:25.839+0000] {logging_mixin.py:137} INFO - [2024-06-04T23:37:25.839+0000] {manager.py:504} INFO - Created Permission View: can delete on DAG:example_xcom_args_with_operators
[2024-06-04T23:37:25.839+0000] {logging_mixin.py:137} INFO - [2024-06-04T23:37:25.839+0000] {dag.py:2690} INFO - Sync 2 DAGs
[2024-06-04T23:37:25.848+0000] {logging_mixin.py:137} INFO - [2024-06-04T23:37:25.848+0000] {dag.py:2711} INFO - Creating ORM DAG for example_xcom_args
[2024-06-04T23:37:25.849+0000] {logging_mixin.py:137} INFO - [2024-06-04T23:37:25.849+0000] {dag.py:2711} INFO - Creating ORM DAG for example_xcom_args_with_operators
[2024-06-04T23:37:25.856+0000] {logging_mixin.py:137} INFO - [2024-06-04T23:37:25.856+0000] {dag.py:3441} INFO - Setting next_dagrun for example_xcom_args to None, run_after=None
[2024-06-04T23:37:25.856+0000] {logging_mixin.py:137} INFO - [2024-06-04T23:37:25.856+0000] {dag.py:3441} INFO - Setting next_dagrun for example_xcom_args_with_operators to None, run_after=None
[2024-06-04T23:37:25.871+0000] {processor.py:175} INFO - Processing /home/airflow/.local/lib/python3.7/site-packages/airflow/example_dags/example_xcomargs.py took 0.166 seconds
[2024-06-04T23:37:56.031+0000] {processor.py:153} INFO - Started process (PID=162) to work on /home/airflow/.local/lib/python3.7/site-packages/airflow/example_dags/example_xcomargs.py
[2024-06-04T23:37:56.032+0000] {processor.py:743} INFO - Processing file /home/airflow/.local/lib/python3.7/site-packages/airflow/example_dags/example_xcomargs.py for tasks to queue
[2024-06-04T23:37:56.032+0000] {logging_mixin.py:137} INFO - [2024-06-04T23:37:56.032+0000] {dagbag.py:538} INFO - Filling up the DagBag from /home/airflow/.local/lib/python3.7/site-packages/airflow/example_dags/example_xcomargs.py
[2024-06-04T23:37:56.050+0000] {processor.py:753} INFO - DAG(s) dict_keys(['example_xcom_args', 'example_xcom_args_with_operators']) retrieved from /home/airflow/.local/lib/python3.7/site-packages/airflow/example_dags/example_xcomargs.py
[2024-06-04T23:37:56.069+0000] {logging_mixin.py:137} INFO - [2024-06-04T23:37:56.069+0000] {dag.py:2690} INFO - Sync 2 DAGs
[2024-06-04T23:37:56.087+0000] {logging_mixin.py:137} INFO - [2024-06-04T23:37:56.087+0000] {dag.py:3441} INFO - Setting next_dagrun for example_xcom_args to None, run_after=None
[2024-06-04T23:37:56.089+0000] {logging_mixin.py:137} INFO - [2024-06-04T23:37:56.089+0000] {dag.py:3441} INFO - Setting next_dagrun for example_xcom_args_with_operators to None, run_after=None
[2024-06-04T23:37:56.100+0000] {processor.py:175} INFO - Processing /home/airflow/.local/lib/python3.7/site-packages/airflow/example_dags/example_xcomargs.py took 0.071 seconds
[2024-06-04T23:38:26.840+0000] {processor.py:153} INFO - Started process (PID=249) to work on /home/airflow/.local/lib/python3.7/site-packages/airflow/example_dags/example_xcomargs.py
[2024-06-04T23:38:26.841+0000] {processor.py:743} INFO - Processing file /home/airflow/.local/lib/python3.7/site-packages/airflow/example_dags/example_xcomargs.py for tasks to queue
[2024-06-04T23:38:26.841+0000] {logging_mixin.py:137} INFO - [2024-06-04T23:38:26.841+0000] {dagbag.py:538} INFO - Filling up the DagBag from /home/airflow/.local/lib/python3.7/site-packages/airflow/example_dags/example_xcomargs.py
[2024-06-04T23:38:26.859+0000] {processor.py:753} INFO - DAG(s) dict_keys(['example_xcom_args', 'example_xcom_args_with_operators']) retrieved from /home/airflow/.local/lib/python3.7/site-packages/airflow/example_dags/example_xcomargs.py
[2024-06-04T23:38:26.890+0000] {logging_mixin.py:137} INFO - [2024-06-04T23:38:26.890+0000] {dag.py:2690} INFO - Sync 2 DAGs
[2024-06-04T23:38:26.912+0000] {logging_mixin.py:137} INFO - [2024-06-04T23:38:26.912+0000] {dag.py:3441} INFO - Setting next_dagrun for example_xcom_args to None, run_after=None
[2024-06-04T23:38:26.915+0000] {logging_mixin.py:137} INFO - [2024-06-04T23:38:26.915+0000] {dag.py:3441} INFO - Setting next_dagrun for example_xcom_args_with_operators to None, run_after=None
[2024-06-04T23:38:26.926+0000] {processor.py:175} INFO - Processing /home/airflow/.local/lib/python3.7/site-packages/airflow/example_dags/example_xcomargs.py took 0.088 seconds
[2024-06-04T23:38:57.762+0000] {processor.py:153} INFO - Started process (PID=360) to work on /home/airflow/.local/lib/python3.7/site-packages/airflow/example_dags/example_xcomargs.py
[2024-06-04T23:38:57.763+0000] {processor.py:743} INFO - Processing file /home/airflow/.local/lib/python3.7/site-packages/airflow/example_dags/example_xcomargs.py for tasks to queue
[2024-06-04T23:38:57.763+0000] {logging_mixin.py:137} INFO - [2024-06-04T23:38:57.763+0000] {dagbag.py:538} INFO - Filling up the DagBag from /home/airflow/.local/lib/python3.7/site-packages/airflow/example_dags/example_xcomargs.py
[2024-06-04T23:38:57.780+0000] {processor.py:753} INFO - DAG(s) dict_keys(['example_xcom_args', 'example_xcom_args_with_operators']) retrieved from /home/airflow/.local/lib/python3.7/site-packages/airflow/example_dags/example_xcomargs.py
[2024-06-04T23:38:57.801+0000] {logging_mixin.py:137} INFO - [2024-06-04T23:38:57.801+0000] {dag.py:2690} INFO - Sync 2 DAGs
[2024-06-04T23:38:57.819+0000] {logging_mixin.py:137} INFO - [2024-06-04T23:38:57.818+0000] {dag.py:3441} INFO - Setting next_dagrun for example_xcom_args to None, run_after=None
[2024-06-04T23:38:57.821+0000] {logging_mixin.py:137} INFO - [2024-06-04T23:38:57.821+0000] {dag.py:3441} INFO - Setting next_dagrun for example_xcom_args_with_operators to None, run_after=None
[2024-06-04T23:38:57.832+0000] {processor.py:175} INFO - Processing /home/airflow/.local/lib/python3.7/site-packages/airflow/example_dags/example_xcomargs.py took 0.072 seconds
[2024-06-04T23:39:28.475+0000] {processor.py:153} INFO - Started process (PID=471) to work on /home/airflow/.local/lib/python3.7/site-packages/airflow/example_dags/example_xcomargs.py
[2024-06-04T23:39:28.476+0000] {processor.py:743} INFO - Processing file /home/airflow/.local/lib/python3.7/site-packages/airflow/example_dags/example_xcomargs.py for tasks to queue
[2024-06-04T23:39:28.476+0000] {logging_mixin.py:137} INFO - [2024-06-04T23:39:28.476+0000] {dagbag.py:538} INFO - Filling up the DagBag from /home/airflow/.local/lib/python3.7/site-packages/airflow/example_dags/example_xcomargs.py
[2024-06-04T23:39:28.492+0000] {processor.py:753} INFO - DAG(s) dict_keys(['example_xcom_args_with_operators', 'example_xcom_args']) retrieved from /home/airflow/.local/lib/python3.7/site-packages/airflow/example_dags/example_xcomargs.py
[2024-06-04T23:39:28.512+0000] {logging_mixin.py:137} INFO - [2024-06-04T23:39:28.512+0000] {dag.py:2690} INFO - Sync 2 DAGs
[2024-06-04T23:39:28.529+0000] {logging_mixin.py:137} INFO - [2024-06-04T23:39:28.528+0000] {dag.py:3441} INFO - Setting next_dagrun for example_xcom_args to None, run_after=None
[2024-06-04T23:39:28.531+0000] {logging_mixin.py:137} INFO - [2024-06-04T23:39:28.531+0000] {dag.py:3441} INFO - Setting next_dagrun for example_xcom_args_with_operators to None, run_after=None
[2024-06-04T23:39:28.541+0000] {processor.py:175} INFO - Processing /home/airflow/.local/lib/python3.7/site-packages/airflow/example_dags/example_xcomargs.py took 0.069 seconds
[2024-06-04T23:39:59.191+0000] {processor.py:153} INFO - Started process (PID=558) to work on /home/airflow/.local/lib/python3.7/site-packages/airflow/example_dags/example_xcomargs.py
[2024-06-04T23:39:59.191+0000] {processor.py:743} INFO - Processing file /home/airflow/.local/lib/python3.7/site-packages/airflow/example_dags/example_xcomargs.py for tasks to queue
[2024-06-04T23:39:59.192+0000] {logging_mixin.py:137} INFO - [2024-06-04T23:39:59.192+0000] {dagbag.py:538} INFO - Filling up the DagBag from /home/airflow/.local/lib/python3.7/site-packages/airflow/example_dags/example_xcomargs.py
[2024-06-04T23:39:59.208+0000] {processor.py:753} INFO - DAG(s) dict_keys(['example_xcom_args', 'example_xcom_args_with_operators']) retrieved from /home/airflow/.local/lib/python3.7/site-packages/airflow/example_dags/example_xcomargs.py
[2024-06-04T23:39:59.229+0000] {logging_mixin.py:137} INFO - [2024-06-04T23:39:59.229+0000] {dag.py:2690} INFO - Sync 2 DAGs
[2024-06-04T23:39:59.248+0000] {logging_mixin.py:137} INFO - [2024-06-04T23:39:59.248+0000] {dag.py:3441} INFO - Setting next_dagrun for example_xcom_args to None, run_after=None
[2024-06-04T23:39:59.251+0000] {logging_mixin.py:137} INFO - [2024-06-04T23:39:59.251+0000] {dag.py:3441} INFO - Setting next_dagrun for example_xcom_args_with_operators to None, run_after=None
[2024-06-04T23:39:59.262+0000] {processor.py:175} INFO - Processing /home/airflow/.local/lib/python3.7/site-packages/airflow/example_dags/example_xcomargs.py took 0.073 seconds
[2024-06-04T23:40:29.902+0000] {processor.py:153} INFO - Started process (PID=669) to work on /home/airflow/.local/lib/python3.7/site-packages/airflow/example_dags/example_xcomargs.py
[2024-06-04T23:40:29.903+0000] {processor.py:743} INFO - Processing file /home/airflow/.local/lib/python3.7/site-packages/airflow/example_dags/example_xcomargs.py for tasks to queue
[2024-06-04T23:40:29.903+0000] {logging_mixin.py:137} INFO - [2024-06-04T23:40:29.903+0000] {dagbag.py:538} INFO - Filling up the DagBag from /home/airflow/.local/lib/python3.7/site-packages/airflow/example_dags/example_xcomargs.py
[2024-06-04T23:40:29.919+0000] {processor.py:753} INFO - DAG(s) dict_keys(['example_xcom_args', 'example_xcom_args_with_operators']) retrieved from /home/airflow/.local/lib/python3.7/site-packages/airflow/example_dags/example_xcomargs.py
[2024-06-04T23:40:29.939+0000] {logging_mixin.py:137} INFO - [2024-06-04T23:40:29.939+0000] {dag.py:2690} INFO - Sync 2 DAGs
[2024-06-04T23:40:29.956+0000] {logging_mixin.py:137} INFO - [2024-06-04T23:40:29.956+0000] {dag.py:3441} INFO - Setting next_dagrun for example_xcom_args to None, run_after=None
[2024-06-04T23:40:29.958+0000] {logging_mixin.py:137} INFO - [2024-06-04T23:40:29.958+0000] {dag.py:3441} INFO - Setting next_dagrun for example_xcom_args_with_operators to None, run_after=None
[2024-06-04T23:40:29.969+0000] {processor.py:175} INFO - Processing /home/airflow/.local/lib/python3.7/site-packages/airflow/example_dags/example_xcomargs.py took 0.069 seconds
[2024-06-04T23:41:00.599+0000] {processor.py:153} INFO - Started process (PID=765) to work on /home/airflow/.local/lib/python3.7/site-packages/airflow/example_dags/example_xcomargs.py
[2024-06-04T23:41:00.600+0000] {processor.py:743} INFO - Processing file /home/airflow/.local/lib/python3.7/site-packages/airflow/example_dags/example_xcomargs.py for tasks to queue
[2024-06-04T23:41:00.600+0000] {logging_mixin.py:137} INFO - [2024-06-04T23:41:00.600+0000] {dagbag.py:538} INFO - Filling up the DagBag from /home/airflow/.local/lib/python3.7/site-packages/airflow/example_dags/example_xcomargs.py
[2024-06-04T23:41:00.617+0000] {processor.py:753} INFO - DAG(s) dict_keys(['example_xcom_args', 'example_xcom_args_with_operators']) retrieved from /home/airflow/.local/lib/python3.7/site-packages/airflow/example_dags/example_xcomargs.py
[2024-06-04T23:41:00.638+0000] {logging_mixin.py:137} INFO - [2024-06-04T23:41:00.637+0000] {dag.py:2690} INFO - Sync 2 DAGs
[2024-06-04T23:41:00.655+0000] {logging_mixin.py:137} INFO - [2024-06-04T23:41:00.655+0000] {dag.py:3441} INFO - Setting next_dagrun for example_xcom_args to None, run_after=None
[2024-06-04T23:41:00.658+0000] {logging_mixin.py:137} INFO - [2024-06-04T23:41:00.658+0000] {dag.py:3441} INFO - Setting next_dagrun for example_xcom_args_with_operators to None, run_after=None
[2024-06-04T23:41:00.669+0000] {processor.py:175} INFO - Processing /home/airflow/.local/lib/python3.7/site-packages/airflow/example_dags/example_xcomargs.py took 0.073 seconds
[2024-06-04T23:41:31.329+0000] {processor.py:153} INFO - Started process (PID=867) to work on /home/airflow/.local/lib/python3.7/site-packages/airflow/example_dags/example_xcomargs.py
[2024-06-04T23:41:31.330+0000] {processor.py:743} INFO - Processing file /home/airflow/.local/lib/python3.7/site-packages/airflow/example_dags/example_xcomargs.py for tasks to queue
[2024-06-04T23:41:31.330+0000] {logging_mixin.py:137} INFO - [2024-06-04T23:41:31.330+0000] {dagbag.py:538} INFO - Filling up the DagBag from /home/airflow/.local/lib/python3.7/site-packages/airflow/example_dags/example_xcomargs.py
[2024-06-04T23:41:31.346+0000] {processor.py:753} INFO - DAG(s) dict_keys(['example_xcom_args', 'example_xcom_args_with_operators']) retrieved from /home/airflow/.local/lib/python3.7/site-packages/airflow/example_dags/example_xcomargs.py
[2024-06-04T23:41:31.366+0000] {logging_mixin.py:137} INFO - [2024-06-04T23:41:31.366+0000] {dag.py:2690} INFO - Sync 2 DAGs
[2024-06-04T23:41:31.383+0000] {logging_mixin.py:137} INFO - [2024-06-04T23:41:31.382+0000] {dag.py:3441} INFO - Setting next_dagrun for example_xcom_args to None, run_after=None
[2024-06-04T23:41:31.385+0000] {logging_mixin.py:137} INFO - [2024-06-04T23:41:31.385+0000] {dag.py:3441} INFO - Setting next_dagrun for example_xcom_args_with_operators to None, run_after=None
[2024-06-04T23:41:31.396+0000] {processor.py:175} INFO - Processing /home/airflow/.local/lib/python3.7/site-packages/airflow/example_dags/example_xcomargs.py took 0.070 seconds
[2024-06-04T23:42:01.978+0000] {processor.py:153} INFO - Started process (PID=978) to work on /home/airflow/.local/lib/python3.7/site-packages/airflow/example_dags/example_xcomargs.py
[2024-06-04T23:42:01.978+0000] {processor.py:743} INFO - Processing file /home/airflow/.local/lib/python3.7/site-packages/airflow/example_dags/example_xcomargs.py for tasks to queue
[2024-06-04T23:42:01.979+0000] {logging_mixin.py:137} INFO - [2024-06-04T23:42:01.978+0000] {dagbag.py:538} INFO - Filling up the DagBag from /home/airflow/.local/lib/python3.7/site-packages/airflow/example_dags/example_xcomargs.py
[2024-06-04T23:42:01.995+0000] {processor.py:753} INFO - DAG(s) dict_keys(['example_xcom_args', 'example_xcom_args_with_operators']) retrieved from /home/airflow/.local/lib/python3.7/site-packages/airflow/example_dags/example_xcomargs.py
[2024-06-04T23:42:02.014+0000] {logging_mixin.py:137} INFO - [2024-06-04T23:42:02.014+0000] {dag.py:2690} INFO - Sync 2 DAGs
[2024-06-04T23:42:02.032+0000] {logging_mixin.py:137} INFO - [2024-06-04T23:42:02.032+0000] {dag.py:3441} INFO - Setting next_dagrun for example_xcom_args to None, run_after=None
[2024-06-04T23:42:02.034+0000] {logging_mixin.py:137} INFO - [2024-06-04T23:42:02.034+0000] {dag.py:3441} INFO - Setting next_dagrun for example_xcom_args_with_operators to None, run_after=None
[2024-06-04T23:42:02.044+0000] {processor.py:175} INFO - Processing /home/airflow/.local/lib/python3.7/site-packages/airflow/example_dags/example_xcomargs.py took 0.069 seconds
[2024-06-04T23:42:33.026+0000] {processor.py:153} INFO - Started process (PID=1065) to work on /home/airflow/.local/lib/python3.7/site-packages/airflow/example_dags/example_xcomargs.py
[2024-06-04T23:42:33.027+0000] {processor.py:743} INFO - Processing file /home/airflow/.local/lib/python3.7/site-packages/airflow/example_dags/example_xcomargs.py for tasks to queue
[2024-06-04T23:42:33.027+0000] {logging_mixin.py:137} INFO - [2024-06-04T23:42:33.027+0000] {dagbag.py:538} INFO - Filling up the DagBag from /home/airflow/.local/lib/python3.7/site-packages/airflow/example_dags/example_xcomargs.py
[2024-06-04T23:42:33.043+0000] {processor.py:753} INFO - DAG(s) dict_keys(['example_xcom_args_with_operators', 'example_xcom_args']) retrieved from /home/airflow/.local/lib/python3.7/site-packages/airflow/example_dags/example_xcomargs.py
[2024-06-04T23:42:33.063+0000] {logging_mixin.py:137} INFO - [2024-06-04T23:42:33.063+0000] {dag.py:2690} INFO - Sync 2 DAGs
[2024-06-04T23:42:33.080+0000] {logging_mixin.py:137} INFO - [2024-06-04T23:42:33.080+0000] {dag.py:3441} INFO - Setting next_dagrun for example_xcom_args to None, run_after=None
[2024-06-04T23:42:33.082+0000] {logging_mixin.py:137} INFO - [2024-06-04T23:42:33.082+0000] {dag.py:3441} INFO - Setting next_dagrun for example_xcom_args_with_operators to None, run_after=None
[2024-06-04T23:42:33.093+0000] {processor.py:175} INFO - Processing /home/airflow/.local/lib/python3.7/site-packages/airflow/example_dags/example_xcomargs.py took 0.069 seconds
[2024-06-04T23:43:04.092+0000] {processor.py:153} INFO - Started process (PID=1176) to work on /home/airflow/.local/lib/python3.7/site-packages/airflow/example_dags/example_xcomargs.py
[2024-06-04T23:43:04.093+0000] {processor.py:743} INFO - Processing file /home/airflow/.local/lib/python3.7/site-packages/airflow/example_dags/example_xcomargs.py for tasks to queue
[2024-06-04T23:43:04.093+0000] {logging_mixin.py:137} INFO - [2024-06-04T23:43:04.093+0000] {dagbag.py:538} INFO - Filling up the DagBag from /home/airflow/.local/lib/python3.7/site-packages/airflow/example_dags/example_xcomargs.py
[2024-06-04T23:43:04.109+0000] {processor.py:753} INFO - DAG(s) dict_keys(['example_xcom_args_with_operators', 'example_xcom_args']) retrieved from /home/airflow/.local/lib/python3.7/site-packages/airflow/example_dags/example_xcomargs.py
[2024-06-04T23:43:04.129+0000] {logging_mixin.py:137} INFO - [2024-06-04T23:43:04.128+0000] {dag.py:2690} INFO - Sync 2 DAGs
[2024-06-04T23:43:04.145+0000] {logging_mixin.py:137} INFO - [2024-06-04T23:43:04.145+0000] {dag.py:3441} INFO - Setting next_dagrun for example_xcom_args to None, run_after=None
[2024-06-04T23:43:04.147+0000] {logging_mixin.py:137} INFO - [2024-06-04T23:43:04.147+0000] {dag.py:3441} INFO - Setting next_dagrun for example_xcom_args_with_operators to None, run_after=None
[2024-06-04T23:43:04.158+0000] {processor.py:175} INFO - Processing /home/airflow/.local/lib/python3.7/site-packages/airflow/example_dags/example_xcomargs.py took 0.068 seconds
[2024-06-04T23:43:34.874+0000] {processor.py:153} INFO - Started process (PID=1287) to work on /home/airflow/.local/lib/python3.7/site-packages/airflow/example_dags/example_xcomargs.py
[2024-06-04T23:43:34.874+0000] {processor.py:743} INFO - Processing file /home/airflow/.local/lib/python3.7/site-packages/airflow/example_dags/example_xcomargs.py for tasks to queue
[2024-06-04T23:43:34.875+0000] {logging_mixin.py:137} INFO - [2024-06-04T23:43:34.874+0000] {dagbag.py:538} INFO - Filling up the DagBag from /home/airflow/.local/lib/python3.7/site-packages/airflow/example_dags/example_xcomargs.py
[2024-06-04T23:43:34.892+0000] {processor.py:753} INFO - DAG(s) dict_keys(['example_xcom_args_with_operators', 'example_xcom_args']) retrieved from /home/airflow/.local/lib/python3.7/site-packages/airflow/example_dags/example_xcomargs.py
[2024-06-04T23:43:34.913+0000] {logging_mixin.py:137} INFO - [2024-06-04T23:43:34.913+0000] {dag.py:2690} INFO - Sync 2 DAGs
[2024-06-04T23:43:34.932+0000] {logging_mixin.py:137} INFO - [2024-06-04T23:43:34.932+0000] {dag.py:3441} INFO - Setting next_dagrun for example_xcom_args to None, run_after=None
[2024-06-04T23:43:34.934+0000] {logging_mixin.py:137} INFO - [2024-06-04T23:43:34.934+0000] {dag.py:3441} INFO - Setting next_dagrun for example_xcom_args_with_operators to None, run_after=None
[2024-06-04T23:43:34.946+0000] {processor.py:175} INFO - Processing /home/airflow/.local/lib/python3.7/site-packages/airflow/example_dags/example_xcomargs.py took 0.075 seconds
[2024-06-04T23:44:06.003+0000] {processor.py:153} INFO - Started process (PID=1473) to work on /home/airflow/.local/lib/python3.7/site-packages/airflow/example_dags/example_xcomargs.py
[2024-06-04T23:44:06.004+0000] {processor.py:743} INFO - Processing file /home/airflow/.local/lib/python3.7/site-packages/airflow/example_dags/example_xcomargs.py for tasks to queue
[2024-06-04T23:44:06.004+0000] {logging_mixin.py:137} INFO - [2024-06-04T23:44:06.004+0000] {dagbag.py:538} INFO - Filling up the DagBag from /home/airflow/.local/lib/python3.7/site-packages/airflow/example_dags/example_xcomargs.py
[2024-06-04T23:44:06.032+0000] {processor.py:753} INFO - DAG(s) dict_keys(['example_xcom_args', 'example_xcom_args_with_operators']) retrieved from /home/airflow/.local/lib/python3.7/site-packages/airflow/example_dags/example_xcomargs.py
[2024-06-04T23:44:06.068+0000] {logging_mixin.py:137} INFO - [2024-06-04T23:44:06.068+0000] {dag.py:2690} INFO - Sync 2 DAGs
[2024-06-04T23:44:06.101+0000] {logging_mixin.py:137} INFO - [2024-06-04T23:44:06.101+0000] {dag.py:3441} INFO - Setting next_dagrun for example_xcom_args to None, run_after=None
[2024-06-04T23:44:06.106+0000] {logging_mixin.py:137} INFO - [2024-06-04T23:44:06.106+0000] {dag.py:3441} INFO - Setting next_dagrun for example_xcom_args_with_operators to None, run_after=None
[2024-06-04T23:44:06.127+0000] {processor.py:175} INFO - Processing /home/airflow/.local/lib/python3.7/site-packages/airflow/example_dags/example_xcomargs.py took 0.129 seconds
[2024-06-04T23:44:36.202+0000] {processor.py:153} INFO - Started process (PID=1840) to work on /home/airflow/.local/lib/python3.7/site-packages/airflow/example_dags/example_xcomargs.py
[2024-06-04T23:44:36.202+0000] {processor.py:743} INFO - Processing file /home/airflow/.local/lib/python3.7/site-packages/airflow/example_dags/example_xcomargs.py for tasks to queue
[2024-06-04T23:44:36.203+0000] {logging_mixin.py:137} INFO - [2024-06-04T23:44:36.203+0000] {dagbag.py:538} INFO - Filling up the DagBag from /home/airflow/.local/lib/python3.7/site-packages/airflow/example_dags/example_xcomargs.py
[2024-06-04T23:44:36.223+0000] {processor.py:753} INFO - DAG(s) dict_keys(['example_xcom_args', 'example_xcom_args_with_operators']) retrieved from /home/airflow/.local/lib/python3.7/site-packages/airflow/example_dags/example_xcomargs.py
[2024-06-04T23:44:36.244+0000] {logging_mixin.py:137} INFO - [2024-06-04T23:44:36.244+0000] {dag.py:2690} INFO - Sync 2 DAGs
[2024-06-04T23:44:36.266+0000] {logging_mixin.py:137} INFO - [2024-06-04T23:44:36.266+0000] {dag.py:3441} INFO - Setting next_dagrun for example_xcom_args to None, run_after=None
[2024-06-04T23:44:36.270+0000] {logging_mixin.py:137} INFO - [2024-06-04T23:44:36.270+0000] {dag.py:3441} INFO - Setting next_dagrun for example_xcom_args_with_operators to None, run_after=None
[2024-06-04T23:44:36.285+0000] {processor.py:175} INFO - Processing /home/airflow/.local/lib/python3.7/site-packages/airflow/example_dags/example_xcomargs.py took 0.086 seconds
[2024-06-04T23:45:06.505+0000] {processor.py:153} INFO - Started process (PID=2163) to work on /home/airflow/.local/lib/python3.7/site-packages/airflow/example_dags/example_xcomargs.py
[2024-06-04T23:45:06.505+0000] {processor.py:743} INFO - Processing file /home/airflow/.local/lib/python3.7/site-packages/airflow/example_dags/example_xcomargs.py for tasks to queue
[2024-06-04T23:45:06.506+0000] {logging_mixin.py:137} INFO - [2024-06-04T23:45:06.506+0000] {dagbag.py:538} INFO - Filling up the DagBag from /home/airflow/.local/lib/python3.7/site-packages/airflow/example_dags/example_xcomargs.py
[2024-06-04T23:45:06.527+0000] {processor.py:753} INFO - DAG(s) dict_keys(['example_xcom_args', 'example_xcom_args_with_operators']) retrieved from /home/airflow/.local/lib/python3.7/site-packages/airflow/example_dags/example_xcomargs.py
[2024-06-04T23:45:06.548+0000] {logging_mixin.py:137} INFO - [2024-06-04T23:45:06.547+0000] {dag.py:2690} INFO - Sync 2 DAGs
[2024-06-04T23:45:06.568+0000] {logging_mixin.py:137} INFO - [2024-06-04T23:45:06.568+0000] {dag.py:3441} INFO - Setting next_dagrun for example_xcom_args to None, run_after=None
[2024-06-04T23:45:06.571+0000] {logging_mixin.py:137} INFO - [2024-06-04T23:45:06.571+0000] {dag.py:3441} INFO - Setting next_dagrun for example_xcom_args_with_operators to None, run_after=None
[2024-06-04T23:45:06.583+0000] {processor.py:175} INFO - Processing /home/airflow/.local/lib/python3.7/site-packages/airflow/example_dags/example_xcomargs.py took 0.081 seconds
[2024-06-04T23:45:37.158+0000] {processor.py:153} INFO - Started process (PID=2532) to work on /home/airflow/.local/lib/python3.7/site-packages/airflow/example_dags/example_xcomargs.py
[2024-06-04T23:45:37.159+0000] {processor.py:743} INFO - Processing file /home/airflow/.local/lib/python3.7/site-packages/airflow/example_dags/example_xcomargs.py for tasks to queue
[2024-06-04T23:45:37.160+0000] {logging_mixin.py:137} INFO - [2024-06-04T23:45:37.160+0000] {dagbag.py:538} INFO - Filling up the DagBag from /home/airflow/.local/lib/python3.7/site-packages/airflow/example_dags/example_xcomargs.py
[2024-06-04T23:45:37.187+0000] {processor.py:753} INFO - DAG(s) dict_keys(['example_xcom_args_with_operators', 'example_xcom_args']) retrieved from /home/airflow/.local/lib/python3.7/site-packages/airflow/example_dags/example_xcomargs.py
[2024-06-04T23:45:37.215+0000] {logging_mixin.py:137} INFO - [2024-06-04T23:45:37.214+0000] {dag.py:2690} INFO - Sync 2 DAGs
[2024-06-04T23:45:37.245+0000] {logging_mixin.py:137} INFO - [2024-06-04T23:45:37.244+0000] {dag.py:3441} INFO - Setting next_dagrun for example_xcom_args to None, run_after=None
[2024-06-04T23:45:37.249+0000] {logging_mixin.py:137} INFO - [2024-06-04T23:45:37.249+0000] {dag.py:3441} INFO - Setting next_dagrun for example_xcom_args_with_operators to None, run_after=None
[2024-06-04T23:45:37.265+0000] {processor.py:175} INFO - Processing /home/airflow/.local/lib/python3.7/site-packages/airflow/example_dags/example_xcomargs.py took 0.110 seconds
[2024-06-04T23:46:07.506+0000] {processor.py:153} INFO - Started process (PID=2861) to work on /home/airflow/.local/lib/python3.7/site-packages/airflow/example_dags/example_xcomargs.py
[2024-06-04T23:46:07.508+0000] {processor.py:743} INFO - Processing file /home/airflow/.local/lib/python3.7/site-packages/airflow/example_dags/example_xcomargs.py for tasks to queue
[2024-06-04T23:46:07.509+0000] {logging_mixin.py:137} INFO - [2024-06-04T23:46:07.509+0000] {dagbag.py:538} INFO - Filling up the DagBag from /home/airflow/.local/lib/python3.7/site-packages/airflow/example_dags/example_xcomargs.py
[2024-06-04T23:46:07.544+0000] {processor.py:753} INFO - DAG(s) dict_keys(['example_xcom_args_with_operators', 'example_xcom_args']) retrieved from /home/airflow/.local/lib/python3.7/site-packages/airflow/example_dags/example_xcomargs.py
[2024-06-04T23:46:07.592+0000] {logging_mixin.py:137} INFO - [2024-06-04T23:46:07.592+0000] {dag.py:2690} INFO - Sync 2 DAGs
[2024-06-04T23:46:07.630+0000] {logging_mixin.py:137} INFO - [2024-06-04T23:46:07.630+0000] {dag.py:3441} INFO - Setting next_dagrun for example_xcom_args to None, run_after=None
[2024-06-04T23:46:07.636+0000] {logging_mixin.py:137} INFO - [2024-06-04T23:46:07.636+0000] {dag.py:3441} INFO - Setting next_dagrun for example_xcom_args_with_operators to None, run_after=None
[2024-06-04T23:46:07.662+0000] {processor.py:175} INFO - Processing /home/airflow/.local/lib/python3.7/site-packages/airflow/example_dags/example_xcomargs.py took 0.160 seconds
[2024-06-04T23:46:38.079+0000] {processor.py:153} INFO - Started process (PID=3228) to work on /home/airflow/.local/lib/python3.7/site-packages/airflow/example_dags/example_xcomargs.py
[2024-06-04T23:46:38.080+0000] {processor.py:743} INFO - Processing file /home/airflow/.local/lib/python3.7/site-packages/airflow/example_dags/example_xcomargs.py for tasks to queue
[2024-06-04T23:46:38.082+0000] {logging_mixin.py:137} INFO - [2024-06-04T23:46:38.081+0000] {dagbag.py:538} INFO - Filling up the DagBag from /home/airflow/.local/lib/python3.7/site-packages/airflow/example_dags/example_xcomargs.py
[2024-06-04T23:46:38.116+0000] {processor.py:753} INFO - DAG(s) dict_keys(['example_xcom_args_with_operators', 'example_xcom_args']) retrieved from /home/airflow/.local/lib/python3.7/site-packages/airflow/example_dags/example_xcomargs.py
[2024-06-04T23:46:38.155+0000] {logging_mixin.py:137} INFO - [2024-06-04T23:46:38.155+0000] {dag.py:2690} INFO - Sync 2 DAGs
[2024-06-04T23:46:38.194+0000] {logging_mixin.py:137} INFO - [2024-06-04T23:46:38.194+0000] {dag.py:3441} INFO - Setting next_dagrun for example_xcom_args to None, run_after=None
[2024-06-04T23:46:38.199+0000] {logging_mixin.py:137} INFO - [2024-06-04T23:46:38.199+0000] {dag.py:3441} INFO - Setting next_dagrun for example_xcom_args_with_operators to None, run_after=None
[2024-06-04T23:46:38.223+0000] {processor.py:175} INFO - Processing /home/airflow/.local/lib/python3.7/site-packages/airflow/example_dags/example_xcomargs.py took 0.148 seconds
[2024-06-04T23:47:08.344+0000] {processor.py:153} INFO - Started process (PID=3551) to work on /home/airflow/.local/lib/python3.7/site-packages/airflow/example_dags/example_xcomargs.py
[2024-06-04T23:47:08.346+0000] {processor.py:743} INFO - Processing file /home/airflow/.local/lib/python3.7/site-packages/airflow/example_dags/example_xcomargs.py for tasks to queue
[2024-06-04T23:47:08.346+0000] {logging_mixin.py:137} INFO - [2024-06-04T23:47:08.346+0000] {dagbag.py:538} INFO - Filling up the DagBag from /home/airflow/.local/lib/python3.7/site-packages/airflow/example_dags/example_xcomargs.py
[2024-06-04T23:47:08.379+0000] {processor.py:753} INFO - DAG(s) dict_keys(['example_xcom_args', 'example_xcom_args_with_operators']) retrieved from /home/airflow/.local/lib/python3.7/site-packages/airflow/example_dags/example_xcomargs.py
[2024-06-04T23:47:08.417+0000] {logging_mixin.py:137} INFO - [2024-06-04T23:47:08.417+0000] {dag.py:2690} INFO - Sync 2 DAGs
[2024-06-04T23:47:08.455+0000] {logging_mixin.py:137} INFO - [2024-06-04T23:47:08.454+0000] {dag.py:3441} INFO - Setting next_dagrun for example_xcom_args to None, run_after=None
[2024-06-04T23:47:08.461+0000] {logging_mixin.py:137} INFO - [2024-06-04T23:47:08.461+0000] {dag.py:3441} INFO - Setting next_dagrun for example_xcom_args_with_operators to None, run_after=None
[2024-06-04T23:47:08.484+0000] {processor.py:175} INFO - Processing /home/airflow/.local/lib/python3.7/site-packages/airflow/example_dags/example_xcomargs.py took 0.143 seconds
[2024-06-04T23:47:39.094+0000] {processor.py:153} INFO - Started process (PID=3897) to work on /home/airflow/.local/lib/python3.7/site-packages/airflow/example_dags/example_xcomargs.py
[2024-06-04T23:47:39.095+0000] {processor.py:743} INFO - Processing file /home/airflow/.local/lib/python3.7/site-packages/airflow/example_dags/example_xcomargs.py for tasks to queue
[2024-06-04T23:47:39.095+0000] {logging_mixin.py:137} INFO - [2024-06-04T23:47:39.095+0000] {dagbag.py:538} INFO - Filling up the DagBag from /home/airflow/.local/lib/python3.7/site-packages/airflow/example_dags/example_xcomargs.py
[2024-06-04T23:47:39.113+0000] {processor.py:753} INFO - DAG(s) dict_keys(['example_xcom_args_with_operators', 'example_xcom_args']) retrieved from /home/airflow/.local/lib/python3.7/site-packages/airflow/example_dags/example_xcomargs.py
[2024-06-04T23:47:39.133+0000] {logging_mixin.py:137} INFO - [2024-06-04T23:47:39.133+0000] {dag.py:2690} INFO - Sync 2 DAGs
[2024-06-04T23:47:39.153+0000] {logging_mixin.py:137} INFO - [2024-06-04T23:47:39.153+0000] {dag.py:3441} INFO - Setting next_dagrun for example_xcom_args to None, run_after=None
[2024-06-04T23:47:39.156+0000] {logging_mixin.py:137} INFO - [2024-06-04T23:47:39.156+0000] {dag.py:3441} INFO - Setting next_dagrun for example_xcom_args_with_operators to None, run_after=None
[2024-06-04T23:47:39.169+0000] {processor.py:175} INFO - Processing /home/airflow/.local/lib/python3.7/site-packages/airflow/example_dags/example_xcomargs.py took 0.078 seconds
[2024-06-04T23:48:09.737+0000] {processor.py:153} INFO - Started process (PID=4267) to work on /home/airflow/.local/lib/python3.7/site-packages/airflow/example_dags/example_xcomargs.py
[2024-06-04T23:48:09.739+0000] {processor.py:743} INFO - Processing file /home/airflow/.local/lib/python3.7/site-packages/airflow/example_dags/example_xcomargs.py for tasks to queue
[2024-06-04T23:48:09.740+0000] {logging_mixin.py:137} INFO - [2024-06-04T23:48:09.740+0000] {dagbag.py:538} INFO - Filling up the DagBag from /home/airflow/.local/lib/python3.7/site-packages/airflow/example_dags/example_xcomargs.py
[2024-06-04T23:48:09.773+0000] {processor.py:753} INFO - DAG(s) dict_keys(['example_xcom_args', 'example_xcom_args_with_operators']) retrieved from /home/airflow/.local/lib/python3.7/site-packages/airflow/example_dags/example_xcomargs.py
[2024-06-04T23:48:09.814+0000] {logging_mixin.py:137} INFO - [2024-06-04T23:48:09.814+0000] {dag.py:2690} INFO - Sync 2 DAGs
[2024-06-04T23:48:09.850+0000] {logging_mixin.py:137} INFO - [2024-06-04T23:48:09.850+0000] {dag.py:3441} INFO - Setting next_dagrun for example_xcom_args to None, run_after=None
[2024-06-04T23:48:09.860+0000] {logging_mixin.py:137} INFO - [2024-06-04T23:48:09.860+0000] {dag.py:3441} INFO - Setting next_dagrun for example_xcom_args_with_operators to None, run_after=None
[2024-06-04T23:48:09.884+0000] {processor.py:175} INFO - Processing /home/airflow/.local/lib/python3.7/site-packages/airflow/example_dags/example_xcomargs.py took 0.151 seconds
[2024-06-04T23:48:40.143+0000] {processor.py:153} INFO - Started process (PID=4628) to work on /home/airflow/.local/lib/python3.7/site-packages/airflow/example_dags/example_xcomargs.py
[2024-06-04T23:48:40.144+0000] {processor.py:743} INFO - Processing file /home/airflow/.local/lib/python3.7/site-packages/airflow/example_dags/example_xcomargs.py for tasks to queue
[2024-06-04T23:48:40.144+0000] {logging_mixin.py:137} INFO - [2024-06-04T23:48:40.144+0000] {dagbag.py:538} INFO - Filling up the DagBag from /home/airflow/.local/lib/python3.7/site-packages/airflow/example_dags/example_xcomargs.py
[2024-06-04T23:48:40.161+0000] {processor.py:753} INFO - DAG(s) dict_keys(['example_xcom_args', 'example_xcom_args_with_operators']) retrieved from /home/airflow/.local/lib/python3.7/site-packages/airflow/example_dags/example_xcomargs.py
[2024-06-04T23:48:40.182+0000] {logging_mixin.py:137} INFO - [2024-06-04T23:48:40.182+0000] {dag.py:2690} INFO - Sync 2 DAGs
[2024-06-04T23:48:40.200+0000] {logging_mixin.py:137} INFO - [2024-06-04T23:48:40.200+0000] {dag.py:3441} INFO - Setting next_dagrun for example_xcom_args to None, run_after=None
[2024-06-04T23:48:40.203+0000] {logging_mixin.py:137} INFO - [2024-06-04T23:48:40.202+0000] {dag.py:3441} INFO - Setting next_dagrun for example_xcom_args_with_operators to None, run_after=None
[2024-06-04T23:48:40.214+0000] {processor.py:175} INFO - Processing /home/airflow/.local/lib/python3.7/site-packages/airflow/example_dags/example_xcomargs.py took 0.073 seconds
[2024-06-04T23:49:10.621+0000] {processor.py:153} INFO - Started process (PID=5029) to work on /home/airflow/.local/lib/python3.7/site-packages/airflow/example_dags/example_xcomargs.py
[2024-06-04T23:49:10.623+0000] {processor.py:743} INFO - Processing file /home/airflow/.local/lib/python3.7/site-packages/airflow/example_dags/example_xcomargs.py for tasks to queue
[2024-06-04T23:49:10.623+0000] {logging_mixin.py:137} INFO - [2024-06-04T23:49:10.623+0000] {dagbag.py:538} INFO - Filling up the DagBag from /home/airflow/.local/lib/python3.7/site-packages/airflow/example_dags/example_xcomargs.py
[2024-06-04T23:49:10.654+0000] {processor.py:753} INFO - DAG(s) dict_keys(['example_xcom_args_with_operators', 'example_xcom_args']) retrieved from /home/airflow/.local/lib/python3.7/site-packages/airflow/example_dags/example_xcomargs.py
[2024-06-04T23:49:10.690+0000] {logging_mixin.py:137} INFO - [2024-06-04T23:49:10.690+0000] {dag.py:2690} INFO - Sync 2 DAGs
[2024-06-04T23:49:10.726+0000] {logging_mixin.py:137} INFO - [2024-06-04T23:49:10.726+0000] {dag.py:3441} INFO - Setting next_dagrun for example_xcom_args to None, run_after=None
[2024-06-04T23:49:10.730+0000] {logging_mixin.py:137} INFO - [2024-06-04T23:49:10.730+0000] {dag.py:3441} INFO - Setting next_dagrun for example_xcom_args_with_operators to None, run_after=None
[2024-06-04T23:49:10.752+0000] {processor.py:175} INFO - Processing /home/airflow/.local/lib/python3.7/site-packages/airflow/example_dags/example_xcomargs.py took 0.134 seconds
[2024-06-04T23:49:41.503+0000] {processor.py:153} INFO - Started process (PID=5407) to work on /home/airflow/.local/lib/python3.7/site-packages/airflow/example_dags/example_xcomargs.py
[2024-06-04T23:49:41.504+0000] {processor.py:743} INFO - Processing file /home/airflow/.local/lib/python3.7/site-packages/airflow/example_dags/example_xcomargs.py for tasks to queue
[2024-06-04T23:49:41.505+0000] {logging_mixin.py:137} INFO - [2024-06-04T23:49:41.505+0000] {dagbag.py:538} INFO - Filling up the DagBag from /home/airflow/.local/lib/python3.7/site-packages/airflow/example_dags/example_xcomargs.py
[2024-06-04T23:49:41.528+0000] {processor.py:753} INFO - DAG(s) dict_keys(['example_xcom_args', 'example_xcom_args_with_operators']) retrieved from /home/airflow/.local/lib/python3.7/site-packages/airflow/example_dags/example_xcomargs.py
[2024-06-04T23:49:41.555+0000] {logging_mixin.py:137} INFO - [2024-06-04T23:49:41.555+0000] {dag.py:2690} INFO - Sync 2 DAGs
[2024-06-04T23:49:41.577+0000] {logging_mixin.py:137} INFO - [2024-06-04T23:49:41.577+0000] {dag.py:3441} INFO - Setting next_dagrun for example_xcom_args to None, run_after=None
[2024-06-04T23:49:41.581+0000] {logging_mixin.py:137} INFO - [2024-06-04T23:49:41.581+0000] {dag.py:3441} INFO - Setting next_dagrun for example_xcom_args_with_operators to None, run_after=None
[2024-06-04T23:49:41.597+0000] {processor.py:175} INFO - Processing /home/airflow/.local/lib/python3.7/site-packages/airflow/example_dags/example_xcomargs.py took 0.097 seconds
[2024-06-04T23:50:11.845+0000] {processor.py:153} INFO - Started process (PID=5758) to work on /home/airflow/.local/lib/python3.7/site-packages/airflow/example_dags/example_xcomargs.py
[2024-06-04T23:50:11.849+0000] {processor.py:743} INFO - Processing file /home/airflow/.local/lib/python3.7/site-packages/airflow/example_dags/example_xcomargs.py for tasks to queue
[2024-06-04T23:50:11.850+0000] {logging_mixin.py:137} INFO - [2024-06-04T23:50:11.850+0000] {dagbag.py:538} INFO - Filling up the DagBag from /home/airflow/.local/lib/python3.7/site-packages/airflow/example_dags/example_xcomargs.py
[2024-06-04T23:50:11.883+0000] {processor.py:753} INFO - DAG(s) dict_keys(['example_xcom_args', 'example_xcom_args_with_operators']) retrieved from /home/airflow/.local/lib/python3.7/site-packages/airflow/example_dags/example_xcomargs.py
[2024-06-04T23:50:11.920+0000] {logging_mixin.py:137} INFO - [2024-06-04T23:50:11.920+0000] {dag.py:2690} INFO - Sync 2 DAGs
[2024-06-04T23:50:11.956+0000] {logging_mixin.py:137} INFO - [2024-06-04T23:50:11.956+0000] {dag.py:3441} INFO - Setting next_dagrun for example_xcom_args to None, run_after=None
[2024-06-04T23:50:11.962+0000] {logging_mixin.py:137} INFO - [2024-06-04T23:50:11.962+0000] {dag.py:3441} INFO - Setting next_dagrun for example_xcom_args_with_operators to None, run_after=None
[2024-06-04T23:50:11.985+0000] {processor.py:175} INFO - Processing /home/airflow/.local/lib/python3.7/site-packages/airflow/example_dags/example_xcomargs.py took 0.144 seconds
[2024-06-04T23:50:42.140+0000] {processor.py:153} INFO - Started process (PID=6151) to work on /home/airflow/.local/lib/python3.7/site-packages/airflow/example_dags/example_xcomargs.py
[2024-06-04T23:50:42.140+0000] {processor.py:743} INFO - Processing file /home/airflow/.local/lib/python3.7/site-packages/airflow/example_dags/example_xcomargs.py for tasks to queue
[2024-06-04T23:50:42.141+0000] {logging_mixin.py:137} INFO - [2024-06-04T23:50:42.141+0000] {dagbag.py:538} INFO - Filling up the DagBag from /home/airflow/.local/lib/python3.7/site-packages/airflow/example_dags/example_xcomargs.py
[2024-06-04T23:50:42.158+0000] {processor.py:753} INFO - DAG(s) dict_keys(['example_xcom_args', 'example_xcom_args_with_operators']) retrieved from /home/airflow/.local/lib/python3.7/site-packages/airflow/example_dags/example_xcomargs.py
[2024-06-04T23:50:42.179+0000] {logging_mixin.py:137} INFO - [2024-06-04T23:50:42.179+0000] {dag.py:2690} INFO - Sync 2 DAGs
[2024-06-04T23:50:42.199+0000] {logging_mixin.py:137} INFO - [2024-06-04T23:50:42.199+0000] {dag.py:3441} INFO - Setting next_dagrun for example_xcom_args to None, run_after=None
[2024-06-04T23:50:42.202+0000] {logging_mixin.py:137} INFO - [2024-06-04T23:50:42.202+0000] {dag.py:3441} INFO - Setting next_dagrun for example_xcom_args_with_operators to None, run_after=None
[2024-06-04T23:50:42.215+0000] {processor.py:175} INFO - Processing /home/airflow/.local/lib/python3.7/site-packages/airflow/example_dags/example_xcomargs.py took 0.078 seconds
[2024-06-04T23:51:12.737+0000] {processor.py:153} INFO - Started process (PID=6497) to work on /home/airflow/.local/lib/python3.7/site-packages/airflow/example_dags/example_xcomargs.py
[2024-06-04T23:51:12.737+0000] {processor.py:743} INFO - Processing file /home/airflow/.local/lib/python3.7/site-packages/airflow/example_dags/example_xcomargs.py for tasks to queue
[2024-06-04T23:51:12.738+0000] {logging_mixin.py:137} INFO - [2024-06-04T23:51:12.738+0000] {dagbag.py:538} INFO - Filling up the DagBag from /home/airflow/.local/lib/python3.7/site-packages/airflow/example_dags/example_xcomargs.py
[2024-06-04T23:51:12.763+0000] {processor.py:753} INFO - DAG(s) dict_keys(['example_xcom_args_with_operators', 'example_xcom_args']) retrieved from /home/airflow/.local/lib/python3.7/site-packages/airflow/example_dags/example_xcomargs.py
[2024-06-04T23:51:12.803+0000] {logging_mixin.py:137} INFO - [2024-06-04T23:51:12.803+0000] {dag.py:2690} INFO - Sync 2 DAGs
[2024-06-04T23:51:12.836+0000] {logging_mixin.py:137} INFO - [2024-06-04T23:51:12.835+0000] {dag.py:3441} INFO - Setting next_dagrun for example_xcom_args to None, run_after=None
[2024-06-04T23:51:12.842+0000] {logging_mixin.py:137} INFO - [2024-06-04T23:51:12.842+0000] {dag.py:3441} INFO - Setting next_dagrun for example_xcom_args_with_operators to None, run_after=None
[2024-06-04T23:51:12.861+0000] {processor.py:175} INFO - Processing /home/airflow/.local/lib/python3.7/site-packages/airflow/example_dags/example_xcomargs.py took 0.128 seconds
[2024-06-04T23:51:43.014+0000] {processor.py:153} INFO - Started process (PID=6842) to work on /home/airflow/.local/lib/python3.7/site-packages/airflow/example_dags/example_xcomargs.py
[2024-06-04T23:51:43.014+0000] {processor.py:743} INFO - Processing file /home/airflow/.local/lib/python3.7/site-packages/airflow/example_dags/example_xcomargs.py for tasks to queue
[2024-06-04T23:51:43.015+0000] {logging_mixin.py:137} INFO - [2024-06-04T23:51:43.015+0000] {dagbag.py:538} INFO - Filling up the DagBag from /home/airflow/.local/lib/python3.7/site-packages/airflow/example_dags/example_xcomargs.py
[2024-06-04T23:51:43.033+0000] {processor.py:753} INFO - DAG(s) dict_keys(['example_xcom_args_with_operators', 'example_xcom_args']) retrieved from /home/airflow/.local/lib/python3.7/site-packages/airflow/example_dags/example_xcomargs.py
[2024-06-04T23:51:43.053+0000] {logging_mixin.py:137} INFO - [2024-06-04T23:51:43.053+0000] {dag.py:2690} INFO - Sync 2 DAGs
[2024-06-04T23:51:43.073+0000] {logging_mixin.py:137} INFO - [2024-06-04T23:51:43.073+0000] {dag.py:3441} INFO - Setting next_dagrun for example_xcom_args to None, run_after=None
[2024-06-04T23:51:43.076+0000] {logging_mixin.py:137} INFO - [2024-06-04T23:51:43.076+0000] {dag.py:3441} INFO - Setting next_dagrun for example_xcom_args_with_operators to None, run_after=None
[2024-06-04T23:51:43.088+0000] {processor.py:175} INFO - Processing /home/airflow/.local/lib/python3.7/site-packages/airflow/example_dags/example_xcomargs.py took 0.077 seconds
[2024-06-04T23:52:13.322+0000] {processor.py:153} INFO - Started process (PID=7170) to work on /home/airflow/.local/lib/python3.7/site-packages/airflow/example_dags/example_xcomargs.py
[2024-06-04T23:52:13.325+0000] {processor.py:743} INFO - Processing file /home/airflow/.local/lib/python3.7/site-packages/airflow/example_dags/example_xcomargs.py for tasks to queue
[2024-06-04T23:52:13.326+0000] {logging_mixin.py:137} INFO - [2024-06-04T23:52:13.326+0000] {dagbag.py:538} INFO - Filling up the DagBag from /home/airflow/.local/lib/python3.7/site-packages/airflow/example_dags/example_xcomargs.py
[2024-06-04T23:52:13.359+0000] {processor.py:753} INFO - DAG(s) dict_keys(['example_xcom_args', 'example_xcom_args_with_operators']) retrieved from /home/airflow/.local/lib/python3.7/site-packages/airflow/example_dags/example_xcomargs.py
[2024-06-04T23:52:13.396+0000] {logging_mixin.py:137} INFO - [2024-06-04T23:52:13.396+0000] {dag.py:2690} INFO - Sync 2 DAGs
[2024-06-04T23:52:13.427+0000] {logging_mixin.py:137} INFO - [2024-06-04T23:52:13.427+0000] {dag.py:3441} INFO - Setting next_dagrun for example_xcom_args to None, run_after=None
[2024-06-04T23:52:13.431+0000] {logging_mixin.py:137} INFO - [2024-06-04T23:52:13.431+0000] {dag.py:3441} INFO - Setting next_dagrun for example_xcom_args_with_operators to None, run_after=None
[2024-06-04T23:52:13.453+0000] {processor.py:175} INFO - Processing /home/airflow/.local/lib/python3.7/site-packages/airflow/example_dags/example_xcomargs.py took 0.135 seconds
[2024-06-04T23:52:43.572+0000] {processor.py:153} INFO - Started process (PID=7517) to work on /home/airflow/.local/lib/python3.7/site-packages/airflow/example_dags/example_xcomargs.py
[2024-06-04T23:52:43.573+0000] {processor.py:743} INFO - Processing file /home/airflow/.local/lib/python3.7/site-packages/airflow/example_dags/example_xcomargs.py for tasks to queue
[2024-06-04T23:52:43.574+0000] {logging_mixin.py:137} INFO - [2024-06-04T23:52:43.574+0000] {dagbag.py:538} INFO - Filling up the DagBag from /home/airflow/.local/lib/python3.7/site-packages/airflow/example_dags/example_xcomargs.py
[2024-06-04T23:52:43.601+0000] {processor.py:753} INFO - DAG(s) dict_keys(['example_xcom_args', 'example_xcom_args_with_operators']) retrieved from /home/airflow/.local/lib/python3.7/site-packages/airflow/example_dags/example_xcomargs.py
[2024-06-04T23:52:43.631+0000] {logging_mixin.py:137} INFO - [2024-06-04T23:52:43.631+0000] {dag.py:2690} INFO - Sync 2 DAGs
[2024-06-04T23:52:43.658+0000] {logging_mixin.py:137} INFO - [2024-06-04T23:52:43.658+0000] {dag.py:3441} INFO - Setting next_dagrun for example_xcom_args to None, run_after=None
[2024-06-04T23:52:43.664+0000] {logging_mixin.py:137} INFO - [2024-06-04T23:52:43.664+0000] {dag.py:3441} INFO - Setting next_dagrun for example_xcom_args_with_operators to None, run_after=None
[2024-06-04T23:52:43.684+0000] {processor.py:175} INFO - Processing /home/airflow/.local/lib/python3.7/site-packages/airflow/example_dags/example_xcomargs.py took 0.115 seconds
[2024-06-04T23:53:14.007+0000] {processor.py:153} INFO - Started process (PID=7877) to work on /home/airflow/.local/lib/python3.7/site-packages/airflow/example_dags/example_xcomargs.py
[2024-06-04T23:53:14.010+0000] {processor.py:743} INFO - Processing file /home/airflow/.local/lib/python3.7/site-packages/airflow/example_dags/example_xcomargs.py for tasks to queue
[2024-06-04T23:53:14.011+0000] {logging_mixin.py:137} INFO - [2024-06-04T23:53:14.011+0000] {dagbag.py:538} INFO - Filling up the DagBag from /home/airflow/.local/lib/python3.7/site-packages/airflow/example_dags/example_xcomargs.py
[2024-06-04T23:53:14.045+0000] {processor.py:753} INFO - DAG(s) dict_keys(['example_xcom_args_with_operators', 'example_xcom_args']) retrieved from /home/airflow/.local/lib/python3.7/site-packages/airflow/example_dags/example_xcomargs.py
[2024-06-04T23:53:14.104+0000] {logging_mixin.py:137} INFO - [2024-06-04T23:53:14.104+0000] {dag.py:2690} INFO - Sync 2 DAGs
[2024-06-04T23:53:14.143+0000] {logging_mixin.py:137} INFO - [2024-06-04T23:53:14.143+0000] {dag.py:3441} INFO - Setting next_dagrun for example_xcom_args to None, run_after=None
[2024-06-04T23:53:14.152+0000] {logging_mixin.py:137} INFO - [2024-06-04T23:53:14.152+0000] {dag.py:3441} INFO - Setting next_dagrun for example_xcom_args_with_operators to None, run_after=None
[2024-06-04T23:53:14.179+0000] {processor.py:175} INFO - Processing /home/airflow/.local/lib/python3.7/site-packages/airflow/example_dags/example_xcomargs.py took 0.176 seconds
[2024-06-04T23:53:44.677+0000] {processor.py:153} INFO - Started process (PID=8210) to work on /home/airflow/.local/lib/python3.7/site-packages/airflow/example_dags/example_xcomargs.py
[2024-06-04T23:53:44.678+0000] {processor.py:743} INFO - Processing file /home/airflow/.local/lib/python3.7/site-packages/airflow/example_dags/example_xcomargs.py for tasks to queue
[2024-06-04T23:53:44.678+0000] {logging_mixin.py:137} INFO - [2024-06-04T23:53:44.678+0000] {dagbag.py:538} INFO - Filling up the DagBag from /home/airflow/.local/lib/python3.7/site-packages/airflow/example_dags/example_xcomargs.py
[2024-06-04T23:53:44.702+0000] {processor.py:753} INFO - DAG(s) dict_keys(['example_xcom_args_with_operators', 'example_xcom_args']) retrieved from /home/airflow/.local/lib/python3.7/site-packages/airflow/example_dags/example_xcomargs.py
[2024-06-04T23:53:44.728+0000] {logging_mixin.py:137} INFO - [2024-06-04T23:53:44.728+0000] {dag.py:2690} INFO - Sync 2 DAGs
[2024-06-04T23:53:44.754+0000] {logging_mixin.py:137} INFO - [2024-06-04T23:53:44.754+0000] {dag.py:3441} INFO - Setting next_dagrun for example_xcom_args to None, run_after=None
[2024-06-04T23:53:44.757+0000] {logging_mixin.py:137} INFO - [2024-06-04T23:53:44.757+0000] {dag.py:3441} INFO - Setting next_dagrun for example_xcom_args_with_operators to None, run_after=None
[2024-06-04T23:53:44.772+0000] {processor.py:175} INFO - Processing /home/airflow/.local/lib/python3.7/site-packages/airflow/example_dags/example_xcomargs.py took 0.098 seconds
[2024-06-04T23:54:15.242+0000] {processor.py:153} INFO - Started process (PID=8514) to work on /home/airflow/.local/lib/python3.7/site-packages/airflow/example_dags/example_xcomargs.py
[2024-06-04T23:54:15.243+0000] {processor.py:743} INFO - Processing file /home/airflow/.local/lib/python3.7/site-packages/airflow/example_dags/example_xcomargs.py for tasks to queue
[2024-06-04T23:54:15.244+0000] {logging_mixin.py:137} INFO - [2024-06-04T23:54:15.244+0000] {dagbag.py:538} INFO - Filling up the DagBag from /home/airflow/.local/lib/python3.7/site-packages/airflow/example_dags/example_xcomargs.py
[2024-06-04T23:54:15.270+0000] {processor.py:753} INFO - DAG(s) dict_keys(['example_xcom_args', 'example_xcom_args_with_operators']) retrieved from /home/airflow/.local/lib/python3.7/site-packages/airflow/example_dags/example_xcomargs.py
[2024-06-04T23:54:15.300+0000] {logging_mixin.py:137} INFO - [2024-06-04T23:54:15.300+0000] {dag.py:2690} INFO - Sync 2 DAGs
[2024-06-04T23:54:15.324+0000] {logging_mixin.py:137} INFO - [2024-06-04T23:54:15.323+0000] {dag.py:3441} INFO - Setting next_dagrun for example_xcom_args to None, run_after=None
[2024-06-04T23:54:15.327+0000] {logging_mixin.py:137} INFO - [2024-06-04T23:54:15.326+0000] {dag.py:3441} INFO - Setting next_dagrun for example_xcom_args_with_operators to None, run_after=None
[2024-06-04T23:54:15.345+0000] {processor.py:175} INFO - Processing /home/airflow/.local/lib/python3.7/site-packages/airflow/example_dags/example_xcomargs.py took 0.106 seconds
[2024-06-04T23:54:45.506+0000] {processor.py:153} INFO - Started process (PID=8662) to work on /home/airflow/.local/lib/python3.7/site-packages/airflow/example_dags/example_xcomargs.py
[2024-06-04T23:54:45.507+0000] {processor.py:743} INFO - Processing file /home/airflow/.local/lib/python3.7/site-packages/airflow/example_dags/example_xcomargs.py for tasks to queue
[2024-06-04T23:54:45.507+0000] {logging_mixin.py:137} INFO - [2024-06-04T23:54:45.507+0000] {dagbag.py:538} INFO - Filling up the DagBag from /home/airflow/.local/lib/python3.7/site-packages/airflow/example_dags/example_xcomargs.py
[2024-06-04T23:54:45.524+0000] {processor.py:753} INFO - DAG(s) dict_keys(['example_xcom_args', 'example_xcom_args_with_operators']) retrieved from /home/airflow/.local/lib/python3.7/site-packages/airflow/example_dags/example_xcomargs.py
[2024-06-04T23:54:45.545+0000] {logging_mixin.py:137} INFO - [2024-06-04T23:54:45.545+0000] {dag.py:2690} INFO - Sync 2 DAGs
[2024-06-04T23:54:45.564+0000] {logging_mixin.py:137} INFO - [2024-06-04T23:54:45.564+0000] {dag.py:3441} INFO - Setting next_dagrun for example_xcom_args to None, run_after=None
[2024-06-04T23:54:45.566+0000] {logging_mixin.py:137} INFO - [2024-06-04T23:54:45.566+0000] {dag.py:3441} INFO - Setting next_dagrun for example_xcom_args_with_operators to None, run_after=None
[2024-06-04T23:54:45.578+0000] {processor.py:175} INFO - Processing /home/airflow/.local/lib/python3.7/site-packages/airflow/example_dags/example_xcomargs.py took 0.074 seconds
[2024-06-04T23:55:15.645+0000] {processor.py:153} INFO - Started process (PID=8763) to work on /home/airflow/.local/lib/python3.7/site-packages/airflow/example_dags/example_xcomargs.py
[2024-06-04T23:55:15.646+0000] {processor.py:743} INFO - Processing file /home/airflow/.local/lib/python3.7/site-packages/airflow/example_dags/example_xcomargs.py for tasks to queue
[2024-06-04T23:55:15.646+0000] {logging_mixin.py:137} INFO - [2024-06-04T23:55:15.646+0000] {dagbag.py:538} INFO - Filling up the DagBag from /home/airflow/.local/lib/python3.7/site-packages/airflow/example_dags/example_xcomargs.py
[2024-06-04T23:55:15.663+0000] {processor.py:753} INFO - DAG(s) dict_keys(['example_xcom_args_with_operators', 'example_xcom_args']) retrieved from /home/airflow/.local/lib/python3.7/site-packages/airflow/example_dags/example_xcomargs.py
[2024-06-04T23:55:15.686+0000] {logging_mixin.py:137} INFO - [2024-06-04T23:55:15.686+0000] {dag.py:2690} INFO - Sync 2 DAGs
[2024-06-04T23:55:15.724+0000] {logging_mixin.py:137} INFO - [2024-06-04T23:55:15.724+0000] {dag.py:3441} INFO - Setting next_dagrun for example_xcom_args to None, run_after=None
[2024-06-04T23:55:15.731+0000] {logging_mixin.py:137} INFO - [2024-06-04T23:55:15.731+0000] {dag.py:3441} INFO - Setting next_dagrun for example_xcom_args_with_operators to None, run_after=None
[2024-06-04T23:55:15.758+0000] {processor.py:175} INFO - Processing /home/airflow/.local/lib/python3.7/site-packages/airflow/example_dags/example_xcomargs.py took 0.116 seconds
[2024-06-04T23:55:46.641+0000] {processor.py:153} INFO - Started process (PID=8865) to work on /home/airflow/.local/lib/python3.7/site-packages/airflow/example_dags/example_xcomargs.py
[2024-06-04T23:55:46.642+0000] {processor.py:743} INFO - Processing file /home/airflow/.local/lib/python3.7/site-packages/airflow/example_dags/example_xcomargs.py for tasks to queue
[2024-06-04T23:55:46.642+0000] {logging_mixin.py:137} INFO - [2024-06-04T23:55:46.642+0000] {dagbag.py:538} INFO - Filling up the DagBag from /home/airflow/.local/lib/python3.7/site-packages/airflow/example_dags/example_xcomargs.py
[2024-06-04T23:55:46.659+0000] {processor.py:753} INFO - DAG(s) dict_keys(['example_xcom_args', 'example_xcom_args_with_operators']) retrieved from /home/airflow/.local/lib/python3.7/site-packages/airflow/example_dags/example_xcomargs.py
[2024-06-04T23:55:46.680+0000] {logging_mixin.py:137} INFO - [2024-06-04T23:55:46.680+0000] {dag.py:2690} INFO - Sync 2 DAGs
[2024-06-04T23:55:46.698+0000] {logging_mixin.py:137} INFO - [2024-06-04T23:55:46.698+0000] {dag.py:3441} INFO - Setting next_dagrun for example_xcom_args to None, run_after=None
[2024-06-04T23:55:46.700+0000] {logging_mixin.py:137} INFO - [2024-06-04T23:55:46.700+0000] {dag.py:3441} INFO - Setting next_dagrun for example_xcom_args_with_operators to None, run_after=None
[2024-06-04T23:55:46.712+0000] {processor.py:175} INFO - Processing /home/airflow/.local/lib/python3.7/site-packages/airflow/example_dags/example_xcomargs.py took 0.073 seconds
[2024-06-04T23:56:17.410+0000] {processor.py:153} INFO - Started process (PID=8984) to work on /home/airflow/.local/lib/python3.7/site-packages/airflow/example_dags/example_xcomargs.py
[2024-06-04T23:56:17.410+0000] {processor.py:743} INFO - Processing file /home/airflow/.local/lib/python3.7/site-packages/airflow/example_dags/example_xcomargs.py for tasks to queue
[2024-06-04T23:56:17.411+0000] {logging_mixin.py:137} INFO - [2024-06-04T23:56:17.411+0000] {dagbag.py:538} INFO - Filling up the DagBag from /home/airflow/.local/lib/python3.7/site-packages/airflow/example_dags/example_xcomargs.py
[2024-06-04T23:56:17.428+0000] {processor.py:753} INFO - DAG(s) dict_keys(['example_xcom_args_with_operators', 'example_xcom_args']) retrieved from /home/airflow/.local/lib/python3.7/site-packages/airflow/example_dags/example_xcomargs.py
[2024-06-04T23:56:17.450+0000] {logging_mixin.py:137} INFO - [2024-06-04T23:56:17.450+0000] {dag.py:2690} INFO - Sync 2 DAGs
[2024-06-04T23:56:17.470+0000] {logging_mixin.py:137} INFO - [2024-06-04T23:56:17.470+0000] {dag.py:3441} INFO - Setting next_dagrun for example_xcom_args to None, run_after=None
[2024-06-04T23:56:17.472+0000] {logging_mixin.py:137} INFO - [2024-06-04T23:56:17.472+0000] {dag.py:3441} INFO - Setting next_dagrun for example_xcom_args_with_operators to None, run_after=None
[2024-06-04T23:56:17.486+0000] {processor.py:175} INFO - Processing /home/airflow/.local/lib/python3.7/site-packages/airflow/example_dags/example_xcomargs.py took 0.079 seconds
[2024-06-04T23:56:47.733+0000] {processor.py:153} INFO - Started process (PID=9088) to work on /home/airflow/.local/lib/python3.7/site-packages/airflow/example_dags/example_xcomargs.py
[2024-06-04T23:56:47.734+0000] {processor.py:743} INFO - Processing file /home/airflow/.local/lib/python3.7/site-packages/airflow/example_dags/example_xcomargs.py for tasks to queue
[2024-06-04T23:56:47.734+0000] {logging_mixin.py:137} INFO - [2024-06-04T23:56:47.734+0000] {dagbag.py:538} INFO - Filling up the DagBag from /home/airflow/.local/lib/python3.7/site-packages/airflow/example_dags/example_xcomargs.py
[2024-06-04T23:56:47.751+0000] {processor.py:753} INFO - DAG(s) dict_keys(['example_xcom_args_with_operators', 'example_xcom_args']) retrieved from /home/airflow/.local/lib/python3.7/site-packages/airflow/example_dags/example_xcomargs.py
[2024-06-04T23:56:47.772+0000] {logging_mixin.py:137} INFO - [2024-06-04T23:56:47.772+0000] {dag.py:2690} INFO - Sync 2 DAGs
[2024-06-04T23:56:47.790+0000] {logging_mixin.py:137} INFO - [2024-06-04T23:56:47.790+0000] {dag.py:3441} INFO - Setting next_dagrun for example_xcom_args to None, run_after=None
[2024-06-04T23:56:47.792+0000] {logging_mixin.py:137} INFO - [2024-06-04T23:56:47.792+0000] {dag.py:3441} INFO - Setting next_dagrun for example_xcom_args_with_operators to None, run_after=None
[2024-06-04T23:56:47.802+0000] {processor.py:175} INFO - Processing /home/airflow/.local/lib/python3.7/site-packages/airflow/example_dags/example_xcomargs.py took 0.071 seconds
[2024-06-04T23:57:17.887+0000] {processor.py:153} INFO - Started process (PID=9209) to work on /home/airflow/.local/lib/python3.7/site-packages/airflow/example_dags/example_xcomargs.py
[2024-06-04T23:57:17.888+0000] {processor.py:743} INFO - Processing file /home/airflow/.local/lib/python3.7/site-packages/airflow/example_dags/example_xcomargs.py for tasks to queue
[2024-06-04T23:57:17.888+0000] {logging_mixin.py:137} INFO - [2024-06-04T23:57:17.888+0000] {dagbag.py:538} INFO - Filling up the DagBag from /home/airflow/.local/lib/python3.7/site-packages/airflow/example_dags/example_xcomargs.py
[2024-06-04T23:57:17.905+0000] {processor.py:753} INFO - DAG(s) dict_keys(['example_xcom_args', 'example_xcom_args_with_operators']) retrieved from /home/airflow/.local/lib/python3.7/site-packages/airflow/example_dags/example_xcomargs.py
[2024-06-04T23:57:17.925+0000] {logging_mixin.py:137} INFO - [2024-06-04T23:57:17.925+0000] {dag.py:2690} INFO - Sync 2 DAGs
[2024-06-04T23:57:17.943+0000] {logging_mixin.py:137} INFO - [2024-06-04T23:57:17.943+0000] {dag.py:3441} INFO - Setting next_dagrun for example_xcom_args to None, run_after=None
[2024-06-04T23:57:17.945+0000] {logging_mixin.py:137} INFO - [2024-06-04T23:57:17.945+0000] {dag.py:3441} INFO - Setting next_dagrun for example_xcom_args_with_operators to None, run_after=None
[2024-06-04T23:57:17.955+0000] {processor.py:175} INFO - Processing /home/airflow/.local/lib/python3.7/site-packages/airflow/example_dags/example_xcomargs.py took 0.070 seconds
[2024-06-04T23:57:48.014+0000] {processor.py:153} INFO - Started process (PID=9296) to work on /home/airflow/.local/lib/python3.7/site-packages/airflow/example_dags/example_xcomargs.py
[2024-06-04T23:57:48.014+0000] {processor.py:743} INFO - Processing file /home/airflow/.local/lib/python3.7/site-packages/airflow/example_dags/example_xcomargs.py for tasks to queue
[2024-06-04T23:57:48.015+0000] {logging_mixin.py:137} INFO - [2024-06-04T23:57:48.015+0000] {dagbag.py:538} INFO - Filling up the DagBag from /home/airflow/.local/lib/python3.7/site-packages/airflow/example_dags/example_xcomargs.py
[2024-06-04T23:57:48.032+0000] {processor.py:753} INFO - DAG(s) dict_keys(['example_xcom_args', 'example_xcom_args_with_operators']) retrieved from /home/airflow/.local/lib/python3.7/site-packages/airflow/example_dags/example_xcomargs.py
[2024-06-04T23:57:48.055+0000] {logging_mixin.py:137} INFO - [2024-06-04T23:57:48.055+0000] {dag.py:2690} INFO - Sync 2 DAGs
[2024-06-04T23:57:48.076+0000] {logging_mixin.py:137} INFO - [2024-06-04T23:57:48.075+0000] {dag.py:3441} INFO - Setting next_dagrun for example_xcom_args to None, run_after=None
[2024-06-04T23:57:48.078+0000] {logging_mixin.py:137} INFO - [2024-06-04T23:57:48.078+0000] {dag.py:3441} INFO - Setting next_dagrun for example_xcom_args_with_operators to None, run_after=None
[2024-06-04T23:57:48.091+0000] {processor.py:175} INFO - Processing /home/airflow/.local/lib/python3.7/site-packages/airflow/example_dags/example_xcomargs.py took 0.080 seconds
[2024-06-04T23:58:18.147+0000] {processor.py:153} INFO - Started process (PID=9416) to work on /home/airflow/.local/lib/python3.7/site-packages/airflow/example_dags/example_xcomargs.py
[2024-06-04T23:58:18.147+0000] {processor.py:743} INFO - Processing file /home/airflow/.local/lib/python3.7/site-packages/airflow/example_dags/example_xcomargs.py for tasks to queue
[2024-06-04T23:58:18.148+0000] {logging_mixin.py:137} INFO - [2024-06-04T23:58:18.148+0000] {dagbag.py:538} INFO - Filling up the DagBag from /home/airflow/.local/lib/python3.7/site-packages/airflow/example_dags/example_xcomargs.py
[2024-06-04T23:58:18.164+0000] {processor.py:753} INFO - DAG(s) dict_keys(['example_xcom_args', 'example_xcom_args_with_operators']) retrieved from /home/airflow/.local/lib/python3.7/site-packages/airflow/example_dags/example_xcomargs.py
[2024-06-04T23:58:18.185+0000] {logging_mixin.py:137} INFO - [2024-06-04T23:58:18.185+0000] {dag.py:2690} INFO - Sync 2 DAGs
[2024-06-04T23:58:18.204+0000] {logging_mixin.py:137} INFO - [2024-06-04T23:58:18.204+0000] {dag.py:3441} INFO - Setting next_dagrun for example_xcom_args to None, run_after=None
[2024-06-04T23:58:18.206+0000] {logging_mixin.py:137} INFO - [2024-06-04T23:58:18.206+0000] {dag.py:3441} INFO - Setting next_dagrun for example_xcom_args_with_operators to None, run_after=None
[2024-06-04T23:58:18.221+0000] {processor.py:175} INFO - Processing /home/airflow/.local/lib/python3.7/site-packages/airflow/example_dags/example_xcomargs.py took 0.076 seconds
[2024-06-04T23:58:48.292+0000] {processor.py:153} INFO - Started process (PID=9527) to work on /home/airflow/.local/lib/python3.7/site-packages/airflow/example_dags/example_xcomargs.py
[2024-06-04T23:58:48.293+0000] {processor.py:743} INFO - Processing file /home/airflow/.local/lib/python3.7/site-packages/airflow/example_dags/example_xcomargs.py for tasks to queue
[2024-06-04T23:58:48.293+0000] {logging_mixin.py:137} INFO - [2024-06-04T23:58:48.293+0000] {dagbag.py:538} INFO - Filling up the DagBag from /home/airflow/.local/lib/python3.7/site-packages/airflow/example_dags/example_xcomargs.py
[2024-06-04T23:58:48.312+0000] {processor.py:753} INFO - DAG(s) dict_keys(['example_xcom_args_with_operators', 'example_xcom_args']) retrieved from /home/airflow/.local/lib/python3.7/site-packages/airflow/example_dags/example_xcomargs.py
[2024-06-04T23:58:48.338+0000] {logging_mixin.py:137} INFO - [2024-06-04T23:58:48.338+0000] {dag.py:2690} INFO - Sync 2 DAGs
[2024-06-04T23:58:48.360+0000] {logging_mixin.py:137} INFO - [2024-06-04T23:58:48.360+0000] {dag.py:3441} INFO - Setting next_dagrun for example_xcom_args to None, run_after=None
[2024-06-04T23:58:48.362+0000] {logging_mixin.py:137} INFO - [2024-06-04T23:58:48.362+0000] {dag.py:3441} INFO - Setting next_dagrun for example_xcom_args_with_operators to None, run_after=None
[2024-06-04T23:58:48.376+0000] {processor.py:175} INFO - Processing /home/airflow/.local/lib/python3.7/site-packages/airflow/example_dags/example_xcomargs.py took 0.086 seconds
[2024-06-04T23:59:19.096+0000] {processor.py:153} INFO - Started process (PID=9619) to work on /home/airflow/.local/lib/python3.7/site-packages/airflow/example_dags/example_xcomargs.py
[2024-06-04T23:59:19.097+0000] {processor.py:743} INFO - Processing file /home/airflow/.local/lib/python3.7/site-packages/airflow/example_dags/example_xcomargs.py for tasks to queue
[2024-06-04T23:59:19.097+0000] {logging_mixin.py:137} INFO - [2024-06-04T23:59:19.097+0000] {dagbag.py:538} INFO - Filling up the DagBag from /home/airflow/.local/lib/python3.7/site-packages/airflow/example_dags/example_xcomargs.py
[2024-06-04T23:59:19.114+0000] {processor.py:753} INFO - DAG(s) dict_keys(['example_xcom_args', 'example_xcom_args_with_operators']) retrieved from /home/airflow/.local/lib/python3.7/site-packages/airflow/example_dags/example_xcomargs.py
[2024-06-04T23:59:19.134+0000] {logging_mixin.py:137} INFO - [2024-06-04T23:59:19.134+0000] {dag.py:2690} INFO - Sync 2 DAGs
[2024-06-04T23:59:19.152+0000] {logging_mixin.py:137} INFO - [2024-06-04T23:59:19.152+0000] {dag.py:3441} INFO - Setting next_dagrun for example_xcom_args to None, run_after=None
[2024-06-04T23:59:19.154+0000] {logging_mixin.py:137} INFO - [2024-06-04T23:59:19.154+0000] {dag.py:3441} INFO - Setting next_dagrun for example_xcom_args_with_operators to None, run_after=None
[2024-06-04T23:59:19.166+0000] {processor.py:175} INFO - Processing /home/airflow/.local/lib/python3.7/site-packages/airflow/example_dags/example_xcomargs.py took 0.072 seconds
[2024-06-04T23:59:49.902+0000] {processor.py:153} INFO - Started process (PID=9730) to work on /home/airflow/.local/lib/python3.7/site-packages/airflow/example_dags/example_xcomargs.py
[2024-06-04T23:59:49.903+0000] {processor.py:743} INFO - Processing file /home/airflow/.local/lib/python3.7/site-packages/airflow/example_dags/example_xcomargs.py for tasks to queue
[2024-06-04T23:59:49.903+0000] {logging_mixin.py:137} INFO - [2024-06-04T23:59:49.903+0000] {dagbag.py:538} INFO - Filling up the DagBag from /home/airflow/.local/lib/python3.7/site-packages/airflow/example_dags/example_xcomargs.py
[2024-06-04T23:59:49.921+0000] {processor.py:753} INFO - DAG(s) dict_keys(['example_xcom_args', 'example_xcom_args_with_operators']) retrieved from /home/airflow/.local/lib/python3.7/site-packages/airflow/example_dags/example_xcomargs.py
[2024-06-04T23:59:49.944+0000] {logging_mixin.py:137} INFO - [2024-06-04T23:59:49.944+0000] {dag.py:2690} INFO - Sync 2 DAGs
[2024-06-04T23:59:49.964+0000] {logging_mixin.py:137} INFO - [2024-06-04T23:59:49.964+0000] {dag.py:3441} INFO - Setting next_dagrun for example_xcom_args to None, run_after=None
[2024-06-04T23:59:49.966+0000] {logging_mixin.py:137} INFO - [2024-06-04T23:59:49.966+0000] {dag.py:3441} INFO - Setting next_dagrun for example_xcom_args_with_operators to None, run_after=None
[2024-06-04T23:59:49.981+0000] {processor.py:175} INFO - Processing /home/airflow/.local/lib/python3.7/site-packages/airflow/example_dags/example_xcomargs.py took 0.081 seconds
