[2024-06-04T23:37:25.398+0000] {processor.py:153} INFO - Started process (PID=47) to work on /home/airflow/.local/lib/python3.7/site-packages/airflow/example_dags/example_trigger_controller_dag.py
[2024-06-04T23:37:25.399+0000] {processor.py:743} INFO - Processing file /home/airflow/.local/lib/python3.7/site-packages/airflow/example_dags/example_trigger_controller_dag.py for tasks to queue
[2024-06-04T23:37:25.399+0000] {logging_mixin.py:137} INFO - [2024-06-04T23:37:25.399+0000] {dagbag.py:538} INFO - Filling up the DagBag from /home/airflow/.local/lib/python3.7/site-packages/airflow/example_dags/example_trigger_controller_dag.py
[2024-06-04T23:37:25.407+0000] {processor.py:753} INFO - DAG(s) dict_keys(['example_trigger_controller_dag']) retrieved from /home/airflow/.local/lib/python3.7/site-packages/airflow/example_dags/example_trigger_controller_dag.py
[2024-06-04T23:37:25.486+0000] {logging_mixin.py:137} INFO - [2024-06-04T23:37:25.486+0000] {manager.py:504} INFO - Created Permission View: can edit on DAG:example_trigger_controller_dag
[2024-06-04T23:37:25.492+0000] {logging_mixin.py:137} INFO - [2024-06-04T23:37:25.492+0000] {manager.py:504} INFO - Created Permission View: can read on DAG:example_trigger_controller_dag
[2024-06-04T23:37:25.496+0000] {logging_mixin.py:137} INFO - [2024-06-04T23:37:25.496+0000] {manager.py:504} INFO - Created Permission View: can delete on DAG:example_trigger_controller_dag
[2024-06-04T23:37:25.496+0000] {logging_mixin.py:137} INFO - [2024-06-04T23:37:25.496+0000] {dag.py:2690} INFO - Sync 1 DAGs
[2024-06-04T23:37:25.505+0000] {logging_mixin.py:137} INFO - [2024-06-04T23:37:25.505+0000] {dag.py:2711} INFO - Creating ORM DAG for example_trigger_controller_dag
[2024-06-04T23:37:25.512+0000] {logging_mixin.py:137} INFO - [2024-06-04T23:37:25.512+0000] {dag.py:3441} INFO - Setting next_dagrun for example_trigger_controller_dag to 2021-01-01T00:00:00+00:00, run_after=2021-01-01T00:00:00+00:00
[2024-06-04T23:37:25.524+0000] {processor.py:175} INFO - Processing /home/airflow/.local/lib/python3.7/site-packages/airflow/example_dags/example_trigger_controller_dag.py took 0.127 seconds
[2024-06-04T23:37:55.864+0000] {processor.py:153} INFO - Started process (PID=158) to work on /home/airflow/.local/lib/python3.7/site-packages/airflow/example_dags/example_trigger_controller_dag.py
[2024-06-04T23:37:55.864+0000] {processor.py:743} INFO - Processing file /home/airflow/.local/lib/python3.7/site-packages/airflow/example_dags/example_trigger_controller_dag.py for tasks to queue
[2024-06-04T23:37:55.865+0000] {logging_mixin.py:137} INFO - [2024-06-04T23:37:55.865+0000] {dagbag.py:538} INFO - Filling up the DagBag from /home/airflow/.local/lib/python3.7/site-packages/airflow/example_dags/example_trigger_controller_dag.py
[2024-06-04T23:37:55.873+0000] {processor.py:753} INFO - DAG(s) dict_keys(['example_trigger_controller_dag']) retrieved from /home/airflow/.local/lib/python3.7/site-packages/airflow/example_dags/example_trigger_controller_dag.py
[2024-06-04T23:37:55.891+0000] {logging_mixin.py:137} INFO - [2024-06-04T23:37:55.891+0000] {dag.py:2690} INFO - Sync 1 DAGs
[2024-06-04T23:37:55.908+0000] {logging_mixin.py:137} INFO - [2024-06-04T23:37:55.907+0000] {dag.py:3441} INFO - Setting next_dagrun for example_trigger_controller_dag to 2021-01-01T00:00:00+00:00, run_after=2021-01-01T00:00:00+00:00
[2024-06-04T23:37:55.919+0000] {processor.py:175} INFO - Processing /home/airflow/.local/lib/python3.7/site-packages/airflow/example_dags/example_trigger_controller_dag.py took 0.057 seconds
[2024-06-04T23:38:26.669+0000] {processor.py:153} INFO - Started process (PID=245) to work on /home/airflow/.local/lib/python3.7/site-packages/airflow/example_dags/example_trigger_controller_dag.py
[2024-06-04T23:38:26.669+0000] {processor.py:743} INFO - Processing file /home/airflow/.local/lib/python3.7/site-packages/airflow/example_dags/example_trigger_controller_dag.py for tasks to queue
[2024-06-04T23:38:26.670+0000] {logging_mixin.py:137} INFO - [2024-06-04T23:38:26.670+0000] {dagbag.py:538} INFO - Filling up the DagBag from /home/airflow/.local/lib/python3.7/site-packages/airflow/example_dags/example_trigger_controller_dag.py
[2024-06-04T23:38:26.677+0000] {processor.py:753} INFO - DAG(s) dict_keys(['example_trigger_controller_dag']) retrieved from /home/airflow/.local/lib/python3.7/site-packages/airflow/example_dags/example_trigger_controller_dag.py
[2024-06-04T23:38:26.696+0000] {logging_mixin.py:137} INFO - [2024-06-04T23:38:26.695+0000] {dag.py:2690} INFO - Sync 1 DAGs
[2024-06-04T23:38:26.714+0000] {logging_mixin.py:137} INFO - [2024-06-04T23:38:26.714+0000] {dag.py:3441} INFO - Setting next_dagrun for example_trigger_controller_dag to 2021-01-01T00:00:00+00:00, run_after=2021-01-01T00:00:00+00:00
[2024-06-04T23:38:26.726+0000] {processor.py:175} INFO - Processing /home/airflow/.local/lib/python3.7/site-packages/airflow/example_dags/example_trigger_controller_dag.py took 0.060 seconds
[2024-06-04T23:38:57.587+0000] {processor.py:153} INFO - Started process (PID=356) to work on /home/airflow/.local/lib/python3.7/site-packages/airflow/example_dags/example_trigger_controller_dag.py
[2024-06-04T23:38:57.588+0000] {processor.py:743} INFO - Processing file /home/airflow/.local/lib/python3.7/site-packages/airflow/example_dags/example_trigger_controller_dag.py for tasks to queue
[2024-06-04T23:38:57.589+0000] {logging_mixin.py:137} INFO - [2024-06-04T23:38:57.589+0000] {dagbag.py:538} INFO - Filling up the DagBag from /home/airflow/.local/lib/python3.7/site-packages/airflow/example_dags/example_trigger_controller_dag.py
[2024-06-04T23:38:57.596+0000] {processor.py:753} INFO - DAG(s) dict_keys(['example_trigger_controller_dag']) retrieved from /home/airflow/.local/lib/python3.7/site-packages/airflow/example_dags/example_trigger_controller_dag.py
[2024-06-04T23:38:57.614+0000] {logging_mixin.py:137} INFO - [2024-06-04T23:38:57.614+0000] {dag.py:2690} INFO - Sync 1 DAGs
[2024-06-04T23:38:57.631+0000] {logging_mixin.py:137} INFO - [2024-06-04T23:38:57.631+0000] {dag.py:3441} INFO - Setting next_dagrun for example_trigger_controller_dag to 2021-01-01T00:00:00+00:00, run_after=2021-01-01T00:00:00+00:00
[2024-06-04T23:38:57.644+0000] {processor.py:175} INFO - Processing /home/airflow/.local/lib/python3.7/site-packages/airflow/example_dags/example_trigger_controller_dag.py took 0.059 seconds
[2024-06-04T23:39:28.313+0000] {processor.py:153} INFO - Started process (PID=467) to work on /home/airflow/.local/lib/python3.7/site-packages/airflow/example_dags/example_trigger_controller_dag.py
[2024-06-04T23:39:28.313+0000] {processor.py:743} INFO - Processing file /home/airflow/.local/lib/python3.7/site-packages/airflow/example_dags/example_trigger_controller_dag.py for tasks to queue
[2024-06-04T23:39:28.314+0000] {logging_mixin.py:137} INFO - [2024-06-04T23:39:28.314+0000] {dagbag.py:538} INFO - Filling up the DagBag from /home/airflow/.local/lib/python3.7/site-packages/airflow/example_dags/example_trigger_controller_dag.py
[2024-06-04T23:39:28.321+0000] {processor.py:753} INFO - DAG(s) dict_keys(['example_trigger_controller_dag']) retrieved from /home/airflow/.local/lib/python3.7/site-packages/airflow/example_dags/example_trigger_controller_dag.py
[2024-06-04T23:39:28.339+0000] {logging_mixin.py:137} INFO - [2024-06-04T23:39:28.339+0000] {dag.py:2690} INFO - Sync 1 DAGs
[2024-06-04T23:39:28.357+0000] {logging_mixin.py:137} INFO - [2024-06-04T23:39:28.356+0000] {dag.py:3441} INFO - Setting next_dagrun for example_trigger_controller_dag to 2021-01-01T00:00:00+00:00, run_after=2021-01-01T00:00:00+00:00
[2024-06-04T23:39:28.369+0000] {processor.py:175} INFO - Processing /home/airflow/.local/lib/python3.7/site-packages/airflow/example_dags/example_trigger_controller_dag.py took 0.058 seconds
[2024-06-04T23:39:59.026+0000] {processor.py:153} INFO - Started process (PID=554) to work on /home/airflow/.local/lib/python3.7/site-packages/airflow/example_dags/example_trigger_controller_dag.py
[2024-06-04T23:39:59.027+0000] {processor.py:743} INFO - Processing file /home/airflow/.local/lib/python3.7/site-packages/airflow/example_dags/example_trigger_controller_dag.py for tasks to queue
[2024-06-04T23:39:59.027+0000] {logging_mixin.py:137} INFO - [2024-06-04T23:39:59.027+0000] {dagbag.py:538} INFO - Filling up the DagBag from /home/airflow/.local/lib/python3.7/site-packages/airflow/example_dags/example_trigger_controller_dag.py
[2024-06-04T23:39:59.036+0000] {processor.py:753} INFO - DAG(s) dict_keys(['example_trigger_controller_dag']) retrieved from /home/airflow/.local/lib/python3.7/site-packages/airflow/example_dags/example_trigger_controller_dag.py
[2024-06-04T23:39:59.054+0000] {logging_mixin.py:137} INFO - [2024-06-04T23:39:59.054+0000] {dag.py:2690} INFO - Sync 1 DAGs
[2024-06-04T23:39:59.071+0000] {logging_mixin.py:137} INFO - [2024-06-04T23:39:59.071+0000] {dag.py:3441} INFO - Setting next_dagrun for example_trigger_controller_dag to 2021-01-01T00:00:00+00:00, run_after=2021-01-01T00:00:00+00:00
[2024-06-04T23:39:59.083+0000] {processor.py:175} INFO - Processing /home/airflow/.local/lib/python3.7/site-packages/airflow/example_dags/example_trigger_controller_dag.py took 0.059 seconds
[2024-06-04T23:40:29.743+0000] {processor.py:153} INFO - Started process (PID=665) to work on /home/airflow/.local/lib/python3.7/site-packages/airflow/example_dags/example_trigger_controller_dag.py
[2024-06-04T23:40:29.744+0000] {processor.py:743} INFO - Processing file /home/airflow/.local/lib/python3.7/site-packages/airflow/example_dags/example_trigger_controller_dag.py for tasks to queue
[2024-06-04T23:40:29.744+0000] {logging_mixin.py:137} INFO - [2024-06-04T23:40:29.744+0000] {dagbag.py:538} INFO - Filling up the DagBag from /home/airflow/.local/lib/python3.7/site-packages/airflow/example_dags/example_trigger_controller_dag.py
[2024-06-04T23:40:29.751+0000] {processor.py:753} INFO - DAG(s) dict_keys(['example_trigger_controller_dag']) retrieved from /home/airflow/.local/lib/python3.7/site-packages/airflow/example_dags/example_trigger_controller_dag.py
[2024-06-04T23:40:29.769+0000] {logging_mixin.py:137} INFO - [2024-06-04T23:40:29.769+0000] {dag.py:2690} INFO - Sync 1 DAGs
[2024-06-04T23:40:29.786+0000] {logging_mixin.py:137} INFO - [2024-06-04T23:40:29.786+0000] {dag.py:3441} INFO - Setting next_dagrun for example_trigger_controller_dag to 2021-01-01T00:00:00+00:00, run_after=2021-01-01T00:00:00+00:00
[2024-06-04T23:40:29.798+0000] {processor.py:175} INFO - Processing /home/airflow/.local/lib/python3.7/site-packages/airflow/example_dags/example_trigger_controller_dag.py took 0.057 seconds
[2024-06-04T23:41:00.428+0000] {processor.py:153} INFO - Started process (PID=761) to work on /home/airflow/.local/lib/python3.7/site-packages/airflow/example_dags/example_trigger_controller_dag.py
[2024-06-04T23:41:00.429+0000] {processor.py:743} INFO - Processing file /home/airflow/.local/lib/python3.7/site-packages/airflow/example_dags/example_trigger_controller_dag.py for tasks to queue
[2024-06-04T23:41:00.429+0000] {logging_mixin.py:137} INFO - [2024-06-04T23:41:00.429+0000] {dagbag.py:538} INFO - Filling up the DagBag from /home/airflow/.local/lib/python3.7/site-packages/airflow/example_dags/example_trigger_controller_dag.py
[2024-06-04T23:41:00.437+0000] {processor.py:753} INFO - DAG(s) dict_keys(['example_trigger_controller_dag']) retrieved from /home/airflow/.local/lib/python3.7/site-packages/airflow/example_dags/example_trigger_controller_dag.py
[2024-06-04T23:41:00.456+0000] {logging_mixin.py:137} INFO - [2024-06-04T23:41:00.456+0000] {dag.py:2690} INFO - Sync 1 DAGs
[2024-06-04T23:41:00.474+0000] {logging_mixin.py:137} INFO - [2024-06-04T23:41:00.474+0000] {dag.py:3441} INFO - Setting next_dagrun for example_trigger_controller_dag to 2021-01-01T00:00:00+00:00, run_after=2021-01-01T00:00:00+00:00
[2024-06-04T23:41:00.486+0000] {processor.py:175} INFO - Processing /home/airflow/.local/lib/python3.7/site-packages/airflow/example_dags/example_trigger_controller_dag.py took 0.060 seconds
[2024-06-04T23:41:31.164+0000] {processor.py:153} INFO - Started process (PID=863) to work on /home/airflow/.local/lib/python3.7/site-packages/airflow/example_dags/example_trigger_controller_dag.py
[2024-06-04T23:41:31.164+0000] {processor.py:743} INFO - Processing file /home/airflow/.local/lib/python3.7/site-packages/airflow/example_dags/example_trigger_controller_dag.py for tasks to queue
[2024-06-04T23:41:31.165+0000] {logging_mixin.py:137} INFO - [2024-06-04T23:41:31.164+0000] {dagbag.py:538} INFO - Filling up the DagBag from /home/airflow/.local/lib/python3.7/site-packages/airflow/example_dags/example_trigger_controller_dag.py
[2024-06-04T23:41:31.173+0000] {processor.py:753} INFO - DAG(s) dict_keys(['example_trigger_controller_dag']) retrieved from /home/airflow/.local/lib/python3.7/site-packages/airflow/example_dags/example_trigger_controller_dag.py
[2024-06-04T23:41:31.191+0000] {logging_mixin.py:137} INFO - [2024-06-04T23:41:31.191+0000] {dag.py:2690} INFO - Sync 1 DAGs
[2024-06-04T23:41:31.209+0000] {logging_mixin.py:137} INFO - [2024-06-04T23:41:31.209+0000] {dag.py:3441} INFO - Setting next_dagrun for example_trigger_controller_dag to 2021-01-01T00:00:00+00:00, run_after=2021-01-01T00:00:00+00:00
[2024-06-04T23:41:31.223+0000] {processor.py:175} INFO - Processing /home/airflow/.local/lib/python3.7/site-packages/airflow/example_dags/example_trigger_controller_dag.py took 0.061 seconds
[2024-06-04T23:42:01.815+0000] {processor.py:153} INFO - Started process (PID=974) to work on /home/airflow/.local/lib/python3.7/site-packages/airflow/example_dags/example_trigger_controller_dag.py
[2024-06-04T23:42:01.815+0000] {processor.py:743} INFO - Processing file /home/airflow/.local/lib/python3.7/site-packages/airflow/example_dags/example_trigger_controller_dag.py for tasks to queue
[2024-06-04T23:42:01.816+0000] {logging_mixin.py:137} INFO - [2024-06-04T23:42:01.816+0000] {dagbag.py:538} INFO - Filling up the DagBag from /home/airflow/.local/lib/python3.7/site-packages/airflow/example_dags/example_trigger_controller_dag.py
[2024-06-04T23:42:01.823+0000] {processor.py:753} INFO - DAG(s) dict_keys(['example_trigger_controller_dag']) retrieved from /home/airflow/.local/lib/python3.7/site-packages/airflow/example_dags/example_trigger_controller_dag.py
[2024-06-04T23:42:01.844+0000] {logging_mixin.py:137} INFO - [2024-06-04T23:42:01.844+0000] {dag.py:2690} INFO - Sync 1 DAGs
[2024-06-04T23:42:01.861+0000] {logging_mixin.py:137} INFO - [2024-06-04T23:42:01.861+0000] {dag.py:3441} INFO - Setting next_dagrun for example_trigger_controller_dag to 2021-01-01T00:00:00+00:00, run_after=2021-01-01T00:00:00+00:00
[2024-06-04T23:42:01.873+0000] {processor.py:175} INFO - Processing /home/airflow/.local/lib/python3.7/site-packages/airflow/example_dags/example_trigger_controller_dag.py took 0.061 seconds
[2024-06-04T23:42:32.865+0000] {processor.py:153} INFO - Started process (PID=1061) to work on /home/airflow/.local/lib/python3.7/site-packages/airflow/example_dags/example_trigger_controller_dag.py
[2024-06-04T23:42:32.865+0000] {processor.py:743} INFO - Processing file /home/airflow/.local/lib/python3.7/site-packages/airflow/example_dags/example_trigger_controller_dag.py for tasks to queue
[2024-06-04T23:42:32.866+0000] {logging_mixin.py:137} INFO - [2024-06-04T23:42:32.866+0000] {dagbag.py:538} INFO - Filling up the DagBag from /home/airflow/.local/lib/python3.7/site-packages/airflow/example_dags/example_trigger_controller_dag.py
[2024-06-04T23:42:32.873+0000] {processor.py:753} INFO - DAG(s) dict_keys(['example_trigger_controller_dag']) retrieved from /home/airflow/.local/lib/python3.7/site-packages/airflow/example_dags/example_trigger_controller_dag.py
[2024-06-04T23:42:32.891+0000] {logging_mixin.py:137} INFO - [2024-06-04T23:42:32.891+0000] {dag.py:2690} INFO - Sync 1 DAGs
[2024-06-04T23:42:32.908+0000] {logging_mixin.py:137} INFO - [2024-06-04T23:42:32.908+0000] {dag.py:3441} INFO - Setting next_dagrun for example_trigger_controller_dag to 2021-01-01T00:00:00+00:00, run_after=2021-01-01T00:00:00+00:00
[2024-06-04T23:42:32.920+0000] {processor.py:175} INFO - Processing /home/airflow/.local/lib/python3.7/site-packages/airflow/example_dags/example_trigger_controller_dag.py took 0.057 seconds
[2024-06-04T23:43:03.930+0000] {processor.py:153} INFO - Started process (PID=1172) to work on /home/airflow/.local/lib/python3.7/site-packages/airflow/example_dags/example_trigger_controller_dag.py
[2024-06-04T23:43:03.930+0000] {processor.py:743} INFO - Processing file /home/airflow/.local/lib/python3.7/site-packages/airflow/example_dags/example_trigger_controller_dag.py for tasks to queue
[2024-06-04T23:43:03.931+0000] {logging_mixin.py:137} INFO - [2024-06-04T23:43:03.931+0000] {dagbag.py:538} INFO - Filling up the DagBag from /home/airflow/.local/lib/python3.7/site-packages/airflow/example_dags/example_trigger_controller_dag.py
[2024-06-04T23:43:03.938+0000] {processor.py:753} INFO - DAG(s) dict_keys(['example_trigger_controller_dag']) retrieved from /home/airflow/.local/lib/python3.7/site-packages/airflow/example_dags/example_trigger_controller_dag.py
[2024-06-04T23:43:03.957+0000] {logging_mixin.py:137} INFO - [2024-06-04T23:43:03.957+0000] {dag.py:2690} INFO - Sync 1 DAGs
[2024-06-04T23:43:03.973+0000] {logging_mixin.py:137} INFO - [2024-06-04T23:43:03.973+0000] {dag.py:3441} INFO - Setting next_dagrun for example_trigger_controller_dag to 2021-01-01T00:00:00+00:00, run_after=2021-01-01T00:00:00+00:00
[2024-06-04T23:43:03.985+0000] {processor.py:175} INFO - Processing /home/airflow/.local/lib/python3.7/site-packages/airflow/example_dags/example_trigger_controller_dag.py took 0.058 seconds
[2024-06-04T23:43:34.700+0000] {processor.py:153} INFO - Started process (PID=1283) to work on /home/airflow/.local/lib/python3.7/site-packages/airflow/example_dags/example_trigger_controller_dag.py
[2024-06-04T23:43:34.701+0000] {processor.py:743} INFO - Processing file /home/airflow/.local/lib/python3.7/site-packages/airflow/example_dags/example_trigger_controller_dag.py for tasks to queue
[2024-06-04T23:43:34.701+0000] {logging_mixin.py:137} INFO - [2024-06-04T23:43:34.701+0000] {dagbag.py:538} INFO - Filling up the DagBag from /home/airflow/.local/lib/python3.7/site-packages/airflow/example_dags/example_trigger_controller_dag.py
[2024-06-04T23:43:34.709+0000] {processor.py:753} INFO - DAG(s) dict_keys(['example_trigger_controller_dag']) retrieved from /home/airflow/.local/lib/python3.7/site-packages/airflow/example_dags/example_trigger_controller_dag.py
[2024-06-04T23:43:34.728+0000] {logging_mixin.py:137} INFO - [2024-06-04T23:43:34.728+0000] {dag.py:2690} INFO - Sync 1 DAGs
[2024-06-04T23:43:34.746+0000] {logging_mixin.py:137} INFO - [2024-06-04T23:43:34.746+0000] {dag.py:3441} INFO - Setting next_dagrun for example_trigger_controller_dag to 2021-01-01T00:00:00+00:00, run_after=2021-01-01T00:00:00+00:00
[2024-06-04T23:43:34.758+0000] {processor.py:175} INFO - Processing /home/airflow/.local/lib/python3.7/site-packages/airflow/example_dags/example_trigger_controller_dag.py took 0.060 seconds
[2024-06-04T23:44:05.662+0000] {processor.py:153} INFO - Started process (PID=1463) to work on /home/airflow/.local/lib/python3.7/site-packages/airflow/example_dags/example_trigger_controller_dag.py
[2024-06-04T23:44:05.664+0000] {processor.py:743} INFO - Processing file /home/airflow/.local/lib/python3.7/site-packages/airflow/example_dags/example_trigger_controller_dag.py for tasks to queue
[2024-06-04T23:44:05.664+0000] {logging_mixin.py:137} INFO - [2024-06-04T23:44:05.664+0000] {dagbag.py:538} INFO - Filling up the DagBag from /home/airflow/.local/lib/python3.7/site-packages/airflow/example_dags/example_trigger_controller_dag.py
[2024-06-04T23:44:05.679+0000] {processor.py:753} INFO - DAG(s) dict_keys(['example_trigger_controller_dag']) retrieved from /home/airflow/.local/lib/python3.7/site-packages/airflow/example_dags/example_trigger_controller_dag.py
[2024-06-04T23:44:05.710+0000] {logging_mixin.py:137} INFO - [2024-06-04T23:44:05.710+0000] {dag.py:2690} INFO - Sync 1 DAGs
[2024-06-04T23:44:05.746+0000] {logging_mixin.py:137} INFO - [2024-06-04T23:44:05.746+0000] {dag.py:3441} INFO - Setting next_dagrun for example_trigger_controller_dag to 2021-01-01T00:00:00+00:00, run_after=2021-01-01T00:00:00+00:00
[2024-06-04T23:44:05.785+0000] {processor.py:175} INFO - Processing /home/airflow/.local/lib/python3.7/site-packages/airflow/example_dags/example_trigger_controller_dag.py took 0.125 seconds
[2024-06-04T23:44:36.006+0000] {processor.py:153} INFO - Started process (PID=1836) to work on /home/airflow/.local/lib/python3.7/site-packages/airflow/example_dags/example_trigger_controller_dag.py
[2024-06-04T23:44:36.006+0000] {processor.py:743} INFO - Processing file /home/airflow/.local/lib/python3.7/site-packages/airflow/example_dags/example_trigger_controller_dag.py for tasks to queue
[2024-06-04T23:44:36.007+0000] {logging_mixin.py:137} INFO - [2024-06-04T23:44:36.007+0000] {dagbag.py:538} INFO - Filling up the DagBag from /home/airflow/.local/lib/python3.7/site-packages/airflow/example_dags/example_trigger_controller_dag.py
[2024-06-04T23:44:36.015+0000] {processor.py:753} INFO - DAG(s) dict_keys(['example_trigger_controller_dag']) retrieved from /home/airflow/.local/lib/python3.7/site-packages/airflow/example_dags/example_trigger_controller_dag.py
[2024-06-04T23:44:36.033+0000] {logging_mixin.py:137} INFO - [2024-06-04T23:44:36.033+0000] {dag.py:2690} INFO - Sync 1 DAGs
[2024-06-04T23:44:36.049+0000] {logging_mixin.py:137} INFO - [2024-06-04T23:44:36.049+0000] {dag.py:3441} INFO - Setting next_dagrun for example_trigger_controller_dag to 2021-01-01T00:00:00+00:00, run_after=2021-01-01T00:00:00+00:00
[2024-06-04T23:44:36.061+0000] {processor.py:175} INFO - Processing /home/airflow/.local/lib/python3.7/site-packages/airflow/example_dags/example_trigger_controller_dag.py took 0.058 seconds
[2024-06-04T23:45:06.261+0000] {processor.py:153} INFO - Started process (PID=2154) to work on /home/airflow/.local/lib/python3.7/site-packages/airflow/example_dags/example_trigger_controller_dag.py
[2024-06-04T23:45:06.262+0000] {processor.py:743} INFO - Processing file /home/airflow/.local/lib/python3.7/site-packages/airflow/example_dags/example_trigger_controller_dag.py for tasks to queue
[2024-06-04T23:45:06.262+0000] {logging_mixin.py:137} INFO - [2024-06-04T23:45:06.262+0000] {dagbag.py:538} INFO - Filling up the DagBag from /home/airflow/.local/lib/python3.7/site-packages/airflow/example_dags/example_trigger_controller_dag.py
[2024-06-04T23:45:06.270+0000] {processor.py:753} INFO - DAG(s) dict_keys(['example_trigger_controller_dag']) retrieved from /home/airflow/.local/lib/python3.7/site-packages/airflow/example_dags/example_trigger_controller_dag.py
[2024-06-04T23:45:06.287+0000] {logging_mixin.py:137} INFO - [2024-06-04T23:45:06.287+0000] {dag.py:2690} INFO - Sync 1 DAGs
[2024-06-04T23:45:06.304+0000] {logging_mixin.py:137} INFO - [2024-06-04T23:45:06.304+0000] {dag.py:3441} INFO - Setting next_dagrun for example_trigger_controller_dag to 2021-01-01T00:00:00+00:00, run_after=2021-01-01T00:00:00+00:00
[2024-06-04T23:45:06.315+0000] {processor.py:175} INFO - Processing /home/airflow/.local/lib/python3.7/site-packages/airflow/example_dags/example_trigger_controller_dag.py took 0.056 seconds
[2024-06-04T23:45:36.859+0000] {processor.py:153} INFO - Started process (PID=2528) to work on /home/airflow/.local/lib/python3.7/site-packages/airflow/example_dags/example_trigger_controller_dag.py
[2024-06-04T23:45:36.860+0000] {processor.py:743} INFO - Processing file /home/airflow/.local/lib/python3.7/site-packages/airflow/example_dags/example_trigger_controller_dag.py for tasks to queue
[2024-06-04T23:45:36.860+0000] {logging_mixin.py:137} INFO - [2024-06-04T23:45:36.860+0000] {dagbag.py:538} INFO - Filling up the DagBag from /home/airflow/.local/lib/python3.7/site-packages/airflow/example_dags/example_trigger_controller_dag.py
[2024-06-04T23:45:36.875+0000] {processor.py:753} INFO - DAG(s) dict_keys(['example_trigger_controller_dag']) retrieved from /home/airflow/.local/lib/python3.7/site-packages/airflow/example_dags/example_trigger_controller_dag.py
[2024-06-04T23:45:36.910+0000] {logging_mixin.py:137} INFO - [2024-06-04T23:45:36.910+0000] {dag.py:2690} INFO - Sync 1 DAGs
[2024-06-04T23:45:36.951+0000] {logging_mixin.py:137} INFO - [2024-06-04T23:45:36.950+0000] {dag.py:3441} INFO - Setting next_dagrun for example_trigger_controller_dag to 2021-01-01T00:00:00+00:00, run_after=2021-01-01T00:00:00+00:00
[2024-06-04T23:45:36.972+0000] {processor.py:175} INFO - Processing /home/airflow/.local/lib/python3.7/site-packages/airflow/example_dags/example_trigger_controller_dag.py took 0.117 seconds
[2024-06-04T23:46:07.226+0000] {processor.py:153} INFO - Started process (PID=2850) to work on /home/airflow/.local/lib/python3.7/site-packages/airflow/example_dags/example_trigger_controller_dag.py
[2024-06-04T23:46:07.227+0000] {processor.py:743} INFO - Processing file /home/airflow/.local/lib/python3.7/site-packages/airflow/example_dags/example_trigger_controller_dag.py for tasks to queue
[2024-06-04T23:46:07.228+0000] {logging_mixin.py:137} INFO - [2024-06-04T23:46:07.227+0000] {dagbag.py:538} INFO - Filling up the DagBag from /home/airflow/.local/lib/python3.7/site-packages/airflow/example_dags/example_trigger_controller_dag.py
[2024-06-04T23:46:07.242+0000] {processor.py:753} INFO - DAG(s) dict_keys(['example_trigger_controller_dag']) retrieved from /home/airflow/.local/lib/python3.7/site-packages/airflow/example_dags/example_trigger_controller_dag.py
[2024-06-04T23:46:07.271+0000] {logging_mixin.py:137} INFO - [2024-06-04T23:46:07.271+0000] {dag.py:2690} INFO - Sync 1 DAGs
[2024-06-04T23:46:07.298+0000] {logging_mixin.py:137} INFO - [2024-06-04T23:46:07.298+0000] {dag.py:3441} INFO - Setting next_dagrun for example_trigger_controller_dag to 2021-01-01T00:00:00+00:00, run_after=2021-01-01T00:00:00+00:00
[2024-06-04T23:46:07.319+0000] {processor.py:175} INFO - Processing /home/airflow/.local/lib/python3.7/site-packages/airflow/example_dags/example_trigger_controller_dag.py took 0.097 seconds
[2024-06-04T23:46:37.629+0000] {processor.py:153} INFO - Started process (PID=3212) to work on /home/airflow/.local/lib/python3.7/site-packages/airflow/example_dags/example_trigger_controller_dag.py
[2024-06-04T23:46:37.630+0000] {processor.py:743} INFO - Processing file /home/airflow/.local/lib/python3.7/site-packages/airflow/example_dags/example_trigger_controller_dag.py for tasks to queue
[2024-06-04T23:46:37.630+0000] {logging_mixin.py:137} INFO - [2024-06-04T23:46:37.630+0000] {dagbag.py:538} INFO - Filling up the DagBag from /home/airflow/.local/lib/python3.7/site-packages/airflow/example_dags/example_trigger_controller_dag.py
[2024-06-04T23:46:37.644+0000] {processor.py:753} INFO - DAG(s) dict_keys(['example_trigger_controller_dag']) retrieved from /home/airflow/.local/lib/python3.7/site-packages/airflow/example_dags/example_trigger_controller_dag.py
[2024-06-04T23:46:37.674+0000] {logging_mixin.py:137} INFO - [2024-06-04T23:46:37.674+0000] {dag.py:2690} INFO - Sync 1 DAGs
[2024-06-04T23:46:37.706+0000] {logging_mixin.py:137} INFO - [2024-06-04T23:46:37.706+0000] {dag.py:3441} INFO - Setting next_dagrun for example_trigger_controller_dag to 2021-01-01T00:00:00+00:00, run_after=2021-01-01T00:00:00+00:00
[2024-06-04T23:46:37.732+0000] {processor.py:175} INFO - Processing /home/airflow/.local/lib/python3.7/site-packages/airflow/example_dags/example_trigger_controller_dag.py took 0.107 seconds
[2024-06-04T23:47:07.872+0000] {processor.py:153} INFO - Started process (PID=3540) to work on /home/airflow/.local/lib/python3.7/site-packages/airflow/example_dags/example_trigger_controller_dag.py
[2024-06-04T23:47:07.873+0000] {processor.py:743} INFO - Processing file /home/airflow/.local/lib/python3.7/site-packages/airflow/example_dags/example_trigger_controller_dag.py for tasks to queue
[2024-06-04T23:47:07.873+0000] {logging_mixin.py:137} INFO - [2024-06-04T23:47:07.873+0000] {dagbag.py:538} INFO - Filling up the DagBag from /home/airflow/.local/lib/python3.7/site-packages/airflow/example_dags/example_trigger_controller_dag.py
[2024-06-04T23:47:07.888+0000] {processor.py:753} INFO - DAG(s) dict_keys(['example_trigger_controller_dag']) retrieved from /home/airflow/.local/lib/python3.7/site-packages/airflow/example_dags/example_trigger_controller_dag.py
[2024-06-04T23:47:07.924+0000] {logging_mixin.py:137} INFO - [2024-06-04T23:47:07.924+0000] {dag.py:2690} INFO - Sync 1 DAGs
[2024-06-04T23:47:07.964+0000] {logging_mixin.py:137} INFO - [2024-06-04T23:47:07.964+0000] {dag.py:3441} INFO - Setting next_dagrun for example_trigger_controller_dag to 2021-01-01T00:00:00+00:00, run_after=2021-01-01T00:00:00+00:00
[2024-06-04T23:47:07.991+0000] {processor.py:175} INFO - Processing /home/airflow/.local/lib/python3.7/site-packages/airflow/example_dags/example_trigger_controller_dag.py took 0.123 seconds
[2024-06-04T23:47:38.926+0000] {processor.py:153} INFO - Started process (PID=3893) to work on /home/airflow/.local/lib/python3.7/site-packages/airflow/example_dags/example_trigger_controller_dag.py
[2024-06-04T23:47:38.926+0000] {processor.py:743} INFO - Processing file /home/airflow/.local/lib/python3.7/site-packages/airflow/example_dags/example_trigger_controller_dag.py for tasks to queue
[2024-06-04T23:47:38.927+0000] {logging_mixin.py:137} INFO - [2024-06-04T23:47:38.927+0000] {dagbag.py:538} INFO - Filling up the DagBag from /home/airflow/.local/lib/python3.7/site-packages/airflow/example_dags/example_trigger_controller_dag.py
[2024-06-04T23:47:38.935+0000] {processor.py:753} INFO - DAG(s) dict_keys(['example_trigger_controller_dag']) retrieved from /home/airflow/.local/lib/python3.7/site-packages/airflow/example_dags/example_trigger_controller_dag.py
[2024-06-04T23:47:38.954+0000] {logging_mixin.py:137} INFO - [2024-06-04T23:47:38.954+0000] {dag.py:2690} INFO - Sync 1 DAGs
[2024-06-04T23:47:38.973+0000] {logging_mixin.py:137} INFO - [2024-06-04T23:47:38.973+0000] {dag.py:3441} INFO - Setting next_dagrun for example_trigger_controller_dag to 2021-01-01T00:00:00+00:00, run_after=2021-01-01T00:00:00+00:00
[2024-06-04T23:47:38.986+0000] {processor.py:175} INFO - Processing /home/airflow/.local/lib/python3.7/site-packages/airflow/example_dags/example_trigger_controller_dag.py took 0.062 seconds
[2024-06-04T23:48:09.419+0000] {processor.py:153} INFO - Started process (PID=4262) to work on /home/airflow/.local/lib/python3.7/site-packages/airflow/example_dags/example_trigger_controller_dag.py
[2024-06-04T23:48:09.421+0000] {processor.py:743} INFO - Processing file /home/airflow/.local/lib/python3.7/site-packages/airflow/example_dags/example_trigger_controller_dag.py for tasks to queue
[2024-06-04T23:48:09.422+0000] {logging_mixin.py:137} INFO - [2024-06-04T23:48:09.422+0000] {dagbag.py:538} INFO - Filling up the DagBag from /home/airflow/.local/lib/python3.7/site-packages/airflow/example_dags/example_trigger_controller_dag.py
[2024-06-04T23:48:09.439+0000] {processor.py:753} INFO - DAG(s) dict_keys(['example_trigger_controller_dag']) retrieved from /home/airflow/.local/lib/python3.7/site-packages/airflow/example_dags/example_trigger_controller_dag.py
[2024-06-04T23:48:09.476+0000] {logging_mixin.py:137} INFO - [2024-06-04T23:48:09.476+0000] {dag.py:2690} INFO - Sync 1 DAGs
[2024-06-04T23:48:09.514+0000] {logging_mixin.py:137} INFO - [2024-06-04T23:48:09.513+0000] {dag.py:3441} INFO - Setting next_dagrun for example_trigger_controller_dag to 2021-01-01T00:00:00+00:00, run_after=2021-01-01T00:00:00+00:00
[2024-06-04T23:48:09.540+0000] {processor.py:175} INFO - Processing /home/airflow/.local/lib/python3.7/site-packages/airflow/example_dags/example_trigger_controller_dag.py took 0.125 seconds
[2024-06-04T23:48:39.973+0000] {processor.py:153} INFO - Started process (PID=4624) to work on /home/airflow/.local/lib/python3.7/site-packages/airflow/example_dags/example_trigger_controller_dag.py
[2024-06-04T23:48:39.973+0000] {processor.py:743} INFO - Processing file /home/airflow/.local/lib/python3.7/site-packages/airflow/example_dags/example_trigger_controller_dag.py for tasks to queue
[2024-06-04T23:48:39.974+0000] {logging_mixin.py:137} INFO - [2024-06-04T23:48:39.974+0000] {dagbag.py:538} INFO - Filling up the DagBag from /home/airflow/.local/lib/python3.7/site-packages/airflow/example_dags/example_trigger_controller_dag.py
[2024-06-04T23:48:39.982+0000] {processor.py:753} INFO - DAG(s) dict_keys(['example_trigger_controller_dag']) retrieved from /home/airflow/.local/lib/python3.7/site-packages/airflow/example_dags/example_trigger_controller_dag.py
[2024-06-04T23:48:40.000+0000] {logging_mixin.py:137} INFO - [2024-06-04T23:48:40.000+0000] {dag.py:2690} INFO - Sync 1 DAGs
[2024-06-04T23:48:40.018+0000] {logging_mixin.py:137} INFO - [2024-06-04T23:48:40.018+0000] {dag.py:3441} INFO - Setting next_dagrun for example_trigger_controller_dag to 2021-01-01T00:00:00+00:00, run_after=2021-01-01T00:00:00+00:00
[2024-06-04T23:48:40.031+0000] {processor.py:175} INFO - Processing /home/airflow/.local/lib/python3.7/site-packages/airflow/example_dags/example_trigger_controller_dag.py took 0.060 seconds
[2024-06-04T23:49:10.193+0000] {processor.py:153} INFO - Started process (PID=5019) to work on /home/airflow/.local/lib/python3.7/site-packages/airflow/example_dags/example_trigger_controller_dag.py
[2024-06-04T23:49:10.194+0000] {processor.py:743} INFO - Processing file /home/airflow/.local/lib/python3.7/site-packages/airflow/example_dags/example_trigger_controller_dag.py for tasks to queue
[2024-06-04T23:49:10.195+0000] {logging_mixin.py:137} INFO - [2024-06-04T23:49:10.195+0000] {dagbag.py:538} INFO - Filling up the DagBag from /home/airflow/.local/lib/python3.7/site-packages/airflow/example_dags/example_trigger_controller_dag.py
[2024-06-04T23:49:10.210+0000] {processor.py:753} INFO - DAG(s) dict_keys(['example_trigger_controller_dag']) retrieved from /home/airflow/.local/lib/python3.7/site-packages/airflow/example_dags/example_trigger_controller_dag.py
[2024-06-04T23:49:10.244+0000] {logging_mixin.py:137} INFO - [2024-06-04T23:49:10.244+0000] {dag.py:2690} INFO - Sync 1 DAGs
[2024-06-04T23:49:10.278+0000] {logging_mixin.py:137} INFO - [2024-06-04T23:49:10.278+0000] {dag.py:3441} INFO - Setting next_dagrun for example_trigger_controller_dag to None, run_after=None
[2024-06-04T23:49:10.304+0000] {processor.py:175} INFO - Processing /home/airflow/.local/lib/python3.7/site-packages/airflow/example_dags/example_trigger_controller_dag.py took 0.114 seconds
[2024-06-04T23:49:41.219+0000] {processor.py:153} INFO - Started process (PID=5403) to work on /home/airflow/.local/lib/python3.7/site-packages/airflow/example_dags/example_trigger_controller_dag.py
[2024-06-04T23:49:41.220+0000] {processor.py:743} INFO - Processing file /home/airflow/.local/lib/python3.7/site-packages/airflow/example_dags/example_trigger_controller_dag.py for tasks to queue
[2024-06-04T23:49:41.221+0000] {logging_mixin.py:137} INFO - [2024-06-04T23:49:41.221+0000] {dagbag.py:538} INFO - Filling up the DagBag from /home/airflow/.local/lib/python3.7/site-packages/airflow/example_dags/example_trigger_controller_dag.py
[2024-06-04T23:49:41.236+0000] {processor.py:753} INFO - DAG(s) dict_keys(['example_trigger_controller_dag']) retrieved from /home/airflow/.local/lib/python3.7/site-packages/airflow/example_dags/example_trigger_controller_dag.py
[2024-06-04T23:49:41.262+0000] {logging_mixin.py:137} INFO - [2024-06-04T23:49:41.262+0000] {dag.py:2690} INFO - Sync 1 DAGs
[2024-06-04T23:49:41.294+0000] {logging_mixin.py:137} INFO - [2024-06-04T23:49:41.294+0000] {dag.py:3441} INFO - Setting next_dagrun for example_trigger_controller_dag to None, run_after=None
[2024-06-04T23:49:41.316+0000] {processor.py:175} INFO - Processing /home/airflow/.local/lib/python3.7/site-packages/airflow/example_dags/example_trigger_controller_dag.py took 0.100 seconds
[2024-06-04T23:50:11.543+0000] {processor.py:153} INFO - Started process (PID=5749) to work on /home/airflow/.local/lib/python3.7/site-packages/airflow/example_dags/example_trigger_controller_dag.py
[2024-06-04T23:50:11.544+0000] {processor.py:743} INFO - Processing file /home/airflow/.local/lib/python3.7/site-packages/airflow/example_dags/example_trigger_controller_dag.py for tasks to queue
[2024-06-04T23:50:11.544+0000] {logging_mixin.py:137} INFO - [2024-06-04T23:50:11.544+0000] {dagbag.py:538} INFO - Filling up the DagBag from /home/airflow/.local/lib/python3.7/site-packages/airflow/example_dags/example_trigger_controller_dag.py
[2024-06-04T23:50:11.556+0000] {processor.py:753} INFO - DAG(s) dict_keys(['example_trigger_controller_dag']) retrieved from /home/airflow/.local/lib/python3.7/site-packages/airflow/example_dags/example_trigger_controller_dag.py
[2024-06-04T23:50:11.586+0000] {logging_mixin.py:137} INFO - [2024-06-04T23:50:11.586+0000] {dag.py:2690} INFO - Sync 1 DAGs
[2024-06-04T23:50:11.624+0000] {logging_mixin.py:137} INFO - [2024-06-04T23:50:11.624+0000] {dag.py:3441} INFO - Setting next_dagrun for example_trigger_controller_dag to None, run_after=None
[2024-06-04T23:50:11.647+0000] {processor.py:175} INFO - Processing /home/airflow/.local/lib/python3.7/site-packages/airflow/example_dags/example_trigger_controller_dag.py took 0.107 seconds
[2024-06-04T23:50:41.882+0000] {processor.py:153} INFO - Started process (PID=6147) to work on /home/airflow/.local/lib/python3.7/site-packages/airflow/example_dags/example_trigger_controller_dag.py
[2024-06-04T23:50:41.883+0000] {processor.py:743} INFO - Processing file /home/airflow/.local/lib/python3.7/site-packages/airflow/example_dags/example_trigger_controller_dag.py for tasks to queue
[2024-06-04T23:50:41.883+0000] {logging_mixin.py:137} INFO - [2024-06-04T23:50:41.883+0000] {dagbag.py:538} INFO - Filling up the DagBag from /home/airflow/.local/lib/python3.7/site-packages/airflow/example_dags/example_trigger_controller_dag.py
[2024-06-04T23:50:41.892+0000] {processor.py:753} INFO - DAG(s) dict_keys(['example_trigger_controller_dag']) retrieved from /home/airflow/.local/lib/python3.7/site-packages/airflow/example_dags/example_trigger_controller_dag.py
[2024-06-04T23:50:41.911+0000] {logging_mixin.py:137} INFO - [2024-06-04T23:50:41.911+0000] {dag.py:2690} INFO - Sync 1 DAGs
[2024-06-04T23:50:41.930+0000] {logging_mixin.py:137} INFO - [2024-06-04T23:50:41.930+0000] {dag.py:3441} INFO - Setting next_dagrun for example_trigger_controller_dag to None, run_after=None
[2024-06-04T23:50:41.944+0000] {processor.py:175} INFO - Processing /home/airflow/.local/lib/python3.7/site-packages/airflow/example_dags/example_trigger_controller_dag.py took 0.065 seconds
[2024-06-04T23:51:12.428+0000] {processor.py:153} INFO - Started process (PID=6487) to work on /home/airflow/.local/lib/python3.7/site-packages/airflow/example_dags/example_trigger_controller_dag.py
[2024-06-04T23:51:12.428+0000] {processor.py:743} INFO - Processing file /home/airflow/.local/lib/python3.7/site-packages/airflow/example_dags/example_trigger_controller_dag.py for tasks to queue
[2024-06-04T23:51:12.429+0000] {logging_mixin.py:137} INFO - [2024-06-04T23:51:12.429+0000] {dagbag.py:538} INFO - Filling up the DagBag from /home/airflow/.local/lib/python3.7/site-packages/airflow/example_dags/example_trigger_controller_dag.py
[2024-06-04T23:51:12.441+0000] {processor.py:753} INFO - DAG(s) dict_keys(['example_trigger_controller_dag']) retrieved from /home/airflow/.local/lib/python3.7/site-packages/airflow/example_dags/example_trigger_controller_dag.py
[2024-06-04T23:51:12.469+0000] {logging_mixin.py:137} INFO - [2024-06-04T23:51:12.469+0000] {dag.py:2690} INFO - Sync 1 DAGs
[2024-06-04T23:51:12.507+0000] {logging_mixin.py:137} INFO - [2024-06-04T23:51:12.506+0000] {dag.py:3441} INFO - Setting next_dagrun for example_trigger_controller_dag to None, run_after=None
[2024-06-04T23:51:12.534+0000] {processor.py:175} INFO - Processing /home/airflow/.local/lib/python3.7/site-packages/airflow/example_dags/example_trigger_controller_dag.py took 0.109 seconds
[2024-06-04T23:51:42.832+0000] {processor.py:153} INFO - Started process (PID=6838) to work on /home/airflow/.local/lib/python3.7/site-packages/airflow/example_dags/example_trigger_controller_dag.py
[2024-06-04T23:51:42.832+0000] {processor.py:743} INFO - Processing file /home/airflow/.local/lib/python3.7/site-packages/airflow/example_dags/example_trigger_controller_dag.py for tasks to queue
[2024-06-04T23:51:42.833+0000] {logging_mixin.py:137} INFO - [2024-06-04T23:51:42.833+0000] {dagbag.py:538} INFO - Filling up the DagBag from /home/airflow/.local/lib/python3.7/site-packages/airflow/example_dags/example_trigger_controller_dag.py
[2024-06-04T23:51:42.841+0000] {processor.py:753} INFO - DAG(s) dict_keys(['example_trigger_controller_dag']) retrieved from /home/airflow/.local/lib/python3.7/site-packages/airflow/example_dags/example_trigger_controller_dag.py
[2024-06-04T23:51:42.863+0000] {logging_mixin.py:137} INFO - [2024-06-04T23:51:42.863+0000] {dag.py:2690} INFO - Sync 1 DAGs
[2024-06-04T23:51:42.882+0000] {logging_mixin.py:137} INFO - [2024-06-04T23:51:42.882+0000] {dag.py:3441} INFO - Setting next_dagrun for example_trigger_controller_dag to None, run_after=None
[2024-06-04T23:51:42.898+0000] {processor.py:175} INFO - Processing /home/airflow/.local/lib/python3.7/site-packages/airflow/example_dags/example_trigger_controller_dag.py took 0.068 seconds
[2024-06-04T23:52:12.999+0000] {processor.py:153} INFO - Started process (PID=7161) to work on /home/airflow/.local/lib/python3.7/site-packages/airflow/example_dags/example_trigger_controller_dag.py
[2024-06-04T23:52:13.000+0000] {processor.py:743} INFO - Processing file /home/airflow/.local/lib/python3.7/site-packages/airflow/example_dags/example_trigger_controller_dag.py for tasks to queue
[2024-06-04T23:52:13.000+0000] {logging_mixin.py:137} INFO - [2024-06-04T23:52:13.000+0000] {dagbag.py:538} INFO - Filling up the DagBag from /home/airflow/.local/lib/python3.7/site-packages/airflow/example_dags/example_trigger_controller_dag.py
[2024-06-04T23:52:13.010+0000] {processor.py:753} INFO - DAG(s) dict_keys(['example_trigger_controller_dag']) retrieved from /home/airflow/.local/lib/python3.7/site-packages/airflow/example_dags/example_trigger_controller_dag.py
[2024-06-04T23:52:13.038+0000] {logging_mixin.py:137} INFO - [2024-06-04T23:52:13.038+0000] {dag.py:2690} INFO - Sync 1 DAGs
[2024-06-04T23:52:13.069+0000] {logging_mixin.py:137} INFO - [2024-06-04T23:52:13.069+0000] {dag.py:3441} INFO - Setting next_dagrun for example_trigger_controller_dag to None, run_after=None
[2024-06-04T23:52:13.092+0000] {processor.py:175} INFO - Processing /home/airflow/.local/lib/python3.7/site-packages/airflow/example_dags/example_trigger_controller_dag.py took 0.097 seconds
[2024-06-04T23:52:43.278+0000] {processor.py:153} INFO - Started process (PID=7513) to work on /home/airflow/.local/lib/python3.7/site-packages/airflow/example_dags/example_trigger_controller_dag.py
[2024-06-04T23:52:43.279+0000] {processor.py:743} INFO - Processing file /home/airflow/.local/lib/python3.7/site-packages/airflow/example_dags/example_trigger_controller_dag.py for tasks to queue
[2024-06-04T23:52:43.280+0000] {logging_mixin.py:137} INFO - [2024-06-04T23:52:43.280+0000] {dagbag.py:538} INFO - Filling up the DagBag from /home/airflow/.local/lib/python3.7/site-packages/airflow/example_dags/example_trigger_controller_dag.py
[2024-06-04T23:52:43.293+0000] {processor.py:753} INFO - DAG(s) dict_keys(['example_trigger_controller_dag']) retrieved from /home/airflow/.local/lib/python3.7/site-packages/airflow/example_dags/example_trigger_controller_dag.py
[2024-06-04T23:52:43.327+0000] {logging_mixin.py:137} INFO - [2024-06-04T23:52:43.327+0000] {dag.py:2690} INFO - Sync 1 DAGs
[2024-06-04T23:52:43.356+0000] {logging_mixin.py:137} INFO - [2024-06-04T23:52:43.356+0000] {dag.py:3441} INFO - Setting next_dagrun for example_trigger_controller_dag to None, run_after=None
[2024-06-04T23:52:43.377+0000] {processor.py:175} INFO - Processing /home/airflow/.local/lib/python3.7/site-packages/airflow/example_dags/example_trigger_controller_dag.py took 0.103 seconds
[2024-06-04T23:53:13.660+0000] {processor.py:153} INFO - Started process (PID=7866) to work on /home/airflow/.local/lib/python3.7/site-packages/airflow/example_dags/example_trigger_controller_dag.py
[2024-06-04T23:53:13.661+0000] {processor.py:743} INFO - Processing file /home/airflow/.local/lib/python3.7/site-packages/airflow/example_dags/example_trigger_controller_dag.py for tasks to queue
[2024-06-04T23:53:13.662+0000] {logging_mixin.py:137} INFO - [2024-06-04T23:53:13.661+0000] {dagbag.py:538} INFO - Filling up the DagBag from /home/airflow/.local/lib/python3.7/site-packages/airflow/example_dags/example_trigger_controller_dag.py
[2024-06-04T23:53:13.676+0000] {processor.py:753} INFO - DAG(s) dict_keys(['example_trigger_controller_dag']) retrieved from /home/airflow/.local/lib/python3.7/site-packages/airflow/example_dags/example_trigger_controller_dag.py
[2024-06-04T23:53:13.714+0000] {logging_mixin.py:137} INFO - [2024-06-04T23:53:13.714+0000] {dag.py:2690} INFO - Sync 1 DAGs
[2024-06-04T23:53:13.751+0000] {logging_mixin.py:137} INFO - [2024-06-04T23:53:13.751+0000] {dag.py:3441} INFO - Setting next_dagrun for example_trigger_controller_dag to None, run_after=None
[2024-06-04T23:53:13.773+0000] {processor.py:175} INFO - Processing /home/airflow/.local/lib/python3.7/site-packages/airflow/example_dags/example_trigger_controller_dag.py took 0.117 seconds
[2024-06-04T23:53:44.420+0000] {processor.py:153} INFO - Started process (PID=8206) to work on /home/airflow/.local/lib/python3.7/site-packages/airflow/example_dags/example_trigger_controller_dag.py
[2024-06-04T23:53:44.421+0000] {processor.py:743} INFO - Processing file /home/airflow/.local/lib/python3.7/site-packages/airflow/example_dags/example_trigger_controller_dag.py for tasks to queue
[2024-06-04T23:53:44.422+0000] {logging_mixin.py:137} INFO - [2024-06-04T23:53:44.422+0000] {dagbag.py:538} INFO - Filling up the DagBag from /home/airflow/.local/lib/python3.7/site-packages/airflow/example_dags/example_trigger_controller_dag.py
[2024-06-04T23:53:44.437+0000] {processor.py:753} INFO - DAG(s) dict_keys(['example_trigger_controller_dag']) retrieved from /home/airflow/.local/lib/python3.7/site-packages/airflow/example_dags/example_trigger_controller_dag.py
[2024-06-04T23:53:44.469+0000] {logging_mixin.py:137} INFO - [2024-06-04T23:53:44.469+0000] {dag.py:2690} INFO - Sync 1 DAGs
[2024-06-04T23:53:44.499+0000] {logging_mixin.py:137} INFO - [2024-06-04T23:53:44.498+0000] {dag.py:3441} INFO - Setting next_dagrun for example_trigger_controller_dag to None, run_after=None
[2024-06-04T23:53:44.517+0000] {processor.py:175} INFO - Processing /home/airflow/.local/lib/python3.7/site-packages/airflow/example_dags/example_trigger_controller_dag.py took 0.101 seconds
[2024-06-04T23:54:14.977+0000] {processor.py:153} INFO - Started process (PID=8510) to work on /home/airflow/.local/lib/python3.7/site-packages/airflow/example_dags/example_trigger_controller_dag.py
[2024-06-04T23:54:14.978+0000] {processor.py:743} INFO - Processing file /home/airflow/.local/lib/python3.7/site-packages/airflow/example_dags/example_trigger_controller_dag.py for tasks to queue
[2024-06-04T23:54:14.978+0000] {logging_mixin.py:137} INFO - [2024-06-04T23:54:14.978+0000] {dagbag.py:538} INFO - Filling up the DagBag from /home/airflow/.local/lib/python3.7/site-packages/airflow/example_dags/example_trigger_controller_dag.py
[2024-06-04T23:54:14.990+0000] {processor.py:753} INFO - DAG(s) dict_keys(['example_trigger_controller_dag']) retrieved from /home/airflow/.local/lib/python3.7/site-packages/airflow/example_dags/example_trigger_controller_dag.py
[2024-06-04T23:54:15.021+0000] {logging_mixin.py:137} INFO - [2024-06-04T23:54:15.020+0000] {dag.py:2690} INFO - Sync 1 DAGs
[2024-06-04T23:54:15.053+0000] {logging_mixin.py:137} INFO - [2024-06-04T23:54:15.053+0000] {dag.py:3441} INFO - Setting next_dagrun for example_trigger_controller_dag to None, run_after=None
[2024-06-04T23:54:15.075+0000] {processor.py:175} INFO - Processing /home/airflow/.local/lib/python3.7/site-packages/airflow/example_dags/example_trigger_controller_dag.py took 0.103 seconds
[2024-06-04T23:54:45.332+0000] {processor.py:153} INFO - Started process (PID=8658) to work on /home/airflow/.local/lib/python3.7/site-packages/airflow/example_dags/example_trigger_controller_dag.py
[2024-06-04T23:54:45.332+0000] {processor.py:743} INFO - Processing file /home/airflow/.local/lib/python3.7/site-packages/airflow/example_dags/example_trigger_controller_dag.py for tasks to queue
[2024-06-04T23:54:45.333+0000] {logging_mixin.py:137} INFO - [2024-06-04T23:54:45.333+0000] {dagbag.py:538} INFO - Filling up the DagBag from /home/airflow/.local/lib/python3.7/site-packages/airflow/example_dags/example_trigger_controller_dag.py
[2024-06-04T23:54:45.341+0000] {processor.py:753} INFO - DAG(s) dict_keys(['example_trigger_controller_dag']) retrieved from /home/airflow/.local/lib/python3.7/site-packages/airflow/example_dags/example_trigger_controller_dag.py
[2024-06-04T23:54:45.360+0000] {logging_mixin.py:137} INFO - [2024-06-04T23:54:45.360+0000] {dag.py:2690} INFO - Sync 1 DAGs
[2024-06-04T23:54:45.378+0000] {logging_mixin.py:137} INFO - [2024-06-04T23:54:45.378+0000] {dag.py:3441} INFO - Setting next_dagrun for example_trigger_controller_dag to None, run_after=None
[2024-06-04T23:54:45.392+0000] {processor.py:175} INFO - Processing /home/airflow/.local/lib/python3.7/site-packages/airflow/example_dags/example_trigger_controller_dag.py took 0.063 seconds
[2024-06-04T23:55:15.465+0000] {processor.py:153} INFO - Started process (PID=8759) to work on /home/airflow/.local/lib/python3.7/site-packages/airflow/example_dags/example_trigger_controller_dag.py
[2024-06-04T23:55:15.466+0000] {processor.py:743} INFO - Processing file /home/airflow/.local/lib/python3.7/site-packages/airflow/example_dags/example_trigger_controller_dag.py for tasks to queue
[2024-06-04T23:55:15.467+0000] {logging_mixin.py:137} INFO - [2024-06-04T23:55:15.467+0000] {dagbag.py:538} INFO - Filling up the DagBag from /home/airflow/.local/lib/python3.7/site-packages/airflow/example_dags/example_trigger_controller_dag.py
[2024-06-04T23:55:15.474+0000] {processor.py:753} INFO - DAG(s) dict_keys(['example_trigger_controller_dag']) retrieved from /home/airflow/.local/lib/python3.7/site-packages/airflow/example_dags/example_trigger_controller_dag.py
[2024-06-04T23:55:15.493+0000] {logging_mixin.py:137} INFO - [2024-06-04T23:55:15.493+0000] {dag.py:2690} INFO - Sync 1 DAGs
[2024-06-04T23:55:15.513+0000] {logging_mixin.py:137} INFO - [2024-06-04T23:55:15.512+0000] {dag.py:3441} INFO - Setting next_dagrun for example_trigger_controller_dag to None, run_after=None
[2024-06-04T23:55:15.527+0000] {processor.py:175} INFO - Processing /home/airflow/.local/lib/python3.7/site-packages/airflow/example_dags/example_trigger_controller_dag.py took 0.064 seconds
[2024-06-04T23:55:46.476+0000] {processor.py:153} INFO - Started process (PID=8861) to work on /home/airflow/.local/lib/python3.7/site-packages/airflow/example_dags/example_trigger_controller_dag.py
[2024-06-04T23:55:46.477+0000] {processor.py:743} INFO - Processing file /home/airflow/.local/lib/python3.7/site-packages/airflow/example_dags/example_trigger_controller_dag.py for tasks to queue
[2024-06-04T23:55:46.477+0000] {logging_mixin.py:137} INFO - [2024-06-04T23:55:46.477+0000] {dagbag.py:538} INFO - Filling up the DagBag from /home/airflow/.local/lib/python3.7/site-packages/airflow/example_dags/example_trigger_controller_dag.py
[2024-06-04T23:55:46.485+0000] {processor.py:753} INFO - DAG(s) dict_keys(['example_trigger_controller_dag']) retrieved from /home/airflow/.local/lib/python3.7/site-packages/airflow/example_dags/example_trigger_controller_dag.py
[2024-06-04T23:55:46.503+0000] {logging_mixin.py:137} INFO - [2024-06-04T23:55:46.503+0000] {dag.py:2690} INFO - Sync 1 DAGs
[2024-06-04T23:55:46.520+0000] {logging_mixin.py:137} INFO - [2024-06-04T23:55:46.520+0000] {dag.py:3441} INFO - Setting next_dagrun for example_trigger_controller_dag to None, run_after=None
[2024-06-04T23:55:46.531+0000] {processor.py:175} INFO - Processing /home/airflow/.local/lib/python3.7/site-packages/airflow/example_dags/example_trigger_controller_dag.py took 0.058 seconds
[2024-06-04T23:56:17.216+0000] {processor.py:153} INFO - Started process (PID=8980) to work on /home/airflow/.local/lib/python3.7/site-packages/airflow/example_dags/example_trigger_controller_dag.py
[2024-06-04T23:56:17.217+0000] {processor.py:743} INFO - Processing file /home/airflow/.local/lib/python3.7/site-packages/airflow/example_dags/example_trigger_controller_dag.py for tasks to queue
[2024-06-04T23:56:17.217+0000] {logging_mixin.py:137} INFO - [2024-06-04T23:56:17.217+0000] {dagbag.py:538} INFO - Filling up the DagBag from /home/airflow/.local/lib/python3.7/site-packages/airflow/example_dags/example_trigger_controller_dag.py
[2024-06-04T23:56:17.225+0000] {processor.py:753} INFO - DAG(s) dict_keys(['example_trigger_controller_dag']) retrieved from /home/airflow/.local/lib/python3.7/site-packages/airflow/example_dags/example_trigger_controller_dag.py
[2024-06-04T23:56:17.244+0000] {logging_mixin.py:137} INFO - [2024-06-04T23:56:17.244+0000] {dag.py:2690} INFO - Sync 1 DAGs
[2024-06-04T23:56:17.261+0000] {logging_mixin.py:137} INFO - [2024-06-04T23:56:17.261+0000] {dag.py:3441} INFO - Setting next_dagrun for example_trigger_controller_dag to None, run_after=None
[2024-06-04T23:56:17.275+0000] {processor.py:175} INFO - Processing /home/airflow/.local/lib/python3.7/site-packages/airflow/example_dags/example_trigger_controller_dag.py took 0.061 seconds
[2024-06-04T23:56:47.417+0000] {processor.py:153} INFO - Started process (PID=9083) to work on /home/airflow/.local/lib/python3.7/site-packages/airflow/example_dags/example_trigger_controller_dag.py
[2024-06-04T23:56:47.418+0000] {processor.py:743} INFO - Processing file /home/airflow/.local/lib/python3.7/site-packages/airflow/example_dags/example_trigger_controller_dag.py for tasks to queue
[2024-06-04T23:56:47.418+0000] {logging_mixin.py:137} INFO - [2024-06-04T23:56:47.418+0000] {dagbag.py:538} INFO - Filling up the DagBag from /home/airflow/.local/lib/python3.7/site-packages/airflow/example_dags/example_trigger_controller_dag.py
[2024-06-04T23:56:47.426+0000] {processor.py:753} INFO - DAG(s) dict_keys(['example_trigger_controller_dag']) retrieved from /home/airflow/.local/lib/python3.7/site-packages/airflow/example_dags/example_trigger_controller_dag.py
[2024-06-04T23:56:47.445+0000] {logging_mixin.py:137} INFO - [2024-06-04T23:56:47.444+0000] {dag.py:2690} INFO - Sync 1 DAGs
[2024-06-04T23:56:47.462+0000] {logging_mixin.py:137} INFO - [2024-06-04T23:56:47.462+0000] {dag.py:3441} INFO - Setting next_dagrun for example_trigger_controller_dag to None, run_after=None
[2024-06-04T23:56:47.475+0000] {processor.py:175} INFO - Processing /home/airflow/.local/lib/python3.7/site-packages/airflow/example_dags/example_trigger_controller_dag.py took 0.060 seconds
[2024-06-04T23:57:17.561+0000] {processor.py:153} INFO - Started process (PID=9205) to work on /home/airflow/.local/lib/python3.7/site-packages/airflow/example_dags/example_trigger_controller_dag.py
[2024-06-04T23:57:17.562+0000] {processor.py:743} INFO - Processing file /home/airflow/.local/lib/python3.7/site-packages/airflow/example_dags/example_trigger_controller_dag.py for tasks to queue
[2024-06-04T23:57:17.562+0000] {logging_mixin.py:137} INFO - [2024-06-04T23:57:17.562+0000] {dagbag.py:538} INFO - Filling up the DagBag from /home/airflow/.local/lib/python3.7/site-packages/airflow/example_dags/example_trigger_controller_dag.py
[2024-06-04T23:57:17.571+0000] {processor.py:753} INFO - DAG(s) dict_keys(['example_trigger_controller_dag']) retrieved from /home/airflow/.local/lib/python3.7/site-packages/airflow/example_dags/example_trigger_controller_dag.py
[2024-06-04T23:57:17.594+0000] {logging_mixin.py:137} INFO - [2024-06-04T23:57:17.594+0000] {dag.py:2690} INFO - Sync 1 DAGs
[2024-06-04T23:57:17.613+0000] {logging_mixin.py:137} INFO - [2024-06-04T23:57:17.613+0000] {dag.py:3441} INFO - Setting next_dagrun for example_trigger_controller_dag to None, run_after=None
[2024-06-04T23:57:17.625+0000] {processor.py:175} INFO - Processing /home/airflow/.local/lib/python3.7/site-packages/airflow/example_dags/example_trigger_controller_dag.py took 0.066 seconds
[2024-06-04T23:57:47.672+0000] {processor.py:153} INFO - Started process (PID=9292) to work on /home/airflow/.local/lib/python3.7/site-packages/airflow/example_dags/example_trigger_controller_dag.py
[2024-06-04T23:57:47.673+0000] {processor.py:743} INFO - Processing file /home/airflow/.local/lib/python3.7/site-packages/airflow/example_dags/example_trigger_controller_dag.py for tasks to queue
[2024-06-04T23:57:47.673+0000] {logging_mixin.py:137} INFO - [2024-06-04T23:57:47.673+0000] {dagbag.py:538} INFO - Filling up the DagBag from /home/airflow/.local/lib/python3.7/site-packages/airflow/example_dags/example_trigger_controller_dag.py
[2024-06-04T23:57:47.682+0000] {processor.py:753} INFO - DAG(s) dict_keys(['example_trigger_controller_dag']) retrieved from /home/airflow/.local/lib/python3.7/site-packages/airflow/example_dags/example_trigger_controller_dag.py
[2024-06-04T23:57:47.701+0000] {logging_mixin.py:137} INFO - [2024-06-04T23:57:47.701+0000] {dag.py:2690} INFO - Sync 1 DAGs
[2024-06-04T23:57:47.721+0000] {logging_mixin.py:137} INFO - [2024-06-04T23:57:47.720+0000] {dag.py:3441} INFO - Setting next_dagrun for example_trigger_controller_dag to None, run_after=None
[2024-06-04T23:57:47.734+0000] {processor.py:175} INFO - Processing /home/airflow/.local/lib/python3.7/site-packages/airflow/example_dags/example_trigger_controller_dag.py took 0.065 seconds
[2024-06-04T23:58:17.825+0000] {processor.py:153} INFO - Started process (PID=9412) to work on /home/airflow/.local/lib/python3.7/site-packages/airflow/example_dags/example_trigger_controller_dag.py
[2024-06-04T23:58:17.825+0000] {processor.py:743} INFO - Processing file /home/airflow/.local/lib/python3.7/site-packages/airflow/example_dags/example_trigger_controller_dag.py for tasks to queue
[2024-06-04T23:58:17.826+0000] {logging_mixin.py:137} INFO - [2024-06-04T23:58:17.826+0000] {dagbag.py:538} INFO - Filling up the DagBag from /home/airflow/.local/lib/python3.7/site-packages/airflow/example_dags/example_trigger_controller_dag.py
[2024-06-04T23:58:17.834+0000] {processor.py:753} INFO - DAG(s) dict_keys(['example_trigger_controller_dag']) retrieved from /home/airflow/.local/lib/python3.7/site-packages/airflow/example_dags/example_trigger_controller_dag.py
[2024-06-04T23:58:17.852+0000] {logging_mixin.py:137} INFO - [2024-06-04T23:58:17.852+0000] {dag.py:2690} INFO - Sync 1 DAGs
[2024-06-04T23:58:17.870+0000] {logging_mixin.py:137} INFO - [2024-06-04T23:58:17.870+0000] {dag.py:3441} INFO - Setting next_dagrun for example_trigger_controller_dag to None, run_after=None
[2024-06-04T23:58:17.883+0000] {processor.py:175} INFO - Processing /home/airflow/.local/lib/python3.7/site-packages/airflow/example_dags/example_trigger_controller_dag.py took 0.060 seconds
[2024-06-04T23:58:47.926+0000] {processor.py:153} INFO - Started process (PID=9508) to work on /home/airflow/.local/lib/python3.7/site-packages/airflow/example_dags/example_trigger_controller_dag.py
[2024-06-04T23:58:47.926+0000] {processor.py:743} INFO - Processing file /home/airflow/.local/lib/python3.7/site-packages/airflow/example_dags/example_trigger_controller_dag.py for tasks to queue
[2024-06-04T23:58:47.927+0000] {logging_mixin.py:137} INFO - [2024-06-04T23:58:47.927+0000] {dagbag.py:538} INFO - Filling up the DagBag from /home/airflow/.local/lib/python3.7/site-packages/airflow/example_dags/example_trigger_controller_dag.py
[2024-06-04T23:58:47.935+0000] {processor.py:753} INFO - DAG(s) dict_keys(['example_trigger_controller_dag']) retrieved from /home/airflow/.local/lib/python3.7/site-packages/airflow/example_dags/example_trigger_controller_dag.py
[2024-06-04T23:58:47.955+0000] {logging_mixin.py:137} INFO - [2024-06-04T23:58:47.955+0000] {dag.py:2690} INFO - Sync 1 DAGs
[2024-06-04T23:58:47.974+0000] {logging_mixin.py:137} INFO - [2024-06-04T23:58:47.974+0000] {dag.py:3441} INFO - Setting next_dagrun for example_trigger_controller_dag to None, run_after=None
[2024-06-04T23:58:47.987+0000] {processor.py:175} INFO - Processing /home/airflow/.local/lib/python3.7/site-packages/airflow/example_dags/example_trigger_controller_dag.py took 0.064 seconds
[2024-06-04T23:59:18.934+0000] {processor.py:153} INFO - Started process (PID=9615) to work on /home/airflow/.local/lib/python3.7/site-packages/airflow/example_dags/example_trigger_controller_dag.py
[2024-06-04T23:59:18.935+0000] {processor.py:743} INFO - Processing file /home/airflow/.local/lib/python3.7/site-packages/airflow/example_dags/example_trigger_controller_dag.py for tasks to queue
[2024-06-04T23:59:18.935+0000] {logging_mixin.py:137} INFO - [2024-06-04T23:59:18.935+0000] {dagbag.py:538} INFO - Filling up the DagBag from /home/airflow/.local/lib/python3.7/site-packages/airflow/example_dags/example_trigger_controller_dag.py
[2024-06-04T23:59:18.943+0000] {processor.py:753} INFO - DAG(s) dict_keys(['example_trigger_controller_dag']) retrieved from /home/airflow/.local/lib/python3.7/site-packages/airflow/example_dags/example_trigger_controller_dag.py
[2024-06-04T23:59:18.961+0000] {logging_mixin.py:137} INFO - [2024-06-04T23:59:18.960+0000] {dag.py:2690} INFO - Sync 1 DAGs
[2024-06-04T23:59:18.977+0000] {logging_mixin.py:137} INFO - [2024-06-04T23:59:18.977+0000] {dag.py:3441} INFO - Setting next_dagrun for example_trigger_controller_dag to None, run_after=None
[2024-06-04T23:59:18.988+0000] {processor.py:175} INFO - Processing /home/airflow/.local/lib/python3.7/site-packages/airflow/example_dags/example_trigger_controller_dag.py took 0.056 seconds
[2024-06-04T23:59:49.728+0000] {processor.py:153} INFO - Started process (PID=9726) to work on /home/airflow/.local/lib/python3.7/site-packages/airflow/example_dags/example_trigger_controller_dag.py
[2024-06-04T23:59:49.729+0000] {processor.py:743} INFO - Processing file /home/airflow/.local/lib/python3.7/site-packages/airflow/example_dags/example_trigger_controller_dag.py for tasks to queue
[2024-06-04T23:59:49.729+0000] {logging_mixin.py:137} INFO - [2024-06-04T23:59:49.729+0000] {dagbag.py:538} INFO - Filling up the DagBag from /home/airflow/.local/lib/python3.7/site-packages/airflow/example_dags/example_trigger_controller_dag.py
[2024-06-04T23:59:49.738+0000] {processor.py:753} INFO - DAG(s) dict_keys(['example_trigger_controller_dag']) retrieved from /home/airflow/.local/lib/python3.7/site-packages/airflow/example_dags/example_trigger_controller_dag.py
[2024-06-04T23:59:49.756+0000] {logging_mixin.py:137} INFO - [2024-06-04T23:59:49.756+0000] {dag.py:2690} INFO - Sync 1 DAGs
[2024-06-04T23:59:49.774+0000] {logging_mixin.py:137} INFO - [2024-06-04T23:59:49.774+0000] {dag.py:3441} INFO - Setting next_dagrun for example_trigger_controller_dag to None, run_after=None
[2024-06-04T23:59:49.788+0000] {processor.py:175} INFO - Processing /home/airflow/.local/lib/python3.7/site-packages/airflow/example_dags/example_trigger_controller_dag.py took 0.062 seconds
