[2024-06-04T23:37:27.896+0000] {processor.py:153} INFO - Started process (PID=75) to work on /home/airflow/.local/lib/python3.7/site-packages/airflow/example_dags/example_local_kubernetes_executor.py
[2024-06-04T23:37:27.896+0000] {processor.py:743} INFO - Processing file /home/airflow/.local/lib/python3.7/site-packages/airflow/example_dags/example_local_kubernetes_executor.py for tasks to queue
[2024-06-04T23:37:27.897+0000] {logging_mixin.py:137} INFO - [2024-06-04T23:37:27.896+0000] {dagbag.py:538} INFO - Filling up the DagBag from /home/airflow/.local/lib/python3.7/site-packages/airflow/example_dags/example_local_kubernetes_executor.py
[2024-06-04T23:37:27.916+0000] {processor.py:753} INFO - DAG(s) dict_keys(['example_local_kubernetes_executor']) retrieved from /home/airflow/.local/lib/python3.7/site-packages/airflow/example_dags/example_local_kubernetes_executor.py
[2024-06-04T23:37:28.000+0000] {logging_mixin.py:137} INFO - [2024-06-04T23:37:28.000+0000] {manager.py:504} INFO - Created Permission View: can edit on DAG:example_local_kubernetes_executor
[2024-06-04T23:37:28.008+0000] {logging_mixin.py:137} INFO - [2024-06-04T23:37:28.007+0000] {manager.py:504} INFO - Created Permission View: can read on DAG:example_local_kubernetes_executor
[2024-06-04T23:37:28.013+0000] {logging_mixin.py:137} INFO - [2024-06-04T23:37:28.013+0000] {manager.py:504} INFO - Created Permission View: can delete on DAG:example_local_kubernetes_executor
[2024-06-04T23:37:28.013+0000] {logging_mixin.py:137} INFO - [2024-06-04T23:37:28.013+0000] {dag.py:2690} INFO - Sync 1 DAGs
[2024-06-04T23:37:28.023+0000] {logging_mixin.py:137} INFO - [2024-06-04T23:37:28.023+0000] {dag.py:2711} INFO - Creating ORM DAG for example_local_kubernetes_executor
[2024-06-04T23:37:28.032+0000] {logging_mixin.py:137} INFO - [2024-06-04T23:37:28.032+0000] {dag.py:3441} INFO - Setting next_dagrun for example_local_kubernetes_executor to None, run_after=None
[2024-06-04T23:37:28.051+0000] {processor.py:175} INFO - Processing /home/airflow/.local/lib/python3.7/site-packages/airflow/example_dags/example_local_kubernetes_executor.py took 0.157 seconds
[2024-06-04T23:37:58.100+0000] {processor.py:153} INFO - Started process (PID=186) to work on /home/airflow/.local/lib/python3.7/site-packages/airflow/example_dags/example_local_kubernetes_executor.py
[2024-06-04T23:37:58.100+0000] {processor.py:743} INFO - Processing file /home/airflow/.local/lib/python3.7/site-packages/airflow/example_dags/example_local_kubernetes_executor.py for tasks to queue
[2024-06-04T23:37:58.101+0000] {logging_mixin.py:137} INFO - [2024-06-04T23:37:58.101+0000] {dagbag.py:538} INFO - Filling up the DagBag from /home/airflow/.local/lib/python3.7/site-packages/airflow/example_dags/example_local_kubernetes_executor.py
[2024-06-04T23:37:58.117+0000] {processor.py:753} INFO - DAG(s) dict_keys(['example_local_kubernetes_executor']) retrieved from /home/airflow/.local/lib/python3.7/site-packages/airflow/example_dags/example_local_kubernetes_executor.py
[2024-06-04T23:37:58.136+0000] {logging_mixin.py:137} INFO - [2024-06-04T23:37:58.136+0000] {dag.py:2690} INFO - Sync 1 DAGs
[2024-06-04T23:37:58.152+0000] {logging_mixin.py:137} INFO - [2024-06-04T23:37:58.152+0000] {dag.py:3441} INFO - Setting next_dagrun for example_local_kubernetes_executor to None, run_after=None
[2024-06-04T23:37:58.164+0000] {processor.py:175} INFO - Processing /home/airflow/.local/lib/python3.7/site-packages/airflow/example_dags/example_local_kubernetes_executor.py took 0.066 seconds
[2024-06-04T23:38:29.033+0000] {processor.py:153} INFO - Started process (PID=297) to work on /home/airflow/.local/lib/python3.7/site-packages/airflow/example_dags/example_local_kubernetes_executor.py
[2024-06-04T23:38:29.033+0000] {processor.py:743} INFO - Processing file /home/airflow/.local/lib/python3.7/site-packages/airflow/example_dags/example_local_kubernetes_executor.py for tasks to queue
[2024-06-04T23:38:29.034+0000] {logging_mixin.py:137} INFO - [2024-06-04T23:38:29.034+0000] {dagbag.py:538} INFO - Filling up the DagBag from /home/airflow/.local/lib/python3.7/site-packages/airflow/example_dags/example_local_kubernetes_executor.py
[2024-06-04T23:38:29.052+0000] {processor.py:753} INFO - DAG(s) dict_keys(['example_local_kubernetes_executor']) retrieved from /home/airflow/.local/lib/python3.7/site-packages/airflow/example_dags/example_local_kubernetes_executor.py
[2024-06-04T23:38:29.074+0000] {logging_mixin.py:137} INFO - [2024-06-04T23:38:29.074+0000] {dag.py:2690} INFO - Sync 1 DAGs
[2024-06-04T23:38:29.093+0000] {logging_mixin.py:137} INFO - [2024-06-04T23:38:29.093+0000] {dag.py:3441} INFO - Setting next_dagrun for example_local_kubernetes_executor to None, run_after=None
[2024-06-04T23:38:29.106+0000] {processor.py:175} INFO - Processing /home/airflow/.local/lib/python3.7/site-packages/airflow/example_dags/example_local_kubernetes_executor.py took 0.076 seconds
[2024-06-04T23:38:59.793+0000] {processor.py:153} INFO - Started process (PID=384) to work on /home/airflow/.local/lib/python3.7/site-packages/airflow/example_dags/example_local_kubernetes_executor.py
[2024-06-04T23:38:59.793+0000] {processor.py:743} INFO - Processing file /home/airflow/.local/lib/python3.7/site-packages/airflow/example_dags/example_local_kubernetes_executor.py for tasks to queue
[2024-06-04T23:38:59.794+0000] {logging_mixin.py:137} INFO - [2024-06-04T23:38:59.794+0000] {dagbag.py:538} INFO - Filling up the DagBag from /home/airflow/.local/lib/python3.7/site-packages/airflow/example_dags/example_local_kubernetes_executor.py
[2024-06-04T23:38:59.811+0000] {processor.py:753} INFO - DAG(s) dict_keys(['example_local_kubernetes_executor']) retrieved from /home/airflow/.local/lib/python3.7/site-packages/airflow/example_dags/example_local_kubernetes_executor.py
[2024-06-04T23:38:59.831+0000] {logging_mixin.py:137} INFO - [2024-06-04T23:38:59.831+0000] {dag.py:2690} INFO - Sync 1 DAGs
[2024-06-04T23:38:59.848+0000] {logging_mixin.py:137} INFO - [2024-06-04T23:38:59.848+0000] {dag.py:3441} INFO - Setting next_dagrun for example_local_kubernetes_executor to None, run_after=None
[2024-06-04T23:38:59.859+0000] {processor.py:175} INFO - Processing /home/airflow/.local/lib/python3.7/site-packages/airflow/example_dags/example_local_kubernetes_executor.py took 0.069 seconds
[2024-06-04T23:39:30.488+0000] {processor.py:153} INFO - Started process (PID=495) to work on /home/airflow/.local/lib/python3.7/site-packages/airflow/example_dags/example_local_kubernetes_executor.py
[2024-06-04T23:39:30.489+0000] {processor.py:743} INFO - Processing file /home/airflow/.local/lib/python3.7/site-packages/airflow/example_dags/example_local_kubernetes_executor.py for tasks to queue
[2024-06-04T23:39:30.489+0000] {logging_mixin.py:137} INFO - [2024-06-04T23:39:30.489+0000] {dagbag.py:538} INFO - Filling up the DagBag from /home/airflow/.local/lib/python3.7/site-packages/airflow/example_dags/example_local_kubernetes_executor.py
[2024-06-04T23:39:30.505+0000] {processor.py:753} INFO - DAG(s) dict_keys(['example_local_kubernetes_executor']) retrieved from /home/airflow/.local/lib/python3.7/site-packages/airflow/example_dags/example_local_kubernetes_executor.py
[2024-06-04T23:39:30.525+0000] {logging_mixin.py:137} INFO - [2024-06-04T23:39:30.525+0000] {dag.py:2690} INFO - Sync 1 DAGs
[2024-06-04T23:39:30.543+0000] {logging_mixin.py:137} INFO - [2024-06-04T23:39:30.543+0000] {dag.py:3441} INFO - Setting next_dagrun for example_local_kubernetes_executor to None, run_after=None
[2024-06-04T23:39:30.556+0000] {processor.py:175} INFO - Processing /home/airflow/.local/lib/python3.7/site-packages/airflow/example_dags/example_local_kubernetes_executor.py took 0.071 seconds
[2024-06-04T23:40:01.196+0000] {processor.py:153} INFO - Started process (PID=582) to work on /home/airflow/.local/lib/python3.7/site-packages/airflow/example_dags/example_local_kubernetes_executor.py
[2024-06-04T23:40:01.196+0000] {processor.py:743} INFO - Processing file /home/airflow/.local/lib/python3.7/site-packages/airflow/example_dags/example_local_kubernetes_executor.py for tasks to queue
[2024-06-04T23:40:01.196+0000] {logging_mixin.py:137} INFO - [2024-06-04T23:40:01.196+0000] {dagbag.py:538} INFO - Filling up the DagBag from /home/airflow/.local/lib/python3.7/site-packages/airflow/example_dags/example_local_kubernetes_executor.py
[2024-06-04T23:40:01.212+0000] {processor.py:753} INFO - DAG(s) dict_keys(['example_local_kubernetes_executor']) retrieved from /home/airflow/.local/lib/python3.7/site-packages/airflow/example_dags/example_local_kubernetes_executor.py
[2024-06-04T23:40:01.232+0000] {logging_mixin.py:137} INFO - [2024-06-04T23:40:01.231+0000] {dag.py:2690} INFO - Sync 1 DAGs
[2024-06-04T23:40:01.249+0000] {logging_mixin.py:137} INFO - [2024-06-04T23:40:01.249+0000] {dag.py:3441} INFO - Setting next_dagrun for example_local_kubernetes_executor to None, run_after=None
[2024-06-04T23:40:01.260+0000] {processor.py:175} INFO - Processing /home/airflow/.local/lib/python3.7/site-packages/airflow/example_dags/example_local_kubernetes_executor.py took 0.067 seconds
[2024-06-04T23:40:31.885+0000] {processor.py:153} INFO - Started process (PID=693) to work on /home/airflow/.local/lib/python3.7/site-packages/airflow/example_dags/example_local_kubernetes_executor.py
[2024-06-04T23:40:31.886+0000] {processor.py:743} INFO - Processing file /home/airflow/.local/lib/python3.7/site-packages/airflow/example_dags/example_local_kubernetes_executor.py for tasks to queue
[2024-06-04T23:40:31.886+0000] {logging_mixin.py:137} INFO - [2024-06-04T23:40:31.886+0000] {dagbag.py:538} INFO - Filling up the DagBag from /home/airflow/.local/lib/python3.7/site-packages/airflow/example_dags/example_local_kubernetes_executor.py
[2024-06-04T23:40:31.902+0000] {processor.py:753} INFO - DAG(s) dict_keys(['example_local_kubernetes_executor']) retrieved from /home/airflow/.local/lib/python3.7/site-packages/airflow/example_dags/example_local_kubernetes_executor.py
[2024-06-04T23:40:31.922+0000] {logging_mixin.py:137} INFO - [2024-06-04T23:40:31.922+0000] {dag.py:2690} INFO - Sync 1 DAGs
[2024-06-04T23:40:31.939+0000] {logging_mixin.py:137} INFO - [2024-06-04T23:40:31.939+0000] {dag.py:3441} INFO - Setting next_dagrun for example_local_kubernetes_executor to None, run_after=None
[2024-06-04T23:40:31.951+0000] {processor.py:175} INFO - Processing /home/airflow/.local/lib/python3.7/site-packages/airflow/example_dags/example_local_kubernetes_executor.py took 0.068 seconds
[2024-06-04T23:41:02.619+0000] {processor.py:153} INFO - Started process (PID=804) to work on /home/airflow/.local/lib/python3.7/site-packages/airflow/example_dags/example_local_kubernetes_executor.py
[2024-06-04T23:41:02.620+0000] {processor.py:743} INFO - Processing file /home/airflow/.local/lib/python3.7/site-packages/airflow/example_dags/example_local_kubernetes_executor.py for tasks to queue
[2024-06-04T23:41:02.620+0000] {logging_mixin.py:137} INFO - [2024-06-04T23:41:02.620+0000] {dagbag.py:538} INFO - Filling up the DagBag from /home/airflow/.local/lib/python3.7/site-packages/airflow/example_dags/example_local_kubernetes_executor.py
[2024-06-04T23:41:02.636+0000] {processor.py:753} INFO - DAG(s) dict_keys(['example_local_kubernetes_executor']) retrieved from /home/airflow/.local/lib/python3.7/site-packages/airflow/example_dags/example_local_kubernetes_executor.py
[2024-06-04T23:41:02.656+0000] {logging_mixin.py:137} INFO - [2024-06-04T23:41:02.655+0000] {dag.py:2690} INFO - Sync 1 DAGs
[2024-06-04T23:41:02.672+0000] {logging_mixin.py:137} INFO - [2024-06-04T23:41:02.672+0000] {dag.py:3441} INFO - Setting next_dagrun for example_local_kubernetes_executor to None, run_after=None
[2024-06-04T23:41:02.685+0000] {processor.py:175} INFO - Processing /home/airflow/.local/lib/python3.7/site-packages/airflow/example_dags/example_local_kubernetes_executor.py took 0.068 seconds
[2024-06-04T23:41:33.315+0000] {processor.py:153} INFO - Started process (PID=891) to work on /home/airflow/.local/lib/python3.7/site-packages/airflow/example_dags/example_local_kubernetes_executor.py
[2024-06-04T23:41:33.316+0000] {processor.py:743} INFO - Processing file /home/airflow/.local/lib/python3.7/site-packages/airflow/example_dags/example_local_kubernetes_executor.py for tasks to queue
[2024-06-04T23:41:33.316+0000] {logging_mixin.py:137} INFO - [2024-06-04T23:41:33.316+0000] {dagbag.py:538} INFO - Filling up the DagBag from /home/airflow/.local/lib/python3.7/site-packages/airflow/example_dags/example_local_kubernetes_executor.py
[2024-06-04T23:41:33.332+0000] {processor.py:753} INFO - DAG(s) dict_keys(['example_local_kubernetes_executor']) retrieved from /home/airflow/.local/lib/python3.7/site-packages/airflow/example_dags/example_local_kubernetes_executor.py
[2024-06-04T23:41:33.352+0000] {logging_mixin.py:137} INFO - [2024-06-04T23:41:33.352+0000] {dag.py:2690} INFO - Sync 1 DAGs
[2024-06-04T23:41:33.368+0000] {logging_mixin.py:137} INFO - [2024-06-04T23:41:33.368+0000] {dag.py:3441} INFO - Setting next_dagrun for example_local_kubernetes_executor to None, run_after=None
[2024-06-04T23:41:33.381+0000] {processor.py:175} INFO - Processing /home/airflow/.local/lib/python3.7/site-packages/airflow/example_dags/example_local_kubernetes_executor.py took 0.068 seconds
[2024-06-04T23:42:04.267+0000] {processor.py:153} INFO - Started process (PID=1002) to work on /home/airflow/.local/lib/python3.7/site-packages/airflow/example_dags/example_local_kubernetes_executor.py
[2024-06-04T23:42:04.267+0000] {processor.py:743} INFO - Processing file /home/airflow/.local/lib/python3.7/site-packages/airflow/example_dags/example_local_kubernetes_executor.py for tasks to queue
[2024-06-04T23:42:04.268+0000] {logging_mixin.py:137} INFO - [2024-06-04T23:42:04.267+0000] {dagbag.py:538} INFO - Filling up the DagBag from /home/airflow/.local/lib/python3.7/site-packages/airflow/example_dags/example_local_kubernetes_executor.py
[2024-06-04T23:42:04.283+0000] {processor.py:753} INFO - DAG(s) dict_keys(['example_local_kubernetes_executor']) retrieved from /home/airflow/.local/lib/python3.7/site-packages/airflow/example_dags/example_local_kubernetes_executor.py
[2024-06-04T23:42:04.303+0000] {logging_mixin.py:137} INFO - [2024-06-04T23:42:04.303+0000] {dag.py:2690} INFO - Sync 1 DAGs
[2024-06-04T23:42:04.320+0000] {logging_mixin.py:137} INFO - [2024-06-04T23:42:04.320+0000] {dag.py:3441} INFO - Setting next_dagrun for example_local_kubernetes_executor to None, run_after=None
[2024-06-04T23:42:04.332+0000] {processor.py:175} INFO - Processing /home/airflow/.local/lib/python3.7/site-packages/airflow/example_dags/example_local_kubernetes_executor.py took 0.068 seconds
[2024-06-04T23:42:34.373+0000] {processor.py:153} INFO - Started process (PID=1098) to work on /home/airflow/.local/lib/python3.7/site-packages/airflow/example_dags/example_local_kubernetes_executor.py
[2024-06-04T23:42:34.373+0000] {processor.py:743} INFO - Processing file /home/airflow/.local/lib/python3.7/site-packages/airflow/example_dags/example_local_kubernetes_executor.py for tasks to queue
[2024-06-04T23:42:34.374+0000] {logging_mixin.py:137} INFO - [2024-06-04T23:42:34.374+0000] {dagbag.py:538} INFO - Filling up the DagBag from /home/airflow/.local/lib/python3.7/site-packages/airflow/example_dags/example_local_kubernetes_executor.py
[2024-06-04T23:42:34.392+0000] {processor.py:753} INFO - DAG(s) dict_keys(['example_local_kubernetes_executor']) retrieved from /home/airflow/.local/lib/python3.7/site-packages/airflow/example_dags/example_local_kubernetes_executor.py
[2024-06-04T23:42:34.421+0000] {logging_mixin.py:137} INFO - [2024-06-04T23:42:34.420+0000] {dag.py:2690} INFO - Sync 1 DAGs
[2024-06-04T23:42:34.446+0000] {logging_mixin.py:137} INFO - [2024-06-04T23:42:34.446+0000] {dag.py:3441} INFO - Setting next_dagrun for example_local_kubernetes_executor to None, run_after=None
[2024-06-04T23:42:34.467+0000] {processor.py:175} INFO - Processing /home/airflow/.local/lib/python3.7/site-packages/airflow/example_dags/example_local_kubernetes_executor.py took 0.097 seconds
[2024-06-04T23:43:05.157+0000] {processor.py:153} INFO - Started process (PID=1200) to work on /home/airflow/.local/lib/python3.7/site-packages/airflow/example_dags/example_local_kubernetes_executor.py
[2024-06-04T23:43:05.158+0000] {processor.py:743} INFO - Processing file /home/airflow/.local/lib/python3.7/site-packages/airflow/example_dags/example_local_kubernetes_executor.py for tasks to queue
[2024-06-04T23:43:05.158+0000] {logging_mixin.py:137} INFO - [2024-06-04T23:43:05.158+0000] {dagbag.py:538} INFO - Filling up the DagBag from /home/airflow/.local/lib/python3.7/site-packages/airflow/example_dags/example_local_kubernetes_executor.py
[2024-06-04T23:43:05.174+0000] {processor.py:753} INFO - DAG(s) dict_keys(['example_local_kubernetes_executor']) retrieved from /home/airflow/.local/lib/python3.7/site-packages/airflow/example_dags/example_local_kubernetes_executor.py
[2024-06-04T23:43:05.194+0000] {logging_mixin.py:137} INFO - [2024-06-04T23:43:05.194+0000] {dag.py:2690} INFO - Sync 1 DAGs
[2024-06-04T23:43:05.211+0000] {logging_mixin.py:137} INFO - [2024-06-04T23:43:05.211+0000] {dag.py:3441} INFO - Setting next_dagrun for example_local_kubernetes_executor to None, run_after=None
[2024-06-04T23:43:05.223+0000] {processor.py:175} INFO - Processing /home/airflow/.local/lib/python3.7/site-packages/airflow/example_dags/example_local_kubernetes_executor.py took 0.068 seconds
[2024-06-04T23:43:36.006+0000] {processor.py:153} INFO - Started process (PID=1311) to work on /home/airflow/.local/lib/python3.7/site-packages/airflow/example_dags/example_local_kubernetes_executor.py
[2024-06-04T23:43:36.007+0000] {processor.py:743} INFO - Processing file /home/airflow/.local/lib/python3.7/site-packages/airflow/example_dags/example_local_kubernetes_executor.py for tasks to queue
[2024-06-04T23:43:36.007+0000] {logging_mixin.py:137} INFO - [2024-06-04T23:43:36.007+0000] {dagbag.py:538} INFO - Filling up the DagBag from /home/airflow/.local/lib/python3.7/site-packages/airflow/example_dags/example_local_kubernetes_executor.py
[2024-06-04T23:43:36.024+0000] {processor.py:753} INFO - DAG(s) dict_keys(['example_local_kubernetes_executor']) retrieved from /home/airflow/.local/lib/python3.7/site-packages/airflow/example_dags/example_local_kubernetes_executor.py
[2024-06-04T23:43:36.045+0000] {logging_mixin.py:137} INFO - [2024-06-04T23:43:36.045+0000] {dag.py:2690} INFO - Sync 1 DAGs
[2024-06-04T23:43:36.063+0000] {logging_mixin.py:137} INFO - [2024-06-04T23:43:36.063+0000] {dag.py:3441} INFO - Setting next_dagrun for example_local_kubernetes_executor to None, run_after=None
[2024-06-04T23:43:36.075+0000] {processor.py:175} INFO - Processing /home/airflow/.local/lib/python3.7/site-packages/airflow/example_dags/example_local_kubernetes_executor.py took 0.071 seconds
[2024-06-04T23:44:07.949+0000] {processor.py:153} INFO - Started process (PID=1520) to work on /home/airflow/.local/lib/python3.7/site-packages/airflow/example_dags/example_local_kubernetes_executor.py
[2024-06-04T23:44:07.950+0000] {processor.py:743} INFO - Processing file /home/airflow/.local/lib/python3.7/site-packages/airflow/example_dags/example_local_kubernetes_executor.py for tasks to queue
[2024-06-04T23:44:07.950+0000] {logging_mixin.py:137} INFO - [2024-06-04T23:44:07.950+0000] {dagbag.py:538} INFO - Filling up the DagBag from /home/airflow/.local/lib/python3.7/site-packages/airflow/example_dags/example_local_kubernetes_executor.py
[2024-06-04T23:44:07.968+0000] {processor.py:753} INFO - DAG(s) dict_keys(['example_local_kubernetes_executor']) retrieved from /home/airflow/.local/lib/python3.7/site-packages/airflow/example_dags/example_local_kubernetes_executor.py
[2024-06-04T23:44:07.990+0000] {logging_mixin.py:137} INFO - [2024-06-04T23:44:07.990+0000] {dag.py:2690} INFO - Sync 1 DAGs
[2024-06-04T23:44:08.011+0000] {logging_mixin.py:137} INFO - [2024-06-04T23:44:08.011+0000] {dag.py:3441} INFO - Setting next_dagrun for example_local_kubernetes_executor to None, run_after=None
[2024-06-04T23:44:08.025+0000] {processor.py:175} INFO - Processing /home/airflow/.local/lib/python3.7/site-packages/airflow/example_dags/example_local_kubernetes_executor.py took 0.078 seconds
[2024-06-04T23:44:38.185+0000] {processor.py:153} INFO - Started process (PID=1883) to work on /home/airflow/.local/lib/python3.7/site-packages/airflow/example_dags/example_local_kubernetes_executor.py
[2024-06-04T23:44:38.185+0000] {processor.py:743} INFO - Processing file /home/airflow/.local/lib/python3.7/site-packages/airflow/example_dags/example_local_kubernetes_executor.py for tasks to queue
[2024-06-04T23:44:38.186+0000] {logging_mixin.py:137} INFO - [2024-06-04T23:44:38.186+0000] {dagbag.py:538} INFO - Filling up the DagBag from /home/airflow/.local/lib/python3.7/site-packages/airflow/example_dags/example_local_kubernetes_executor.py
[2024-06-04T23:44:38.202+0000] {processor.py:753} INFO - DAG(s) dict_keys(['example_local_kubernetes_executor']) retrieved from /home/airflow/.local/lib/python3.7/site-packages/airflow/example_dags/example_local_kubernetes_executor.py
[2024-06-04T23:44:38.221+0000] {logging_mixin.py:137} INFO - [2024-06-04T23:44:38.221+0000] {dag.py:2690} INFO - Sync 1 DAGs
[2024-06-04T23:44:38.238+0000] {logging_mixin.py:137} INFO - [2024-06-04T23:44:38.238+0000] {dag.py:3441} INFO - Setting next_dagrun for example_local_kubernetes_executor to None, run_after=None
[2024-06-04T23:44:38.250+0000] {processor.py:175} INFO - Processing /home/airflow/.local/lib/python3.7/site-packages/airflow/example_dags/example_local_kubernetes_executor.py took 0.068 seconds
[2024-06-04T23:45:08.919+0000] {processor.py:153} INFO - Started process (PID=2235) to work on /home/airflow/.local/lib/python3.7/site-packages/airflow/example_dags/example_local_kubernetes_executor.py
[2024-06-04T23:45:08.923+0000] {processor.py:743} INFO - Processing file /home/airflow/.local/lib/python3.7/site-packages/airflow/example_dags/example_local_kubernetes_executor.py for tasks to queue
[2024-06-04T23:45:08.924+0000] {logging_mixin.py:137} INFO - [2024-06-04T23:45:08.924+0000] {dagbag.py:538} INFO - Filling up the DagBag from /home/airflow/.local/lib/python3.7/site-packages/airflow/example_dags/example_local_kubernetes_executor.py
[2024-06-04T23:45:08.955+0000] {processor.py:753} INFO - DAG(s) dict_keys(['example_local_kubernetes_executor']) retrieved from /home/airflow/.local/lib/python3.7/site-packages/airflow/example_dags/example_local_kubernetes_executor.py
[2024-06-04T23:45:08.994+0000] {logging_mixin.py:137} INFO - [2024-06-04T23:45:08.993+0000] {dag.py:2690} INFO - Sync 1 DAGs
[2024-06-04T23:45:09.031+0000] {logging_mixin.py:137} INFO - [2024-06-04T23:45:09.030+0000] {dag.py:3441} INFO - Setting next_dagrun for example_local_kubernetes_executor to None, run_after=None
[2024-06-04T23:45:09.055+0000] {processor.py:175} INFO - Processing /home/airflow/.local/lib/python3.7/site-packages/airflow/example_dags/example_local_kubernetes_executor.py took 0.140 seconds
[2024-06-04T23:45:39.758+0000] {processor.py:153} INFO - Started process (PID=2568) to work on /home/airflow/.local/lib/python3.7/site-packages/airflow/example_dags/example_local_kubernetes_executor.py
[2024-06-04T23:45:39.758+0000] {processor.py:743} INFO - Processing file /home/airflow/.local/lib/python3.7/site-packages/airflow/example_dags/example_local_kubernetes_executor.py for tasks to queue
[2024-06-04T23:45:39.759+0000] {logging_mixin.py:137} INFO - [2024-06-04T23:45:39.759+0000] {dagbag.py:538} INFO - Filling up the DagBag from /home/airflow/.local/lib/python3.7/site-packages/airflow/example_dags/example_local_kubernetes_executor.py
[2024-06-04T23:45:39.777+0000] {processor.py:753} INFO - DAG(s) dict_keys(['example_local_kubernetes_executor']) retrieved from /home/airflow/.local/lib/python3.7/site-packages/airflow/example_dags/example_local_kubernetes_executor.py
[2024-06-04T23:45:39.810+0000] {logging_mixin.py:137} INFO - [2024-06-04T23:45:39.810+0000] {dag.py:2690} INFO - Sync 1 DAGs
[2024-06-04T23:45:39.837+0000] {logging_mixin.py:137} INFO - [2024-06-04T23:45:39.837+0000] {dag.py:3441} INFO - Setting next_dagrun for example_local_kubernetes_executor to None, run_after=None
[2024-06-04T23:45:39.856+0000] {processor.py:175} INFO - Processing /home/airflow/.local/lib/python3.7/site-packages/airflow/example_dags/example_local_kubernetes_executor.py took 0.100 seconds
[2024-06-04T23:46:10.305+0000] {processor.py:153} INFO - Started process (PID=2927) to work on /home/airflow/.local/lib/python3.7/site-packages/airflow/example_dags/example_local_kubernetes_executor.py
[2024-06-04T23:46:10.305+0000] {processor.py:743} INFO - Processing file /home/airflow/.local/lib/python3.7/site-packages/airflow/example_dags/example_local_kubernetes_executor.py for tasks to queue
[2024-06-04T23:46:10.306+0000] {logging_mixin.py:137} INFO - [2024-06-04T23:46:10.306+0000] {dagbag.py:538} INFO - Filling up the DagBag from /home/airflow/.local/lib/python3.7/site-packages/airflow/example_dags/example_local_kubernetes_executor.py
[2024-06-04T23:46:10.326+0000] {processor.py:753} INFO - DAG(s) dict_keys(['example_local_kubernetes_executor']) retrieved from /home/airflow/.local/lib/python3.7/site-packages/airflow/example_dags/example_local_kubernetes_executor.py
[2024-06-04T23:46:10.351+0000] {logging_mixin.py:137} INFO - [2024-06-04T23:46:10.351+0000] {dag.py:2690} INFO - Sync 1 DAGs
[2024-06-04T23:46:10.374+0000] {logging_mixin.py:137} INFO - [2024-06-04T23:46:10.374+0000] {dag.py:3441} INFO - Setting next_dagrun for example_local_kubernetes_executor to None, run_after=None
[2024-06-04T23:46:10.395+0000] {processor.py:175} INFO - Processing /home/airflow/.local/lib/python3.7/site-packages/airflow/example_dags/example_local_kubernetes_executor.py took 0.093 seconds
[2024-06-04T23:46:40.883+0000] {processor.py:153} INFO - Started process (PID=3272) to work on /home/airflow/.local/lib/python3.7/site-packages/airflow/example_dags/example_local_kubernetes_executor.py
[2024-06-04T23:46:40.883+0000] {processor.py:743} INFO - Processing file /home/airflow/.local/lib/python3.7/site-packages/airflow/example_dags/example_local_kubernetes_executor.py for tasks to queue
[2024-06-04T23:46:40.884+0000] {logging_mixin.py:137} INFO - [2024-06-04T23:46:40.884+0000] {dagbag.py:538} INFO - Filling up the DagBag from /home/airflow/.local/lib/python3.7/site-packages/airflow/example_dags/example_local_kubernetes_executor.py
[2024-06-04T23:46:40.902+0000] {processor.py:753} INFO - DAG(s) dict_keys(['example_local_kubernetes_executor']) retrieved from /home/airflow/.local/lib/python3.7/site-packages/airflow/example_dags/example_local_kubernetes_executor.py
[2024-06-04T23:46:40.926+0000] {logging_mixin.py:137} INFO - [2024-06-04T23:46:40.925+0000] {dag.py:2690} INFO - Sync 1 DAGs
[2024-06-04T23:46:40.949+0000] {logging_mixin.py:137} INFO - [2024-06-04T23:46:40.949+0000] {dag.py:3441} INFO - Setting next_dagrun for example_local_kubernetes_executor to None, run_after=None
[2024-06-04T23:46:40.967+0000] {processor.py:175} INFO - Processing /home/airflow/.local/lib/python3.7/site-packages/airflow/example_dags/example_local_kubernetes_executor.py took 0.087 seconds
[2024-06-04T23:47:11.207+0000] {processor.py:153} INFO - Started process (PID=3612) to work on /home/airflow/.local/lib/python3.7/site-packages/airflow/example_dags/example_local_kubernetes_executor.py
[2024-06-04T23:47:11.208+0000] {processor.py:743} INFO - Processing file /home/airflow/.local/lib/python3.7/site-packages/airflow/example_dags/example_local_kubernetes_executor.py for tasks to queue
[2024-06-04T23:47:11.208+0000] {logging_mixin.py:137} INFO - [2024-06-04T23:47:11.208+0000] {dagbag.py:538} INFO - Filling up the DagBag from /home/airflow/.local/lib/python3.7/site-packages/airflow/example_dags/example_local_kubernetes_executor.py
[2024-06-04T23:47:11.225+0000] {processor.py:753} INFO - DAG(s) dict_keys(['example_local_kubernetes_executor']) retrieved from /home/airflow/.local/lib/python3.7/site-packages/airflow/example_dags/example_local_kubernetes_executor.py
[2024-06-04T23:47:11.246+0000] {logging_mixin.py:137} INFO - [2024-06-04T23:47:11.245+0000] {dag.py:2690} INFO - Sync 1 DAGs
[2024-06-04T23:47:11.263+0000] {logging_mixin.py:137} INFO - [2024-06-04T23:47:11.263+0000] {dag.py:3441} INFO - Setting next_dagrun for example_local_kubernetes_executor to None, run_after=None
[2024-06-04T23:47:11.276+0000] {processor.py:175} INFO - Processing /home/airflow/.local/lib/python3.7/site-packages/airflow/example_dags/example_local_kubernetes_executor.py took 0.071 seconds
[2024-06-04T23:47:41.747+0000] {processor.py:153} INFO - Started process (PID=3966) to work on /home/airflow/.local/lib/python3.7/site-packages/airflow/example_dags/example_local_kubernetes_executor.py
[2024-06-04T23:47:41.748+0000] {processor.py:743} INFO - Processing file /home/airflow/.local/lib/python3.7/site-packages/airflow/example_dags/example_local_kubernetes_executor.py for tasks to queue
[2024-06-04T23:47:41.749+0000] {logging_mixin.py:137} INFO - [2024-06-04T23:47:41.748+0000] {dagbag.py:538} INFO - Filling up the DagBag from /home/airflow/.local/lib/python3.7/site-packages/airflow/example_dags/example_local_kubernetes_executor.py
[2024-06-04T23:47:41.775+0000] {processor.py:753} INFO - DAG(s) dict_keys(['example_local_kubernetes_executor']) retrieved from /home/airflow/.local/lib/python3.7/site-packages/airflow/example_dags/example_local_kubernetes_executor.py
[2024-06-04T23:47:41.805+0000] {logging_mixin.py:137} INFO - [2024-06-04T23:47:41.805+0000] {dag.py:2690} INFO - Sync 1 DAGs
[2024-06-04T23:47:41.836+0000] {logging_mixin.py:137} INFO - [2024-06-04T23:47:41.836+0000] {dag.py:3441} INFO - Setting next_dagrun for example_local_kubernetes_executor to None, run_after=None
[2024-06-04T23:47:41.858+0000] {processor.py:175} INFO - Processing /home/airflow/.local/lib/python3.7/site-packages/airflow/example_dags/example_local_kubernetes_executor.py took 0.115 seconds
[2024-06-04T23:48:12.045+0000] {processor.py:153} INFO - Started process (PID=4326) to work on /home/airflow/.local/lib/python3.7/site-packages/airflow/example_dags/example_local_kubernetes_executor.py
[2024-06-04T23:48:12.047+0000] {processor.py:743} INFO - Processing file /home/airflow/.local/lib/python3.7/site-packages/airflow/example_dags/example_local_kubernetes_executor.py for tasks to queue
[2024-06-04T23:48:12.047+0000] {logging_mixin.py:137} INFO - [2024-06-04T23:48:12.047+0000] {dagbag.py:538} INFO - Filling up the DagBag from /home/airflow/.local/lib/python3.7/site-packages/airflow/example_dags/example_local_kubernetes_executor.py
[2024-06-04T23:48:12.072+0000] {processor.py:753} INFO - DAG(s) dict_keys(['example_local_kubernetes_executor']) retrieved from /home/airflow/.local/lib/python3.7/site-packages/airflow/example_dags/example_local_kubernetes_executor.py
[2024-06-04T23:48:12.099+0000] {logging_mixin.py:137} INFO - [2024-06-04T23:48:12.099+0000] {dag.py:2690} INFO - Sync 1 DAGs
[2024-06-04T23:48:12.124+0000] {logging_mixin.py:137} INFO - [2024-06-04T23:48:12.124+0000] {dag.py:3441} INFO - Setting next_dagrun for example_local_kubernetes_executor to None, run_after=None
[2024-06-04T23:48:12.147+0000] {processor.py:175} INFO - Processing /home/airflow/.local/lib/python3.7/site-packages/airflow/example_dags/example_local_kubernetes_executor.py took 0.105 seconds
[2024-06-04T23:48:42.484+0000] {processor.py:153} INFO - Started process (PID=4693) to work on /home/airflow/.local/lib/python3.7/site-packages/airflow/example_dags/example_local_kubernetes_executor.py
[2024-06-04T23:48:42.488+0000] {processor.py:743} INFO - Processing file /home/airflow/.local/lib/python3.7/site-packages/airflow/example_dags/example_local_kubernetes_executor.py for tasks to queue
[2024-06-04T23:48:42.489+0000] {logging_mixin.py:137} INFO - [2024-06-04T23:48:42.489+0000] {dagbag.py:538} INFO - Filling up the DagBag from /home/airflow/.local/lib/python3.7/site-packages/airflow/example_dags/example_local_kubernetes_executor.py
[2024-06-04T23:48:42.519+0000] {processor.py:753} INFO - DAG(s) dict_keys(['example_local_kubernetes_executor']) retrieved from /home/airflow/.local/lib/python3.7/site-packages/airflow/example_dags/example_local_kubernetes_executor.py
[2024-06-04T23:48:42.562+0000] {logging_mixin.py:137} INFO - [2024-06-04T23:48:42.561+0000] {dag.py:2690} INFO - Sync 1 DAGs
[2024-06-04T23:48:42.596+0000] {logging_mixin.py:137} INFO - [2024-06-04T23:48:42.596+0000] {dag.py:3441} INFO - Setting next_dagrun for example_local_kubernetes_executor to None, run_after=None
[2024-06-04T23:48:42.625+0000] {processor.py:175} INFO - Processing /home/airflow/.local/lib/python3.7/site-packages/airflow/example_dags/example_local_kubernetes_executor.py took 0.145 seconds
[2024-06-04T23:49:13.492+0000] {processor.py:153} INFO - Started process (PID=5096) to work on /home/airflow/.local/lib/python3.7/site-packages/airflow/example_dags/example_local_kubernetes_executor.py
[2024-06-04T23:49:13.494+0000] {processor.py:743} INFO - Processing file /home/airflow/.local/lib/python3.7/site-packages/airflow/example_dags/example_local_kubernetes_executor.py for tasks to queue
[2024-06-04T23:49:13.495+0000] {logging_mixin.py:137} INFO - [2024-06-04T23:49:13.494+0000] {dagbag.py:538} INFO - Filling up the DagBag from /home/airflow/.local/lib/python3.7/site-packages/airflow/example_dags/example_local_kubernetes_executor.py
[2024-06-04T23:49:13.521+0000] {processor.py:753} INFO - DAG(s) dict_keys(['example_local_kubernetes_executor']) retrieved from /home/airflow/.local/lib/python3.7/site-packages/airflow/example_dags/example_local_kubernetes_executor.py
[2024-06-04T23:49:13.548+0000] {logging_mixin.py:137} INFO - [2024-06-04T23:49:13.547+0000] {dag.py:2690} INFO - Sync 1 DAGs
[2024-06-04T23:49:13.572+0000] {logging_mixin.py:137} INFO - [2024-06-04T23:49:13.572+0000] {dag.py:3441} INFO - Setting next_dagrun for example_local_kubernetes_executor to None, run_after=None
[2024-06-04T23:49:13.593+0000] {processor.py:175} INFO - Processing /home/airflow/.local/lib/python3.7/site-packages/airflow/example_dags/example_local_kubernetes_executor.py took 0.104 seconds
[2024-06-04T23:49:43.657+0000] {processor.py:153} INFO - Started process (PID=5439) to work on /home/airflow/.local/lib/python3.7/site-packages/airflow/example_dags/example_local_kubernetes_executor.py
[2024-06-04T23:49:43.657+0000] {processor.py:743} INFO - Processing file /home/airflow/.local/lib/python3.7/site-packages/airflow/example_dags/example_local_kubernetes_executor.py for tasks to queue
[2024-06-04T23:49:43.658+0000] {logging_mixin.py:137} INFO - [2024-06-04T23:49:43.658+0000] {dagbag.py:538} INFO - Filling up the DagBag from /home/airflow/.local/lib/python3.7/site-packages/airflow/example_dags/example_local_kubernetes_executor.py
[2024-06-04T23:49:43.674+0000] {processor.py:753} INFO - DAG(s) dict_keys(['example_local_kubernetes_executor']) retrieved from /home/airflow/.local/lib/python3.7/site-packages/airflow/example_dags/example_local_kubernetes_executor.py
[2024-06-04T23:49:43.695+0000] {logging_mixin.py:137} INFO - [2024-06-04T23:49:43.695+0000] {dag.py:2690} INFO - Sync 1 DAGs
[2024-06-04T23:49:43.714+0000] {logging_mixin.py:137} INFO - [2024-06-04T23:49:43.714+0000] {dag.py:3441} INFO - Setting next_dagrun for example_local_kubernetes_executor to None, run_after=None
[2024-06-04T23:49:43.727+0000] {processor.py:175} INFO - Processing /home/airflow/.local/lib/python3.7/site-packages/airflow/example_dags/example_local_kubernetes_executor.py took 0.072 seconds
[2024-06-04T23:50:13.942+0000] {processor.py:153} INFO - Started process (PID=5813) to work on /home/airflow/.local/lib/python3.7/site-packages/airflow/example_dags/example_local_kubernetes_executor.py
[2024-06-04T23:50:13.943+0000] {processor.py:743} INFO - Processing file /home/airflow/.local/lib/python3.7/site-packages/airflow/example_dags/example_local_kubernetes_executor.py for tasks to queue
[2024-06-04T23:50:13.944+0000] {logging_mixin.py:137} INFO - [2024-06-04T23:50:13.944+0000] {dagbag.py:538} INFO - Filling up the DagBag from /home/airflow/.local/lib/python3.7/site-packages/airflow/example_dags/example_local_kubernetes_executor.py
[2024-06-04T23:50:13.974+0000] {processor.py:753} INFO - DAG(s) dict_keys(['example_local_kubernetes_executor']) retrieved from /home/airflow/.local/lib/python3.7/site-packages/airflow/example_dags/example_local_kubernetes_executor.py
[2024-06-04T23:50:14.008+0000] {logging_mixin.py:137} INFO - [2024-06-04T23:50:14.008+0000] {dag.py:2690} INFO - Sync 1 DAGs
[2024-06-04T23:50:14.038+0000] {logging_mixin.py:137} INFO - [2024-06-04T23:50:14.038+0000] {dag.py:3441} INFO - Setting next_dagrun for example_local_kubernetes_executor to None, run_after=None
[2024-06-04T23:50:14.060+0000] {processor.py:175} INFO - Processing /home/airflow/.local/lib/python3.7/site-packages/airflow/example_dags/example_local_kubernetes_executor.py took 0.123 seconds
[2024-06-04T23:50:44.172+0000] {processor.py:153} INFO - Started process (PID=6189) to work on /home/airflow/.local/lib/python3.7/site-packages/airflow/example_dags/example_local_kubernetes_executor.py
[2024-06-04T23:50:44.173+0000] {processor.py:743} INFO - Processing file /home/airflow/.local/lib/python3.7/site-packages/airflow/example_dags/example_local_kubernetes_executor.py for tasks to queue
[2024-06-04T23:50:44.173+0000] {logging_mixin.py:137} INFO - [2024-06-04T23:50:44.173+0000] {dagbag.py:538} INFO - Filling up the DagBag from /home/airflow/.local/lib/python3.7/site-packages/airflow/example_dags/example_local_kubernetes_executor.py
[2024-06-04T23:50:44.201+0000] {processor.py:753} INFO - DAG(s) dict_keys(['example_local_kubernetes_executor']) retrieved from /home/airflow/.local/lib/python3.7/site-packages/airflow/example_dags/example_local_kubernetes_executor.py
[2024-06-04T23:50:44.235+0000] {logging_mixin.py:137} INFO - [2024-06-04T23:50:44.234+0000] {dag.py:2690} INFO - Sync 1 DAGs
[2024-06-04T23:50:44.271+0000] {logging_mixin.py:137} INFO - [2024-06-04T23:50:44.271+0000] {dag.py:3441} INFO - Setting next_dagrun for example_local_kubernetes_executor to None, run_after=None
[2024-06-04T23:50:44.298+0000] {processor.py:175} INFO - Processing /home/airflow/.local/lib/python3.7/site-packages/airflow/example_dags/example_local_kubernetes_executor.py took 0.130 seconds
[2024-06-04T23:51:15.224+0000] {processor.py:153} INFO - Started process (PID=6536) to work on /home/airflow/.local/lib/python3.7/site-packages/airflow/example_dags/example_local_kubernetes_executor.py
[2024-06-04T23:51:15.226+0000] {processor.py:743} INFO - Processing file /home/airflow/.local/lib/python3.7/site-packages/airflow/example_dags/example_local_kubernetes_executor.py for tasks to queue
[2024-06-04T23:51:15.226+0000] {logging_mixin.py:137} INFO - [2024-06-04T23:51:15.226+0000] {dagbag.py:538} INFO - Filling up the DagBag from /home/airflow/.local/lib/python3.7/site-packages/airflow/example_dags/example_local_kubernetes_executor.py
[2024-06-04T23:51:15.243+0000] {processor.py:753} INFO - DAG(s) dict_keys(['example_local_kubernetes_executor']) retrieved from /home/airflow/.local/lib/python3.7/site-packages/airflow/example_dags/example_local_kubernetes_executor.py
[2024-06-04T23:51:15.265+0000] {logging_mixin.py:137} INFO - [2024-06-04T23:51:15.265+0000] {dag.py:2690} INFO - Sync 1 DAGs
[2024-06-04T23:51:15.286+0000] {logging_mixin.py:137} INFO - [2024-06-04T23:51:15.285+0000] {dag.py:3441} INFO - Setting next_dagrun for example_local_kubernetes_executor to None, run_after=None
[2024-06-04T23:51:15.300+0000] {processor.py:175} INFO - Processing /home/airflow/.local/lib/python3.7/site-packages/airflow/example_dags/example_local_kubernetes_executor.py took 0.078 seconds
[2024-06-04T23:51:45.501+0000] {processor.py:153} INFO - Started process (PID=6886) to work on /home/airflow/.local/lib/python3.7/site-packages/airflow/example_dags/example_local_kubernetes_executor.py
[2024-06-04T23:51:45.502+0000] {processor.py:743} INFO - Processing file /home/airflow/.local/lib/python3.7/site-packages/airflow/example_dags/example_local_kubernetes_executor.py for tasks to queue
[2024-06-04T23:51:45.503+0000] {logging_mixin.py:137} INFO - [2024-06-04T23:51:45.502+0000] {dagbag.py:538} INFO - Filling up the DagBag from /home/airflow/.local/lib/python3.7/site-packages/airflow/example_dags/example_local_kubernetes_executor.py
[2024-06-04T23:51:45.530+0000] {processor.py:753} INFO - DAG(s) dict_keys(['example_local_kubernetes_executor']) retrieved from /home/airflow/.local/lib/python3.7/site-packages/airflow/example_dags/example_local_kubernetes_executor.py
[2024-06-04T23:51:45.560+0000] {logging_mixin.py:137} INFO - [2024-06-04T23:51:45.560+0000] {dag.py:2690} INFO - Sync 1 DAGs
[2024-06-04T23:51:45.590+0000] {logging_mixin.py:137} INFO - [2024-06-04T23:51:45.590+0000] {dag.py:3441} INFO - Setting next_dagrun for example_local_kubernetes_executor to None, run_after=None
[2024-06-04T23:51:45.615+0000] {processor.py:175} INFO - Processing /home/airflow/.local/lib/python3.7/site-packages/airflow/example_dags/example_local_kubernetes_executor.py took 0.117 seconds
[2024-06-04T23:52:16.469+0000] {processor.py:153} INFO - Started process (PID=7213) to work on /home/airflow/.local/lib/python3.7/site-packages/airflow/example_dags/example_local_kubernetes_executor.py
[2024-06-04T23:52:16.470+0000] {processor.py:743} INFO - Processing file /home/airflow/.local/lib/python3.7/site-packages/airflow/example_dags/example_local_kubernetes_executor.py for tasks to queue
[2024-06-04T23:52:16.471+0000] {logging_mixin.py:137} INFO - [2024-06-04T23:52:16.471+0000] {dagbag.py:538} INFO - Filling up the DagBag from /home/airflow/.local/lib/python3.7/site-packages/airflow/example_dags/example_local_kubernetes_executor.py
[2024-06-04T23:52:16.490+0000] {processor.py:753} INFO - DAG(s) dict_keys(['example_local_kubernetes_executor']) retrieved from /home/airflow/.local/lib/python3.7/site-packages/airflow/example_dags/example_local_kubernetes_executor.py
[2024-06-04T23:52:16.520+0000] {logging_mixin.py:137} INFO - [2024-06-04T23:52:16.520+0000] {dag.py:2690} INFO - Sync 1 DAGs
[2024-06-04T23:52:16.549+0000] {logging_mixin.py:137} INFO - [2024-06-04T23:52:16.548+0000] {dag.py:3441} INFO - Setting next_dagrun for example_local_kubernetes_executor to None, run_after=None
[2024-06-04T23:52:16.570+0000] {processor.py:175} INFO - Processing /home/airflow/.local/lib/python3.7/site-packages/airflow/example_dags/example_local_kubernetes_executor.py took 0.104 seconds
[2024-06-04T23:52:47.028+0000] {processor.py:153} INFO - Started process (PID=7568) to work on /home/airflow/.local/lib/python3.7/site-packages/airflow/example_dags/example_local_kubernetes_executor.py
[2024-06-04T23:52:47.029+0000] {processor.py:743} INFO - Processing file /home/airflow/.local/lib/python3.7/site-packages/airflow/example_dags/example_local_kubernetes_executor.py for tasks to queue
[2024-06-04T23:52:47.030+0000] {logging_mixin.py:137} INFO - [2024-06-04T23:52:47.030+0000] {dagbag.py:538} INFO - Filling up the DagBag from /home/airflow/.local/lib/python3.7/site-packages/airflow/example_dags/example_local_kubernetes_executor.py
[2024-06-04T23:52:47.046+0000] {processor.py:753} INFO - DAG(s) dict_keys(['example_local_kubernetes_executor']) retrieved from /home/airflow/.local/lib/python3.7/site-packages/airflow/example_dags/example_local_kubernetes_executor.py
[2024-06-04T23:52:47.071+0000] {logging_mixin.py:137} INFO - [2024-06-04T23:52:47.071+0000] {dag.py:2690} INFO - Sync 1 DAGs
[2024-06-04T23:52:47.091+0000] {logging_mixin.py:137} INFO - [2024-06-04T23:52:47.090+0000] {dag.py:3441} INFO - Setting next_dagrun for example_local_kubernetes_executor to None, run_after=None
[2024-06-04T23:52:47.103+0000] {processor.py:175} INFO - Processing /home/airflow/.local/lib/python3.7/site-packages/airflow/example_dags/example_local_kubernetes_executor.py took 0.077 seconds
[2024-06-04T23:53:17.817+0000] {processor.py:153} INFO - Started process (PID=7937) to work on /home/airflow/.local/lib/python3.7/site-packages/airflow/example_dags/example_local_kubernetes_executor.py
[2024-06-04T23:53:17.818+0000] {processor.py:743} INFO - Processing file /home/airflow/.local/lib/python3.7/site-packages/airflow/example_dags/example_local_kubernetes_executor.py for tasks to queue
[2024-06-04T23:53:17.818+0000] {logging_mixin.py:137} INFO - [2024-06-04T23:53:17.818+0000] {dagbag.py:538} INFO - Filling up the DagBag from /home/airflow/.local/lib/python3.7/site-packages/airflow/example_dags/example_local_kubernetes_executor.py
[2024-06-04T23:53:17.837+0000] {processor.py:753} INFO - DAG(s) dict_keys(['example_local_kubernetes_executor']) retrieved from /home/airflow/.local/lib/python3.7/site-packages/airflow/example_dags/example_local_kubernetes_executor.py
[2024-06-04T23:53:17.860+0000] {logging_mixin.py:137} INFO - [2024-06-04T23:53:17.860+0000] {dag.py:2690} INFO - Sync 1 DAGs
[2024-06-04T23:53:17.880+0000] {logging_mixin.py:137} INFO - [2024-06-04T23:53:17.879+0000] {dag.py:3441} INFO - Setting next_dagrun for example_local_kubernetes_executor to None, run_after=None
[2024-06-04T23:53:17.892+0000] {processor.py:175} INFO - Processing /home/airflow/.local/lib/python3.7/site-packages/airflow/example_dags/example_local_kubernetes_executor.py took 0.078 seconds
[2024-06-04T23:53:47.964+0000] {processor.py:153} INFO - Started process (PID=8244) to work on /home/airflow/.local/lib/python3.7/site-packages/airflow/example_dags/example_local_kubernetes_executor.py
[2024-06-04T23:53:47.966+0000] {processor.py:743} INFO - Processing file /home/airflow/.local/lib/python3.7/site-packages/airflow/example_dags/example_local_kubernetes_executor.py for tasks to queue
[2024-06-04T23:53:47.966+0000] {logging_mixin.py:137} INFO - [2024-06-04T23:53:47.966+0000] {dagbag.py:538} INFO - Filling up the DagBag from /home/airflow/.local/lib/python3.7/site-packages/airflow/example_dags/example_local_kubernetes_executor.py
[2024-06-04T23:53:47.986+0000] {processor.py:753} INFO - DAG(s) dict_keys(['example_local_kubernetes_executor']) retrieved from /home/airflow/.local/lib/python3.7/site-packages/airflow/example_dags/example_local_kubernetes_executor.py
[2024-06-04T23:53:48.009+0000] {logging_mixin.py:137} INFO - [2024-06-04T23:53:48.008+0000] {dag.py:2690} INFO - Sync 1 DAGs
[2024-06-04T23:53:48.027+0000] {logging_mixin.py:137} INFO - [2024-06-04T23:53:48.026+0000] {dag.py:3441} INFO - Setting next_dagrun for example_local_kubernetes_executor to None, run_after=None
[2024-06-04T23:53:48.041+0000] {processor.py:175} INFO - Processing /home/airflow/.local/lib/python3.7/site-packages/airflow/example_dags/example_local_kubernetes_executor.py took 0.079 seconds
[2024-06-04T23:54:18.148+0000] {processor.py:153} INFO - Started process (PID=8575) to work on /home/airflow/.local/lib/python3.7/site-packages/airflow/example_dags/example_local_kubernetes_executor.py
[2024-06-04T23:54:18.150+0000] {processor.py:743} INFO - Processing file /home/airflow/.local/lib/python3.7/site-packages/airflow/example_dags/example_local_kubernetes_executor.py for tasks to queue
[2024-06-04T23:54:18.150+0000] {logging_mixin.py:137} INFO - [2024-06-04T23:54:18.150+0000] {dagbag.py:538} INFO - Filling up the DagBag from /home/airflow/.local/lib/python3.7/site-packages/airflow/example_dags/example_local_kubernetes_executor.py
[2024-06-04T23:54:18.167+0000] {processor.py:753} INFO - DAG(s) dict_keys(['example_local_kubernetes_executor']) retrieved from /home/airflow/.local/lib/python3.7/site-packages/airflow/example_dags/example_local_kubernetes_executor.py
[2024-06-04T23:54:18.189+0000] {logging_mixin.py:137} INFO - [2024-06-04T23:54:18.188+0000] {dag.py:2690} INFO - Sync 1 DAGs
[2024-06-04T23:54:18.207+0000] {logging_mixin.py:137} INFO - [2024-06-04T23:54:18.207+0000] {dag.py:3441} INFO - Setting next_dagrun for example_local_kubernetes_executor to None, run_after=None
[2024-06-04T23:54:18.221+0000] {processor.py:175} INFO - Processing /home/airflow/.local/lib/python3.7/site-packages/airflow/example_dags/example_local_kubernetes_executor.py took 0.076 seconds
[2024-06-04T23:54:49.125+0000] {processor.py:153} INFO - Started process (PID=8685) to work on /home/airflow/.local/lib/python3.7/site-packages/airflow/example_dags/example_local_kubernetes_executor.py
[2024-06-04T23:54:49.126+0000] {processor.py:743} INFO - Processing file /home/airflow/.local/lib/python3.7/site-packages/airflow/example_dags/example_local_kubernetes_executor.py for tasks to queue
[2024-06-04T23:54:49.127+0000] {logging_mixin.py:137} INFO - [2024-06-04T23:54:49.127+0000] {dagbag.py:538} INFO - Filling up the DagBag from /home/airflow/.local/lib/python3.7/site-packages/airflow/example_dags/example_local_kubernetes_executor.py
[2024-06-04T23:54:49.143+0000] {processor.py:753} INFO - DAG(s) dict_keys(['example_local_kubernetes_executor']) retrieved from /home/airflow/.local/lib/python3.7/site-packages/airflow/example_dags/example_local_kubernetes_executor.py
[2024-06-04T23:54:49.164+0000] {logging_mixin.py:137} INFO - [2024-06-04T23:54:49.164+0000] {dag.py:2690} INFO - Sync 1 DAGs
[2024-06-04T23:54:49.182+0000] {logging_mixin.py:137} INFO - [2024-06-04T23:54:49.182+0000] {dag.py:3441} INFO - Setting next_dagrun for example_local_kubernetes_executor to None, run_after=None
[2024-06-04T23:54:49.195+0000] {processor.py:175} INFO - Processing /home/airflow/.local/lib/python3.7/site-packages/airflow/example_dags/example_local_kubernetes_executor.py took 0.072 seconds
[2024-06-04T23:55:19.898+0000] {processor.py:153} INFO - Started process (PID=8801) to work on /home/airflow/.local/lib/python3.7/site-packages/airflow/example_dags/example_local_kubernetes_executor.py
[2024-06-04T23:55:19.899+0000] {processor.py:743} INFO - Processing file /home/airflow/.local/lib/python3.7/site-packages/airflow/example_dags/example_local_kubernetes_executor.py for tasks to queue
[2024-06-04T23:55:19.899+0000] {logging_mixin.py:137} INFO - [2024-06-04T23:55:19.899+0000] {dagbag.py:538} INFO - Filling up the DagBag from /home/airflow/.local/lib/python3.7/site-packages/airflow/example_dags/example_local_kubernetes_executor.py
[2024-06-04T23:55:19.915+0000] {processor.py:753} INFO - DAG(s) dict_keys(['example_local_kubernetes_executor']) retrieved from /home/airflow/.local/lib/python3.7/site-packages/airflow/example_dags/example_local_kubernetes_executor.py
[2024-06-04T23:55:19.936+0000] {logging_mixin.py:137} INFO - [2024-06-04T23:55:19.936+0000] {dag.py:2690} INFO - Sync 1 DAGs
[2024-06-04T23:55:19.953+0000] {logging_mixin.py:137} INFO - [2024-06-04T23:55:19.953+0000] {dag.py:3441} INFO - Setting next_dagrun for example_local_kubernetes_executor to None, run_after=None
[2024-06-04T23:55:19.965+0000] {processor.py:175} INFO - Processing /home/airflow/.local/lib/python3.7/site-packages/airflow/example_dags/example_local_kubernetes_executor.py took 0.069 seconds
[2024-06-04T23:55:50.718+0000] {processor.py:153} INFO - Started process (PID=8897) to work on /home/airflow/.local/lib/python3.7/site-packages/airflow/example_dags/example_local_kubernetes_executor.py
[2024-06-04T23:55:50.720+0000] {processor.py:743} INFO - Processing file /home/airflow/.local/lib/python3.7/site-packages/airflow/example_dags/example_local_kubernetes_executor.py for tasks to queue
[2024-06-04T23:55:50.721+0000] {logging_mixin.py:137} INFO - [2024-06-04T23:55:50.721+0000] {dagbag.py:538} INFO - Filling up the DagBag from /home/airflow/.local/lib/python3.7/site-packages/airflow/example_dags/example_local_kubernetes_executor.py
[2024-06-04T23:55:50.746+0000] {processor.py:753} INFO - DAG(s) dict_keys(['example_local_kubernetes_executor']) retrieved from /home/airflow/.local/lib/python3.7/site-packages/airflow/example_dags/example_local_kubernetes_executor.py
[2024-06-04T23:55:50.769+0000] {logging_mixin.py:137} INFO - [2024-06-04T23:55:50.769+0000] {dag.py:2690} INFO - Sync 1 DAGs
[2024-06-04T23:55:50.790+0000] {logging_mixin.py:137} INFO - [2024-06-04T23:55:50.790+0000] {dag.py:3441} INFO - Setting next_dagrun for example_local_kubernetes_executor to None, run_after=None
[2024-06-04T23:55:50.806+0000] {processor.py:175} INFO - Processing /home/airflow/.local/lib/python3.7/site-packages/airflow/example_dags/example_local_kubernetes_executor.py took 0.091 seconds
[2024-06-04T23:56:20.832+0000] {processor.py:153} INFO - Started process (PID=9007) to work on /home/airflow/.local/lib/python3.7/site-packages/airflow/example_dags/example_local_kubernetes_executor.py
[2024-06-04T23:56:20.833+0000] {processor.py:743} INFO - Processing file /home/airflow/.local/lib/python3.7/site-packages/airflow/example_dags/example_local_kubernetes_executor.py for tasks to queue
[2024-06-04T23:56:20.833+0000] {logging_mixin.py:137} INFO - [2024-06-04T23:56:20.833+0000] {dagbag.py:538} INFO - Filling up the DagBag from /home/airflow/.local/lib/python3.7/site-packages/airflow/example_dags/example_local_kubernetes_executor.py
[2024-06-04T23:56:20.849+0000] {processor.py:753} INFO - DAG(s) dict_keys(['example_local_kubernetes_executor']) retrieved from /home/airflow/.local/lib/python3.7/site-packages/airflow/example_dags/example_local_kubernetes_executor.py
[2024-06-04T23:56:20.869+0000] {logging_mixin.py:137} INFO - [2024-06-04T23:56:20.869+0000] {dag.py:2690} INFO - Sync 1 DAGs
[2024-06-04T23:56:20.888+0000] {logging_mixin.py:137} INFO - [2024-06-04T23:56:20.888+0000] {dag.py:3441} INFO - Setting next_dagrun for example_local_kubernetes_executor to None, run_after=None
[2024-06-04T23:56:20.901+0000] {processor.py:175} INFO - Processing /home/airflow/.local/lib/python3.7/site-packages/airflow/example_dags/example_local_kubernetes_executor.py took 0.073 seconds
[2024-06-04T23:56:51.151+0000] {processor.py:153} INFO - Started process (PID=9138) to work on /home/airflow/.local/lib/python3.7/site-packages/airflow/example_dags/example_local_kubernetes_executor.py
[2024-06-04T23:56:51.152+0000] {processor.py:743} INFO - Processing file /home/airflow/.local/lib/python3.7/site-packages/airflow/example_dags/example_local_kubernetes_executor.py for tasks to queue
[2024-06-04T23:56:51.153+0000] {logging_mixin.py:137} INFO - [2024-06-04T23:56:51.153+0000] {dagbag.py:538} INFO - Filling up the DagBag from /home/airflow/.local/lib/python3.7/site-packages/airflow/example_dags/example_local_kubernetes_executor.py
[2024-06-04T23:56:51.169+0000] {processor.py:753} INFO - DAG(s) dict_keys(['example_local_kubernetes_executor']) retrieved from /home/airflow/.local/lib/python3.7/site-packages/airflow/example_dags/example_local_kubernetes_executor.py
[2024-06-04T23:56:51.189+0000] {logging_mixin.py:137} INFO - [2024-06-04T23:56:51.189+0000] {dag.py:2690} INFO - Sync 1 DAGs
[2024-06-04T23:56:51.206+0000] {logging_mixin.py:137} INFO - [2024-06-04T23:56:51.206+0000] {dag.py:3441} INFO - Setting next_dagrun for example_local_kubernetes_executor to None, run_after=None
[2024-06-04T23:56:51.218+0000] {processor.py:175} INFO - Processing /home/airflow/.local/lib/python3.7/site-packages/airflow/example_dags/example_local_kubernetes_executor.py took 0.070 seconds
[2024-06-04T23:57:22.012+0000] {processor.py:153} INFO - Started process (PID=9232) to work on /home/airflow/.local/lib/python3.7/site-packages/airflow/example_dags/example_local_kubernetes_executor.py
[2024-06-04T23:57:22.014+0000] {processor.py:743} INFO - Processing file /home/airflow/.local/lib/python3.7/site-packages/airflow/example_dags/example_local_kubernetes_executor.py for tasks to queue
[2024-06-04T23:57:22.014+0000] {logging_mixin.py:137} INFO - [2024-06-04T23:57:22.014+0000] {dagbag.py:538} INFO - Filling up the DagBag from /home/airflow/.local/lib/python3.7/site-packages/airflow/example_dags/example_local_kubernetes_executor.py
[2024-06-04T23:57:22.031+0000] {processor.py:753} INFO - DAG(s) dict_keys(['example_local_kubernetes_executor']) retrieved from /home/airflow/.local/lib/python3.7/site-packages/airflow/example_dags/example_local_kubernetes_executor.py
[2024-06-04T23:57:22.051+0000] {logging_mixin.py:137} INFO - [2024-06-04T23:57:22.051+0000] {dag.py:2690} INFO - Sync 1 DAGs
[2024-06-04T23:57:22.068+0000] {logging_mixin.py:137} INFO - [2024-06-04T23:57:22.068+0000] {dag.py:3441} INFO - Setting next_dagrun for example_local_kubernetes_executor to None, run_after=None
[2024-06-04T23:57:22.082+0000] {processor.py:175} INFO - Processing /home/airflow/.local/lib/python3.7/site-packages/airflow/example_dags/example_local_kubernetes_executor.py took 0.072 seconds
[2024-06-04T23:57:52.162+0000] {processor.py:153} INFO - Started process (PID=9343) to work on /home/airflow/.local/lib/python3.7/site-packages/airflow/example_dags/example_local_kubernetes_executor.py
[2024-06-04T23:57:52.166+0000] {processor.py:743} INFO - Processing file /home/airflow/.local/lib/python3.7/site-packages/airflow/example_dags/example_local_kubernetes_executor.py for tasks to queue
[2024-06-04T23:57:52.167+0000] {logging_mixin.py:137} INFO - [2024-06-04T23:57:52.167+0000] {dagbag.py:538} INFO - Filling up the DagBag from /home/airflow/.local/lib/python3.7/site-packages/airflow/example_dags/example_local_kubernetes_executor.py
[2024-06-04T23:57:52.185+0000] {processor.py:753} INFO - DAG(s) dict_keys(['example_local_kubernetes_executor']) retrieved from /home/airflow/.local/lib/python3.7/site-packages/airflow/example_dags/example_local_kubernetes_executor.py
[2024-06-04T23:57:52.205+0000] {logging_mixin.py:137} INFO - [2024-06-04T23:57:52.205+0000] {dag.py:2690} INFO - Sync 1 DAGs
[2024-06-04T23:57:52.226+0000] {logging_mixin.py:137} INFO - [2024-06-04T23:57:52.226+0000] {dag.py:3441} INFO - Setting next_dagrun for example_local_kubernetes_executor to None, run_after=None
[2024-06-04T23:57:52.241+0000] {processor.py:175} INFO - Processing /home/airflow/.local/lib/python3.7/site-packages/airflow/example_dags/example_local_kubernetes_executor.py took 0.081 seconds
[2024-06-04T23:58:22.303+0000] {processor.py:153} INFO - Started process (PID=9439) to work on /home/airflow/.local/lib/python3.7/site-packages/airflow/example_dags/example_local_kubernetes_executor.py
[2024-06-04T23:58:22.303+0000] {processor.py:743} INFO - Processing file /home/airflow/.local/lib/python3.7/site-packages/airflow/example_dags/example_local_kubernetes_executor.py for tasks to queue
[2024-06-04T23:58:22.304+0000] {logging_mixin.py:137} INFO - [2024-06-04T23:58:22.304+0000] {dagbag.py:538} INFO - Filling up the DagBag from /home/airflow/.local/lib/python3.7/site-packages/airflow/example_dags/example_local_kubernetes_executor.py
[2024-06-04T23:58:22.320+0000] {processor.py:753} INFO - DAG(s) dict_keys(['example_local_kubernetes_executor']) retrieved from /home/airflow/.local/lib/python3.7/site-packages/airflow/example_dags/example_local_kubernetes_executor.py
[2024-06-04T23:58:22.341+0000] {logging_mixin.py:137} INFO - [2024-06-04T23:58:22.340+0000] {dag.py:2690} INFO - Sync 1 DAGs
[2024-06-04T23:58:22.357+0000] {logging_mixin.py:137} INFO - [2024-06-04T23:58:22.357+0000] {dag.py:3441} INFO - Setting next_dagrun for example_local_kubernetes_executor to None, run_after=None
[2024-06-04T23:58:22.369+0000] {processor.py:175} INFO - Processing /home/airflow/.local/lib/python3.7/site-packages/airflow/example_dags/example_local_kubernetes_executor.py took 0.068 seconds
[2024-06-04T23:58:52.532+0000] {processor.py:153} INFO - Started process (PID=9550) to work on /home/airflow/.local/lib/python3.7/site-packages/airflow/example_dags/example_local_kubernetes_executor.py
[2024-06-04T23:58:52.534+0000] {processor.py:743} INFO - Processing file /home/airflow/.local/lib/python3.7/site-packages/airflow/example_dags/example_local_kubernetes_executor.py for tasks to queue
[2024-06-04T23:58:52.534+0000] {logging_mixin.py:137} INFO - [2024-06-04T23:58:52.534+0000] {dagbag.py:538} INFO - Filling up the DagBag from /home/airflow/.local/lib/python3.7/site-packages/airflow/example_dags/example_local_kubernetes_executor.py
[2024-06-04T23:58:52.551+0000] {processor.py:753} INFO - DAG(s) dict_keys(['example_local_kubernetes_executor']) retrieved from /home/airflow/.local/lib/python3.7/site-packages/airflow/example_dags/example_local_kubernetes_executor.py
[2024-06-04T23:58:52.571+0000] {logging_mixin.py:137} INFO - [2024-06-04T23:58:52.571+0000] {dag.py:2690} INFO - Sync 1 DAGs
[2024-06-04T23:58:52.588+0000] {logging_mixin.py:137} INFO - [2024-06-04T23:58:52.588+0000] {dag.py:3441} INFO - Setting next_dagrun for example_local_kubernetes_executor to None, run_after=None
[2024-06-04T23:58:52.601+0000] {processor.py:175} INFO - Processing /home/airflow/.local/lib/python3.7/site-packages/airflow/example_dags/example_local_kubernetes_executor.py took 0.071 seconds
[2024-06-04T23:59:23.171+0000] {processor.py:153} INFO - Started process (PID=9651) to work on /home/airflow/.local/lib/python3.7/site-packages/airflow/example_dags/example_local_kubernetes_executor.py
[2024-06-04T23:59:23.172+0000] {processor.py:743} INFO - Processing file /home/airflow/.local/lib/python3.7/site-packages/airflow/example_dags/example_local_kubernetes_executor.py for tasks to queue
[2024-06-04T23:59:23.173+0000] {logging_mixin.py:137} INFO - [2024-06-04T23:59:23.173+0000] {dagbag.py:538} INFO - Filling up the DagBag from /home/airflow/.local/lib/python3.7/site-packages/airflow/example_dags/example_local_kubernetes_executor.py
[2024-06-04T23:59:23.190+0000] {processor.py:753} INFO - DAG(s) dict_keys(['example_local_kubernetes_executor']) retrieved from /home/airflow/.local/lib/python3.7/site-packages/airflow/example_dags/example_local_kubernetes_executor.py
[2024-06-04T23:59:23.210+0000] {logging_mixin.py:137} INFO - [2024-06-04T23:59:23.210+0000] {dag.py:2690} INFO - Sync 1 DAGs
[2024-06-04T23:59:23.229+0000] {logging_mixin.py:137} INFO - [2024-06-04T23:59:23.228+0000] {dag.py:3441} INFO - Setting next_dagrun for example_local_kubernetes_executor to None, run_after=None
[2024-06-04T23:59:23.243+0000] {processor.py:175} INFO - Processing /home/airflow/.local/lib/python3.7/site-packages/airflow/example_dags/example_local_kubernetes_executor.py took 0.074 seconds
[2024-06-04T23:59:53.990+0000] {processor.py:153} INFO - Started process (PID=9753) to work on /home/airflow/.local/lib/python3.7/site-packages/airflow/example_dags/example_local_kubernetes_executor.py
[2024-06-04T23:59:53.991+0000] {processor.py:743} INFO - Processing file /home/airflow/.local/lib/python3.7/site-packages/airflow/example_dags/example_local_kubernetes_executor.py for tasks to queue
[2024-06-04T23:59:53.991+0000] {logging_mixin.py:137} INFO - [2024-06-04T23:59:53.991+0000] {dagbag.py:538} INFO - Filling up the DagBag from /home/airflow/.local/lib/python3.7/site-packages/airflow/example_dags/example_local_kubernetes_executor.py
[2024-06-04T23:59:54.007+0000] {processor.py:753} INFO - DAG(s) dict_keys(['example_local_kubernetes_executor']) retrieved from /home/airflow/.local/lib/python3.7/site-packages/airflow/example_dags/example_local_kubernetes_executor.py
[2024-06-04T23:59:54.027+0000] {logging_mixin.py:137} INFO - [2024-06-04T23:59:54.027+0000] {dag.py:2690} INFO - Sync 1 DAGs
[2024-06-04T23:59:54.044+0000] {logging_mixin.py:137} INFO - [2024-06-04T23:59:54.044+0000] {dag.py:3441} INFO - Setting next_dagrun for example_local_kubernetes_executor to None, run_after=None
[2024-06-04T23:59:54.057+0000] {processor.py:175} INFO - Processing /home/airflow/.local/lib/python3.7/site-packages/airflow/example_dags/example_local_kubernetes_executor.py took 0.069 seconds
