[2024-06-04T23:37:27.800+0000] {processor.py:153} INFO - Started process (PID=74) to work on /home/airflow/.local/lib/python3.7/site-packages/airflow/example_dags/example_branch_day_of_week_operator.py
[2024-06-04T23:37:27.801+0000] {processor.py:743} INFO - Processing file /home/airflow/.local/lib/python3.7/site-packages/airflow/example_dags/example_branch_day_of_week_operator.py for tasks to queue
[2024-06-04T23:37:27.801+0000] {logging_mixin.py:137} INFO - [2024-06-04T23:37:27.801+0000] {dagbag.py:538} INFO - Filling up the DagBag from /home/airflow/.local/lib/python3.7/site-packages/airflow/example_dags/example_branch_day_of_week_operator.py
[2024-06-04T23:37:27.815+0000] {processor.py:753} INFO - DAG(s) dict_keys(['example_weekday_branch_operator']) retrieved from /home/airflow/.local/lib/python3.7/site-packages/airflow/example_dags/example_branch_day_of_week_operator.py
[2024-06-04T23:37:27.910+0000] {logging_mixin.py:137} INFO - [2024-06-04T23:37:27.910+0000] {manager.py:504} INFO - Created Permission View: can edit on DAG:example_weekday_branch_operator
[2024-06-04T23:37:27.917+0000] {logging_mixin.py:137} INFO - [2024-06-04T23:37:27.917+0000] {manager.py:504} INFO - Created Permission View: can read on DAG:example_weekday_branch_operator
[2024-06-04T23:37:27.923+0000] {logging_mixin.py:137} INFO - [2024-06-04T23:37:27.923+0000] {manager.py:504} INFO - Created Permission View: can delete on DAG:example_weekday_branch_operator
[2024-06-04T23:37:27.924+0000] {logging_mixin.py:137} INFO - [2024-06-04T23:37:27.923+0000] {dag.py:2690} INFO - Sync 1 DAGs
[2024-06-04T23:37:27.934+0000] {logging_mixin.py:137} INFO - [2024-06-04T23:37:27.934+0000] {dag.py:2711} INFO - Creating ORM DAG for example_weekday_branch_operator
[2024-06-04T23:37:27.944+0000] {logging_mixin.py:137} INFO - [2024-06-04T23:37:27.944+0000] {dag.py:3441} INFO - Setting next_dagrun for example_weekday_branch_operator to 2024-06-03T00:00:00+00:00, run_after=2024-06-04T00:00:00+00:00
[2024-06-04T23:37:27.957+0000] {processor.py:175} INFO - Processing /home/airflow/.local/lib/python3.7/site-packages/airflow/example_dags/example_branch_day_of_week_operator.py took 0.160 seconds
[2024-06-04T23:37:58.021+0000] {processor.py:153} INFO - Started process (PID=185) to work on /home/airflow/.local/lib/python3.7/site-packages/airflow/example_dags/example_branch_day_of_week_operator.py
[2024-06-04T23:37:58.022+0000] {processor.py:743} INFO - Processing file /home/airflow/.local/lib/python3.7/site-packages/airflow/example_dags/example_branch_day_of_week_operator.py for tasks to queue
[2024-06-04T23:37:58.022+0000] {logging_mixin.py:137} INFO - [2024-06-04T23:37:58.022+0000] {dagbag.py:538} INFO - Filling up the DagBag from /home/airflow/.local/lib/python3.7/site-packages/airflow/example_dags/example_branch_day_of_week_operator.py
[2024-06-04T23:37:58.034+0000] {processor.py:753} INFO - DAG(s) dict_keys(['example_weekday_branch_operator']) retrieved from /home/airflow/.local/lib/python3.7/site-packages/airflow/example_dags/example_branch_day_of_week_operator.py
[2024-06-04T23:37:58.052+0000] {logging_mixin.py:137} INFO - [2024-06-04T23:37:58.051+0000] {dag.py:2690} INFO - Sync 1 DAGs
[2024-06-04T23:37:58.070+0000] {logging_mixin.py:137} INFO - [2024-06-04T23:37:58.070+0000] {dag.py:3441} INFO - Setting next_dagrun for example_weekday_branch_operator to 2024-06-03T00:00:00+00:00, run_after=2024-06-04T00:00:00+00:00
[2024-06-04T23:37:58.083+0000] {processor.py:175} INFO - Processing /home/airflow/.local/lib/python3.7/site-packages/airflow/example_dags/example_branch_day_of_week_operator.py took 0.064 seconds
[2024-06-04T23:38:28.971+0000] {processor.py:153} INFO - Started process (PID=296) to work on /home/airflow/.local/lib/python3.7/site-packages/airflow/example_dags/example_branch_day_of_week_operator.py
[2024-06-04T23:38:28.972+0000] {processor.py:743} INFO - Processing file /home/airflow/.local/lib/python3.7/site-packages/airflow/example_dags/example_branch_day_of_week_operator.py for tasks to queue
[2024-06-04T23:38:28.972+0000] {logging_mixin.py:137} INFO - [2024-06-04T23:38:28.972+0000] {dagbag.py:538} INFO - Filling up the DagBag from /home/airflow/.local/lib/python3.7/site-packages/airflow/example_dags/example_branch_day_of_week_operator.py
[2024-06-04T23:38:28.984+0000] {processor.py:753} INFO - DAG(s) dict_keys(['example_weekday_branch_operator']) retrieved from /home/airflow/.local/lib/python3.7/site-packages/airflow/example_dags/example_branch_day_of_week_operator.py
[2024-06-04T23:38:29.006+0000] {logging_mixin.py:137} INFO - [2024-06-04T23:38:29.005+0000] {dag.py:2690} INFO - Sync 1 DAGs
[2024-06-04T23:38:29.027+0000] {logging_mixin.py:137} INFO - [2024-06-04T23:38:29.027+0000] {dag.py:3441} INFO - Setting next_dagrun for example_weekday_branch_operator to 2024-06-03T00:00:00+00:00, run_after=2024-06-04T00:00:00+00:00
[2024-06-04T23:38:29.043+0000] {processor.py:175} INFO - Processing /home/airflow/.local/lib/python3.7/site-packages/airflow/example_dags/example_branch_day_of_week_operator.py took 0.074 seconds
[2024-06-04T23:38:59.742+0000] {processor.py:153} INFO - Started process (PID=383) to work on /home/airflow/.local/lib/python3.7/site-packages/airflow/example_dags/example_branch_day_of_week_operator.py
[2024-06-04T23:38:59.742+0000] {processor.py:743} INFO - Processing file /home/airflow/.local/lib/python3.7/site-packages/airflow/example_dags/example_branch_day_of_week_operator.py for tasks to queue
[2024-06-04T23:38:59.742+0000] {logging_mixin.py:137} INFO - [2024-06-04T23:38:59.742+0000] {dagbag.py:538} INFO - Filling up the DagBag from /home/airflow/.local/lib/python3.7/site-packages/airflow/example_dags/example_branch_day_of_week_operator.py
[2024-06-04T23:38:59.754+0000] {processor.py:753} INFO - DAG(s) dict_keys(['example_weekday_branch_operator']) retrieved from /home/airflow/.local/lib/python3.7/site-packages/airflow/example_dags/example_branch_day_of_week_operator.py
[2024-06-04T23:38:59.774+0000] {logging_mixin.py:137} INFO - [2024-06-04T23:38:59.774+0000] {dag.py:2690} INFO - Sync 1 DAGs
[2024-06-04T23:38:59.795+0000] {logging_mixin.py:137} INFO - [2024-06-04T23:38:59.795+0000] {dag.py:3441} INFO - Setting next_dagrun for example_weekday_branch_operator to 2024-06-03T00:00:00+00:00, run_after=2024-06-04T00:00:00+00:00
[2024-06-04T23:38:59.809+0000] {processor.py:175} INFO - Processing /home/airflow/.local/lib/python3.7/site-packages/airflow/example_dags/example_branch_day_of_week_operator.py took 0.070 seconds
[2024-06-04T23:39:30.453+0000] {processor.py:153} INFO - Started process (PID=494) to work on /home/airflow/.local/lib/python3.7/site-packages/airflow/example_dags/example_branch_day_of_week_operator.py
[2024-06-04T23:39:30.453+0000] {processor.py:743} INFO - Processing file /home/airflow/.local/lib/python3.7/site-packages/airflow/example_dags/example_branch_day_of_week_operator.py for tasks to queue
[2024-06-04T23:39:30.454+0000] {logging_mixin.py:137} INFO - [2024-06-04T23:39:30.454+0000] {dagbag.py:538} INFO - Filling up the DagBag from /home/airflow/.local/lib/python3.7/site-packages/airflow/example_dags/example_branch_day_of_week_operator.py
[2024-06-04T23:39:30.465+0000] {processor.py:753} INFO - DAG(s) dict_keys(['example_weekday_branch_operator']) retrieved from /home/airflow/.local/lib/python3.7/site-packages/airflow/example_dags/example_branch_day_of_week_operator.py
[2024-06-04T23:39:30.484+0000] {logging_mixin.py:137} INFO - [2024-06-04T23:39:30.484+0000] {dag.py:2690} INFO - Sync 1 DAGs
[2024-06-04T23:39:30.503+0000] {logging_mixin.py:137} INFO - [2024-06-04T23:39:30.503+0000] {dag.py:3441} INFO - Setting next_dagrun for example_weekday_branch_operator to 2024-06-03T00:00:00+00:00, run_after=2024-06-04T00:00:00+00:00
[2024-06-04T23:39:30.516+0000] {processor.py:175} INFO - Processing /home/airflow/.local/lib/python3.7/site-packages/airflow/example_dags/example_branch_day_of_week_operator.py took 0.066 seconds
[2024-06-04T23:40:01.155+0000] {processor.py:153} INFO - Started process (PID=581) to work on /home/airflow/.local/lib/python3.7/site-packages/airflow/example_dags/example_branch_day_of_week_operator.py
[2024-06-04T23:40:01.156+0000] {processor.py:743} INFO - Processing file /home/airflow/.local/lib/python3.7/site-packages/airflow/example_dags/example_branch_day_of_week_operator.py for tasks to queue
[2024-06-04T23:40:01.156+0000] {logging_mixin.py:137} INFO - [2024-06-04T23:40:01.156+0000] {dagbag.py:538} INFO - Filling up the DagBag from /home/airflow/.local/lib/python3.7/site-packages/airflow/example_dags/example_branch_day_of_week_operator.py
[2024-06-04T23:40:01.167+0000] {processor.py:753} INFO - DAG(s) dict_keys(['example_weekday_branch_operator']) retrieved from /home/airflow/.local/lib/python3.7/site-packages/airflow/example_dags/example_branch_day_of_week_operator.py
[2024-06-04T23:40:01.185+0000] {logging_mixin.py:137} INFO - [2024-06-04T23:40:01.185+0000] {dag.py:2690} INFO - Sync 1 DAGs
[2024-06-04T23:40:01.203+0000] {logging_mixin.py:137} INFO - [2024-06-04T23:40:01.203+0000] {dag.py:3441} INFO - Setting next_dagrun for example_weekday_branch_operator to 2024-06-03T00:00:00+00:00, run_after=2024-06-04T00:00:00+00:00
[2024-06-04T23:40:01.216+0000] {processor.py:175} INFO - Processing /home/airflow/.local/lib/python3.7/site-packages/airflow/example_dags/example_branch_day_of_week_operator.py took 0.062 seconds
[2024-06-04T23:40:31.841+0000] {processor.py:153} INFO - Started process (PID=692) to work on /home/airflow/.local/lib/python3.7/site-packages/airflow/example_dags/example_branch_day_of_week_operator.py
[2024-06-04T23:40:31.842+0000] {processor.py:743} INFO - Processing file /home/airflow/.local/lib/python3.7/site-packages/airflow/example_dags/example_branch_day_of_week_operator.py for tasks to queue
[2024-06-04T23:40:31.842+0000] {logging_mixin.py:137} INFO - [2024-06-04T23:40:31.842+0000] {dagbag.py:538} INFO - Filling up the DagBag from /home/airflow/.local/lib/python3.7/site-packages/airflow/example_dags/example_branch_day_of_week_operator.py
[2024-06-04T23:40:31.853+0000] {processor.py:753} INFO - DAG(s) dict_keys(['example_weekday_branch_operator']) retrieved from /home/airflow/.local/lib/python3.7/site-packages/airflow/example_dags/example_branch_day_of_week_operator.py
[2024-06-04T23:40:31.870+0000] {logging_mixin.py:137} INFO - [2024-06-04T23:40:31.870+0000] {dag.py:2690} INFO - Sync 1 DAGs
[2024-06-04T23:40:31.888+0000] {logging_mixin.py:137} INFO - [2024-06-04T23:40:31.888+0000] {dag.py:3441} INFO - Setting next_dagrun for example_weekday_branch_operator to 2024-06-03T00:00:00+00:00, run_after=2024-06-04T00:00:00+00:00
[2024-06-04T23:40:31.900+0000] {processor.py:175} INFO - Processing /home/airflow/.local/lib/python3.7/site-packages/airflow/example_dags/example_branch_day_of_week_operator.py took 0.061 seconds
[2024-06-04T23:41:02.576+0000] {processor.py:153} INFO - Started process (PID=803) to work on /home/airflow/.local/lib/python3.7/site-packages/airflow/example_dags/example_branch_day_of_week_operator.py
[2024-06-04T23:41:02.577+0000] {processor.py:743} INFO - Processing file /home/airflow/.local/lib/python3.7/site-packages/airflow/example_dags/example_branch_day_of_week_operator.py for tasks to queue
[2024-06-04T23:41:02.577+0000] {logging_mixin.py:137} INFO - [2024-06-04T23:41:02.577+0000] {dagbag.py:538} INFO - Filling up the DagBag from /home/airflow/.local/lib/python3.7/site-packages/airflow/example_dags/example_branch_day_of_week_operator.py
[2024-06-04T23:41:02.588+0000] {processor.py:753} INFO - DAG(s) dict_keys(['example_weekday_branch_operator']) retrieved from /home/airflow/.local/lib/python3.7/site-packages/airflow/example_dags/example_branch_day_of_week_operator.py
[2024-06-04T23:41:02.607+0000] {logging_mixin.py:137} INFO - [2024-06-04T23:41:02.607+0000] {dag.py:2690} INFO - Sync 1 DAGs
[2024-06-04T23:41:02.625+0000] {logging_mixin.py:137} INFO - [2024-06-04T23:41:02.625+0000] {dag.py:3441} INFO - Setting next_dagrun for example_weekday_branch_operator to 2024-06-03T00:00:00+00:00, run_after=2024-06-04T00:00:00+00:00
[2024-06-04T23:41:02.637+0000] {processor.py:175} INFO - Processing /home/airflow/.local/lib/python3.7/site-packages/airflow/example_dags/example_branch_day_of_week_operator.py took 0.063 seconds
[2024-06-04T23:41:33.283+0000] {processor.py:153} INFO - Started process (PID=890) to work on /home/airflow/.local/lib/python3.7/site-packages/airflow/example_dags/example_branch_day_of_week_operator.py
[2024-06-04T23:41:33.283+0000] {processor.py:743} INFO - Processing file /home/airflow/.local/lib/python3.7/site-packages/airflow/example_dags/example_branch_day_of_week_operator.py for tasks to queue
[2024-06-04T23:41:33.284+0000] {logging_mixin.py:137} INFO - [2024-06-04T23:41:33.283+0000] {dagbag.py:538} INFO - Filling up the DagBag from /home/airflow/.local/lib/python3.7/site-packages/airflow/example_dags/example_branch_day_of_week_operator.py
[2024-06-04T23:41:33.294+0000] {processor.py:753} INFO - DAG(s) dict_keys(['example_weekday_branch_operator']) retrieved from /home/airflow/.local/lib/python3.7/site-packages/airflow/example_dags/example_branch_day_of_week_operator.py
[2024-06-04T23:41:33.313+0000] {logging_mixin.py:137} INFO - [2024-06-04T23:41:33.312+0000] {dag.py:2690} INFO - Sync 1 DAGs
[2024-06-04T23:41:33.330+0000] {logging_mixin.py:137} INFO - [2024-06-04T23:41:33.330+0000] {dag.py:3441} INFO - Setting next_dagrun for example_weekday_branch_operator to 2024-06-03T00:00:00+00:00, run_after=2024-06-04T00:00:00+00:00
[2024-06-04T23:41:33.342+0000] {processor.py:175} INFO - Processing /home/airflow/.local/lib/python3.7/site-packages/airflow/example_dags/example_branch_day_of_week_operator.py took 0.062 seconds
[2024-06-04T23:42:04.191+0000] {processor.py:153} INFO - Started process (PID=1001) to work on /home/airflow/.local/lib/python3.7/site-packages/airflow/example_dags/example_branch_day_of_week_operator.py
[2024-06-04T23:42:04.192+0000] {processor.py:743} INFO - Processing file /home/airflow/.local/lib/python3.7/site-packages/airflow/example_dags/example_branch_day_of_week_operator.py for tasks to queue
[2024-06-04T23:42:04.192+0000] {logging_mixin.py:137} INFO - [2024-06-04T23:42:04.192+0000] {dagbag.py:538} INFO - Filling up the DagBag from /home/airflow/.local/lib/python3.7/site-packages/airflow/example_dags/example_branch_day_of_week_operator.py
[2024-06-04T23:42:04.203+0000] {processor.py:753} INFO - DAG(s) dict_keys(['example_weekday_branch_operator']) retrieved from /home/airflow/.local/lib/python3.7/site-packages/airflow/example_dags/example_branch_day_of_week_operator.py
[2024-06-04T23:42:04.221+0000] {logging_mixin.py:137} INFO - [2024-06-04T23:42:04.221+0000] {dag.py:2690} INFO - Sync 1 DAGs
[2024-06-04T23:42:04.240+0000] {logging_mixin.py:137} INFO - [2024-06-04T23:42:04.240+0000] {dag.py:3441} INFO - Setting next_dagrun for example_weekday_branch_operator to 2024-06-03T00:00:00+00:00, run_after=2024-06-04T00:00:00+00:00
[2024-06-04T23:42:04.253+0000] {processor.py:175} INFO - Processing /home/airflow/.local/lib/python3.7/site-packages/airflow/example_dags/example_branch_day_of_week_operator.py took 0.064 seconds
[2024-06-04T23:42:34.297+0000] {processor.py:153} INFO - Started process (PID=1097) to work on /home/airflow/.local/lib/python3.7/site-packages/airflow/example_dags/example_branch_day_of_week_operator.py
[2024-06-04T23:42:34.298+0000] {processor.py:743} INFO - Processing file /home/airflow/.local/lib/python3.7/site-packages/airflow/example_dags/example_branch_day_of_week_operator.py for tasks to queue
[2024-06-04T23:42:34.298+0000] {logging_mixin.py:137} INFO - [2024-06-04T23:42:34.298+0000] {dagbag.py:538} INFO - Filling up the DagBag from /home/airflow/.local/lib/python3.7/site-packages/airflow/example_dags/example_branch_day_of_week_operator.py
[2024-06-04T23:42:34.309+0000] {processor.py:753} INFO - DAG(s) dict_keys(['example_weekday_branch_operator']) retrieved from /home/airflow/.local/lib/python3.7/site-packages/airflow/example_dags/example_branch_day_of_week_operator.py
[2024-06-04T23:42:34.328+0000] {logging_mixin.py:137} INFO - [2024-06-04T23:42:34.327+0000] {dag.py:2690} INFO - Sync 1 DAGs
[2024-06-04T23:42:34.346+0000] {logging_mixin.py:137} INFO - [2024-06-04T23:42:34.346+0000] {dag.py:3441} INFO - Setting next_dagrun for example_weekday_branch_operator to 2024-06-03T00:00:00+00:00, run_after=2024-06-04T00:00:00+00:00
[2024-06-04T23:42:34.359+0000] {processor.py:175} INFO - Processing /home/airflow/.local/lib/python3.7/site-packages/airflow/example_dags/example_branch_day_of_week_operator.py took 0.063 seconds
[2024-06-04T23:43:05.120+0000] {processor.py:153} INFO - Started process (PID=1199) to work on /home/airflow/.local/lib/python3.7/site-packages/airflow/example_dags/example_branch_day_of_week_operator.py
[2024-06-04T23:43:05.120+0000] {processor.py:743} INFO - Processing file /home/airflow/.local/lib/python3.7/site-packages/airflow/example_dags/example_branch_day_of_week_operator.py for tasks to queue
[2024-06-04T23:43:05.121+0000] {logging_mixin.py:137} INFO - [2024-06-04T23:43:05.120+0000] {dagbag.py:538} INFO - Filling up the DagBag from /home/airflow/.local/lib/python3.7/site-packages/airflow/example_dags/example_branch_day_of_week_operator.py
[2024-06-04T23:43:05.131+0000] {processor.py:753} INFO - DAG(s) dict_keys(['example_weekday_branch_operator']) retrieved from /home/airflow/.local/lib/python3.7/site-packages/airflow/example_dags/example_branch_day_of_week_operator.py
[2024-06-04T23:43:05.150+0000] {logging_mixin.py:137} INFO - [2024-06-04T23:43:05.150+0000] {dag.py:2690} INFO - Sync 1 DAGs
[2024-06-04T23:43:05.168+0000] {logging_mixin.py:137} INFO - [2024-06-04T23:43:05.168+0000] {dag.py:3441} INFO - Setting next_dagrun for example_weekday_branch_operator to 2024-06-03T00:00:00+00:00, run_after=2024-06-04T00:00:00+00:00
[2024-06-04T23:43:05.180+0000] {processor.py:175} INFO - Processing /home/airflow/.local/lib/python3.7/site-packages/airflow/example_dags/example_branch_day_of_week_operator.py took 0.063 seconds
[2024-06-04T23:43:35.957+0000] {processor.py:153} INFO - Started process (PID=1310) to work on /home/airflow/.local/lib/python3.7/site-packages/airflow/example_dags/example_branch_day_of_week_operator.py
[2024-06-04T23:43:35.958+0000] {processor.py:743} INFO - Processing file /home/airflow/.local/lib/python3.7/site-packages/airflow/example_dags/example_branch_day_of_week_operator.py for tasks to queue
[2024-06-04T23:43:35.958+0000] {logging_mixin.py:137} INFO - [2024-06-04T23:43:35.958+0000] {dagbag.py:538} INFO - Filling up the DagBag from /home/airflow/.local/lib/python3.7/site-packages/airflow/example_dags/example_branch_day_of_week_operator.py
[2024-06-04T23:43:35.970+0000] {processor.py:753} INFO - DAG(s) dict_keys(['example_weekday_branch_operator']) retrieved from /home/airflow/.local/lib/python3.7/site-packages/airflow/example_dags/example_branch_day_of_week_operator.py
[2024-06-04T23:43:35.990+0000] {logging_mixin.py:137} INFO - [2024-06-04T23:43:35.990+0000] {dag.py:2690} INFO - Sync 1 DAGs
[2024-06-04T23:43:36.010+0000] {logging_mixin.py:137} INFO - [2024-06-04T23:43:36.009+0000] {dag.py:3441} INFO - Setting next_dagrun for example_weekday_branch_operator to 2024-06-03T00:00:00+00:00, run_after=2024-06-04T00:00:00+00:00
[2024-06-04T23:43:36.025+0000] {processor.py:175} INFO - Processing /home/airflow/.local/lib/python3.7/site-packages/airflow/example_dags/example_branch_day_of_week_operator.py took 0.070 seconds
[2024-06-04T23:44:07.860+0000] {processor.py:153} INFO - Started process (PID=1519) to work on /home/airflow/.local/lib/python3.7/site-packages/airflow/example_dags/example_branch_day_of_week_operator.py
[2024-06-04T23:44:07.861+0000] {processor.py:743} INFO - Processing file /home/airflow/.local/lib/python3.7/site-packages/airflow/example_dags/example_branch_day_of_week_operator.py for tasks to queue
[2024-06-04T23:44:07.861+0000] {logging_mixin.py:137} INFO - [2024-06-04T23:44:07.861+0000] {dagbag.py:538} INFO - Filling up the DagBag from /home/airflow/.local/lib/python3.7/site-packages/airflow/example_dags/example_branch_day_of_week_operator.py
[2024-06-04T23:44:07.873+0000] {processor.py:753} INFO - DAG(s) dict_keys(['example_weekday_branch_operator']) retrieved from /home/airflow/.local/lib/python3.7/site-packages/airflow/example_dags/example_branch_day_of_week_operator.py
[2024-06-04T23:44:07.893+0000] {logging_mixin.py:137} INFO - [2024-06-04T23:44:07.893+0000] {dag.py:2690} INFO - Sync 1 DAGs
[2024-06-04T23:44:07.913+0000] {logging_mixin.py:137} INFO - [2024-06-04T23:44:07.913+0000] {dag.py:3441} INFO - Setting next_dagrun for example_weekday_branch_operator to 2024-06-03T00:00:00+00:00, run_after=2024-06-04T00:00:00+00:00
[2024-06-04T23:44:07.928+0000] {processor.py:175} INFO - Processing /home/airflow/.local/lib/python3.7/site-packages/airflow/example_dags/example_branch_day_of_week_operator.py took 0.070 seconds
[2024-06-04T23:44:38.180+0000] {processor.py:153} INFO - Started process (PID=1882) to work on /home/airflow/.local/lib/python3.7/site-packages/airflow/example_dags/example_branch_day_of_week_operator.py
[2024-06-04T23:44:38.180+0000] {processor.py:743} INFO - Processing file /home/airflow/.local/lib/python3.7/site-packages/airflow/example_dags/example_branch_day_of_week_operator.py for tasks to queue
[2024-06-04T23:44:38.181+0000] {logging_mixin.py:137} INFO - [2024-06-04T23:44:38.181+0000] {dagbag.py:538} INFO - Filling up the DagBag from /home/airflow/.local/lib/python3.7/site-packages/airflow/example_dags/example_branch_day_of_week_operator.py
[2024-06-04T23:44:38.192+0000] {processor.py:753} INFO - DAG(s) dict_keys(['example_weekday_branch_operator']) retrieved from /home/airflow/.local/lib/python3.7/site-packages/airflow/example_dags/example_branch_day_of_week_operator.py
[2024-06-04T23:44:38.210+0000] {logging_mixin.py:137} INFO - [2024-06-04T23:44:38.210+0000] {dag.py:2690} INFO - Sync 1 DAGs
[2024-06-04T23:44:38.228+0000] {logging_mixin.py:137} INFO - [2024-06-04T23:44:38.228+0000] {dag.py:3441} INFO - Setting next_dagrun for example_weekday_branch_operator to 2024-06-03T00:00:00+00:00, run_after=2024-06-04T00:00:00+00:00
[2024-06-04T23:44:38.242+0000] {processor.py:175} INFO - Processing /home/airflow/.local/lib/python3.7/site-packages/airflow/example_dags/example_branch_day_of_week_operator.py took 0.064 seconds
[2024-06-04T23:45:08.750+0000] {processor.py:153} INFO - Started process (PID=2234) to work on /home/airflow/.local/lib/python3.7/site-packages/airflow/example_dags/example_branch_day_of_week_operator.py
[2024-06-04T23:45:08.751+0000] {processor.py:743} INFO - Processing file /home/airflow/.local/lib/python3.7/site-packages/airflow/example_dags/example_branch_day_of_week_operator.py for tasks to queue
[2024-06-04T23:45:08.752+0000] {logging_mixin.py:137} INFO - [2024-06-04T23:45:08.752+0000] {dagbag.py:538} INFO - Filling up the DagBag from /home/airflow/.local/lib/python3.7/site-packages/airflow/example_dags/example_branch_day_of_week_operator.py
[2024-06-04T23:45:08.773+0000] {processor.py:753} INFO - DAG(s) dict_keys(['example_weekday_branch_operator']) retrieved from /home/airflow/.local/lib/python3.7/site-packages/airflow/example_dags/example_branch_day_of_week_operator.py
[2024-06-04T23:45:08.812+0000] {logging_mixin.py:137} INFO - [2024-06-04T23:45:08.811+0000] {dag.py:2690} INFO - Sync 1 DAGs
[2024-06-04T23:45:08.872+0000] {logging_mixin.py:137} INFO - [2024-06-04T23:45:08.872+0000] {dag.py:3441} INFO - Setting next_dagrun for example_weekday_branch_operator to 2024-06-03T00:00:00+00:00, run_after=2024-06-04T00:00:00+00:00
[2024-06-04T23:45:08.905+0000] {processor.py:175} INFO - Processing /home/airflow/.local/lib/python3.7/site-packages/airflow/example_dags/example_branch_day_of_week_operator.py took 0.158 seconds
[2024-06-04T23:45:39.727+0000] {processor.py:153} INFO - Started process (PID=2567) to work on /home/airflow/.local/lib/python3.7/site-packages/airflow/example_dags/example_branch_day_of_week_operator.py
[2024-06-04T23:45:39.728+0000] {processor.py:743} INFO - Processing file /home/airflow/.local/lib/python3.7/site-packages/airflow/example_dags/example_branch_day_of_week_operator.py for tasks to queue
[2024-06-04T23:45:39.728+0000] {logging_mixin.py:137} INFO - [2024-06-04T23:45:39.728+0000] {dagbag.py:538} INFO - Filling up the DagBag from /home/airflow/.local/lib/python3.7/site-packages/airflow/example_dags/example_branch_day_of_week_operator.py
[2024-06-04T23:45:39.741+0000] {processor.py:753} INFO - DAG(s) dict_keys(['example_weekday_branch_operator']) retrieved from /home/airflow/.local/lib/python3.7/site-packages/airflow/example_dags/example_branch_day_of_week_operator.py
[2024-06-04T23:45:39.761+0000] {logging_mixin.py:137} INFO - [2024-06-04T23:45:39.761+0000] {dag.py:2690} INFO - Sync 1 DAGs
[2024-06-04T23:45:39.784+0000] {logging_mixin.py:137} INFO - [2024-06-04T23:45:39.784+0000] {dag.py:3441} INFO - Setting next_dagrun for example_weekday_branch_operator to 2024-06-03T00:00:00+00:00, run_after=2024-06-04T00:00:00+00:00
[2024-06-04T23:45:39.807+0000] {processor.py:175} INFO - Processing /home/airflow/.local/lib/python3.7/site-packages/airflow/example_dags/example_branch_day_of_week_operator.py took 0.082 seconds
[2024-06-04T23:46:10.268+0000] {processor.py:153} INFO - Started process (PID=2926) to work on /home/airflow/.local/lib/python3.7/site-packages/airflow/example_dags/example_branch_day_of_week_operator.py
[2024-06-04T23:46:10.269+0000] {processor.py:743} INFO - Processing file /home/airflow/.local/lib/python3.7/site-packages/airflow/example_dags/example_branch_day_of_week_operator.py for tasks to queue
[2024-06-04T23:46:10.270+0000] {logging_mixin.py:137} INFO - [2024-06-04T23:46:10.269+0000] {dagbag.py:538} INFO - Filling up the DagBag from /home/airflow/.local/lib/python3.7/site-packages/airflow/example_dags/example_branch_day_of_week_operator.py
[2024-06-04T23:46:10.283+0000] {processor.py:753} INFO - DAG(s) dict_keys(['example_weekday_branch_operator']) retrieved from /home/airflow/.local/lib/python3.7/site-packages/airflow/example_dags/example_branch_day_of_week_operator.py
[2024-06-04T23:46:10.313+0000] {logging_mixin.py:137} INFO - [2024-06-04T23:46:10.313+0000] {dag.py:2690} INFO - Sync 1 DAGs
[2024-06-04T23:46:10.348+0000] {logging_mixin.py:137} INFO - [2024-06-04T23:46:10.348+0000] {dag.py:3441} INFO - Setting next_dagrun for example_weekday_branch_operator to 2024-06-03T00:00:00+00:00, run_after=2024-06-04T00:00:00+00:00
[2024-06-04T23:46:10.371+0000] {processor.py:175} INFO - Processing /home/airflow/.local/lib/python3.7/site-packages/airflow/example_dags/example_branch_day_of_week_operator.py took 0.106 seconds
[2024-06-04T23:46:40.771+0000] {processor.py:153} INFO - Started process (PID=3271) to work on /home/airflow/.local/lib/python3.7/site-packages/airflow/example_dags/example_branch_day_of_week_operator.py
[2024-06-04T23:46:40.772+0000] {processor.py:743} INFO - Processing file /home/airflow/.local/lib/python3.7/site-packages/airflow/example_dags/example_branch_day_of_week_operator.py for tasks to queue
[2024-06-04T23:46:40.772+0000] {logging_mixin.py:137} INFO - [2024-06-04T23:46:40.772+0000] {dagbag.py:538} INFO - Filling up the DagBag from /home/airflow/.local/lib/python3.7/site-packages/airflow/example_dags/example_branch_day_of_week_operator.py
[2024-06-04T23:46:40.790+0000] {processor.py:753} INFO - DAG(s) dict_keys(['example_weekday_branch_operator']) retrieved from /home/airflow/.local/lib/python3.7/site-packages/airflow/example_dags/example_branch_day_of_week_operator.py
[2024-06-04T23:46:40.816+0000] {logging_mixin.py:137} INFO - [2024-06-04T23:46:40.816+0000] {dag.py:2690} INFO - Sync 1 DAGs
[2024-06-04T23:46:40.846+0000] {logging_mixin.py:137} INFO - [2024-06-04T23:46:40.846+0000] {dag.py:3441} INFO - Setting next_dagrun for example_weekday_branch_operator to 2024-06-03T00:00:00+00:00, run_after=2024-06-04T00:00:00+00:00
[2024-06-04T23:46:40.866+0000] {processor.py:175} INFO - Processing /home/airflow/.local/lib/python3.7/site-packages/airflow/example_dags/example_branch_day_of_week_operator.py took 0.099 seconds
[2024-06-04T23:47:11.107+0000] {processor.py:153} INFO - Started process (PID=3611) to work on /home/airflow/.local/lib/python3.7/site-packages/airflow/example_dags/example_branch_day_of_week_operator.py
[2024-06-04T23:47:11.107+0000] {processor.py:743} INFO - Processing file /home/airflow/.local/lib/python3.7/site-packages/airflow/example_dags/example_branch_day_of_week_operator.py for tasks to queue
[2024-06-04T23:47:11.108+0000] {logging_mixin.py:137} INFO - [2024-06-04T23:47:11.108+0000] {dagbag.py:538} INFO - Filling up the DagBag from /home/airflow/.local/lib/python3.7/site-packages/airflow/example_dags/example_branch_day_of_week_operator.py
[2024-06-04T23:47:11.122+0000] {processor.py:753} INFO - DAG(s) dict_keys(['example_weekday_branch_operator']) retrieved from /home/airflow/.local/lib/python3.7/site-packages/airflow/example_dags/example_branch_day_of_week_operator.py
[2024-06-04T23:47:11.148+0000] {logging_mixin.py:137} INFO - [2024-06-04T23:47:11.148+0000] {dag.py:2690} INFO - Sync 1 DAGs
[2024-06-04T23:47:11.175+0000] {logging_mixin.py:137} INFO - [2024-06-04T23:47:11.175+0000] {dag.py:3441} INFO - Setting next_dagrun for example_weekday_branch_operator to 2024-06-03T00:00:00+00:00, run_after=2024-06-04T00:00:00+00:00
[2024-06-04T23:47:11.191+0000] {processor.py:175} INFO - Processing /home/airflow/.local/lib/python3.7/site-packages/airflow/example_dags/example_branch_day_of_week_operator.py took 0.087 seconds
[2024-06-04T23:47:41.711+0000] {processor.py:153} INFO - Started process (PID=3965) to work on /home/airflow/.local/lib/python3.7/site-packages/airflow/example_dags/example_branch_day_of_week_operator.py
[2024-06-04T23:47:41.712+0000] {processor.py:743} INFO - Processing file /home/airflow/.local/lib/python3.7/site-packages/airflow/example_dags/example_branch_day_of_week_operator.py for tasks to queue
[2024-06-04T23:47:41.713+0000] {logging_mixin.py:137} INFO - [2024-06-04T23:47:41.713+0000] {dagbag.py:538} INFO - Filling up the DagBag from /home/airflow/.local/lib/python3.7/site-packages/airflow/example_dags/example_branch_day_of_week_operator.py
[2024-06-04T23:47:41.733+0000] {processor.py:753} INFO - DAG(s) dict_keys(['example_weekday_branch_operator']) retrieved from /home/airflow/.local/lib/python3.7/site-packages/airflow/example_dags/example_branch_day_of_week_operator.py
[2024-06-04T23:47:41.765+0000] {logging_mixin.py:137} INFO - [2024-06-04T23:47:41.765+0000] {dag.py:2690} INFO - Sync 1 DAGs
[2024-06-04T23:47:41.797+0000] {logging_mixin.py:137} INFO - [2024-06-04T23:47:41.797+0000] {dag.py:3441} INFO - Setting next_dagrun for example_weekday_branch_operator to 2024-06-03T00:00:00+00:00, run_after=2024-06-04T00:00:00+00:00
[2024-06-04T23:47:41.818+0000] {processor.py:175} INFO - Processing /home/airflow/.local/lib/python3.7/site-packages/airflow/example_dags/example_branch_day_of_week_operator.py took 0.111 seconds
[2024-06-04T23:48:12.038+0000] {processor.py:153} INFO - Started process (PID=4325) to work on /home/airflow/.local/lib/python3.7/site-packages/airflow/example_dags/example_branch_day_of_week_operator.py
[2024-06-04T23:48:12.040+0000] {processor.py:743} INFO - Processing file /home/airflow/.local/lib/python3.7/site-packages/airflow/example_dags/example_branch_day_of_week_operator.py for tasks to queue
[2024-06-04T23:48:12.041+0000] {logging_mixin.py:137} INFO - [2024-06-04T23:48:12.041+0000] {dagbag.py:538} INFO - Filling up the DagBag from /home/airflow/.local/lib/python3.7/site-packages/airflow/example_dags/example_branch_day_of_week_operator.py
[2024-06-04T23:48:12.055+0000] {processor.py:753} INFO - DAG(s) dict_keys(['example_weekday_branch_operator']) retrieved from /home/airflow/.local/lib/python3.7/site-packages/airflow/example_dags/example_branch_day_of_week_operator.py
[2024-06-04T23:48:12.083+0000] {logging_mixin.py:137} INFO - [2024-06-04T23:48:12.082+0000] {dag.py:2690} INFO - Sync 1 DAGs
[2024-06-04T23:48:12.110+0000] {logging_mixin.py:137} INFO - [2024-06-04T23:48:12.110+0000] {dag.py:3441} INFO - Setting next_dagrun for example_weekday_branch_operator to 2024-06-03T00:00:00+00:00, run_after=2024-06-04T00:00:00+00:00
[2024-06-04T23:48:12.133+0000] {processor.py:175} INFO - Processing /home/airflow/.local/lib/python3.7/site-packages/airflow/example_dags/example_branch_day_of_week_operator.py took 0.098 seconds
[2024-06-04T23:48:42.360+0000] {processor.py:153} INFO - Started process (PID=4689) to work on /home/airflow/.local/lib/python3.7/site-packages/airflow/example_dags/example_branch_day_of_week_operator.py
[2024-06-04T23:48:42.361+0000] {processor.py:743} INFO - Processing file /home/airflow/.local/lib/python3.7/site-packages/airflow/example_dags/example_branch_day_of_week_operator.py for tasks to queue
[2024-06-04T23:48:42.361+0000] {logging_mixin.py:137} INFO - [2024-06-04T23:48:42.361+0000] {dagbag.py:538} INFO - Filling up the DagBag from /home/airflow/.local/lib/python3.7/site-packages/airflow/example_dags/example_branch_day_of_week_operator.py
[2024-06-04T23:48:42.384+0000] {processor.py:753} INFO - DAG(s) dict_keys(['example_weekday_branch_operator']) retrieved from /home/airflow/.local/lib/python3.7/site-packages/airflow/example_dags/example_branch_day_of_week_operator.py
[2024-06-04T23:48:42.421+0000] {logging_mixin.py:137} INFO - [2024-06-04T23:48:42.421+0000] {dag.py:2690} INFO - Sync 1 DAGs
[2024-06-04T23:48:42.460+0000] {logging_mixin.py:137} INFO - [2024-06-04T23:48:42.460+0000] {dag.py:3441} INFO - Setting next_dagrun for example_weekday_branch_operator to 2024-06-03T00:00:00+00:00, run_after=2024-06-04T00:00:00+00:00
[2024-06-04T23:48:42.488+0000] {processor.py:175} INFO - Processing /home/airflow/.local/lib/python3.7/site-packages/airflow/example_dags/example_branch_day_of_week_operator.py took 0.133 seconds
[2024-06-04T23:49:13.381+0000] {processor.py:153} INFO - Started process (PID=5095) to work on /home/airflow/.local/lib/python3.7/site-packages/airflow/example_dags/example_branch_day_of_week_operator.py
[2024-06-04T23:49:13.382+0000] {processor.py:743} INFO - Processing file /home/airflow/.local/lib/python3.7/site-packages/airflow/example_dags/example_branch_day_of_week_operator.py for tasks to queue
[2024-06-04T23:49:13.382+0000] {logging_mixin.py:137} INFO - [2024-06-04T23:49:13.382+0000] {dagbag.py:538} INFO - Filling up the DagBag from /home/airflow/.local/lib/python3.7/site-packages/airflow/example_dags/example_branch_day_of_week_operator.py
[2024-06-04T23:49:13.402+0000] {processor.py:753} INFO - DAG(s) dict_keys(['example_weekday_branch_operator']) retrieved from /home/airflow/.local/lib/python3.7/site-packages/airflow/example_dags/example_branch_day_of_week_operator.py
[2024-06-04T23:49:13.433+0000] {logging_mixin.py:137} INFO - [2024-06-04T23:49:13.432+0000] {dag.py:2690} INFO - Sync 1 DAGs
[2024-06-04T23:49:13.460+0000] {logging_mixin.py:137} INFO - [2024-06-04T23:49:13.460+0000] {dag.py:3441} INFO - Setting next_dagrun for example_weekday_branch_operator to 2024-06-04T00:00:00+00:00, run_after=2024-06-05T00:00:00+00:00
[2024-06-04T23:49:13.482+0000] {processor.py:175} INFO - Processing /home/airflow/.local/lib/python3.7/site-packages/airflow/example_dags/example_branch_day_of_week_operator.py took 0.104 seconds
[2024-06-04T23:49:43.580+0000] {processor.py:153} INFO - Started process (PID=5438) to work on /home/airflow/.local/lib/python3.7/site-packages/airflow/example_dags/example_branch_day_of_week_operator.py
[2024-06-04T23:49:43.581+0000] {processor.py:743} INFO - Processing file /home/airflow/.local/lib/python3.7/site-packages/airflow/example_dags/example_branch_day_of_week_operator.py for tasks to queue
[2024-06-04T23:49:43.582+0000] {logging_mixin.py:137} INFO - [2024-06-04T23:49:43.582+0000] {dagbag.py:538} INFO - Filling up the DagBag from /home/airflow/.local/lib/python3.7/site-packages/airflow/example_dags/example_branch_day_of_week_operator.py
[2024-06-04T23:49:43.592+0000] {processor.py:753} INFO - DAG(s) dict_keys(['example_weekday_branch_operator']) retrieved from /home/airflow/.local/lib/python3.7/site-packages/airflow/example_dags/example_branch_day_of_week_operator.py
[2024-06-04T23:49:43.609+0000] {logging_mixin.py:137} INFO - [2024-06-04T23:49:43.609+0000] {dag.py:2690} INFO - Sync 1 DAGs
[2024-06-04T23:49:43.627+0000] {logging_mixin.py:137} INFO - [2024-06-04T23:49:43.627+0000] {dag.py:3441} INFO - Setting next_dagrun for example_weekday_branch_operator to 2024-06-04T00:00:00+00:00, run_after=2024-06-05T00:00:00+00:00
[2024-06-04T23:49:43.640+0000] {processor.py:175} INFO - Processing /home/airflow/.local/lib/python3.7/site-packages/airflow/example_dags/example_branch_day_of_week_operator.py took 0.062 seconds
[2024-06-04T23:50:13.897+0000] {processor.py:153} INFO - Started process (PID=5811) to work on /home/airflow/.local/lib/python3.7/site-packages/airflow/example_dags/example_branch_day_of_week_operator.py
[2024-06-04T23:50:13.898+0000] {processor.py:743} INFO - Processing file /home/airflow/.local/lib/python3.7/site-packages/airflow/example_dags/example_branch_day_of_week_operator.py for tasks to queue
[2024-06-04T23:50:13.899+0000] {logging_mixin.py:137} INFO - [2024-06-04T23:50:13.899+0000] {dagbag.py:538} INFO - Filling up the DagBag from /home/airflow/.local/lib/python3.7/site-packages/airflow/example_dags/example_branch_day_of_week_operator.py
[2024-06-04T23:50:13.919+0000] {processor.py:753} INFO - DAG(s) dict_keys(['example_weekday_branch_operator']) retrieved from /home/airflow/.local/lib/python3.7/site-packages/airflow/example_dags/example_branch_day_of_week_operator.py
[2024-06-04T23:50:13.951+0000] {logging_mixin.py:137} INFO - [2024-06-04T23:50:13.951+0000] {dag.py:2690} INFO - Sync 1 DAGs
[2024-06-04T23:50:13.988+0000] {logging_mixin.py:137} INFO - [2024-06-04T23:50:13.987+0000] {dag.py:3441} INFO - Setting next_dagrun for example_weekday_branch_operator to 2024-06-04T00:00:00+00:00, run_after=2024-06-05T00:00:00+00:00
[2024-06-04T23:50:14.008+0000] {processor.py:175} INFO - Processing /home/airflow/.local/lib/python3.7/site-packages/airflow/example_dags/example_branch_day_of_week_operator.py took 0.115 seconds
[2024-06-04T23:50:44.046+0000] {processor.py:153} INFO - Started process (PID=6188) to work on /home/airflow/.local/lib/python3.7/site-packages/airflow/example_dags/example_branch_day_of_week_operator.py
[2024-06-04T23:50:44.047+0000] {processor.py:743} INFO - Processing file /home/airflow/.local/lib/python3.7/site-packages/airflow/example_dags/example_branch_day_of_week_operator.py for tasks to queue
[2024-06-04T23:50:44.048+0000] {logging_mixin.py:137} INFO - [2024-06-04T23:50:44.048+0000] {dagbag.py:538} INFO - Filling up the DagBag from /home/airflow/.local/lib/python3.7/site-packages/airflow/example_dags/example_branch_day_of_week_operator.py
[2024-06-04T23:50:44.068+0000] {processor.py:753} INFO - DAG(s) dict_keys(['example_weekday_branch_operator']) retrieved from /home/airflow/.local/lib/python3.7/site-packages/airflow/example_dags/example_branch_day_of_week_operator.py
[2024-06-04T23:50:44.095+0000] {logging_mixin.py:137} INFO - [2024-06-04T23:50:44.095+0000] {dag.py:2690} INFO - Sync 1 DAGs
[2024-06-04T23:50:44.126+0000] {logging_mixin.py:137} INFO - [2024-06-04T23:50:44.126+0000] {dag.py:3441} INFO - Setting next_dagrun for example_weekday_branch_operator to 2024-06-04T00:00:00+00:00, run_after=2024-06-05T00:00:00+00:00
[2024-06-04T23:50:44.151+0000] {processor.py:175} INFO - Processing /home/airflow/.local/lib/python3.7/site-packages/airflow/example_dags/example_branch_day_of_week_operator.py took 0.108 seconds
[2024-06-04T23:51:14.217+0000] {processor.py:153} INFO - Started process (PID=6522) to work on /home/airflow/.local/lib/python3.7/site-packages/airflow/example_dags/example_branch_day_of_week_operator.py
[2024-06-04T23:51:14.218+0000] {processor.py:743} INFO - Processing file /home/airflow/.local/lib/python3.7/site-packages/airflow/example_dags/example_branch_day_of_week_operator.py for tasks to queue
[2024-06-04T23:51:14.218+0000] {logging_mixin.py:137} INFO - [2024-06-04T23:51:14.218+0000] {dagbag.py:538} INFO - Filling up the DagBag from /home/airflow/.local/lib/python3.7/site-packages/airflow/example_dags/example_branch_day_of_week_operator.py
[2024-06-04T23:51:14.231+0000] {processor.py:753} INFO - DAG(s) dict_keys(['example_weekday_branch_operator']) retrieved from /home/airflow/.local/lib/python3.7/site-packages/airflow/example_dags/example_branch_day_of_week_operator.py
[2024-06-04T23:51:14.254+0000] {logging_mixin.py:137} INFO - [2024-06-04T23:51:14.254+0000] {dag.py:2690} INFO - Sync 1 DAGs
[2024-06-04T23:51:14.279+0000] {logging_mixin.py:137} INFO - [2024-06-04T23:51:14.279+0000] {dag.py:3441} INFO - Setting next_dagrun for example_weekday_branch_operator to 2024-06-04T00:00:00+00:00, run_after=2024-06-05T00:00:00+00:00
[2024-06-04T23:51:14.298+0000] {processor.py:175} INFO - Processing /home/airflow/.local/lib/python3.7/site-packages/airflow/example_dags/example_branch_day_of_week_operator.py took 0.084 seconds
[2024-06-04T23:51:44.488+0000] {processor.py:153} INFO - Started process (PID=6865) to work on /home/airflow/.local/lib/python3.7/site-packages/airflow/example_dags/example_branch_day_of_week_operator.py
[2024-06-04T23:51:44.489+0000] {processor.py:743} INFO - Processing file /home/airflow/.local/lib/python3.7/site-packages/airflow/example_dags/example_branch_day_of_week_operator.py for tasks to queue
[2024-06-04T23:51:44.489+0000] {logging_mixin.py:137} INFO - [2024-06-04T23:51:44.489+0000] {dagbag.py:538} INFO - Filling up the DagBag from /home/airflow/.local/lib/python3.7/site-packages/airflow/example_dags/example_branch_day_of_week_operator.py
[2024-06-04T23:51:44.500+0000] {processor.py:753} INFO - DAG(s) dict_keys(['example_weekday_branch_operator']) retrieved from /home/airflow/.local/lib/python3.7/site-packages/airflow/example_dags/example_branch_day_of_week_operator.py
[2024-06-04T23:51:44.517+0000] {logging_mixin.py:137} INFO - [2024-06-04T23:51:44.517+0000] {dag.py:2690} INFO - Sync 1 DAGs
[2024-06-04T23:51:44.535+0000] {logging_mixin.py:137} INFO - [2024-06-04T23:51:44.535+0000] {dag.py:3441} INFO - Setting next_dagrun for example_weekday_branch_operator to 2024-06-04T00:00:00+00:00, run_after=2024-06-05T00:00:00+00:00
[2024-06-04T23:51:44.547+0000] {processor.py:175} INFO - Processing /home/airflow/.local/lib/python3.7/site-packages/airflow/example_dags/example_branch_day_of_week_operator.py took 0.061 seconds
[2024-06-04T23:52:14.912+0000] {processor.py:153} INFO - Started process (PID=7197) to work on /home/airflow/.local/lib/python3.7/site-packages/airflow/example_dags/example_branch_day_of_week_operator.py
[2024-06-04T23:52:14.913+0000] {processor.py:743} INFO - Processing file /home/airflow/.local/lib/python3.7/site-packages/airflow/example_dags/example_branch_day_of_week_operator.py for tasks to queue
[2024-06-04T23:52:14.913+0000] {logging_mixin.py:137} INFO - [2024-06-04T23:52:14.913+0000] {dagbag.py:538} INFO - Filling up the DagBag from /home/airflow/.local/lib/python3.7/site-packages/airflow/example_dags/example_branch_day_of_week_operator.py
[2024-06-04T23:52:14.926+0000] {processor.py:753} INFO - DAG(s) dict_keys(['example_weekday_branch_operator']) retrieved from /home/airflow/.local/lib/python3.7/site-packages/airflow/example_dags/example_branch_day_of_week_operator.py
[2024-06-04T23:52:14.946+0000] {logging_mixin.py:137} INFO - [2024-06-04T23:52:14.945+0000] {dag.py:2690} INFO - Sync 1 DAGs
[2024-06-04T23:52:14.966+0000] {logging_mixin.py:137} INFO - [2024-06-04T23:52:14.966+0000] {dag.py:3441} INFO - Setting next_dagrun for example_weekday_branch_operator to 2024-06-04T00:00:00+00:00, run_after=2024-06-05T00:00:00+00:00
[2024-06-04T23:52:14.979+0000] {processor.py:175} INFO - Processing /home/airflow/.local/lib/python3.7/site-packages/airflow/example_dags/example_branch_day_of_week_operator.py took 0.069 seconds
[2024-06-04T23:52:45.053+0000] {processor.py:153} INFO - Started process (PID=7548) to work on /home/airflow/.local/lib/python3.7/site-packages/airflow/example_dags/example_branch_day_of_week_operator.py
[2024-06-04T23:52:45.054+0000] {processor.py:743} INFO - Processing file /home/airflow/.local/lib/python3.7/site-packages/airflow/example_dags/example_branch_day_of_week_operator.py for tasks to queue
[2024-06-04T23:52:45.055+0000] {logging_mixin.py:137} INFO - [2024-06-04T23:52:45.054+0000] {dagbag.py:538} INFO - Filling up the DagBag from /home/airflow/.local/lib/python3.7/site-packages/airflow/example_dags/example_branch_day_of_week_operator.py
[2024-06-04T23:52:45.068+0000] {processor.py:753} INFO - DAG(s) dict_keys(['example_weekday_branch_operator']) retrieved from /home/airflow/.local/lib/python3.7/site-packages/airflow/example_dags/example_branch_day_of_week_operator.py
[2024-06-04T23:52:45.091+0000] {logging_mixin.py:137} INFO - [2024-06-04T23:52:45.091+0000] {dag.py:2690} INFO - Sync 1 DAGs
[2024-06-04T23:52:45.116+0000] {logging_mixin.py:137} INFO - [2024-06-04T23:52:45.115+0000] {dag.py:3441} INFO - Setting next_dagrun for example_weekday_branch_operator to 2024-06-04T00:00:00+00:00, run_after=2024-06-05T00:00:00+00:00
[2024-06-04T23:52:45.133+0000] {processor.py:175} INFO - Processing /home/airflow/.local/lib/python3.7/site-packages/airflow/example_dags/example_branch_day_of_week_operator.py took 0.083 seconds
[2024-06-04T23:53:15.712+0000] {processor.py:153} INFO - Started process (PID=7912) to work on /home/airflow/.local/lib/python3.7/site-packages/airflow/example_dags/example_branch_day_of_week_operator.py
[2024-06-04T23:53:15.713+0000] {processor.py:743} INFO - Processing file /home/airflow/.local/lib/python3.7/site-packages/airflow/example_dags/example_branch_day_of_week_operator.py for tasks to queue
[2024-06-04T23:53:15.713+0000] {logging_mixin.py:137} INFO - [2024-06-04T23:53:15.713+0000] {dagbag.py:538} INFO - Filling up the DagBag from /home/airflow/.local/lib/python3.7/site-packages/airflow/example_dags/example_branch_day_of_week_operator.py
[2024-06-04T23:53:15.725+0000] {processor.py:753} INFO - DAG(s) dict_keys(['example_weekday_branch_operator']) retrieved from /home/airflow/.local/lib/python3.7/site-packages/airflow/example_dags/example_branch_day_of_week_operator.py
[2024-06-04T23:53:15.754+0000] {logging_mixin.py:137} INFO - [2024-06-04T23:53:15.754+0000] {dag.py:2690} INFO - Sync 1 DAGs
[2024-06-04T23:53:15.790+0000] {logging_mixin.py:137} INFO - [2024-06-04T23:53:15.790+0000] {dag.py:3441} INFO - Setting next_dagrun for example_weekday_branch_operator to 2024-06-04T00:00:00+00:00, run_after=2024-06-05T00:00:00+00:00
[2024-06-04T23:53:15.812+0000] {processor.py:175} INFO - Processing /home/airflow/.local/lib/python3.7/site-packages/airflow/example_dags/example_branch_day_of_week_operator.py took 0.102 seconds
[2024-06-04T23:53:45.863+0000] {processor.py:153} INFO - Started process (PID=8238) to work on /home/airflow/.local/lib/python3.7/site-packages/airflow/example_dags/example_branch_day_of_week_operator.py
[2024-06-04T23:53:45.864+0000] {processor.py:743} INFO - Processing file /home/airflow/.local/lib/python3.7/site-packages/airflow/example_dags/example_branch_day_of_week_operator.py for tasks to queue
[2024-06-04T23:53:45.865+0000] {logging_mixin.py:137} INFO - [2024-06-04T23:53:45.865+0000] {dagbag.py:538} INFO - Filling up the DagBag from /home/airflow/.local/lib/python3.7/site-packages/airflow/example_dags/example_branch_day_of_week_operator.py
[2024-06-04T23:53:45.878+0000] {processor.py:753} INFO - DAG(s) dict_keys(['example_weekday_branch_operator']) retrieved from /home/airflow/.local/lib/python3.7/site-packages/airflow/example_dags/example_branch_day_of_week_operator.py
[2024-06-04T23:53:45.900+0000] {logging_mixin.py:137} INFO - [2024-06-04T23:53:45.899+0000] {dag.py:2690} INFO - Sync 1 DAGs
[2024-06-04T23:53:45.921+0000] {logging_mixin.py:137} INFO - [2024-06-04T23:53:45.921+0000] {dag.py:3441} INFO - Setting next_dagrun for example_weekday_branch_operator to 2024-06-04T00:00:00+00:00, run_after=2024-06-05T00:00:00+00:00
[2024-06-04T23:53:45.936+0000] {processor.py:175} INFO - Processing /home/airflow/.local/lib/python3.7/site-packages/airflow/example_dags/example_branch_day_of_week_operator.py took 0.075 seconds
[2024-06-04T23:54:16.505+0000] {processor.py:153} INFO - Started process (PID=8564) to work on /home/airflow/.local/lib/python3.7/site-packages/airflow/example_dags/example_branch_day_of_week_operator.py
[2024-06-04T23:54:16.510+0000] {processor.py:743} INFO - Processing file /home/airflow/.local/lib/python3.7/site-packages/airflow/example_dags/example_branch_day_of_week_operator.py for tasks to queue
[2024-06-04T23:54:16.511+0000] {logging_mixin.py:137} INFO - [2024-06-04T23:54:16.511+0000] {dagbag.py:538} INFO - Filling up the DagBag from /home/airflow/.local/lib/python3.7/site-packages/airflow/example_dags/example_branch_day_of_week_operator.py
[2024-06-04T23:54:16.543+0000] {processor.py:753} INFO - DAG(s) dict_keys(['example_weekday_branch_operator']) retrieved from /home/airflow/.local/lib/python3.7/site-packages/airflow/example_dags/example_branch_day_of_week_operator.py
[2024-06-04T23:54:16.574+0000] {logging_mixin.py:137} INFO - [2024-06-04T23:54:16.574+0000] {dag.py:2690} INFO - Sync 1 DAGs
[2024-06-04T23:54:16.604+0000] {logging_mixin.py:137} INFO - [2024-06-04T23:54:16.604+0000] {dag.py:3441} INFO - Setting next_dagrun for example_weekday_branch_operator to 2024-06-04T00:00:00+00:00, run_after=2024-06-05T00:00:00+00:00
[2024-06-04T23:54:16.623+0000] {processor.py:175} INFO - Processing /home/airflow/.local/lib/python3.7/site-packages/airflow/example_dags/example_branch_day_of_week_operator.py took 0.121 seconds
[2024-06-04T23:54:46.651+0000] {processor.py:153} INFO - Started process (PID=8684) to work on /home/airflow/.local/lib/python3.7/site-packages/airflow/example_dags/example_branch_day_of_week_operator.py
[2024-06-04T23:54:46.652+0000] {processor.py:743} INFO - Processing file /home/airflow/.local/lib/python3.7/site-packages/airflow/example_dags/example_branch_day_of_week_operator.py for tasks to queue
[2024-06-04T23:54:46.652+0000] {logging_mixin.py:137} INFO - [2024-06-04T23:54:46.652+0000] {dagbag.py:538} INFO - Filling up the DagBag from /home/airflow/.local/lib/python3.7/site-packages/airflow/example_dags/example_branch_day_of_week_operator.py
[2024-06-04T23:54:46.663+0000] {processor.py:753} INFO - DAG(s) dict_keys(['example_weekday_branch_operator']) retrieved from /home/airflow/.local/lib/python3.7/site-packages/airflow/example_dags/example_branch_day_of_week_operator.py
[2024-06-04T23:54:46.681+0000] {logging_mixin.py:137} INFO - [2024-06-04T23:54:46.681+0000] {dag.py:2690} INFO - Sync 1 DAGs
[2024-06-04T23:54:46.700+0000] {logging_mixin.py:137} INFO - [2024-06-04T23:54:46.700+0000] {dag.py:3441} INFO - Setting next_dagrun for example_weekday_branch_operator to 2024-06-04T00:00:00+00:00, run_after=2024-06-05T00:00:00+00:00
[2024-06-04T23:54:46.714+0000] {processor.py:175} INFO - Processing /home/airflow/.local/lib/python3.7/site-packages/airflow/example_dags/example_branch_day_of_week_operator.py took 0.065 seconds
[2024-06-04T23:55:16.854+0000] {processor.py:153} INFO - Started process (PID=8800) to work on /home/airflow/.local/lib/python3.7/site-packages/airflow/example_dags/example_branch_day_of_week_operator.py
[2024-06-04T23:55:16.855+0000] {processor.py:743} INFO - Processing file /home/airflow/.local/lib/python3.7/site-packages/airflow/example_dags/example_branch_day_of_week_operator.py for tasks to queue
[2024-06-04T23:55:16.855+0000] {logging_mixin.py:137} INFO - [2024-06-04T23:55:16.855+0000] {dagbag.py:538} INFO - Filling up the DagBag from /home/airflow/.local/lib/python3.7/site-packages/airflow/example_dags/example_branch_day_of_week_operator.py
[2024-06-04T23:55:16.868+0000] {processor.py:753} INFO - DAG(s) dict_keys(['example_weekday_branch_operator']) retrieved from /home/airflow/.local/lib/python3.7/site-packages/airflow/example_dags/example_branch_day_of_week_operator.py
[2024-06-04T23:55:16.888+0000] {logging_mixin.py:137} INFO - [2024-06-04T23:55:16.888+0000] {dag.py:2690} INFO - Sync 1 DAGs
[2024-06-04T23:55:16.907+0000] {logging_mixin.py:137} INFO - [2024-06-04T23:55:16.907+0000] {dag.py:3441} INFO - Setting next_dagrun for example_weekday_branch_operator to 2024-06-04T00:00:00+00:00, run_after=2024-06-05T00:00:00+00:00
[2024-06-04T23:55:16.920+0000] {processor.py:175} INFO - Processing /home/airflow/.local/lib/python3.7/site-packages/airflow/example_dags/example_branch_day_of_week_operator.py took 0.069 seconds
[2024-06-04T23:55:47.675+0000] {processor.py:153} INFO - Started process (PID=8887) to work on /home/airflow/.local/lib/python3.7/site-packages/airflow/example_dags/example_branch_day_of_week_operator.py
[2024-06-04T23:55:47.675+0000] {processor.py:743} INFO - Processing file /home/airflow/.local/lib/python3.7/site-packages/airflow/example_dags/example_branch_day_of_week_operator.py for tasks to queue
[2024-06-04T23:55:47.676+0000] {logging_mixin.py:137} INFO - [2024-06-04T23:55:47.675+0000] {dagbag.py:538} INFO - Filling up the DagBag from /home/airflow/.local/lib/python3.7/site-packages/airflow/example_dags/example_branch_day_of_week_operator.py
[2024-06-04T23:55:47.687+0000] {processor.py:753} INFO - DAG(s) dict_keys(['example_weekday_branch_operator']) retrieved from /home/airflow/.local/lib/python3.7/site-packages/airflow/example_dags/example_branch_day_of_week_operator.py
[2024-06-04T23:55:47.705+0000] {logging_mixin.py:137} INFO - [2024-06-04T23:55:47.705+0000] {dag.py:2690} INFO - Sync 1 DAGs
[2024-06-04T23:55:47.724+0000] {logging_mixin.py:137} INFO - [2024-06-04T23:55:47.724+0000] {dag.py:3441} INFO - Setting next_dagrun for example_weekday_branch_operator to 2024-06-04T00:00:00+00:00, run_after=2024-06-05T00:00:00+00:00
[2024-06-04T23:55:47.736+0000] {processor.py:175} INFO - Processing /home/airflow/.local/lib/python3.7/site-packages/airflow/example_dags/example_branch_day_of_week_operator.py took 0.063 seconds
[2024-06-04T23:56:18.637+0000] {processor.py:153} INFO - Started process (PID=9006) to work on /home/airflow/.local/lib/python3.7/site-packages/airflow/example_dags/example_branch_day_of_week_operator.py
[2024-06-04T23:56:18.637+0000] {processor.py:743} INFO - Processing file /home/airflow/.local/lib/python3.7/site-packages/airflow/example_dags/example_branch_day_of_week_operator.py for tasks to queue
[2024-06-04T23:56:18.638+0000] {logging_mixin.py:137} INFO - [2024-06-04T23:56:18.638+0000] {dagbag.py:538} INFO - Filling up the DagBag from /home/airflow/.local/lib/python3.7/site-packages/airflow/example_dags/example_branch_day_of_week_operator.py
[2024-06-04T23:56:18.651+0000] {processor.py:753} INFO - DAG(s) dict_keys(['example_weekday_branch_operator']) retrieved from /home/airflow/.local/lib/python3.7/site-packages/airflow/example_dags/example_branch_day_of_week_operator.py
[2024-06-04T23:56:18.672+0000] {logging_mixin.py:137} INFO - [2024-06-04T23:56:18.672+0000] {dag.py:2690} INFO - Sync 1 DAGs
[2024-06-04T23:56:18.692+0000] {logging_mixin.py:137} INFO - [2024-06-04T23:56:18.692+0000] {dag.py:3441} INFO - Setting next_dagrun for example_weekday_branch_operator to 2024-06-04T00:00:00+00:00, run_after=2024-06-05T00:00:00+00:00
[2024-06-04T23:56:18.705+0000] {processor.py:175} INFO - Processing /home/airflow/.local/lib/python3.7/site-packages/airflow/example_dags/example_branch_day_of_week_operator.py took 0.072 seconds
[2024-06-04T23:56:48.874+0000] {processor.py:153} INFO - Started process (PID=9111) to work on /home/airflow/.local/lib/python3.7/site-packages/airflow/example_dags/example_branch_day_of_week_operator.py
[2024-06-04T23:56:48.875+0000] {processor.py:743} INFO - Processing file /home/airflow/.local/lib/python3.7/site-packages/airflow/example_dags/example_branch_day_of_week_operator.py for tasks to queue
[2024-06-04T23:56:48.875+0000] {logging_mixin.py:137} INFO - [2024-06-04T23:56:48.875+0000] {dagbag.py:538} INFO - Filling up the DagBag from /home/airflow/.local/lib/python3.7/site-packages/airflow/example_dags/example_branch_day_of_week_operator.py
[2024-06-04T23:56:48.886+0000] {processor.py:753} INFO - DAG(s) dict_keys(['example_weekday_branch_operator']) retrieved from /home/airflow/.local/lib/python3.7/site-packages/airflow/example_dags/example_branch_day_of_week_operator.py
[2024-06-04T23:56:48.905+0000] {logging_mixin.py:137} INFO - [2024-06-04T23:56:48.905+0000] {dag.py:2690} INFO - Sync 1 DAGs
[2024-06-04T23:56:48.923+0000] {logging_mixin.py:137} INFO - [2024-06-04T23:56:48.923+0000] {dag.py:3441} INFO - Setting next_dagrun for example_weekday_branch_operator to 2024-06-04T00:00:00+00:00, run_after=2024-06-05T00:00:00+00:00
[2024-06-04T23:56:48.937+0000] {processor.py:175} INFO - Processing /home/airflow/.local/lib/python3.7/site-packages/airflow/example_dags/example_branch_day_of_week_operator.py took 0.065 seconds
[2024-06-04T23:57:18.995+0000] {processor.py:153} INFO - Started process (PID=9231) to work on /home/airflow/.local/lib/python3.7/site-packages/airflow/example_dags/example_branch_day_of_week_operator.py
[2024-06-04T23:57:18.996+0000] {processor.py:743} INFO - Processing file /home/airflow/.local/lib/python3.7/site-packages/airflow/example_dags/example_branch_day_of_week_operator.py for tasks to queue
[2024-06-04T23:57:18.996+0000] {logging_mixin.py:137} INFO - [2024-06-04T23:57:18.996+0000] {dagbag.py:538} INFO - Filling up the DagBag from /home/airflow/.local/lib/python3.7/site-packages/airflow/example_dags/example_branch_day_of_week_operator.py
[2024-06-04T23:57:19.007+0000] {processor.py:753} INFO - DAG(s) dict_keys(['example_weekday_branch_operator']) retrieved from /home/airflow/.local/lib/python3.7/site-packages/airflow/example_dags/example_branch_day_of_week_operator.py
[2024-06-04T23:57:19.025+0000] {logging_mixin.py:137} INFO - [2024-06-04T23:57:19.025+0000] {dag.py:2690} INFO - Sync 1 DAGs
[2024-06-04T23:57:19.043+0000] {logging_mixin.py:137} INFO - [2024-06-04T23:57:19.043+0000] {dag.py:3441} INFO - Setting next_dagrun for example_weekday_branch_operator to 2024-06-04T00:00:00+00:00, run_after=2024-06-05T00:00:00+00:00
[2024-06-04T23:57:19.056+0000] {processor.py:175} INFO - Processing /home/airflow/.local/lib/python3.7/site-packages/airflow/example_dags/example_branch_day_of_week_operator.py took 0.062 seconds
[2024-06-04T23:57:49.094+0000] {processor.py:153} INFO - Started process (PID=9327) to work on /home/airflow/.local/lib/python3.7/site-packages/airflow/example_dags/example_branch_day_of_week_operator.py
[2024-06-04T23:57:49.094+0000] {processor.py:743} INFO - Processing file /home/airflow/.local/lib/python3.7/site-packages/airflow/example_dags/example_branch_day_of_week_operator.py for tasks to queue
[2024-06-04T23:57:49.095+0000] {logging_mixin.py:137} INFO - [2024-06-04T23:57:49.095+0000] {dagbag.py:538} INFO - Filling up the DagBag from /home/airflow/.local/lib/python3.7/site-packages/airflow/example_dags/example_branch_day_of_week_operator.py
[2024-06-04T23:57:49.107+0000] {processor.py:753} INFO - DAG(s) dict_keys(['example_weekday_branch_operator']) retrieved from /home/airflow/.local/lib/python3.7/site-packages/airflow/example_dags/example_branch_day_of_week_operator.py
[2024-06-04T23:57:49.133+0000] {logging_mixin.py:137} INFO - [2024-06-04T23:57:49.133+0000] {dag.py:2690} INFO - Sync 1 DAGs
[2024-06-04T23:57:49.163+0000] {logging_mixin.py:137} INFO - [2024-06-04T23:57:49.163+0000] {dag.py:3441} INFO - Setting next_dagrun for example_weekday_branch_operator to 2024-06-04T00:00:00+00:00, run_after=2024-06-05T00:00:00+00:00
[2024-06-04T23:57:49.190+0000] {processor.py:175} INFO - Processing /home/airflow/.local/lib/python3.7/site-packages/airflow/example_dags/example_branch_day_of_week_operator.py took 0.099 seconds
[2024-06-04T23:58:19.340+0000] {processor.py:153} INFO - Started process (PID=9438) to work on /home/airflow/.local/lib/python3.7/site-packages/airflow/example_dags/example_branch_day_of_week_operator.py
[2024-06-04T23:58:19.340+0000] {processor.py:743} INFO - Processing file /home/airflow/.local/lib/python3.7/site-packages/airflow/example_dags/example_branch_day_of_week_operator.py for tasks to queue
[2024-06-04T23:58:19.341+0000] {logging_mixin.py:137} INFO - [2024-06-04T23:58:19.341+0000] {dagbag.py:538} INFO - Filling up the DagBag from /home/airflow/.local/lib/python3.7/site-packages/airflow/example_dags/example_branch_day_of_week_operator.py
[2024-06-04T23:58:19.351+0000] {processor.py:753} INFO - DAG(s) dict_keys(['example_weekday_branch_operator']) retrieved from /home/airflow/.local/lib/python3.7/site-packages/airflow/example_dags/example_branch_day_of_week_operator.py
[2024-06-04T23:58:19.370+0000] {logging_mixin.py:137} INFO - [2024-06-04T23:58:19.370+0000] {dag.py:2690} INFO - Sync 1 DAGs
[2024-06-04T23:58:19.388+0000] {logging_mixin.py:137} INFO - [2024-06-04T23:58:19.388+0000] {dag.py:3441} INFO - Setting next_dagrun for example_weekday_branch_operator to 2024-06-04T00:00:00+00:00, run_after=2024-06-05T00:00:00+00:00
[2024-06-04T23:58:19.401+0000] {processor.py:175} INFO - Processing /home/airflow/.local/lib/python3.7/site-packages/airflow/example_dags/example_branch_day_of_week_operator.py took 0.063 seconds
[2024-06-04T23:58:49.659+0000] {processor.py:153} INFO - Started process (PID=9549) to work on /home/airflow/.local/lib/python3.7/site-packages/airflow/example_dags/example_branch_day_of_week_operator.py
[2024-06-04T23:58:49.659+0000] {processor.py:743} INFO - Processing file /home/airflow/.local/lib/python3.7/site-packages/airflow/example_dags/example_branch_day_of_week_operator.py for tasks to queue
[2024-06-04T23:58:49.660+0000] {logging_mixin.py:137} INFO - [2024-06-04T23:58:49.660+0000] {dagbag.py:538} INFO - Filling up the DagBag from /home/airflow/.local/lib/python3.7/site-packages/airflow/example_dags/example_branch_day_of_week_operator.py
[2024-06-04T23:58:49.671+0000] {processor.py:753} INFO - DAG(s) dict_keys(['example_weekday_branch_operator']) retrieved from /home/airflow/.local/lib/python3.7/site-packages/airflow/example_dags/example_branch_day_of_week_operator.py
[2024-06-04T23:58:49.689+0000] {logging_mixin.py:137} INFO - [2024-06-04T23:58:49.689+0000] {dag.py:2690} INFO - Sync 1 DAGs
[2024-06-04T23:58:49.708+0000] {logging_mixin.py:137} INFO - [2024-06-04T23:58:49.708+0000] {dag.py:3441} INFO - Setting next_dagrun for example_weekday_branch_operator to 2024-06-04T00:00:00+00:00, run_after=2024-06-05T00:00:00+00:00
[2024-06-04T23:58:49.724+0000] {processor.py:175} INFO - Processing /home/airflow/.local/lib/python3.7/site-packages/airflow/example_dags/example_branch_day_of_week_operator.py took 0.068 seconds
[2024-06-04T23:59:20.139+0000] {processor.py:153} INFO - Started process (PID=9641) to work on /home/airflow/.local/lib/python3.7/site-packages/airflow/example_dags/example_branch_day_of_week_operator.py
[2024-06-04T23:59:20.139+0000] {processor.py:743} INFO - Processing file /home/airflow/.local/lib/python3.7/site-packages/airflow/example_dags/example_branch_day_of_week_operator.py for tasks to queue
[2024-06-04T23:59:20.140+0000] {logging_mixin.py:137} INFO - [2024-06-04T23:59:20.139+0000] {dagbag.py:538} INFO - Filling up the DagBag from /home/airflow/.local/lib/python3.7/site-packages/airflow/example_dags/example_branch_day_of_week_operator.py
[2024-06-04T23:59:20.151+0000] {processor.py:753} INFO - DAG(s) dict_keys(['example_weekday_branch_operator']) retrieved from /home/airflow/.local/lib/python3.7/site-packages/airflow/example_dags/example_branch_day_of_week_operator.py
[2024-06-04T23:59:20.169+0000] {logging_mixin.py:137} INFO - [2024-06-04T23:59:20.168+0000] {dag.py:2690} INFO - Sync 1 DAGs
[2024-06-04T23:59:20.186+0000] {logging_mixin.py:137} INFO - [2024-06-04T23:59:20.186+0000] {dag.py:3441} INFO - Setting next_dagrun for example_weekday_branch_operator to 2024-06-04T00:00:00+00:00, run_after=2024-06-05T00:00:00+00:00
[2024-06-04T23:59:20.198+0000] {processor.py:175} INFO - Processing /home/airflow/.local/lib/python3.7/site-packages/airflow/example_dags/example_branch_day_of_week_operator.py took 0.062 seconds
[2024-06-04T23:59:50.924+0000] {processor.py:153} INFO - Started process (PID=9752) to work on /home/airflow/.local/lib/python3.7/site-packages/airflow/example_dags/example_branch_day_of_week_operator.py
[2024-06-04T23:59:50.924+0000] {processor.py:743} INFO - Processing file /home/airflow/.local/lib/python3.7/site-packages/airflow/example_dags/example_branch_day_of_week_operator.py for tasks to queue
[2024-06-04T23:59:50.925+0000] {logging_mixin.py:137} INFO - [2024-06-04T23:59:50.925+0000] {dagbag.py:538} INFO - Filling up the DagBag from /home/airflow/.local/lib/python3.7/site-packages/airflow/example_dags/example_branch_day_of_week_operator.py
[2024-06-04T23:59:50.937+0000] {processor.py:753} INFO - DAG(s) dict_keys(['example_weekday_branch_operator']) retrieved from /home/airflow/.local/lib/python3.7/site-packages/airflow/example_dags/example_branch_day_of_week_operator.py
[2024-06-04T23:59:50.955+0000] {logging_mixin.py:137} INFO - [2024-06-04T23:59:50.955+0000] {dag.py:2690} INFO - Sync 1 DAGs
[2024-06-04T23:59:50.975+0000] {logging_mixin.py:137} INFO - [2024-06-04T23:59:50.975+0000] {dag.py:3441} INFO - Setting next_dagrun for example_weekday_branch_operator to 2024-06-04T00:00:00+00:00, run_after=2024-06-05T00:00:00+00:00
[2024-06-04T23:59:50.987+0000] {processor.py:175} INFO - Processing /home/airflow/.local/lib/python3.7/site-packages/airflow/example_dags/example_branch_day_of_week_operator.py took 0.065 seconds
