[2024-06-04T23:37:26.185+0000] {processor.py:153} INFO - Started process (PID=56) to work on /home/airflow/.local/lib/python3.7/site-packages/airflow/example_dags/example_branch_datetime_operator.py
[2024-06-04T23:37:26.185+0000] {processor.py:743} INFO - Processing file /home/airflow/.local/lib/python3.7/site-packages/airflow/example_dags/example_branch_datetime_operator.py for tasks to queue
[2024-06-04T23:37:26.186+0000] {logging_mixin.py:137} INFO - [2024-06-04T23:37:26.186+0000] {dagbag.py:538} INFO - Filling up the DagBag from /home/airflow/.local/lib/python3.7/site-packages/airflow/example_dags/example_branch_datetime_operator.py
[2024-06-04T23:37:26.200+0000] {processor.py:753} INFO - DAG(s) dict_keys(['example_branch_datetime_operator_2', 'example_branch_datetime_operator_3', 'example_branch_datetime_operator']) retrieved from /home/airflow/.local/lib/python3.7/site-packages/airflow/example_dags/example_branch_datetime_operator.py
[2024-06-04T23:37:26.285+0000] {logging_mixin.py:137} INFO - [2024-06-04T23:37:26.285+0000] {manager.py:504} INFO - Created Permission View: can edit on DAG:example_branch_datetime_operator_2
[2024-06-04T23:37:26.292+0000] {logging_mixin.py:137} INFO - [2024-06-04T23:37:26.292+0000] {manager.py:504} INFO - Created Permission View: can read on DAG:example_branch_datetime_operator_2
[2024-06-04T23:37:26.297+0000] {logging_mixin.py:137} INFO - [2024-06-04T23:37:26.297+0000] {manager.py:504} INFO - Created Permission View: can delete on DAG:example_branch_datetime_operator_2
[2024-06-04T23:37:26.307+0000] {logging_mixin.py:137} INFO - [2024-06-04T23:37:26.307+0000] {manager.py:504} INFO - Created Permission View: can edit on DAG:example_branch_datetime_operator_3
[2024-06-04T23:37:26.312+0000] {logging_mixin.py:137} INFO - [2024-06-04T23:37:26.312+0000] {manager.py:504} INFO - Created Permission View: can read on DAG:example_branch_datetime_operator_3
[2024-06-04T23:37:26.317+0000] {logging_mixin.py:137} INFO - [2024-06-04T23:37:26.316+0000] {manager.py:504} INFO - Created Permission View: can delete on DAG:example_branch_datetime_operator_3
[2024-06-04T23:37:26.326+0000] {logging_mixin.py:137} INFO - [2024-06-04T23:37:26.326+0000] {manager.py:504} INFO - Created Permission View: can edit on DAG:example_branch_datetime_operator
[2024-06-04T23:37:26.331+0000] {logging_mixin.py:137} INFO - [2024-06-04T23:37:26.331+0000] {manager.py:504} INFO - Created Permission View: can read on DAG:example_branch_datetime_operator
[2024-06-04T23:37:26.336+0000] {logging_mixin.py:137} INFO - [2024-06-04T23:37:26.335+0000] {manager.py:504} INFO - Created Permission View: can delete on DAG:example_branch_datetime_operator
[2024-06-04T23:37:26.336+0000] {logging_mixin.py:137} INFO - [2024-06-04T23:37:26.336+0000] {dag.py:2690} INFO - Sync 3 DAGs
[2024-06-04T23:37:26.346+0000] {logging_mixin.py:137} INFO - [2024-06-04T23:37:26.346+0000] {dag.py:2711} INFO - Creating ORM DAG for example_branch_datetime_operator_2
[2024-06-04T23:37:26.346+0000] {logging_mixin.py:137} INFO - [2024-06-04T23:37:26.346+0000] {dag.py:2711} INFO - Creating ORM DAG for example_branch_datetime_operator_3
[2024-06-04T23:37:26.346+0000] {logging_mixin.py:137} INFO - [2024-06-04T23:37:26.346+0000] {dag.py:2711} INFO - Creating ORM DAG for example_branch_datetime_operator
[2024-06-04T23:37:26.356+0000] {logging_mixin.py:137} INFO - [2024-06-04T23:37:26.356+0000] {dag.py:3441} INFO - Setting next_dagrun for example_branch_datetime_operator to 2024-06-03T00:00:00+00:00, run_after=2024-06-04T00:00:00+00:00
[2024-06-04T23:37:26.358+0000] {logging_mixin.py:137} INFO - [2024-06-04T23:37:26.357+0000] {dag.py:3441} INFO - Setting next_dagrun for example_branch_datetime_operator_2 to 2024-06-03T00:00:00+00:00, run_after=2024-06-04T00:00:00+00:00
[2024-06-04T23:37:26.359+0000] {logging_mixin.py:137} INFO - [2024-06-04T23:37:26.359+0000] {dag.py:3441} INFO - Setting next_dagrun for example_branch_datetime_operator_3 to 2024-06-03T00:00:00+00:00, run_after=2024-06-04T00:00:00+00:00
[2024-06-04T23:37:26.373+0000] {processor.py:175} INFO - Processing /home/airflow/.local/lib/python3.7/site-packages/airflow/example_dags/example_branch_datetime_operator.py took 0.191 seconds
[2024-06-04T23:37:57.222+0000] {processor.py:153} INFO - Started process (PID=167) to work on /home/airflow/.local/lib/python3.7/site-packages/airflow/example_dags/example_branch_datetime_operator.py
[2024-06-04T23:37:57.223+0000] {processor.py:743} INFO - Processing file /home/airflow/.local/lib/python3.7/site-packages/airflow/example_dags/example_branch_datetime_operator.py for tasks to queue
[2024-06-04T23:37:57.223+0000] {logging_mixin.py:137} INFO - [2024-06-04T23:37:57.223+0000] {dagbag.py:538} INFO - Filling up the DagBag from /home/airflow/.local/lib/python3.7/site-packages/airflow/example_dags/example_branch_datetime_operator.py
[2024-06-04T23:37:57.236+0000] {processor.py:753} INFO - DAG(s) dict_keys(['example_branch_datetime_operator_2', 'example_branch_datetime_operator_3', 'example_branch_datetime_operator']) retrieved from /home/airflow/.local/lib/python3.7/site-packages/airflow/example_dags/example_branch_datetime_operator.py
[2024-06-04T23:37:57.257+0000] {logging_mixin.py:137} INFO - [2024-06-04T23:37:57.257+0000] {dag.py:2690} INFO - Sync 3 DAGs
[2024-06-04T23:37:57.275+0000] {logging_mixin.py:137} INFO - [2024-06-04T23:37:57.275+0000] {dag.py:3441} INFO - Setting next_dagrun for example_branch_datetime_operator to 2024-06-03T00:00:00+00:00, run_after=2024-06-04T00:00:00+00:00
[2024-06-04T23:37:57.278+0000] {logging_mixin.py:137} INFO - [2024-06-04T23:37:57.278+0000] {dag.py:3441} INFO - Setting next_dagrun for example_branch_datetime_operator_2 to 2024-06-03T00:00:00+00:00, run_after=2024-06-04T00:00:00+00:00
[2024-06-04T23:37:57.280+0000] {logging_mixin.py:137} INFO - [2024-06-04T23:37:57.280+0000] {dag.py:3441} INFO - Setting next_dagrun for example_branch_datetime_operator_3 to 2024-06-03T00:00:00+00:00, run_after=2024-06-04T00:00:00+00:00
[2024-06-04T23:37:57.292+0000] {processor.py:175} INFO - Processing /home/airflow/.local/lib/python3.7/site-packages/airflow/example_dags/example_branch_datetime_operator.py took 0.072 seconds
[2024-06-04T23:38:28.052+0000] {processor.py:153} INFO - Started process (PID=263) to work on /home/airflow/.local/lib/python3.7/site-packages/airflow/example_dags/example_branch_datetime_operator.py
[2024-06-04T23:38:28.052+0000] {processor.py:743} INFO - Processing file /home/airflow/.local/lib/python3.7/site-packages/airflow/example_dags/example_branch_datetime_operator.py for tasks to queue
[2024-06-04T23:38:28.053+0000] {logging_mixin.py:137} INFO - [2024-06-04T23:38:28.053+0000] {dagbag.py:538} INFO - Filling up the DagBag from /home/airflow/.local/lib/python3.7/site-packages/airflow/example_dags/example_branch_datetime_operator.py
[2024-06-04T23:38:28.065+0000] {processor.py:753} INFO - DAG(s) dict_keys(['example_branch_datetime_operator_3', 'example_branch_datetime_operator', 'example_branch_datetime_operator_2']) retrieved from /home/airflow/.local/lib/python3.7/site-packages/airflow/example_dags/example_branch_datetime_operator.py
[2024-06-04T23:38:28.089+0000] {logging_mixin.py:137} INFO - [2024-06-04T23:38:28.089+0000] {dag.py:2690} INFO - Sync 3 DAGs
[2024-06-04T23:38:28.109+0000] {logging_mixin.py:137} INFO - [2024-06-04T23:38:28.109+0000] {dag.py:3441} INFO - Setting next_dagrun for example_branch_datetime_operator to 2024-06-03T00:00:00+00:00, run_after=2024-06-04T00:00:00+00:00
[2024-06-04T23:38:28.113+0000] {logging_mixin.py:137} INFO - [2024-06-04T23:38:28.113+0000] {dag.py:3441} INFO - Setting next_dagrun for example_branch_datetime_operator_2 to 2024-06-03T00:00:00+00:00, run_after=2024-06-04T00:00:00+00:00
[2024-06-04T23:38:28.115+0000] {logging_mixin.py:137} INFO - [2024-06-04T23:38:28.114+0000] {dag.py:3441} INFO - Setting next_dagrun for example_branch_datetime_operator_3 to 2024-06-03T00:00:00+00:00, run_after=2024-06-04T00:00:00+00:00
[2024-06-04T23:38:28.127+0000] {processor.py:175} INFO - Processing /home/airflow/.local/lib/python3.7/site-packages/airflow/example_dags/example_branch_datetime_operator.py took 0.077 seconds
[2024-06-04T23:38:58.950+0000] {processor.py:153} INFO - Started process (PID=365) to work on /home/airflow/.local/lib/python3.7/site-packages/airflow/example_dags/example_branch_datetime_operator.py
[2024-06-04T23:38:58.950+0000] {processor.py:743} INFO - Processing file /home/airflow/.local/lib/python3.7/site-packages/airflow/example_dags/example_branch_datetime_operator.py for tasks to queue
[2024-06-04T23:38:58.951+0000] {logging_mixin.py:137} INFO - [2024-06-04T23:38:58.950+0000] {dagbag.py:538} INFO - Filling up the DagBag from /home/airflow/.local/lib/python3.7/site-packages/airflow/example_dags/example_branch_datetime_operator.py
[2024-06-04T23:38:58.963+0000] {processor.py:753} INFO - DAG(s) dict_keys(['example_branch_datetime_operator_3', 'example_branch_datetime_operator_2', 'example_branch_datetime_operator']) retrieved from /home/airflow/.local/lib/python3.7/site-packages/airflow/example_dags/example_branch_datetime_operator.py
[2024-06-04T23:38:58.984+0000] {logging_mixin.py:137} INFO - [2024-06-04T23:38:58.984+0000] {dag.py:2690} INFO - Sync 3 DAGs
[2024-06-04T23:38:59.003+0000] {logging_mixin.py:137} INFO - [2024-06-04T23:38:59.003+0000] {dag.py:3441} INFO - Setting next_dagrun for example_branch_datetime_operator to 2024-06-03T00:00:00+00:00, run_after=2024-06-04T00:00:00+00:00
[2024-06-04T23:38:59.006+0000] {logging_mixin.py:137} INFO - [2024-06-04T23:38:59.006+0000] {dag.py:3441} INFO - Setting next_dagrun for example_branch_datetime_operator_2 to 2024-06-03T00:00:00+00:00, run_after=2024-06-04T00:00:00+00:00
[2024-06-04T23:38:59.007+0000] {logging_mixin.py:137} INFO - [2024-06-04T23:38:59.007+0000] {dag.py:3441} INFO - Setting next_dagrun for example_branch_datetime_operator_3 to 2024-06-03T00:00:00+00:00, run_after=2024-06-04T00:00:00+00:00
[2024-06-04T23:38:59.018+0000] {processor.py:175} INFO - Processing /home/airflow/.local/lib/python3.7/site-packages/airflow/example_dags/example_branch_datetime_operator.py took 0.070 seconds
[2024-06-04T23:39:29.663+0000] {processor.py:153} INFO - Started process (PID=476) to work on /home/airflow/.local/lib/python3.7/site-packages/airflow/example_dags/example_branch_datetime_operator.py
[2024-06-04T23:39:29.663+0000] {processor.py:743} INFO - Processing file /home/airflow/.local/lib/python3.7/site-packages/airflow/example_dags/example_branch_datetime_operator.py for tasks to queue
[2024-06-04T23:39:29.664+0000] {logging_mixin.py:137} INFO - [2024-06-04T23:39:29.664+0000] {dagbag.py:538} INFO - Filling up the DagBag from /home/airflow/.local/lib/python3.7/site-packages/airflow/example_dags/example_branch_datetime_operator.py
[2024-06-04T23:39:29.677+0000] {processor.py:753} INFO - DAG(s) dict_keys(['example_branch_datetime_operator', 'example_branch_datetime_operator_2', 'example_branch_datetime_operator_3']) retrieved from /home/airflow/.local/lib/python3.7/site-packages/airflow/example_dags/example_branch_datetime_operator.py
[2024-06-04T23:39:29.698+0000] {logging_mixin.py:137} INFO - [2024-06-04T23:39:29.698+0000] {dag.py:2690} INFO - Sync 3 DAGs
[2024-06-04T23:39:29.717+0000] {logging_mixin.py:137} INFO - [2024-06-04T23:39:29.717+0000] {dag.py:3441} INFO - Setting next_dagrun for example_branch_datetime_operator to 2024-06-03T00:00:00+00:00, run_after=2024-06-04T00:00:00+00:00
[2024-06-04T23:39:29.720+0000] {logging_mixin.py:137} INFO - [2024-06-04T23:39:29.720+0000] {dag.py:3441} INFO - Setting next_dagrun for example_branch_datetime_operator_2 to 2024-06-03T00:00:00+00:00, run_after=2024-06-04T00:00:00+00:00
[2024-06-04T23:39:29.722+0000] {logging_mixin.py:137} INFO - [2024-06-04T23:39:29.722+0000] {dag.py:3441} INFO - Setting next_dagrun for example_branch_datetime_operator_3 to 2024-06-03T00:00:00+00:00, run_after=2024-06-04T00:00:00+00:00
[2024-06-04T23:39:29.733+0000] {processor.py:175} INFO - Processing /home/airflow/.local/lib/python3.7/site-packages/airflow/example_dags/example_branch_datetime_operator.py took 0.073 seconds
[2024-06-04T23:40:00.391+0000] {processor.py:153} INFO - Started process (PID=563) to work on /home/airflow/.local/lib/python3.7/site-packages/airflow/example_dags/example_branch_datetime_operator.py
[2024-06-04T23:40:00.392+0000] {processor.py:743} INFO - Processing file /home/airflow/.local/lib/python3.7/site-packages/airflow/example_dags/example_branch_datetime_operator.py for tasks to queue
[2024-06-04T23:40:00.392+0000] {logging_mixin.py:137} INFO - [2024-06-04T23:40:00.392+0000] {dagbag.py:538} INFO - Filling up the DagBag from /home/airflow/.local/lib/python3.7/site-packages/airflow/example_dags/example_branch_datetime_operator.py
[2024-06-04T23:40:00.405+0000] {processor.py:753} INFO - DAG(s) dict_keys(['example_branch_datetime_operator_3', 'example_branch_datetime_operator', 'example_branch_datetime_operator_2']) retrieved from /home/airflow/.local/lib/python3.7/site-packages/airflow/example_dags/example_branch_datetime_operator.py
[2024-06-04T23:40:00.427+0000] {logging_mixin.py:137} INFO - [2024-06-04T23:40:00.427+0000] {dag.py:2690} INFO - Sync 3 DAGs
[2024-06-04T23:40:00.446+0000] {logging_mixin.py:137} INFO - [2024-06-04T23:40:00.446+0000] {dag.py:3441} INFO - Setting next_dagrun for example_branch_datetime_operator to 2024-06-03T00:00:00+00:00, run_after=2024-06-04T00:00:00+00:00
[2024-06-04T23:40:00.449+0000] {logging_mixin.py:137} INFO - [2024-06-04T23:40:00.449+0000] {dag.py:3441} INFO - Setting next_dagrun for example_branch_datetime_operator_2 to 2024-06-03T00:00:00+00:00, run_after=2024-06-04T00:00:00+00:00
[2024-06-04T23:40:00.451+0000] {logging_mixin.py:137} INFO - [2024-06-04T23:40:00.451+0000] {dag.py:3441} INFO - Setting next_dagrun for example_branch_datetime_operator_3 to 2024-06-03T00:00:00+00:00, run_after=2024-06-04T00:00:00+00:00
[2024-06-04T23:40:00.463+0000] {processor.py:175} INFO - Processing /home/airflow/.local/lib/python3.7/site-packages/airflow/example_dags/example_branch_datetime_operator.py took 0.074 seconds
[2024-06-04T23:40:31.089+0000] {processor.py:153} INFO - Started process (PID=674) to work on /home/airflow/.local/lib/python3.7/site-packages/airflow/example_dags/example_branch_datetime_operator.py
[2024-06-04T23:40:31.089+0000] {processor.py:743} INFO - Processing file /home/airflow/.local/lib/python3.7/site-packages/airflow/example_dags/example_branch_datetime_operator.py for tasks to queue
[2024-06-04T23:40:31.090+0000] {logging_mixin.py:137} INFO - [2024-06-04T23:40:31.090+0000] {dagbag.py:538} INFO - Filling up the DagBag from /home/airflow/.local/lib/python3.7/site-packages/airflow/example_dags/example_branch_datetime_operator.py
[2024-06-04T23:40:31.102+0000] {processor.py:753} INFO - DAG(s) dict_keys(['example_branch_datetime_operator_2', 'example_branch_datetime_operator_3', 'example_branch_datetime_operator']) retrieved from /home/airflow/.local/lib/python3.7/site-packages/airflow/example_dags/example_branch_datetime_operator.py
[2024-06-04T23:40:31.123+0000] {logging_mixin.py:137} INFO - [2024-06-04T23:40:31.122+0000] {dag.py:2690} INFO - Sync 3 DAGs
[2024-06-04T23:40:31.141+0000] {logging_mixin.py:137} INFO - [2024-06-04T23:40:31.140+0000] {dag.py:3441} INFO - Setting next_dagrun for example_branch_datetime_operator to 2024-06-03T00:00:00+00:00, run_after=2024-06-04T00:00:00+00:00
[2024-06-04T23:40:31.144+0000] {logging_mixin.py:137} INFO - [2024-06-04T23:40:31.143+0000] {dag.py:3441} INFO - Setting next_dagrun for example_branch_datetime_operator_2 to 2024-06-03T00:00:00+00:00, run_after=2024-06-04T00:00:00+00:00
[2024-06-04T23:40:31.145+0000] {logging_mixin.py:137} INFO - [2024-06-04T23:40:31.145+0000] {dag.py:3441} INFO - Setting next_dagrun for example_branch_datetime_operator_3 to 2024-06-03T00:00:00+00:00, run_after=2024-06-04T00:00:00+00:00
[2024-06-04T23:40:31.156+0000] {processor.py:175} INFO - Processing /home/airflow/.local/lib/python3.7/site-packages/airflow/example_dags/example_branch_datetime_operator.py took 0.069 seconds
[2024-06-04T23:41:01.814+0000] {processor.py:153} INFO - Started process (PID=785) to work on /home/airflow/.local/lib/python3.7/site-packages/airflow/example_dags/example_branch_datetime_operator.py
[2024-06-04T23:41:01.815+0000] {processor.py:743} INFO - Processing file /home/airflow/.local/lib/python3.7/site-packages/airflow/example_dags/example_branch_datetime_operator.py for tasks to queue
[2024-06-04T23:41:01.815+0000] {logging_mixin.py:137} INFO - [2024-06-04T23:41:01.815+0000] {dagbag.py:538} INFO - Filling up the DagBag from /home/airflow/.local/lib/python3.7/site-packages/airflow/example_dags/example_branch_datetime_operator.py
[2024-06-04T23:41:01.827+0000] {processor.py:753} INFO - DAG(s) dict_keys(['example_branch_datetime_operator_3', 'example_branch_datetime_operator', 'example_branch_datetime_operator_2']) retrieved from /home/airflow/.local/lib/python3.7/site-packages/airflow/example_dags/example_branch_datetime_operator.py
[2024-06-04T23:41:01.852+0000] {logging_mixin.py:137} INFO - [2024-06-04T23:41:01.852+0000] {dag.py:2690} INFO - Sync 3 DAGs
[2024-06-04T23:41:01.871+0000] {logging_mixin.py:137} INFO - [2024-06-04T23:41:01.871+0000] {dag.py:3441} INFO - Setting next_dagrun for example_branch_datetime_operator to 2024-06-03T00:00:00+00:00, run_after=2024-06-04T00:00:00+00:00
[2024-06-04T23:41:01.874+0000] {logging_mixin.py:137} INFO - [2024-06-04T23:41:01.874+0000] {dag.py:3441} INFO - Setting next_dagrun for example_branch_datetime_operator_2 to 2024-06-03T00:00:00+00:00, run_after=2024-06-04T00:00:00+00:00
[2024-06-04T23:41:01.876+0000] {logging_mixin.py:137} INFO - [2024-06-04T23:41:01.876+0000] {dag.py:3441} INFO - Setting next_dagrun for example_branch_datetime_operator_3 to 2024-06-03T00:00:00+00:00, run_after=2024-06-04T00:00:00+00:00
[2024-06-04T23:41:01.888+0000] {processor.py:175} INFO - Processing /home/airflow/.local/lib/python3.7/site-packages/airflow/example_dags/example_branch_datetime_operator.py took 0.076 seconds
[2024-06-04T23:41:32.517+0000] {processor.py:153} INFO - Started process (PID=872) to work on /home/airflow/.local/lib/python3.7/site-packages/airflow/example_dags/example_branch_datetime_operator.py
[2024-06-04T23:41:32.518+0000] {processor.py:743} INFO - Processing file /home/airflow/.local/lib/python3.7/site-packages/airflow/example_dags/example_branch_datetime_operator.py for tasks to queue
[2024-06-04T23:41:32.518+0000] {logging_mixin.py:137} INFO - [2024-06-04T23:41:32.518+0000] {dagbag.py:538} INFO - Filling up the DagBag from /home/airflow/.local/lib/python3.7/site-packages/airflow/example_dags/example_branch_datetime_operator.py
[2024-06-04T23:41:32.530+0000] {processor.py:753} INFO - DAG(s) dict_keys(['example_branch_datetime_operator_2', 'example_branch_datetime_operator', 'example_branch_datetime_operator_3']) retrieved from /home/airflow/.local/lib/python3.7/site-packages/airflow/example_dags/example_branch_datetime_operator.py
[2024-06-04T23:41:32.551+0000] {logging_mixin.py:137} INFO - [2024-06-04T23:41:32.551+0000] {dag.py:2690} INFO - Sync 3 DAGs
[2024-06-04T23:41:32.569+0000] {logging_mixin.py:137} INFO - [2024-06-04T23:41:32.569+0000] {dag.py:3441} INFO - Setting next_dagrun for example_branch_datetime_operator to 2024-06-03T00:00:00+00:00, run_after=2024-06-04T00:00:00+00:00
[2024-06-04T23:41:32.573+0000] {logging_mixin.py:137} INFO - [2024-06-04T23:41:32.573+0000] {dag.py:3441} INFO - Setting next_dagrun for example_branch_datetime_operator_2 to 2024-06-03T00:00:00+00:00, run_after=2024-06-04T00:00:00+00:00
[2024-06-04T23:41:32.574+0000] {logging_mixin.py:137} INFO - [2024-06-04T23:41:32.574+0000] {dag.py:3441} INFO - Setting next_dagrun for example_branch_datetime_operator_3 to 2024-06-03T00:00:00+00:00, run_after=2024-06-04T00:00:00+00:00
[2024-06-04T23:41:32.585+0000] {processor.py:175} INFO - Processing /home/airflow/.local/lib/python3.7/site-packages/airflow/example_dags/example_branch_datetime_operator.py took 0.071 seconds
[2024-06-04T23:42:03.165+0000] {processor.py:153} INFO - Started process (PID=983) to work on /home/airflow/.local/lib/python3.7/site-packages/airflow/example_dags/example_branch_datetime_operator.py
[2024-06-04T23:42:03.166+0000] {processor.py:743} INFO - Processing file /home/airflow/.local/lib/python3.7/site-packages/airflow/example_dags/example_branch_datetime_operator.py for tasks to queue
[2024-06-04T23:42:03.166+0000] {logging_mixin.py:137} INFO - [2024-06-04T23:42:03.166+0000] {dagbag.py:538} INFO - Filling up the DagBag from /home/airflow/.local/lib/python3.7/site-packages/airflow/example_dags/example_branch_datetime_operator.py
[2024-06-04T23:42:03.179+0000] {processor.py:753} INFO - DAG(s) dict_keys(['example_branch_datetime_operator_2', 'example_branch_datetime_operator_3', 'example_branch_datetime_operator']) retrieved from /home/airflow/.local/lib/python3.7/site-packages/airflow/example_dags/example_branch_datetime_operator.py
[2024-06-04T23:42:03.200+0000] {logging_mixin.py:137} INFO - [2024-06-04T23:42:03.200+0000] {dag.py:2690} INFO - Sync 3 DAGs
[2024-06-04T23:42:03.218+0000] {logging_mixin.py:137} INFO - [2024-06-04T23:42:03.218+0000] {dag.py:3441} INFO - Setting next_dagrun for example_branch_datetime_operator to 2024-06-03T00:00:00+00:00, run_after=2024-06-04T00:00:00+00:00
[2024-06-04T23:42:03.221+0000] {logging_mixin.py:137} INFO - [2024-06-04T23:42:03.221+0000] {dag.py:3441} INFO - Setting next_dagrun for example_branch_datetime_operator_2 to 2024-06-03T00:00:00+00:00, run_after=2024-06-04T00:00:00+00:00
[2024-06-04T23:42:03.223+0000] {logging_mixin.py:137} INFO - [2024-06-04T23:42:03.223+0000] {dag.py:3441} INFO - Setting next_dagrun for example_branch_datetime_operator_3 to 2024-06-03T00:00:00+00:00, run_after=2024-06-04T00:00:00+00:00
[2024-06-04T23:42:03.234+0000] {processor.py:175} INFO - Processing /home/airflow/.local/lib/python3.7/site-packages/airflow/example_dags/example_branch_datetime_operator.py took 0.071 seconds
[2024-06-04T23:42:33.293+0000] {processor.py:153} INFO - Started process (PID=1070) to work on /home/airflow/.local/lib/python3.7/site-packages/airflow/example_dags/example_branch_datetime_operator.py
[2024-06-04T23:42:33.294+0000] {processor.py:743} INFO - Processing file /home/airflow/.local/lib/python3.7/site-packages/airflow/example_dags/example_branch_datetime_operator.py for tasks to queue
[2024-06-04T23:42:33.294+0000] {logging_mixin.py:137} INFO - [2024-06-04T23:42:33.294+0000] {dagbag.py:538} INFO - Filling up the DagBag from /home/airflow/.local/lib/python3.7/site-packages/airflow/example_dags/example_branch_datetime_operator.py
[2024-06-04T23:42:33.306+0000] {processor.py:753} INFO - DAG(s) dict_keys(['example_branch_datetime_operator_3', 'example_branch_datetime_operator', 'example_branch_datetime_operator_2']) retrieved from /home/airflow/.local/lib/python3.7/site-packages/airflow/example_dags/example_branch_datetime_operator.py
[2024-06-04T23:42:33.327+0000] {logging_mixin.py:137} INFO - [2024-06-04T23:42:33.327+0000] {dag.py:2690} INFO - Sync 3 DAGs
[2024-06-04T23:42:33.346+0000] {logging_mixin.py:137} INFO - [2024-06-04T23:42:33.346+0000] {dag.py:3441} INFO - Setting next_dagrun for example_branch_datetime_operator to 2024-06-03T00:00:00+00:00, run_after=2024-06-04T00:00:00+00:00
[2024-06-04T23:42:33.349+0000] {logging_mixin.py:137} INFO - [2024-06-04T23:42:33.349+0000] {dag.py:3441} INFO - Setting next_dagrun for example_branch_datetime_operator_2 to 2024-06-03T00:00:00+00:00, run_after=2024-06-04T00:00:00+00:00
[2024-06-04T23:42:33.351+0000] {logging_mixin.py:137} INFO - [2024-06-04T23:42:33.351+0000] {dag.py:3441} INFO - Setting next_dagrun for example_branch_datetime_operator_3 to 2024-06-03T00:00:00+00:00, run_after=2024-06-04T00:00:00+00:00
[2024-06-04T23:42:33.362+0000] {processor.py:175} INFO - Processing /home/airflow/.local/lib/python3.7/site-packages/airflow/example_dags/example_branch_datetime_operator.py took 0.071 seconds
[2024-06-04T23:43:04.355+0000] {processor.py:153} INFO - Started process (PID=1181) to work on /home/airflow/.local/lib/python3.7/site-packages/airflow/example_dags/example_branch_datetime_operator.py
[2024-06-04T23:43:04.355+0000] {processor.py:743} INFO - Processing file /home/airflow/.local/lib/python3.7/site-packages/airflow/example_dags/example_branch_datetime_operator.py for tasks to queue
[2024-06-04T23:43:04.356+0000] {logging_mixin.py:137} INFO - [2024-06-04T23:43:04.356+0000] {dagbag.py:538} INFO - Filling up the DagBag from /home/airflow/.local/lib/python3.7/site-packages/airflow/example_dags/example_branch_datetime_operator.py
[2024-06-04T23:43:04.367+0000] {processor.py:753} INFO - DAG(s) dict_keys(['example_branch_datetime_operator_2', 'example_branch_datetime_operator_3', 'example_branch_datetime_operator']) retrieved from /home/airflow/.local/lib/python3.7/site-packages/airflow/example_dags/example_branch_datetime_operator.py
[2024-06-04T23:43:04.389+0000] {logging_mixin.py:137} INFO - [2024-06-04T23:43:04.389+0000] {dag.py:2690} INFO - Sync 3 DAGs
[2024-06-04T23:43:04.407+0000] {logging_mixin.py:137} INFO - [2024-06-04T23:43:04.407+0000] {dag.py:3441} INFO - Setting next_dagrun for example_branch_datetime_operator to 2024-06-03T00:00:00+00:00, run_after=2024-06-04T00:00:00+00:00
[2024-06-04T23:43:04.410+0000] {logging_mixin.py:137} INFO - [2024-06-04T23:43:04.410+0000] {dag.py:3441} INFO - Setting next_dagrun for example_branch_datetime_operator_2 to 2024-06-03T00:00:00+00:00, run_after=2024-06-04T00:00:00+00:00
[2024-06-04T23:43:04.412+0000] {logging_mixin.py:137} INFO - [2024-06-04T23:43:04.411+0000] {dag.py:3441} INFO - Setting next_dagrun for example_branch_datetime_operator_3 to 2024-06-03T00:00:00+00:00, run_after=2024-06-04T00:00:00+00:00
[2024-06-04T23:43:04.422+0000] {processor.py:175} INFO - Processing /home/airflow/.local/lib/python3.7/site-packages/airflow/example_dags/example_branch_datetime_operator.py took 0.070 seconds
[2024-06-04T23:43:35.157+0000] {processor.py:153} INFO - Started process (PID=1292) to work on /home/airflow/.local/lib/python3.7/site-packages/airflow/example_dags/example_branch_datetime_operator.py
[2024-06-04T23:43:35.158+0000] {processor.py:743} INFO - Processing file /home/airflow/.local/lib/python3.7/site-packages/airflow/example_dags/example_branch_datetime_operator.py for tasks to queue
[2024-06-04T23:43:35.158+0000] {logging_mixin.py:137} INFO - [2024-06-04T23:43:35.158+0000] {dagbag.py:538} INFO - Filling up the DagBag from /home/airflow/.local/lib/python3.7/site-packages/airflow/example_dags/example_branch_datetime_operator.py
[2024-06-04T23:43:35.171+0000] {processor.py:753} INFO - DAG(s) dict_keys(['example_branch_datetime_operator_2', 'example_branch_datetime_operator_3', 'example_branch_datetime_operator']) retrieved from /home/airflow/.local/lib/python3.7/site-packages/airflow/example_dags/example_branch_datetime_operator.py
[2024-06-04T23:43:35.194+0000] {logging_mixin.py:137} INFO - [2024-06-04T23:43:35.194+0000] {dag.py:2690} INFO - Sync 3 DAGs
[2024-06-04T23:43:35.213+0000] {logging_mixin.py:137} INFO - [2024-06-04T23:43:35.213+0000] {dag.py:3441} INFO - Setting next_dagrun for example_branch_datetime_operator to 2024-06-03T00:00:00+00:00, run_after=2024-06-04T00:00:00+00:00
[2024-06-04T23:43:35.216+0000] {logging_mixin.py:137} INFO - [2024-06-04T23:43:35.216+0000] {dag.py:3441} INFO - Setting next_dagrun for example_branch_datetime_operator_2 to 2024-06-03T00:00:00+00:00, run_after=2024-06-04T00:00:00+00:00
[2024-06-04T23:43:35.218+0000] {logging_mixin.py:137} INFO - [2024-06-04T23:43:35.218+0000] {dag.py:3441} INFO - Setting next_dagrun for example_branch_datetime_operator_3 to 2024-06-03T00:00:00+00:00, run_after=2024-06-04T00:00:00+00:00
[2024-06-04T23:43:35.230+0000] {processor.py:175} INFO - Processing /home/airflow/.local/lib/python3.7/site-packages/airflow/example_dags/example_branch_datetime_operator.py took 0.075 seconds
[2024-06-04T23:44:06.508+0000] {processor.py:153} INFO - Started process (PID=1485) to work on /home/airflow/.local/lib/python3.7/site-packages/airflow/example_dags/example_branch_datetime_operator.py
[2024-06-04T23:44:06.509+0000] {processor.py:743} INFO - Processing file /home/airflow/.local/lib/python3.7/site-packages/airflow/example_dags/example_branch_datetime_operator.py for tasks to queue
[2024-06-04T23:44:06.510+0000] {logging_mixin.py:137} INFO - [2024-06-04T23:44:06.510+0000] {dagbag.py:538} INFO - Filling up the DagBag from /home/airflow/.local/lib/python3.7/site-packages/airflow/example_dags/example_branch_datetime_operator.py
[2024-06-04T23:44:06.531+0000] {processor.py:753} INFO - DAG(s) dict_keys(['example_branch_datetime_operator_3', 'example_branch_datetime_operator', 'example_branch_datetime_operator_2']) retrieved from /home/airflow/.local/lib/python3.7/site-packages/airflow/example_dags/example_branch_datetime_operator.py
[2024-06-04T23:44:06.570+0000] {logging_mixin.py:137} INFO - [2024-06-04T23:44:06.570+0000] {dag.py:2690} INFO - Sync 3 DAGs
[2024-06-04T23:44:06.604+0000] {logging_mixin.py:137} INFO - [2024-06-04T23:44:06.604+0000] {dag.py:3441} INFO - Setting next_dagrun for example_branch_datetime_operator to 2024-06-04T00:00:00+00:00, run_after=2024-06-05T00:00:00+00:00
[2024-06-04T23:44:06.611+0000] {logging_mixin.py:137} INFO - [2024-06-04T23:44:06.611+0000] {dag.py:3441} INFO - Setting next_dagrun for example_branch_datetime_operator_2 to 2024-06-04T00:00:00+00:00, run_after=2024-06-05T00:00:00+00:00
[2024-06-04T23:44:06.615+0000] {logging_mixin.py:137} INFO - [2024-06-04T23:44:06.615+0000] {dag.py:3441} INFO - Setting next_dagrun for example_branch_datetime_operator_3 to 2024-06-04T00:00:00+00:00, run_after=2024-06-05T00:00:00+00:00
[2024-06-04T23:44:06.636+0000] {processor.py:175} INFO - Processing /home/airflow/.local/lib/python3.7/site-packages/airflow/example_dags/example_branch_datetime_operator.py took 0.132 seconds
[2024-06-04T23:44:36.728+0000] {processor.py:153} INFO - Started process (PID=1860) to work on /home/airflow/.local/lib/python3.7/site-packages/airflow/example_dags/example_branch_datetime_operator.py
[2024-06-04T23:44:36.729+0000] {processor.py:743} INFO - Processing file /home/airflow/.local/lib/python3.7/site-packages/airflow/example_dags/example_branch_datetime_operator.py for tasks to queue
[2024-06-04T23:44:36.730+0000] {logging_mixin.py:137} INFO - [2024-06-04T23:44:36.730+0000] {dagbag.py:538} INFO - Filling up the DagBag from /home/airflow/.local/lib/python3.7/site-packages/airflow/example_dags/example_branch_datetime_operator.py
[2024-06-04T23:44:36.753+0000] {processor.py:753} INFO - DAG(s) dict_keys(['example_branch_datetime_operator_2', 'example_branch_datetime_operator_3', 'example_branch_datetime_operator']) retrieved from /home/airflow/.local/lib/python3.7/site-packages/airflow/example_dags/example_branch_datetime_operator.py
[2024-06-04T23:44:36.797+0000] {logging_mixin.py:137} INFO - [2024-06-04T23:44:36.796+0000] {dag.py:2690} INFO - Sync 3 DAGs
[2024-06-04T23:44:36.836+0000] {logging_mixin.py:137} INFO - [2024-06-04T23:44:36.836+0000] {dag.py:3441} INFO - Setting next_dagrun for example_branch_datetime_operator to 2024-06-04T00:00:00+00:00, run_after=2024-06-05T00:00:00+00:00
[2024-06-04T23:44:36.843+0000] {logging_mixin.py:137} INFO - [2024-06-04T23:44:36.843+0000] {dag.py:3441} INFO - Setting next_dagrun for example_branch_datetime_operator_2 to 2024-06-04T00:00:00+00:00, run_after=2024-06-05T00:00:00+00:00
[2024-06-04T23:44:36.847+0000] {logging_mixin.py:137} INFO - [2024-06-04T23:44:36.847+0000] {dag.py:3441} INFO - Setting next_dagrun for example_branch_datetime_operator_3 to 2024-06-04T00:00:00+00:00, run_after=2024-06-05T00:00:00+00:00
[2024-06-04T23:44:36.870+0000] {processor.py:175} INFO - Processing /home/airflow/.local/lib/python3.7/site-packages/airflow/example_dags/example_branch_datetime_operator.py took 0.146 seconds
[2024-06-04T23:45:07.054+0000] {processor.py:153} INFO - Started process (PID=2178) to work on /home/airflow/.local/lib/python3.7/site-packages/airflow/example_dags/example_branch_datetime_operator.py
[2024-06-04T23:45:07.055+0000] {processor.py:743} INFO - Processing file /home/airflow/.local/lib/python3.7/site-packages/airflow/example_dags/example_branch_datetime_operator.py for tasks to queue
[2024-06-04T23:45:07.056+0000] {logging_mixin.py:137} INFO - [2024-06-04T23:45:07.056+0000] {dagbag.py:538} INFO - Filling up the DagBag from /home/airflow/.local/lib/python3.7/site-packages/airflow/example_dags/example_branch_datetime_operator.py
[2024-06-04T23:45:07.078+0000] {processor.py:753} INFO - DAG(s) dict_keys(['example_branch_datetime_operator_2', 'example_branch_datetime_operator', 'example_branch_datetime_operator_3']) retrieved from /home/airflow/.local/lib/python3.7/site-packages/airflow/example_dags/example_branch_datetime_operator.py
[2024-06-04T23:45:07.118+0000] {logging_mixin.py:137} INFO - [2024-06-04T23:45:07.118+0000] {dag.py:2690} INFO - Sync 3 DAGs
[2024-06-04T23:45:07.157+0000] {logging_mixin.py:137} INFO - [2024-06-04T23:45:07.157+0000] {dag.py:3441} INFO - Setting next_dagrun for example_branch_datetime_operator to 2024-06-04T00:00:00+00:00, run_after=2024-06-05T00:00:00+00:00
[2024-06-04T23:45:07.166+0000] {logging_mixin.py:137} INFO - [2024-06-04T23:45:07.166+0000] {dag.py:3441} INFO - Setting next_dagrun for example_branch_datetime_operator_2 to 2024-06-04T00:00:00+00:00, run_after=2024-06-05T00:00:00+00:00
[2024-06-04T23:45:07.170+0000] {logging_mixin.py:137} INFO - [2024-06-04T23:45:07.170+0000] {dag.py:3441} INFO - Setting next_dagrun for example_branch_datetime_operator_3 to 2024-06-04T00:00:00+00:00, run_after=2024-06-05T00:00:00+00:00
[2024-06-04T23:45:07.196+0000] {processor.py:175} INFO - Processing /home/airflow/.local/lib/python3.7/site-packages/airflow/example_dags/example_branch_datetime_operator.py took 0.145 seconds
[2024-06-04T23:45:37.594+0000] {processor.py:153} INFO - Started process (PID=2544) to work on /home/airflow/.local/lib/python3.7/site-packages/airflow/example_dags/example_branch_datetime_operator.py
[2024-06-04T23:45:37.594+0000] {processor.py:743} INFO - Processing file /home/airflow/.local/lib/python3.7/site-packages/airflow/example_dags/example_branch_datetime_operator.py for tasks to queue
[2024-06-04T23:45:37.595+0000] {logging_mixin.py:137} INFO - [2024-06-04T23:45:37.595+0000] {dagbag.py:538} INFO - Filling up the DagBag from /home/airflow/.local/lib/python3.7/site-packages/airflow/example_dags/example_branch_datetime_operator.py
[2024-06-04T23:45:37.615+0000] {processor.py:753} INFO - DAG(s) dict_keys(['example_branch_datetime_operator_2', 'example_branch_datetime_operator', 'example_branch_datetime_operator_3']) retrieved from /home/airflow/.local/lib/python3.7/site-packages/airflow/example_dags/example_branch_datetime_operator.py
[2024-06-04T23:45:37.649+0000] {logging_mixin.py:137} INFO - [2024-06-04T23:45:37.649+0000] {dag.py:2690} INFO - Sync 3 DAGs
[2024-06-04T23:45:37.687+0000] {logging_mixin.py:137} INFO - [2024-06-04T23:45:37.686+0000] {dag.py:3441} INFO - Setting next_dagrun for example_branch_datetime_operator to 2024-06-04T00:00:00+00:00, run_after=2024-06-05T00:00:00+00:00
[2024-06-04T23:45:37.693+0000] {logging_mixin.py:137} INFO - [2024-06-04T23:45:37.692+0000] {dag.py:3441} INFO - Setting next_dagrun for example_branch_datetime_operator_2 to 2024-06-04T00:00:00+00:00, run_after=2024-06-05T00:00:00+00:00
[2024-06-04T23:45:37.696+0000] {logging_mixin.py:137} INFO - [2024-06-04T23:45:37.695+0000] {dag.py:3441} INFO - Setting next_dagrun for example_branch_datetime_operator_3 to 2024-06-04T00:00:00+00:00, run_after=2024-06-05T00:00:00+00:00
[2024-06-04T23:45:37.715+0000] {processor.py:175} INFO - Processing /home/airflow/.local/lib/python3.7/site-packages/airflow/example_dags/example_branch_datetime_operator.py took 0.125 seconds
[2024-06-04T23:46:08.041+0000] {processor.py:153} INFO - Started process (PID=2872) to work on /home/airflow/.local/lib/python3.7/site-packages/airflow/example_dags/example_branch_datetime_operator.py
[2024-06-04T23:46:08.042+0000] {processor.py:743} INFO - Processing file /home/airflow/.local/lib/python3.7/site-packages/airflow/example_dags/example_branch_datetime_operator.py for tasks to queue
[2024-06-04T23:46:08.043+0000] {logging_mixin.py:137} INFO - [2024-06-04T23:46:08.043+0000] {dagbag.py:538} INFO - Filling up the DagBag from /home/airflow/.local/lib/python3.7/site-packages/airflow/example_dags/example_branch_datetime_operator.py
[2024-06-04T23:46:08.067+0000] {processor.py:753} INFO - DAG(s) dict_keys(['example_branch_datetime_operator', 'example_branch_datetime_operator_2', 'example_branch_datetime_operator_3']) retrieved from /home/airflow/.local/lib/python3.7/site-packages/airflow/example_dags/example_branch_datetime_operator.py
[2024-06-04T23:46:08.119+0000] {logging_mixin.py:137} INFO - [2024-06-04T23:46:08.118+0000] {dag.py:2690} INFO - Sync 3 DAGs
[2024-06-04T23:46:08.159+0000] {logging_mixin.py:137} INFO - [2024-06-04T23:46:08.159+0000] {dag.py:3441} INFO - Setting next_dagrun for example_branch_datetime_operator to 2024-06-04T00:00:00+00:00, run_after=2024-06-05T00:00:00+00:00
[2024-06-04T23:46:08.166+0000] {logging_mixin.py:137} INFO - [2024-06-04T23:46:08.166+0000] {dag.py:3441} INFO - Setting next_dagrun for example_branch_datetime_operator_2 to 2024-06-04T00:00:00+00:00, run_after=2024-06-05T00:00:00+00:00
[2024-06-04T23:46:08.171+0000] {logging_mixin.py:137} INFO - [2024-06-04T23:46:08.170+0000] {dag.py:3441} INFO - Setting next_dagrun for example_branch_datetime_operator_3 to 2024-06-04T00:00:00+00:00, run_after=2024-06-05T00:00:00+00:00
[2024-06-04T23:46:08.193+0000] {processor.py:175} INFO - Processing /home/airflow/.local/lib/python3.7/site-packages/airflow/example_dags/example_branch_datetime_operator.py took 0.156 seconds
[2024-06-04T23:46:38.771+0000] {processor.py:153} INFO - Started process (PID=3241) to work on /home/airflow/.local/lib/python3.7/site-packages/airflow/example_dags/example_branch_datetime_operator.py
[2024-06-04T23:46:38.772+0000] {processor.py:743} INFO - Processing file /home/airflow/.local/lib/python3.7/site-packages/airflow/example_dags/example_branch_datetime_operator.py for tasks to queue
[2024-06-04T23:46:38.773+0000] {logging_mixin.py:137} INFO - [2024-06-04T23:46:38.773+0000] {dagbag.py:538} INFO - Filling up the DagBag from /home/airflow/.local/lib/python3.7/site-packages/airflow/example_dags/example_branch_datetime_operator.py
[2024-06-04T23:46:38.795+0000] {processor.py:753} INFO - DAG(s) dict_keys(['example_branch_datetime_operator_3', 'example_branch_datetime_operator_2', 'example_branch_datetime_operator']) retrieved from /home/airflow/.local/lib/python3.7/site-packages/airflow/example_dags/example_branch_datetime_operator.py
[2024-06-04T23:46:38.831+0000] {logging_mixin.py:137} INFO - [2024-06-04T23:46:38.831+0000] {dag.py:2690} INFO - Sync 3 DAGs
[2024-06-04T23:46:38.869+0000] {logging_mixin.py:137} INFO - [2024-06-04T23:46:38.869+0000] {dag.py:3441} INFO - Setting next_dagrun for example_branch_datetime_operator to 2024-06-04T00:00:00+00:00, run_after=2024-06-05T00:00:00+00:00
[2024-06-04T23:46:38.876+0000] {logging_mixin.py:137} INFO - [2024-06-04T23:46:38.876+0000] {dag.py:3441} INFO - Setting next_dagrun for example_branch_datetime_operator_2 to 2024-06-04T00:00:00+00:00, run_after=2024-06-05T00:00:00+00:00
[2024-06-04T23:46:38.879+0000] {logging_mixin.py:137} INFO - [2024-06-04T23:46:38.879+0000] {dag.py:3441} INFO - Setting next_dagrun for example_branch_datetime_operator_3 to 2024-06-04T00:00:00+00:00, run_after=2024-06-05T00:00:00+00:00
[2024-06-04T23:46:38.905+0000] {processor.py:175} INFO - Processing /home/airflow/.local/lib/python3.7/site-packages/airflow/example_dags/example_branch_datetime_operator.py took 0.138 seconds
[2024-06-04T23:47:08.961+0000] {processor.py:153} INFO - Started process (PID=3563) to work on /home/airflow/.local/lib/python3.7/site-packages/airflow/example_dags/example_branch_datetime_operator.py
[2024-06-04T23:47:08.963+0000] {processor.py:743} INFO - Processing file /home/airflow/.local/lib/python3.7/site-packages/airflow/example_dags/example_branch_datetime_operator.py for tasks to queue
[2024-06-04T23:47:08.963+0000] {logging_mixin.py:137} INFO - [2024-06-04T23:47:08.963+0000] {dagbag.py:538} INFO - Filling up the DagBag from /home/airflow/.local/lib/python3.7/site-packages/airflow/example_dags/example_branch_datetime_operator.py
[2024-06-04T23:47:08.987+0000] {processor.py:753} INFO - DAG(s) dict_keys(['example_branch_datetime_operator_2', 'example_branch_datetime_operator', 'example_branch_datetime_operator_3']) retrieved from /home/airflow/.local/lib/python3.7/site-packages/airflow/example_dags/example_branch_datetime_operator.py
[2024-06-04T23:47:09.025+0000] {logging_mixin.py:137} INFO - [2024-06-04T23:47:09.025+0000] {dag.py:2690} INFO - Sync 3 DAGs
[2024-06-04T23:47:09.067+0000] {logging_mixin.py:137} INFO - [2024-06-04T23:47:09.067+0000] {dag.py:3441} INFO - Setting next_dagrun for example_branch_datetime_operator to 2024-06-04T00:00:00+00:00, run_after=2024-06-05T00:00:00+00:00
[2024-06-04T23:47:09.074+0000] {logging_mixin.py:137} INFO - [2024-06-04T23:47:09.074+0000] {dag.py:3441} INFO - Setting next_dagrun for example_branch_datetime_operator_2 to 2024-06-04T00:00:00+00:00, run_after=2024-06-05T00:00:00+00:00
[2024-06-04T23:47:09.079+0000] {logging_mixin.py:137} INFO - [2024-06-04T23:47:09.079+0000] {dag.py:3441} INFO - Setting next_dagrun for example_branch_datetime_operator_3 to 2024-06-04T00:00:00+00:00, run_after=2024-06-05T00:00:00+00:00
[2024-06-04T23:47:09.102+0000] {processor.py:175} INFO - Processing /home/airflow/.local/lib/python3.7/site-packages/airflow/example_dags/example_branch_datetime_operator.py took 0.145 seconds
[2024-06-04T23:47:39.430+0000] {processor.py:153} INFO - Started process (PID=3913) to work on /home/airflow/.local/lib/python3.7/site-packages/airflow/example_dags/example_branch_datetime_operator.py
[2024-06-04T23:47:39.431+0000] {processor.py:743} INFO - Processing file /home/airflow/.local/lib/python3.7/site-packages/airflow/example_dags/example_branch_datetime_operator.py for tasks to queue
[2024-06-04T23:47:39.431+0000] {logging_mixin.py:137} INFO - [2024-06-04T23:47:39.431+0000] {dagbag.py:538} INFO - Filling up the DagBag from /home/airflow/.local/lib/python3.7/site-packages/airflow/example_dags/example_branch_datetime_operator.py
[2024-06-04T23:47:39.448+0000] {processor.py:753} INFO - DAG(s) dict_keys(['example_branch_datetime_operator_2', 'example_branch_datetime_operator_3', 'example_branch_datetime_operator']) retrieved from /home/airflow/.local/lib/python3.7/site-packages/airflow/example_dags/example_branch_datetime_operator.py
[2024-06-04T23:47:39.482+0000] {logging_mixin.py:137} INFO - [2024-06-04T23:47:39.482+0000] {dag.py:2690} INFO - Sync 3 DAGs
[2024-06-04T23:47:39.514+0000] {logging_mixin.py:137} INFO - [2024-06-04T23:47:39.514+0000] {dag.py:3441} INFO - Setting next_dagrun for example_branch_datetime_operator to 2024-06-04T00:00:00+00:00, run_after=2024-06-05T00:00:00+00:00
[2024-06-04T23:47:39.520+0000] {logging_mixin.py:137} INFO - [2024-06-04T23:47:39.520+0000] {dag.py:3441} INFO - Setting next_dagrun for example_branch_datetime_operator_2 to 2024-06-04T00:00:00+00:00, run_after=2024-06-05T00:00:00+00:00
[2024-06-04T23:47:39.525+0000] {logging_mixin.py:137} INFO - [2024-06-04T23:47:39.524+0000] {dag.py:3441} INFO - Setting next_dagrun for example_branch_datetime_operator_3 to 2024-06-04T00:00:00+00:00, run_after=2024-06-05T00:00:00+00:00
[2024-06-04T23:47:39.542+0000] {processor.py:175} INFO - Processing /home/airflow/.local/lib/python3.7/site-packages/airflow/example_dags/example_branch_datetime_operator.py took 0.115 seconds
[2024-06-04T23:48:10.264+0000] {processor.py:153} INFO - Started process (PID=4284) to work on /home/airflow/.local/lib/python3.7/site-packages/airflow/example_dags/example_branch_datetime_operator.py
[2024-06-04T23:48:10.265+0000] {processor.py:743} INFO - Processing file /home/airflow/.local/lib/python3.7/site-packages/airflow/example_dags/example_branch_datetime_operator.py for tasks to queue
[2024-06-04T23:48:10.265+0000] {logging_mixin.py:137} INFO - [2024-06-04T23:48:10.265+0000] {dagbag.py:538} INFO - Filling up the DagBag from /home/airflow/.local/lib/python3.7/site-packages/airflow/example_dags/example_branch_datetime_operator.py
[2024-06-04T23:48:10.286+0000] {processor.py:753} INFO - DAG(s) dict_keys(['example_branch_datetime_operator_2', 'example_branch_datetime_operator', 'example_branch_datetime_operator_3']) retrieved from /home/airflow/.local/lib/python3.7/site-packages/airflow/example_dags/example_branch_datetime_operator.py
[2024-06-04T23:48:10.324+0000] {logging_mixin.py:137} INFO - [2024-06-04T23:48:10.324+0000] {dag.py:2690} INFO - Sync 3 DAGs
[2024-06-04T23:48:10.357+0000] {logging_mixin.py:137} INFO - [2024-06-04T23:48:10.357+0000] {dag.py:3441} INFO - Setting next_dagrun for example_branch_datetime_operator to 2024-06-04T00:00:00+00:00, run_after=2024-06-05T00:00:00+00:00
[2024-06-04T23:48:10.362+0000] {logging_mixin.py:137} INFO - [2024-06-04T23:48:10.362+0000] {dag.py:3441} INFO - Setting next_dagrun for example_branch_datetime_operator_2 to 2024-06-04T00:00:00+00:00, run_after=2024-06-05T00:00:00+00:00
[2024-06-04T23:48:10.365+0000] {logging_mixin.py:137} INFO - [2024-06-04T23:48:10.364+0000] {dag.py:3441} INFO - Setting next_dagrun for example_branch_datetime_operator_3 to 2024-06-04T00:00:00+00:00, run_after=2024-06-05T00:00:00+00:00
[2024-06-04T23:48:10.380+0000] {processor.py:175} INFO - Processing /home/airflow/.local/lib/python3.7/site-packages/airflow/example_dags/example_branch_datetime_operator.py took 0.119 seconds
[2024-06-04T23:48:40.443+0000] {processor.py:153} INFO - Started process (PID=4638) to work on /home/airflow/.local/lib/python3.7/site-packages/airflow/example_dags/example_branch_datetime_operator.py
[2024-06-04T23:48:40.444+0000] {processor.py:743} INFO - Processing file /home/airflow/.local/lib/python3.7/site-packages/airflow/example_dags/example_branch_datetime_operator.py for tasks to queue
[2024-06-04T23:48:40.444+0000] {logging_mixin.py:137} INFO - [2024-06-04T23:48:40.444+0000] {dagbag.py:538} INFO - Filling up the DagBag from /home/airflow/.local/lib/python3.7/site-packages/airflow/example_dags/example_branch_datetime_operator.py
[2024-06-04T23:48:40.463+0000] {processor.py:753} INFO - DAG(s) dict_keys(['example_branch_datetime_operator_3', 'example_branch_datetime_operator', 'example_branch_datetime_operator_2']) retrieved from /home/airflow/.local/lib/python3.7/site-packages/airflow/example_dags/example_branch_datetime_operator.py
[2024-06-04T23:48:40.489+0000] {logging_mixin.py:137} INFO - [2024-06-04T23:48:40.489+0000] {dag.py:2690} INFO - Sync 3 DAGs
[2024-06-04T23:48:40.513+0000] {logging_mixin.py:137} INFO - [2024-06-04T23:48:40.512+0000] {dag.py:3441} INFO - Setting next_dagrun for example_branch_datetime_operator to 2024-06-04T00:00:00+00:00, run_after=2024-06-05T00:00:00+00:00
[2024-06-04T23:48:40.517+0000] {logging_mixin.py:137} INFO - [2024-06-04T23:48:40.517+0000] {dag.py:3441} INFO - Setting next_dagrun for example_branch_datetime_operator_2 to 2024-06-04T00:00:00+00:00, run_after=2024-06-05T00:00:00+00:00
[2024-06-04T23:48:40.520+0000] {logging_mixin.py:137} INFO - [2024-06-04T23:48:40.519+0000] {dag.py:3441} INFO - Setting next_dagrun for example_branch_datetime_operator_3 to 2024-06-04T00:00:00+00:00, run_after=2024-06-05T00:00:00+00:00
[2024-06-04T23:48:40.536+0000] {processor.py:175} INFO - Processing /home/airflow/.local/lib/python3.7/site-packages/airflow/example_dags/example_branch_datetime_operator.py took 0.095 seconds
[2024-06-04T23:49:11.154+0000] {processor.py:153} INFO - Started process (PID=5041) to work on /home/airflow/.local/lib/python3.7/site-packages/airflow/example_dags/example_branch_datetime_operator.py
[2024-06-04T23:49:11.155+0000] {processor.py:743} INFO - Processing file /home/airflow/.local/lib/python3.7/site-packages/airflow/example_dags/example_branch_datetime_operator.py for tasks to queue
[2024-06-04T23:49:11.156+0000] {logging_mixin.py:137} INFO - [2024-06-04T23:49:11.156+0000] {dagbag.py:538} INFO - Filling up the DagBag from /home/airflow/.local/lib/python3.7/site-packages/airflow/example_dags/example_branch_datetime_operator.py
[2024-06-04T23:49:11.176+0000] {processor.py:753} INFO - DAG(s) dict_keys(['example_branch_datetime_operator_3', 'example_branch_datetime_operator', 'example_branch_datetime_operator_2']) retrieved from /home/airflow/.local/lib/python3.7/site-packages/airflow/example_dags/example_branch_datetime_operator.py
[2024-06-04T23:49:11.216+0000] {logging_mixin.py:137} INFO - [2024-06-04T23:49:11.216+0000] {dag.py:2690} INFO - Sync 3 DAGs
[2024-06-04T23:49:11.261+0000] {logging_mixin.py:137} INFO - [2024-06-04T23:49:11.261+0000] {dag.py:3441} INFO - Setting next_dagrun for example_branch_datetime_operator to 2024-06-04T00:00:00+00:00, run_after=2024-06-05T00:00:00+00:00
[2024-06-04T23:49:11.268+0000] {logging_mixin.py:137} INFO - [2024-06-04T23:49:11.268+0000] {dag.py:3441} INFO - Setting next_dagrun for example_branch_datetime_operator_2 to 2024-06-04T00:00:00+00:00, run_after=2024-06-05T00:00:00+00:00
[2024-06-04T23:49:11.273+0000] {logging_mixin.py:137} INFO - [2024-06-04T23:49:11.273+0000] {dag.py:3441} INFO - Setting next_dagrun for example_branch_datetime_operator_3 to 2024-06-04T00:00:00+00:00, run_after=2024-06-05T00:00:00+00:00
[2024-06-04T23:49:11.309+0000] {processor.py:175} INFO - Processing /home/airflow/.local/lib/python3.7/site-packages/airflow/example_dags/example_branch_datetime_operator.py took 0.158 seconds
[2024-06-04T23:49:41.846+0000] {processor.py:153} INFO - Started process (PID=5416) to work on /home/airflow/.local/lib/python3.7/site-packages/airflow/example_dags/example_branch_datetime_operator.py
[2024-06-04T23:49:41.847+0000] {processor.py:743} INFO - Processing file /home/airflow/.local/lib/python3.7/site-packages/airflow/example_dags/example_branch_datetime_operator.py for tasks to queue
[2024-06-04T23:49:41.847+0000] {logging_mixin.py:137} INFO - [2024-06-04T23:49:41.847+0000] {dagbag.py:538} INFO - Filling up the DagBag from /home/airflow/.local/lib/python3.7/site-packages/airflow/example_dags/example_branch_datetime_operator.py
[2024-06-04T23:49:41.861+0000] {processor.py:753} INFO - DAG(s) dict_keys(['example_branch_datetime_operator_3', 'example_branch_datetime_operator', 'example_branch_datetime_operator_2']) retrieved from /home/airflow/.local/lib/python3.7/site-packages/airflow/example_dags/example_branch_datetime_operator.py
[2024-06-04T23:49:41.885+0000] {logging_mixin.py:137} INFO - [2024-06-04T23:49:41.885+0000] {dag.py:2690} INFO - Sync 3 DAGs
[2024-06-04T23:49:41.907+0000] {logging_mixin.py:137} INFO - [2024-06-04T23:49:41.907+0000] {dag.py:3441} INFO - Setting next_dagrun for example_branch_datetime_operator to 2024-06-04T00:00:00+00:00, run_after=2024-06-05T00:00:00+00:00
[2024-06-04T23:49:41.911+0000] {logging_mixin.py:137} INFO - [2024-06-04T23:49:41.911+0000] {dag.py:3441} INFO - Setting next_dagrun for example_branch_datetime_operator_2 to 2024-06-04T00:00:00+00:00, run_after=2024-06-05T00:00:00+00:00
[2024-06-04T23:49:41.913+0000] {logging_mixin.py:137} INFO - [2024-06-04T23:49:41.913+0000] {dag.py:3441} INFO - Setting next_dagrun for example_branch_datetime_operator_3 to 2024-06-04T00:00:00+00:00, run_after=2024-06-05T00:00:00+00:00
[2024-06-04T23:49:41.927+0000] {processor.py:175} INFO - Processing /home/airflow/.local/lib/python3.7/site-packages/airflow/example_dags/example_branch_datetime_operator.py took 0.084 seconds
[2024-06-04T23:50:12.331+0000] {processor.py:153} INFO - Started process (PID=5769) to work on /home/airflow/.local/lib/python3.7/site-packages/airflow/example_dags/example_branch_datetime_operator.py
[2024-06-04T23:50:12.332+0000] {processor.py:743} INFO - Processing file /home/airflow/.local/lib/python3.7/site-packages/airflow/example_dags/example_branch_datetime_operator.py for tasks to queue
[2024-06-04T23:50:12.333+0000] {logging_mixin.py:137} INFO - [2024-06-04T23:50:12.332+0000] {dagbag.py:538} INFO - Filling up the DagBag from /home/airflow/.local/lib/python3.7/site-packages/airflow/example_dags/example_branch_datetime_operator.py
[2024-06-04T23:50:12.354+0000] {processor.py:753} INFO - DAG(s) dict_keys(['example_branch_datetime_operator', 'example_branch_datetime_operator_2', 'example_branch_datetime_operator_3']) retrieved from /home/airflow/.local/lib/python3.7/site-packages/airflow/example_dags/example_branch_datetime_operator.py
[2024-06-04T23:50:12.394+0000] {logging_mixin.py:137} INFO - [2024-06-04T23:50:12.393+0000] {dag.py:2690} INFO - Sync 3 DAGs
[2024-06-04T23:50:12.430+0000] {logging_mixin.py:137} INFO - [2024-06-04T23:50:12.430+0000] {dag.py:3441} INFO - Setting next_dagrun for example_branch_datetime_operator to 2024-06-04T00:00:00+00:00, run_after=2024-06-05T00:00:00+00:00
[2024-06-04T23:50:12.437+0000] {logging_mixin.py:137} INFO - [2024-06-04T23:50:12.437+0000] {dag.py:3441} INFO - Setting next_dagrun for example_branch_datetime_operator_2 to 2024-06-04T00:00:00+00:00, run_after=2024-06-05T00:00:00+00:00
[2024-06-04T23:50:12.441+0000] {logging_mixin.py:137} INFO - [2024-06-04T23:50:12.441+0000] {dag.py:3441} INFO - Setting next_dagrun for example_branch_datetime_operator_3 to 2024-06-04T00:00:00+00:00, run_after=2024-06-05T00:00:00+00:00
[2024-06-04T23:50:12.461+0000] {processor.py:175} INFO - Processing /home/airflow/.local/lib/python3.7/site-packages/airflow/example_dags/example_branch_datetime_operator.py took 0.134 seconds
[2024-06-04T23:50:43.030+0000] {processor.py:153} INFO - Started process (PID=6156) to work on /home/airflow/.local/lib/python3.7/site-packages/airflow/example_dags/example_branch_datetime_operator.py
[2024-06-04T23:50:43.030+0000] {processor.py:743} INFO - Processing file /home/airflow/.local/lib/python3.7/site-packages/airflow/example_dags/example_branch_datetime_operator.py for tasks to queue
[2024-06-04T23:50:43.031+0000] {logging_mixin.py:137} INFO - [2024-06-04T23:50:43.031+0000] {dagbag.py:538} INFO - Filling up the DagBag from /home/airflow/.local/lib/python3.7/site-packages/airflow/example_dags/example_branch_datetime_operator.py
[2024-06-04T23:50:43.043+0000] {processor.py:753} INFO - DAG(s) dict_keys(['example_branch_datetime_operator_2', 'example_branch_datetime_operator', 'example_branch_datetime_operator_3']) retrieved from /home/airflow/.local/lib/python3.7/site-packages/airflow/example_dags/example_branch_datetime_operator.py
[2024-06-04T23:50:43.066+0000] {logging_mixin.py:137} INFO - [2024-06-04T23:50:43.066+0000] {dag.py:2690} INFO - Sync 3 DAGs
[2024-06-04T23:50:43.085+0000] {logging_mixin.py:137} INFO - [2024-06-04T23:50:43.085+0000] {dag.py:3441} INFO - Setting next_dagrun for example_branch_datetime_operator to 2024-06-04T00:00:00+00:00, run_after=2024-06-05T00:00:00+00:00
[2024-06-04T23:50:43.089+0000] {logging_mixin.py:137} INFO - [2024-06-04T23:50:43.089+0000] {dag.py:3441} INFO - Setting next_dagrun for example_branch_datetime_operator_2 to 2024-06-04T00:00:00+00:00, run_after=2024-06-05T00:00:00+00:00
[2024-06-04T23:50:43.091+0000] {logging_mixin.py:137} INFO - [2024-06-04T23:50:43.091+0000] {dag.py:3441} INFO - Setting next_dagrun for example_branch_datetime_operator_3 to 2024-06-04T00:00:00+00:00, run_after=2024-06-05T00:00:00+00:00
[2024-06-04T23:50:43.103+0000] {processor.py:175} INFO - Processing /home/airflow/.local/lib/python3.7/site-packages/airflow/example_dags/example_branch_datetime_operator.py took 0.076 seconds
[2024-06-04T23:51:13.247+0000] {processor.py:153} INFO - Started process (PID=6503) to work on /home/airflow/.local/lib/python3.7/site-packages/airflow/example_dags/example_branch_datetime_operator.py
[2024-06-04T23:51:13.248+0000] {processor.py:743} INFO - Processing file /home/airflow/.local/lib/python3.7/site-packages/airflow/example_dags/example_branch_datetime_operator.py for tasks to queue
[2024-06-04T23:51:13.249+0000] {logging_mixin.py:137} INFO - [2024-06-04T23:51:13.249+0000] {dagbag.py:538} INFO - Filling up the DagBag from /home/airflow/.local/lib/python3.7/site-packages/airflow/example_dags/example_branch_datetime_operator.py
[2024-06-04T23:51:13.267+0000] {processor.py:753} INFO - DAG(s) dict_keys(['example_branch_datetime_operator_3', 'example_branch_datetime_operator', 'example_branch_datetime_operator_2']) retrieved from /home/airflow/.local/lib/python3.7/site-packages/airflow/example_dags/example_branch_datetime_operator.py
[2024-06-04T23:51:13.300+0000] {logging_mixin.py:137} INFO - [2024-06-04T23:51:13.300+0000] {dag.py:2690} INFO - Sync 3 DAGs
[2024-06-04T23:51:13.326+0000] {logging_mixin.py:137} INFO - [2024-06-04T23:51:13.326+0000] {dag.py:3441} INFO - Setting next_dagrun for example_branch_datetime_operator to 2024-06-04T00:00:00+00:00, run_after=2024-06-05T00:00:00+00:00
[2024-06-04T23:51:13.330+0000] {logging_mixin.py:137} INFO - [2024-06-04T23:51:13.330+0000] {dag.py:3441} INFO - Setting next_dagrun for example_branch_datetime_operator_2 to 2024-06-04T00:00:00+00:00, run_after=2024-06-05T00:00:00+00:00
[2024-06-04T23:51:13.333+0000] {logging_mixin.py:137} INFO - [2024-06-04T23:51:13.333+0000] {dag.py:3441} INFO - Setting next_dagrun for example_branch_datetime_operator_3 to 2024-06-04T00:00:00+00:00, run_after=2024-06-05T00:00:00+00:00
[2024-06-04T23:51:13.348+0000] {processor.py:175} INFO - Processing /home/airflow/.local/lib/python3.7/site-packages/airflow/example_dags/example_branch_datetime_operator.py took 0.105 seconds
[2024-06-04T23:51:43.421+0000] {processor.py:153} INFO - Started process (PID=6848) to work on /home/airflow/.local/lib/python3.7/site-packages/airflow/example_dags/example_branch_datetime_operator.py
[2024-06-04T23:51:43.421+0000] {processor.py:743} INFO - Processing file /home/airflow/.local/lib/python3.7/site-packages/airflow/example_dags/example_branch_datetime_operator.py for tasks to queue
[2024-06-04T23:51:43.422+0000] {logging_mixin.py:137} INFO - [2024-06-04T23:51:43.422+0000] {dagbag.py:538} INFO - Filling up the DagBag from /home/airflow/.local/lib/python3.7/site-packages/airflow/example_dags/example_branch_datetime_operator.py
[2024-06-04T23:51:43.434+0000] {processor.py:753} INFO - DAG(s) dict_keys(['example_branch_datetime_operator', 'example_branch_datetime_operator_2', 'example_branch_datetime_operator_3']) retrieved from /home/airflow/.local/lib/python3.7/site-packages/airflow/example_dags/example_branch_datetime_operator.py
[2024-06-04T23:51:43.456+0000] {logging_mixin.py:137} INFO - [2024-06-04T23:51:43.456+0000] {dag.py:2690} INFO - Sync 3 DAGs
[2024-06-04T23:51:43.476+0000] {logging_mixin.py:137} INFO - [2024-06-04T23:51:43.476+0000] {dag.py:3441} INFO - Setting next_dagrun for example_branch_datetime_operator to 2024-06-04T00:00:00+00:00, run_after=2024-06-05T00:00:00+00:00
[2024-06-04T23:51:43.480+0000] {logging_mixin.py:137} INFO - [2024-06-04T23:51:43.480+0000] {dag.py:3441} INFO - Setting next_dagrun for example_branch_datetime_operator_2 to 2024-06-04T00:00:00+00:00, run_after=2024-06-05T00:00:00+00:00
[2024-06-04T23:51:43.482+0000] {logging_mixin.py:137} INFO - [2024-06-04T23:51:43.482+0000] {dag.py:3441} INFO - Setting next_dagrun for example_branch_datetime_operator_3 to 2024-06-04T00:00:00+00:00, run_after=2024-06-05T00:00:00+00:00
[2024-06-04T23:51:43.494+0000] {processor.py:175} INFO - Processing /home/airflow/.local/lib/python3.7/site-packages/airflow/example_dags/example_branch_datetime_operator.py took 0.076 seconds
[2024-06-04T23:52:13.789+0000] {processor.py:153} INFO - Started process (PID=7180) to work on /home/airflow/.local/lib/python3.7/site-packages/airflow/example_dags/example_branch_datetime_operator.py
[2024-06-04T23:52:13.789+0000] {processor.py:743} INFO - Processing file /home/airflow/.local/lib/python3.7/site-packages/airflow/example_dags/example_branch_datetime_operator.py for tasks to queue
[2024-06-04T23:52:13.790+0000] {logging_mixin.py:137} INFO - [2024-06-04T23:52:13.790+0000] {dagbag.py:538} INFO - Filling up the DagBag from /home/airflow/.local/lib/python3.7/site-packages/airflow/example_dags/example_branch_datetime_operator.py
[2024-06-04T23:52:13.810+0000] {processor.py:753} INFO - DAG(s) dict_keys(['example_branch_datetime_operator', 'example_branch_datetime_operator_3', 'example_branch_datetime_operator_2']) retrieved from /home/airflow/.local/lib/python3.7/site-packages/airflow/example_dags/example_branch_datetime_operator.py
[2024-06-04T23:52:13.851+0000] {logging_mixin.py:137} INFO - [2024-06-04T23:52:13.851+0000] {dag.py:2690} INFO - Sync 3 DAGs
[2024-06-04T23:52:13.885+0000] {logging_mixin.py:137} INFO - [2024-06-04T23:52:13.884+0000] {dag.py:3441} INFO - Setting next_dagrun for example_branch_datetime_operator to 2024-06-04T00:00:00+00:00, run_after=2024-06-05T00:00:00+00:00
[2024-06-04T23:52:13.891+0000] {logging_mixin.py:137} INFO - [2024-06-04T23:52:13.891+0000] {dag.py:3441} INFO - Setting next_dagrun for example_branch_datetime_operator_2 to 2024-06-04T00:00:00+00:00, run_after=2024-06-05T00:00:00+00:00
[2024-06-04T23:52:13.894+0000] {logging_mixin.py:137} INFO - [2024-06-04T23:52:13.894+0000] {dag.py:3441} INFO - Setting next_dagrun for example_branch_datetime_operator_3 to 2024-06-04T00:00:00+00:00, run_after=2024-06-05T00:00:00+00:00
[2024-06-04T23:52:13.915+0000] {processor.py:175} INFO - Processing /home/airflow/.local/lib/python3.7/site-packages/airflow/example_dags/example_branch_datetime_operator.py took 0.130 seconds
[2024-06-04T23:52:43.955+0000] {processor.py:153} INFO - Started process (PID=7522) to work on /home/airflow/.local/lib/python3.7/site-packages/airflow/example_dags/example_branch_datetime_operator.py
[2024-06-04T23:52:43.956+0000] {processor.py:743} INFO - Processing file /home/airflow/.local/lib/python3.7/site-packages/airflow/example_dags/example_branch_datetime_operator.py for tasks to queue
[2024-06-04T23:52:43.956+0000] {logging_mixin.py:137} INFO - [2024-06-04T23:52:43.956+0000] {dagbag.py:538} INFO - Filling up the DagBag from /home/airflow/.local/lib/python3.7/site-packages/airflow/example_dags/example_branch_datetime_operator.py
[2024-06-04T23:52:43.969+0000] {processor.py:753} INFO - DAG(s) dict_keys(['example_branch_datetime_operator', 'example_branch_datetime_operator_3', 'example_branch_datetime_operator_2']) retrieved from /home/airflow/.local/lib/python3.7/site-packages/airflow/example_dags/example_branch_datetime_operator.py
[2024-06-04T23:52:43.996+0000] {logging_mixin.py:137} INFO - [2024-06-04T23:52:43.996+0000] {dag.py:2690} INFO - Sync 3 DAGs
[2024-06-04T23:52:44.017+0000] {logging_mixin.py:137} INFO - [2024-06-04T23:52:44.017+0000] {dag.py:3441} INFO - Setting next_dagrun for example_branch_datetime_operator to 2024-06-04T00:00:00+00:00, run_after=2024-06-05T00:00:00+00:00
[2024-06-04T23:52:44.021+0000] {logging_mixin.py:137} INFO - [2024-06-04T23:52:44.021+0000] {dag.py:3441} INFO - Setting next_dagrun for example_branch_datetime_operator_2 to 2024-06-04T00:00:00+00:00, run_after=2024-06-05T00:00:00+00:00
[2024-06-04T23:52:44.023+0000] {logging_mixin.py:137} INFO - [2024-06-04T23:52:44.023+0000] {dag.py:3441} INFO - Setting next_dagrun for example_branch_datetime_operator_3 to 2024-06-04T00:00:00+00:00, run_after=2024-06-05T00:00:00+00:00
[2024-06-04T23:52:44.036+0000] {processor.py:175} INFO - Processing /home/airflow/.local/lib/python3.7/site-packages/airflow/example_dags/example_branch_datetime_operator.py took 0.083 seconds
[2024-06-04T23:53:14.610+0000] {processor.py:153} INFO - Started process (PID=7888) to work on /home/airflow/.local/lib/python3.7/site-packages/airflow/example_dags/example_branch_datetime_operator.py
[2024-06-04T23:53:14.611+0000] {processor.py:743} INFO - Processing file /home/airflow/.local/lib/python3.7/site-packages/airflow/example_dags/example_branch_datetime_operator.py for tasks to queue
[2024-06-04T23:53:14.614+0000] {logging_mixin.py:137} INFO - [2024-06-04T23:53:14.614+0000] {dagbag.py:538} INFO - Filling up the DagBag from /home/airflow/.local/lib/python3.7/site-packages/airflow/example_dags/example_branch_datetime_operator.py
[2024-06-04T23:53:14.640+0000] {processor.py:753} INFO - DAG(s) dict_keys(['example_branch_datetime_operator_3', 'example_branch_datetime_operator_2', 'example_branch_datetime_operator']) retrieved from /home/airflow/.local/lib/python3.7/site-packages/airflow/example_dags/example_branch_datetime_operator.py
[2024-06-04T23:53:14.687+0000] {logging_mixin.py:137} INFO - [2024-06-04T23:53:14.686+0000] {dag.py:2690} INFO - Sync 3 DAGs
[2024-06-04T23:53:14.730+0000] {logging_mixin.py:137} INFO - [2024-06-04T23:53:14.730+0000] {dag.py:3441} INFO - Setting next_dagrun for example_branch_datetime_operator to 2024-06-04T00:00:00+00:00, run_after=2024-06-05T00:00:00+00:00
[2024-06-04T23:53:14.738+0000] {logging_mixin.py:137} INFO - [2024-06-04T23:53:14.738+0000] {dag.py:3441} INFO - Setting next_dagrun for example_branch_datetime_operator_2 to 2024-06-04T00:00:00+00:00, run_after=2024-06-05T00:00:00+00:00
[2024-06-04T23:53:14.744+0000] {logging_mixin.py:137} INFO - [2024-06-04T23:53:14.744+0000] {dag.py:3441} INFO - Setting next_dagrun for example_branch_datetime_operator_3 to 2024-06-04T00:00:00+00:00, run_after=2024-06-05T00:00:00+00:00
[2024-06-04T23:53:14.771+0000] {processor.py:175} INFO - Processing /home/airflow/.local/lib/python3.7/site-packages/airflow/example_dags/example_branch_datetime_operator.py took 0.166 seconds
[2024-06-04T23:53:44.972+0000] {processor.py:153} INFO - Started process (PID=8215) to work on /home/airflow/.local/lib/python3.7/site-packages/airflow/example_dags/example_branch_datetime_operator.py
[2024-06-04T23:53:44.973+0000] {processor.py:743} INFO - Processing file /home/airflow/.local/lib/python3.7/site-packages/airflow/example_dags/example_branch_datetime_operator.py for tasks to queue
[2024-06-04T23:53:44.973+0000] {logging_mixin.py:137} INFO - [2024-06-04T23:53:44.973+0000] {dagbag.py:538} INFO - Filling up the DagBag from /home/airflow/.local/lib/python3.7/site-packages/airflow/example_dags/example_branch_datetime_operator.py
[2024-06-04T23:53:44.987+0000] {processor.py:753} INFO - DAG(s) dict_keys(['example_branch_datetime_operator_3', 'example_branch_datetime_operator_2', 'example_branch_datetime_operator']) retrieved from /home/airflow/.local/lib/python3.7/site-packages/airflow/example_dags/example_branch_datetime_operator.py
[2024-06-04T23:53:45.012+0000] {logging_mixin.py:137} INFO - [2024-06-04T23:53:45.012+0000] {dag.py:2690} INFO - Sync 3 DAGs
[2024-06-04T23:53:45.033+0000] {logging_mixin.py:137} INFO - [2024-06-04T23:53:45.033+0000] {dag.py:3441} INFO - Setting next_dagrun for example_branch_datetime_operator to 2024-06-04T00:00:00+00:00, run_after=2024-06-05T00:00:00+00:00
[2024-06-04T23:53:45.037+0000] {logging_mixin.py:137} INFO - [2024-06-04T23:53:45.037+0000] {dag.py:3441} INFO - Setting next_dagrun for example_branch_datetime_operator_2 to 2024-06-04T00:00:00+00:00, run_after=2024-06-05T00:00:00+00:00
[2024-06-04T23:53:45.039+0000] {logging_mixin.py:137} INFO - [2024-06-04T23:53:45.039+0000] {dag.py:3441} INFO - Setting next_dagrun for example_branch_datetime_operator_3 to 2024-06-04T00:00:00+00:00, run_after=2024-06-05T00:00:00+00:00
[2024-06-04T23:53:45.054+0000] {processor.py:175} INFO - Processing /home/airflow/.local/lib/python3.7/site-packages/airflow/example_dags/example_branch_datetime_operator.py took 0.084 seconds
[2024-06-04T23:54:15.562+0000] {processor.py:153} INFO - Started process (PID=8526) to work on /home/airflow/.local/lib/python3.7/site-packages/airflow/example_dags/example_branch_datetime_operator.py
[2024-06-04T23:54:15.563+0000] {processor.py:743} INFO - Processing file /home/airflow/.local/lib/python3.7/site-packages/airflow/example_dags/example_branch_datetime_operator.py for tasks to queue
[2024-06-04T23:54:15.564+0000] {logging_mixin.py:137} INFO - [2024-06-04T23:54:15.564+0000] {dagbag.py:538} INFO - Filling up the DagBag from /home/airflow/.local/lib/python3.7/site-packages/airflow/example_dags/example_branch_datetime_operator.py
[2024-06-04T23:54:15.585+0000] {processor.py:753} INFO - DAG(s) dict_keys(['example_branch_datetime_operator', 'example_branch_datetime_operator_2', 'example_branch_datetime_operator_3']) retrieved from /home/airflow/.local/lib/python3.7/site-packages/airflow/example_dags/example_branch_datetime_operator.py
[2024-06-04T23:54:15.616+0000] {logging_mixin.py:137} INFO - [2024-06-04T23:54:15.616+0000] {dag.py:2690} INFO - Sync 3 DAGs
[2024-06-04T23:54:15.641+0000] {logging_mixin.py:137} INFO - [2024-06-04T23:54:15.641+0000] {dag.py:3441} INFO - Setting next_dagrun for example_branch_datetime_operator to 2024-06-04T00:00:00+00:00, run_after=2024-06-05T00:00:00+00:00
[2024-06-04T23:54:15.646+0000] {logging_mixin.py:137} INFO - [2024-06-04T23:54:15.646+0000] {dag.py:3441} INFO - Setting next_dagrun for example_branch_datetime_operator_2 to 2024-06-04T00:00:00+00:00, run_after=2024-06-05T00:00:00+00:00
[2024-06-04T23:54:15.648+0000] {logging_mixin.py:137} INFO - [2024-06-04T23:54:15.648+0000] {dag.py:3441} INFO - Setting next_dagrun for example_branch_datetime_operator_3 to 2024-06-04T00:00:00+00:00, run_after=2024-06-05T00:00:00+00:00
[2024-06-04T23:54:15.663+0000] {processor.py:175} INFO - Processing /home/airflow/.local/lib/python3.7/site-packages/airflow/example_dags/example_branch_datetime_operator.py took 0.104 seconds
[2024-06-04T23:54:45.792+0000] {processor.py:153} INFO - Started process (PID=8667) to work on /home/airflow/.local/lib/python3.7/site-packages/airflow/example_dags/example_branch_datetime_operator.py
[2024-06-04T23:54:45.792+0000] {processor.py:743} INFO - Processing file /home/airflow/.local/lib/python3.7/site-packages/airflow/example_dags/example_branch_datetime_operator.py for tasks to queue
[2024-06-04T23:54:45.793+0000] {logging_mixin.py:137} INFO - [2024-06-04T23:54:45.793+0000] {dagbag.py:538} INFO - Filling up the DagBag from /home/airflow/.local/lib/python3.7/site-packages/airflow/example_dags/example_branch_datetime_operator.py
[2024-06-04T23:54:45.806+0000] {processor.py:753} INFO - DAG(s) dict_keys(['example_branch_datetime_operator_2', 'example_branch_datetime_operator', 'example_branch_datetime_operator_3']) retrieved from /home/airflow/.local/lib/python3.7/site-packages/airflow/example_dags/example_branch_datetime_operator.py
[2024-06-04T23:54:45.829+0000] {logging_mixin.py:137} INFO - [2024-06-04T23:54:45.828+0000] {dag.py:2690} INFO - Sync 3 DAGs
[2024-06-04T23:54:45.850+0000] {logging_mixin.py:137} INFO - [2024-06-04T23:54:45.850+0000] {dag.py:3441} INFO - Setting next_dagrun for example_branch_datetime_operator to 2024-06-04T00:00:00+00:00, run_after=2024-06-05T00:00:00+00:00
[2024-06-04T23:54:45.853+0000] {logging_mixin.py:137} INFO - [2024-06-04T23:54:45.853+0000] {dag.py:3441} INFO - Setting next_dagrun for example_branch_datetime_operator_2 to 2024-06-04T00:00:00+00:00, run_after=2024-06-05T00:00:00+00:00
[2024-06-04T23:54:45.855+0000] {logging_mixin.py:137} INFO - [2024-06-04T23:54:45.855+0000] {dag.py:3441} INFO - Setting next_dagrun for example_branch_datetime_operator_3 to 2024-06-04T00:00:00+00:00, run_after=2024-06-05T00:00:00+00:00
[2024-06-04T23:54:45.867+0000] {processor.py:175} INFO - Processing /home/airflow/.local/lib/python3.7/site-packages/airflow/example_dags/example_branch_datetime_operator.py took 0.077 seconds
[2024-06-04T23:55:15.927+0000] {processor.py:153} INFO - Started process (PID=8782) to work on /home/airflow/.local/lib/python3.7/site-packages/airflow/example_dags/example_branch_datetime_operator.py
[2024-06-04T23:55:15.928+0000] {processor.py:743} INFO - Processing file /home/airflow/.local/lib/python3.7/site-packages/airflow/example_dags/example_branch_datetime_operator.py for tasks to queue
[2024-06-04T23:55:15.929+0000] {logging_mixin.py:137} INFO - [2024-06-04T23:55:15.929+0000] {dagbag.py:538} INFO - Filling up the DagBag from /home/airflow/.local/lib/python3.7/site-packages/airflow/example_dags/example_branch_datetime_operator.py
[2024-06-04T23:55:15.944+0000] {processor.py:753} INFO - DAG(s) dict_keys(['example_branch_datetime_operator_2', 'example_branch_datetime_operator', 'example_branch_datetime_operator_3']) retrieved from /home/airflow/.local/lib/python3.7/site-packages/airflow/example_dags/example_branch_datetime_operator.py
[2024-06-04T23:55:15.974+0000] {logging_mixin.py:137} INFO - [2024-06-04T23:55:15.973+0000] {dag.py:2690} INFO - Sync 3 DAGs
[2024-06-04T23:55:16.001+0000] {logging_mixin.py:137} INFO - [2024-06-04T23:55:16.001+0000] {dag.py:3441} INFO - Setting next_dagrun for example_branch_datetime_operator to 2024-06-04T00:00:00+00:00, run_after=2024-06-05T00:00:00+00:00
[2024-06-04T23:55:16.006+0000] {logging_mixin.py:137} INFO - [2024-06-04T23:55:16.006+0000] {dag.py:3441} INFO - Setting next_dagrun for example_branch_datetime_operator_2 to 2024-06-04T00:00:00+00:00, run_after=2024-06-05T00:00:00+00:00
[2024-06-04T23:55:16.010+0000] {logging_mixin.py:137} INFO - [2024-06-04T23:55:16.009+0000] {dag.py:3441} INFO - Setting next_dagrun for example_branch_datetime_operator_3 to 2024-06-04T00:00:00+00:00, run_after=2024-06-05T00:00:00+00:00
[2024-06-04T23:55:16.024+0000] {processor.py:175} INFO - Processing /home/airflow/.local/lib/python3.7/site-packages/airflow/example_dags/example_branch_datetime_operator.py took 0.100 seconds
[2024-06-04T23:55:46.918+0000] {processor.py:153} INFO - Started process (PID=8870) to work on /home/airflow/.local/lib/python3.7/site-packages/airflow/example_dags/example_branch_datetime_operator.py
[2024-06-04T23:55:46.919+0000] {processor.py:743} INFO - Processing file /home/airflow/.local/lib/python3.7/site-packages/airflow/example_dags/example_branch_datetime_operator.py for tasks to queue
[2024-06-04T23:55:46.919+0000] {logging_mixin.py:137} INFO - [2024-06-04T23:55:46.919+0000] {dagbag.py:538} INFO - Filling up the DagBag from /home/airflow/.local/lib/python3.7/site-packages/airflow/example_dags/example_branch_datetime_operator.py
[2024-06-04T23:55:46.931+0000] {processor.py:753} INFO - DAG(s) dict_keys(['example_branch_datetime_operator', 'example_branch_datetime_operator_2', 'example_branch_datetime_operator_3']) retrieved from /home/airflow/.local/lib/python3.7/site-packages/airflow/example_dags/example_branch_datetime_operator.py
[2024-06-04T23:55:46.954+0000] {logging_mixin.py:137} INFO - [2024-06-04T23:55:46.954+0000] {dag.py:2690} INFO - Sync 3 DAGs
[2024-06-04T23:55:46.975+0000] {logging_mixin.py:137} INFO - [2024-06-04T23:55:46.974+0000] {dag.py:3441} INFO - Setting next_dagrun for example_branch_datetime_operator to 2024-06-04T00:00:00+00:00, run_after=2024-06-05T00:00:00+00:00
[2024-06-04T23:55:46.978+0000] {logging_mixin.py:137} INFO - [2024-06-04T23:55:46.978+0000] {dag.py:3441} INFO - Setting next_dagrun for example_branch_datetime_operator_2 to 2024-06-04T00:00:00+00:00, run_after=2024-06-05T00:00:00+00:00
[2024-06-04T23:55:46.980+0000] {logging_mixin.py:137} INFO - [2024-06-04T23:55:46.980+0000] {dag.py:3441} INFO - Setting next_dagrun for example_branch_datetime_operator_3 to 2024-06-04T00:00:00+00:00, run_after=2024-06-05T00:00:00+00:00
[2024-06-04T23:55:46.991+0000] {processor.py:175} INFO - Processing /home/airflow/.local/lib/python3.7/site-packages/airflow/example_dags/example_branch_datetime_operator.py took 0.075 seconds
[2024-06-04T23:56:17.718+0000] {processor.py:153} INFO - Started process (PID=8989) to work on /home/airflow/.local/lib/python3.7/site-packages/airflow/example_dags/example_branch_datetime_operator.py
[2024-06-04T23:56:17.718+0000] {processor.py:743} INFO - Processing file /home/airflow/.local/lib/python3.7/site-packages/airflow/example_dags/example_branch_datetime_operator.py for tasks to queue
[2024-06-04T23:56:17.719+0000] {logging_mixin.py:137} INFO - [2024-06-04T23:56:17.719+0000] {dagbag.py:538} INFO - Filling up the DagBag from /home/airflow/.local/lib/python3.7/site-packages/airflow/example_dags/example_branch_datetime_operator.py
[2024-06-04T23:56:17.733+0000] {processor.py:753} INFO - DAG(s) dict_keys(['example_branch_datetime_operator_3', 'example_branch_datetime_operator', 'example_branch_datetime_operator_2']) retrieved from /home/airflow/.local/lib/python3.7/site-packages/airflow/example_dags/example_branch_datetime_operator.py
[2024-06-04T23:56:17.757+0000] {logging_mixin.py:137} INFO - [2024-06-04T23:56:17.757+0000] {dag.py:2690} INFO - Sync 3 DAGs
[2024-06-04T23:56:17.780+0000] {logging_mixin.py:137} INFO - [2024-06-04T23:56:17.780+0000] {dag.py:3441} INFO - Setting next_dagrun for example_branch_datetime_operator to 2024-06-04T00:00:00+00:00, run_after=2024-06-05T00:00:00+00:00
[2024-06-04T23:56:17.784+0000] {logging_mixin.py:137} INFO - [2024-06-04T23:56:17.784+0000] {dag.py:3441} INFO - Setting next_dagrun for example_branch_datetime_operator_2 to 2024-06-04T00:00:00+00:00, run_after=2024-06-05T00:00:00+00:00
[2024-06-04T23:56:17.786+0000] {logging_mixin.py:137} INFO - [2024-06-04T23:56:17.786+0000] {dag.py:3441} INFO - Setting next_dagrun for example_branch_datetime_operator_3 to 2024-06-04T00:00:00+00:00, run_after=2024-06-05T00:00:00+00:00
[2024-06-04T23:56:17.801+0000] {processor.py:175} INFO - Processing /home/airflow/.local/lib/python3.7/site-packages/airflow/example_dags/example_branch_datetime_operator.py took 0.086 seconds
[2024-06-04T23:56:47.959+0000] {processor.py:153} INFO - Started process (PID=9093) to work on /home/airflow/.local/lib/python3.7/site-packages/airflow/example_dags/example_branch_datetime_operator.py
[2024-06-04T23:56:47.960+0000] {processor.py:743} INFO - Processing file /home/airflow/.local/lib/python3.7/site-packages/airflow/example_dags/example_branch_datetime_operator.py for tasks to queue
[2024-06-04T23:56:47.961+0000] {logging_mixin.py:137} INFO - [2024-06-04T23:56:47.961+0000] {dagbag.py:538} INFO - Filling up the DagBag from /home/airflow/.local/lib/python3.7/site-packages/airflow/example_dags/example_branch_datetime_operator.py
[2024-06-04T23:56:47.978+0000] {processor.py:753} INFO - DAG(s) dict_keys(['example_branch_datetime_operator_2', 'example_branch_datetime_operator_3', 'example_branch_datetime_operator']) retrieved from /home/airflow/.local/lib/python3.7/site-packages/airflow/example_dags/example_branch_datetime_operator.py
[2024-06-04T23:56:48.009+0000] {logging_mixin.py:137} INFO - [2024-06-04T23:56:48.008+0000] {dag.py:2690} INFO - Sync 3 DAGs
[2024-06-04T23:56:48.030+0000] {logging_mixin.py:137} INFO - [2024-06-04T23:56:48.030+0000] {dag.py:3441} INFO - Setting next_dagrun for example_branch_datetime_operator to 2024-06-04T00:00:00+00:00, run_after=2024-06-05T00:00:00+00:00
[2024-06-04T23:56:48.034+0000] {logging_mixin.py:137} INFO - [2024-06-04T23:56:48.033+0000] {dag.py:3441} INFO - Setting next_dagrun for example_branch_datetime_operator_2 to 2024-06-04T00:00:00+00:00, run_after=2024-06-05T00:00:00+00:00
[2024-06-04T23:56:48.036+0000] {logging_mixin.py:137} INFO - [2024-06-04T23:56:48.036+0000] {dag.py:3441} INFO - Setting next_dagrun for example_branch_datetime_operator_3 to 2024-06-04T00:00:00+00:00, run_after=2024-06-05T00:00:00+00:00
[2024-06-04T23:56:48.048+0000] {processor.py:175} INFO - Processing /home/airflow/.local/lib/python3.7/site-packages/airflow/example_dags/example_branch_datetime_operator.py took 0.092 seconds
[2024-06-04T23:57:18.102+0000] {processor.py:153} INFO - Started process (PID=9214) to work on /home/airflow/.local/lib/python3.7/site-packages/airflow/example_dags/example_branch_datetime_operator.py
[2024-06-04T23:57:18.102+0000] {processor.py:743} INFO - Processing file /home/airflow/.local/lib/python3.7/site-packages/airflow/example_dags/example_branch_datetime_operator.py for tasks to queue
[2024-06-04T23:57:18.103+0000] {logging_mixin.py:137} INFO - [2024-06-04T23:57:18.103+0000] {dagbag.py:538} INFO - Filling up the DagBag from /home/airflow/.local/lib/python3.7/site-packages/airflow/example_dags/example_branch_datetime_operator.py
[2024-06-04T23:57:18.117+0000] {processor.py:753} INFO - DAG(s) dict_keys(['example_branch_datetime_operator_3', 'example_branch_datetime_operator_2', 'example_branch_datetime_operator']) retrieved from /home/airflow/.local/lib/python3.7/site-packages/airflow/example_dags/example_branch_datetime_operator.py
[2024-06-04T23:57:18.141+0000] {logging_mixin.py:137} INFO - [2024-06-04T23:57:18.141+0000] {dag.py:2690} INFO - Sync 3 DAGs
[2024-06-04T23:57:18.160+0000] {logging_mixin.py:137} INFO - [2024-06-04T23:57:18.160+0000] {dag.py:3441} INFO - Setting next_dagrun for example_branch_datetime_operator to 2024-06-04T00:00:00+00:00, run_after=2024-06-05T00:00:00+00:00
[2024-06-04T23:57:18.164+0000] {logging_mixin.py:137} INFO - [2024-06-04T23:57:18.164+0000] {dag.py:3441} INFO - Setting next_dagrun for example_branch_datetime_operator_2 to 2024-06-04T00:00:00+00:00, run_after=2024-06-05T00:00:00+00:00
[2024-06-04T23:57:18.165+0000] {logging_mixin.py:137} INFO - [2024-06-04T23:57:18.165+0000] {dag.py:3441} INFO - Setting next_dagrun for example_branch_datetime_operator_3 to 2024-06-04T00:00:00+00:00, run_after=2024-06-05T00:00:00+00:00
[2024-06-04T23:57:18.177+0000] {processor.py:175} INFO - Processing /home/airflow/.local/lib/python3.7/site-packages/airflow/example_dags/example_branch_datetime_operator.py took 0.078 seconds
[2024-06-04T23:57:48.256+0000] {processor.py:153} INFO - Started process (PID=9301) to work on /home/airflow/.local/lib/python3.7/site-packages/airflow/example_dags/example_branch_datetime_operator.py
[2024-06-04T23:57:48.256+0000] {processor.py:743} INFO - Processing file /home/airflow/.local/lib/python3.7/site-packages/airflow/example_dags/example_branch_datetime_operator.py for tasks to queue
[2024-06-04T23:57:48.257+0000] {logging_mixin.py:137} INFO - [2024-06-04T23:57:48.257+0000] {dagbag.py:538} INFO - Filling up the DagBag from /home/airflow/.local/lib/python3.7/site-packages/airflow/example_dags/example_branch_datetime_operator.py
[2024-06-04T23:57:48.269+0000] {processor.py:753} INFO - DAG(s) dict_keys(['example_branch_datetime_operator_3', 'example_branch_datetime_operator', 'example_branch_datetime_operator_2']) retrieved from /home/airflow/.local/lib/python3.7/site-packages/airflow/example_dags/example_branch_datetime_operator.py
[2024-06-04T23:57:48.292+0000] {logging_mixin.py:137} INFO - [2024-06-04T23:57:48.292+0000] {dag.py:2690} INFO - Sync 3 DAGs
[2024-06-04T23:57:48.313+0000] {logging_mixin.py:137} INFO - [2024-06-04T23:57:48.312+0000] {dag.py:3441} INFO - Setting next_dagrun for example_branch_datetime_operator to 2024-06-04T00:00:00+00:00, run_after=2024-06-05T00:00:00+00:00
[2024-06-04T23:57:48.316+0000] {logging_mixin.py:137} INFO - [2024-06-04T23:57:48.316+0000] {dag.py:3441} INFO - Setting next_dagrun for example_branch_datetime_operator_2 to 2024-06-04T00:00:00+00:00, run_after=2024-06-05T00:00:00+00:00
[2024-06-04T23:57:48.318+0000] {logging_mixin.py:137} INFO - [2024-06-04T23:57:48.318+0000] {dag.py:3441} INFO - Setting next_dagrun for example_branch_datetime_operator_3 to 2024-06-04T00:00:00+00:00, run_after=2024-06-05T00:00:00+00:00
[2024-06-04T23:57:48.330+0000] {processor.py:175} INFO - Processing /home/airflow/.local/lib/python3.7/site-packages/airflow/example_dags/example_branch_datetime_operator.py took 0.077 seconds
[2024-06-04T23:58:18.429+0000] {processor.py:153} INFO - Started process (PID=9421) to work on /home/airflow/.local/lib/python3.7/site-packages/airflow/example_dags/example_branch_datetime_operator.py
[2024-06-04T23:58:18.430+0000] {processor.py:743} INFO - Processing file /home/airflow/.local/lib/python3.7/site-packages/airflow/example_dags/example_branch_datetime_operator.py for tasks to queue
[2024-06-04T23:58:18.430+0000] {logging_mixin.py:137} INFO - [2024-06-04T23:58:18.430+0000] {dagbag.py:538} INFO - Filling up the DagBag from /home/airflow/.local/lib/python3.7/site-packages/airflow/example_dags/example_branch_datetime_operator.py
[2024-06-04T23:58:18.442+0000] {processor.py:753} INFO - DAG(s) dict_keys(['example_branch_datetime_operator_3', 'example_branch_datetime_operator_2', 'example_branch_datetime_operator']) retrieved from /home/airflow/.local/lib/python3.7/site-packages/airflow/example_dags/example_branch_datetime_operator.py
[2024-06-04T23:58:18.464+0000] {logging_mixin.py:137} INFO - [2024-06-04T23:58:18.464+0000] {dag.py:2690} INFO - Sync 3 DAGs
[2024-06-04T23:58:18.484+0000] {logging_mixin.py:137} INFO - [2024-06-04T23:58:18.484+0000] {dag.py:3441} INFO - Setting next_dagrun for example_branch_datetime_operator to 2024-06-04T00:00:00+00:00, run_after=2024-06-05T00:00:00+00:00
[2024-06-04T23:58:18.487+0000] {logging_mixin.py:137} INFO - [2024-06-04T23:58:18.487+0000] {dag.py:3441} INFO - Setting next_dagrun for example_branch_datetime_operator_2 to 2024-06-04T00:00:00+00:00, run_after=2024-06-05T00:00:00+00:00
[2024-06-04T23:58:18.489+0000] {logging_mixin.py:137} INFO - [2024-06-04T23:58:18.489+0000] {dag.py:3441} INFO - Setting next_dagrun for example_branch_datetime_operator_3 to 2024-06-04T00:00:00+00:00, run_after=2024-06-05T00:00:00+00:00
[2024-06-04T23:58:18.501+0000] {processor.py:175} INFO - Processing /home/airflow/.local/lib/python3.7/site-packages/airflow/example_dags/example_branch_datetime_operator.py took 0.074 seconds
[2024-06-04T23:58:48.640+0000] {processor.py:153} INFO - Started process (PID=9532) to work on /home/airflow/.local/lib/python3.7/site-packages/airflow/example_dags/example_branch_datetime_operator.py
[2024-06-04T23:58:48.640+0000] {processor.py:743} INFO - Processing file /home/airflow/.local/lib/python3.7/site-packages/airflow/example_dags/example_branch_datetime_operator.py for tasks to queue
[2024-06-04T23:58:48.641+0000] {logging_mixin.py:137} INFO - [2024-06-04T23:58:48.641+0000] {dagbag.py:538} INFO - Filling up the DagBag from /home/airflow/.local/lib/python3.7/site-packages/airflow/example_dags/example_branch_datetime_operator.py
[2024-06-04T23:58:48.653+0000] {processor.py:753} INFO - DAG(s) dict_keys(['example_branch_datetime_operator', 'example_branch_datetime_operator_3', 'example_branch_datetime_operator_2']) retrieved from /home/airflow/.local/lib/python3.7/site-packages/airflow/example_dags/example_branch_datetime_operator.py
[2024-06-04T23:58:48.677+0000] {logging_mixin.py:137} INFO - [2024-06-04T23:58:48.677+0000] {dag.py:2690} INFO - Sync 3 DAGs
[2024-06-04T23:58:48.699+0000] {logging_mixin.py:137} INFO - [2024-06-04T23:58:48.699+0000] {dag.py:3441} INFO - Setting next_dagrun for example_branch_datetime_operator to 2024-06-04T00:00:00+00:00, run_after=2024-06-05T00:00:00+00:00
[2024-06-04T23:58:48.703+0000] {logging_mixin.py:137} INFO - [2024-06-04T23:58:48.703+0000] {dag.py:3441} INFO - Setting next_dagrun for example_branch_datetime_operator_2 to 2024-06-04T00:00:00+00:00, run_after=2024-06-05T00:00:00+00:00
[2024-06-04T23:58:48.705+0000] {logging_mixin.py:137} INFO - [2024-06-04T23:58:48.705+0000] {dag.py:3441} INFO - Setting next_dagrun for example_branch_datetime_operator_3 to 2024-06-04T00:00:00+00:00, run_after=2024-06-05T00:00:00+00:00
[2024-06-04T23:58:48.719+0000] {processor.py:175} INFO - Processing /home/airflow/.local/lib/python3.7/site-packages/airflow/example_dags/example_branch_datetime_operator.py took 0.082 seconds
[2024-06-04T23:59:19.369+0000] {processor.py:153} INFO - Started process (PID=9624) to work on /home/airflow/.local/lib/python3.7/site-packages/airflow/example_dags/example_branch_datetime_operator.py
[2024-06-04T23:59:19.370+0000] {processor.py:743} INFO - Processing file /home/airflow/.local/lib/python3.7/site-packages/airflow/example_dags/example_branch_datetime_operator.py for tasks to queue
[2024-06-04T23:59:19.370+0000] {logging_mixin.py:137} INFO - [2024-06-04T23:59:19.370+0000] {dagbag.py:538} INFO - Filling up the DagBag from /home/airflow/.local/lib/python3.7/site-packages/airflow/example_dags/example_branch_datetime_operator.py
[2024-06-04T23:59:19.383+0000] {processor.py:753} INFO - DAG(s) dict_keys(['example_branch_datetime_operator_2', 'example_branch_datetime_operator_3', 'example_branch_datetime_operator']) retrieved from /home/airflow/.local/lib/python3.7/site-packages/airflow/example_dags/example_branch_datetime_operator.py
[2024-06-04T23:59:19.405+0000] {logging_mixin.py:137} INFO - [2024-06-04T23:59:19.405+0000] {dag.py:2690} INFO - Sync 3 DAGs
[2024-06-04T23:59:19.424+0000] {logging_mixin.py:137} INFO - [2024-06-04T23:59:19.424+0000] {dag.py:3441} INFO - Setting next_dagrun for example_branch_datetime_operator to 2024-06-04T00:00:00+00:00, run_after=2024-06-05T00:00:00+00:00
[2024-06-04T23:59:19.428+0000] {logging_mixin.py:137} INFO - [2024-06-04T23:59:19.428+0000] {dag.py:3441} INFO - Setting next_dagrun for example_branch_datetime_operator_2 to 2024-06-04T00:00:00+00:00, run_after=2024-06-05T00:00:00+00:00
[2024-06-04T23:59:19.430+0000] {logging_mixin.py:137} INFO - [2024-06-04T23:59:19.430+0000] {dag.py:3441} INFO - Setting next_dagrun for example_branch_datetime_operator_3 to 2024-06-04T00:00:00+00:00, run_after=2024-06-05T00:00:00+00:00
[2024-06-04T23:59:19.442+0000] {processor.py:175} INFO - Processing /home/airflow/.local/lib/python3.7/site-packages/airflow/example_dags/example_branch_datetime_operator.py took 0.075 seconds
[2024-06-04T23:59:50.160+0000] {processor.py:153} INFO - Started process (PID=9735) to work on /home/airflow/.local/lib/python3.7/site-packages/airflow/example_dags/example_branch_datetime_operator.py
[2024-06-04T23:59:50.161+0000] {processor.py:743} INFO - Processing file /home/airflow/.local/lib/python3.7/site-packages/airflow/example_dags/example_branch_datetime_operator.py for tasks to queue
[2024-06-04T23:59:50.161+0000] {logging_mixin.py:137} INFO - [2024-06-04T23:59:50.161+0000] {dagbag.py:538} INFO - Filling up the DagBag from /home/airflow/.local/lib/python3.7/site-packages/airflow/example_dags/example_branch_datetime_operator.py
[2024-06-04T23:59:50.174+0000] {processor.py:753} INFO - DAG(s) dict_keys(['example_branch_datetime_operator_3', 'example_branch_datetime_operator', 'example_branch_datetime_operator_2']) retrieved from /home/airflow/.local/lib/python3.7/site-packages/airflow/example_dags/example_branch_datetime_operator.py
[2024-06-04T23:59:50.198+0000] {logging_mixin.py:137} INFO - [2024-06-04T23:59:50.198+0000] {dag.py:2690} INFO - Sync 3 DAGs
[2024-06-04T23:59:50.219+0000] {logging_mixin.py:137} INFO - [2024-06-04T23:59:50.219+0000] {dag.py:3441} INFO - Setting next_dagrun for example_branch_datetime_operator to 2024-06-04T00:00:00+00:00, run_after=2024-06-05T00:00:00+00:00
[2024-06-04T23:59:50.223+0000] {logging_mixin.py:137} INFO - [2024-06-04T23:59:50.223+0000] {dag.py:3441} INFO - Setting next_dagrun for example_branch_datetime_operator_2 to 2024-06-04T00:00:00+00:00, run_after=2024-06-05T00:00:00+00:00
[2024-06-04T23:59:50.225+0000] {logging_mixin.py:137} INFO - [2024-06-04T23:59:50.225+0000] {dag.py:3441} INFO - Setting next_dagrun for example_branch_datetime_operator_3 to 2024-06-04T00:00:00+00:00, run_after=2024-06-05T00:00:00+00:00
[2024-06-04T23:59:50.238+0000] {processor.py:175} INFO - Processing /home/airflow/.local/lib/python3.7/site-packages/airflow/example_dags/example_branch_datetime_operator.py took 0.081 seconds
