[2024-06-04T23:37:26.659+0000] {processor.py:153} INFO - Started process (PID=61) to work on /home/airflow/.local/lib/python3.7/site-packages/airflow/example_dags/example_latest_only.py
[2024-06-04T23:37:26.659+0000] {processor.py:743} INFO - Processing file /home/airflow/.local/lib/python3.7/site-packages/airflow/example_dags/example_latest_only.py for tasks to queue
[2024-06-04T23:37:26.659+0000] {logging_mixin.py:137} INFO - [2024-06-04T23:37:26.659+0000] {dagbag.py:538} INFO - Filling up the DagBag from /home/airflow/.local/lib/python3.7/site-packages/airflow/example_dags/example_latest_only.py
[2024-06-04T23:37:26.670+0000] {processor.py:753} INFO - DAG(s) dict_keys(['latest_only']) retrieved from /home/airflow/.local/lib/python3.7/site-packages/airflow/example_dags/example_latest_only.py
[2024-06-04T23:37:26.751+0000] {logging_mixin.py:137} INFO - [2024-06-04T23:37:26.750+0000] {manager.py:504} INFO - Created Permission View: can edit on DAG:latest_only
[2024-06-04T23:37:26.758+0000] {logging_mixin.py:137} INFO - [2024-06-04T23:37:26.757+0000] {manager.py:504} INFO - Created Permission View: can read on DAG:latest_only
[2024-06-04T23:37:26.763+0000] {logging_mixin.py:137} INFO - [2024-06-04T23:37:26.763+0000] {manager.py:504} INFO - Created Permission View: can delete on DAG:latest_only
[2024-06-04T23:37:26.764+0000] {logging_mixin.py:137} INFO - [2024-06-04T23:37:26.764+0000] {dag.py:2690} INFO - Sync 1 DAGs
[2024-06-04T23:37:26.773+0000] {logging_mixin.py:137} INFO - [2024-06-04T23:37:26.773+0000] {dag.py:2711} INFO - Creating ORM DAG for latest_only
[2024-06-04T23:37:26.781+0000] {logging_mixin.py:137} INFO - [2024-06-04T23:37:26.781+0000] {dag.py:3441} INFO - Setting next_dagrun for latest_only to 2024-06-04T19:37:26.781038+00:00, run_after=2024-06-04T23:37:26.781038+00:00
[2024-06-04T23:37:26.794+0000] {processor.py:175} INFO - Processing /home/airflow/.local/lib/python3.7/site-packages/airflow/example_dags/example_latest_only.py took 0.137 seconds
[2024-06-04T23:37:57.473+0000] {processor.py:153} INFO - Started process (PID=172) to work on /home/airflow/.local/lib/python3.7/site-packages/airflow/example_dags/example_latest_only.py
[2024-06-04T23:37:57.474+0000] {processor.py:743} INFO - Processing file /home/airflow/.local/lib/python3.7/site-packages/airflow/example_dags/example_latest_only.py for tasks to queue
[2024-06-04T23:37:57.474+0000] {logging_mixin.py:137} INFO - [2024-06-04T23:37:57.474+0000] {dagbag.py:538} INFO - Filling up the DagBag from /home/airflow/.local/lib/python3.7/site-packages/airflow/example_dags/example_latest_only.py
[2024-06-04T23:37:57.485+0000] {processor.py:753} INFO - DAG(s) dict_keys(['latest_only']) retrieved from /home/airflow/.local/lib/python3.7/site-packages/airflow/example_dags/example_latest_only.py
[2024-06-04T23:37:57.502+0000] {logging_mixin.py:137} INFO - [2024-06-04T23:37:57.502+0000] {dag.py:2690} INFO - Sync 1 DAGs
[2024-06-04T23:37:57.518+0000] {logging_mixin.py:137} INFO - [2024-06-04T23:37:57.518+0000] {dag.py:3441} INFO - Setting next_dagrun for latest_only to 2024-06-04T19:37:57.518356+00:00, run_after=2024-06-04T23:37:57.518356+00:00
[2024-06-04T23:37:57.532+0000] {processor.py:175} INFO - Processing /home/airflow/.local/lib/python3.7/site-packages/airflow/example_dags/example_latest_only.py took 0.061 seconds
[2024-06-04T23:38:28.359+0000] {processor.py:153} INFO - Started process (PID=283) to work on /home/airflow/.local/lib/python3.7/site-packages/airflow/example_dags/example_latest_only.py
[2024-06-04T23:38:28.364+0000] {processor.py:743} INFO - Processing file /home/airflow/.local/lib/python3.7/site-packages/airflow/example_dags/example_latest_only.py for tasks to queue
[2024-06-04T23:38:28.365+0000] {logging_mixin.py:137} INFO - [2024-06-04T23:38:28.365+0000] {dagbag.py:538} INFO - Filling up the DagBag from /home/airflow/.local/lib/python3.7/site-packages/airflow/example_dags/example_latest_only.py
[2024-06-04T23:38:28.382+0000] {processor.py:753} INFO - DAG(s) dict_keys(['latest_only']) retrieved from /home/airflow/.local/lib/python3.7/site-packages/airflow/example_dags/example_latest_only.py
[2024-06-04T23:38:28.403+0000] {logging_mixin.py:137} INFO - [2024-06-04T23:38:28.402+0000] {dag.py:2690} INFO - Sync 1 DAGs
[2024-06-04T23:38:28.423+0000] {logging_mixin.py:137} INFO - [2024-06-04T23:38:28.422+0000] {dag.py:3441} INFO - Setting next_dagrun for latest_only to 2024-06-04T19:38:28.422720+00:00, run_after=2024-06-04T23:38:28.422720+00:00
[2024-06-04T23:38:28.436+0000] {processor.py:175} INFO - Processing /home/airflow/.local/lib/python3.7/site-packages/airflow/example_dags/example_latest_only.py took 0.083 seconds
[2024-06-04T23:38:59.204+0000] {processor.py:153} INFO - Started process (PID=370) to work on /home/airflow/.local/lib/python3.7/site-packages/airflow/example_dags/example_latest_only.py
[2024-06-04T23:38:59.204+0000] {processor.py:743} INFO - Processing file /home/airflow/.local/lib/python3.7/site-packages/airflow/example_dags/example_latest_only.py for tasks to queue
[2024-06-04T23:38:59.205+0000] {logging_mixin.py:137} INFO - [2024-06-04T23:38:59.205+0000] {dagbag.py:538} INFO - Filling up the DagBag from /home/airflow/.local/lib/python3.7/site-packages/airflow/example_dags/example_latest_only.py
[2024-06-04T23:38:59.215+0000] {processor.py:753} INFO - DAG(s) dict_keys(['latest_only']) retrieved from /home/airflow/.local/lib/python3.7/site-packages/airflow/example_dags/example_latest_only.py
[2024-06-04T23:38:59.234+0000] {logging_mixin.py:137} INFO - [2024-06-04T23:38:59.234+0000] {dag.py:2690} INFO - Sync 1 DAGs
[2024-06-04T23:38:59.254+0000] {logging_mixin.py:137} INFO - [2024-06-04T23:38:59.254+0000] {dag.py:3441} INFO - Setting next_dagrun for latest_only to 2024-06-04T19:38:59.254121+00:00, run_after=2024-06-04T23:38:59.254121+00:00
[2024-06-04T23:38:59.268+0000] {processor.py:175} INFO - Processing /home/airflow/.local/lib/python3.7/site-packages/airflow/example_dags/example_latest_only.py took 0.067 seconds
[2024-06-04T23:39:29.911+0000] {processor.py:153} INFO - Started process (PID=481) to work on /home/airflow/.local/lib/python3.7/site-packages/airflow/example_dags/example_latest_only.py
[2024-06-04T23:39:29.912+0000] {processor.py:743} INFO - Processing file /home/airflow/.local/lib/python3.7/site-packages/airflow/example_dags/example_latest_only.py for tasks to queue
[2024-06-04T23:39:29.913+0000] {logging_mixin.py:137} INFO - [2024-06-04T23:39:29.913+0000] {dagbag.py:538} INFO - Filling up the DagBag from /home/airflow/.local/lib/python3.7/site-packages/airflow/example_dags/example_latest_only.py
[2024-06-04T23:39:29.923+0000] {processor.py:753} INFO - DAG(s) dict_keys(['latest_only']) retrieved from /home/airflow/.local/lib/python3.7/site-packages/airflow/example_dags/example_latest_only.py
[2024-06-04T23:39:29.940+0000] {logging_mixin.py:137} INFO - [2024-06-04T23:39:29.940+0000] {dag.py:2690} INFO - Sync 1 DAGs
[2024-06-04T23:39:29.957+0000] {logging_mixin.py:137} INFO - [2024-06-04T23:39:29.957+0000] {dag.py:3441} INFO - Setting next_dagrun for latest_only to 2024-06-04T19:39:29.956867+00:00, run_after=2024-06-04T23:39:29.956867+00:00
[2024-06-04T23:39:29.969+0000] {processor.py:175} INFO - Processing /home/airflow/.local/lib/python3.7/site-packages/airflow/example_dags/example_latest_only.py took 0.060 seconds
[2024-06-04T23:40:00.642+0000] {processor.py:153} INFO - Started process (PID=568) to work on /home/airflow/.local/lib/python3.7/site-packages/airflow/example_dags/example_latest_only.py
[2024-06-04T23:40:00.642+0000] {processor.py:743} INFO - Processing file /home/airflow/.local/lib/python3.7/site-packages/airflow/example_dags/example_latest_only.py for tasks to queue
[2024-06-04T23:40:00.643+0000] {logging_mixin.py:137} INFO - [2024-06-04T23:40:00.643+0000] {dagbag.py:538} INFO - Filling up the DagBag from /home/airflow/.local/lib/python3.7/site-packages/airflow/example_dags/example_latest_only.py
[2024-06-04T23:40:00.652+0000] {processor.py:753} INFO - DAG(s) dict_keys(['latest_only']) retrieved from /home/airflow/.local/lib/python3.7/site-packages/airflow/example_dags/example_latest_only.py
[2024-06-04T23:40:00.669+0000] {logging_mixin.py:137} INFO - [2024-06-04T23:40:00.669+0000] {dag.py:2690} INFO - Sync 1 DAGs
[2024-06-04T23:40:00.686+0000] {logging_mixin.py:137} INFO - [2024-06-04T23:40:00.686+0000] {dag.py:3441} INFO - Setting next_dagrun for latest_only to 2024-06-04T19:40:00.685829+00:00, run_after=2024-06-04T23:40:00.685829+00:00
[2024-06-04T23:40:00.699+0000] {processor.py:175} INFO - Processing /home/airflow/.local/lib/python3.7/site-packages/airflow/example_dags/example_latest_only.py took 0.059 seconds
[2024-06-04T23:40:31.331+0000] {processor.py:153} INFO - Started process (PID=679) to work on /home/airflow/.local/lib/python3.7/site-packages/airflow/example_dags/example_latest_only.py
[2024-06-04T23:40:31.331+0000] {processor.py:743} INFO - Processing file /home/airflow/.local/lib/python3.7/site-packages/airflow/example_dags/example_latest_only.py for tasks to queue
[2024-06-04T23:40:31.332+0000] {logging_mixin.py:137} INFO - [2024-06-04T23:40:31.332+0000] {dagbag.py:538} INFO - Filling up the DagBag from /home/airflow/.local/lib/python3.7/site-packages/airflow/example_dags/example_latest_only.py
[2024-06-04T23:40:31.341+0000] {processor.py:753} INFO - DAG(s) dict_keys(['latest_only']) retrieved from /home/airflow/.local/lib/python3.7/site-packages/airflow/example_dags/example_latest_only.py
[2024-06-04T23:40:31.359+0000] {logging_mixin.py:137} INFO - [2024-06-04T23:40:31.359+0000] {dag.py:2690} INFO - Sync 1 DAGs
[2024-06-04T23:40:31.376+0000] {logging_mixin.py:137} INFO - [2024-06-04T23:40:31.376+0000] {dag.py:3441} INFO - Setting next_dagrun for latest_only to 2024-06-04T19:40:31.375982+00:00, run_after=2024-06-04T23:40:31.375982+00:00
[2024-06-04T23:40:31.388+0000] {processor.py:175} INFO - Processing /home/airflow/.local/lib/python3.7/site-packages/airflow/example_dags/example_latest_only.py took 0.060 seconds
[2024-06-04T23:41:02.067+0000] {processor.py:153} INFO - Started process (PID=790) to work on /home/airflow/.local/lib/python3.7/site-packages/airflow/example_dags/example_latest_only.py
[2024-06-04T23:41:02.067+0000] {processor.py:743} INFO - Processing file /home/airflow/.local/lib/python3.7/site-packages/airflow/example_dags/example_latest_only.py for tasks to queue
[2024-06-04T23:41:02.068+0000] {logging_mixin.py:137} INFO - [2024-06-04T23:41:02.068+0000] {dagbag.py:538} INFO - Filling up the DagBag from /home/airflow/.local/lib/python3.7/site-packages/airflow/example_dags/example_latest_only.py
[2024-06-04T23:41:02.077+0000] {processor.py:753} INFO - DAG(s) dict_keys(['latest_only']) retrieved from /home/airflow/.local/lib/python3.7/site-packages/airflow/example_dags/example_latest_only.py
[2024-06-04T23:41:02.095+0000] {logging_mixin.py:137} INFO - [2024-06-04T23:41:02.095+0000] {dag.py:2690} INFO - Sync 1 DAGs
[2024-06-04T23:41:02.111+0000] {logging_mixin.py:137} INFO - [2024-06-04T23:41:02.111+0000] {dag.py:3441} INFO - Setting next_dagrun for latest_only to 2024-06-04T19:41:02.111626+00:00, run_after=2024-06-04T23:41:02.111626+00:00
[2024-06-04T23:41:02.123+0000] {processor.py:175} INFO - Processing /home/airflow/.local/lib/python3.7/site-packages/airflow/example_dags/example_latest_only.py took 0.059 seconds
[2024-06-04T23:41:32.761+0000] {processor.py:153} INFO - Started process (PID=877) to work on /home/airflow/.local/lib/python3.7/site-packages/airflow/example_dags/example_latest_only.py
[2024-06-04T23:41:32.762+0000] {processor.py:743} INFO - Processing file /home/airflow/.local/lib/python3.7/site-packages/airflow/example_dags/example_latest_only.py for tasks to queue
[2024-06-04T23:41:32.762+0000] {logging_mixin.py:137} INFO - [2024-06-04T23:41:32.762+0000] {dagbag.py:538} INFO - Filling up the DagBag from /home/airflow/.local/lib/python3.7/site-packages/airflow/example_dags/example_latest_only.py
[2024-06-04T23:41:32.772+0000] {processor.py:753} INFO - DAG(s) dict_keys(['latest_only']) retrieved from /home/airflow/.local/lib/python3.7/site-packages/airflow/example_dags/example_latest_only.py
[2024-06-04T23:41:32.789+0000] {logging_mixin.py:137} INFO - [2024-06-04T23:41:32.789+0000] {dag.py:2690} INFO - Sync 1 DAGs
[2024-06-04T23:41:32.806+0000] {logging_mixin.py:137} INFO - [2024-06-04T23:41:32.806+0000] {dag.py:3441} INFO - Setting next_dagrun for latest_only to 2024-06-04T19:41:32.805947+00:00, run_after=2024-06-04T23:41:32.805947+00:00
[2024-06-04T23:41:32.818+0000] {processor.py:175} INFO - Processing /home/airflow/.local/lib/python3.7/site-packages/airflow/example_dags/example_latest_only.py took 0.059 seconds
[2024-06-04T23:42:03.424+0000] {processor.py:153} INFO - Started process (PID=988) to work on /home/airflow/.local/lib/python3.7/site-packages/airflow/example_dags/example_latest_only.py
[2024-06-04T23:42:03.425+0000] {processor.py:743} INFO - Processing file /home/airflow/.local/lib/python3.7/site-packages/airflow/example_dags/example_latest_only.py for tasks to queue
[2024-06-04T23:42:03.425+0000] {logging_mixin.py:137} INFO - [2024-06-04T23:42:03.425+0000] {dagbag.py:538} INFO - Filling up the DagBag from /home/airflow/.local/lib/python3.7/site-packages/airflow/example_dags/example_latest_only.py
[2024-06-04T23:42:03.434+0000] {processor.py:753} INFO - DAG(s) dict_keys(['latest_only']) retrieved from /home/airflow/.local/lib/python3.7/site-packages/airflow/example_dags/example_latest_only.py
[2024-06-04T23:42:03.453+0000] {logging_mixin.py:137} INFO - [2024-06-04T23:42:03.453+0000] {dag.py:2690} INFO - Sync 1 DAGs
[2024-06-04T23:42:03.472+0000] {logging_mixin.py:137} INFO - [2024-06-04T23:42:03.472+0000] {dag.py:3441} INFO - Setting next_dagrun for latest_only to 2024-06-04T19:42:03.472197+00:00, run_after=2024-06-04T23:42:03.472197+00:00
[2024-06-04T23:42:03.485+0000] {processor.py:175} INFO - Processing /home/airflow/.local/lib/python3.7/site-packages/airflow/example_dags/example_latest_only.py took 0.063 seconds
[2024-06-04T23:42:33.541+0000] {processor.py:153} INFO - Started process (PID=1075) to work on /home/airflow/.local/lib/python3.7/site-packages/airflow/example_dags/example_latest_only.py
[2024-06-04T23:42:33.541+0000] {processor.py:743} INFO - Processing file /home/airflow/.local/lib/python3.7/site-packages/airflow/example_dags/example_latest_only.py for tasks to queue
[2024-06-04T23:42:33.542+0000] {logging_mixin.py:137} INFO - [2024-06-04T23:42:33.542+0000] {dagbag.py:538} INFO - Filling up the DagBag from /home/airflow/.local/lib/python3.7/site-packages/airflow/example_dags/example_latest_only.py
[2024-06-04T23:42:33.551+0000] {processor.py:753} INFO - DAG(s) dict_keys(['latest_only']) retrieved from /home/airflow/.local/lib/python3.7/site-packages/airflow/example_dags/example_latest_only.py
[2024-06-04T23:42:33.569+0000] {logging_mixin.py:137} INFO - [2024-06-04T23:42:33.569+0000] {dag.py:2690} INFO - Sync 1 DAGs
[2024-06-04T23:42:33.586+0000] {logging_mixin.py:137} INFO - [2024-06-04T23:42:33.586+0000] {dag.py:3441} INFO - Setting next_dagrun for latest_only to 2024-06-04T19:42:33.586150+00:00, run_after=2024-06-04T23:42:33.586150+00:00
[2024-06-04T23:42:33.598+0000] {processor.py:175} INFO - Processing /home/airflow/.local/lib/python3.7/site-packages/airflow/example_dags/example_latest_only.py took 0.060 seconds
[2024-06-04T23:43:04.601+0000] {processor.py:153} INFO - Started process (PID=1186) to work on /home/airflow/.local/lib/python3.7/site-packages/airflow/example_dags/example_latest_only.py
[2024-06-04T23:43:04.601+0000] {processor.py:743} INFO - Processing file /home/airflow/.local/lib/python3.7/site-packages/airflow/example_dags/example_latest_only.py for tasks to queue
[2024-06-04T23:43:04.601+0000] {logging_mixin.py:137} INFO - [2024-06-04T23:43:04.601+0000] {dagbag.py:538} INFO - Filling up the DagBag from /home/airflow/.local/lib/python3.7/site-packages/airflow/example_dags/example_latest_only.py
[2024-06-04T23:43:04.611+0000] {processor.py:753} INFO - DAG(s) dict_keys(['latest_only']) retrieved from /home/airflow/.local/lib/python3.7/site-packages/airflow/example_dags/example_latest_only.py
[2024-06-04T23:43:04.629+0000] {logging_mixin.py:137} INFO - [2024-06-04T23:43:04.629+0000] {dag.py:2690} INFO - Sync 1 DAGs
[2024-06-04T23:43:04.646+0000] {logging_mixin.py:137} INFO - [2024-06-04T23:43:04.646+0000] {dag.py:3441} INFO - Setting next_dagrun for latest_only to 2024-06-04T19:43:04.646359+00:00, run_after=2024-06-04T23:43:04.646359+00:00
[2024-06-04T23:43:04.658+0000] {processor.py:175} INFO - Processing /home/airflow/.local/lib/python3.7/site-packages/airflow/example_dags/example_latest_only.py took 0.060 seconds
[2024-06-04T23:43:35.412+0000] {processor.py:153} INFO - Started process (PID=1297) to work on /home/airflow/.local/lib/python3.7/site-packages/airflow/example_dags/example_latest_only.py
[2024-06-04T23:43:35.412+0000] {processor.py:743} INFO - Processing file /home/airflow/.local/lib/python3.7/site-packages/airflow/example_dags/example_latest_only.py for tasks to queue
[2024-06-04T23:43:35.413+0000] {logging_mixin.py:137} INFO - [2024-06-04T23:43:35.413+0000] {dagbag.py:538} INFO - Filling up the DagBag from /home/airflow/.local/lib/python3.7/site-packages/airflow/example_dags/example_latest_only.py
[2024-06-04T23:43:35.423+0000] {processor.py:753} INFO - DAG(s) dict_keys(['latest_only']) retrieved from /home/airflow/.local/lib/python3.7/site-packages/airflow/example_dags/example_latest_only.py
[2024-06-04T23:43:35.441+0000] {logging_mixin.py:137} INFO - [2024-06-04T23:43:35.441+0000] {dag.py:2690} INFO - Sync 1 DAGs
[2024-06-04T23:43:35.459+0000] {logging_mixin.py:137} INFO - [2024-06-04T23:43:35.459+0000] {dag.py:3441} INFO - Setting next_dagrun for latest_only to 2024-06-04T19:43:35.459256+00:00, run_after=2024-06-04T23:43:35.459256+00:00
[2024-06-04T23:43:35.472+0000] {processor.py:175} INFO - Processing /home/airflow/.local/lib/python3.7/site-packages/airflow/example_dags/example_latest_only.py took 0.063 seconds
[2024-06-04T23:44:06.891+0000] {processor.py:153} INFO - Started process (PID=1497) to work on /home/airflow/.local/lib/python3.7/site-packages/airflow/example_dags/example_latest_only.py
[2024-06-04T23:44:06.892+0000] {processor.py:743} INFO - Processing file /home/airflow/.local/lib/python3.7/site-packages/airflow/example_dags/example_latest_only.py for tasks to queue
[2024-06-04T23:44:06.893+0000] {logging_mixin.py:137} INFO - [2024-06-04T23:44:06.893+0000] {dagbag.py:538} INFO - Filling up the DagBag from /home/airflow/.local/lib/python3.7/site-packages/airflow/example_dags/example_latest_only.py
[2024-06-04T23:44:06.910+0000] {processor.py:753} INFO - DAG(s) dict_keys(['latest_only']) retrieved from /home/airflow/.local/lib/python3.7/site-packages/airflow/example_dags/example_latest_only.py
[2024-06-04T23:44:06.942+0000] {logging_mixin.py:137} INFO - [2024-06-04T23:44:06.942+0000] {dag.py:2690} INFO - Sync 1 DAGs
[2024-06-04T23:44:06.976+0000] {logging_mixin.py:137} INFO - [2024-06-04T23:44:06.976+0000] {dag.py:3441} INFO - Setting next_dagrun for latest_only to 2024-06-04T19:44:06.975977+00:00, run_after=2024-06-04T23:44:06.975977+00:00
[2024-06-04T23:44:06.997+0000] {processor.py:175} INFO - Processing /home/airflow/.local/lib/python3.7/site-packages/airflow/example_dags/example_latest_only.py took 0.109 seconds
[2024-06-04T23:44:37.105+0000] {processor.py:153} INFO - Started process (PID=1870) to work on /home/airflow/.local/lib/python3.7/site-packages/airflow/example_dags/example_latest_only.py
[2024-06-04T23:44:37.105+0000] {processor.py:743} INFO - Processing file /home/airflow/.local/lib/python3.7/site-packages/airflow/example_dags/example_latest_only.py for tasks to queue
[2024-06-04T23:44:37.106+0000] {logging_mixin.py:137} INFO - [2024-06-04T23:44:37.106+0000] {dagbag.py:538} INFO - Filling up the DagBag from /home/airflow/.local/lib/python3.7/site-packages/airflow/example_dags/example_latest_only.py
[2024-06-04T23:44:37.123+0000] {processor.py:753} INFO - DAG(s) dict_keys(['latest_only']) retrieved from /home/airflow/.local/lib/python3.7/site-packages/airflow/example_dags/example_latest_only.py
[2024-06-04T23:44:37.153+0000] {logging_mixin.py:137} INFO - [2024-06-04T23:44:37.153+0000] {dag.py:2690} INFO - Sync 1 DAGs
[2024-06-04T23:44:37.188+0000] {logging_mixin.py:137} INFO - [2024-06-04T23:44:37.188+0000] {dag.py:3441} INFO - Setting next_dagrun for latest_only to 2024-06-04T19:44:37.188052+00:00, run_after=2024-06-04T23:44:37.188052+00:00
[2024-06-04T23:44:37.215+0000] {processor.py:175} INFO - Processing /home/airflow/.local/lib/python3.7/site-packages/airflow/example_dags/example_latest_only.py took 0.115 seconds
[2024-06-04T23:45:07.507+0000] {processor.py:153} INFO - Started process (PID=2194) to work on /home/airflow/.local/lib/python3.7/site-packages/airflow/example_dags/example_latest_only.py
[2024-06-04T23:45:07.508+0000] {processor.py:743} INFO - Processing file /home/airflow/.local/lib/python3.7/site-packages/airflow/example_dags/example_latest_only.py for tasks to queue
[2024-06-04T23:45:07.509+0000] {logging_mixin.py:137} INFO - [2024-06-04T23:45:07.509+0000] {dagbag.py:538} INFO - Filling up the DagBag from /home/airflow/.local/lib/python3.7/site-packages/airflow/example_dags/example_latest_only.py
[2024-06-04T23:45:07.527+0000] {processor.py:753} INFO - DAG(s) dict_keys(['latest_only']) retrieved from /home/airflow/.local/lib/python3.7/site-packages/airflow/example_dags/example_latest_only.py
[2024-06-04T23:45:07.559+0000] {logging_mixin.py:137} INFO - [2024-06-04T23:45:07.559+0000] {dag.py:2690} INFO - Sync 1 DAGs
[2024-06-04T23:45:07.594+0000] {logging_mixin.py:137} INFO - [2024-06-04T23:45:07.594+0000] {dag.py:3441} INFO - Setting next_dagrun for latest_only to 2024-06-04T19:45:07.593847+00:00, run_after=2024-06-04T23:45:07.593847+00:00
[2024-06-04T23:45:07.618+0000] {processor.py:175} INFO - Processing /home/airflow/.local/lib/python3.7/site-packages/airflow/example_dags/example_latest_only.py took 0.115 seconds
[2024-06-04T23:45:37.995+0000] {processor.py:153} INFO - Started process (PID=2549) to work on /home/airflow/.local/lib/python3.7/site-packages/airflow/example_dags/example_latest_only.py
[2024-06-04T23:45:37.996+0000] {processor.py:743} INFO - Processing file /home/airflow/.local/lib/python3.7/site-packages/airflow/example_dags/example_latest_only.py for tasks to queue
[2024-06-04T23:45:37.996+0000] {logging_mixin.py:137} INFO - [2024-06-04T23:45:37.996+0000] {dagbag.py:538} INFO - Filling up the DagBag from /home/airflow/.local/lib/python3.7/site-packages/airflow/example_dags/example_latest_only.py
[2024-06-04T23:45:38.012+0000] {processor.py:753} INFO - DAG(s) dict_keys(['latest_only']) retrieved from /home/airflow/.local/lib/python3.7/site-packages/airflow/example_dags/example_latest_only.py
[2024-06-04T23:45:38.038+0000] {logging_mixin.py:137} INFO - [2024-06-04T23:45:38.038+0000] {dag.py:2690} INFO - Sync 1 DAGs
[2024-06-04T23:45:38.068+0000] {logging_mixin.py:137} INFO - [2024-06-04T23:45:38.068+0000] {dag.py:3441} INFO - Setting next_dagrun for latest_only to 2024-06-04T19:45:38.068037+00:00, run_after=2024-06-04T23:45:38.068037+00:00
[2024-06-04T23:45:38.093+0000] {processor.py:175} INFO - Processing /home/airflow/.local/lib/python3.7/site-packages/airflow/example_dags/example_latest_only.py took 0.101 seconds
[2024-06-04T23:46:08.416+0000] {processor.py:153} INFO - Started process (PID=2883) to work on /home/airflow/.local/lib/python3.7/site-packages/airflow/example_dags/example_latest_only.py
[2024-06-04T23:46:08.417+0000] {processor.py:743} INFO - Processing file /home/airflow/.local/lib/python3.7/site-packages/airflow/example_dags/example_latest_only.py for tasks to queue
[2024-06-04T23:46:08.418+0000] {logging_mixin.py:137} INFO - [2024-06-04T23:46:08.418+0000] {dagbag.py:538} INFO - Filling up the DagBag from /home/airflow/.local/lib/python3.7/site-packages/airflow/example_dags/example_latest_only.py
[2024-06-04T23:46:08.434+0000] {processor.py:753} INFO - DAG(s) dict_keys(['latest_only']) retrieved from /home/airflow/.local/lib/python3.7/site-packages/airflow/example_dags/example_latest_only.py
[2024-06-04T23:46:08.465+0000] {logging_mixin.py:137} INFO - [2024-06-04T23:46:08.464+0000] {dag.py:2690} INFO - Sync 1 DAGs
[2024-06-04T23:46:08.500+0000] {logging_mixin.py:137} INFO - [2024-06-04T23:46:08.500+0000] {dag.py:3441} INFO - Setting next_dagrun for latest_only to 2024-06-04T19:46:08.499874+00:00, run_after=2024-06-04T23:46:08.499874+00:00
[2024-06-04T23:46:08.529+0000] {processor.py:175} INFO - Processing /home/airflow/.local/lib/python3.7/site-packages/airflow/example_dags/example_latest_only.py took 0.117 seconds
[2024-06-04T23:46:39.141+0000] {processor.py:153} INFO - Started process (PID=3252) to work on /home/airflow/.local/lib/python3.7/site-packages/airflow/example_dags/example_latest_only.py
[2024-06-04T23:46:39.142+0000] {processor.py:743} INFO - Processing file /home/airflow/.local/lib/python3.7/site-packages/airflow/example_dags/example_latest_only.py for tasks to queue
[2024-06-04T23:46:39.143+0000] {logging_mixin.py:137} INFO - [2024-06-04T23:46:39.143+0000] {dagbag.py:538} INFO - Filling up the DagBag from /home/airflow/.local/lib/python3.7/site-packages/airflow/example_dags/example_latest_only.py
[2024-06-04T23:46:39.161+0000] {processor.py:753} INFO - DAG(s) dict_keys(['latest_only']) retrieved from /home/airflow/.local/lib/python3.7/site-packages/airflow/example_dags/example_latest_only.py
[2024-06-04T23:46:39.192+0000] {logging_mixin.py:137} INFO - [2024-06-04T23:46:39.192+0000] {dag.py:2690} INFO - Sync 1 DAGs
[2024-06-04T23:46:39.231+0000] {logging_mixin.py:137} INFO - [2024-06-04T23:46:39.230+0000] {dag.py:3441} INFO - Setting next_dagrun for latest_only to 2024-06-04T19:46:39.230554+00:00, run_after=2024-06-04T23:46:39.230554+00:00
[2024-06-04T23:46:39.259+0000] {processor.py:175} INFO - Processing /home/airflow/.local/lib/python3.7/site-packages/airflow/example_dags/example_latest_only.py took 0.122 seconds
[2024-06-04T23:47:09.358+0000] {processor.py:153} INFO - Started process (PID=3568) to work on /home/airflow/.local/lib/python3.7/site-packages/airflow/example_dags/example_latest_only.py
[2024-06-04T23:47:09.359+0000] {processor.py:743} INFO - Processing file /home/airflow/.local/lib/python3.7/site-packages/airflow/example_dags/example_latest_only.py for tasks to queue
[2024-06-04T23:47:09.359+0000] {logging_mixin.py:137} INFO - [2024-06-04T23:47:09.359+0000] {dagbag.py:538} INFO - Filling up the DagBag from /home/airflow/.local/lib/python3.7/site-packages/airflow/example_dags/example_latest_only.py
[2024-06-04T23:47:09.374+0000] {processor.py:753} INFO - DAG(s) dict_keys(['latest_only']) retrieved from /home/airflow/.local/lib/python3.7/site-packages/airflow/example_dags/example_latest_only.py
[2024-06-04T23:47:09.396+0000] {logging_mixin.py:137} INFO - [2024-06-04T23:47:09.395+0000] {dag.py:2690} INFO - Sync 1 DAGs
[2024-06-04T23:47:09.421+0000] {logging_mixin.py:137} INFO - [2024-06-04T23:47:09.421+0000] {dag.py:3441} INFO - Setting next_dagrun for latest_only to 2024-06-04T19:47:09.421056+00:00, run_after=2024-06-04T23:47:09.421056+00:00
[2024-06-04T23:47:09.441+0000] {processor.py:175} INFO - Processing /home/airflow/.local/lib/python3.7/site-packages/airflow/example_dags/example_latest_only.py took 0.087 seconds
[2024-06-04T23:47:39.802+0000] {processor.py:153} INFO - Started process (PID=3923) to work on /home/airflow/.local/lib/python3.7/site-packages/airflow/example_dags/example_latest_only.py
[2024-06-04T23:47:39.803+0000] {processor.py:743} INFO - Processing file /home/airflow/.local/lib/python3.7/site-packages/airflow/example_dags/example_latest_only.py for tasks to queue
[2024-06-04T23:47:39.803+0000] {logging_mixin.py:137} INFO - [2024-06-04T23:47:39.803+0000] {dagbag.py:538} INFO - Filling up the DagBag from /home/airflow/.local/lib/python3.7/site-packages/airflow/example_dags/example_latest_only.py
[2024-06-04T23:47:39.820+0000] {processor.py:753} INFO - DAG(s) dict_keys(['latest_only']) retrieved from /home/airflow/.local/lib/python3.7/site-packages/airflow/example_dags/example_latest_only.py
[2024-06-04T23:47:39.849+0000] {logging_mixin.py:137} INFO - [2024-06-04T23:47:39.849+0000] {dag.py:2690} INFO - Sync 1 DAGs
[2024-06-04T23:47:39.882+0000] {logging_mixin.py:137} INFO - [2024-06-04T23:47:39.882+0000] {dag.py:3441} INFO - Setting next_dagrun for latest_only to 2024-06-04T19:47:39.881878+00:00, run_after=2024-06-04T23:47:39.881878+00:00
[2024-06-04T23:47:39.906+0000] {processor.py:175} INFO - Processing /home/airflow/.local/lib/python3.7/site-packages/airflow/example_dags/example_latest_only.py took 0.107 seconds
[2024-06-04T23:48:10.565+0000] {processor.py:153} INFO - Started process (PID=4291) to work on /home/airflow/.local/lib/python3.7/site-packages/airflow/example_dags/example_latest_only.py
[2024-06-04T23:48:10.566+0000] {processor.py:743} INFO - Processing file /home/airflow/.local/lib/python3.7/site-packages/airflow/example_dags/example_latest_only.py for tasks to queue
[2024-06-04T23:48:10.567+0000] {logging_mixin.py:137} INFO - [2024-06-04T23:48:10.566+0000] {dagbag.py:538} INFO - Filling up the DagBag from /home/airflow/.local/lib/python3.7/site-packages/airflow/example_dags/example_latest_only.py
[2024-06-04T23:48:10.581+0000] {processor.py:753} INFO - DAG(s) dict_keys(['latest_only']) retrieved from /home/airflow/.local/lib/python3.7/site-packages/airflow/example_dags/example_latest_only.py
[2024-06-04T23:48:10.604+0000] {logging_mixin.py:137} INFO - [2024-06-04T23:48:10.604+0000] {dag.py:2690} INFO - Sync 1 DAGs
[2024-06-04T23:48:10.626+0000] {logging_mixin.py:137} INFO - [2024-06-04T23:48:10.626+0000] {dag.py:3441} INFO - Setting next_dagrun for latest_only to 2024-06-04T19:48:10.626074+00:00, run_after=2024-06-04T23:48:10.626074+00:00
[2024-06-04T23:48:10.643+0000] {processor.py:175} INFO - Processing /home/airflow/.local/lib/python3.7/site-packages/airflow/example_dags/example_latest_only.py took 0.081 seconds
[2024-06-04T23:48:40.707+0000] {processor.py:153} INFO - Started process (PID=4648) to work on /home/airflow/.local/lib/python3.7/site-packages/airflow/example_dags/example_latest_only.py
[2024-06-04T23:48:40.708+0000] {processor.py:743} INFO - Processing file /home/airflow/.local/lib/python3.7/site-packages/airflow/example_dags/example_latest_only.py for tasks to queue
[2024-06-04T23:48:40.708+0000] {logging_mixin.py:137} INFO - [2024-06-04T23:48:40.708+0000] {dagbag.py:538} INFO - Filling up the DagBag from /home/airflow/.local/lib/python3.7/site-packages/airflow/example_dags/example_latest_only.py
[2024-06-04T23:48:40.722+0000] {processor.py:753} INFO - DAG(s) dict_keys(['latest_only']) retrieved from /home/airflow/.local/lib/python3.7/site-packages/airflow/example_dags/example_latest_only.py
[2024-06-04T23:48:40.748+0000] {logging_mixin.py:137} INFO - [2024-06-04T23:48:40.748+0000] {dag.py:2690} INFO - Sync 1 DAGs
[2024-06-04T23:48:40.782+0000] {logging_mixin.py:137} INFO - [2024-06-04T23:48:40.782+0000] {dag.py:3441} INFO - Setting next_dagrun for latest_only to 2024-06-04T19:48:40.782436+00:00, run_after=2024-06-04T23:48:40.782436+00:00
[2024-06-04T23:48:40.808+0000] {processor.py:175} INFO - Processing /home/airflow/.local/lib/python3.7/site-packages/airflow/example_dags/example_latest_only.py took 0.104 seconds
[2024-06-04T23:49:11.579+0000] {processor.py:153} INFO - Started process (PID=5052) to work on /home/airflow/.local/lib/python3.7/site-packages/airflow/example_dags/example_latest_only.py
[2024-06-04T23:49:11.580+0000] {processor.py:743} INFO - Processing file /home/airflow/.local/lib/python3.7/site-packages/airflow/example_dags/example_latest_only.py for tasks to queue
[2024-06-04T23:49:11.581+0000] {logging_mixin.py:137} INFO - [2024-06-04T23:49:11.581+0000] {dagbag.py:538} INFO - Filling up the DagBag from /home/airflow/.local/lib/python3.7/site-packages/airflow/example_dags/example_latest_only.py
[2024-06-04T23:49:11.598+0000] {processor.py:753} INFO - DAG(s) dict_keys(['latest_only']) retrieved from /home/airflow/.local/lib/python3.7/site-packages/airflow/example_dags/example_latest_only.py
[2024-06-04T23:49:11.632+0000] {logging_mixin.py:137} INFO - [2024-06-04T23:49:11.631+0000] {dag.py:2690} INFO - Sync 1 DAGs
[2024-06-04T23:49:11.670+0000] {logging_mixin.py:137} INFO - [2024-06-04T23:49:11.670+0000] {dag.py:3441} INFO - Setting next_dagrun for latest_only to 2024-06-04T23:48:40.782436+00:00, run_after=2024-06-05T03:48:40.782436+00:00
[2024-06-04T23:49:11.696+0000] {processor.py:175} INFO - Processing /home/airflow/.local/lib/python3.7/site-packages/airflow/example_dags/example_latest_only.py took 0.122 seconds
[2024-06-04T23:49:42.082+0000] {processor.py:153} INFO - Started process (PID=5421) to work on /home/airflow/.local/lib/python3.7/site-packages/airflow/example_dags/example_latest_only.py
[2024-06-04T23:49:42.083+0000] {processor.py:743} INFO - Processing file /home/airflow/.local/lib/python3.7/site-packages/airflow/example_dags/example_latest_only.py for tasks to queue
[2024-06-04T23:49:42.083+0000] {logging_mixin.py:137} INFO - [2024-06-04T23:49:42.083+0000] {dagbag.py:538} INFO - Filling up the DagBag from /home/airflow/.local/lib/python3.7/site-packages/airflow/example_dags/example_latest_only.py
[2024-06-04T23:49:42.093+0000] {processor.py:753} INFO - DAG(s) dict_keys(['latest_only']) retrieved from /home/airflow/.local/lib/python3.7/site-packages/airflow/example_dags/example_latest_only.py
[2024-06-04T23:49:42.115+0000] {logging_mixin.py:137} INFO - [2024-06-04T23:49:42.115+0000] {dag.py:2690} INFO - Sync 1 DAGs
[2024-06-04T23:49:42.141+0000] {logging_mixin.py:137} INFO - [2024-06-04T23:49:42.141+0000] {dag.py:3441} INFO - Setting next_dagrun for latest_only to 2024-06-04T23:48:40.782436+00:00, run_after=2024-06-05T03:48:40.782436+00:00
[2024-06-04T23:49:42.156+0000] {processor.py:175} INFO - Processing /home/airflow/.local/lib/python3.7/site-packages/airflow/example_dags/example_latest_only.py took 0.076 seconds
[2024-06-04T23:50:12.819+0000] {processor.py:153} INFO - Started process (PID=5781) to work on /home/airflow/.local/lib/python3.7/site-packages/airflow/example_dags/example_latest_only.py
[2024-06-04T23:50:12.820+0000] {processor.py:743} INFO - Processing file /home/airflow/.local/lib/python3.7/site-packages/airflow/example_dags/example_latest_only.py for tasks to queue
[2024-06-04T23:50:12.821+0000] {logging_mixin.py:137} INFO - [2024-06-04T23:50:12.821+0000] {dagbag.py:538} INFO - Filling up the DagBag from /home/airflow/.local/lib/python3.7/site-packages/airflow/example_dags/example_latest_only.py
[2024-06-04T23:50:12.839+0000] {processor.py:753} INFO - DAG(s) dict_keys(['latest_only']) retrieved from /home/airflow/.local/lib/python3.7/site-packages/airflow/example_dags/example_latest_only.py
[2024-06-04T23:50:12.868+0000] {logging_mixin.py:137} INFO - [2024-06-04T23:50:12.868+0000] {dag.py:2690} INFO - Sync 1 DAGs
[2024-06-04T23:50:12.900+0000] {logging_mixin.py:137} INFO - [2024-06-04T23:50:12.900+0000] {dag.py:3441} INFO - Setting next_dagrun for latest_only to 2024-06-04T23:48:40.782436+00:00, run_after=2024-06-05T03:48:40.782436+00:00
[2024-06-04T23:50:12.926+0000] {processor.py:175} INFO - Processing /home/airflow/.local/lib/python3.7/site-packages/airflow/example_dags/example_latest_only.py took 0.111 seconds
[2024-06-04T23:50:43.290+0000] {processor.py:153} INFO - Started process (PID=6161) to work on /home/airflow/.local/lib/python3.7/site-packages/airflow/example_dags/example_latest_only.py
[2024-06-04T23:50:43.291+0000] {processor.py:743} INFO - Processing file /home/airflow/.local/lib/python3.7/site-packages/airflow/example_dags/example_latest_only.py for tasks to queue
[2024-06-04T23:50:43.291+0000] {logging_mixin.py:137} INFO - [2024-06-04T23:50:43.291+0000] {dagbag.py:538} INFO - Filling up the DagBag from /home/airflow/.local/lib/python3.7/site-packages/airflow/example_dags/example_latest_only.py
[2024-06-04T23:50:43.301+0000] {processor.py:753} INFO - DAG(s) dict_keys(['latest_only']) retrieved from /home/airflow/.local/lib/python3.7/site-packages/airflow/example_dags/example_latest_only.py
[2024-06-04T23:50:43.319+0000] {logging_mixin.py:137} INFO - [2024-06-04T23:50:43.319+0000] {dag.py:2690} INFO - Sync 1 DAGs
[2024-06-04T23:50:43.338+0000] {logging_mixin.py:137} INFO - [2024-06-04T23:50:43.338+0000] {dag.py:3441} INFO - Setting next_dagrun for latest_only to 2024-06-04T23:48:40.782436+00:00, run_after=2024-06-05T03:48:40.782436+00:00
[2024-06-04T23:50:43.350+0000] {processor.py:175} INFO - Processing /home/airflow/.local/lib/python3.7/site-packages/airflow/example_dags/example_latest_only.py took 0.062 seconds
[2024-06-04T23:51:13.675+0000] {processor.py:153} INFO - Started process (PID=6508) to work on /home/airflow/.local/lib/python3.7/site-packages/airflow/example_dags/example_latest_only.py
[2024-06-04T23:51:13.676+0000] {processor.py:743} INFO - Processing file /home/airflow/.local/lib/python3.7/site-packages/airflow/example_dags/example_latest_only.py for tasks to queue
[2024-06-04T23:51:13.677+0000] {logging_mixin.py:137} INFO - [2024-06-04T23:51:13.676+0000] {dagbag.py:538} INFO - Filling up the DagBag from /home/airflow/.local/lib/python3.7/site-packages/airflow/example_dags/example_latest_only.py
[2024-06-04T23:51:13.689+0000] {processor.py:753} INFO - DAG(s) dict_keys(['latest_only']) retrieved from /home/airflow/.local/lib/python3.7/site-packages/airflow/example_dags/example_latest_only.py
[2024-06-04T23:51:13.709+0000] {logging_mixin.py:137} INFO - [2024-06-04T23:51:13.709+0000] {dag.py:2690} INFO - Sync 1 DAGs
[2024-06-04T23:51:13.728+0000] {logging_mixin.py:137} INFO - [2024-06-04T23:51:13.728+0000] {dag.py:3441} INFO - Setting next_dagrun for latest_only to 2024-06-04T23:48:40.782436+00:00, run_after=2024-06-05T03:48:40.782436+00:00
[2024-06-04T23:51:13.741+0000] {processor.py:175} INFO - Processing /home/airflow/.local/lib/python3.7/site-packages/airflow/example_dags/example_latest_only.py took 0.068 seconds
[2024-06-04T23:51:43.762+0000] {processor.py:153} INFO - Started process (PID=6853) to work on /home/airflow/.local/lib/python3.7/site-packages/airflow/example_dags/example_latest_only.py
[2024-06-04T23:51:43.763+0000] {processor.py:743} INFO - Processing file /home/airflow/.local/lib/python3.7/site-packages/airflow/example_dags/example_latest_only.py for tasks to queue
[2024-06-04T23:51:43.764+0000] {logging_mixin.py:137} INFO - [2024-06-04T23:51:43.763+0000] {dagbag.py:538} INFO - Filling up the DagBag from /home/airflow/.local/lib/python3.7/site-packages/airflow/example_dags/example_latest_only.py
[2024-06-04T23:51:43.773+0000] {processor.py:753} INFO - DAG(s) dict_keys(['latest_only']) retrieved from /home/airflow/.local/lib/python3.7/site-packages/airflow/example_dags/example_latest_only.py
[2024-06-04T23:51:43.790+0000] {logging_mixin.py:137} INFO - [2024-06-04T23:51:43.790+0000] {dag.py:2690} INFO - Sync 1 DAGs
[2024-06-04T23:51:43.808+0000] {logging_mixin.py:137} INFO - [2024-06-04T23:51:43.808+0000] {dag.py:3441} INFO - Setting next_dagrun for latest_only to 2024-06-04T23:48:40.782436+00:00, run_after=2024-06-05T03:48:40.782436+00:00
[2024-06-04T23:51:43.819+0000] {processor.py:175} INFO - Processing /home/airflow/.local/lib/python3.7/site-packages/airflow/example_dags/example_latest_only.py took 0.059 seconds
[2024-06-04T23:52:14.155+0000] {processor.py:153} INFO - Started process (PID=7185) to work on /home/airflow/.local/lib/python3.7/site-packages/airflow/example_dags/example_latest_only.py
[2024-06-04T23:52:14.156+0000] {processor.py:743} INFO - Processing file /home/airflow/.local/lib/python3.7/site-packages/airflow/example_dags/example_latest_only.py for tasks to queue
[2024-06-04T23:52:14.157+0000] {logging_mixin.py:137} INFO - [2024-06-04T23:52:14.157+0000] {dagbag.py:538} INFO - Filling up the DagBag from /home/airflow/.local/lib/python3.7/site-packages/airflow/example_dags/example_latest_only.py
[2024-06-04T23:52:14.171+0000] {processor.py:753} INFO - DAG(s) dict_keys(['latest_only']) retrieved from /home/airflow/.local/lib/python3.7/site-packages/airflow/example_dags/example_latest_only.py
[2024-06-04T23:52:14.199+0000] {logging_mixin.py:137} INFO - [2024-06-04T23:52:14.199+0000] {dag.py:2690} INFO - Sync 1 DAGs
[2024-06-04T23:52:14.228+0000] {logging_mixin.py:137} INFO - [2024-06-04T23:52:14.228+0000] {dag.py:3441} INFO - Setting next_dagrun for latest_only to 2024-06-04T23:48:40.782436+00:00, run_after=2024-06-05T03:48:40.782436+00:00
[2024-06-04T23:52:14.248+0000] {processor.py:175} INFO - Processing /home/airflow/.local/lib/python3.7/site-packages/airflow/example_dags/example_latest_only.py took 0.096 seconds
[2024-06-04T23:52:44.329+0000] {processor.py:153} INFO - Started process (PID=7527) to work on /home/airflow/.local/lib/python3.7/site-packages/airflow/example_dags/example_latest_only.py
[2024-06-04T23:52:44.330+0000] {processor.py:743} INFO - Processing file /home/airflow/.local/lib/python3.7/site-packages/airflow/example_dags/example_latest_only.py for tasks to queue
[2024-06-04T23:52:44.330+0000] {logging_mixin.py:137} INFO - [2024-06-04T23:52:44.330+0000] {dagbag.py:538} INFO - Filling up the DagBag from /home/airflow/.local/lib/python3.7/site-packages/airflow/example_dags/example_latest_only.py
[2024-06-04T23:52:44.341+0000] {processor.py:753} INFO - DAG(s) dict_keys(['latest_only']) retrieved from /home/airflow/.local/lib/python3.7/site-packages/airflow/example_dags/example_latest_only.py
[2024-06-04T23:52:44.362+0000] {logging_mixin.py:137} INFO - [2024-06-04T23:52:44.362+0000] {dag.py:2690} INFO - Sync 1 DAGs
[2024-06-04T23:52:44.380+0000] {logging_mixin.py:137} INFO - [2024-06-04T23:52:44.380+0000] {dag.py:3441} INFO - Setting next_dagrun for latest_only to 2024-06-04T23:48:40.782436+00:00, run_after=2024-06-05T03:48:40.782436+00:00
[2024-06-04T23:52:44.392+0000] {processor.py:175} INFO - Processing /home/airflow/.local/lib/python3.7/site-packages/airflow/example_dags/example_latest_only.py took 0.065 seconds
[2024-06-04T23:53:15.047+0000] {processor.py:153} INFO - Started process (PID=7893) to work on /home/airflow/.local/lib/python3.7/site-packages/airflow/example_dags/example_latest_only.py
[2024-06-04T23:53:15.048+0000] {processor.py:743} INFO - Processing file /home/airflow/.local/lib/python3.7/site-packages/airflow/example_dags/example_latest_only.py for tasks to queue
[2024-06-04T23:53:15.049+0000] {logging_mixin.py:137} INFO - [2024-06-04T23:53:15.048+0000] {dagbag.py:538} INFO - Filling up the DagBag from /home/airflow/.local/lib/python3.7/site-packages/airflow/example_dags/example_latest_only.py
[2024-06-04T23:53:15.066+0000] {processor.py:753} INFO - DAG(s) dict_keys(['latest_only']) retrieved from /home/airflow/.local/lib/python3.7/site-packages/airflow/example_dags/example_latest_only.py
[2024-06-04T23:53:15.099+0000] {logging_mixin.py:137} INFO - [2024-06-04T23:53:15.098+0000] {dag.py:2690} INFO - Sync 1 DAGs
[2024-06-04T23:53:15.132+0000] {logging_mixin.py:137} INFO - [2024-06-04T23:53:15.132+0000] {dag.py:3441} INFO - Setting next_dagrun for latest_only to 2024-06-04T23:48:40.782436+00:00, run_after=2024-06-05T03:48:40.782436+00:00
[2024-06-04T23:53:15.152+0000] {processor.py:175} INFO - Processing /home/airflow/.local/lib/python3.7/site-packages/airflow/example_dags/example_latest_only.py took 0.109 seconds
[2024-06-04T23:53:45.212+0000] {processor.py:153} INFO - Started process (PID=8220) to work on /home/airflow/.local/lib/python3.7/site-packages/airflow/example_dags/example_latest_only.py
[2024-06-04T23:53:45.213+0000] {processor.py:743} INFO - Processing file /home/airflow/.local/lib/python3.7/site-packages/airflow/example_dags/example_latest_only.py for tasks to queue
[2024-06-04T23:53:45.213+0000] {logging_mixin.py:137} INFO - [2024-06-04T23:53:45.213+0000] {dagbag.py:538} INFO - Filling up the DagBag from /home/airflow/.local/lib/python3.7/site-packages/airflow/example_dags/example_latest_only.py
[2024-06-04T23:53:45.223+0000] {processor.py:753} INFO - DAG(s) dict_keys(['latest_only']) retrieved from /home/airflow/.local/lib/python3.7/site-packages/airflow/example_dags/example_latest_only.py
[2024-06-04T23:53:45.241+0000] {logging_mixin.py:137} INFO - [2024-06-04T23:53:45.241+0000] {dag.py:2690} INFO - Sync 1 DAGs
[2024-06-04T23:53:45.258+0000] {logging_mixin.py:137} INFO - [2024-06-04T23:53:45.258+0000] {dag.py:3441} INFO - Setting next_dagrun for latest_only to 2024-06-04T23:48:40.782436+00:00, run_after=2024-06-05T03:48:40.782436+00:00
[2024-06-04T23:53:45.270+0000] {processor.py:175} INFO - Processing /home/airflow/.local/lib/python3.7/site-packages/airflow/example_dags/example_latest_only.py took 0.060 seconds
[2024-06-04T23:54:15.823+0000] {processor.py:153} INFO - Started process (PID=8533) to work on /home/airflow/.local/lib/python3.7/site-packages/airflow/example_dags/example_latest_only.py
[2024-06-04T23:54:15.823+0000] {processor.py:743} INFO - Processing file /home/airflow/.local/lib/python3.7/site-packages/airflow/example_dags/example_latest_only.py for tasks to queue
[2024-06-04T23:54:15.824+0000] {logging_mixin.py:137} INFO - [2024-06-04T23:54:15.824+0000] {dagbag.py:538} INFO - Filling up the DagBag from /home/airflow/.local/lib/python3.7/site-packages/airflow/example_dags/example_latest_only.py
[2024-06-04T23:54:15.835+0000] {processor.py:753} INFO - DAG(s) dict_keys(['latest_only']) retrieved from /home/airflow/.local/lib/python3.7/site-packages/airflow/example_dags/example_latest_only.py
[2024-06-04T23:54:15.854+0000] {logging_mixin.py:137} INFO - [2024-06-04T23:54:15.854+0000] {dag.py:2690} INFO - Sync 1 DAGs
[2024-06-04T23:54:15.875+0000] {logging_mixin.py:137} INFO - [2024-06-04T23:54:15.875+0000] {dag.py:3441} INFO - Setting next_dagrun for latest_only to 2024-06-04T23:48:40.782436+00:00, run_after=2024-06-05T03:48:40.782436+00:00
[2024-06-04T23:54:15.890+0000] {processor.py:175} INFO - Processing /home/airflow/.local/lib/python3.7/site-packages/airflow/example_dags/example_latest_only.py took 0.070 seconds
[2024-06-04T23:54:46.054+0000] {processor.py:153} INFO - Started process (PID=8672) to work on /home/airflow/.local/lib/python3.7/site-packages/airflow/example_dags/example_latest_only.py
[2024-06-04T23:54:46.055+0000] {processor.py:743} INFO - Processing file /home/airflow/.local/lib/python3.7/site-packages/airflow/example_dags/example_latest_only.py for tasks to queue
[2024-06-04T23:54:46.056+0000] {logging_mixin.py:137} INFO - [2024-06-04T23:54:46.056+0000] {dagbag.py:538} INFO - Filling up the DagBag from /home/airflow/.local/lib/python3.7/site-packages/airflow/example_dags/example_latest_only.py
[2024-06-04T23:54:46.065+0000] {processor.py:753} INFO - DAG(s) dict_keys(['latest_only']) retrieved from /home/airflow/.local/lib/python3.7/site-packages/airflow/example_dags/example_latest_only.py
[2024-06-04T23:54:46.084+0000] {logging_mixin.py:137} INFO - [2024-06-04T23:54:46.084+0000] {dag.py:2690} INFO - Sync 1 DAGs
[2024-06-04T23:54:46.103+0000] {logging_mixin.py:137} INFO - [2024-06-04T23:54:46.102+0000] {dag.py:3441} INFO - Setting next_dagrun for latest_only to 2024-06-04T23:48:40.782436+00:00, run_after=2024-06-05T03:48:40.782436+00:00
[2024-06-04T23:54:46.115+0000] {processor.py:175} INFO - Processing /home/airflow/.local/lib/python3.7/site-packages/airflow/example_dags/example_latest_only.py took 0.064 seconds
[2024-06-04T23:55:16.311+0000] {processor.py:153} INFO - Started process (PID=8788) to work on /home/airflow/.local/lib/python3.7/site-packages/airflow/example_dags/example_latest_only.py
[2024-06-04T23:55:16.312+0000] {processor.py:743} INFO - Processing file /home/airflow/.local/lib/python3.7/site-packages/airflow/example_dags/example_latest_only.py for tasks to queue
[2024-06-04T23:55:16.312+0000] {logging_mixin.py:137} INFO - [2024-06-04T23:55:16.312+0000] {dagbag.py:538} INFO - Filling up the DagBag from /home/airflow/.local/lib/python3.7/site-packages/airflow/example_dags/example_latest_only.py
[2024-06-04T23:55:16.324+0000] {processor.py:753} INFO - DAG(s) dict_keys(['latest_only']) retrieved from /home/airflow/.local/lib/python3.7/site-packages/airflow/example_dags/example_latest_only.py
[2024-06-04T23:55:16.343+0000] {logging_mixin.py:137} INFO - [2024-06-04T23:55:16.343+0000] {dag.py:2690} INFO - Sync 1 DAGs
[2024-06-04T23:55:16.362+0000] {logging_mixin.py:137} INFO - [2024-06-04T23:55:16.362+0000] {dag.py:3441} INFO - Setting next_dagrun for latest_only to 2024-06-04T23:48:40.782436+00:00, run_after=2024-06-05T03:48:40.782436+00:00
[2024-06-04T23:55:16.375+0000] {processor.py:175} INFO - Processing /home/airflow/.local/lib/python3.7/site-packages/airflow/example_dags/example_latest_only.py took 0.068 seconds
[2024-06-04T23:55:47.174+0000] {processor.py:153} INFO - Started process (PID=8875) to work on /home/airflow/.local/lib/python3.7/site-packages/airflow/example_dags/example_latest_only.py
[2024-06-04T23:55:47.175+0000] {processor.py:743} INFO - Processing file /home/airflow/.local/lib/python3.7/site-packages/airflow/example_dags/example_latest_only.py for tasks to queue
[2024-06-04T23:55:47.175+0000] {logging_mixin.py:137} INFO - [2024-06-04T23:55:47.175+0000] {dagbag.py:538} INFO - Filling up the DagBag from /home/airflow/.local/lib/python3.7/site-packages/airflow/example_dags/example_latest_only.py
[2024-06-04T23:55:47.185+0000] {processor.py:753} INFO - DAG(s) dict_keys(['latest_only']) retrieved from /home/airflow/.local/lib/python3.7/site-packages/airflow/example_dags/example_latest_only.py
[2024-06-04T23:55:47.203+0000] {logging_mixin.py:137} INFO - [2024-06-04T23:55:47.203+0000] {dag.py:2690} INFO - Sync 1 DAGs
[2024-06-04T23:55:47.222+0000] {logging_mixin.py:137} INFO - [2024-06-04T23:55:47.222+0000] {dag.py:3441} INFO - Setting next_dagrun for latest_only to 2024-06-04T23:48:40.782436+00:00, run_after=2024-06-05T03:48:40.782436+00:00
[2024-06-04T23:55:47.237+0000] {processor.py:175} INFO - Processing /home/airflow/.local/lib/python3.7/site-packages/airflow/example_dags/example_latest_only.py took 0.065 seconds
[2024-06-04T23:56:18.009+0000] {processor.py:153} INFO - Started process (PID=8994) to work on /home/airflow/.local/lib/python3.7/site-packages/airflow/example_dags/example_latest_only.py
[2024-06-04T23:56:18.010+0000] {processor.py:743} INFO - Processing file /home/airflow/.local/lib/python3.7/site-packages/airflow/example_dags/example_latest_only.py for tasks to queue
[2024-06-04T23:56:18.010+0000] {logging_mixin.py:137} INFO - [2024-06-04T23:56:18.010+0000] {dagbag.py:538} INFO - Filling up the DagBag from /home/airflow/.local/lib/python3.7/site-packages/airflow/example_dags/example_latest_only.py
[2024-06-04T23:56:18.020+0000] {processor.py:753} INFO - DAG(s) dict_keys(['latest_only']) retrieved from /home/airflow/.local/lib/python3.7/site-packages/airflow/example_dags/example_latest_only.py
[2024-06-04T23:56:18.038+0000] {logging_mixin.py:137} INFO - [2024-06-04T23:56:18.038+0000] {dag.py:2690} INFO - Sync 1 DAGs
[2024-06-04T23:56:18.056+0000] {logging_mixin.py:137} INFO - [2024-06-04T23:56:18.056+0000] {dag.py:3441} INFO - Setting next_dagrun for latest_only to 2024-06-04T23:48:40.782436+00:00, run_after=2024-06-05T03:48:40.782436+00:00
[2024-06-04T23:56:18.071+0000] {processor.py:175} INFO - Processing /home/airflow/.local/lib/python3.7/site-packages/airflow/example_dags/example_latest_only.py took 0.065 seconds
[2024-06-04T23:56:48.214+0000] {processor.py:153} INFO - Started process (PID=9098) to work on /home/airflow/.local/lib/python3.7/site-packages/airflow/example_dags/example_latest_only.py
[2024-06-04T23:56:48.215+0000] {processor.py:743} INFO - Processing file /home/airflow/.local/lib/python3.7/site-packages/airflow/example_dags/example_latest_only.py for tasks to queue
[2024-06-04T23:56:48.215+0000] {logging_mixin.py:137} INFO - [2024-06-04T23:56:48.215+0000] {dagbag.py:538} INFO - Filling up the DagBag from /home/airflow/.local/lib/python3.7/site-packages/airflow/example_dags/example_latest_only.py
[2024-06-04T23:56:48.225+0000] {processor.py:753} INFO - DAG(s) dict_keys(['latest_only']) retrieved from /home/airflow/.local/lib/python3.7/site-packages/airflow/example_dags/example_latest_only.py
[2024-06-04T23:56:48.244+0000] {logging_mixin.py:137} INFO - [2024-06-04T23:56:48.243+0000] {dag.py:2690} INFO - Sync 1 DAGs
[2024-06-04T23:56:48.262+0000] {logging_mixin.py:137} INFO - [2024-06-04T23:56:48.262+0000] {dag.py:3441} INFO - Setting next_dagrun for latest_only to 2024-06-04T23:48:40.782436+00:00, run_after=2024-06-05T03:48:40.782436+00:00
[2024-06-04T23:56:48.276+0000] {processor.py:175} INFO - Processing /home/airflow/.local/lib/python3.7/site-packages/airflow/example_dags/example_latest_only.py took 0.064 seconds
[2024-06-04T23:57:18.344+0000] {processor.py:153} INFO - Started process (PID=9219) to work on /home/airflow/.local/lib/python3.7/site-packages/airflow/example_dags/example_latest_only.py
[2024-06-04T23:57:18.345+0000] {processor.py:743} INFO - Processing file /home/airflow/.local/lib/python3.7/site-packages/airflow/example_dags/example_latest_only.py for tasks to queue
[2024-06-04T23:57:18.345+0000] {logging_mixin.py:137} INFO - [2024-06-04T23:57:18.345+0000] {dagbag.py:538} INFO - Filling up the DagBag from /home/airflow/.local/lib/python3.7/site-packages/airflow/example_dags/example_latest_only.py
[2024-06-04T23:57:18.355+0000] {processor.py:753} INFO - DAG(s) dict_keys(['latest_only']) retrieved from /home/airflow/.local/lib/python3.7/site-packages/airflow/example_dags/example_latest_only.py
[2024-06-04T23:57:18.373+0000] {logging_mixin.py:137} INFO - [2024-06-04T23:57:18.373+0000] {dag.py:2690} INFO - Sync 1 DAGs
[2024-06-04T23:57:18.391+0000] {logging_mixin.py:137} INFO - [2024-06-04T23:57:18.391+0000] {dag.py:3441} INFO - Setting next_dagrun for latest_only to 2024-06-04T23:48:40.782436+00:00, run_after=2024-06-05T03:48:40.782436+00:00
[2024-06-04T23:57:18.403+0000] {processor.py:175} INFO - Processing /home/airflow/.local/lib/python3.7/site-packages/airflow/example_dags/example_latest_only.py took 0.061 seconds
[2024-06-04T23:57:48.516+0000] {processor.py:153} INFO - Started process (PID=9313) to work on /home/airflow/.local/lib/python3.7/site-packages/airflow/example_dags/example_latest_only.py
[2024-06-04T23:57:48.517+0000] {processor.py:743} INFO - Processing file /home/airflow/.local/lib/python3.7/site-packages/airflow/example_dags/example_latest_only.py for tasks to queue
[2024-06-04T23:57:48.517+0000] {logging_mixin.py:137} INFO - [2024-06-04T23:57:48.517+0000] {dagbag.py:538} INFO - Filling up the DagBag from /home/airflow/.local/lib/python3.7/site-packages/airflow/example_dags/example_latest_only.py
[2024-06-04T23:57:48.528+0000] {processor.py:753} INFO - DAG(s) dict_keys(['latest_only']) retrieved from /home/airflow/.local/lib/python3.7/site-packages/airflow/example_dags/example_latest_only.py
[2024-06-04T23:57:48.546+0000] {logging_mixin.py:137} INFO - [2024-06-04T23:57:48.546+0000] {dag.py:2690} INFO - Sync 1 DAGs
[2024-06-04T23:57:48.566+0000] {logging_mixin.py:137} INFO - [2024-06-04T23:57:48.566+0000] {dag.py:3441} INFO - Setting next_dagrun for latest_only to 2024-06-04T23:48:40.782436+00:00, run_after=2024-06-05T03:48:40.782436+00:00
[2024-06-04T23:57:48.580+0000] {processor.py:175} INFO - Processing /home/airflow/.local/lib/python3.7/site-packages/airflow/example_dags/example_latest_only.py took 0.066 seconds
[2024-06-04T23:58:18.624+0000] {processor.py:153} INFO - Started process (PID=9426) to work on /home/airflow/.local/lib/python3.7/site-packages/airflow/example_dags/example_latest_only.py
[2024-06-04T23:58:18.625+0000] {processor.py:743} INFO - Processing file /home/airflow/.local/lib/python3.7/site-packages/airflow/example_dags/example_latest_only.py for tasks to queue
[2024-06-04T23:58:18.625+0000] {logging_mixin.py:137} INFO - [2024-06-04T23:58:18.625+0000] {dagbag.py:538} INFO - Filling up the DagBag from /home/airflow/.local/lib/python3.7/site-packages/airflow/example_dags/example_latest_only.py
[2024-06-04T23:58:18.635+0000] {processor.py:753} INFO - DAG(s) dict_keys(['latest_only']) retrieved from /home/airflow/.local/lib/python3.7/site-packages/airflow/example_dags/example_latest_only.py
[2024-06-04T23:58:18.652+0000] {logging_mixin.py:137} INFO - [2024-06-04T23:58:18.652+0000] {dag.py:2690} INFO - Sync 1 DAGs
[2024-06-04T23:58:18.669+0000] {logging_mixin.py:137} INFO - [2024-06-04T23:58:18.669+0000] {dag.py:3441} INFO - Setting next_dagrun for latest_only to 2024-06-04T23:48:40.782436+00:00, run_after=2024-06-05T03:48:40.782436+00:00
[2024-06-04T23:58:18.682+0000] {processor.py:175} INFO - Processing /home/airflow/.local/lib/python3.7/site-packages/airflow/example_dags/example_latest_only.py took 0.060 seconds
[2024-06-04T23:58:48.886+0000] {processor.py:153} INFO - Started process (PID=9537) to work on /home/airflow/.local/lib/python3.7/site-packages/airflow/example_dags/example_latest_only.py
[2024-06-04T23:58:48.887+0000] {processor.py:743} INFO - Processing file /home/airflow/.local/lib/python3.7/site-packages/airflow/example_dags/example_latest_only.py for tasks to queue
[2024-06-04T23:58:48.888+0000] {logging_mixin.py:137} INFO - [2024-06-04T23:58:48.888+0000] {dagbag.py:538} INFO - Filling up the DagBag from /home/airflow/.local/lib/python3.7/site-packages/airflow/example_dags/example_latest_only.py
[2024-06-04T23:58:48.903+0000] {processor.py:753} INFO - DAG(s) dict_keys(['latest_only']) retrieved from /home/airflow/.local/lib/python3.7/site-packages/airflow/example_dags/example_latest_only.py
[2024-06-04T23:58:48.929+0000] {logging_mixin.py:137} INFO - [2024-06-04T23:58:48.929+0000] {dag.py:2690} INFO - Sync 1 DAGs
[2024-06-04T23:58:48.954+0000] {logging_mixin.py:137} INFO - [2024-06-04T23:58:48.954+0000] {dag.py:3441} INFO - Setting next_dagrun for latest_only to 2024-06-04T23:48:40.782436+00:00, run_after=2024-06-05T03:48:40.782436+00:00
[2024-06-04T23:58:48.971+0000] {processor.py:175} INFO - Processing /home/airflow/.local/lib/python3.7/site-packages/airflow/example_dags/example_latest_only.py took 0.088 seconds
[2024-06-04T23:59:19.630+0000] {processor.py:153} INFO - Started process (PID=9629) to work on /home/airflow/.local/lib/python3.7/site-packages/airflow/example_dags/example_latest_only.py
[2024-06-04T23:59:19.630+0000] {processor.py:743} INFO - Processing file /home/airflow/.local/lib/python3.7/site-packages/airflow/example_dags/example_latest_only.py for tasks to queue
[2024-06-04T23:59:19.631+0000] {logging_mixin.py:137} INFO - [2024-06-04T23:59:19.631+0000] {dagbag.py:538} INFO - Filling up the DagBag from /home/airflow/.local/lib/python3.7/site-packages/airflow/example_dags/example_latest_only.py
[2024-06-04T23:59:19.640+0000] {processor.py:753} INFO - DAG(s) dict_keys(['latest_only']) retrieved from /home/airflow/.local/lib/python3.7/site-packages/airflow/example_dags/example_latest_only.py
[2024-06-04T23:59:19.657+0000] {logging_mixin.py:137} INFO - [2024-06-04T23:59:19.657+0000] {dag.py:2690} INFO - Sync 1 DAGs
[2024-06-04T23:59:19.676+0000] {logging_mixin.py:137} INFO - [2024-06-04T23:59:19.676+0000] {dag.py:3441} INFO - Setting next_dagrun for latest_only to 2024-06-04T23:48:40.782436+00:00, run_after=2024-06-05T03:48:40.782436+00:00
[2024-06-04T23:59:19.688+0000] {processor.py:175} INFO - Processing /home/airflow/.local/lib/python3.7/site-packages/airflow/example_dags/example_latest_only.py took 0.061 seconds
[2024-06-04T23:59:50.404+0000] {processor.py:153} INFO - Started process (PID=9740) to work on /home/airflow/.local/lib/python3.7/site-packages/airflow/example_dags/example_latest_only.py
[2024-06-04T23:59:50.405+0000] {processor.py:743} INFO - Processing file /home/airflow/.local/lib/python3.7/site-packages/airflow/example_dags/example_latest_only.py for tasks to queue
[2024-06-04T23:59:50.405+0000] {logging_mixin.py:137} INFO - [2024-06-04T23:59:50.405+0000] {dagbag.py:538} INFO - Filling up the DagBag from /home/airflow/.local/lib/python3.7/site-packages/airflow/example_dags/example_latest_only.py
[2024-06-04T23:59:50.415+0000] {processor.py:753} INFO - DAG(s) dict_keys(['latest_only']) retrieved from /home/airflow/.local/lib/python3.7/site-packages/airflow/example_dags/example_latest_only.py
[2024-06-04T23:59:50.435+0000] {logging_mixin.py:137} INFO - [2024-06-04T23:59:50.435+0000] {dag.py:2690} INFO - Sync 1 DAGs
[2024-06-04T23:59:50.455+0000] {logging_mixin.py:137} INFO - [2024-06-04T23:59:50.454+0000] {dag.py:3441} INFO - Setting next_dagrun for latest_only to 2024-06-04T23:48:40.782436+00:00, run_after=2024-06-05T03:48:40.782436+00:00
[2024-06-04T23:59:50.469+0000] {processor.py:175} INFO - Processing /home/airflow/.local/lib/python3.7/site-packages/airflow/example_dags/example_latest_only.py took 0.067 seconds
