[2024-06-04T23:37:27.045+0000] {processor.py:153} INFO - Started process (PID=66) to work on /home/airflow/.local/lib/python3.7/site-packages/airflow/example_dags/example_trigger_target_dag.py
[2024-06-04T23:37:27.045+0000] {processor.py:743} INFO - Processing file /home/airflow/.local/lib/python3.7/site-packages/airflow/example_dags/example_trigger_target_dag.py for tasks to queue
[2024-06-04T23:37:27.046+0000] {logging_mixin.py:137} INFO - [2024-06-04T23:37:27.046+0000] {dagbag.py:538} INFO - Filling up the DagBag from /home/airflow/.local/lib/python3.7/site-packages/airflow/example_dags/example_trigger_target_dag.py
[2024-06-04T23:37:27.065+0000] {processor.py:753} INFO - DAG(s) dict_keys(['example_trigger_target_dag']) retrieved from /home/airflow/.local/lib/python3.7/site-packages/airflow/example_dags/example_trigger_target_dag.py
[2024-06-04T23:37:27.162+0000] {logging_mixin.py:137} INFO - [2024-06-04T23:37:27.161+0000] {manager.py:504} INFO - Created Permission View: can edit on DAG:example_trigger_target_dag
[2024-06-04T23:37:27.169+0000] {logging_mixin.py:137} INFO - [2024-06-04T23:37:27.169+0000] {manager.py:504} INFO - Created Permission View: can read on DAG:example_trigger_target_dag
[2024-06-04T23:37:27.174+0000] {logging_mixin.py:137} INFO - [2024-06-04T23:37:27.174+0000] {manager.py:504} INFO - Created Permission View: can delete on DAG:example_trigger_target_dag
[2024-06-04T23:37:27.175+0000] {logging_mixin.py:137} INFO - [2024-06-04T23:37:27.175+0000] {dag.py:2690} INFO - Sync 1 DAGs
[2024-06-04T23:37:27.185+0000] {logging_mixin.py:137} INFO - [2024-06-04T23:37:27.185+0000] {dag.py:2711} INFO - Creating ORM DAG for example_trigger_target_dag
[2024-06-04T23:37:27.194+0000] {logging_mixin.py:137} INFO - [2024-06-04T23:37:27.194+0000] {dag.py:3441} INFO - Setting next_dagrun for example_trigger_target_dag to None, run_after=None
[2024-06-04T23:37:27.213+0000] {processor.py:175} INFO - Processing /home/airflow/.local/lib/python3.7/site-packages/airflow/example_dags/example_trigger_target_dag.py took 0.170 seconds
[2024-06-04T23:37:57.660+0000] {processor.py:153} INFO - Started process (PID=177) to work on /home/airflow/.local/lib/python3.7/site-packages/airflow/example_dags/example_trigger_target_dag.py
[2024-06-04T23:37:57.661+0000] {processor.py:743} INFO - Processing file /home/airflow/.local/lib/python3.7/site-packages/airflow/example_dags/example_trigger_target_dag.py for tasks to queue
[2024-06-04T23:37:57.661+0000] {logging_mixin.py:137} INFO - [2024-06-04T23:37:57.661+0000] {dagbag.py:538} INFO - Filling up the DagBag from /home/airflow/.local/lib/python3.7/site-packages/airflow/example_dags/example_trigger_target_dag.py
[2024-06-04T23:37:57.677+0000] {processor.py:753} INFO - DAG(s) dict_keys(['example_trigger_target_dag']) retrieved from /home/airflow/.local/lib/python3.7/site-packages/airflow/example_dags/example_trigger_target_dag.py
[2024-06-04T23:37:57.695+0000] {logging_mixin.py:137} INFO - [2024-06-04T23:37:57.695+0000] {dag.py:2690} INFO - Sync 1 DAGs
[2024-06-04T23:37:57.712+0000] {logging_mixin.py:137} INFO - [2024-06-04T23:37:57.712+0000] {dag.py:3441} INFO - Setting next_dagrun for example_trigger_target_dag to None, run_after=None
[2024-06-04T23:37:57.724+0000] {processor.py:175} INFO - Processing /home/airflow/.local/lib/python3.7/site-packages/airflow/example_dags/example_trigger_target_dag.py took 0.066 seconds
[2024-06-04T23:38:28.583+0000] {processor.py:153} INFO - Started process (PID=288) to work on /home/airflow/.local/lib/python3.7/site-packages/airflow/example_dags/example_trigger_target_dag.py
[2024-06-04T23:38:28.584+0000] {processor.py:743} INFO - Processing file /home/airflow/.local/lib/python3.7/site-packages/airflow/example_dags/example_trigger_target_dag.py for tasks to queue
[2024-06-04T23:38:28.584+0000] {logging_mixin.py:137} INFO - [2024-06-04T23:38:28.584+0000] {dagbag.py:538} INFO - Filling up the DagBag from /home/airflow/.local/lib/python3.7/site-packages/airflow/example_dags/example_trigger_target_dag.py
[2024-06-04T23:38:28.600+0000] {processor.py:753} INFO - DAG(s) dict_keys(['example_trigger_target_dag']) retrieved from /home/airflow/.local/lib/python3.7/site-packages/airflow/example_dags/example_trigger_target_dag.py
[2024-06-04T23:38:28.620+0000] {logging_mixin.py:137} INFO - [2024-06-04T23:38:28.619+0000] {dag.py:2690} INFO - Sync 1 DAGs
[2024-06-04T23:38:28.638+0000] {logging_mixin.py:137} INFO - [2024-06-04T23:38:28.638+0000] {dag.py:3441} INFO - Setting next_dagrun for example_trigger_target_dag to None, run_after=None
[2024-06-04T23:38:28.654+0000] {processor.py:175} INFO - Processing /home/airflow/.local/lib/python3.7/site-packages/airflow/example_dags/example_trigger_target_dag.py took 0.073 seconds
[2024-06-04T23:38:59.404+0000] {processor.py:153} INFO - Started process (PID=375) to work on /home/airflow/.local/lib/python3.7/site-packages/airflow/example_dags/example_trigger_target_dag.py
[2024-06-04T23:38:59.405+0000] {processor.py:743} INFO - Processing file /home/airflow/.local/lib/python3.7/site-packages/airflow/example_dags/example_trigger_target_dag.py for tasks to queue
[2024-06-04T23:38:59.405+0000] {logging_mixin.py:137} INFO - [2024-06-04T23:38:59.405+0000] {dagbag.py:538} INFO - Filling up the DagBag from /home/airflow/.local/lib/python3.7/site-packages/airflow/example_dags/example_trigger_target_dag.py
[2024-06-04T23:38:59.420+0000] {processor.py:753} INFO - DAG(s) dict_keys(['example_trigger_target_dag']) retrieved from /home/airflow/.local/lib/python3.7/site-packages/airflow/example_dags/example_trigger_target_dag.py
[2024-06-04T23:38:59.439+0000] {logging_mixin.py:137} INFO - [2024-06-04T23:38:59.439+0000] {dag.py:2690} INFO - Sync 1 DAGs
[2024-06-04T23:38:59.458+0000] {logging_mixin.py:137} INFO - [2024-06-04T23:38:59.457+0000] {dag.py:3441} INFO - Setting next_dagrun for example_trigger_target_dag to None, run_after=None
[2024-06-04T23:38:59.470+0000] {processor.py:175} INFO - Processing /home/airflow/.local/lib/python3.7/site-packages/airflow/example_dags/example_trigger_target_dag.py took 0.068 seconds
[2024-06-04T23:39:30.106+0000] {processor.py:153} INFO - Started process (PID=486) to work on /home/airflow/.local/lib/python3.7/site-packages/airflow/example_dags/example_trigger_target_dag.py
[2024-06-04T23:39:30.107+0000] {processor.py:743} INFO - Processing file /home/airflow/.local/lib/python3.7/site-packages/airflow/example_dags/example_trigger_target_dag.py for tasks to queue
[2024-06-04T23:39:30.107+0000] {logging_mixin.py:137} INFO - [2024-06-04T23:39:30.107+0000] {dagbag.py:538} INFO - Filling up the DagBag from /home/airflow/.local/lib/python3.7/site-packages/airflow/example_dags/example_trigger_target_dag.py
[2024-06-04T23:39:30.124+0000] {processor.py:753} INFO - DAG(s) dict_keys(['example_trigger_target_dag']) retrieved from /home/airflow/.local/lib/python3.7/site-packages/airflow/example_dags/example_trigger_target_dag.py
[2024-06-04T23:39:30.142+0000] {logging_mixin.py:137} INFO - [2024-06-04T23:39:30.142+0000] {dag.py:2690} INFO - Sync 1 DAGs
[2024-06-04T23:39:30.160+0000] {logging_mixin.py:137} INFO - [2024-06-04T23:39:30.160+0000] {dag.py:3441} INFO - Setting next_dagrun for example_trigger_target_dag to None, run_after=None
[2024-06-04T23:39:30.173+0000] {processor.py:175} INFO - Processing /home/airflow/.local/lib/python3.7/site-packages/airflow/example_dags/example_trigger_target_dag.py took 0.069 seconds
[2024-06-04T23:40:00.824+0000] {processor.py:153} INFO - Started process (PID=573) to work on /home/airflow/.local/lib/python3.7/site-packages/airflow/example_dags/example_trigger_target_dag.py
[2024-06-04T23:40:00.825+0000] {processor.py:743} INFO - Processing file /home/airflow/.local/lib/python3.7/site-packages/airflow/example_dags/example_trigger_target_dag.py for tasks to queue
[2024-06-04T23:40:00.825+0000] {logging_mixin.py:137} INFO - [2024-06-04T23:40:00.825+0000] {dagbag.py:538} INFO - Filling up the DagBag from /home/airflow/.local/lib/python3.7/site-packages/airflow/example_dags/example_trigger_target_dag.py
[2024-06-04T23:40:00.840+0000] {processor.py:753} INFO - DAG(s) dict_keys(['example_trigger_target_dag']) retrieved from /home/airflow/.local/lib/python3.7/site-packages/airflow/example_dags/example_trigger_target_dag.py
[2024-06-04T23:40:00.858+0000] {logging_mixin.py:137} INFO - [2024-06-04T23:40:00.857+0000] {dag.py:2690} INFO - Sync 1 DAGs
[2024-06-04T23:40:00.875+0000] {logging_mixin.py:137} INFO - [2024-06-04T23:40:00.875+0000] {dag.py:3441} INFO - Setting next_dagrun for example_trigger_target_dag to None, run_after=None
[2024-06-04T23:40:00.887+0000] {processor.py:175} INFO - Processing /home/airflow/.local/lib/python3.7/site-packages/airflow/example_dags/example_trigger_target_dag.py took 0.065 seconds
[2024-06-04T23:40:31.515+0000] {processor.py:153} INFO - Started process (PID=684) to work on /home/airflow/.local/lib/python3.7/site-packages/airflow/example_dags/example_trigger_target_dag.py
[2024-06-04T23:40:31.515+0000] {processor.py:743} INFO - Processing file /home/airflow/.local/lib/python3.7/site-packages/airflow/example_dags/example_trigger_target_dag.py for tasks to queue
[2024-06-04T23:40:31.516+0000] {logging_mixin.py:137} INFO - [2024-06-04T23:40:31.516+0000] {dagbag.py:538} INFO - Filling up the DagBag from /home/airflow/.local/lib/python3.7/site-packages/airflow/example_dags/example_trigger_target_dag.py
[2024-06-04T23:40:31.530+0000] {processor.py:753} INFO - DAG(s) dict_keys(['example_trigger_target_dag']) retrieved from /home/airflow/.local/lib/python3.7/site-packages/airflow/example_dags/example_trigger_target_dag.py
[2024-06-04T23:40:31.549+0000] {logging_mixin.py:137} INFO - [2024-06-04T23:40:31.549+0000] {dag.py:2690} INFO - Sync 1 DAGs
[2024-06-04T23:40:31.565+0000] {logging_mixin.py:137} INFO - [2024-06-04T23:40:31.565+0000] {dag.py:3441} INFO - Setting next_dagrun for example_trigger_target_dag to None, run_after=None
[2024-06-04T23:40:31.577+0000] {processor.py:175} INFO - Processing /home/airflow/.local/lib/python3.7/site-packages/airflow/example_dags/example_trigger_target_dag.py took 0.064 seconds
[2024-06-04T23:41:02.248+0000] {processor.py:153} INFO - Started process (PID=795) to work on /home/airflow/.local/lib/python3.7/site-packages/airflow/example_dags/example_trigger_target_dag.py
[2024-06-04T23:41:02.249+0000] {processor.py:743} INFO - Processing file /home/airflow/.local/lib/python3.7/site-packages/airflow/example_dags/example_trigger_target_dag.py for tasks to queue
[2024-06-04T23:41:02.249+0000] {logging_mixin.py:137} INFO - [2024-06-04T23:41:02.249+0000] {dagbag.py:538} INFO - Filling up the DagBag from /home/airflow/.local/lib/python3.7/site-packages/airflow/example_dags/example_trigger_target_dag.py
[2024-06-04T23:41:02.264+0000] {processor.py:753} INFO - DAG(s) dict_keys(['example_trigger_target_dag']) retrieved from /home/airflow/.local/lib/python3.7/site-packages/airflow/example_dags/example_trigger_target_dag.py
[2024-06-04T23:41:02.281+0000] {logging_mixin.py:137} INFO - [2024-06-04T23:41:02.281+0000] {dag.py:2690} INFO - Sync 1 DAGs
[2024-06-04T23:41:02.298+0000] {logging_mixin.py:137} INFO - [2024-06-04T23:41:02.298+0000] {dag.py:3441} INFO - Setting next_dagrun for example_trigger_target_dag to None, run_after=None
[2024-06-04T23:41:02.309+0000] {processor.py:175} INFO - Processing /home/airflow/.local/lib/python3.7/site-packages/airflow/example_dags/example_trigger_target_dag.py took 0.064 seconds
[2024-06-04T23:41:32.951+0000] {processor.py:153} INFO - Started process (PID=882) to work on /home/airflow/.local/lib/python3.7/site-packages/airflow/example_dags/example_trigger_target_dag.py
[2024-06-04T23:41:32.952+0000] {processor.py:743} INFO - Processing file /home/airflow/.local/lib/python3.7/site-packages/airflow/example_dags/example_trigger_target_dag.py for tasks to queue
[2024-06-04T23:41:32.952+0000] {logging_mixin.py:137} INFO - [2024-06-04T23:41:32.952+0000] {dagbag.py:538} INFO - Filling up the DagBag from /home/airflow/.local/lib/python3.7/site-packages/airflow/example_dags/example_trigger_target_dag.py
[2024-06-04T23:41:32.967+0000] {processor.py:753} INFO - DAG(s) dict_keys(['example_trigger_target_dag']) retrieved from /home/airflow/.local/lib/python3.7/site-packages/airflow/example_dags/example_trigger_target_dag.py
[2024-06-04T23:41:32.986+0000] {logging_mixin.py:137} INFO - [2024-06-04T23:41:32.986+0000] {dag.py:2690} INFO - Sync 1 DAGs
[2024-06-04T23:41:33.003+0000] {logging_mixin.py:137} INFO - [2024-06-04T23:41:33.003+0000] {dag.py:3441} INFO - Setting next_dagrun for example_trigger_target_dag to None, run_after=None
[2024-06-04T23:41:33.015+0000] {processor.py:175} INFO - Processing /home/airflow/.local/lib/python3.7/site-packages/airflow/example_dags/example_trigger_target_dag.py took 0.066 seconds
[2024-06-04T23:42:03.767+0000] {processor.py:153} INFO - Started process (PID=993) to work on /home/airflow/.local/lib/python3.7/site-packages/airflow/example_dags/example_trigger_target_dag.py
[2024-06-04T23:42:03.768+0000] {processor.py:743} INFO - Processing file /home/airflow/.local/lib/python3.7/site-packages/airflow/example_dags/example_trigger_target_dag.py for tasks to queue
[2024-06-04T23:42:03.768+0000] {logging_mixin.py:137} INFO - [2024-06-04T23:42:03.768+0000] {dagbag.py:538} INFO - Filling up the DagBag from /home/airflow/.local/lib/python3.7/site-packages/airflow/example_dags/example_trigger_target_dag.py
[2024-06-04T23:42:03.783+0000] {processor.py:753} INFO - DAG(s) dict_keys(['example_trigger_target_dag']) retrieved from /home/airflow/.local/lib/python3.7/site-packages/airflow/example_dags/example_trigger_target_dag.py
[2024-06-04T23:42:03.802+0000] {logging_mixin.py:137} INFO - [2024-06-04T23:42:03.802+0000] {dag.py:2690} INFO - Sync 1 DAGs
[2024-06-04T23:42:03.820+0000] {logging_mixin.py:137} INFO - [2024-06-04T23:42:03.820+0000] {dag.py:3441} INFO - Setting next_dagrun for example_trigger_target_dag to None, run_after=None
[2024-06-04T23:42:03.833+0000] {processor.py:175} INFO - Processing /home/airflow/.local/lib/python3.7/site-packages/airflow/example_dags/example_trigger_target_dag.py took 0.068 seconds
[2024-06-04T23:42:33.867+0000] {processor.py:153} INFO - Started process (PID=1089) to work on /home/airflow/.local/lib/python3.7/site-packages/airflow/example_dags/example_trigger_target_dag.py
[2024-06-04T23:42:33.868+0000] {processor.py:743} INFO - Processing file /home/airflow/.local/lib/python3.7/site-packages/airflow/example_dags/example_trigger_target_dag.py for tasks to queue
[2024-06-04T23:42:33.868+0000] {logging_mixin.py:137} INFO - [2024-06-04T23:42:33.868+0000] {dagbag.py:538} INFO - Filling up the DagBag from /home/airflow/.local/lib/python3.7/site-packages/airflow/example_dags/example_trigger_target_dag.py
[2024-06-04T23:42:33.883+0000] {processor.py:753} INFO - DAG(s) dict_keys(['example_trigger_target_dag']) retrieved from /home/airflow/.local/lib/python3.7/site-packages/airflow/example_dags/example_trigger_target_dag.py
[2024-06-04T23:42:33.904+0000] {logging_mixin.py:137} INFO - [2024-06-04T23:42:33.904+0000] {dag.py:2690} INFO - Sync 1 DAGs
[2024-06-04T23:42:33.921+0000] {logging_mixin.py:137} INFO - [2024-06-04T23:42:33.921+0000] {dag.py:3441} INFO - Setting next_dagrun for example_trigger_target_dag to None, run_after=None
[2024-06-04T23:42:33.934+0000] {processor.py:175} INFO - Processing /home/airflow/.local/lib/python3.7/site-packages/airflow/example_dags/example_trigger_target_dag.py took 0.069 seconds
[2024-06-04T23:43:04.789+0000] {processor.py:153} INFO - Started process (PID=1191) to work on /home/airflow/.local/lib/python3.7/site-packages/airflow/example_dags/example_trigger_target_dag.py
[2024-06-04T23:43:04.789+0000] {processor.py:743} INFO - Processing file /home/airflow/.local/lib/python3.7/site-packages/airflow/example_dags/example_trigger_target_dag.py for tasks to queue
[2024-06-04T23:43:04.790+0000] {logging_mixin.py:137} INFO - [2024-06-04T23:43:04.790+0000] {dagbag.py:538} INFO - Filling up the DagBag from /home/airflow/.local/lib/python3.7/site-packages/airflow/example_dags/example_trigger_target_dag.py
[2024-06-04T23:43:04.805+0000] {processor.py:753} INFO - DAG(s) dict_keys(['example_trigger_target_dag']) retrieved from /home/airflow/.local/lib/python3.7/site-packages/airflow/example_dags/example_trigger_target_dag.py
[2024-06-04T23:43:04.823+0000] {logging_mixin.py:137} INFO - [2024-06-04T23:43:04.823+0000] {dag.py:2690} INFO - Sync 1 DAGs
[2024-06-04T23:43:04.840+0000] {logging_mixin.py:137} INFO - [2024-06-04T23:43:04.840+0000] {dag.py:3441} INFO - Setting next_dagrun for example_trigger_target_dag to None, run_after=None
[2024-06-04T23:43:04.852+0000] {processor.py:175} INFO - Processing /home/airflow/.local/lib/python3.7/site-packages/airflow/example_dags/example_trigger_target_dag.py took 0.066 seconds
[2024-06-04T23:43:35.603+0000] {processor.py:153} INFO - Started process (PID=1302) to work on /home/airflow/.local/lib/python3.7/site-packages/airflow/example_dags/example_trigger_target_dag.py
[2024-06-04T23:43:35.603+0000] {processor.py:743} INFO - Processing file /home/airflow/.local/lib/python3.7/site-packages/airflow/example_dags/example_trigger_target_dag.py for tasks to queue
[2024-06-04T23:43:35.604+0000] {logging_mixin.py:137} INFO - [2024-06-04T23:43:35.604+0000] {dagbag.py:538} INFO - Filling up the DagBag from /home/airflow/.local/lib/python3.7/site-packages/airflow/example_dags/example_trigger_target_dag.py
[2024-06-04T23:43:35.619+0000] {processor.py:753} INFO - DAG(s) dict_keys(['example_trigger_target_dag']) retrieved from /home/airflow/.local/lib/python3.7/site-packages/airflow/example_dags/example_trigger_target_dag.py
[2024-06-04T23:43:35.638+0000] {logging_mixin.py:137} INFO - [2024-06-04T23:43:35.638+0000] {dag.py:2690} INFO - Sync 1 DAGs
[2024-06-04T23:43:35.656+0000] {logging_mixin.py:137} INFO - [2024-06-04T23:43:35.656+0000] {dag.py:3441} INFO - Setting next_dagrun for example_trigger_target_dag to None, run_after=None
[2024-06-04T23:43:35.668+0000] {processor.py:175} INFO - Processing /home/airflow/.local/lib/python3.7/site-packages/airflow/example_dags/example_trigger_target_dag.py took 0.068 seconds
[2024-06-04T23:44:07.306+0000] {processor.py:153} INFO - Started process (PID=1502) to work on /home/airflow/.local/lib/python3.7/site-packages/airflow/example_dags/example_trigger_target_dag.py
[2024-06-04T23:44:07.307+0000] {processor.py:743} INFO - Processing file /home/airflow/.local/lib/python3.7/site-packages/airflow/example_dags/example_trigger_target_dag.py for tasks to queue
[2024-06-04T23:44:07.308+0000] {logging_mixin.py:137} INFO - [2024-06-04T23:44:07.307+0000] {dagbag.py:538} INFO - Filling up the DagBag from /home/airflow/.local/lib/python3.7/site-packages/airflow/example_dags/example_trigger_target_dag.py
[2024-06-04T23:44:07.334+0000] {processor.py:753} INFO - DAG(s) dict_keys(['example_trigger_target_dag']) retrieved from /home/airflow/.local/lib/python3.7/site-packages/airflow/example_dags/example_trigger_target_dag.py
[2024-06-04T23:44:07.359+0000] {logging_mixin.py:137} INFO - [2024-06-04T23:44:07.358+0000] {dag.py:2690} INFO - Sync 1 DAGs
[2024-06-04T23:44:07.387+0000] {logging_mixin.py:137} INFO - [2024-06-04T23:44:07.387+0000] {dag.py:3441} INFO - Setting next_dagrun for example_trigger_target_dag to None, run_after=None
[2024-06-04T23:44:07.408+0000] {processor.py:175} INFO - Processing /home/airflow/.local/lib/python3.7/site-packages/airflow/example_dags/example_trigger_target_dag.py took 0.106 seconds
[2024-06-04T23:44:37.524+0000] {processor.py:153} INFO - Started process (PID=1875) to work on /home/airflow/.local/lib/python3.7/site-packages/airflow/example_dags/example_trigger_target_dag.py
[2024-06-04T23:44:37.525+0000] {processor.py:743} INFO - Processing file /home/airflow/.local/lib/python3.7/site-packages/airflow/example_dags/example_trigger_target_dag.py for tasks to queue
[2024-06-04T23:44:37.525+0000] {logging_mixin.py:137} INFO - [2024-06-04T23:44:37.525+0000] {dagbag.py:538} INFO - Filling up the DagBag from /home/airflow/.local/lib/python3.7/site-packages/airflow/example_dags/example_trigger_target_dag.py
[2024-06-04T23:44:37.547+0000] {processor.py:753} INFO - DAG(s) dict_keys(['example_trigger_target_dag']) retrieved from /home/airflow/.local/lib/python3.7/site-packages/airflow/example_dags/example_trigger_target_dag.py
[2024-06-04T23:44:37.572+0000] {logging_mixin.py:137} INFO - [2024-06-04T23:44:37.572+0000] {dag.py:2690} INFO - Sync 1 DAGs
[2024-06-04T23:44:37.605+0000] {logging_mixin.py:137} INFO - [2024-06-04T23:44:37.604+0000] {dag.py:3441} INFO - Setting next_dagrun for example_trigger_target_dag to None, run_after=None
[2024-06-04T23:44:37.625+0000] {processor.py:175} INFO - Processing /home/airflow/.local/lib/python3.7/site-packages/airflow/example_dags/example_trigger_target_dag.py took 0.104 seconds
[2024-06-04T23:45:08.063+0000] {processor.py:153} INFO - Started process (PID=2205) to work on /home/airflow/.local/lib/python3.7/site-packages/airflow/example_dags/example_trigger_target_dag.py
[2024-06-04T23:45:08.064+0000] {processor.py:743} INFO - Processing file /home/airflow/.local/lib/python3.7/site-packages/airflow/example_dags/example_trigger_target_dag.py for tasks to queue
[2024-06-04T23:45:08.064+0000] {logging_mixin.py:137} INFO - [2024-06-04T23:45:08.064+0000] {dagbag.py:538} INFO - Filling up the DagBag from /home/airflow/.local/lib/python3.7/site-packages/airflow/example_dags/example_trigger_target_dag.py
[2024-06-04T23:45:08.092+0000] {processor.py:753} INFO - DAG(s) dict_keys(['example_trigger_target_dag']) retrieved from /home/airflow/.local/lib/python3.7/site-packages/airflow/example_dags/example_trigger_target_dag.py
[2024-06-04T23:45:08.124+0000] {logging_mixin.py:137} INFO - [2024-06-04T23:45:08.123+0000] {dag.py:2690} INFO - Sync 1 DAGs
[2024-06-04T23:45:08.161+0000] {logging_mixin.py:137} INFO - [2024-06-04T23:45:08.160+0000] {dag.py:3441} INFO - Setting next_dagrun for example_trigger_target_dag to None, run_after=None
[2024-06-04T23:45:08.186+0000] {processor.py:175} INFO - Processing /home/airflow/.local/lib/python3.7/site-packages/airflow/example_dags/example_trigger_target_dag.py took 0.128 seconds
[2024-06-04T23:45:38.322+0000] {processor.py:153} INFO - Started process (PID=2554) to work on /home/airflow/.local/lib/python3.7/site-packages/airflow/example_dags/example_trigger_target_dag.py
[2024-06-04T23:45:38.323+0000] {processor.py:743} INFO - Processing file /home/airflow/.local/lib/python3.7/site-packages/airflow/example_dags/example_trigger_target_dag.py for tasks to queue
[2024-06-04T23:45:38.324+0000] {logging_mixin.py:137} INFO - [2024-06-04T23:45:38.324+0000] {dagbag.py:538} INFO - Filling up the DagBag from /home/airflow/.local/lib/python3.7/site-packages/airflow/example_dags/example_trigger_target_dag.py
[2024-06-04T23:45:38.348+0000] {processor.py:753} INFO - DAG(s) dict_keys(['example_trigger_target_dag']) retrieved from /home/airflow/.local/lib/python3.7/site-packages/airflow/example_dags/example_trigger_target_dag.py
[2024-06-04T23:45:38.374+0000] {logging_mixin.py:137} INFO - [2024-06-04T23:45:38.374+0000] {dag.py:2690} INFO - Sync 1 DAGs
[2024-06-04T23:45:38.401+0000] {logging_mixin.py:137} INFO - [2024-06-04T23:45:38.400+0000] {dag.py:3441} INFO - Setting next_dagrun for example_trigger_target_dag to None, run_after=None
[2024-06-04T23:45:38.420+0000] {processor.py:175} INFO - Processing /home/airflow/.local/lib/python3.7/site-packages/airflow/example_dags/example_trigger_target_dag.py took 0.102 seconds
[2024-06-04T23:46:08.823+0000] {processor.py:153} INFO - Started process (PID=2888) to work on /home/airflow/.local/lib/python3.7/site-packages/airflow/example_dags/example_trigger_target_dag.py
[2024-06-04T23:46:08.824+0000] {processor.py:743} INFO - Processing file /home/airflow/.local/lib/python3.7/site-packages/airflow/example_dags/example_trigger_target_dag.py for tasks to queue
[2024-06-04T23:46:08.825+0000] {logging_mixin.py:137} INFO - [2024-06-04T23:46:08.824+0000] {dagbag.py:538} INFO - Filling up the DagBag from /home/airflow/.local/lib/python3.7/site-packages/airflow/example_dags/example_trigger_target_dag.py
[2024-06-04T23:46:08.852+0000] {processor.py:753} INFO - DAG(s) dict_keys(['example_trigger_target_dag']) retrieved from /home/airflow/.local/lib/python3.7/site-packages/airflow/example_dags/example_trigger_target_dag.py
[2024-06-04T23:46:08.881+0000] {logging_mixin.py:137} INFO - [2024-06-04T23:46:08.881+0000] {dag.py:2690} INFO - Sync 1 DAGs
[2024-06-04T23:46:08.911+0000] {logging_mixin.py:137} INFO - [2024-06-04T23:46:08.911+0000] {dag.py:3441} INFO - Setting next_dagrun for example_trigger_target_dag to None, run_after=None
[2024-06-04T23:46:08.935+0000] {processor.py:175} INFO - Processing /home/airflow/.local/lib/python3.7/site-packages/airflow/example_dags/example_trigger_target_dag.py took 0.115 seconds
[2024-06-04T23:46:39.538+0000] {processor.py:153} INFO - Started process (PID=3257) to work on /home/airflow/.local/lib/python3.7/site-packages/airflow/example_dags/example_trigger_target_dag.py
[2024-06-04T23:46:39.539+0000] {processor.py:743} INFO - Processing file /home/airflow/.local/lib/python3.7/site-packages/airflow/example_dags/example_trigger_target_dag.py for tasks to queue
[2024-06-04T23:46:39.539+0000] {logging_mixin.py:137} INFO - [2024-06-04T23:46:39.539+0000] {dagbag.py:538} INFO - Filling up the DagBag from /home/airflow/.local/lib/python3.7/site-packages/airflow/example_dags/example_trigger_target_dag.py
[2024-06-04T23:46:39.559+0000] {processor.py:753} INFO - DAG(s) dict_keys(['example_trigger_target_dag']) retrieved from /home/airflow/.local/lib/python3.7/site-packages/airflow/example_dags/example_trigger_target_dag.py
[2024-06-04T23:46:39.582+0000] {logging_mixin.py:137} INFO - [2024-06-04T23:46:39.581+0000] {dag.py:2690} INFO - Sync 1 DAGs
[2024-06-04T23:46:39.610+0000] {logging_mixin.py:137} INFO - [2024-06-04T23:46:39.610+0000] {dag.py:3441} INFO - Setting next_dagrun for example_trigger_target_dag to None, run_after=None
[2024-06-04T23:46:39.629+0000] {processor.py:175} INFO - Processing /home/airflow/.local/lib/python3.7/site-packages/airflow/example_dags/example_trigger_target_dag.py took 0.093 seconds
[2024-06-04T23:47:09.747+0000] {processor.py:153} INFO - Started process (PID=3582) to work on /home/airflow/.local/lib/python3.7/site-packages/airflow/example_dags/example_trigger_target_dag.py
[2024-06-04T23:47:09.748+0000] {processor.py:743} INFO - Processing file /home/airflow/.local/lib/python3.7/site-packages/airflow/example_dags/example_trigger_target_dag.py for tasks to queue
[2024-06-04T23:47:09.748+0000] {logging_mixin.py:137} INFO - [2024-06-04T23:47:09.748+0000] {dagbag.py:538} INFO - Filling up the DagBag from /home/airflow/.local/lib/python3.7/site-packages/airflow/example_dags/example_trigger_target_dag.py
[2024-06-04T23:47:09.764+0000] {processor.py:753} INFO - DAG(s) dict_keys(['example_trigger_target_dag']) retrieved from /home/airflow/.local/lib/python3.7/site-packages/airflow/example_dags/example_trigger_target_dag.py
[2024-06-04T23:47:09.785+0000] {logging_mixin.py:137} INFO - [2024-06-04T23:47:09.785+0000] {dag.py:2690} INFO - Sync 1 DAGs
[2024-06-04T23:47:09.803+0000] {logging_mixin.py:137} INFO - [2024-06-04T23:47:09.803+0000] {dag.py:3441} INFO - Setting next_dagrun for example_trigger_target_dag to None, run_after=None
[2024-06-04T23:47:09.816+0000] {processor.py:175} INFO - Processing /home/airflow/.local/lib/python3.7/site-packages/airflow/example_dags/example_trigger_target_dag.py took 0.072 seconds
[2024-06-04T23:47:40.162+0000] {processor.py:153} INFO - Started process (PID=3935) to work on /home/airflow/.local/lib/python3.7/site-packages/airflow/example_dags/example_trigger_target_dag.py
[2024-06-04T23:47:40.163+0000] {processor.py:743} INFO - Processing file /home/airflow/.local/lib/python3.7/site-packages/airflow/example_dags/example_trigger_target_dag.py for tasks to queue
[2024-06-04T23:47:40.164+0000] {logging_mixin.py:137} INFO - [2024-06-04T23:47:40.164+0000] {dagbag.py:538} INFO - Filling up the DagBag from /home/airflow/.local/lib/python3.7/site-packages/airflow/example_dags/example_trigger_target_dag.py
[2024-06-04T23:47:40.188+0000] {processor.py:753} INFO - DAG(s) dict_keys(['example_trigger_target_dag']) retrieved from /home/airflow/.local/lib/python3.7/site-packages/airflow/example_dags/example_trigger_target_dag.py
[2024-06-04T23:47:40.221+0000] {logging_mixin.py:137} INFO - [2024-06-04T23:47:40.221+0000] {dag.py:2690} INFO - Sync 1 DAGs
[2024-06-04T23:47:40.255+0000] {logging_mixin.py:137} INFO - [2024-06-04T23:47:40.255+0000] {dag.py:3441} INFO - Setting next_dagrun for example_trigger_target_dag to None, run_after=None
[2024-06-04T23:47:40.280+0000] {processor.py:175} INFO - Processing /home/airflow/.local/lib/python3.7/site-packages/airflow/example_dags/example_trigger_target_dag.py took 0.121 seconds
[2024-06-04T23:48:10.845+0000] {processor.py:153} INFO - Started process (PID=4296) to work on /home/airflow/.local/lib/python3.7/site-packages/airflow/example_dags/example_trigger_target_dag.py
[2024-06-04T23:48:10.845+0000] {processor.py:743} INFO - Processing file /home/airflow/.local/lib/python3.7/site-packages/airflow/example_dags/example_trigger_target_dag.py for tasks to queue
[2024-06-04T23:48:10.846+0000] {logging_mixin.py:137} INFO - [2024-06-04T23:48:10.846+0000] {dagbag.py:538} INFO - Filling up the DagBag from /home/airflow/.local/lib/python3.7/site-packages/airflow/example_dags/example_trigger_target_dag.py
[2024-06-04T23:48:10.862+0000] {processor.py:753} INFO - DAG(s) dict_keys(['example_trigger_target_dag']) retrieved from /home/airflow/.local/lib/python3.7/site-packages/airflow/example_dags/example_trigger_target_dag.py
[2024-06-04T23:48:10.880+0000] {logging_mixin.py:137} INFO - [2024-06-04T23:48:10.880+0000] {dag.py:2690} INFO - Sync 1 DAGs
[2024-06-04T23:48:10.897+0000] {logging_mixin.py:137} INFO - [2024-06-04T23:48:10.897+0000] {dag.py:3441} INFO - Setting next_dagrun for example_trigger_target_dag to None, run_after=None
[2024-06-04T23:48:10.910+0000] {processor.py:175} INFO - Processing /home/airflow/.local/lib/python3.7/site-packages/airflow/example_dags/example_trigger_target_dag.py took 0.068 seconds
[2024-06-04T23:48:41.107+0000] {processor.py:153} INFO - Started process (PID=4663) to work on /home/airflow/.local/lib/python3.7/site-packages/airflow/example_dags/example_trigger_target_dag.py
[2024-06-04T23:48:41.108+0000] {processor.py:743} INFO - Processing file /home/airflow/.local/lib/python3.7/site-packages/airflow/example_dags/example_trigger_target_dag.py for tasks to queue
[2024-06-04T23:48:41.109+0000] {logging_mixin.py:137} INFO - [2024-06-04T23:48:41.109+0000] {dagbag.py:538} INFO - Filling up the DagBag from /home/airflow/.local/lib/python3.7/site-packages/airflow/example_dags/example_trigger_target_dag.py
[2024-06-04T23:48:41.136+0000] {processor.py:753} INFO - DAG(s) dict_keys(['example_trigger_target_dag']) retrieved from /home/airflow/.local/lib/python3.7/site-packages/airflow/example_dags/example_trigger_target_dag.py
[2024-06-04T23:48:41.166+0000] {logging_mixin.py:137} INFO - [2024-06-04T23:48:41.166+0000] {dag.py:2690} INFO - Sync 1 DAGs
[2024-06-04T23:48:41.198+0000] {logging_mixin.py:137} INFO - [2024-06-04T23:48:41.198+0000] {dag.py:3441} INFO - Setting next_dagrun for example_trigger_target_dag to None, run_after=None
[2024-06-04T23:48:41.220+0000] {processor.py:175} INFO - Processing /home/airflow/.local/lib/python3.7/site-packages/airflow/example_dags/example_trigger_target_dag.py took 0.117 seconds
[2024-06-04T23:49:11.955+0000] {processor.py:153} INFO - Started process (PID=5064) to work on /home/airflow/.local/lib/python3.7/site-packages/airflow/example_dags/example_trigger_target_dag.py
[2024-06-04T23:49:11.955+0000] {processor.py:743} INFO - Processing file /home/airflow/.local/lib/python3.7/site-packages/airflow/example_dags/example_trigger_target_dag.py for tasks to queue
[2024-06-04T23:49:11.956+0000] {logging_mixin.py:137} INFO - [2024-06-04T23:49:11.956+0000] {dagbag.py:538} INFO - Filling up the DagBag from /home/airflow/.local/lib/python3.7/site-packages/airflow/example_dags/example_trigger_target_dag.py
[2024-06-04T23:49:11.976+0000] {processor.py:753} INFO - DAG(s) dict_keys(['example_trigger_target_dag']) retrieved from /home/airflow/.local/lib/python3.7/site-packages/airflow/example_dags/example_trigger_target_dag.py
[2024-06-04T23:49:11.998+0000] {logging_mixin.py:137} INFO - [2024-06-04T23:49:11.998+0000] {dag.py:2690} INFO - Sync 1 DAGs
[2024-06-04T23:49:12.022+0000] {logging_mixin.py:137} INFO - [2024-06-04T23:49:12.022+0000] {dag.py:3441} INFO - Setting next_dagrun for example_trigger_target_dag to None, run_after=None
[2024-06-04T23:49:12.042+0000] {processor.py:175} INFO - Processing /home/airflow/.local/lib/python3.7/site-packages/airflow/example_dags/example_trigger_target_dag.py took 0.089 seconds
[2024-06-04T23:49:42.311+0000] {processor.py:153} INFO - Started process (PID=5426) to work on /home/airflow/.local/lib/python3.7/site-packages/airflow/example_dags/example_trigger_target_dag.py
[2024-06-04T23:49:42.312+0000] {processor.py:743} INFO - Processing file /home/airflow/.local/lib/python3.7/site-packages/airflow/example_dags/example_trigger_target_dag.py for tasks to queue
[2024-06-04T23:49:42.312+0000] {logging_mixin.py:137} INFO - [2024-06-04T23:49:42.312+0000] {dagbag.py:538} INFO - Filling up the DagBag from /home/airflow/.local/lib/python3.7/site-packages/airflow/example_dags/example_trigger_target_dag.py
[2024-06-04T23:49:42.328+0000] {processor.py:753} INFO - DAG(s) dict_keys(['example_trigger_target_dag']) retrieved from /home/airflow/.local/lib/python3.7/site-packages/airflow/example_dags/example_trigger_target_dag.py
[2024-06-04T23:49:42.347+0000] {logging_mixin.py:137} INFO - [2024-06-04T23:49:42.347+0000] {dag.py:2690} INFO - Sync 1 DAGs
[2024-06-04T23:49:42.367+0000] {logging_mixin.py:137} INFO - [2024-06-04T23:49:42.367+0000] {dag.py:3441} INFO - Setting next_dagrun for example_trigger_target_dag to None, run_after=None
[2024-06-04T23:49:42.384+0000] {processor.py:175} INFO - Processing /home/airflow/.local/lib/python3.7/site-packages/airflow/example_dags/example_trigger_target_dag.py took 0.075 seconds
[2024-06-04T23:50:13.294+0000] {processor.py:153} INFO - Started process (PID=5792) to work on /home/airflow/.local/lib/python3.7/site-packages/airflow/example_dags/example_trigger_target_dag.py
[2024-06-04T23:50:13.294+0000] {processor.py:743} INFO - Processing file /home/airflow/.local/lib/python3.7/site-packages/airflow/example_dags/example_trigger_target_dag.py for tasks to queue
[2024-06-04T23:50:13.295+0000] {logging_mixin.py:137} INFO - [2024-06-04T23:50:13.295+0000] {dagbag.py:538} INFO - Filling up the DagBag from /home/airflow/.local/lib/python3.7/site-packages/airflow/example_dags/example_trigger_target_dag.py
[2024-06-04T23:50:13.320+0000] {processor.py:753} INFO - DAG(s) dict_keys(['example_trigger_target_dag']) retrieved from /home/airflow/.local/lib/python3.7/site-packages/airflow/example_dags/example_trigger_target_dag.py
[2024-06-04T23:50:13.349+0000] {logging_mixin.py:137} INFO - [2024-06-04T23:50:13.349+0000] {dag.py:2690} INFO - Sync 1 DAGs
[2024-06-04T23:50:13.386+0000] {logging_mixin.py:137} INFO - [2024-06-04T23:50:13.386+0000] {dag.py:3441} INFO - Setting next_dagrun for example_trigger_target_dag to None, run_after=None
[2024-06-04T23:50:13.412+0000] {processor.py:175} INFO - Processing /home/airflow/.local/lib/python3.7/site-packages/airflow/example_dags/example_trigger_target_dag.py took 0.121 seconds
[2024-06-04T23:50:43.489+0000] {processor.py:153} INFO - Started process (PID=6166) to work on /home/airflow/.local/lib/python3.7/site-packages/airflow/example_dags/example_trigger_target_dag.py
[2024-06-04T23:50:43.490+0000] {processor.py:743} INFO - Processing file /home/airflow/.local/lib/python3.7/site-packages/airflow/example_dags/example_trigger_target_dag.py for tasks to queue
[2024-06-04T23:50:43.490+0000] {logging_mixin.py:137} INFO - [2024-06-04T23:50:43.490+0000] {dagbag.py:538} INFO - Filling up the DagBag from /home/airflow/.local/lib/python3.7/site-packages/airflow/example_dags/example_trigger_target_dag.py
[2024-06-04T23:50:43.507+0000] {processor.py:753} INFO - DAG(s) dict_keys(['example_trigger_target_dag']) retrieved from /home/airflow/.local/lib/python3.7/site-packages/airflow/example_dags/example_trigger_target_dag.py
[2024-06-04T23:50:43.526+0000] {logging_mixin.py:137} INFO - [2024-06-04T23:50:43.526+0000] {dag.py:2690} INFO - Sync 1 DAGs
[2024-06-04T23:50:43.547+0000] {logging_mixin.py:137} INFO - [2024-06-04T23:50:43.547+0000] {dag.py:3441} INFO - Setting next_dagrun for example_trigger_target_dag to None, run_after=None
[2024-06-04T23:50:43.563+0000] {processor.py:175} INFO - Processing /home/airflow/.local/lib/python3.7/site-packages/airflow/example_dags/example_trigger_target_dag.py took 0.076 seconds
[2024-06-04T23:51:13.872+0000] {processor.py:153} INFO - Started process (PID=6513) to work on /home/airflow/.local/lib/python3.7/site-packages/airflow/example_dags/example_trigger_target_dag.py
[2024-06-04T23:51:13.872+0000] {processor.py:743} INFO - Processing file /home/airflow/.local/lib/python3.7/site-packages/airflow/example_dags/example_trigger_target_dag.py for tasks to queue
[2024-06-04T23:51:13.873+0000] {logging_mixin.py:137} INFO - [2024-06-04T23:51:13.873+0000] {dagbag.py:538} INFO - Filling up the DagBag from /home/airflow/.local/lib/python3.7/site-packages/airflow/example_dags/example_trigger_target_dag.py
[2024-06-04T23:51:13.889+0000] {processor.py:753} INFO - DAG(s) dict_keys(['example_trigger_target_dag']) retrieved from /home/airflow/.local/lib/python3.7/site-packages/airflow/example_dags/example_trigger_target_dag.py
[2024-06-04T23:51:13.909+0000] {logging_mixin.py:137} INFO - [2024-06-04T23:51:13.909+0000] {dag.py:2690} INFO - Sync 1 DAGs
[2024-06-04T23:51:13.929+0000] {logging_mixin.py:137} INFO - [2024-06-04T23:51:13.928+0000] {dag.py:3441} INFO - Setting next_dagrun for example_trigger_target_dag to None, run_after=None
[2024-06-04T23:51:13.945+0000] {processor.py:175} INFO - Processing /home/airflow/.local/lib/python3.7/site-packages/airflow/example_dags/example_trigger_target_dag.py took 0.076 seconds
[2024-06-04T23:51:44.082+0000] {processor.py:153} INFO - Started process (PID=6858) to work on /home/airflow/.local/lib/python3.7/site-packages/airflow/example_dags/example_trigger_target_dag.py
[2024-06-04T23:51:44.083+0000] {processor.py:743} INFO - Processing file /home/airflow/.local/lib/python3.7/site-packages/airflow/example_dags/example_trigger_target_dag.py for tasks to queue
[2024-06-04T23:51:44.083+0000] {logging_mixin.py:137} INFO - [2024-06-04T23:51:44.083+0000] {dagbag.py:538} INFO - Filling up the DagBag from /home/airflow/.local/lib/python3.7/site-packages/airflow/example_dags/example_trigger_target_dag.py
[2024-06-04T23:51:44.098+0000] {processor.py:753} INFO - DAG(s) dict_keys(['example_trigger_target_dag']) retrieved from /home/airflow/.local/lib/python3.7/site-packages/airflow/example_dags/example_trigger_target_dag.py
[2024-06-04T23:51:44.116+0000] {logging_mixin.py:137} INFO - [2024-06-04T23:51:44.116+0000] {dag.py:2690} INFO - Sync 1 DAGs
[2024-06-04T23:51:44.133+0000] {logging_mixin.py:137} INFO - [2024-06-04T23:51:44.133+0000] {dag.py:3441} INFO - Setting next_dagrun for example_trigger_target_dag to None, run_after=None
[2024-06-04T23:51:44.144+0000] {processor.py:175} INFO - Processing /home/airflow/.local/lib/python3.7/site-packages/airflow/example_dags/example_trigger_target_dag.py took 0.064 seconds
[2024-06-04T23:52:14.536+0000] {processor.py:153} INFO - Started process (PID=7190) to work on /home/airflow/.local/lib/python3.7/site-packages/airflow/example_dags/example_trigger_target_dag.py
[2024-06-04T23:52:14.537+0000] {processor.py:743} INFO - Processing file /home/airflow/.local/lib/python3.7/site-packages/airflow/example_dags/example_trigger_target_dag.py for tasks to queue
[2024-06-04T23:52:14.537+0000] {logging_mixin.py:137} INFO - [2024-06-04T23:52:14.537+0000] {dagbag.py:538} INFO - Filling up the DagBag from /home/airflow/.local/lib/python3.7/site-packages/airflow/example_dags/example_trigger_target_dag.py
[2024-06-04T23:52:14.555+0000] {processor.py:753} INFO - DAG(s) dict_keys(['example_trigger_target_dag']) retrieved from /home/airflow/.local/lib/python3.7/site-packages/airflow/example_dags/example_trigger_target_dag.py
[2024-06-04T23:52:14.578+0000] {logging_mixin.py:137} INFO - [2024-06-04T23:52:14.578+0000] {dag.py:2690} INFO - Sync 1 DAGs
[2024-06-04T23:52:14.598+0000] {logging_mixin.py:137} INFO - [2024-06-04T23:52:14.598+0000] {dag.py:3441} INFO - Setting next_dagrun for example_trigger_target_dag to None, run_after=None
[2024-06-04T23:52:14.613+0000] {processor.py:175} INFO - Processing /home/airflow/.local/lib/python3.7/site-packages/airflow/example_dags/example_trigger_target_dag.py took 0.079 seconds
[2024-06-04T23:52:44.660+0000] {processor.py:153} INFO - Started process (PID=7532) to work on /home/airflow/.local/lib/python3.7/site-packages/airflow/example_dags/example_trigger_target_dag.py
[2024-06-04T23:52:44.661+0000] {processor.py:743} INFO - Processing file /home/airflow/.local/lib/python3.7/site-packages/airflow/example_dags/example_trigger_target_dag.py for tasks to queue
[2024-06-04T23:52:44.661+0000] {logging_mixin.py:137} INFO - [2024-06-04T23:52:44.661+0000] {dagbag.py:538} INFO - Filling up the DagBag from /home/airflow/.local/lib/python3.7/site-packages/airflow/example_dags/example_trigger_target_dag.py
[2024-06-04T23:52:44.677+0000] {processor.py:753} INFO - DAG(s) dict_keys(['example_trigger_target_dag']) retrieved from /home/airflow/.local/lib/python3.7/site-packages/airflow/example_dags/example_trigger_target_dag.py
[2024-06-04T23:52:44.695+0000] {logging_mixin.py:137} INFO - [2024-06-04T23:52:44.695+0000] {dag.py:2690} INFO - Sync 1 DAGs
[2024-06-04T23:52:44.714+0000] {logging_mixin.py:137} INFO - [2024-06-04T23:52:44.713+0000] {dag.py:3441} INFO - Setting next_dagrun for example_trigger_target_dag to None, run_after=None
[2024-06-04T23:52:44.728+0000] {processor.py:175} INFO - Processing /home/airflow/.local/lib/python3.7/site-packages/airflow/example_dags/example_trigger_target_dag.py took 0.070 seconds
[2024-06-04T23:53:15.381+0000] {processor.py:153} INFO - Started process (PID=7898) to work on /home/airflow/.local/lib/python3.7/site-packages/airflow/example_dags/example_trigger_target_dag.py
[2024-06-04T23:53:15.382+0000] {processor.py:743} INFO - Processing file /home/airflow/.local/lib/python3.7/site-packages/airflow/example_dags/example_trigger_target_dag.py for tasks to queue
[2024-06-04T23:53:15.382+0000] {logging_mixin.py:137} INFO - [2024-06-04T23:53:15.382+0000] {dagbag.py:538} INFO - Filling up the DagBag from /home/airflow/.local/lib/python3.7/site-packages/airflow/example_dags/example_trigger_target_dag.py
[2024-06-04T23:53:15.401+0000] {processor.py:753} INFO - DAG(s) dict_keys(['example_trigger_target_dag']) retrieved from /home/airflow/.local/lib/python3.7/site-packages/airflow/example_dags/example_trigger_target_dag.py
[2024-06-04T23:53:15.425+0000] {logging_mixin.py:137} INFO - [2024-06-04T23:53:15.425+0000] {dag.py:2690} INFO - Sync 1 DAGs
[2024-06-04T23:53:15.450+0000] {logging_mixin.py:137} INFO - [2024-06-04T23:53:15.450+0000] {dag.py:3441} INFO - Setting next_dagrun for example_trigger_target_dag to None, run_after=None
[2024-06-04T23:53:15.467+0000] {processor.py:175} INFO - Processing /home/airflow/.local/lib/python3.7/site-packages/airflow/example_dags/example_trigger_target_dag.py took 0.088 seconds
[2024-06-04T23:53:45.523+0000] {processor.py:153} INFO - Started process (PID=8225) to work on /home/airflow/.local/lib/python3.7/site-packages/airflow/example_dags/example_trigger_target_dag.py
[2024-06-04T23:53:45.524+0000] {processor.py:743} INFO - Processing file /home/airflow/.local/lib/python3.7/site-packages/airflow/example_dags/example_trigger_target_dag.py for tasks to queue
[2024-06-04T23:53:45.524+0000] {logging_mixin.py:137} INFO - [2024-06-04T23:53:45.524+0000] {dagbag.py:538} INFO - Filling up the DagBag from /home/airflow/.local/lib/python3.7/site-packages/airflow/example_dags/example_trigger_target_dag.py
[2024-06-04T23:53:45.539+0000] {processor.py:753} INFO - DAG(s) dict_keys(['example_trigger_target_dag']) retrieved from /home/airflow/.local/lib/python3.7/site-packages/airflow/example_dags/example_trigger_target_dag.py
[2024-06-04T23:53:45.557+0000] {logging_mixin.py:137} INFO - [2024-06-04T23:53:45.557+0000] {dag.py:2690} INFO - Sync 1 DAGs
[2024-06-04T23:53:45.573+0000] {logging_mixin.py:137} INFO - [2024-06-04T23:53:45.573+0000] {dag.py:3441} INFO - Setting next_dagrun for example_trigger_target_dag to None, run_after=None
[2024-06-04T23:53:45.584+0000] {processor.py:175} INFO - Processing /home/airflow/.local/lib/python3.7/site-packages/airflow/example_dags/example_trigger_target_dag.py took 0.063 seconds
[2024-06-04T23:54:16.101+0000] {processor.py:153} INFO - Started process (PID=8538) to work on /home/airflow/.local/lib/python3.7/site-packages/airflow/example_dags/example_trigger_target_dag.py
[2024-06-04T23:54:16.102+0000] {processor.py:743} INFO - Processing file /home/airflow/.local/lib/python3.7/site-packages/airflow/example_dags/example_trigger_target_dag.py for tasks to queue
[2024-06-04T23:54:16.102+0000] {logging_mixin.py:137} INFO - [2024-06-04T23:54:16.102+0000] {dagbag.py:538} INFO - Filling up the DagBag from /home/airflow/.local/lib/python3.7/site-packages/airflow/example_dags/example_trigger_target_dag.py
[2024-06-04T23:54:16.120+0000] {processor.py:753} INFO - DAG(s) dict_keys(['example_trigger_target_dag']) retrieved from /home/airflow/.local/lib/python3.7/site-packages/airflow/example_dags/example_trigger_target_dag.py
[2024-06-04T23:54:16.141+0000] {logging_mixin.py:137} INFO - [2024-06-04T23:54:16.141+0000] {dag.py:2690} INFO - Sync 1 DAGs
[2024-06-04T23:54:16.162+0000] {logging_mixin.py:137} INFO - [2024-06-04T23:54:16.162+0000] {dag.py:3441} INFO - Setting next_dagrun for example_trigger_target_dag to None, run_after=None
[2024-06-04T23:54:16.182+0000] {processor.py:175} INFO - Processing /home/airflow/.local/lib/python3.7/site-packages/airflow/example_dags/example_trigger_target_dag.py took 0.084 seconds
[2024-06-04T23:54:46.252+0000] {processor.py:153} INFO - Started process (PID=8677) to work on /home/airflow/.local/lib/python3.7/site-packages/airflow/example_dags/example_trigger_target_dag.py
[2024-06-04T23:54:46.253+0000] {processor.py:743} INFO - Processing file /home/airflow/.local/lib/python3.7/site-packages/airflow/example_dags/example_trigger_target_dag.py for tasks to queue
[2024-06-04T23:54:46.253+0000] {logging_mixin.py:137} INFO - [2024-06-04T23:54:46.253+0000] {dagbag.py:538} INFO - Filling up the DagBag from /home/airflow/.local/lib/python3.7/site-packages/airflow/example_dags/example_trigger_target_dag.py
[2024-06-04T23:54:46.269+0000] {processor.py:753} INFO - DAG(s) dict_keys(['example_trigger_target_dag']) retrieved from /home/airflow/.local/lib/python3.7/site-packages/airflow/example_dags/example_trigger_target_dag.py
[2024-06-04T23:54:46.288+0000] {logging_mixin.py:137} INFO - [2024-06-04T23:54:46.288+0000] {dag.py:2690} INFO - Sync 1 DAGs
[2024-06-04T23:54:46.308+0000] {logging_mixin.py:137} INFO - [2024-06-04T23:54:46.308+0000] {dag.py:3441} INFO - Setting next_dagrun for example_trigger_target_dag to None, run_after=None
[2024-06-04T23:54:46.320+0000] {processor.py:175} INFO - Processing /home/airflow/.local/lib/python3.7/site-packages/airflow/example_dags/example_trigger_target_dag.py took 0.070 seconds
[2024-06-04T23:55:16.508+0000] {processor.py:153} INFO - Started process (PID=8793) to work on /home/airflow/.local/lib/python3.7/site-packages/airflow/example_dags/example_trigger_target_dag.py
[2024-06-04T23:55:16.509+0000] {processor.py:743} INFO - Processing file /home/airflow/.local/lib/python3.7/site-packages/airflow/example_dags/example_trigger_target_dag.py for tasks to queue
[2024-06-04T23:55:16.509+0000] {logging_mixin.py:137} INFO - [2024-06-04T23:55:16.509+0000] {dagbag.py:538} INFO - Filling up the DagBag from /home/airflow/.local/lib/python3.7/site-packages/airflow/example_dags/example_trigger_target_dag.py
[2024-06-04T23:55:16.525+0000] {processor.py:753} INFO - DAG(s) dict_keys(['example_trigger_target_dag']) retrieved from /home/airflow/.local/lib/python3.7/site-packages/airflow/example_dags/example_trigger_target_dag.py
[2024-06-04T23:55:16.547+0000] {logging_mixin.py:137} INFO - [2024-06-04T23:55:16.547+0000] {dag.py:2690} INFO - Sync 1 DAGs
[2024-06-04T23:55:16.570+0000] {logging_mixin.py:137} INFO - [2024-06-04T23:55:16.570+0000] {dag.py:3441} INFO - Setting next_dagrun for example_trigger_target_dag to None, run_after=None
[2024-06-04T23:55:16.584+0000] {processor.py:175} INFO - Processing /home/airflow/.local/lib/python3.7/site-packages/airflow/example_dags/example_trigger_target_dag.py took 0.078 seconds
[2024-06-04T23:55:47.368+0000] {processor.py:153} INFO - Started process (PID=8880) to work on /home/airflow/.local/lib/python3.7/site-packages/airflow/example_dags/example_trigger_target_dag.py
[2024-06-04T23:55:47.368+0000] {processor.py:743} INFO - Processing file /home/airflow/.local/lib/python3.7/site-packages/airflow/example_dags/example_trigger_target_dag.py for tasks to queue
[2024-06-04T23:55:47.369+0000] {logging_mixin.py:137} INFO - [2024-06-04T23:55:47.369+0000] {dagbag.py:538} INFO - Filling up the DagBag from /home/airflow/.local/lib/python3.7/site-packages/airflow/example_dags/example_trigger_target_dag.py
[2024-06-04T23:55:47.384+0000] {processor.py:753} INFO - DAG(s) dict_keys(['example_trigger_target_dag']) retrieved from /home/airflow/.local/lib/python3.7/site-packages/airflow/example_dags/example_trigger_target_dag.py
[2024-06-04T23:55:47.403+0000] {logging_mixin.py:137} INFO - [2024-06-04T23:55:47.403+0000] {dag.py:2690} INFO - Sync 1 DAGs
[2024-06-04T23:55:47.421+0000] {logging_mixin.py:137} INFO - [2024-06-04T23:55:47.421+0000] {dag.py:3441} INFO - Setting next_dagrun for example_trigger_target_dag to None, run_after=None
[2024-06-04T23:55:47.434+0000] {processor.py:175} INFO - Processing /home/airflow/.local/lib/python3.7/site-packages/airflow/example_dags/example_trigger_target_dag.py took 0.068 seconds
[2024-06-04T23:56:18.270+0000] {processor.py:153} INFO - Started process (PID=8999) to work on /home/airflow/.local/lib/python3.7/site-packages/airflow/example_dags/example_trigger_target_dag.py
[2024-06-04T23:56:18.270+0000] {processor.py:743} INFO - Processing file /home/airflow/.local/lib/python3.7/site-packages/airflow/example_dags/example_trigger_target_dag.py for tasks to queue
[2024-06-04T23:56:18.271+0000] {logging_mixin.py:137} INFO - [2024-06-04T23:56:18.271+0000] {dagbag.py:538} INFO - Filling up the DagBag from /home/airflow/.local/lib/python3.7/site-packages/airflow/example_dags/example_trigger_target_dag.py
[2024-06-04T23:56:18.286+0000] {processor.py:753} INFO - DAG(s) dict_keys(['example_trigger_target_dag']) retrieved from /home/airflow/.local/lib/python3.7/site-packages/airflow/example_dags/example_trigger_target_dag.py
[2024-06-04T23:56:18.304+0000] {logging_mixin.py:137} INFO - [2024-06-04T23:56:18.304+0000] {dag.py:2690} INFO - Sync 1 DAGs
[2024-06-04T23:56:18.322+0000] {logging_mixin.py:137} INFO - [2024-06-04T23:56:18.322+0000] {dag.py:3441} INFO - Setting next_dagrun for example_trigger_target_dag to None, run_after=None
[2024-06-04T23:56:18.334+0000] {processor.py:175} INFO - Processing /home/airflow/.local/lib/python3.7/site-packages/airflow/example_dags/example_trigger_target_dag.py took 0.067 seconds
[2024-06-04T23:56:48.434+0000] {processor.py:153} INFO - Started process (PID=9103) to work on /home/airflow/.local/lib/python3.7/site-packages/airflow/example_dags/example_trigger_target_dag.py
[2024-06-04T23:56:48.435+0000] {processor.py:743} INFO - Processing file /home/airflow/.local/lib/python3.7/site-packages/airflow/example_dags/example_trigger_target_dag.py for tasks to queue
[2024-06-04T23:56:48.435+0000] {logging_mixin.py:137} INFO - [2024-06-04T23:56:48.435+0000] {dagbag.py:538} INFO - Filling up the DagBag from /home/airflow/.local/lib/python3.7/site-packages/airflow/example_dags/example_trigger_target_dag.py
[2024-06-04T23:56:48.452+0000] {processor.py:753} INFO - DAG(s) dict_keys(['example_trigger_target_dag']) retrieved from /home/airflow/.local/lib/python3.7/site-packages/airflow/example_dags/example_trigger_target_dag.py
[2024-06-04T23:56:48.471+0000] {logging_mixin.py:137} INFO - [2024-06-04T23:56:48.471+0000] {dag.py:2690} INFO - Sync 1 DAGs
[2024-06-04T23:56:48.489+0000] {logging_mixin.py:137} INFO - [2024-06-04T23:56:48.489+0000] {dag.py:3441} INFO - Setting next_dagrun for example_trigger_target_dag to None, run_after=None
[2024-06-04T23:56:48.502+0000] {processor.py:175} INFO - Processing /home/airflow/.local/lib/python3.7/site-packages/airflow/example_dags/example_trigger_target_dag.py took 0.070 seconds
[2024-06-04T23:57:18.540+0000] {processor.py:153} INFO - Started process (PID=9224) to work on /home/airflow/.local/lib/python3.7/site-packages/airflow/example_dags/example_trigger_target_dag.py
[2024-06-04T23:57:18.541+0000] {processor.py:743} INFO - Processing file /home/airflow/.local/lib/python3.7/site-packages/airflow/example_dags/example_trigger_target_dag.py for tasks to queue
[2024-06-04T23:57:18.541+0000] {logging_mixin.py:137} INFO - [2024-06-04T23:57:18.541+0000] {dagbag.py:538} INFO - Filling up the DagBag from /home/airflow/.local/lib/python3.7/site-packages/airflow/example_dags/example_trigger_target_dag.py
[2024-06-04T23:57:18.556+0000] {processor.py:753} INFO - DAG(s) dict_keys(['example_trigger_target_dag']) retrieved from /home/airflow/.local/lib/python3.7/site-packages/airflow/example_dags/example_trigger_target_dag.py
[2024-06-04T23:57:18.574+0000] {logging_mixin.py:137} INFO - [2024-06-04T23:57:18.574+0000] {dag.py:2690} INFO - Sync 1 DAGs
[2024-06-04T23:57:18.592+0000] {logging_mixin.py:137} INFO - [2024-06-04T23:57:18.592+0000] {dag.py:3441} INFO - Setting next_dagrun for example_trigger_target_dag to None, run_after=None
[2024-06-04T23:57:18.603+0000] {processor.py:175} INFO - Processing /home/airflow/.local/lib/python3.7/site-packages/airflow/example_dags/example_trigger_target_dag.py took 0.065 seconds
[2024-06-04T23:57:48.778+0000] {processor.py:153} INFO - Started process (PID=9320) to work on /home/airflow/.local/lib/python3.7/site-packages/airflow/example_dags/example_trigger_target_dag.py
[2024-06-04T23:57:48.779+0000] {processor.py:743} INFO - Processing file /home/airflow/.local/lib/python3.7/site-packages/airflow/example_dags/example_trigger_target_dag.py for tasks to queue
[2024-06-04T23:57:48.779+0000] {logging_mixin.py:137} INFO - [2024-06-04T23:57:48.779+0000] {dagbag.py:538} INFO - Filling up the DagBag from /home/airflow/.local/lib/python3.7/site-packages/airflow/example_dags/example_trigger_target_dag.py
[2024-06-04T23:57:48.795+0000] {processor.py:753} INFO - DAG(s) dict_keys(['example_trigger_target_dag']) retrieved from /home/airflow/.local/lib/python3.7/site-packages/airflow/example_dags/example_trigger_target_dag.py
[2024-06-04T23:57:48.814+0000] {logging_mixin.py:137} INFO - [2024-06-04T23:57:48.814+0000] {dag.py:2690} INFO - Sync 1 DAGs
[2024-06-04T23:57:48.835+0000] {logging_mixin.py:137} INFO - [2024-06-04T23:57:48.835+0000] {dag.py:3441} INFO - Setting next_dagrun for example_trigger_target_dag to None, run_after=None
[2024-06-04T23:57:48.848+0000] {processor.py:175} INFO - Processing /home/airflow/.local/lib/python3.7/site-packages/airflow/example_dags/example_trigger_target_dag.py took 0.072 seconds
[2024-06-04T23:58:18.935+0000] {processor.py:153} INFO - Started process (PID=9431) to work on /home/airflow/.local/lib/python3.7/site-packages/airflow/example_dags/example_trigger_target_dag.py
[2024-06-04T23:58:18.935+0000] {processor.py:743} INFO - Processing file /home/airflow/.local/lib/python3.7/site-packages/airflow/example_dags/example_trigger_target_dag.py for tasks to queue
[2024-06-04T23:58:18.936+0000] {logging_mixin.py:137} INFO - [2024-06-04T23:58:18.936+0000] {dagbag.py:538} INFO - Filling up the DagBag from /home/airflow/.local/lib/python3.7/site-packages/airflow/example_dags/example_trigger_target_dag.py
[2024-06-04T23:58:18.951+0000] {processor.py:753} INFO - DAG(s) dict_keys(['example_trigger_target_dag']) retrieved from /home/airflow/.local/lib/python3.7/site-packages/airflow/example_dags/example_trigger_target_dag.py
[2024-06-04T23:58:18.971+0000] {logging_mixin.py:137} INFO - [2024-06-04T23:58:18.971+0000] {dag.py:2690} INFO - Sync 1 DAGs
[2024-06-04T23:58:18.987+0000] {logging_mixin.py:137} INFO - [2024-06-04T23:58:18.987+0000] {dag.py:3441} INFO - Setting next_dagrun for example_trigger_target_dag to None, run_after=None
[2024-06-04T23:58:18.999+0000] {processor.py:175} INFO - Processing /home/airflow/.local/lib/python3.7/site-packages/airflow/example_dags/example_trigger_target_dag.py took 0.066 seconds
[2024-06-04T23:58:49.270+0000] {processor.py:153} INFO - Started process (PID=9542) to work on /home/airflow/.local/lib/python3.7/site-packages/airflow/example_dags/example_trigger_target_dag.py
[2024-06-04T23:58:49.271+0000] {processor.py:743} INFO - Processing file /home/airflow/.local/lib/python3.7/site-packages/airflow/example_dags/example_trigger_target_dag.py for tasks to queue
[2024-06-04T23:58:49.271+0000] {logging_mixin.py:137} INFO - [2024-06-04T23:58:49.271+0000] {dagbag.py:538} INFO - Filling up the DagBag from /home/airflow/.local/lib/python3.7/site-packages/airflow/example_dags/example_trigger_target_dag.py
[2024-06-04T23:58:49.288+0000] {processor.py:753} INFO - DAG(s) dict_keys(['example_trigger_target_dag']) retrieved from /home/airflow/.local/lib/python3.7/site-packages/airflow/example_dags/example_trigger_target_dag.py
[2024-06-04T23:58:49.308+0000] {logging_mixin.py:137} INFO - [2024-06-04T23:58:49.307+0000] {dag.py:2690} INFO - Sync 1 DAGs
[2024-06-04T23:58:49.328+0000] {logging_mixin.py:137} INFO - [2024-06-04T23:58:49.328+0000] {dag.py:3441} INFO - Setting next_dagrun for example_trigger_target_dag to None, run_after=None
[2024-06-04T23:58:49.342+0000] {processor.py:175} INFO - Processing /home/airflow/.local/lib/python3.7/site-packages/airflow/example_dags/example_trigger_target_dag.py took 0.074 seconds
[2024-06-04T23:59:19.817+0000] {processor.py:153} INFO - Started process (PID=9634) to work on /home/airflow/.local/lib/python3.7/site-packages/airflow/example_dags/example_trigger_target_dag.py
[2024-06-04T23:59:19.817+0000] {processor.py:743} INFO - Processing file /home/airflow/.local/lib/python3.7/site-packages/airflow/example_dags/example_trigger_target_dag.py for tasks to queue
[2024-06-04T23:59:19.818+0000] {logging_mixin.py:137} INFO - [2024-06-04T23:59:19.818+0000] {dagbag.py:538} INFO - Filling up the DagBag from /home/airflow/.local/lib/python3.7/site-packages/airflow/example_dags/example_trigger_target_dag.py
[2024-06-04T23:59:19.833+0000] {processor.py:753} INFO - DAG(s) dict_keys(['example_trigger_target_dag']) retrieved from /home/airflow/.local/lib/python3.7/site-packages/airflow/example_dags/example_trigger_target_dag.py
[2024-06-04T23:59:19.851+0000] {logging_mixin.py:137} INFO - [2024-06-04T23:59:19.851+0000] {dag.py:2690} INFO - Sync 1 DAGs
[2024-06-04T23:59:19.868+0000] {logging_mixin.py:137} INFO - [2024-06-04T23:59:19.868+0000] {dag.py:3441} INFO - Setting next_dagrun for example_trigger_target_dag to None, run_after=None
[2024-06-04T23:59:19.881+0000] {processor.py:175} INFO - Processing /home/airflow/.local/lib/python3.7/site-packages/airflow/example_dags/example_trigger_target_dag.py took 0.067 seconds
[2024-06-04T23:59:50.628+0000] {processor.py:153} INFO - Started process (PID=9745) to work on /home/airflow/.local/lib/python3.7/site-packages/airflow/example_dags/example_trigger_target_dag.py
[2024-06-04T23:59:50.629+0000] {processor.py:743} INFO - Processing file /home/airflow/.local/lib/python3.7/site-packages/airflow/example_dags/example_trigger_target_dag.py for tasks to queue
[2024-06-04T23:59:50.629+0000] {logging_mixin.py:137} INFO - [2024-06-04T23:59:50.629+0000] {dagbag.py:538} INFO - Filling up the DagBag from /home/airflow/.local/lib/python3.7/site-packages/airflow/example_dags/example_trigger_target_dag.py
[2024-06-04T23:59:50.645+0000] {processor.py:753} INFO - DAG(s) dict_keys(['example_trigger_target_dag']) retrieved from /home/airflow/.local/lib/python3.7/site-packages/airflow/example_dags/example_trigger_target_dag.py
[2024-06-04T23:59:50.665+0000] {logging_mixin.py:137} INFO - [2024-06-04T23:59:50.665+0000] {dag.py:2690} INFO - Sync 1 DAGs
[2024-06-04T23:59:50.684+0000] {logging_mixin.py:137} INFO - [2024-06-04T23:59:50.684+0000] {dag.py:3441} INFO - Setting next_dagrun for example_trigger_target_dag to None, run_after=None
[2024-06-04T23:59:50.699+0000] {processor.py:175} INFO - Processing /home/airflow/.local/lib/python3.7/site-packages/airflow/example_dags/example_trigger_target_dag.py took 0.074 seconds
