[2024-06-04T23:37:28.504+0000] {processor.py:153} INFO - Started process (PID=88) to work on /home/airflow/.local/lib/python3.7/site-packages/airflow/example_dags/example_sensors.py
[2024-06-04T23:37:28.504+0000] {processor.py:743} INFO - Processing file /home/airflow/.local/lib/python3.7/site-packages/airflow/example_dags/example_sensors.py for tasks to queue
[2024-06-04T23:37:28.505+0000] {logging_mixin.py:137} INFO - [2024-06-04T23:37:28.504+0000] {dagbag.py:538} INFO - Filling up the DagBag from /home/airflow/.local/lib/python3.7/site-packages/airflow/example_dags/example_sensors.py
[2024-06-04T23:37:28.523+0000] {processor.py:753} INFO - DAG(s) dict_keys(['example_sensors']) retrieved from /home/airflow/.local/lib/python3.7/site-packages/airflow/example_dags/example_sensors.py
[2024-06-04T23:37:28.615+0000] {logging_mixin.py:137} INFO - [2024-06-04T23:37:28.615+0000] {manager.py:504} INFO - Created Permission View: can edit on DAG:example_sensors
[2024-06-04T23:37:28.623+0000] {logging_mixin.py:137} INFO - [2024-06-04T23:37:28.623+0000] {manager.py:504} INFO - Created Permission View: can read on DAG:example_sensors
[2024-06-04T23:37:28.629+0000] {logging_mixin.py:137} INFO - [2024-06-04T23:37:28.629+0000] {manager.py:504} INFO - Created Permission View: can delete on DAG:example_sensors
[2024-06-04T23:37:28.629+0000] {logging_mixin.py:137} INFO - [2024-06-04T23:37:28.629+0000] {dag.py:2690} INFO - Sync 1 DAGs
[2024-06-04T23:37:28.641+0000] {logging_mixin.py:137} INFO - [2024-06-04T23:37:28.641+0000] {dag.py:2711} INFO - Creating ORM DAG for example_sensors
[2024-06-04T23:37:28.651+0000] {logging_mixin.py:137} INFO - [2024-06-04T23:37:28.651+0000] {dag.py:3441} INFO - Setting next_dagrun for example_sensors to None, run_after=None
[2024-06-04T23:37:28.666+0000] {processor.py:175} INFO - Processing /home/airflow/.local/lib/python3.7/site-packages/airflow/example_dags/example_sensors.py took 0.165 seconds
[2024-06-04T23:37:59.358+0000] {processor.py:153} INFO - Started process (PID=192) to work on /home/airflow/.local/lib/python3.7/site-packages/airflow/example_dags/example_sensors.py
[2024-06-04T23:37:59.359+0000] {processor.py:743} INFO - Processing file /home/airflow/.local/lib/python3.7/site-packages/airflow/example_dags/example_sensors.py for tasks to queue
[2024-06-04T23:37:59.359+0000] {logging_mixin.py:137} INFO - [2024-06-04T23:37:59.359+0000] {dagbag.py:538} INFO - Filling up the DagBag from /home/airflow/.local/lib/python3.7/site-packages/airflow/example_dags/example_sensors.py
[2024-06-04T23:37:59.374+0000] {processor.py:753} INFO - DAG(s) dict_keys(['example_sensors']) retrieved from /home/airflow/.local/lib/python3.7/site-packages/airflow/example_dags/example_sensors.py
[2024-06-04T23:37:59.394+0000] {logging_mixin.py:137} INFO - [2024-06-04T23:37:59.394+0000] {dag.py:2690} INFO - Sync 1 DAGs
[2024-06-04T23:37:59.413+0000] {logging_mixin.py:137} INFO - [2024-06-04T23:37:59.413+0000] {dag.py:3441} INFO - Setting next_dagrun for example_sensors to None, run_after=None
[2024-06-04T23:37:59.427+0000] {processor.py:175} INFO - Processing /home/airflow/.local/lib/python3.7/site-packages/airflow/example_dags/example_sensors.py took 0.071 seconds
[2024-06-04T23:38:30.286+0000] {processor.py:153} INFO - Started process (PID=303) to work on /home/airflow/.local/lib/python3.7/site-packages/airflow/example_dags/example_sensors.py
[2024-06-04T23:38:30.287+0000] {processor.py:743} INFO - Processing file /home/airflow/.local/lib/python3.7/site-packages/airflow/example_dags/example_sensors.py for tasks to queue
[2024-06-04T23:38:30.287+0000] {logging_mixin.py:137} INFO - [2024-06-04T23:38:30.287+0000] {dagbag.py:538} INFO - Filling up the DagBag from /home/airflow/.local/lib/python3.7/site-packages/airflow/example_dags/example_sensors.py
[2024-06-04T23:38:30.301+0000] {processor.py:753} INFO - DAG(s) dict_keys(['example_sensors']) retrieved from /home/airflow/.local/lib/python3.7/site-packages/airflow/example_dags/example_sensors.py
[2024-06-04T23:38:30.323+0000] {logging_mixin.py:137} INFO - [2024-06-04T23:38:30.323+0000] {dag.py:2690} INFO - Sync 1 DAGs
[2024-06-04T23:38:30.341+0000] {logging_mixin.py:137} INFO - [2024-06-04T23:38:30.341+0000] {dag.py:3441} INFO - Setting next_dagrun for example_sensors to None, run_after=None
[2024-06-04T23:38:30.353+0000] {processor.py:175} INFO - Processing /home/airflow/.local/lib/python3.7/site-packages/airflow/example_dags/example_sensors.py took 0.069 seconds
[2024-06-04T23:39:01.041+0000] {processor.py:153} INFO - Started process (PID=390) to work on /home/airflow/.local/lib/python3.7/site-packages/airflow/example_dags/example_sensors.py
[2024-06-04T23:39:01.042+0000] {processor.py:743} INFO - Processing file /home/airflow/.local/lib/python3.7/site-packages/airflow/example_dags/example_sensors.py for tasks to queue
[2024-06-04T23:39:01.042+0000] {logging_mixin.py:137} INFO - [2024-06-04T23:39:01.042+0000] {dagbag.py:538} INFO - Filling up the DagBag from /home/airflow/.local/lib/python3.7/site-packages/airflow/example_dags/example_sensors.py
[2024-06-04T23:39:01.056+0000] {processor.py:753} INFO - DAG(s) dict_keys(['example_sensors']) retrieved from /home/airflow/.local/lib/python3.7/site-packages/airflow/example_dags/example_sensors.py
[2024-06-04T23:39:01.075+0000] {logging_mixin.py:137} INFO - [2024-06-04T23:39:01.075+0000] {dag.py:2690} INFO - Sync 1 DAGs
[2024-06-04T23:39:01.092+0000] {logging_mixin.py:137} INFO - [2024-06-04T23:39:01.092+0000] {dag.py:3441} INFO - Setting next_dagrun for example_sensors to None, run_after=None
[2024-06-04T23:39:01.105+0000] {processor.py:175} INFO - Processing /home/airflow/.local/lib/python3.7/site-packages/airflow/example_dags/example_sensors.py took 0.067 seconds
[2024-06-04T23:39:31.733+0000] {processor.py:153} INFO - Started process (PID=501) to work on /home/airflow/.local/lib/python3.7/site-packages/airflow/example_dags/example_sensors.py
[2024-06-04T23:39:31.734+0000] {processor.py:743} INFO - Processing file /home/airflow/.local/lib/python3.7/site-packages/airflow/example_dags/example_sensors.py for tasks to queue
[2024-06-04T23:39:31.734+0000] {logging_mixin.py:137} INFO - [2024-06-04T23:39:31.734+0000] {dagbag.py:538} INFO - Filling up the DagBag from /home/airflow/.local/lib/python3.7/site-packages/airflow/example_dags/example_sensors.py
[2024-06-04T23:39:31.748+0000] {processor.py:753} INFO - DAG(s) dict_keys(['example_sensors']) retrieved from /home/airflow/.local/lib/python3.7/site-packages/airflow/example_dags/example_sensors.py
[2024-06-04T23:39:31.767+0000] {logging_mixin.py:137} INFO - [2024-06-04T23:39:31.767+0000] {dag.py:2690} INFO - Sync 1 DAGs
[2024-06-04T23:39:31.783+0000] {logging_mixin.py:137} INFO - [2024-06-04T23:39:31.782+0000] {dag.py:3441} INFO - Setting next_dagrun for example_sensors to None, run_after=None
[2024-06-04T23:39:31.795+0000] {processor.py:175} INFO - Processing /home/airflow/.local/lib/python3.7/site-packages/airflow/example_dags/example_sensors.py took 0.064 seconds
[2024-06-04T23:40:02.462+0000] {processor.py:153} INFO - Started process (PID=612) to work on /home/airflow/.local/lib/python3.7/site-packages/airflow/example_dags/example_sensors.py
[2024-06-04T23:40:02.463+0000] {processor.py:743} INFO - Processing file /home/airflow/.local/lib/python3.7/site-packages/airflow/example_dags/example_sensors.py for tasks to queue
[2024-06-04T23:40:02.463+0000] {logging_mixin.py:137} INFO - [2024-06-04T23:40:02.463+0000] {dagbag.py:538} INFO - Filling up the DagBag from /home/airflow/.local/lib/python3.7/site-packages/airflow/example_dags/example_sensors.py
[2024-06-04T23:40:02.477+0000] {processor.py:753} INFO - DAG(s) dict_keys(['example_sensors']) retrieved from /home/airflow/.local/lib/python3.7/site-packages/airflow/example_dags/example_sensors.py
[2024-06-04T23:40:02.497+0000] {logging_mixin.py:137} INFO - [2024-06-04T23:40:02.497+0000] {dag.py:2690} INFO - Sync 1 DAGs
[2024-06-04T23:40:02.516+0000] {logging_mixin.py:137} INFO - [2024-06-04T23:40:02.516+0000] {dag.py:3441} INFO - Setting next_dagrun for example_sensors to None, run_after=None
[2024-06-04T23:40:02.529+0000] {processor.py:175} INFO - Processing /home/airflow/.local/lib/python3.7/site-packages/airflow/example_dags/example_sensors.py took 0.069 seconds
[2024-06-04T23:40:33.131+0000] {processor.py:153} INFO - Started process (PID=699) to work on /home/airflow/.local/lib/python3.7/site-packages/airflow/example_dags/example_sensors.py
[2024-06-04T23:40:33.132+0000] {processor.py:743} INFO - Processing file /home/airflow/.local/lib/python3.7/site-packages/airflow/example_dags/example_sensors.py for tasks to queue
[2024-06-04T23:40:33.132+0000] {logging_mixin.py:137} INFO - [2024-06-04T23:40:33.132+0000] {dagbag.py:538} INFO - Filling up the DagBag from /home/airflow/.local/lib/python3.7/site-packages/airflow/example_dags/example_sensors.py
[2024-06-04T23:40:33.146+0000] {processor.py:753} INFO - DAG(s) dict_keys(['example_sensors']) retrieved from /home/airflow/.local/lib/python3.7/site-packages/airflow/example_dags/example_sensors.py
[2024-06-04T23:40:33.165+0000] {logging_mixin.py:137} INFO - [2024-06-04T23:40:33.165+0000] {dag.py:2690} INFO - Sync 1 DAGs
[2024-06-04T23:40:33.182+0000] {logging_mixin.py:137} INFO - [2024-06-04T23:40:33.182+0000] {dag.py:3441} INFO - Setting next_dagrun for example_sensors to None, run_after=None
[2024-06-04T23:40:33.194+0000] {processor.py:175} INFO - Processing /home/airflow/.local/lib/python3.7/site-packages/airflow/example_dags/example_sensors.py took 0.065 seconds
[2024-06-04T23:41:03.862+0000] {processor.py:153} INFO - Started process (PID=810) to work on /home/airflow/.local/lib/python3.7/site-packages/airflow/example_dags/example_sensors.py
[2024-06-04T23:41:03.863+0000] {processor.py:743} INFO - Processing file /home/airflow/.local/lib/python3.7/site-packages/airflow/example_dags/example_sensors.py for tasks to queue
[2024-06-04T23:41:03.863+0000] {logging_mixin.py:137} INFO - [2024-06-04T23:41:03.863+0000] {dagbag.py:538} INFO - Filling up the DagBag from /home/airflow/.local/lib/python3.7/site-packages/airflow/example_dags/example_sensors.py
[2024-06-04T23:41:03.877+0000] {processor.py:753} INFO - DAG(s) dict_keys(['example_sensors']) retrieved from /home/airflow/.local/lib/python3.7/site-packages/airflow/example_dags/example_sensors.py
[2024-06-04T23:41:03.896+0000] {logging_mixin.py:137} INFO - [2024-06-04T23:41:03.896+0000] {dag.py:2690} INFO - Sync 1 DAGs
[2024-06-04T23:41:03.912+0000] {logging_mixin.py:137} INFO - [2024-06-04T23:41:03.912+0000] {dag.py:3441} INFO - Setting next_dagrun for example_sensors to None, run_after=None
[2024-06-04T23:41:03.924+0000] {processor.py:175} INFO - Processing /home/airflow/.local/lib/python3.7/site-packages/airflow/example_dags/example_sensors.py took 0.064 seconds
[2024-06-04T23:41:34.557+0000] {processor.py:153} INFO - Started process (PID=897) to work on /home/airflow/.local/lib/python3.7/site-packages/airflow/example_dags/example_sensors.py
[2024-06-04T23:41:34.558+0000] {processor.py:743} INFO - Processing file /home/airflow/.local/lib/python3.7/site-packages/airflow/example_dags/example_sensors.py for tasks to queue
[2024-06-04T23:41:34.558+0000] {logging_mixin.py:137} INFO - [2024-06-04T23:41:34.558+0000] {dagbag.py:538} INFO - Filling up the DagBag from /home/airflow/.local/lib/python3.7/site-packages/airflow/example_dags/example_sensors.py
[2024-06-04T23:41:34.571+0000] {processor.py:753} INFO - DAG(s) dict_keys(['example_sensors']) retrieved from /home/airflow/.local/lib/python3.7/site-packages/airflow/example_dags/example_sensors.py
[2024-06-04T23:41:34.590+0000] {logging_mixin.py:137} INFO - [2024-06-04T23:41:34.590+0000] {dag.py:2690} INFO - Sync 1 DAGs
[2024-06-04T23:41:34.606+0000] {logging_mixin.py:137} INFO - [2024-06-04T23:41:34.606+0000] {dag.py:3441} INFO - Setting next_dagrun for example_sensors to None, run_after=None
[2024-06-04T23:41:34.619+0000] {processor.py:175} INFO - Processing /home/airflow/.local/lib/python3.7/site-packages/airflow/example_dags/example_sensors.py took 0.064 seconds
[2024-06-04T23:42:05.522+0000] {processor.py:153} INFO - Started process (PID=1008) to work on /home/airflow/.local/lib/python3.7/site-packages/airflow/example_dags/example_sensors.py
[2024-06-04T23:42:05.522+0000] {processor.py:743} INFO - Processing file /home/airflow/.local/lib/python3.7/site-packages/airflow/example_dags/example_sensors.py for tasks to queue
[2024-06-04T23:42:05.523+0000] {logging_mixin.py:137} INFO - [2024-06-04T23:42:05.523+0000] {dagbag.py:538} INFO - Filling up the DagBag from /home/airflow/.local/lib/python3.7/site-packages/airflow/example_dags/example_sensors.py
[2024-06-04T23:42:05.536+0000] {processor.py:753} INFO - DAG(s) dict_keys(['example_sensors']) retrieved from /home/airflow/.local/lib/python3.7/site-packages/airflow/example_dags/example_sensors.py
[2024-06-04T23:42:05.556+0000] {logging_mixin.py:137} INFO - [2024-06-04T23:42:05.556+0000] {dag.py:2690} INFO - Sync 1 DAGs
[2024-06-04T23:42:05.573+0000] {logging_mixin.py:137} INFO - [2024-06-04T23:42:05.573+0000] {dag.py:3441} INFO - Setting next_dagrun for example_sensors to None, run_after=None
[2024-06-04T23:42:05.586+0000] {processor.py:175} INFO - Processing /home/airflow/.local/lib/python3.7/site-packages/airflow/example_dags/example_sensors.py took 0.067 seconds
[2024-06-04T23:42:35.648+0000] {processor.py:153} INFO - Started process (PID=1119) to work on /home/airflow/.local/lib/python3.7/site-packages/airflow/example_dags/example_sensors.py
[2024-06-04T23:42:35.648+0000] {processor.py:743} INFO - Processing file /home/airflow/.local/lib/python3.7/site-packages/airflow/example_dags/example_sensors.py for tasks to queue
[2024-06-04T23:42:35.649+0000] {logging_mixin.py:137} INFO - [2024-06-04T23:42:35.648+0000] {dagbag.py:538} INFO - Filling up the DagBag from /home/airflow/.local/lib/python3.7/site-packages/airflow/example_dags/example_sensors.py
[2024-06-04T23:42:35.662+0000] {processor.py:753} INFO - DAG(s) dict_keys(['example_sensors']) retrieved from /home/airflow/.local/lib/python3.7/site-packages/airflow/example_dags/example_sensors.py
[2024-06-04T23:42:35.681+0000] {logging_mixin.py:137} INFO - [2024-06-04T23:42:35.681+0000] {dag.py:2690} INFO - Sync 1 DAGs
[2024-06-04T23:42:35.697+0000] {logging_mixin.py:137} INFO - [2024-06-04T23:42:35.697+0000] {dag.py:3441} INFO - Setting next_dagrun for example_sensors to None, run_after=None
[2024-06-04T23:42:35.709+0000] {processor.py:175} INFO - Processing /home/airflow/.local/lib/python3.7/site-packages/airflow/example_dags/example_sensors.py took 0.064 seconds
[2024-06-04T23:43:06.401+0000] {processor.py:153} INFO - Started process (PID=1206) to work on /home/airflow/.local/lib/python3.7/site-packages/airflow/example_dags/example_sensors.py
[2024-06-04T23:43:06.402+0000] {processor.py:743} INFO - Processing file /home/airflow/.local/lib/python3.7/site-packages/airflow/example_dags/example_sensors.py for tasks to queue
[2024-06-04T23:43:06.402+0000] {logging_mixin.py:137} INFO - [2024-06-04T23:43:06.402+0000] {dagbag.py:538} INFO - Filling up the DagBag from /home/airflow/.local/lib/python3.7/site-packages/airflow/example_dags/example_sensors.py
[2024-06-04T23:43:06.416+0000] {processor.py:753} INFO - DAG(s) dict_keys(['example_sensors']) retrieved from /home/airflow/.local/lib/python3.7/site-packages/airflow/example_dags/example_sensors.py
[2024-06-04T23:43:06.436+0000] {logging_mixin.py:137} INFO - [2024-06-04T23:43:06.435+0000] {dag.py:2690} INFO - Sync 1 DAGs
[2024-06-04T23:43:06.451+0000] {logging_mixin.py:137} INFO - [2024-06-04T23:43:06.451+0000] {dag.py:3441} INFO - Setting next_dagrun for example_sensors to None, run_after=None
[2024-06-04T23:43:06.463+0000] {processor.py:175} INFO - Processing /home/airflow/.local/lib/python3.7/site-packages/airflow/example_dags/example_sensors.py took 0.064 seconds
[2024-06-04T23:43:37.257+0000] {processor.py:153} INFO - Started process (PID=1317) to work on /home/airflow/.local/lib/python3.7/site-packages/airflow/example_dags/example_sensors.py
[2024-06-04T23:43:37.257+0000] {processor.py:743} INFO - Processing file /home/airflow/.local/lib/python3.7/site-packages/airflow/example_dags/example_sensors.py for tasks to queue
[2024-06-04T23:43:37.258+0000] {logging_mixin.py:137} INFO - [2024-06-04T23:43:37.257+0000] {dagbag.py:538} INFO - Filling up the DagBag from /home/airflow/.local/lib/python3.7/site-packages/airflow/example_dags/example_sensors.py
[2024-06-04T23:43:37.271+0000] {processor.py:753} INFO - DAG(s) dict_keys(['example_sensors']) retrieved from /home/airflow/.local/lib/python3.7/site-packages/airflow/example_dags/example_sensors.py
[2024-06-04T23:43:37.291+0000] {logging_mixin.py:137} INFO - [2024-06-04T23:43:37.291+0000] {dag.py:2690} INFO - Sync 1 DAGs
[2024-06-04T23:43:37.309+0000] {logging_mixin.py:137} INFO - [2024-06-04T23:43:37.309+0000] {dag.py:3441} INFO - Setting next_dagrun for example_sensors to None, run_after=None
[2024-06-04T23:43:37.321+0000] {processor.py:175} INFO - Processing /home/airflow/.local/lib/python3.7/site-packages/airflow/example_dags/example_sensors.py took 0.067 seconds
[2024-06-04T23:44:08.406+0000] {processor.py:153} INFO - Started process (PID=1533) to work on /home/airflow/.local/lib/python3.7/site-packages/airflow/example_dags/example_sensors.py
[2024-06-04T23:44:08.407+0000] {processor.py:743} INFO - Processing file /home/airflow/.local/lib/python3.7/site-packages/airflow/example_dags/example_sensors.py for tasks to queue
[2024-06-04T23:44:08.407+0000] {logging_mixin.py:137} INFO - [2024-06-04T23:44:08.407+0000] {dagbag.py:538} INFO - Filling up the DagBag from /home/airflow/.local/lib/python3.7/site-packages/airflow/example_dags/example_sensors.py
[2024-06-04T23:44:08.426+0000] {processor.py:753} INFO - DAG(s) dict_keys(['example_sensors']) retrieved from /home/airflow/.local/lib/python3.7/site-packages/airflow/example_dags/example_sensors.py
[2024-06-04T23:44:08.452+0000] {logging_mixin.py:137} INFO - [2024-06-04T23:44:08.452+0000] {dag.py:2690} INFO - Sync 1 DAGs
[2024-06-04T23:44:08.478+0000] {logging_mixin.py:137} INFO - [2024-06-04T23:44:08.478+0000] {dag.py:3441} INFO - Setting next_dagrun for example_sensors to None, run_after=None
[2024-06-04T23:44:08.497+0000] {processor.py:175} INFO - Processing /home/airflow/.local/lib/python3.7/site-packages/airflow/example_dags/example_sensors.py took 0.094 seconds
[2024-06-04T23:44:38.562+0000] {processor.py:153} INFO - Started process (PID=1891) to work on /home/airflow/.local/lib/python3.7/site-packages/airflow/example_dags/example_sensors.py
[2024-06-04T23:44:38.562+0000] {processor.py:743} INFO - Processing file /home/airflow/.local/lib/python3.7/site-packages/airflow/example_dags/example_sensors.py for tasks to queue
[2024-06-04T23:44:38.563+0000] {logging_mixin.py:137} INFO - [2024-06-04T23:44:38.563+0000] {dagbag.py:538} INFO - Filling up the DagBag from /home/airflow/.local/lib/python3.7/site-packages/airflow/example_dags/example_sensors.py
[2024-06-04T23:44:38.577+0000] {processor.py:753} INFO - DAG(s) dict_keys(['example_sensors']) retrieved from /home/airflow/.local/lib/python3.7/site-packages/airflow/example_dags/example_sensors.py
[2024-06-04T23:44:38.597+0000] {logging_mixin.py:137} INFO - [2024-06-04T23:44:38.597+0000] {dag.py:2690} INFO - Sync 1 DAGs
[2024-06-04T23:44:38.614+0000] {logging_mixin.py:137} INFO - [2024-06-04T23:44:38.614+0000] {dag.py:3441} INFO - Setting next_dagrun for example_sensors to None, run_after=None
[2024-06-04T23:44:38.627+0000] {processor.py:175} INFO - Processing /home/airflow/.local/lib/python3.7/site-packages/airflow/example_dags/example_sensors.py took 0.068 seconds
[2024-06-04T23:45:09.555+0000] {processor.py:153} INFO - Started process (PID=2249) to work on /home/airflow/.local/lib/python3.7/site-packages/airflow/example_dags/example_sensors.py
[2024-06-04T23:45:09.556+0000] {processor.py:743} INFO - Processing file /home/airflow/.local/lib/python3.7/site-packages/airflow/example_dags/example_sensors.py for tasks to queue
[2024-06-04T23:45:09.557+0000] {logging_mixin.py:137} INFO - [2024-06-04T23:45:09.557+0000] {dagbag.py:538} INFO - Filling up the DagBag from /home/airflow/.local/lib/python3.7/site-packages/airflow/example_dags/example_sensors.py
[2024-06-04T23:45:09.580+0000] {processor.py:753} INFO - DAG(s) dict_keys(['example_sensors']) retrieved from /home/airflow/.local/lib/python3.7/site-packages/airflow/example_dags/example_sensors.py
[2024-06-04T23:45:09.615+0000] {logging_mixin.py:137} INFO - [2024-06-04T23:45:09.614+0000] {dag.py:2690} INFO - Sync 1 DAGs
[2024-06-04T23:45:09.650+0000] {logging_mixin.py:137} INFO - [2024-06-04T23:45:09.649+0000] {dag.py:3441} INFO - Setting next_dagrun for example_sensors to None, run_after=None
[2024-06-04T23:45:09.673+0000] {processor.py:175} INFO - Processing /home/airflow/.local/lib/python3.7/site-packages/airflow/example_dags/example_sensors.py took 0.122 seconds
[2024-06-04T23:45:40.168+0000] {processor.py:153} INFO - Started process (PID=2575) to work on /home/airflow/.local/lib/python3.7/site-packages/airflow/example_dags/example_sensors.py
[2024-06-04T23:45:40.169+0000] {processor.py:743} INFO - Processing file /home/airflow/.local/lib/python3.7/site-packages/airflow/example_dags/example_sensors.py for tasks to queue
[2024-06-04T23:45:40.170+0000] {logging_mixin.py:137} INFO - [2024-06-04T23:45:40.169+0000] {dagbag.py:538} INFO - Filling up the DagBag from /home/airflow/.local/lib/python3.7/site-packages/airflow/example_dags/example_sensors.py
[2024-06-04T23:45:40.189+0000] {processor.py:753} INFO - DAG(s) dict_keys(['example_sensors']) retrieved from /home/airflow/.local/lib/python3.7/site-packages/airflow/example_dags/example_sensors.py
[2024-06-04T23:45:40.217+0000] {logging_mixin.py:137} INFO - [2024-06-04T23:45:40.217+0000] {dag.py:2690} INFO - Sync 1 DAGs
[2024-06-04T23:45:40.240+0000] {logging_mixin.py:137} INFO - [2024-06-04T23:45:40.240+0000] {dag.py:3441} INFO - Setting next_dagrun for example_sensors to None, run_after=None
[2024-06-04T23:45:40.259+0000] {processor.py:175} INFO - Processing /home/airflow/.local/lib/python3.7/site-packages/airflow/example_dags/example_sensors.py took 0.094 seconds
[2024-06-04T23:46:10.747+0000] {processor.py:153} INFO - Started process (PID=2933) to work on /home/airflow/.local/lib/python3.7/site-packages/airflow/example_dags/example_sensors.py
[2024-06-04T23:46:10.748+0000] {processor.py:743} INFO - Processing file /home/airflow/.local/lib/python3.7/site-packages/airflow/example_dags/example_sensors.py for tasks to queue
[2024-06-04T23:46:10.748+0000] {logging_mixin.py:137} INFO - [2024-06-04T23:46:10.748+0000] {dagbag.py:538} INFO - Filling up the DagBag from /home/airflow/.local/lib/python3.7/site-packages/airflow/example_dags/example_sensors.py
[2024-06-04T23:46:10.771+0000] {processor.py:753} INFO - DAG(s) dict_keys(['example_sensors']) retrieved from /home/airflow/.local/lib/python3.7/site-packages/airflow/example_dags/example_sensors.py
[2024-06-04T23:46:10.799+0000] {logging_mixin.py:137} INFO - [2024-06-04T23:46:10.798+0000] {dag.py:2690} INFO - Sync 1 DAGs
[2024-06-04T23:46:10.825+0000] {logging_mixin.py:137} INFO - [2024-06-04T23:46:10.825+0000] {dag.py:3441} INFO - Setting next_dagrun for example_sensors to None, run_after=None
[2024-06-04T23:46:10.845+0000] {processor.py:175} INFO - Processing /home/airflow/.local/lib/python3.7/site-packages/airflow/example_dags/example_sensors.py took 0.100 seconds
[2024-06-04T23:46:41.283+0000] {processor.py:153} INFO - Started process (PID=3278) to work on /home/airflow/.local/lib/python3.7/site-packages/airflow/example_dags/example_sensors.py
[2024-06-04T23:46:41.284+0000] {processor.py:743} INFO - Processing file /home/airflow/.local/lib/python3.7/site-packages/airflow/example_dags/example_sensors.py for tasks to queue
[2024-06-04T23:46:41.284+0000] {logging_mixin.py:137} INFO - [2024-06-04T23:46:41.284+0000] {dagbag.py:538} INFO - Filling up the DagBag from /home/airflow/.local/lib/python3.7/site-packages/airflow/example_dags/example_sensors.py
[2024-06-04T23:46:41.298+0000] {processor.py:753} INFO - DAG(s) dict_keys(['example_sensors']) retrieved from /home/airflow/.local/lib/python3.7/site-packages/airflow/example_dags/example_sensors.py
[2024-06-04T23:46:41.317+0000] {logging_mixin.py:137} INFO - [2024-06-04T23:46:41.317+0000] {dag.py:2690} INFO - Sync 1 DAGs
[2024-06-04T23:46:41.334+0000] {logging_mixin.py:137} INFO - [2024-06-04T23:46:41.334+0000] {dag.py:3441} INFO - Setting next_dagrun for example_sensors to None, run_after=None
[2024-06-04T23:46:41.346+0000] {processor.py:175} INFO - Processing /home/airflow/.local/lib/python3.7/site-packages/airflow/example_dags/example_sensors.py took 0.065 seconds
[2024-06-04T23:47:11.559+0000] {processor.py:153} INFO - Started process (PID=3618) to work on /home/airflow/.local/lib/python3.7/site-packages/airflow/example_dags/example_sensors.py
[2024-06-04T23:47:11.560+0000] {processor.py:743} INFO - Processing file /home/airflow/.local/lib/python3.7/site-packages/airflow/example_dags/example_sensors.py for tasks to queue
[2024-06-04T23:47:11.560+0000] {logging_mixin.py:137} INFO - [2024-06-04T23:47:11.560+0000] {dagbag.py:538} INFO - Filling up the DagBag from /home/airflow/.local/lib/python3.7/site-packages/airflow/example_dags/example_sensors.py
[2024-06-04T23:47:11.575+0000] {processor.py:753} INFO - DAG(s) dict_keys(['example_sensors']) retrieved from /home/airflow/.local/lib/python3.7/site-packages/airflow/example_dags/example_sensors.py
[2024-06-04T23:47:11.595+0000] {logging_mixin.py:137} INFO - [2024-06-04T23:47:11.595+0000] {dag.py:2690} INFO - Sync 1 DAGs
[2024-06-04T23:47:11.614+0000] {logging_mixin.py:137} INFO - [2024-06-04T23:47:11.614+0000] {dag.py:3441} INFO - Setting next_dagrun for example_sensors to None, run_after=None
[2024-06-04T23:47:11.628+0000] {processor.py:175} INFO - Processing /home/airflow/.local/lib/python3.7/site-packages/airflow/example_dags/example_sensors.py took 0.071 seconds
[2024-06-04T23:47:42.085+0000] {processor.py:153} INFO - Started process (PID=3972) to work on /home/airflow/.local/lib/python3.7/site-packages/airflow/example_dags/example_sensors.py
[2024-06-04T23:47:42.085+0000] {processor.py:743} INFO - Processing file /home/airflow/.local/lib/python3.7/site-packages/airflow/example_dags/example_sensors.py for tasks to queue
[2024-06-04T23:47:42.086+0000] {logging_mixin.py:137} INFO - [2024-06-04T23:47:42.086+0000] {dagbag.py:538} INFO - Filling up the DagBag from /home/airflow/.local/lib/python3.7/site-packages/airflow/example_dags/example_sensors.py
[2024-06-04T23:47:42.101+0000] {processor.py:753} INFO - DAG(s) dict_keys(['example_sensors']) retrieved from /home/airflow/.local/lib/python3.7/site-packages/airflow/example_dags/example_sensors.py
[2024-06-04T23:47:42.123+0000] {logging_mixin.py:137} INFO - [2024-06-04T23:47:42.123+0000] {dag.py:2690} INFO - Sync 1 DAGs
[2024-06-04T23:47:42.143+0000] {logging_mixin.py:137} INFO - [2024-06-04T23:47:42.143+0000] {dag.py:3441} INFO - Setting next_dagrun for example_sensors to None, run_after=None
[2024-06-04T23:47:42.160+0000] {processor.py:175} INFO - Processing /home/airflow/.local/lib/python3.7/site-packages/airflow/example_dags/example_sensors.py took 0.078 seconds
[2024-06-04T23:48:12.364+0000] {processor.py:153} INFO - Started process (PID=4332) to work on /home/airflow/.local/lib/python3.7/site-packages/airflow/example_dags/example_sensors.py
[2024-06-04T23:48:12.364+0000] {processor.py:743} INFO - Processing file /home/airflow/.local/lib/python3.7/site-packages/airflow/example_dags/example_sensors.py for tasks to queue
[2024-06-04T23:48:12.365+0000] {logging_mixin.py:137} INFO - [2024-06-04T23:48:12.365+0000] {dagbag.py:538} INFO - Filling up the DagBag from /home/airflow/.local/lib/python3.7/site-packages/airflow/example_dags/example_sensors.py
[2024-06-04T23:48:12.379+0000] {processor.py:753} INFO - DAG(s) dict_keys(['example_sensors']) retrieved from /home/airflow/.local/lib/python3.7/site-packages/airflow/example_dags/example_sensors.py
[2024-06-04T23:48:12.400+0000] {logging_mixin.py:137} INFO - [2024-06-04T23:48:12.399+0000] {dag.py:2690} INFO - Sync 1 DAGs
[2024-06-04T23:48:12.418+0000] {logging_mixin.py:137} INFO - [2024-06-04T23:48:12.418+0000] {dag.py:3441} INFO - Setting next_dagrun for example_sensors to None, run_after=None
[2024-06-04T23:48:12.432+0000] {processor.py:175} INFO - Processing /home/airflow/.local/lib/python3.7/site-packages/airflow/example_dags/example_sensors.py took 0.070 seconds
[2024-06-04T23:48:42.972+0000] {processor.py:153} INFO - Started process (PID=4708) to work on /home/airflow/.local/lib/python3.7/site-packages/airflow/example_dags/example_sensors.py
[2024-06-04T23:48:42.974+0000] {processor.py:743} INFO - Processing file /home/airflow/.local/lib/python3.7/site-packages/airflow/example_dags/example_sensors.py for tasks to queue
[2024-06-04T23:48:42.975+0000] {logging_mixin.py:137} INFO - [2024-06-04T23:48:42.975+0000] {dagbag.py:538} INFO - Filling up the DagBag from /home/airflow/.local/lib/python3.7/site-packages/airflow/example_dags/example_sensors.py
[2024-06-04T23:48:43.005+0000] {processor.py:753} INFO - DAG(s) dict_keys(['example_sensors']) retrieved from /home/airflow/.local/lib/python3.7/site-packages/airflow/example_dags/example_sensors.py
[2024-06-04T23:48:43.047+0000] {logging_mixin.py:137} INFO - [2024-06-04T23:48:43.047+0000] {dag.py:2690} INFO - Sync 1 DAGs
[2024-06-04T23:48:43.089+0000] {logging_mixin.py:137} INFO - [2024-06-04T23:48:43.089+0000] {dag.py:3441} INFO - Setting next_dagrun for example_sensors to None, run_after=None
[2024-06-04T23:48:43.144+0000] {processor.py:175} INFO - Processing /home/airflow/.local/lib/python3.7/site-packages/airflow/example_dags/example_sensors.py took 0.176 seconds
[2024-06-04T23:49:13.819+0000] {processor.py:153} INFO - Started process (PID=5102) to work on /home/airflow/.local/lib/python3.7/site-packages/airflow/example_dags/example_sensors.py
[2024-06-04T23:49:13.819+0000] {processor.py:743} INFO - Processing file /home/airflow/.local/lib/python3.7/site-packages/airflow/example_dags/example_sensors.py for tasks to queue
[2024-06-04T23:49:13.820+0000] {logging_mixin.py:137} INFO - [2024-06-04T23:49:13.820+0000] {dagbag.py:538} INFO - Filling up the DagBag from /home/airflow/.local/lib/python3.7/site-packages/airflow/example_dags/example_sensors.py
[2024-06-04T23:49:13.835+0000] {processor.py:753} INFO - DAG(s) dict_keys(['example_sensors']) retrieved from /home/airflow/.local/lib/python3.7/site-packages/airflow/example_dags/example_sensors.py
[2024-06-04T23:49:13.856+0000] {logging_mixin.py:137} INFO - [2024-06-04T23:49:13.856+0000] {dag.py:2690} INFO - Sync 1 DAGs
[2024-06-04T23:49:13.875+0000] {logging_mixin.py:137} INFO - [2024-06-04T23:49:13.874+0000] {dag.py:3441} INFO - Setting next_dagrun for example_sensors to None, run_after=None
[2024-06-04T23:49:13.889+0000] {processor.py:175} INFO - Processing /home/airflow/.local/lib/python3.7/site-packages/airflow/example_dags/example_sensors.py took 0.073 seconds
[2024-06-04T23:49:44.063+0000] {processor.py:153} INFO - Started process (PID=5455) to work on /home/airflow/.local/lib/python3.7/site-packages/airflow/example_dags/example_sensors.py
[2024-06-04T23:49:44.064+0000] {processor.py:743} INFO - Processing file /home/airflow/.local/lib/python3.7/site-packages/airflow/example_dags/example_sensors.py for tasks to queue
[2024-06-04T23:49:44.065+0000] {logging_mixin.py:137} INFO - [2024-06-04T23:49:44.065+0000] {dagbag.py:538} INFO - Filling up the DagBag from /home/airflow/.local/lib/python3.7/site-packages/airflow/example_dags/example_sensors.py
[2024-06-04T23:49:44.083+0000] {processor.py:753} INFO - DAG(s) dict_keys(['example_sensors']) retrieved from /home/airflow/.local/lib/python3.7/site-packages/airflow/example_dags/example_sensors.py
[2024-06-04T23:49:44.111+0000] {logging_mixin.py:137} INFO - [2024-06-04T23:49:44.111+0000] {dag.py:2690} INFO - Sync 1 DAGs
[2024-06-04T23:49:44.137+0000] {logging_mixin.py:137} INFO - [2024-06-04T23:49:44.137+0000] {dag.py:3441} INFO - Setting next_dagrun for example_sensors to None, run_after=None
[2024-06-04T23:49:44.162+0000] {processor.py:175} INFO - Processing /home/airflow/.local/lib/python3.7/site-packages/airflow/example_dags/example_sensors.py took 0.102 seconds
[2024-06-04T23:50:14.338+0000] {processor.py:153} INFO - Started process (PID=5821) to work on /home/airflow/.local/lib/python3.7/site-packages/airflow/example_dags/example_sensors.py
[2024-06-04T23:50:14.339+0000] {processor.py:743} INFO - Processing file /home/airflow/.local/lib/python3.7/site-packages/airflow/example_dags/example_sensors.py for tasks to queue
[2024-06-04T23:50:14.339+0000] {logging_mixin.py:137} INFO - [2024-06-04T23:50:14.339+0000] {dagbag.py:538} INFO - Filling up the DagBag from /home/airflow/.local/lib/python3.7/site-packages/airflow/example_dags/example_sensors.py
[2024-06-04T23:50:14.355+0000] {processor.py:753} INFO - DAG(s) dict_keys(['example_sensors']) retrieved from /home/airflow/.local/lib/python3.7/site-packages/airflow/example_dags/example_sensors.py
[2024-06-04T23:50:14.378+0000] {logging_mixin.py:137} INFO - [2024-06-04T23:50:14.378+0000] {dag.py:2690} INFO - Sync 1 DAGs
[2024-06-04T23:50:14.399+0000] {logging_mixin.py:137} INFO - [2024-06-04T23:50:14.399+0000] {dag.py:3441} INFO - Setting next_dagrun for example_sensors to None, run_after=None
[2024-06-04T23:50:14.415+0000] {processor.py:175} INFO - Processing /home/airflow/.local/lib/python3.7/site-packages/airflow/example_dags/example_sensors.py took 0.079 seconds
[2024-06-04T23:50:44.610+0000] {processor.py:153} INFO - Started process (PID=6206) to work on /home/airflow/.local/lib/python3.7/site-packages/airflow/example_dags/example_sensors.py
[2024-06-04T23:50:44.611+0000] {processor.py:743} INFO - Processing file /home/airflow/.local/lib/python3.7/site-packages/airflow/example_dags/example_sensors.py for tasks to queue
[2024-06-04T23:50:44.612+0000] {logging_mixin.py:137} INFO - [2024-06-04T23:50:44.611+0000] {dagbag.py:538} INFO - Filling up the DagBag from /home/airflow/.local/lib/python3.7/site-packages/airflow/example_dags/example_sensors.py
[2024-06-04T23:50:44.636+0000] {processor.py:753} INFO - DAG(s) dict_keys(['example_sensors']) retrieved from /home/airflow/.local/lib/python3.7/site-packages/airflow/example_dags/example_sensors.py
[2024-06-04T23:50:44.673+0000] {logging_mixin.py:137} INFO - [2024-06-04T23:50:44.673+0000] {dag.py:2690} INFO - Sync 1 DAGs
[2024-06-04T23:50:44.708+0000] {logging_mixin.py:137} INFO - [2024-06-04T23:50:44.707+0000] {dag.py:3441} INFO - Setting next_dagrun for example_sensors to None, run_after=None
[2024-06-04T23:50:44.733+0000] {processor.py:175} INFO - Processing /home/airflow/.local/lib/python3.7/site-packages/airflow/example_dags/example_sensors.py took 0.127 seconds
[2024-06-04T23:51:15.520+0000] {processor.py:153} INFO - Started process (PID=6542) to work on /home/airflow/.local/lib/python3.7/site-packages/airflow/example_dags/example_sensors.py
[2024-06-04T23:51:15.521+0000] {processor.py:743} INFO - Processing file /home/airflow/.local/lib/python3.7/site-packages/airflow/example_dags/example_sensors.py for tasks to queue
[2024-06-04T23:51:15.521+0000] {logging_mixin.py:137} INFO - [2024-06-04T23:51:15.521+0000] {dagbag.py:538} INFO - Filling up the DagBag from /home/airflow/.local/lib/python3.7/site-packages/airflow/example_dags/example_sensors.py
[2024-06-04T23:51:15.536+0000] {processor.py:753} INFO - DAG(s) dict_keys(['example_sensors']) retrieved from /home/airflow/.local/lib/python3.7/site-packages/airflow/example_dags/example_sensors.py
[2024-06-04T23:51:15.558+0000] {logging_mixin.py:137} INFO - [2024-06-04T23:51:15.558+0000] {dag.py:2690} INFO - Sync 1 DAGs
[2024-06-04T23:51:15.577+0000] {logging_mixin.py:137} INFO - [2024-06-04T23:51:15.577+0000] {dag.py:3441} INFO - Setting next_dagrun for example_sensors to None, run_after=None
[2024-06-04T23:51:15.592+0000] {processor.py:175} INFO - Processing /home/airflow/.local/lib/python3.7/site-packages/airflow/example_dags/example_sensors.py took 0.074 seconds
[2024-06-04T23:51:45.927+0000] {processor.py:153} INFO - Started process (PID=6899) to work on /home/airflow/.local/lib/python3.7/site-packages/airflow/example_dags/example_sensors.py
[2024-06-04T23:51:45.928+0000] {processor.py:743} INFO - Processing file /home/airflow/.local/lib/python3.7/site-packages/airflow/example_dags/example_sensors.py for tasks to queue
[2024-06-04T23:51:45.929+0000] {logging_mixin.py:137} INFO - [2024-06-04T23:51:45.929+0000] {dagbag.py:538} INFO - Filling up the DagBag from /home/airflow/.local/lib/python3.7/site-packages/airflow/example_dags/example_sensors.py
[2024-06-04T23:51:45.960+0000] {processor.py:753} INFO - DAG(s) dict_keys(['example_sensors']) retrieved from /home/airflow/.local/lib/python3.7/site-packages/airflow/example_dags/example_sensors.py
[2024-06-04T23:51:45.996+0000] {logging_mixin.py:137} INFO - [2024-06-04T23:51:45.996+0000] {dag.py:2690} INFO - Sync 1 DAGs
[2024-06-04T23:51:46.031+0000] {logging_mixin.py:137} INFO - [2024-06-04T23:51:46.031+0000] {dag.py:3441} INFO - Setting next_dagrun for example_sensors to None, run_after=None
[2024-06-04T23:51:46.055+0000] {processor.py:175} INFO - Processing /home/airflow/.local/lib/python3.7/site-packages/airflow/example_dags/example_sensors.py took 0.133 seconds
[2024-06-04T23:52:16.822+0000] {processor.py:153} INFO - Started process (PID=7234) to work on /home/airflow/.local/lib/python3.7/site-packages/airflow/example_dags/example_sensors.py
[2024-06-04T23:52:16.823+0000] {processor.py:743} INFO - Processing file /home/airflow/.local/lib/python3.7/site-packages/airflow/example_dags/example_sensors.py for tasks to queue
[2024-06-04T23:52:16.824+0000] {logging_mixin.py:137} INFO - [2024-06-04T23:52:16.823+0000] {dagbag.py:538} INFO - Filling up the DagBag from /home/airflow/.local/lib/python3.7/site-packages/airflow/example_dags/example_sensors.py
[2024-06-04T23:52:16.839+0000] {processor.py:753} INFO - DAG(s) dict_keys(['example_sensors']) retrieved from /home/airflow/.local/lib/python3.7/site-packages/airflow/example_dags/example_sensors.py
[2024-06-04T23:52:16.862+0000] {logging_mixin.py:137} INFO - [2024-06-04T23:52:16.861+0000] {dag.py:2690} INFO - Sync 1 DAGs
[2024-06-04T23:52:16.881+0000] {logging_mixin.py:137} INFO - [2024-06-04T23:52:16.881+0000] {dag.py:3441} INFO - Setting next_dagrun for example_sensors to None, run_after=None
[2024-06-04T23:52:16.898+0000] {processor.py:175} INFO - Processing /home/airflow/.local/lib/python3.7/site-packages/airflow/example_dags/example_sensors.py took 0.078 seconds
[2024-06-04T23:52:47.318+0000] {processor.py:153} INFO - Started process (PID=7574) to work on /home/airflow/.local/lib/python3.7/site-packages/airflow/example_dags/example_sensors.py
[2024-06-04T23:52:47.319+0000] {processor.py:743} INFO - Processing file /home/airflow/.local/lib/python3.7/site-packages/airflow/example_dags/example_sensors.py for tasks to queue
[2024-06-04T23:52:47.319+0000] {logging_mixin.py:137} INFO - [2024-06-04T23:52:47.319+0000] {dagbag.py:538} INFO - Filling up the DagBag from /home/airflow/.local/lib/python3.7/site-packages/airflow/example_dags/example_sensors.py
[2024-06-04T23:52:47.336+0000] {processor.py:753} INFO - DAG(s) dict_keys(['example_sensors']) retrieved from /home/airflow/.local/lib/python3.7/site-packages/airflow/example_dags/example_sensors.py
[2024-06-04T23:52:47.361+0000] {logging_mixin.py:137} INFO - [2024-06-04T23:52:47.361+0000] {dag.py:2690} INFO - Sync 1 DAGs
[2024-06-04T23:52:47.383+0000] {logging_mixin.py:137} INFO - [2024-06-04T23:52:47.383+0000] {dag.py:3441} INFO - Setting next_dagrun for example_sensors to None, run_after=None
[2024-06-04T23:52:47.402+0000] {processor.py:175} INFO - Processing /home/airflow/.local/lib/python3.7/site-packages/airflow/example_dags/example_sensors.py took 0.086 seconds
[2024-06-04T23:53:18.073+0000] {processor.py:153} INFO - Started process (PID=7943) to work on /home/airflow/.local/lib/python3.7/site-packages/airflow/example_dags/example_sensors.py
[2024-06-04T23:53:18.074+0000] {processor.py:743} INFO - Processing file /home/airflow/.local/lib/python3.7/site-packages/airflow/example_dags/example_sensors.py for tasks to queue
[2024-06-04T23:53:18.074+0000] {logging_mixin.py:137} INFO - [2024-06-04T23:53:18.074+0000] {dagbag.py:538} INFO - Filling up the DagBag from /home/airflow/.local/lib/python3.7/site-packages/airflow/example_dags/example_sensors.py
[2024-06-04T23:53:18.088+0000] {processor.py:753} INFO - DAG(s) dict_keys(['example_sensors']) retrieved from /home/airflow/.local/lib/python3.7/site-packages/airflow/example_dags/example_sensors.py
[2024-06-04T23:53:18.107+0000] {logging_mixin.py:137} INFO - [2024-06-04T23:53:18.107+0000] {dag.py:2690} INFO - Sync 1 DAGs
[2024-06-04T23:53:18.124+0000] {logging_mixin.py:137} INFO - [2024-06-04T23:53:18.124+0000] {dag.py:3441} INFO - Setting next_dagrun for example_sensors to None, run_after=None
[2024-06-04T23:53:18.137+0000] {processor.py:175} INFO - Processing /home/airflow/.local/lib/python3.7/site-packages/airflow/example_dags/example_sensors.py took 0.066 seconds
[2024-06-04T23:53:48.256+0000] {processor.py:153} INFO - Started process (PID=8255) to work on /home/airflow/.local/lib/python3.7/site-packages/airflow/example_dags/example_sensors.py
[2024-06-04T23:53:48.257+0000] {processor.py:743} INFO - Processing file /home/airflow/.local/lib/python3.7/site-packages/airflow/example_dags/example_sensors.py for tasks to queue
[2024-06-04T23:53:48.257+0000] {logging_mixin.py:137} INFO - [2024-06-04T23:53:48.257+0000] {dagbag.py:538} INFO - Filling up the DagBag from /home/airflow/.local/lib/python3.7/site-packages/airflow/example_dags/example_sensors.py
[2024-06-04T23:53:48.274+0000] {processor.py:753} INFO - DAG(s) dict_keys(['example_sensors']) retrieved from /home/airflow/.local/lib/python3.7/site-packages/airflow/example_dags/example_sensors.py
[2024-06-04T23:53:48.296+0000] {logging_mixin.py:137} INFO - [2024-06-04T23:53:48.295+0000] {dag.py:2690} INFO - Sync 1 DAGs
[2024-06-04T23:53:48.315+0000] {logging_mixin.py:137} INFO - [2024-06-04T23:53:48.315+0000] {dag.py:3441} INFO - Setting next_dagrun for example_sensors to None, run_after=None
[2024-06-04T23:53:48.329+0000] {processor.py:175} INFO - Processing /home/airflow/.local/lib/python3.7/site-packages/airflow/example_dags/example_sensors.py took 0.076 seconds
[2024-06-04T23:54:18.492+0000] {processor.py:153} INFO - Started process (PID=8585) to work on /home/airflow/.local/lib/python3.7/site-packages/airflow/example_dags/example_sensors.py
[2024-06-04T23:54:18.493+0000] {processor.py:743} INFO - Processing file /home/airflow/.local/lib/python3.7/site-packages/airflow/example_dags/example_sensors.py for tasks to queue
[2024-06-04T23:54:18.494+0000] {logging_mixin.py:137} INFO - [2024-06-04T23:54:18.494+0000] {dagbag.py:538} INFO - Filling up the DagBag from /home/airflow/.local/lib/python3.7/site-packages/airflow/example_dags/example_sensors.py
[2024-06-04T23:54:18.512+0000] {processor.py:753} INFO - DAG(s) dict_keys(['example_sensors']) retrieved from /home/airflow/.local/lib/python3.7/site-packages/airflow/example_dags/example_sensors.py
[2024-06-04T23:54:18.541+0000] {logging_mixin.py:137} INFO - [2024-06-04T23:54:18.541+0000] {dag.py:2690} INFO - Sync 1 DAGs
[2024-06-04T23:54:18.568+0000] {logging_mixin.py:137} INFO - [2024-06-04T23:54:18.568+0000] {dag.py:3441} INFO - Setting next_dagrun for example_sensors to None, run_after=None
[2024-06-04T23:54:18.584+0000] {processor.py:175} INFO - Processing /home/airflow/.local/lib/python3.7/site-packages/airflow/example_dags/example_sensors.py took 0.095 seconds
[2024-06-04T23:54:49.449+0000] {processor.py:153} INFO - Started process (PID=8691) to work on /home/airflow/.local/lib/python3.7/site-packages/airflow/example_dags/example_sensors.py
[2024-06-04T23:54:49.450+0000] {processor.py:743} INFO - Processing file /home/airflow/.local/lib/python3.7/site-packages/airflow/example_dags/example_sensors.py for tasks to queue
[2024-06-04T23:54:49.450+0000] {logging_mixin.py:137} INFO - [2024-06-04T23:54:49.450+0000] {dagbag.py:538} INFO - Filling up the DagBag from /home/airflow/.local/lib/python3.7/site-packages/airflow/example_dags/example_sensors.py
[2024-06-04T23:54:49.464+0000] {processor.py:753} INFO - DAG(s) dict_keys(['example_sensors']) retrieved from /home/airflow/.local/lib/python3.7/site-packages/airflow/example_dags/example_sensors.py
[2024-06-04T23:54:49.485+0000] {logging_mixin.py:137} INFO - [2024-06-04T23:54:49.485+0000] {dag.py:2690} INFO - Sync 1 DAGs
[2024-06-04T23:54:49.503+0000] {logging_mixin.py:137} INFO - [2024-06-04T23:54:49.503+0000] {dag.py:3441} INFO - Setting next_dagrun for example_sensors to None, run_after=None
[2024-06-04T23:54:49.515+0000] {processor.py:175} INFO - Processing /home/airflow/.local/lib/python3.7/site-packages/airflow/example_dags/example_sensors.py took 0.068 seconds
[2024-06-04T23:55:20.210+0000] {processor.py:153} INFO - Started process (PID=8807) to work on /home/airflow/.local/lib/python3.7/site-packages/airflow/example_dags/example_sensors.py
[2024-06-04T23:55:20.211+0000] {processor.py:743} INFO - Processing file /home/airflow/.local/lib/python3.7/site-packages/airflow/example_dags/example_sensors.py for tasks to queue
[2024-06-04T23:55:20.211+0000] {logging_mixin.py:137} INFO - [2024-06-04T23:55:20.211+0000] {dagbag.py:538} INFO - Filling up the DagBag from /home/airflow/.local/lib/python3.7/site-packages/airflow/example_dags/example_sensors.py
[2024-06-04T23:55:20.225+0000] {processor.py:753} INFO - DAG(s) dict_keys(['example_sensors']) retrieved from /home/airflow/.local/lib/python3.7/site-packages/airflow/example_dags/example_sensors.py
[2024-06-04T23:55:20.246+0000] {logging_mixin.py:137} INFO - [2024-06-04T23:55:20.246+0000] {dag.py:2690} INFO - Sync 1 DAGs
[2024-06-04T23:55:20.263+0000] {logging_mixin.py:137} INFO - [2024-06-04T23:55:20.263+0000] {dag.py:3441} INFO - Setting next_dagrun for example_sensors to None, run_after=None
[2024-06-04T23:55:20.275+0000] {processor.py:175} INFO - Processing /home/airflow/.local/lib/python3.7/site-packages/airflow/example_dags/example_sensors.py took 0.067 seconds
[2024-06-04T23:55:51.070+0000] {processor.py:153} INFO - Started process (PID=8903) to work on /home/airflow/.local/lib/python3.7/site-packages/airflow/example_dags/example_sensors.py
[2024-06-04T23:55:51.071+0000] {processor.py:743} INFO - Processing file /home/airflow/.local/lib/python3.7/site-packages/airflow/example_dags/example_sensors.py for tasks to queue
[2024-06-04T23:55:51.072+0000] {logging_mixin.py:137} INFO - [2024-06-04T23:55:51.071+0000] {dagbag.py:538} INFO - Filling up the DagBag from /home/airflow/.local/lib/python3.7/site-packages/airflow/example_dags/example_sensors.py
[2024-06-04T23:55:51.091+0000] {processor.py:753} INFO - DAG(s) dict_keys(['example_sensors']) retrieved from /home/airflow/.local/lib/python3.7/site-packages/airflow/example_dags/example_sensors.py
[2024-06-04T23:55:51.117+0000] {logging_mixin.py:137} INFO - [2024-06-04T23:55:51.116+0000] {dag.py:2690} INFO - Sync 1 DAGs
[2024-06-04T23:55:51.151+0000] {logging_mixin.py:137} INFO - [2024-06-04T23:55:51.150+0000] {dag.py:3441} INFO - Setting next_dagrun for example_sensors to None, run_after=None
[2024-06-04T23:55:51.178+0000] {processor.py:175} INFO - Processing /home/airflow/.local/lib/python3.7/site-packages/airflow/example_dags/example_sensors.py took 0.111 seconds
[2024-06-04T23:56:21.237+0000] {processor.py:153} INFO - Started process (PID=9013) to work on /home/airflow/.local/lib/python3.7/site-packages/airflow/example_dags/example_sensors.py
[2024-06-04T23:56:21.237+0000] {processor.py:743} INFO - Processing file /home/airflow/.local/lib/python3.7/site-packages/airflow/example_dags/example_sensors.py for tasks to queue
[2024-06-04T23:56:21.237+0000] {logging_mixin.py:137} INFO - [2024-06-04T23:56:21.237+0000] {dagbag.py:538} INFO - Filling up the DagBag from /home/airflow/.local/lib/python3.7/site-packages/airflow/example_dags/example_sensors.py
[2024-06-04T23:56:21.251+0000] {processor.py:753} INFO - DAG(s) dict_keys(['example_sensors']) retrieved from /home/airflow/.local/lib/python3.7/site-packages/airflow/example_dags/example_sensors.py
[2024-06-04T23:56:21.271+0000] {logging_mixin.py:137} INFO - [2024-06-04T23:56:21.271+0000] {dag.py:2690} INFO - Sync 1 DAGs
[2024-06-04T23:56:21.299+0000] {logging_mixin.py:137} INFO - [2024-06-04T23:56:21.299+0000] {dag.py:3441} INFO - Setting next_dagrun for example_sensors to None, run_after=None
[2024-06-04T23:56:21.315+0000] {processor.py:175} INFO - Processing /home/airflow/.local/lib/python3.7/site-packages/airflow/example_dags/example_sensors.py took 0.081 seconds
[2024-06-04T23:56:51.484+0000] {processor.py:153} INFO - Started process (PID=9145) to work on /home/airflow/.local/lib/python3.7/site-packages/airflow/example_dags/example_sensors.py
[2024-06-04T23:56:51.485+0000] {processor.py:743} INFO - Processing file /home/airflow/.local/lib/python3.7/site-packages/airflow/example_dags/example_sensors.py for tasks to queue
[2024-06-04T23:56:51.485+0000] {logging_mixin.py:137} INFO - [2024-06-04T23:56:51.485+0000] {dagbag.py:538} INFO - Filling up the DagBag from /home/airflow/.local/lib/python3.7/site-packages/airflow/example_dags/example_sensors.py
[2024-06-04T23:56:51.499+0000] {processor.py:753} INFO - DAG(s) dict_keys(['example_sensors']) retrieved from /home/airflow/.local/lib/python3.7/site-packages/airflow/example_dags/example_sensors.py
[2024-06-04T23:56:51.520+0000] {logging_mixin.py:137} INFO - [2024-06-04T23:56:51.520+0000] {dag.py:2690} INFO - Sync 1 DAGs
[2024-06-04T23:56:51.538+0000] {logging_mixin.py:137} INFO - [2024-06-04T23:56:51.538+0000] {dag.py:3441} INFO - Setting next_dagrun for example_sensors to None, run_after=None
[2024-06-04T23:56:51.549+0000] {processor.py:175} INFO - Processing /home/airflow/.local/lib/python3.7/site-packages/airflow/example_dags/example_sensors.py took 0.068 seconds
[2024-06-04T23:57:22.333+0000] {processor.py:153} INFO - Started process (PID=9238) to work on /home/airflow/.local/lib/python3.7/site-packages/airflow/example_dags/example_sensors.py
[2024-06-04T23:57:22.334+0000] {processor.py:743} INFO - Processing file /home/airflow/.local/lib/python3.7/site-packages/airflow/example_dags/example_sensors.py for tasks to queue
[2024-06-04T23:57:22.334+0000] {logging_mixin.py:137} INFO - [2024-06-04T23:57:22.334+0000] {dagbag.py:538} INFO - Filling up the DagBag from /home/airflow/.local/lib/python3.7/site-packages/airflow/example_dags/example_sensors.py
[2024-06-04T23:57:22.348+0000] {processor.py:753} INFO - DAG(s) dict_keys(['example_sensors']) retrieved from /home/airflow/.local/lib/python3.7/site-packages/airflow/example_dags/example_sensors.py
[2024-06-04T23:57:22.368+0000] {logging_mixin.py:137} INFO - [2024-06-04T23:57:22.368+0000] {dag.py:2690} INFO - Sync 1 DAGs
[2024-06-04T23:57:22.386+0000] {logging_mixin.py:137} INFO - [2024-06-04T23:57:22.386+0000] {dag.py:3441} INFO - Setting next_dagrun for example_sensors to None, run_after=None
[2024-06-04T23:57:22.398+0000] {processor.py:175} INFO - Processing /home/airflow/.local/lib/python3.7/site-packages/airflow/example_dags/example_sensors.py took 0.067 seconds
[2024-06-04T23:57:52.566+0000] {processor.py:153} INFO - Started process (PID=9349) to work on /home/airflow/.local/lib/python3.7/site-packages/airflow/example_dags/example_sensors.py
[2024-06-04T23:57:52.567+0000] {processor.py:743} INFO - Processing file /home/airflow/.local/lib/python3.7/site-packages/airflow/example_dags/example_sensors.py for tasks to queue
[2024-06-04T23:57:52.568+0000] {logging_mixin.py:137} INFO - [2024-06-04T23:57:52.567+0000] {dagbag.py:538} INFO - Filling up the DagBag from /home/airflow/.local/lib/python3.7/site-packages/airflow/example_dags/example_sensors.py
[2024-06-04T23:57:52.585+0000] {processor.py:753} INFO - DAG(s) dict_keys(['example_sensors']) retrieved from /home/airflow/.local/lib/python3.7/site-packages/airflow/example_dags/example_sensors.py
[2024-06-04T23:57:52.613+0000] {logging_mixin.py:137} INFO - [2024-06-04T23:57:52.612+0000] {dag.py:2690} INFO - Sync 1 DAGs
[2024-06-04T23:57:52.635+0000] {logging_mixin.py:137} INFO - [2024-06-04T23:57:52.635+0000] {dag.py:3441} INFO - Setting next_dagrun for example_sensors to None, run_after=None
[2024-06-04T23:57:52.650+0000] {processor.py:175} INFO - Processing /home/airflow/.local/lib/python3.7/site-packages/airflow/example_dags/example_sensors.py took 0.087 seconds
[2024-06-04T23:58:23.352+0000] {processor.py:153} INFO - Started process (PID=9445) to work on /home/airflow/.local/lib/python3.7/site-packages/airflow/example_dags/example_sensors.py
[2024-06-04T23:58:23.352+0000] {processor.py:743} INFO - Processing file /home/airflow/.local/lib/python3.7/site-packages/airflow/example_dags/example_sensors.py for tasks to queue
[2024-06-04T23:58:23.353+0000] {logging_mixin.py:137} INFO - [2024-06-04T23:58:23.352+0000] {dagbag.py:538} INFO - Filling up the DagBag from /home/airflow/.local/lib/python3.7/site-packages/airflow/example_dags/example_sensors.py
[2024-06-04T23:58:23.366+0000] {processor.py:753} INFO - DAG(s) dict_keys(['example_sensors']) retrieved from /home/airflow/.local/lib/python3.7/site-packages/airflow/example_dags/example_sensors.py
[2024-06-04T23:58:23.386+0000] {logging_mixin.py:137} INFO - [2024-06-04T23:58:23.386+0000] {dag.py:2690} INFO - Sync 1 DAGs
[2024-06-04T23:58:23.403+0000] {logging_mixin.py:137} INFO - [2024-06-04T23:58:23.403+0000] {dag.py:3441} INFO - Setting next_dagrun for example_sensors to None, run_after=None
[2024-06-04T23:58:23.415+0000] {processor.py:175} INFO - Processing /home/airflow/.local/lib/python3.7/site-packages/airflow/example_dags/example_sensors.py took 0.066 seconds
[2024-06-04T23:58:53.635+0000] {processor.py:153} INFO - Started process (PID=9556) to work on /home/airflow/.local/lib/python3.7/site-packages/airflow/example_dags/example_sensors.py
[2024-06-04T23:58:53.636+0000] {processor.py:743} INFO - Processing file /home/airflow/.local/lib/python3.7/site-packages/airflow/example_dags/example_sensors.py for tasks to queue
[2024-06-04T23:58:53.636+0000] {logging_mixin.py:137} INFO - [2024-06-04T23:58:53.636+0000] {dagbag.py:538} INFO - Filling up the DagBag from /home/airflow/.local/lib/python3.7/site-packages/airflow/example_dags/example_sensors.py
[2024-06-04T23:58:53.650+0000] {processor.py:753} INFO - DAG(s) dict_keys(['example_sensors']) retrieved from /home/airflow/.local/lib/python3.7/site-packages/airflow/example_dags/example_sensors.py
[2024-06-04T23:58:53.670+0000] {logging_mixin.py:137} INFO - [2024-06-04T23:58:53.670+0000] {dag.py:2690} INFO - Sync 1 DAGs
[2024-06-04T23:58:53.688+0000] {logging_mixin.py:137} INFO - [2024-06-04T23:58:53.688+0000] {dag.py:3441} INFO - Setting next_dagrun for example_sensors to None, run_after=None
[2024-06-04T23:58:53.701+0000] {processor.py:175} INFO - Processing /home/airflow/.local/lib/python3.7/site-packages/airflow/example_dags/example_sensors.py took 0.068 seconds
[2024-06-04T23:59:24.413+0000] {processor.py:153} INFO - Started process (PID=9672) to work on /home/airflow/.local/lib/python3.7/site-packages/airflow/example_dags/example_sensors.py
[2024-06-04T23:59:24.414+0000] {processor.py:743} INFO - Processing file /home/airflow/.local/lib/python3.7/site-packages/airflow/example_dags/example_sensors.py for tasks to queue
[2024-06-04T23:59:24.414+0000] {logging_mixin.py:137} INFO - [2024-06-04T23:59:24.414+0000] {dagbag.py:538} INFO - Filling up the DagBag from /home/airflow/.local/lib/python3.7/site-packages/airflow/example_dags/example_sensors.py
[2024-06-04T23:59:24.428+0000] {processor.py:753} INFO - DAG(s) dict_keys(['example_sensors']) retrieved from /home/airflow/.local/lib/python3.7/site-packages/airflow/example_dags/example_sensors.py
[2024-06-04T23:59:24.448+0000] {logging_mixin.py:137} INFO - [2024-06-04T23:59:24.447+0000] {dag.py:2690} INFO - Sync 1 DAGs
[2024-06-04T23:59:24.464+0000] {logging_mixin.py:137} INFO - [2024-06-04T23:59:24.464+0000] {dag.py:3441} INFO - Setting next_dagrun for example_sensors to None, run_after=None
[2024-06-04T23:59:24.477+0000] {processor.py:175} INFO - Processing /home/airflow/.local/lib/python3.7/site-packages/airflow/example_dags/example_sensors.py took 0.066 seconds
[2024-06-04T23:59:55.167+0000] {processor.py:153} INFO - Started process (PID=9759) to work on /home/airflow/.local/lib/python3.7/site-packages/airflow/example_dags/example_sensors.py
[2024-06-04T23:59:55.168+0000] {processor.py:743} INFO - Processing file /home/airflow/.local/lib/python3.7/site-packages/airflow/example_dags/example_sensors.py for tasks to queue
[2024-06-04T23:59:55.168+0000] {logging_mixin.py:137} INFO - [2024-06-04T23:59:55.168+0000] {dagbag.py:538} INFO - Filling up the DagBag from /home/airflow/.local/lib/python3.7/site-packages/airflow/example_dags/example_sensors.py
[2024-06-04T23:59:55.181+0000] {processor.py:753} INFO - DAG(s) dict_keys(['example_sensors']) retrieved from /home/airflow/.local/lib/python3.7/site-packages/airflow/example_dags/example_sensors.py
[2024-06-04T23:59:55.201+0000] {logging_mixin.py:137} INFO - [2024-06-04T23:59:55.201+0000] {dag.py:2690} INFO - Sync 1 DAGs
[2024-06-04T23:59:55.218+0000] {logging_mixin.py:137} INFO - [2024-06-04T23:59:55.218+0000] {dag.py:3441} INFO - Setting next_dagrun for example_sensors to None, run_after=None
[2024-06-04T23:59:55.230+0000] {processor.py:175} INFO - Processing /home/airflow/.local/lib/python3.7/site-packages/airflow/example_dags/example_sensors.py took 0.065 seconds
