[2024-06-04T23:37:25.694+0000] {processor.py:153} INFO - Started process (PID=50) to work on /home/airflow/.local/lib/python3.7/site-packages/airflow/example_dags/example_time_delta_sensor_async.py
[2024-06-04T23:37:25.694+0000] {processor.py:743} INFO - Processing file /home/airflow/.local/lib/python3.7/site-packages/airflow/example_dags/example_time_delta_sensor_async.py for tasks to queue
[2024-06-04T23:37:25.695+0000] {logging_mixin.py:137} INFO - [2024-06-04T23:37:25.694+0000] {dagbag.py:538} INFO - Filling up the DagBag from /home/airflow/.local/lib/python3.7/site-packages/airflow/example_dags/example_time_delta_sensor_async.py
[2024-06-04T23:37:25.704+0000] {processor.py:753} INFO - DAG(s) dict_keys(['example_time_delta_sensor_async']) retrieved from /home/airflow/.local/lib/python3.7/site-packages/airflow/example_dags/example_time_delta_sensor_async.py
[2024-06-04T23:37:25.783+0000] {logging_mixin.py:137} INFO - [2024-06-04T23:37:25.783+0000] {manager.py:504} INFO - Created Permission View: can edit on DAG:example_time_delta_sensor_async
[2024-06-04T23:37:25.790+0000] {logging_mixin.py:137} INFO - [2024-06-04T23:37:25.790+0000] {manager.py:504} INFO - Created Permission View: can read on DAG:example_time_delta_sensor_async
[2024-06-04T23:37:25.795+0000] {logging_mixin.py:137} INFO - [2024-06-04T23:37:25.794+0000] {manager.py:504} INFO - Created Permission View: can delete on DAG:example_time_delta_sensor_async
[2024-06-04T23:37:25.795+0000] {logging_mixin.py:137} INFO - [2024-06-04T23:37:25.795+0000] {dag.py:2690} INFO - Sync 1 DAGs
[2024-06-04T23:37:25.804+0000] {logging_mixin.py:137} INFO - [2024-06-04T23:37:25.804+0000] {dag.py:2711} INFO - Creating ORM DAG for example_time_delta_sensor_async
[2024-06-04T23:37:25.811+0000] {logging_mixin.py:137} INFO - [2024-06-04T23:37:25.811+0000] {dag.py:3441} INFO - Setting next_dagrun for example_time_delta_sensor_async to None, run_after=None
[2024-06-04T23:37:25.825+0000] {processor.py:175} INFO - Processing /home/airflow/.local/lib/python3.7/site-packages/airflow/example_dags/example_time_delta_sensor_async.py took 0.133 seconds
[2024-06-04T23:37:56.019+0000] {processor.py:153} INFO - Started process (PID=161) to work on /home/airflow/.local/lib/python3.7/site-packages/airflow/example_dags/example_time_delta_sensor_async.py
[2024-06-04T23:37:56.019+0000] {processor.py:743} INFO - Processing file /home/airflow/.local/lib/python3.7/site-packages/airflow/example_dags/example_time_delta_sensor_async.py for tasks to queue
[2024-06-04T23:37:56.020+0000] {logging_mixin.py:137} INFO - [2024-06-04T23:37:56.019+0000] {dagbag.py:538} INFO - Filling up the DagBag from /home/airflow/.local/lib/python3.7/site-packages/airflow/example_dags/example_time_delta_sensor_async.py
[2024-06-04T23:37:56.029+0000] {processor.py:753} INFO - DAG(s) dict_keys(['example_time_delta_sensor_async']) retrieved from /home/airflow/.local/lib/python3.7/site-packages/airflow/example_dags/example_time_delta_sensor_async.py
[2024-06-04T23:37:56.046+0000] {logging_mixin.py:137} INFO - [2024-06-04T23:37:56.046+0000] {dag.py:2690} INFO - Sync 1 DAGs
[2024-06-04T23:37:56.063+0000] {logging_mixin.py:137} INFO - [2024-06-04T23:37:56.063+0000] {dag.py:3441} INFO - Setting next_dagrun for example_time_delta_sensor_async to None, run_after=None
[2024-06-04T23:37:56.075+0000] {processor.py:175} INFO - Processing /home/airflow/.local/lib/python3.7/site-packages/airflow/example_dags/example_time_delta_sensor_async.py took 0.059 seconds
[2024-06-04T23:38:26.829+0000] {processor.py:153} INFO - Started process (PID=248) to work on /home/airflow/.local/lib/python3.7/site-packages/airflow/example_dags/example_time_delta_sensor_async.py
[2024-06-04T23:38:26.830+0000] {processor.py:743} INFO - Processing file /home/airflow/.local/lib/python3.7/site-packages/airflow/example_dags/example_time_delta_sensor_async.py for tasks to queue
[2024-06-04T23:38:26.830+0000] {logging_mixin.py:137} INFO - [2024-06-04T23:38:26.830+0000] {dagbag.py:538} INFO - Filling up the DagBag from /home/airflow/.local/lib/python3.7/site-packages/airflow/example_dags/example_time_delta_sensor_async.py
[2024-06-04T23:38:26.840+0000] {processor.py:753} INFO - DAG(s) dict_keys(['example_time_delta_sensor_async']) retrieved from /home/airflow/.local/lib/python3.7/site-packages/airflow/example_dags/example_time_delta_sensor_async.py
[2024-06-04T23:38:26.859+0000] {logging_mixin.py:137} INFO - [2024-06-04T23:38:26.859+0000] {dag.py:2690} INFO - Sync 1 DAGs
[2024-06-04T23:38:26.887+0000] {logging_mixin.py:137} INFO - [2024-06-04T23:38:26.887+0000] {dag.py:3441} INFO - Setting next_dagrun for example_time_delta_sensor_async to None, run_after=None
[2024-06-04T23:38:26.903+0000] {processor.py:175} INFO - Processing /home/airflow/.local/lib/python3.7/site-packages/airflow/example_dags/example_time_delta_sensor_async.py took 0.076 seconds
[2024-06-04T23:38:57.749+0000] {processor.py:153} INFO - Started process (PID=359) to work on /home/airflow/.local/lib/python3.7/site-packages/airflow/example_dags/example_time_delta_sensor_async.py
[2024-06-04T23:38:57.750+0000] {processor.py:743} INFO - Processing file /home/airflow/.local/lib/python3.7/site-packages/airflow/example_dags/example_time_delta_sensor_async.py for tasks to queue
[2024-06-04T23:38:57.750+0000] {logging_mixin.py:137} INFO - [2024-06-04T23:38:57.750+0000] {dagbag.py:538} INFO - Filling up the DagBag from /home/airflow/.local/lib/python3.7/site-packages/airflow/example_dags/example_time_delta_sensor_async.py
[2024-06-04T23:38:57.758+0000] {processor.py:753} INFO - DAG(s) dict_keys(['example_time_delta_sensor_async']) retrieved from /home/airflow/.local/lib/python3.7/site-packages/airflow/example_dags/example_time_delta_sensor_async.py
[2024-06-04T23:38:57.777+0000] {logging_mixin.py:137} INFO - [2024-06-04T23:38:57.776+0000] {dag.py:2690} INFO - Sync 1 DAGs
[2024-06-04T23:38:57.794+0000] {logging_mixin.py:137} INFO - [2024-06-04T23:38:57.794+0000] {dag.py:3441} INFO - Setting next_dagrun for example_time_delta_sensor_async to None, run_after=None
[2024-06-04T23:38:57.805+0000] {processor.py:175} INFO - Processing /home/airflow/.local/lib/python3.7/site-packages/airflow/example_dags/example_time_delta_sensor_async.py took 0.058 seconds
[2024-06-04T23:39:28.465+0000] {processor.py:153} INFO - Started process (PID=470) to work on /home/airflow/.local/lib/python3.7/site-packages/airflow/example_dags/example_time_delta_sensor_async.py
[2024-06-04T23:39:28.466+0000] {processor.py:743} INFO - Processing file /home/airflow/.local/lib/python3.7/site-packages/airflow/example_dags/example_time_delta_sensor_async.py for tasks to queue
[2024-06-04T23:39:28.467+0000] {logging_mixin.py:137} INFO - [2024-06-04T23:39:28.467+0000] {dagbag.py:538} INFO - Filling up the DagBag from /home/airflow/.local/lib/python3.7/site-packages/airflow/example_dags/example_time_delta_sensor_async.py
[2024-06-04T23:39:28.475+0000] {processor.py:753} INFO - DAG(s) dict_keys(['example_time_delta_sensor_async']) retrieved from /home/airflow/.local/lib/python3.7/site-packages/airflow/example_dags/example_time_delta_sensor_async.py
[2024-06-04T23:39:28.493+0000] {logging_mixin.py:137} INFO - [2024-06-04T23:39:28.493+0000] {dag.py:2690} INFO - Sync 1 DAGs
[2024-06-04T23:39:28.509+0000] {logging_mixin.py:137} INFO - [2024-06-04T23:39:28.509+0000] {dag.py:3441} INFO - Setting next_dagrun for example_time_delta_sensor_async to None, run_after=None
[2024-06-04T23:39:28.520+0000] {processor.py:175} INFO - Processing /home/airflow/.local/lib/python3.7/site-packages/airflow/example_dags/example_time_delta_sensor_async.py took 0.057 seconds
[2024-06-04T23:39:59.181+0000] {processor.py:153} INFO - Started process (PID=557) to work on /home/airflow/.local/lib/python3.7/site-packages/airflow/example_dags/example_time_delta_sensor_async.py
[2024-06-04T23:39:59.181+0000] {processor.py:743} INFO - Processing file /home/airflow/.local/lib/python3.7/site-packages/airflow/example_dags/example_time_delta_sensor_async.py for tasks to queue
[2024-06-04T23:39:59.182+0000] {logging_mixin.py:137} INFO - [2024-06-04T23:39:59.182+0000] {dagbag.py:538} INFO - Filling up the DagBag from /home/airflow/.local/lib/python3.7/site-packages/airflow/example_dags/example_time_delta_sensor_async.py
[2024-06-04T23:39:59.190+0000] {processor.py:753} INFO - DAG(s) dict_keys(['example_time_delta_sensor_async']) retrieved from /home/airflow/.local/lib/python3.7/site-packages/airflow/example_dags/example_time_delta_sensor_async.py
[2024-06-04T23:39:59.208+0000] {logging_mixin.py:137} INFO - [2024-06-04T23:39:59.207+0000] {dag.py:2690} INFO - Sync 1 DAGs
[2024-06-04T23:39:59.226+0000] {logging_mixin.py:137} INFO - [2024-06-04T23:39:59.226+0000] {dag.py:3441} INFO - Setting next_dagrun for example_time_delta_sensor_async to None, run_after=None
[2024-06-04T23:39:59.239+0000] {processor.py:175} INFO - Processing /home/airflow/.local/lib/python3.7/site-packages/airflow/example_dags/example_time_delta_sensor_async.py took 0.060 seconds
[2024-06-04T23:40:29.893+0000] {processor.py:153} INFO - Started process (PID=668) to work on /home/airflow/.local/lib/python3.7/site-packages/airflow/example_dags/example_time_delta_sensor_async.py
[2024-06-04T23:40:29.894+0000] {processor.py:743} INFO - Processing file /home/airflow/.local/lib/python3.7/site-packages/airflow/example_dags/example_time_delta_sensor_async.py for tasks to queue
[2024-06-04T23:40:29.894+0000] {logging_mixin.py:137} INFO - [2024-06-04T23:40:29.894+0000] {dagbag.py:538} INFO - Filling up the DagBag from /home/airflow/.local/lib/python3.7/site-packages/airflow/example_dags/example_time_delta_sensor_async.py
[2024-06-04T23:40:29.902+0000] {processor.py:753} INFO - DAG(s) dict_keys(['example_time_delta_sensor_async']) retrieved from /home/airflow/.local/lib/python3.7/site-packages/airflow/example_dags/example_time_delta_sensor_async.py
[2024-06-04T23:40:29.919+0000] {logging_mixin.py:137} INFO - [2024-06-04T23:40:29.919+0000] {dag.py:2690} INFO - Sync 1 DAGs
[2024-06-04T23:40:29.937+0000] {logging_mixin.py:137} INFO - [2024-06-04T23:40:29.937+0000] {dag.py:3441} INFO - Setting next_dagrun for example_time_delta_sensor_async to None, run_after=None
[2024-06-04T23:40:29.949+0000] {processor.py:175} INFO - Processing /home/airflow/.local/lib/python3.7/site-packages/airflow/example_dags/example_time_delta_sensor_async.py took 0.058 seconds
[2024-06-04T23:41:00.587+0000] {processor.py:153} INFO - Started process (PID=764) to work on /home/airflow/.local/lib/python3.7/site-packages/airflow/example_dags/example_time_delta_sensor_async.py
[2024-06-04T23:41:00.587+0000] {processor.py:743} INFO - Processing file /home/airflow/.local/lib/python3.7/site-packages/airflow/example_dags/example_time_delta_sensor_async.py for tasks to queue
[2024-06-04T23:41:00.588+0000] {logging_mixin.py:137} INFO - [2024-06-04T23:41:00.587+0000] {dagbag.py:538} INFO - Filling up the DagBag from /home/airflow/.local/lib/python3.7/site-packages/airflow/example_dags/example_time_delta_sensor_async.py
[2024-06-04T23:41:00.596+0000] {processor.py:753} INFO - DAG(s) dict_keys(['example_time_delta_sensor_async']) retrieved from /home/airflow/.local/lib/python3.7/site-packages/airflow/example_dags/example_time_delta_sensor_async.py
[2024-06-04T23:41:00.614+0000] {logging_mixin.py:137} INFO - [2024-06-04T23:41:00.614+0000] {dag.py:2690} INFO - Sync 1 DAGs
[2024-06-04T23:41:00.632+0000] {logging_mixin.py:137} INFO - [2024-06-04T23:41:00.632+0000] {dag.py:3441} INFO - Setting next_dagrun for example_time_delta_sensor_async to None, run_after=None
[2024-06-04T23:41:00.644+0000] {processor.py:175} INFO - Processing /home/airflow/.local/lib/python3.7/site-packages/airflow/example_dags/example_time_delta_sensor_async.py took 0.059 seconds
[2024-06-04T23:41:31.319+0000] {processor.py:153} INFO - Started process (PID=866) to work on /home/airflow/.local/lib/python3.7/site-packages/airflow/example_dags/example_time_delta_sensor_async.py
[2024-06-04T23:41:31.320+0000] {processor.py:743} INFO - Processing file /home/airflow/.local/lib/python3.7/site-packages/airflow/example_dags/example_time_delta_sensor_async.py for tasks to queue
[2024-06-04T23:41:31.320+0000] {logging_mixin.py:137} INFO - [2024-06-04T23:41:31.320+0000] {dagbag.py:538} INFO - Filling up the DagBag from /home/airflow/.local/lib/python3.7/site-packages/airflow/example_dags/example_time_delta_sensor_async.py
[2024-06-04T23:41:31.329+0000] {processor.py:753} INFO - DAG(s) dict_keys(['example_time_delta_sensor_async']) retrieved from /home/airflow/.local/lib/python3.7/site-packages/airflow/example_dags/example_time_delta_sensor_async.py
[2024-06-04T23:41:31.346+0000] {logging_mixin.py:137} INFO - [2024-06-04T23:41:31.346+0000] {dag.py:2690} INFO - Sync 1 DAGs
[2024-06-04T23:41:31.362+0000] {logging_mixin.py:137} INFO - [2024-06-04T23:41:31.362+0000] {dag.py:3441} INFO - Setting next_dagrun for example_time_delta_sensor_async to None, run_after=None
[2024-06-04T23:41:31.374+0000] {processor.py:175} INFO - Processing /home/airflow/.local/lib/python3.7/site-packages/airflow/example_dags/example_time_delta_sensor_async.py took 0.057 seconds
[2024-06-04T23:42:01.969+0000] {processor.py:153} INFO - Started process (PID=977) to work on /home/airflow/.local/lib/python3.7/site-packages/airflow/example_dags/example_time_delta_sensor_async.py
[2024-06-04T23:42:01.969+0000] {processor.py:743} INFO - Processing file /home/airflow/.local/lib/python3.7/site-packages/airflow/example_dags/example_time_delta_sensor_async.py for tasks to queue
[2024-06-04T23:42:01.969+0000] {logging_mixin.py:137} INFO - [2024-06-04T23:42:01.969+0000] {dagbag.py:538} INFO - Filling up the DagBag from /home/airflow/.local/lib/python3.7/site-packages/airflow/example_dags/example_time_delta_sensor_async.py
[2024-06-04T23:42:01.978+0000] {processor.py:753} INFO - DAG(s) dict_keys(['example_time_delta_sensor_async']) retrieved from /home/airflow/.local/lib/python3.7/site-packages/airflow/example_dags/example_time_delta_sensor_async.py
[2024-06-04T23:42:01.995+0000] {logging_mixin.py:137} INFO - [2024-06-04T23:42:01.995+0000] {dag.py:2690} INFO - Sync 1 DAGs
[2024-06-04T23:42:02.011+0000] {logging_mixin.py:137} INFO - [2024-06-04T23:42:02.011+0000] {dag.py:3441} INFO - Setting next_dagrun for example_time_delta_sensor_async to None, run_after=None
[2024-06-04T23:42:02.023+0000] {processor.py:175} INFO - Processing /home/airflow/.local/lib/python3.7/site-packages/airflow/example_dags/example_time_delta_sensor_async.py took 0.057 seconds
[2024-06-04T23:42:33.017+0000] {processor.py:153} INFO - Started process (PID=1064) to work on /home/airflow/.local/lib/python3.7/site-packages/airflow/example_dags/example_time_delta_sensor_async.py
[2024-06-04T23:42:33.017+0000] {processor.py:743} INFO - Processing file /home/airflow/.local/lib/python3.7/site-packages/airflow/example_dags/example_time_delta_sensor_async.py for tasks to queue
[2024-06-04T23:42:33.018+0000] {logging_mixin.py:137} INFO - [2024-06-04T23:42:33.018+0000] {dagbag.py:538} INFO - Filling up the DagBag from /home/airflow/.local/lib/python3.7/site-packages/airflow/example_dags/example_time_delta_sensor_async.py
[2024-06-04T23:42:33.026+0000] {processor.py:753} INFO - DAG(s) dict_keys(['example_time_delta_sensor_async']) retrieved from /home/airflow/.local/lib/python3.7/site-packages/airflow/example_dags/example_time_delta_sensor_async.py
[2024-06-04T23:42:33.043+0000] {logging_mixin.py:137} INFO - [2024-06-04T23:42:33.043+0000] {dag.py:2690} INFO - Sync 1 DAGs
[2024-06-04T23:42:33.060+0000] {logging_mixin.py:137} INFO - [2024-06-04T23:42:33.060+0000] {dag.py:3441} INFO - Setting next_dagrun for example_time_delta_sensor_async to None, run_after=None
[2024-06-04T23:42:33.072+0000] {processor.py:175} INFO - Processing /home/airflow/.local/lib/python3.7/site-packages/airflow/example_dags/example_time_delta_sensor_async.py took 0.057 seconds
[2024-06-04T23:43:04.082+0000] {processor.py:153} INFO - Started process (PID=1175) to work on /home/airflow/.local/lib/python3.7/site-packages/airflow/example_dags/example_time_delta_sensor_async.py
[2024-06-04T23:43:04.083+0000] {processor.py:743} INFO - Processing file /home/airflow/.local/lib/python3.7/site-packages/airflow/example_dags/example_time_delta_sensor_async.py for tasks to queue
[2024-06-04T23:43:04.083+0000] {logging_mixin.py:137} INFO - [2024-06-04T23:43:04.083+0000] {dagbag.py:538} INFO - Filling up the DagBag from /home/airflow/.local/lib/python3.7/site-packages/airflow/example_dags/example_time_delta_sensor_async.py
[2024-06-04T23:43:04.091+0000] {processor.py:753} INFO - DAG(s) dict_keys(['example_time_delta_sensor_async']) retrieved from /home/airflow/.local/lib/python3.7/site-packages/airflow/example_dags/example_time_delta_sensor_async.py
[2024-06-04T23:43:04.109+0000] {logging_mixin.py:137} INFO - [2024-06-04T23:43:04.108+0000] {dag.py:2690} INFO - Sync 1 DAGs
[2024-06-04T23:43:04.125+0000] {logging_mixin.py:137} INFO - [2024-06-04T23:43:04.125+0000] {dag.py:3441} INFO - Setting next_dagrun for example_time_delta_sensor_async to None, run_after=None
[2024-06-04T23:43:04.137+0000] {processor.py:175} INFO - Processing /home/airflow/.local/lib/python3.7/site-packages/airflow/example_dags/example_time_delta_sensor_async.py took 0.056 seconds
[2024-06-04T23:43:34.862+0000] {processor.py:153} INFO - Started process (PID=1286) to work on /home/airflow/.local/lib/python3.7/site-packages/airflow/example_dags/example_time_delta_sensor_async.py
[2024-06-04T23:43:34.862+0000] {processor.py:743} INFO - Processing file /home/airflow/.local/lib/python3.7/site-packages/airflow/example_dags/example_time_delta_sensor_async.py for tasks to queue
[2024-06-04T23:43:34.862+0000] {logging_mixin.py:137} INFO - [2024-06-04T23:43:34.862+0000] {dagbag.py:538} INFO - Filling up the DagBag from /home/airflow/.local/lib/python3.7/site-packages/airflow/example_dags/example_time_delta_sensor_async.py
[2024-06-04T23:43:34.872+0000] {processor.py:753} INFO - DAG(s) dict_keys(['example_time_delta_sensor_async']) retrieved from /home/airflow/.local/lib/python3.7/site-packages/airflow/example_dags/example_time_delta_sensor_async.py
[2024-06-04T23:43:34.891+0000] {logging_mixin.py:137} INFO - [2024-06-04T23:43:34.891+0000] {dag.py:2690} INFO - Sync 1 DAGs
[2024-06-04T23:43:34.909+0000] {logging_mixin.py:137} INFO - [2024-06-04T23:43:34.909+0000] {dag.py:3441} INFO - Setting next_dagrun for example_time_delta_sensor_async to None, run_after=None
[2024-06-04T23:43:34.922+0000] {processor.py:175} INFO - Processing /home/airflow/.local/lib/python3.7/site-packages/airflow/example_dags/example_time_delta_sensor_async.py took 0.062 seconds
[2024-06-04T23:44:05.854+0000] {processor.py:153} INFO - Started process (PID=1472) to work on /home/airflow/.local/lib/python3.7/site-packages/airflow/example_dags/example_time_delta_sensor_async.py
[2024-06-04T23:44:05.856+0000] {processor.py:743} INFO - Processing file /home/airflow/.local/lib/python3.7/site-packages/airflow/example_dags/example_time_delta_sensor_async.py for tasks to queue
[2024-06-04T23:44:05.857+0000] {logging_mixin.py:137} INFO - [2024-06-04T23:44:05.857+0000] {dagbag.py:538} INFO - Filling up the DagBag from /home/airflow/.local/lib/python3.7/site-packages/airflow/example_dags/example_time_delta_sensor_async.py
[2024-06-04T23:44:05.875+0000] {processor.py:753} INFO - DAG(s) dict_keys(['example_time_delta_sensor_async']) retrieved from /home/airflow/.local/lib/python3.7/site-packages/airflow/example_dags/example_time_delta_sensor_async.py
[2024-06-04T23:44:05.909+0000] {logging_mixin.py:137} INFO - [2024-06-04T23:44:05.908+0000] {dag.py:2690} INFO - Sync 1 DAGs
[2024-06-04T23:44:05.946+0000] {logging_mixin.py:137} INFO - [2024-06-04T23:44:05.946+0000] {dag.py:3441} INFO - Setting next_dagrun for example_time_delta_sensor_async to None, run_after=None
[2024-06-04T23:44:05.971+0000] {processor.py:175} INFO - Processing /home/airflow/.local/lib/python3.7/site-packages/airflow/example_dags/example_time_delta_sensor_async.py took 0.125 seconds
[2024-06-04T23:44:36.166+0000] {processor.py:153} INFO - Started process (PID=1839) to work on /home/airflow/.local/lib/python3.7/site-packages/airflow/example_dags/example_time_delta_sensor_async.py
[2024-06-04T23:44:36.167+0000] {processor.py:743} INFO - Processing file /home/airflow/.local/lib/python3.7/site-packages/airflow/example_dags/example_time_delta_sensor_async.py for tasks to queue
[2024-06-04T23:44:36.167+0000] {logging_mixin.py:137} INFO - [2024-06-04T23:44:36.167+0000] {dagbag.py:538} INFO - Filling up the DagBag from /home/airflow/.local/lib/python3.7/site-packages/airflow/example_dags/example_time_delta_sensor_async.py
[2024-06-04T23:44:36.176+0000] {processor.py:753} INFO - DAG(s) dict_keys(['example_time_delta_sensor_async']) retrieved from /home/airflow/.local/lib/python3.7/site-packages/airflow/example_dags/example_time_delta_sensor_async.py
[2024-06-04T23:44:36.195+0000] {logging_mixin.py:137} INFO - [2024-06-04T23:44:36.194+0000] {dag.py:2690} INFO - Sync 1 DAGs
[2024-06-04T23:44:36.213+0000] {logging_mixin.py:137} INFO - [2024-06-04T23:44:36.212+0000] {dag.py:3441} INFO - Setting next_dagrun for example_time_delta_sensor_async to None, run_after=None
[2024-06-04T23:44:36.226+0000] {processor.py:175} INFO - Processing /home/airflow/.local/lib/python3.7/site-packages/airflow/example_dags/example_time_delta_sensor_async.py took 0.062 seconds
[2024-06-04T23:45:06.418+0000] {processor.py:153} INFO - Started process (PID=2157) to work on /home/airflow/.local/lib/python3.7/site-packages/airflow/example_dags/example_time_delta_sensor_async.py
[2024-06-04T23:45:06.418+0000] {processor.py:743} INFO - Processing file /home/airflow/.local/lib/python3.7/site-packages/airflow/example_dags/example_time_delta_sensor_async.py for tasks to queue
[2024-06-04T23:45:06.419+0000] {logging_mixin.py:137} INFO - [2024-06-04T23:45:06.419+0000] {dagbag.py:538} INFO - Filling up the DagBag from /home/airflow/.local/lib/python3.7/site-packages/airflow/example_dags/example_time_delta_sensor_async.py
[2024-06-04T23:45:06.427+0000] {processor.py:753} INFO - DAG(s) dict_keys(['example_time_delta_sensor_async']) retrieved from /home/airflow/.local/lib/python3.7/site-packages/airflow/example_dags/example_time_delta_sensor_async.py
[2024-06-04T23:45:06.446+0000] {logging_mixin.py:137} INFO - [2024-06-04T23:45:06.446+0000] {dag.py:2690} INFO - Sync 1 DAGs
[2024-06-04T23:45:06.466+0000] {logging_mixin.py:137} INFO - [2024-06-04T23:45:06.466+0000] {dag.py:3441} INFO - Setting next_dagrun for example_time_delta_sensor_async to None, run_after=None
[2024-06-04T23:45:06.481+0000] {processor.py:175} INFO - Processing /home/airflow/.local/lib/python3.7/site-packages/airflow/example_dags/example_time_delta_sensor_async.py took 0.065 seconds
[2024-06-04T23:45:37.130+0000] {processor.py:153} INFO - Started process (PID=2531) to work on /home/airflow/.local/lib/python3.7/site-packages/airflow/example_dags/example_time_delta_sensor_async.py
[2024-06-04T23:45:37.131+0000] {processor.py:743} INFO - Processing file /home/airflow/.local/lib/python3.7/site-packages/airflow/example_dags/example_time_delta_sensor_async.py for tasks to queue
[2024-06-04T23:45:37.132+0000] {logging_mixin.py:137} INFO - [2024-06-04T23:45:37.132+0000] {dagbag.py:538} INFO - Filling up the DagBag from /home/airflow/.local/lib/python3.7/site-packages/airflow/example_dags/example_time_delta_sensor_async.py
[2024-06-04T23:45:37.145+0000] {processor.py:753} INFO - DAG(s) dict_keys(['example_time_delta_sensor_async']) retrieved from /home/airflow/.local/lib/python3.7/site-packages/airflow/example_dags/example_time_delta_sensor_async.py
[2024-06-04T23:45:37.171+0000] {logging_mixin.py:137} INFO - [2024-06-04T23:45:37.171+0000] {dag.py:2690} INFO - Sync 1 DAGs
[2024-06-04T23:45:37.202+0000] {logging_mixin.py:137} INFO - [2024-06-04T23:45:37.202+0000] {dag.py:3441} INFO - Setting next_dagrun for example_time_delta_sensor_async to None, run_after=None
[2024-06-04T23:45:37.224+0000] {processor.py:175} INFO - Processing /home/airflow/.local/lib/python3.7/site-packages/airflow/example_dags/example_time_delta_sensor_async.py took 0.097 seconds
[2024-06-04T23:46:07.477+0000] {processor.py:153} INFO - Started process (PID=2856) to work on /home/airflow/.local/lib/python3.7/site-packages/airflow/example_dags/example_time_delta_sensor_async.py
[2024-06-04T23:46:07.478+0000] {processor.py:743} INFO - Processing file /home/airflow/.local/lib/python3.7/site-packages/airflow/example_dags/example_time_delta_sensor_async.py for tasks to queue
[2024-06-04T23:46:07.478+0000] {logging_mixin.py:137} INFO - [2024-06-04T23:46:07.478+0000] {dagbag.py:538} INFO - Filling up the DagBag from /home/airflow/.local/lib/python3.7/site-packages/airflow/example_dags/example_time_delta_sensor_async.py
[2024-06-04T23:46:07.495+0000] {processor.py:753} INFO - DAG(s) dict_keys(['example_time_delta_sensor_async']) retrieved from /home/airflow/.local/lib/python3.7/site-packages/airflow/example_dags/example_time_delta_sensor_async.py
[2024-06-04T23:46:07.531+0000] {logging_mixin.py:137} INFO - [2024-06-04T23:46:07.530+0000] {dag.py:2690} INFO - Sync 1 DAGs
[2024-06-04T23:46:07.575+0000] {logging_mixin.py:137} INFO - [2024-06-04T23:46:07.574+0000] {dag.py:3441} INFO - Setting next_dagrun for example_time_delta_sensor_async to None, run_after=None
[2024-06-04T23:46:07.604+0000] {processor.py:175} INFO - Processing /home/airflow/.local/lib/python3.7/site-packages/airflow/example_dags/example_time_delta_sensor_async.py took 0.131 seconds
[2024-06-04T23:46:37.982+0000] {processor.py:153} INFO - Started process (PID=3221) to work on /home/airflow/.local/lib/python3.7/site-packages/airflow/example_dags/example_time_delta_sensor_async.py
[2024-06-04T23:46:37.983+0000] {processor.py:743} INFO - Processing file /home/airflow/.local/lib/python3.7/site-packages/airflow/example_dags/example_time_delta_sensor_async.py for tasks to queue
[2024-06-04T23:46:37.984+0000] {logging_mixin.py:137} INFO - [2024-06-04T23:46:37.984+0000] {dagbag.py:538} INFO - Filling up the DagBag from /home/airflow/.local/lib/python3.7/site-packages/airflow/example_dags/example_time_delta_sensor_async.py
[2024-06-04T23:46:38.001+0000] {processor.py:753} INFO - DAG(s) dict_keys(['example_time_delta_sensor_async']) retrieved from /home/airflow/.local/lib/python3.7/site-packages/airflow/example_dags/example_time_delta_sensor_async.py
[2024-06-04T23:46:38.038+0000] {logging_mixin.py:137} INFO - [2024-06-04T23:46:38.038+0000] {dag.py:2690} INFO - Sync 1 DAGs
[2024-06-04T23:46:38.076+0000] {logging_mixin.py:137} INFO - [2024-06-04T23:46:38.075+0000] {dag.py:3441} INFO - Setting next_dagrun for example_time_delta_sensor_async to None, run_after=None
[2024-06-04T23:46:38.106+0000] {processor.py:175} INFO - Processing /home/airflow/.local/lib/python3.7/site-packages/airflow/example_dags/example_time_delta_sensor_async.py took 0.129 seconds
[2024-06-04T23:47:08.188+0000] {processor.py:153} INFO - Started process (PID=3550) to work on /home/airflow/.local/lib/python3.7/site-packages/airflow/example_dags/example_time_delta_sensor_async.py
[2024-06-04T23:47:08.189+0000] {processor.py:743} INFO - Processing file /home/airflow/.local/lib/python3.7/site-packages/airflow/example_dags/example_time_delta_sensor_async.py for tasks to queue
[2024-06-04T23:47:08.190+0000] {logging_mixin.py:137} INFO - [2024-06-04T23:47:08.190+0000] {dagbag.py:538} INFO - Filling up the DagBag from /home/airflow/.local/lib/python3.7/site-packages/airflow/example_dags/example_time_delta_sensor_async.py
[2024-06-04T23:47:08.211+0000] {processor.py:753} INFO - DAG(s) dict_keys(['example_time_delta_sensor_async']) retrieved from /home/airflow/.local/lib/python3.7/site-packages/airflow/example_dags/example_time_delta_sensor_async.py
[2024-06-04T23:47:08.244+0000] {logging_mixin.py:137} INFO - [2024-06-04T23:47:08.244+0000] {dag.py:2690} INFO - Sync 1 DAGs
[2024-06-04T23:47:08.284+0000] {logging_mixin.py:137} INFO - [2024-06-04T23:47:08.284+0000] {dag.py:3441} INFO - Setting next_dagrun for example_time_delta_sensor_async to None, run_after=None
[2024-06-04T23:47:08.308+0000] {processor.py:175} INFO - Processing /home/airflow/.local/lib/python3.7/site-packages/airflow/example_dags/example_time_delta_sensor_async.py took 0.128 seconds
[2024-06-04T23:47:39.027+0000] {processor.py:153} INFO - Started process (PID=3896) to work on /home/airflow/.local/lib/python3.7/site-packages/airflow/example_dags/example_time_delta_sensor_async.py
[2024-06-04T23:47:39.027+0000] {processor.py:743} INFO - Processing file /home/airflow/.local/lib/python3.7/site-packages/airflow/example_dags/example_time_delta_sensor_async.py for tasks to queue
[2024-06-04T23:47:39.028+0000] {logging_mixin.py:137} INFO - [2024-06-04T23:47:39.028+0000] {dagbag.py:538} INFO - Filling up the DagBag from /home/airflow/.local/lib/python3.7/site-packages/airflow/example_dags/example_time_delta_sensor_async.py
[2024-06-04T23:47:39.037+0000] {processor.py:753} INFO - DAG(s) dict_keys(['example_time_delta_sensor_async']) retrieved from /home/airflow/.local/lib/python3.7/site-packages/airflow/example_dags/example_time_delta_sensor_async.py
[2024-06-04T23:47:39.056+0000] {logging_mixin.py:137} INFO - [2024-06-04T23:47:39.056+0000] {dag.py:2690} INFO - Sync 1 DAGs
[2024-06-04T23:47:39.074+0000] {logging_mixin.py:137} INFO - [2024-06-04T23:47:39.073+0000] {dag.py:3441} INFO - Setting next_dagrun for example_time_delta_sensor_async to None, run_after=None
[2024-06-04T23:47:39.087+0000] {processor.py:175} INFO - Processing /home/airflow/.local/lib/python3.7/site-packages/airflow/example_dags/example_time_delta_sensor_async.py took 0.062 seconds
[2024-06-04T23:48:09.712+0000] {processor.py:153} INFO - Started process (PID=4265) to work on /home/airflow/.local/lib/python3.7/site-packages/airflow/example_dags/example_time_delta_sensor_async.py
[2024-06-04T23:48:09.713+0000] {processor.py:743} INFO - Processing file /home/airflow/.local/lib/python3.7/site-packages/airflow/example_dags/example_time_delta_sensor_async.py for tasks to queue
[2024-06-04T23:48:09.713+0000] {logging_mixin.py:137} INFO - [2024-06-04T23:48:09.713+0000] {dagbag.py:538} INFO - Filling up the DagBag from /home/airflow/.local/lib/python3.7/site-packages/airflow/example_dags/example_time_delta_sensor_async.py
[2024-06-04T23:48:09.727+0000] {processor.py:753} INFO - DAG(s) dict_keys(['example_time_delta_sensor_async']) retrieved from /home/airflow/.local/lib/python3.7/site-packages/airflow/example_dags/example_time_delta_sensor_async.py
[2024-06-04T23:48:09.758+0000] {logging_mixin.py:137} INFO - [2024-06-04T23:48:09.758+0000] {dag.py:2690} INFO - Sync 1 DAGs
[2024-06-04T23:48:09.792+0000] {logging_mixin.py:137} INFO - [2024-06-04T23:48:09.792+0000] {dag.py:3441} INFO - Setting next_dagrun for example_time_delta_sensor_async to None, run_after=None
[2024-06-04T23:48:09.817+0000] {processor.py:175} INFO - Processing /home/airflow/.local/lib/python3.7/site-packages/airflow/example_dags/example_time_delta_sensor_async.py took 0.109 seconds
[2024-06-04T23:48:40.132+0000] {processor.py:153} INFO - Started process (PID=4627) to work on /home/airflow/.local/lib/python3.7/site-packages/airflow/example_dags/example_time_delta_sensor_async.py
[2024-06-04T23:48:40.133+0000] {processor.py:743} INFO - Processing file /home/airflow/.local/lib/python3.7/site-packages/airflow/example_dags/example_time_delta_sensor_async.py for tasks to queue
[2024-06-04T23:48:40.133+0000] {logging_mixin.py:137} INFO - [2024-06-04T23:48:40.133+0000] {dagbag.py:538} INFO - Filling up the DagBag from /home/airflow/.local/lib/python3.7/site-packages/airflow/example_dags/example_time_delta_sensor_async.py
[2024-06-04T23:48:40.141+0000] {processor.py:753} INFO - DAG(s) dict_keys(['example_time_delta_sensor_async']) retrieved from /home/airflow/.local/lib/python3.7/site-packages/airflow/example_dags/example_time_delta_sensor_async.py
[2024-06-04T23:48:40.160+0000] {logging_mixin.py:137} INFO - [2024-06-04T23:48:40.159+0000] {dag.py:2690} INFO - Sync 1 DAGs
[2024-06-04T23:48:40.178+0000] {logging_mixin.py:137} INFO - [2024-06-04T23:48:40.178+0000] {dag.py:3441} INFO - Setting next_dagrun for example_time_delta_sensor_async to None, run_after=None
[2024-06-04T23:48:40.190+0000] {processor.py:175} INFO - Processing /home/airflow/.local/lib/python3.7/site-packages/airflow/example_dags/example_time_delta_sensor_async.py took 0.060 seconds
[2024-06-04T23:49:10.492+0000] {processor.py:153} INFO - Started process (PID=5028) to work on /home/airflow/.local/lib/python3.7/site-packages/airflow/example_dags/example_time_delta_sensor_async.py
[2024-06-04T23:49:10.493+0000] {processor.py:743} INFO - Processing file /home/airflow/.local/lib/python3.7/site-packages/airflow/example_dags/example_time_delta_sensor_async.py for tasks to queue
[2024-06-04T23:49:10.494+0000] {logging_mixin.py:137} INFO - [2024-06-04T23:49:10.493+0000] {dagbag.py:538} INFO - Filling up the DagBag from /home/airflow/.local/lib/python3.7/site-packages/airflow/example_dags/example_time_delta_sensor_async.py
[2024-06-04T23:49:10.507+0000] {processor.py:753} INFO - DAG(s) dict_keys(['example_time_delta_sensor_async']) retrieved from /home/airflow/.local/lib/python3.7/site-packages/airflow/example_dags/example_time_delta_sensor_async.py
[2024-06-04T23:49:10.539+0000] {logging_mixin.py:137} INFO - [2024-06-04T23:49:10.539+0000] {dag.py:2690} INFO - Sync 1 DAGs
[2024-06-04T23:49:10.573+0000] {logging_mixin.py:137} INFO - [2024-06-04T23:49:10.572+0000] {dag.py:3441} INFO - Setting next_dagrun for example_time_delta_sensor_async to None, run_after=None
[2024-06-04T23:49:10.595+0000] {processor.py:175} INFO - Processing /home/airflow/.local/lib/python3.7/site-packages/airflow/example_dags/example_time_delta_sensor_async.py took 0.108 seconds
[2024-06-04T23:49:41.474+0000] {processor.py:153} INFO - Started process (PID=5406) to work on /home/airflow/.local/lib/python3.7/site-packages/airflow/example_dags/example_time_delta_sensor_async.py
[2024-06-04T23:49:41.475+0000] {processor.py:743} INFO - Processing file /home/airflow/.local/lib/python3.7/site-packages/airflow/example_dags/example_time_delta_sensor_async.py for tasks to queue
[2024-06-04T23:49:41.476+0000] {logging_mixin.py:137} INFO - [2024-06-04T23:49:41.476+0000] {dagbag.py:538} INFO - Filling up the DagBag from /home/airflow/.local/lib/python3.7/site-packages/airflow/example_dags/example_time_delta_sensor_async.py
[2024-06-04T23:49:41.489+0000] {processor.py:753} INFO - DAG(s) dict_keys(['example_time_delta_sensor_async']) retrieved from /home/airflow/.local/lib/python3.7/site-packages/airflow/example_dags/example_time_delta_sensor_async.py
[2024-06-04T23:49:41.520+0000] {logging_mixin.py:137} INFO - [2024-06-04T23:49:41.519+0000] {dag.py:2690} INFO - Sync 1 DAGs
[2024-06-04T23:49:41.545+0000] {logging_mixin.py:137} INFO - [2024-06-04T23:49:41.545+0000] {dag.py:3441} INFO - Setting next_dagrun for example_time_delta_sensor_async to None, run_after=None
[2024-06-04T23:49:41.564+0000] {processor.py:175} INFO - Processing /home/airflow/.local/lib/python3.7/site-packages/airflow/example_dags/example_time_delta_sensor_async.py took 0.093 seconds
[2024-06-04T23:50:11.824+0000] {processor.py:153} INFO - Started process (PID=5757) to work on /home/airflow/.local/lib/python3.7/site-packages/airflow/example_dags/example_time_delta_sensor_async.py
[2024-06-04T23:50:11.825+0000] {processor.py:743} INFO - Processing file /home/airflow/.local/lib/python3.7/site-packages/airflow/example_dags/example_time_delta_sensor_async.py for tasks to queue
[2024-06-04T23:50:11.825+0000] {logging_mixin.py:137} INFO - [2024-06-04T23:50:11.825+0000] {dagbag.py:538} INFO - Filling up the DagBag from /home/airflow/.local/lib/python3.7/site-packages/airflow/example_dags/example_time_delta_sensor_async.py
[2024-06-04T23:50:11.841+0000] {processor.py:753} INFO - DAG(s) dict_keys(['example_time_delta_sensor_async']) retrieved from /home/airflow/.local/lib/python3.7/site-packages/airflow/example_dags/example_time_delta_sensor_async.py
[2024-06-04T23:50:11.874+0000] {logging_mixin.py:137} INFO - [2024-06-04T23:50:11.874+0000] {dag.py:2690} INFO - Sync 1 DAGs
[2024-06-04T23:50:11.910+0000] {logging_mixin.py:137} INFO - [2024-06-04T23:50:11.909+0000] {dag.py:3441} INFO - Setting next_dagrun for example_time_delta_sensor_async to None, run_after=None
[2024-06-04T23:50:11.935+0000] {processor.py:175} INFO - Processing /home/airflow/.local/lib/python3.7/site-packages/airflow/example_dags/example_time_delta_sensor_async.py took 0.115 seconds
[2024-06-04T23:50:42.055+0000] {processor.py:153} INFO - Started process (PID=6150) to work on /home/airflow/.local/lib/python3.7/site-packages/airflow/example_dags/example_time_delta_sensor_async.py
[2024-06-04T23:50:42.055+0000] {processor.py:743} INFO - Processing file /home/airflow/.local/lib/python3.7/site-packages/airflow/example_dags/example_time_delta_sensor_async.py for tasks to queue
[2024-06-04T23:50:42.056+0000] {logging_mixin.py:137} INFO - [2024-06-04T23:50:42.056+0000] {dagbag.py:538} INFO - Filling up the DagBag from /home/airflow/.local/lib/python3.7/site-packages/airflow/example_dags/example_time_delta_sensor_async.py
[2024-06-04T23:50:42.065+0000] {processor.py:753} INFO - DAG(s) dict_keys(['example_time_delta_sensor_async']) retrieved from /home/airflow/.local/lib/python3.7/site-packages/airflow/example_dags/example_time_delta_sensor_async.py
[2024-06-04T23:50:42.086+0000] {logging_mixin.py:137} INFO - [2024-06-04T23:50:42.085+0000] {dag.py:2690} INFO - Sync 1 DAGs
[2024-06-04T23:50:42.105+0000] {logging_mixin.py:137} INFO - [2024-06-04T23:50:42.105+0000] {dag.py:3441} INFO - Setting next_dagrun for example_time_delta_sensor_async to None, run_after=None
[2024-06-04T23:50:42.119+0000] {processor.py:175} INFO - Processing /home/airflow/.local/lib/python3.7/site-packages/airflow/example_dags/example_time_delta_sensor_async.py took 0.067 seconds
[2024-06-04T23:51:12.721+0000] {processor.py:153} INFO - Started process (PID=6496) to work on /home/airflow/.local/lib/python3.7/site-packages/airflow/example_dags/example_time_delta_sensor_async.py
[2024-06-04T23:51:12.722+0000] {processor.py:743} INFO - Processing file /home/airflow/.local/lib/python3.7/site-packages/airflow/example_dags/example_time_delta_sensor_async.py for tasks to queue
[2024-06-04T23:51:12.723+0000] {logging_mixin.py:137} INFO - [2024-06-04T23:51:12.723+0000] {dagbag.py:538} INFO - Filling up the DagBag from /home/airflow/.local/lib/python3.7/site-packages/airflow/example_dags/example_time_delta_sensor_async.py
[2024-06-04T23:51:12.737+0000] {processor.py:753} INFO - DAG(s) dict_keys(['example_time_delta_sensor_async']) retrieved from /home/airflow/.local/lib/python3.7/site-packages/airflow/example_dags/example_time_delta_sensor_async.py
[2024-06-04T23:51:12.763+0000] {logging_mixin.py:137} INFO - [2024-06-04T23:51:12.762+0000] {dag.py:2690} INFO - Sync 1 DAGs
[2024-06-04T23:51:12.799+0000] {logging_mixin.py:137} INFO - [2024-06-04T23:51:12.799+0000] {dag.py:3441} INFO - Setting next_dagrun for example_time_delta_sensor_async to None, run_after=None
[2024-06-04T23:51:12.828+0000] {processor.py:175} INFO - Processing /home/airflow/.local/lib/python3.7/site-packages/airflow/example_dags/example_time_delta_sensor_async.py took 0.109 seconds
[2024-06-04T23:51:42.949+0000] {processor.py:153} INFO - Started process (PID=6841) to work on /home/airflow/.local/lib/python3.7/site-packages/airflow/example_dags/example_time_delta_sensor_async.py
[2024-06-04T23:51:42.950+0000] {processor.py:743} INFO - Processing file /home/airflow/.local/lib/python3.7/site-packages/airflow/example_dags/example_time_delta_sensor_async.py for tasks to queue
[2024-06-04T23:51:42.950+0000] {logging_mixin.py:137} INFO - [2024-06-04T23:51:42.950+0000] {dagbag.py:538} INFO - Filling up the DagBag from /home/airflow/.local/lib/python3.7/site-packages/airflow/example_dags/example_time_delta_sensor_async.py
[2024-06-04T23:51:42.962+0000] {processor.py:753} INFO - DAG(s) dict_keys(['example_time_delta_sensor_async']) retrieved from /home/airflow/.local/lib/python3.7/site-packages/airflow/example_dags/example_time_delta_sensor_async.py
[2024-06-04T23:51:42.985+0000] {logging_mixin.py:137} INFO - [2024-06-04T23:51:42.985+0000] {dag.py:2690} INFO - Sync 1 DAGs
[2024-06-04T23:51:43.010+0000] {logging_mixin.py:137} INFO - [2024-06-04T23:51:43.010+0000] {dag.py:3441} INFO - Setting next_dagrun for example_time_delta_sensor_async to None, run_after=None
[2024-06-04T23:51:43.023+0000] {processor.py:175} INFO - Processing /home/airflow/.local/lib/python3.7/site-packages/airflow/example_dags/example_time_delta_sensor_async.py took 0.077 seconds
[2024-06-04T23:52:13.288+0000] {processor.py:153} INFO - Started process (PID=7169) to work on /home/airflow/.local/lib/python3.7/site-packages/airflow/example_dags/example_time_delta_sensor_async.py
[2024-06-04T23:52:13.293+0000] {processor.py:743} INFO - Processing file /home/airflow/.local/lib/python3.7/site-packages/airflow/example_dags/example_time_delta_sensor_async.py for tasks to queue
[2024-06-04T23:52:13.294+0000] {logging_mixin.py:137} INFO - [2024-06-04T23:52:13.294+0000] {dagbag.py:538} INFO - Filling up the DagBag from /home/airflow/.local/lib/python3.7/site-packages/airflow/example_dags/example_time_delta_sensor_async.py
[2024-06-04T23:52:13.310+0000] {processor.py:753} INFO - DAG(s) dict_keys(['example_time_delta_sensor_async']) retrieved from /home/airflow/.local/lib/python3.7/site-packages/airflow/example_dags/example_time_delta_sensor_async.py
[2024-06-04T23:52:13.342+0000] {logging_mixin.py:137} INFO - [2024-06-04T23:52:13.342+0000] {dag.py:2690} INFO - Sync 1 DAGs
[2024-06-04T23:52:13.375+0000] {logging_mixin.py:137} INFO - [2024-06-04T23:52:13.375+0000] {dag.py:3441} INFO - Setting next_dagrun for example_time_delta_sensor_async to None, run_after=None
[2024-06-04T23:52:13.396+0000] {processor.py:175} INFO - Processing /home/airflow/.local/lib/python3.7/site-packages/airflow/example_dags/example_time_delta_sensor_async.py took 0.111 seconds
[2024-06-04T23:52:43.545+0000] {processor.py:153} INFO - Started process (PID=7516) to work on /home/airflow/.local/lib/python3.7/site-packages/airflow/example_dags/example_time_delta_sensor_async.py
[2024-06-04T23:52:43.546+0000] {processor.py:743} INFO - Processing file /home/airflow/.local/lib/python3.7/site-packages/airflow/example_dags/example_time_delta_sensor_async.py for tasks to queue
[2024-06-04T23:52:43.547+0000] {logging_mixin.py:137} INFO - [2024-06-04T23:52:43.547+0000] {dagbag.py:538} INFO - Filling up the DagBag from /home/airflow/.local/lib/python3.7/site-packages/airflow/example_dags/example_time_delta_sensor_async.py
[2024-06-04T23:52:43.563+0000] {processor.py:753} INFO - DAG(s) dict_keys(['example_time_delta_sensor_async']) retrieved from /home/airflow/.local/lib/python3.7/site-packages/airflow/example_dags/example_time_delta_sensor_async.py
[2024-06-04T23:52:43.595+0000] {logging_mixin.py:137} INFO - [2024-06-04T23:52:43.594+0000] {dag.py:2690} INFO - Sync 1 DAGs
[2024-06-04T23:52:43.623+0000] {logging_mixin.py:137} INFO - [2024-06-04T23:52:43.623+0000] {dag.py:3441} INFO - Setting next_dagrun for example_time_delta_sensor_async to None, run_after=None
[2024-06-04T23:52:43.640+0000] {processor.py:175} INFO - Processing /home/airflow/.local/lib/python3.7/site-packages/airflow/example_dags/example_time_delta_sensor_async.py took 0.099 seconds
[2024-06-04T23:53:13.976+0000] {processor.py:153} INFO - Started process (PID=7876) to work on /home/airflow/.local/lib/python3.7/site-packages/airflow/example_dags/example_time_delta_sensor_async.py
[2024-06-04T23:53:13.977+0000] {processor.py:743} INFO - Processing file /home/airflow/.local/lib/python3.7/site-packages/airflow/example_dags/example_time_delta_sensor_async.py for tasks to queue
[2024-06-04T23:53:13.978+0000] {logging_mixin.py:137} INFO - [2024-06-04T23:53:13.978+0000] {dagbag.py:538} INFO - Filling up the DagBag from /home/airflow/.local/lib/python3.7/site-packages/airflow/example_dags/example_time_delta_sensor_async.py
[2024-06-04T23:53:14.000+0000] {processor.py:753} INFO - DAG(s) dict_keys(['example_time_delta_sensor_async']) retrieved from /home/airflow/.local/lib/python3.7/site-packages/airflow/example_dags/example_time_delta_sensor_async.py
[2024-06-04T23:53:14.038+0000] {logging_mixin.py:137} INFO - [2024-06-04T23:53:14.038+0000] {dag.py:2690} INFO - Sync 1 DAGs
[2024-06-04T23:53:14.079+0000] {logging_mixin.py:137} INFO - [2024-06-04T23:53:14.079+0000] {dag.py:3441} INFO - Setting next_dagrun for example_time_delta_sensor_async to None, run_after=None
[2024-06-04T23:53:14.105+0000] {processor.py:175} INFO - Processing /home/airflow/.local/lib/python3.7/site-packages/airflow/example_dags/example_time_delta_sensor_async.py took 0.133 seconds
[2024-06-04T23:53:44.574+0000] {processor.py:153} INFO - Started process (PID=8209) to work on /home/airflow/.local/lib/python3.7/site-packages/airflow/example_dags/example_time_delta_sensor_async.py
[2024-06-04T23:53:44.576+0000] {processor.py:743} INFO - Processing file /home/airflow/.local/lib/python3.7/site-packages/airflow/example_dags/example_time_delta_sensor_async.py for tasks to queue
[2024-06-04T23:53:44.576+0000] {logging_mixin.py:137} INFO - [2024-06-04T23:53:44.576+0000] {dagbag.py:538} INFO - Filling up the DagBag from /home/airflow/.local/lib/python3.7/site-packages/airflow/example_dags/example_time_delta_sensor_async.py
[2024-06-04T23:53:44.591+0000] {processor.py:753} INFO - DAG(s) dict_keys(['example_time_delta_sensor_async']) retrieved from /home/airflow/.local/lib/python3.7/site-packages/airflow/example_dags/example_time_delta_sensor_async.py
[2024-06-04T23:53:44.618+0000] {logging_mixin.py:137} INFO - [2024-06-04T23:53:44.618+0000] {dag.py:2690} INFO - Sync 1 DAGs
[2024-06-04T23:53:44.648+0000] {logging_mixin.py:137} INFO - [2024-06-04T23:53:44.647+0000] {dag.py:3441} INFO - Setting next_dagrun for example_time_delta_sensor_async to None, run_after=None
[2024-06-04T23:53:44.670+0000] {processor.py:175} INFO - Processing /home/airflow/.local/lib/python3.7/site-packages/airflow/example_dags/example_time_delta_sensor_async.py took 0.099 seconds
[2024-06-04T23:54:15.163+0000] {processor.py:153} INFO - Started process (PID=8513) to work on /home/airflow/.local/lib/python3.7/site-packages/airflow/example_dags/example_time_delta_sensor_async.py
[2024-06-04T23:54:15.164+0000] {processor.py:743} INFO - Processing file /home/airflow/.local/lib/python3.7/site-packages/airflow/example_dags/example_time_delta_sensor_async.py for tasks to queue
[2024-06-04T23:54:15.165+0000] {logging_mixin.py:137} INFO - [2024-06-04T23:54:15.165+0000] {dagbag.py:538} INFO - Filling up the DagBag from /home/airflow/.local/lib/python3.7/site-packages/airflow/example_dags/example_time_delta_sensor_async.py
[2024-06-04T23:54:15.179+0000] {processor.py:753} INFO - DAG(s) dict_keys(['example_time_delta_sensor_async']) retrieved from /home/airflow/.local/lib/python3.7/site-packages/airflow/example_dags/example_time_delta_sensor_async.py
[2024-06-04T23:54:15.204+0000] {logging_mixin.py:137} INFO - [2024-06-04T23:54:15.204+0000] {dag.py:2690} INFO - Sync 1 DAGs
[2024-06-04T23:54:15.233+0000] {logging_mixin.py:137} INFO - [2024-06-04T23:54:15.232+0000] {dag.py:3441} INFO - Setting next_dagrun for example_time_delta_sensor_async to None, run_after=None
[2024-06-04T23:54:15.253+0000] {processor.py:175} INFO - Processing /home/airflow/.local/lib/python3.7/site-packages/airflow/example_dags/example_time_delta_sensor_async.py took 0.093 seconds
[2024-06-04T23:54:45.495+0000] {processor.py:153} INFO - Started process (PID=8661) to work on /home/airflow/.local/lib/python3.7/site-packages/airflow/example_dags/example_time_delta_sensor_async.py
[2024-06-04T23:54:45.496+0000] {processor.py:743} INFO - Processing file /home/airflow/.local/lib/python3.7/site-packages/airflow/example_dags/example_time_delta_sensor_async.py for tasks to queue
[2024-06-04T23:54:45.496+0000] {logging_mixin.py:137} INFO - [2024-06-04T23:54:45.496+0000] {dagbag.py:538} INFO - Filling up the DagBag from /home/airflow/.local/lib/python3.7/site-packages/airflow/example_dags/example_time_delta_sensor_async.py
[2024-06-04T23:54:45.505+0000] {processor.py:753} INFO - DAG(s) dict_keys(['example_time_delta_sensor_async']) retrieved from /home/airflow/.local/lib/python3.7/site-packages/airflow/example_dags/example_time_delta_sensor_async.py
[2024-06-04T23:54:45.524+0000] {logging_mixin.py:137} INFO - [2024-06-04T23:54:45.524+0000] {dag.py:2690} INFO - Sync 1 DAGs
[2024-06-04T23:54:45.543+0000] {logging_mixin.py:137} INFO - [2024-06-04T23:54:45.543+0000] {dag.py:3441} INFO - Setting next_dagrun for example_time_delta_sensor_async to None, run_after=None
[2024-06-04T23:54:45.555+0000] {processor.py:175} INFO - Processing /home/airflow/.local/lib/python3.7/site-packages/airflow/example_dags/example_time_delta_sensor_async.py took 0.063 seconds
[2024-06-04T23:55:15.633+0000] {processor.py:153} INFO - Started process (PID=8762) to work on /home/airflow/.local/lib/python3.7/site-packages/airflow/example_dags/example_time_delta_sensor_async.py
[2024-06-04T23:55:15.633+0000] {processor.py:743} INFO - Processing file /home/airflow/.local/lib/python3.7/site-packages/airflow/example_dags/example_time_delta_sensor_async.py for tasks to queue
[2024-06-04T23:55:15.634+0000] {logging_mixin.py:137} INFO - [2024-06-04T23:55:15.634+0000] {dagbag.py:538} INFO - Filling up the DagBag from /home/airflow/.local/lib/python3.7/site-packages/airflow/example_dags/example_time_delta_sensor_async.py
[2024-06-04T23:55:15.642+0000] {processor.py:753} INFO - DAG(s) dict_keys(['example_time_delta_sensor_async']) retrieved from /home/airflow/.local/lib/python3.7/site-packages/airflow/example_dags/example_time_delta_sensor_async.py
[2024-06-04T23:55:15.661+0000] {logging_mixin.py:137} INFO - [2024-06-04T23:55:15.661+0000] {dag.py:2690} INFO - Sync 1 DAGs
[2024-06-04T23:55:15.679+0000] {logging_mixin.py:137} INFO - [2024-06-04T23:55:15.679+0000] {dag.py:3441} INFO - Setting next_dagrun for example_time_delta_sensor_async to None, run_after=None
[2024-06-04T23:55:15.698+0000] {processor.py:175} INFO - Processing /home/airflow/.local/lib/python3.7/site-packages/airflow/example_dags/example_time_delta_sensor_async.py took 0.068 seconds
[2024-06-04T23:55:46.630+0000] {processor.py:153} INFO - Started process (PID=8864) to work on /home/airflow/.local/lib/python3.7/site-packages/airflow/example_dags/example_time_delta_sensor_async.py
[2024-06-04T23:55:46.631+0000] {processor.py:743} INFO - Processing file /home/airflow/.local/lib/python3.7/site-packages/airflow/example_dags/example_time_delta_sensor_async.py for tasks to queue
[2024-06-04T23:55:46.631+0000] {logging_mixin.py:137} INFO - [2024-06-04T23:55:46.631+0000] {dagbag.py:538} INFO - Filling up the DagBag from /home/airflow/.local/lib/python3.7/site-packages/airflow/example_dags/example_time_delta_sensor_async.py
[2024-06-04T23:55:46.640+0000] {processor.py:753} INFO - DAG(s) dict_keys(['example_time_delta_sensor_async']) retrieved from /home/airflow/.local/lib/python3.7/site-packages/airflow/example_dags/example_time_delta_sensor_async.py
[2024-06-04T23:55:46.658+0000] {logging_mixin.py:137} INFO - [2024-06-04T23:55:46.658+0000] {dag.py:2690} INFO - Sync 1 DAGs
[2024-06-04T23:55:46.675+0000] {logging_mixin.py:137} INFO - [2024-06-04T23:55:46.675+0000] {dag.py:3441} INFO - Setting next_dagrun for example_time_delta_sensor_async to None, run_after=None
[2024-06-04T23:55:46.687+0000] {processor.py:175} INFO - Processing /home/airflow/.local/lib/python3.7/site-packages/airflow/example_dags/example_time_delta_sensor_async.py took 0.059 seconds
[2024-06-04T23:56:17.397+0000] {processor.py:153} INFO - Started process (PID=8983) to work on /home/airflow/.local/lib/python3.7/site-packages/airflow/example_dags/example_time_delta_sensor_async.py
[2024-06-04T23:56:17.398+0000] {processor.py:743} INFO - Processing file /home/airflow/.local/lib/python3.7/site-packages/airflow/example_dags/example_time_delta_sensor_async.py for tasks to queue
[2024-06-04T23:56:17.398+0000] {logging_mixin.py:137} INFO - [2024-06-04T23:56:17.398+0000] {dagbag.py:538} INFO - Filling up the DagBag from /home/airflow/.local/lib/python3.7/site-packages/airflow/example_dags/example_time_delta_sensor_async.py
[2024-06-04T23:56:17.407+0000] {processor.py:753} INFO - DAG(s) dict_keys(['example_time_delta_sensor_async']) retrieved from /home/airflow/.local/lib/python3.7/site-packages/airflow/example_dags/example_time_delta_sensor_async.py
[2024-06-04T23:56:17.425+0000] {logging_mixin.py:137} INFO - [2024-06-04T23:56:17.425+0000] {dag.py:2690} INFO - Sync 1 DAGs
[2024-06-04T23:56:17.443+0000] {logging_mixin.py:137} INFO - [2024-06-04T23:56:17.443+0000] {dag.py:3441} INFO - Setting next_dagrun for example_time_delta_sensor_async to None, run_after=None
[2024-06-04T23:56:17.458+0000] {processor.py:175} INFO - Processing /home/airflow/.local/lib/python3.7/site-packages/airflow/example_dags/example_time_delta_sensor_async.py took 0.063 seconds
[2024-06-04T23:56:47.659+0000] {processor.py:153} INFO - Started process (PID=9087) to work on /home/airflow/.local/lib/python3.7/site-packages/airflow/example_dags/example_time_delta_sensor_async.py
[2024-06-04T23:56:47.660+0000] {processor.py:743} INFO - Processing file /home/airflow/.local/lib/python3.7/site-packages/airflow/example_dags/example_time_delta_sensor_async.py for tasks to queue
[2024-06-04T23:56:47.660+0000] {logging_mixin.py:137} INFO - [2024-06-04T23:56:47.660+0000] {dagbag.py:538} INFO - Filling up the DagBag from /home/airflow/.local/lib/python3.7/site-packages/airflow/example_dags/example_time_delta_sensor_async.py
[2024-06-04T23:56:47.669+0000] {processor.py:753} INFO - DAG(s) dict_keys(['example_time_delta_sensor_async']) retrieved from /home/airflow/.local/lib/python3.7/site-packages/airflow/example_dags/example_time_delta_sensor_async.py
[2024-06-04T23:56:47.687+0000] {logging_mixin.py:137} INFO - [2024-06-04T23:56:47.687+0000] {dag.py:2690} INFO - Sync 1 DAGs
[2024-06-04T23:56:47.704+0000] {logging_mixin.py:137} INFO - [2024-06-04T23:56:47.704+0000] {dag.py:3441} INFO - Setting next_dagrun for example_time_delta_sensor_async to None, run_after=None
[2024-06-04T23:56:47.716+0000] {processor.py:175} INFO - Processing /home/airflow/.local/lib/python3.7/site-packages/airflow/example_dags/example_time_delta_sensor_async.py took 0.059 seconds
[2024-06-04T23:57:17.811+0000] {processor.py:153} INFO - Started process (PID=9208) to work on /home/airflow/.local/lib/python3.7/site-packages/airflow/example_dags/example_time_delta_sensor_async.py
[2024-06-04T23:57:17.811+0000] {processor.py:743} INFO - Processing file /home/airflow/.local/lib/python3.7/site-packages/airflow/example_dags/example_time_delta_sensor_async.py for tasks to queue
[2024-06-04T23:57:17.812+0000] {logging_mixin.py:137} INFO - [2024-06-04T23:57:17.812+0000] {dagbag.py:538} INFO - Filling up the DagBag from /home/airflow/.local/lib/python3.7/site-packages/airflow/example_dags/example_time_delta_sensor_async.py
[2024-06-04T23:57:17.821+0000] {processor.py:753} INFO - DAG(s) dict_keys(['example_time_delta_sensor_async']) retrieved from /home/airflow/.local/lib/python3.7/site-packages/airflow/example_dags/example_time_delta_sensor_async.py
[2024-06-04T23:57:17.841+0000] {logging_mixin.py:137} INFO - [2024-06-04T23:57:17.841+0000] {dag.py:2690} INFO - Sync 1 DAGs
[2024-06-04T23:57:17.858+0000] {logging_mixin.py:137} INFO - [2024-06-04T23:57:17.857+0000] {dag.py:3441} INFO - Setting next_dagrun for example_time_delta_sensor_async to None, run_after=None
[2024-06-04T23:57:17.869+0000] {processor.py:175} INFO - Processing /home/airflow/.local/lib/python3.7/site-packages/airflow/example_dags/example_time_delta_sensor_async.py took 0.062 seconds
[2024-06-04T23:57:47.938+0000] {processor.py:153} INFO - Started process (PID=9295) to work on /home/airflow/.local/lib/python3.7/site-packages/airflow/example_dags/example_time_delta_sensor_async.py
[2024-06-04T23:57:47.938+0000] {processor.py:743} INFO - Processing file /home/airflow/.local/lib/python3.7/site-packages/airflow/example_dags/example_time_delta_sensor_async.py for tasks to queue
[2024-06-04T23:57:47.939+0000] {logging_mixin.py:137} INFO - [2024-06-04T23:57:47.939+0000] {dagbag.py:538} INFO - Filling up the DagBag from /home/airflow/.local/lib/python3.7/site-packages/airflow/example_dags/example_time_delta_sensor_async.py
[2024-06-04T23:57:47.947+0000] {processor.py:753} INFO - DAG(s) dict_keys(['example_time_delta_sensor_async']) retrieved from /home/airflow/.local/lib/python3.7/site-packages/airflow/example_dags/example_time_delta_sensor_async.py
[2024-06-04T23:57:47.966+0000] {logging_mixin.py:137} INFO - [2024-06-04T23:57:47.966+0000] {dag.py:2690} INFO - Sync 1 DAGs
[2024-06-04T23:57:47.983+0000] {logging_mixin.py:137} INFO - [2024-06-04T23:57:47.983+0000] {dag.py:3441} INFO - Setting next_dagrun for example_time_delta_sensor_async to None, run_after=None
[2024-06-04T23:57:47.996+0000] {processor.py:175} INFO - Processing /home/airflow/.local/lib/python3.7/site-packages/airflow/example_dags/example_time_delta_sensor_async.py took 0.061 seconds
[2024-06-04T23:58:18.072+0000] {processor.py:153} INFO - Started process (PID=9415) to work on /home/airflow/.local/lib/python3.7/site-packages/airflow/example_dags/example_time_delta_sensor_async.py
[2024-06-04T23:58:18.072+0000] {processor.py:743} INFO - Processing file /home/airflow/.local/lib/python3.7/site-packages/airflow/example_dags/example_time_delta_sensor_async.py for tasks to queue
[2024-06-04T23:58:18.073+0000] {logging_mixin.py:137} INFO - [2024-06-04T23:58:18.073+0000] {dagbag.py:538} INFO - Filling up the DagBag from /home/airflow/.local/lib/python3.7/site-packages/airflow/example_dags/example_time_delta_sensor_async.py
[2024-06-04T23:58:18.081+0000] {processor.py:753} INFO - DAG(s) dict_keys(['example_time_delta_sensor_async']) retrieved from /home/airflow/.local/lib/python3.7/site-packages/airflow/example_dags/example_time_delta_sensor_async.py
[2024-06-04T23:58:18.099+0000] {logging_mixin.py:137} INFO - [2024-06-04T23:58:18.099+0000] {dag.py:2690} INFO - Sync 1 DAGs
[2024-06-04T23:58:18.117+0000] {logging_mixin.py:137} INFO - [2024-06-04T23:58:18.117+0000] {dag.py:3441} INFO - Setting next_dagrun for example_time_delta_sensor_async to None, run_after=None
[2024-06-04T23:58:18.129+0000] {processor.py:175} INFO - Processing /home/airflow/.local/lib/python3.7/site-packages/airflow/example_dags/example_time_delta_sensor_async.py took 0.060 seconds
[2024-06-04T23:58:48.212+0000] {processor.py:153} INFO - Started process (PID=9526) to work on /home/airflow/.local/lib/python3.7/site-packages/airflow/example_dags/example_time_delta_sensor_async.py
[2024-06-04T23:58:48.213+0000] {processor.py:743} INFO - Processing file /home/airflow/.local/lib/python3.7/site-packages/airflow/example_dags/example_time_delta_sensor_async.py for tasks to queue
[2024-06-04T23:58:48.213+0000] {logging_mixin.py:137} INFO - [2024-06-04T23:58:48.213+0000] {dagbag.py:538} INFO - Filling up the DagBag from /home/airflow/.local/lib/python3.7/site-packages/airflow/example_dags/example_time_delta_sensor_async.py
[2024-06-04T23:58:48.222+0000] {processor.py:753} INFO - DAG(s) dict_keys(['example_time_delta_sensor_async']) retrieved from /home/airflow/.local/lib/python3.7/site-packages/airflow/example_dags/example_time_delta_sensor_async.py
[2024-06-04T23:58:48.241+0000] {logging_mixin.py:137} INFO - [2024-06-04T23:58:48.241+0000] {dag.py:2690} INFO - Sync 1 DAGs
[2024-06-04T23:58:48.259+0000] {logging_mixin.py:137} INFO - [2024-06-04T23:58:48.259+0000] {dag.py:3441} INFO - Setting next_dagrun for example_time_delta_sensor_async to None, run_after=None
[2024-06-04T23:58:48.274+0000] {processor.py:175} INFO - Processing /home/airflow/.local/lib/python3.7/site-packages/airflow/example_dags/example_time_delta_sensor_async.py took 0.064 seconds
[2024-06-04T23:59:19.085+0000] {processor.py:153} INFO - Started process (PID=9618) to work on /home/airflow/.local/lib/python3.7/site-packages/airflow/example_dags/example_time_delta_sensor_async.py
[2024-06-04T23:59:19.086+0000] {processor.py:743} INFO - Processing file /home/airflow/.local/lib/python3.7/site-packages/airflow/example_dags/example_time_delta_sensor_async.py for tasks to queue
[2024-06-04T23:59:19.086+0000] {logging_mixin.py:137} INFO - [2024-06-04T23:59:19.086+0000] {dagbag.py:538} INFO - Filling up the DagBag from /home/airflow/.local/lib/python3.7/site-packages/airflow/example_dags/example_time_delta_sensor_async.py
[2024-06-04T23:59:19.095+0000] {processor.py:753} INFO - DAG(s) dict_keys(['example_time_delta_sensor_async']) retrieved from /home/airflow/.local/lib/python3.7/site-packages/airflow/example_dags/example_time_delta_sensor_async.py
[2024-06-04T23:59:19.113+0000] {logging_mixin.py:137} INFO - [2024-06-04T23:59:19.113+0000] {dag.py:2690} INFO - Sync 1 DAGs
[2024-06-04T23:59:19.129+0000] {logging_mixin.py:137} INFO - [2024-06-04T23:59:19.129+0000] {dag.py:3441} INFO - Setting next_dagrun for example_time_delta_sensor_async to None, run_after=None
[2024-06-04T23:59:19.141+0000] {processor.py:175} INFO - Processing /home/airflow/.local/lib/python3.7/site-packages/airflow/example_dags/example_time_delta_sensor_async.py took 0.058 seconds
[2024-06-04T23:59:49.839+0000] {processor.py:153} INFO - Started process (PID=9729) to work on /home/airflow/.local/lib/python3.7/site-packages/airflow/example_dags/example_time_delta_sensor_async.py
[2024-06-04T23:59:49.839+0000] {processor.py:743} INFO - Processing file /home/airflow/.local/lib/python3.7/site-packages/airflow/example_dags/example_time_delta_sensor_async.py for tasks to queue
[2024-06-04T23:59:49.840+0000] {logging_mixin.py:137} INFO - [2024-06-04T23:59:49.840+0000] {dagbag.py:538} INFO - Filling up the DagBag from /home/airflow/.local/lib/python3.7/site-packages/airflow/example_dags/example_time_delta_sensor_async.py
[2024-06-04T23:59:49.849+0000] {processor.py:753} INFO - DAG(s) dict_keys(['example_time_delta_sensor_async']) retrieved from /home/airflow/.local/lib/python3.7/site-packages/airflow/example_dags/example_time_delta_sensor_async.py
[2024-06-04T23:59:49.869+0000] {logging_mixin.py:137} INFO - [2024-06-04T23:59:49.868+0000] {dag.py:2690} INFO - Sync 1 DAGs
[2024-06-04T23:59:49.887+0000] {logging_mixin.py:137} INFO - [2024-06-04T23:59:49.887+0000] {dag.py:3441} INFO - Setting next_dagrun for example_time_delta_sensor_async to None, run_after=None
[2024-06-04T23:59:49.902+0000] {processor.py:175} INFO - Processing /home/airflow/.local/lib/python3.7/site-packages/airflow/example_dags/example_time_delta_sensor_async.py took 0.066 seconds
