[2024-06-04T23:37:26.724+0000] {processor.py:153} INFO - Started process (PID=62) to work on /home/airflow/.local/lib/python3.7/site-packages/airflow/example_dags/example_task_group_decorator.py
[2024-06-04T23:37:26.724+0000] {processor.py:743} INFO - Processing file /home/airflow/.local/lib/python3.7/site-packages/airflow/example_dags/example_task_group_decorator.py for tasks to queue
[2024-06-04T23:37:26.725+0000] {logging_mixin.py:137} INFO - [2024-06-04T23:37:26.724+0000] {dagbag.py:538} INFO - Filling up the DagBag from /home/airflow/.local/lib/python3.7/site-packages/airflow/example_dags/example_task_group_decorator.py
[2024-06-04T23:37:26.747+0000] {processor.py:753} INFO - DAG(s) dict_keys(['example_task_group_decorator']) retrieved from /home/airflow/.local/lib/python3.7/site-packages/airflow/example_dags/example_task_group_decorator.py
[2024-06-04T23:37:26.829+0000] {logging_mixin.py:137} INFO - [2024-06-04T23:37:26.829+0000] {manager.py:504} INFO - Created Permission View: can edit on DAG:example_task_group_decorator
[2024-06-04T23:37:26.836+0000] {logging_mixin.py:137} INFO - [2024-06-04T23:37:26.836+0000] {manager.py:504} INFO - Created Permission View: can read on DAG:example_task_group_decorator
[2024-06-04T23:37:26.842+0000] {logging_mixin.py:137} INFO - [2024-06-04T23:37:26.842+0000] {manager.py:504} INFO - Created Permission View: can delete on DAG:example_task_group_decorator
[2024-06-04T23:37:26.842+0000] {logging_mixin.py:137} INFO - [2024-06-04T23:37:26.842+0000] {dag.py:2690} INFO - Sync 1 DAGs
[2024-06-04T23:37:26.851+0000] {logging_mixin.py:137} INFO - [2024-06-04T23:37:26.851+0000] {dag.py:2711} INFO - Creating ORM DAG for example_task_group_decorator
[2024-06-04T23:37:26.861+0000] {logging_mixin.py:137} INFO - [2024-06-04T23:37:26.860+0000] {dag.py:3441} INFO - Setting next_dagrun for example_task_group_decorator to 2024-06-03T23:37:26.860761+00:00, run_after=2024-06-04T23:37:26.860761+00:00
[2024-06-04T23:37:26.874+0000] {processor.py:175} INFO - Processing /home/airflow/.local/lib/python3.7/site-packages/airflow/example_dags/example_task_group_decorator.py took 0.153 seconds
[2024-06-04T23:37:57.495+0000] {processor.py:153} INFO - Started process (PID=173) to work on /home/airflow/.local/lib/python3.7/site-packages/airflow/example_dags/example_task_group_decorator.py
[2024-06-04T23:37:57.495+0000] {processor.py:743} INFO - Processing file /home/airflow/.local/lib/python3.7/site-packages/airflow/example_dags/example_task_group_decorator.py for tasks to queue
[2024-06-04T23:37:57.496+0000] {logging_mixin.py:137} INFO - [2024-06-04T23:37:57.495+0000] {dagbag.py:538} INFO - Filling up the DagBag from /home/airflow/.local/lib/python3.7/site-packages/airflow/example_dags/example_task_group_decorator.py
[2024-06-04T23:37:57.516+0000] {processor.py:753} INFO - DAG(s) dict_keys(['example_task_group_decorator']) retrieved from /home/airflow/.local/lib/python3.7/site-packages/airflow/example_dags/example_task_group_decorator.py
[2024-06-04T23:37:57.536+0000] {logging_mixin.py:137} INFO - [2024-06-04T23:37:57.536+0000] {dag.py:2690} INFO - Sync 1 DAGs
[2024-06-04T23:37:57.554+0000] {logging_mixin.py:137} INFO - [2024-06-04T23:37:57.554+0000] {dag.py:3441} INFO - Setting next_dagrun for example_task_group_decorator to 2024-06-03T23:37:57.553907+00:00, run_after=2024-06-04T23:37:57.553907+00:00
[2024-06-04T23:37:57.566+0000] {processor.py:175} INFO - Processing /home/airflow/.local/lib/python3.7/site-packages/airflow/example_dags/example_task_group_decorator.py took 0.074 seconds
[2024-06-04T23:38:28.396+0000] {processor.py:153} INFO - Started process (PID=284) to work on /home/airflow/.local/lib/python3.7/site-packages/airflow/example_dags/example_task_group_decorator.py
[2024-06-04T23:38:28.397+0000] {processor.py:743} INFO - Processing file /home/airflow/.local/lib/python3.7/site-packages/airflow/example_dags/example_task_group_decorator.py for tasks to queue
[2024-06-04T23:38:28.397+0000] {logging_mixin.py:137} INFO - [2024-06-04T23:38:28.397+0000] {dagbag.py:538} INFO - Filling up the DagBag from /home/airflow/.local/lib/python3.7/site-packages/airflow/example_dags/example_task_group_decorator.py
[2024-06-04T23:38:28.419+0000] {processor.py:753} INFO - DAG(s) dict_keys(['example_task_group_decorator']) retrieved from /home/airflow/.local/lib/python3.7/site-packages/airflow/example_dags/example_task_group_decorator.py
[2024-06-04T23:38:28.439+0000] {logging_mixin.py:137} INFO - [2024-06-04T23:38:28.439+0000] {dag.py:2690} INFO - Sync 1 DAGs
[2024-06-04T23:38:28.460+0000] {logging_mixin.py:137} INFO - [2024-06-04T23:38:28.459+0000] {dag.py:3441} INFO - Setting next_dagrun for example_task_group_decorator to 2024-06-03T23:38:28.459738+00:00, run_after=2024-06-04T23:38:28.459738+00:00
[2024-06-04T23:38:28.474+0000] {processor.py:175} INFO - Processing /home/airflow/.local/lib/python3.7/site-packages/airflow/example_dags/example_task_group_decorator.py took 0.081 seconds
[2024-06-04T23:38:59.223+0000] {processor.py:153} INFO - Started process (PID=371) to work on /home/airflow/.local/lib/python3.7/site-packages/airflow/example_dags/example_task_group_decorator.py
[2024-06-04T23:38:59.224+0000] {processor.py:743} INFO - Processing file /home/airflow/.local/lib/python3.7/site-packages/airflow/example_dags/example_task_group_decorator.py for tasks to queue
[2024-06-04T23:38:59.224+0000] {logging_mixin.py:137} INFO - [2024-06-04T23:38:59.224+0000] {dagbag.py:538} INFO - Filling up the DagBag from /home/airflow/.local/lib/python3.7/site-packages/airflow/example_dags/example_task_group_decorator.py
[2024-06-04T23:38:59.246+0000] {processor.py:753} INFO - DAG(s) dict_keys(['example_task_group_decorator']) retrieved from /home/airflow/.local/lib/python3.7/site-packages/airflow/example_dags/example_task_group_decorator.py
[2024-06-04T23:38:59.269+0000] {logging_mixin.py:137} INFO - [2024-06-04T23:38:59.268+0000] {dag.py:2690} INFO - Sync 1 DAGs
[2024-06-04T23:38:59.287+0000] {logging_mixin.py:137} INFO - [2024-06-04T23:38:59.287+0000] {dag.py:3441} INFO - Setting next_dagrun for example_task_group_decorator to 2024-06-03T23:38:59.287640+00:00, run_after=2024-06-04T23:38:59.287640+00:00
[2024-06-04T23:38:59.300+0000] {processor.py:175} INFO - Processing /home/airflow/.local/lib/python3.7/site-packages/airflow/example_dags/example_task_group_decorator.py took 0.080 seconds
[2024-06-04T23:39:29.935+0000] {processor.py:153} INFO - Started process (PID=482) to work on /home/airflow/.local/lib/python3.7/site-packages/airflow/example_dags/example_task_group_decorator.py
[2024-06-04T23:39:29.936+0000] {processor.py:743} INFO - Processing file /home/airflow/.local/lib/python3.7/site-packages/airflow/example_dags/example_task_group_decorator.py for tasks to queue
[2024-06-04T23:39:29.936+0000] {logging_mixin.py:137} INFO - [2024-06-04T23:39:29.936+0000] {dagbag.py:538} INFO - Filling up the DagBag from /home/airflow/.local/lib/python3.7/site-packages/airflow/example_dags/example_task_group_decorator.py
[2024-06-04T23:39:29.956+0000] {processor.py:753} INFO - DAG(s) dict_keys(['example_task_group_decorator']) retrieved from /home/airflow/.local/lib/python3.7/site-packages/airflow/example_dags/example_task_group_decorator.py
[2024-06-04T23:39:29.975+0000] {logging_mixin.py:137} INFO - [2024-06-04T23:39:29.975+0000] {dag.py:2690} INFO - Sync 1 DAGs
[2024-06-04T23:39:29.992+0000] {logging_mixin.py:137} INFO - [2024-06-04T23:39:29.992+0000] {dag.py:3441} INFO - Setting next_dagrun for example_task_group_decorator to 2024-06-03T23:39:29.992477+00:00, run_after=2024-06-04T23:39:29.992477+00:00
[2024-06-04T23:39:30.005+0000] {processor.py:175} INFO - Processing /home/airflow/.local/lib/python3.7/site-packages/airflow/example_dags/example_task_group_decorator.py took 0.072 seconds
[2024-06-04T23:40:00.662+0000] {processor.py:153} INFO - Started process (PID=569) to work on /home/airflow/.local/lib/python3.7/site-packages/airflow/example_dags/example_task_group_decorator.py
[2024-06-04T23:40:00.662+0000] {processor.py:743} INFO - Processing file /home/airflow/.local/lib/python3.7/site-packages/airflow/example_dags/example_task_group_decorator.py for tasks to queue
[2024-06-04T23:40:00.663+0000] {logging_mixin.py:137} INFO - [2024-06-04T23:40:00.663+0000] {dagbag.py:538} INFO - Filling up the DagBag from /home/airflow/.local/lib/python3.7/site-packages/airflow/example_dags/example_task_group_decorator.py
[2024-06-04T23:40:00.682+0000] {processor.py:753} INFO - DAG(s) dict_keys(['example_task_group_decorator']) retrieved from /home/airflow/.local/lib/python3.7/site-packages/airflow/example_dags/example_task_group_decorator.py
[2024-06-04T23:40:00.702+0000] {logging_mixin.py:137} INFO - [2024-06-04T23:40:00.701+0000] {dag.py:2690} INFO - Sync 1 DAGs
[2024-06-04T23:40:00.719+0000] {logging_mixin.py:137} INFO - [2024-06-04T23:40:00.719+0000] {dag.py:3441} INFO - Setting next_dagrun for example_task_group_decorator to 2024-06-03T23:40:00.719403+00:00, run_after=2024-06-04T23:40:00.719403+00:00
[2024-06-04T23:40:00.731+0000] {processor.py:175} INFO - Processing /home/airflow/.local/lib/python3.7/site-packages/airflow/example_dags/example_task_group_decorator.py took 0.071 seconds
[2024-06-04T23:40:31.353+0000] {processor.py:153} INFO - Started process (PID=680) to work on /home/airflow/.local/lib/python3.7/site-packages/airflow/example_dags/example_task_group_decorator.py
[2024-06-04T23:40:31.354+0000] {processor.py:743} INFO - Processing file /home/airflow/.local/lib/python3.7/site-packages/airflow/example_dags/example_task_group_decorator.py for tasks to queue
[2024-06-04T23:40:31.354+0000] {logging_mixin.py:137} INFO - [2024-06-04T23:40:31.354+0000] {dagbag.py:538} INFO - Filling up the DagBag from /home/airflow/.local/lib/python3.7/site-packages/airflow/example_dags/example_task_group_decorator.py
[2024-06-04T23:40:31.373+0000] {processor.py:753} INFO - DAG(s) dict_keys(['example_task_group_decorator']) retrieved from /home/airflow/.local/lib/python3.7/site-packages/airflow/example_dags/example_task_group_decorator.py
[2024-06-04T23:40:31.393+0000] {logging_mixin.py:137} INFO - [2024-06-04T23:40:31.393+0000] {dag.py:2690} INFO - Sync 1 DAGs
[2024-06-04T23:40:31.410+0000] {logging_mixin.py:137} INFO - [2024-06-04T23:40:31.409+0000] {dag.py:3441} INFO - Setting next_dagrun for example_task_group_decorator to 2024-06-03T23:40:31.409759+00:00, run_after=2024-06-04T23:40:31.409759+00:00
[2024-06-04T23:40:31.422+0000] {processor.py:175} INFO - Processing /home/airflow/.local/lib/python3.7/site-packages/airflow/example_dags/example_task_group_decorator.py took 0.070 seconds
[2024-06-04T23:41:02.089+0000] {processor.py:153} INFO - Started process (PID=791) to work on /home/airflow/.local/lib/python3.7/site-packages/airflow/example_dags/example_task_group_decorator.py
[2024-06-04T23:41:02.089+0000] {processor.py:743} INFO - Processing file /home/airflow/.local/lib/python3.7/site-packages/airflow/example_dags/example_task_group_decorator.py for tasks to queue
[2024-06-04T23:41:02.090+0000] {logging_mixin.py:137} INFO - [2024-06-04T23:41:02.090+0000] {dagbag.py:538} INFO - Filling up the DagBag from /home/airflow/.local/lib/python3.7/site-packages/airflow/example_dags/example_task_group_decorator.py
[2024-06-04T23:41:02.109+0000] {processor.py:753} INFO - DAG(s) dict_keys(['example_task_group_decorator']) retrieved from /home/airflow/.local/lib/python3.7/site-packages/airflow/example_dags/example_task_group_decorator.py
[2024-06-04T23:41:02.128+0000] {logging_mixin.py:137} INFO - [2024-06-04T23:41:02.128+0000] {dag.py:2690} INFO - Sync 1 DAGs
[2024-06-04T23:41:02.145+0000] {logging_mixin.py:137} INFO - [2024-06-04T23:41:02.145+0000] {dag.py:3441} INFO - Setting next_dagrun for example_task_group_decorator to 2024-06-03T23:41:02.145232+00:00, run_after=2024-06-04T23:41:02.145232+00:00
[2024-06-04T23:41:02.157+0000] {processor.py:175} INFO - Processing /home/airflow/.local/lib/python3.7/site-packages/airflow/example_dags/example_task_group_decorator.py took 0.070 seconds
[2024-06-04T23:41:32.784+0000] {processor.py:153} INFO - Started process (PID=878) to work on /home/airflow/.local/lib/python3.7/site-packages/airflow/example_dags/example_task_group_decorator.py
[2024-06-04T23:41:32.785+0000] {processor.py:743} INFO - Processing file /home/airflow/.local/lib/python3.7/site-packages/airflow/example_dags/example_task_group_decorator.py for tasks to queue
[2024-06-04T23:41:32.785+0000] {logging_mixin.py:137} INFO - [2024-06-04T23:41:32.785+0000] {dagbag.py:538} INFO - Filling up the DagBag from /home/airflow/.local/lib/python3.7/site-packages/airflow/example_dags/example_task_group_decorator.py
[2024-06-04T23:41:32.804+0000] {processor.py:753} INFO - DAG(s) dict_keys(['example_task_group_decorator']) retrieved from /home/airflow/.local/lib/python3.7/site-packages/airflow/example_dags/example_task_group_decorator.py
[2024-06-04T23:41:32.824+0000] {logging_mixin.py:137} INFO - [2024-06-04T23:41:32.823+0000] {dag.py:2690} INFO - Sync 1 DAGs
[2024-06-04T23:41:32.841+0000] {logging_mixin.py:137} INFO - [2024-06-04T23:41:32.841+0000] {dag.py:3441} INFO - Setting next_dagrun for example_task_group_decorator to 2024-06-03T23:41:32.841546+00:00, run_after=2024-06-04T23:41:32.841546+00:00
[2024-06-04T23:41:32.854+0000] {processor.py:175} INFO - Processing /home/airflow/.local/lib/python3.7/site-packages/airflow/example_dags/example_task_group_decorator.py took 0.072 seconds
[2024-06-04T23:42:03.502+0000] {processor.py:153} INFO - Started process (PID=989) to work on /home/airflow/.local/lib/python3.7/site-packages/airflow/example_dags/example_task_group_decorator.py
[2024-06-04T23:42:03.503+0000] {processor.py:743} INFO - Processing file /home/airflow/.local/lib/python3.7/site-packages/airflow/example_dags/example_task_group_decorator.py for tasks to queue
[2024-06-04T23:42:03.504+0000] {logging_mixin.py:137} INFO - [2024-06-04T23:42:03.503+0000] {dagbag.py:538} INFO - Filling up the DagBag from /home/airflow/.local/lib/python3.7/site-packages/airflow/example_dags/example_task_group_decorator.py
[2024-06-04T23:42:03.523+0000] {processor.py:753} INFO - DAG(s) dict_keys(['example_task_group_decorator']) retrieved from /home/airflow/.local/lib/python3.7/site-packages/airflow/example_dags/example_task_group_decorator.py
[2024-06-04T23:42:03.543+0000] {logging_mixin.py:137} INFO - [2024-06-04T23:42:03.543+0000] {dag.py:2690} INFO - Sync 1 DAGs
[2024-06-04T23:42:03.569+0000] {logging_mixin.py:137} INFO - [2024-06-04T23:42:03.569+0000] {dag.py:3441} INFO - Setting next_dagrun for example_task_group_decorator to 2024-06-03T23:42:03.569308+00:00, run_after=2024-06-04T23:42:03.569308+00:00
[2024-06-04T23:42:03.582+0000] {processor.py:175} INFO - Processing /home/airflow/.local/lib/python3.7/site-packages/airflow/example_dags/example_task_group_decorator.py took 0.082 seconds
[2024-06-04T23:42:33.616+0000] {processor.py:153} INFO - Started process (PID=1076) to work on /home/airflow/.local/lib/python3.7/site-packages/airflow/example_dags/example_task_group_decorator.py
[2024-06-04T23:42:33.617+0000] {processor.py:743} INFO - Processing file /home/airflow/.local/lib/python3.7/site-packages/airflow/example_dags/example_task_group_decorator.py for tasks to queue
[2024-06-04T23:42:33.617+0000] {logging_mixin.py:137} INFO - [2024-06-04T23:42:33.617+0000] {dagbag.py:538} INFO - Filling up the DagBag from /home/airflow/.local/lib/python3.7/site-packages/airflow/example_dags/example_task_group_decorator.py
[2024-06-04T23:42:33.636+0000] {processor.py:753} INFO - DAG(s) dict_keys(['example_task_group_decorator']) retrieved from /home/airflow/.local/lib/python3.7/site-packages/airflow/example_dags/example_task_group_decorator.py
[2024-06-04T23:42:33.656+0000] {logging_mixin.py:137} INFO - [2024-06-04T23:42:33.656+0000] {dag.py:2690} INFO - Sync 1 DAGs
[2024-06-04T23:42:33.673+0000] {logging_mixin.py:137} INFO - [2024-06-04T23:42:33.673+0000] {dag.py:3441} INFO - Setting next_dagrun for example_task_group_decorator to 2024-06-03T23:42:33.673332+00:00, run_after=2024-06-04T23:42:33.673332+00:00
[2024-06-04T23:42:33.685+0000] {processor.py:175} INFO - Processing /home/airflow/.local/lib/python3.7/site-packages/airflow/example_dags/example_task_group_decorator.py took 0.071 seconds
[2024-06-04T23:43:04.627+0000] {processor.py:153} INFO - Started process (PID=1187) to work on /home/airflow/.local/lib/python3.7/site-packages/airflow/example_dags/example_task_group_decorator.py
[2024-06-04T23:43:04.627+0000] {processor.py:743} INFO - Processing file /home/airflow/.local/lib/python3.7/site-packages/airflow/example_dags/example_task_group_decorator.py for tasks to queue
[2024-06-04T23:43:04.627+0000] {logging_mixin.py:137} INFO - [2024-06-04T23:43:04.627+0000] {dagbag.py:538} INFO - Filling up the DagBag from /home/airflow/.local/lib/python3.7/site-packages/airflow/example_dags/example_task_group_decorator.py
[2024-06-04T23:43:04.647+0000] {processor.py:753} INFO - DAG(s) dict_keys(['example_task_group_decorator']) retrieved from /home/airflow/.local/lib/python3.7/site-packages/airflow/example_dags/example_task_group_decorator.py
[2024-06-04T23:43:04.667+0000] {logging_mixin.py:137} INFO - [2024-06-04T23:43:04.666+0000] {dag.py:2690} INFO - Sync 1 DAGs
[2024-06-04T23:43:04.684+0000] {logging_mixin.py:137} INFO - [2024-06-04T23:43:04.683+0000] {dag.py:3441} INFO - Setting next_dagrun for example_task_group_decorator to 2024-06-03T23:43:04.683789+00:00, run_after=2024-06-04T23:43:04.683789+00:00
[2024-06-04T23:43:04.696+0000] {processor.py:175} INFO - Processing /home/airflow/.local/lib/python3.7/site-packages/airflow/example_dags/example_task_group_decorator.py took 0.071 seconds
[2024-06-04T23:43:35.435+0000] {processor.py:153} INFO - Started process (PID=1298) to work on /home/airflow/.local/lib/python3.7/site-packages/airflow/example_dags/example_task_group_decorator.py
[2024-06-04T23:43:35.436+0000] {processor.py:743} INFO - Processing file /home/airflow/.local/lib/python3.7/site-packages/airflow/example_dags/example_task_group_decorator.py for tasks to queue
[2024-06-04T23:43:35.436+0000] {logging_mixin.py:137} INFO - [2024-06-04T23:43:35.436+0000] {dagbag.py:538} INFO - Filling up the DagBag from /home/airflow/.local/lib/python3.7/site-packages/airflow/example_dags/example_task_group_decorator.py
[2024-06-04T23:43:35.456+0000] {processor.py:753} INFO - DAG(s) dict_keys(['example_task_group_decorator']) retrieved from /home/airflow/.local/lib/python3.7/site-packages/airflow/example_dags/example_task_group_decorator.py
[2024-06-04T23:43:35.475+0000] {logging_mixin.py:137} INFO - [2024-06-04T23:43:35.475+0000] {dag.py:2690} INFO - Sync 1 DAGs
[2024-06-04T23:43:35.493+0000] {logging_mixin.py:137} INFO - [2024-06-04T23:43:35.493+0000] {dag.py:3441} INFO - Setting next_dagrun for example_task_group_decorator to 2024-06-03T23:43:35.493265+00:00, run_after=2024-06-04T23:43:35.493265+00:00
[2024-06-04T23:43:35.509+0000] {processor.py:175} INFO - Processing /home/airflow/.local/lib/python3.7/site-packages/airflow/example_dags/example_task_group_decorator.py took 0.075 seconds
[2024-06-04T23:44:07.010+0000] {processor.py:153} INFO - Started process (PID=1498) to work on /home/airflow/.local/lib/python3.7/site-packages/airflow/example_dags/example_task_group_decorator.py
[2024-06-04T23:44:07.011+0000] {processor.py:743} INFO - Processing file /home/airflow/.local/lib/python3.7/site-packages/airflow/example_dags/example_task_group_decorator.py for tasks to queue
[2024-06-04T23:44:07.012+0000] {logging_mixin.py:137} INFO - [2024-06-04T23:44:07.011+0000] {dagbag.py:538} INFO - Filling up the DagBag from /home/airflow/.local/lib/python3.7/site-packages/airflow/example_dags/example_task_group_decorator.py
[2024-06-04T23:44:07.048+0000] {processor.py:753} INFO - DAG(s) dict_keys(['example_task_group_decorator']) retrieved from /home/airflow/.local/lib/python3.7/site-packages/airflow/example_dags/example_task_group_decorator.py
[2024-06-04T23:44:07.081+0000] {logging_mixin.py:137} INFO - [2024-06-04T23:44:07.081+0000] {dag.py:2690} INFO - Sync 1 DAGs
[2024-06-04T23:44:07.118+0000] {logging_mixin.py:137} INFO - [2024-06-04T23:44:07.118+0000] {dag.py:3441} INFO - Setting next_dagrun for example_task_group_decorator to 2024-06-03T23:44:07.118235+00:00, run_after=2024-06-04T23:44:07.118235+00:00
[2024-06-04T23:44:07.142+0000] {processor.py:175} INFO - Processing /home/airflow/.local/lib/python3.7/site-packages/airflow/example_dags/example_task_group_decorator.py took 0.136 seconds
[2024-06-04T23:44:37.212+0000] {processor.py:153} INFO - Started process (PID=1871) to work on /home/airflow/.local/lib/python3.7/site-packages/airflow/example_dags/example_task_group_decorator.py
[2024-06-04T23:44:37.213+0000] {processor.py:743} INFO - Processing file /home/airflow/.local/lib/python3.7/site-packages/airflow/example_dags/example_task_group_decorator.py for tasks to queue
[2024-06-04T23:44:37.214+0000] {logging_mixin.py:137} INFO - [2024-06-04T23:44:37.213+0000] {dagbag.py:538} INFO - Filling up the DagBag from /home/airflow/.local/lib/python3.7/site-packages/airflow/example_dags/example_task_group_decorator.py
[2024-06-04T23:44:37.254+0000] {processor.py:753} INFO - DAG(s) dict_keys(['example_task_group_decorator']) retrieved from /home/airflow/.local/lib/python3.7/site-packages/airflow/example_dags/example_task_group_decorator.py
[2024-06-04T23:44:37.291+0000] {logging_mixin.py:137} INFO - [2024-06-04T23:44:37.290+0000] {dag.py:2690} INFO - Sync 1 DAGs
[2024-06-04T23:44:37.329+0000] {logging_mixin.py:137} INFO - [2024-06-04T23:44:37.329+0000] {dag.py:3441} INFO - Setting next_dagrun for example_task_group_decorator to 2024-06-03T23:44:37.329506+00:00, run_after=2024-06-04T23:44:37.329506+00:00
[2024-06-04T23:44:37.356+0000] {processor.py:175} INFO - Processing /home/airflow/.local/lib/python3.7/site-packages/airflow/example_dags/example_task_group_decorator.py took 0.148 seconds
[2024-06-04T23:45:07.646+0000] {processor.py:153} INFO - Started process (PID=2195) to work on /home/airflow/.local/lib/python3.7/site-packages/airflow/example_dags/example_task_group_decorator.py
[2024-06-04T23:45:07.647+0000] {processor.py:743} INFO - Processing file /home/airflow/.local/lib/python3.7/site-packages/airflow/example_dags/example_task_group_decorator.py for tasks to queue
[2024-06-04T23:45:07.648+0000] {logging_mixin.py:137} INFO - [2024-06-04T23:45:07.648+0000] {dagbag.py:538} INFO - Filling up the DagBag from /home/airflow/.local/lib/python3.7/site-packages/airflow/example_dags/example_task_group_decorator.py
[2024-06-04T23:45:07.684+0000] {processor.py:753} INFO - DAG(s) dict_keys(['example_task_group_decorator']) retrieved from /home/airflow/.local/lib/python3.7/site-packages/airflow/example_dags/example_task_group_decorator.py
[2024-06-04T23:45:07.711+0000] {logging_mixin.py:137} INFO - [2024-06-04T23:45:07.711+0000] {dag.py:2690} INFO - Sync 1 DAGs
[2024-06-04T23:45:07.736+0000] {logging_mixin.py:137} INFO - [2024-06-04T23:45:07.736+0000] {dag.py:3441} INFO - Setting next_dagrun for example_task_group_decorator to 2024-06-03T23:45:07.735799+00:00, run_after=2024-06-04T23:45:07.735799+00:00
[2024-06-04T23:45:07.756+0000] {processor.py:175} INFO - Processing /home/airflow/.local/lib/python3.7/site-packages/airflow/example_dags/example_task_group_decorator.py took 0.114 seconds
[2024-06-04T23:45:38.052+0000] {processor.py:153} INFO - Started process (PID=2550) to work on /home/airflow/.local/lib/python3.7/site-packages/airflow/example_dags/example_task_group_decorator.py
[2024-06-04T23:45:38.053+0000] {processor.py:743} INFO - Processing file /home/airflow/.local/lib/python3.7/site-packages/airflow/example_dags/example_task_group_decorator.py for tasks to queue
[2024-06-04T23:45:38.054+0000] {logging_mixin.py:137} INFO - [2024-06-04T23:45:38.054+0000] {dagbag.py:538} INFO - Filling up the DagBag from /home/airflow/.local/lib/python3.7/site-packages/airflow/example_dags/example_task_group_decorator.py
[2024-06-04T23:45:38.091+0000] {processor.py:753} INFO - DAG(s) dict_keys(['example_task_group_decorator']) retrieved from /home/airflow/.local/lib/python3.7/site-packages/airflow/example_dags/example_task_group_decorator.py
[2024-06-04T23:45:38.123+0000] {logging_mixin.py:137} INFO - [2024-06-04T23:45:38.123+0000] {dag.py:2690} INFO - Sync 1 DAGs
[2024-06-04T23:45:38.155+0000] {logging_mixin.py:137} INFO - [2024-06-04T23:45:38.155+0000] {dag.py:3441} INFO - Setting next_dagrun for example_task_group_decorator to 2024-06-03T23:45:38.155335+00:00, run_after=2024-06-04T23:45:38.155335+00:00
[2024-06-04T23:45:38.176+0000] {processor.py:175} INFO - Processing /home/airflow/.local/lib/python3.7/site-packages/airflow/example_dags/example_task_group_decorator.py took 0.127 seconds
[2024-06-04T23:46:08.537+0000] {processor.py:153} INFO - Started process (PID=2884) to work on /home/airflow/.local/lib/python3.7/site-packages/airflow/example_dags/example_task_group_decorator.py
[2024-06-04T23:46:08.538+0000] {processor.py:743} INFO - Processing file /home/airflow/.local/lib/python3.7/site-packages/airflow/example_dags/example_task_group_decorator.py for tasks to queue
[2024-06-04T23:46:08.539+0000] {logging_mixin.py:137} INFO - [2024-06-04T23:46:08.538+0000] {dagbag.py:538} INFO - Filling up the DagBag from /home/airflow/.local/lib/python3.7/site-packages/airflow/example_dags/example_task_group_decorator.py
[2024-06-04T23:46:08.578+0000] {processor.py:753} INFO - DAG(s) dict_keys(['example_task_group_decorator']) retrieved from /home/airflow/.local/lib/python3.7/site-packages/airflow/example_dags/example_task_group_decorator.py
[2024-06-04T23:46:08.612+0000] {logging_mixin.py:137} INFO - [2024-06-04T23:46:08.611+0000] {dag.py:2690} INFO - Sync 1 DAGs
[2024-06-04T23:46:08.647+0000] {logging_mixin.py:137} INFO - [2024-06-04T23:46:08.646+0000] {dag.py:3441} INFO - Setting next_dagrun for example_task_group_decorator to 2024-06-03T23:46:08.646600+00:00, run_after=2024-06-04T23:46:08.646600+00:00
[2024-06-04T23:46:08.670+0000] {processor.py:175} INFO - Processing /home/airflow/.local/lib/python3.7/site-packages/airflow/example_dags/example_task_group_decorator.py took 0.137 seconds
[2024-06-04T23:46:39.270+0000] {processor.py:153} INFO - Started process (PID=3253) to work on /home/airflow/.local/lib/python3.7/site-packages/airflow/example_dags/example_task_group_decorator.py
[2024-06-04T23:46:39.272+0000] {processor.py:743} INFO - Processing file /home/airflow/.local/lib/python3.7/site-packages/airflow/example_dags/example_task_group_decorator.py for tasks to queue
[2024-06-04T23:46:39.273+0000] {logging_mixin.py:137} INFO - [2024-06-04T23:46:39.273+0000] {dagbag.py:538} INFO - Filling up the DagBag from /home/airflow/.local/lib/python3.7/site-packages/airflow/example_dags/example_task_group_decorator.py
[2024-06-04T23:46:39.313+0000] {processor.py:753} INFO - DAG(s) dict_keys(['example_task_group_decorator']) retrieved from /home/airflow/.local/lib/python3.7/site-packages/airflow/example_dags/example_task_group_decorator.py
[2024-06-04T23:46:39.347+0000] {logging_mixin.py:137} INFO - [2024-06-04T23:46:39.347+0000] {dag.py:2690} INFO - Sync 1 DAGs
[2024-06-04T23:46:39.381+0000] {logging_mixin.py:137} INFO - [2024-06-04T23:46:39.381+0000] {dag.py:3441} INFO - Setting next_dagrun for example_task_group_decorator to 2024-06-03T23:46:39.380772+00:00, run_after=2024-06-04T23:46:39.380772+00:00
[2024-06-04T23:46:39.402+0000] {processor.py:175} INFO - Processing /home/airflow/.local/lib/python3.7/site-packages/airflow/example_dags/example_task_group_decorator.py took 0.135 seconds
[2024-06-04T23:47:09.461+0000] {processor.py:153} INFO - Started process (PID=3569) to work on /home/airflow/.local/lib/python3.7/site-packages/airflow/example_dags/example_task_group_decorator.py
[2024-06-04T23:47:09.463+0000] {processor.py:743} INFO - Processing file /home/airflow/.local/lib/python3.7/site-packages/airflow/example_dags/example_task_group_decorator.py for tasks to queue
[2024-06-04T23:47:09.463+0000] {logging_mixin.py:137} INFO - [2024-06-04T23:47:09.463+0000] {dagbag.py:538} INFO - Filling up the DagBag from /home/airflow/.local/lib/python3.7/site-packages/airflow/example_dags/example_task_group_decorator.py
[2024-06-04T23:47:09.488+0000] {processor.py:753} INFO - DAG(s) dict_keys(['example_task_group_decorator']) retrieved from /home/airflow/.local/lib/python3.7/site-packages/airflow/example_dags/example_task_group_decorator.py
[2024-06-04T23:47:09.513+0000] {logging_mixin.py:137} INFO - [2024-06-04T23:47:09.513+0000] {dag.py:2690} INFO - Sync 1 DAGs
[2024-06-04T23:47:09.539+0000] {logging_mixin.py:137} INFO - [2024-06-04T23:47:09.539+0000] {dag.py:3441} INFO - Setting next_dagrun for example_task_group_decorator to 2024-06-03T23:47:09.539257+00:00, run_after=2024-06-04T23:47:09.539257+00:00
[2024-06-04T23:47:09.555+0000] {processor.py:175} INFO - Processing /home/airflow/.local/lib/python3.7/site-packages/airflow/example_dags/example_task_group_decorator.py took 0.096 seconds
[2024-06-04T23:47:39.877+0000] {processor.py:153} INFO - Started process (PID=3929) to work on /home/airflow/.local/lib/python3.7/site-packages/airflow/example_dags/example_task_group_decorator.py
[2024-06-04T23:47:39.879+0000] {processor.py:743} INFO - Processing file /home/airflow/.local/lib/python3.7/site-packages/airflow/example_dags/example_task_group_decorator.py for tasks to queue
[2024-06-04T23:47:39.880+0000] {logging_mixin.py:137} INFO - [2024-06-04T23:47:39.880+0000] {dagbag.py:538} INFO - Filling up the DagBag from /home/airflow/.local/lib/python3.7/site-packages/airflow/example_dags/example_task_group_decorator.py
[2024-06-04T23:47:39.918+0000] {processor.py:753} INFO - DAG(s) dict_keys(['example_task_group_decorator']) retrieved from /home/airflow/.local/lib/python3.7/site-packages/airflow/example_dags/example_task_group_decorator.py
[2024-06-04T23:47:39.956+0000] {logging_mixin.py:137} INFO - [2024-06-04T23:47:39.956+0000] {dag.py:2690} INFO - Sync 1 DAGs
[2024-06-04T23:47:39.988+0000] {logging_mixin.py:137} INFO - [2024-06-04T23:47:39.988+0000] {dag.py:3441} INFO - Setting next_dagrun for example_task_group_decorator to 2024-06-03T23:47:39.988298+00:00, run_after=2024-06-04T23:47:39.988298+00:00
[2024-06-04T23:47:40.012+0000] {processor.py:175} INFO - Processing /home/airflow/.local/lib/python3.7/site-packages/airflow/example_dags/example_task_group_decorator.py took 0.139 seconds
[2024-06-04T23:48:10.646+0000] {processor.py:153} INFO - Started process (PID=4292) to work on /home/airflow/.local/lib/python3.7/site-packages/airflow/example_dags/example_task_group_decorator.py
[2024-06-04T23:48:10.647+0000] {processor.py:743} INFO - Processing file /home/airflow/.local/lib/python3.7/site-packages/airflow/example_dags/example_task_group_decorator.py for tasks to queue
[2024-06-04T23:48:10.648+0000] {logging_mixin.py:137} INFO - [2024-06-04T23:48:10.647+0000] {dagbag.py:538} INFO - Filling up the DagBag from /home/airflow/.local/lib/python3.7/site-packages/airflow/example_dags/example_task_group_decorator.py
[2024-06-04T23:48:10.675+0000] {processor.py:753} INFO - DAG(s) dict_keys(['example_task_group_decorator']) retrieved from /home/airflow/.local/lib/python3.7/site-packages/airflow/example_dags/example_task_group_decorator.py
[2024-06-04T23:48:10.696+0000] {logging_mixin.py:137} INFO - [2024-06-04T23:48:10.696+0000] {dag.py:2690} INFO - Sync 1 DAGs
[2024-06-04T23:48:10.715+0000] {logging_mixin.py:137} INFO - [2024-06-04T23:48:10.715+0000] {dag.py:3441} INFO - Setting next_dagrun for example_task_group_decorator to 2024-06-03T23:48:10.715458+00:00, run_after=2024-06-04T23:48:10.715458+00:00
[2024-06-04T23:48:10.728+0000] {processor.py:175} INFO - Processing /home/airflow/.local/lib/python3.7/site-packages/airflow/example_dags/example_task_group_decorator.py took 0.085 seconds
[2024-06-04T23:48:40.810+0000] {processor.py:153} INFO - Started process (PID=4654) to work on /home/airflow/.local/lib/python3.7/site-packages/airflow/example_dags/example_task_group_decorator.py
[2024-06-04T23:48:40.811+0000] {processor.py:743} INFO - Processing file /home/airflow/.local/lib/python3.7/site-packages/airflow/example_dags/example_task_group_decorator.py for tasks to queue
[2024-06-04T23:48:40.812+0000] {logging_mixin.py:137} INFO - [2024-06-04T23:48:40.811+0000] {dagbag.py:538} INFO - Filling up the DagBag from /home/airflow/.local/lib/python3.7/site-packages/airflow/example_dags/example_task_group_decorator.py
[2024-06-04T23:48:40.844+0000] {processor.py:753} INFO - DAG(s) dict_keys(['example_task_group_decorator']) retrieved from /home/airflow/.local/lib/python3.7/site-packages/airflow/example_dags/example_task_group_decorator.py
[2024-06-04T23:48:40.879+0000] {logging_mixin.py:137} INFO - [2024-06-04T23:48:40.879+0000] {dag.py:2690} INFO - Sync 1 DAGs
[2024-06-04T23:48:40.908+0000] {logging_mixin.py:137} INFO - [2024-06-04T23:48:40.908+0000] {dag.py:3441} INFO - Setting next_dagrun for example_task_group_decorator to 2024-06-03T23:48:40.908392+00:00, run_after=2024-06-04T23:48:40.908392+00:00
[2024-06-04T23:48:40.930+0000] {processor.py:175} INFO - Processing /home/airflow/.local/lib/python3.7/site-packages/airflow/example_dags/example_task_group_decorator.py took 0.123 seconds
[2024-06-04T23:49:11.695+0000] {processor.py:153} INFO - Started process (PID=5053) to work on /home/airflow/.local/lib/python3.7/site-packages/airflow/example_dags/example_task_group_decorator.py
[2024-06-04T23:49:11.696+0000] {processor.py:743} INFO - Processing file /home/airflow/.local/lib/python3.7/site-packages/airflow/example_dags/example_task_group_decorator.py for tasks to queue
[2024-06-04T23:49:11.697+0000] {logging_mixin.py:137} INFO - [2024-06-04T23:49:11.697+0000] {dagbag.py:538} INFO - Filling up the DagBag from /home/airflow/.local/lib/python3.7/site-packages/airflow/example_dags/example_task_group_decorator.py
[2024-06-04T23:49:11.733+0000] {processor.py:753} INFO - DAG(s) dict_keys(['example_task_group_decorator']) retrieved from /home/airflow/.local/lib/python3.7/site-packages/airflow/example_dags/example_task_group_decorator.py
[2024-06-04T23:49:11.762+0000] {logging_mixin.py:137} INFO - [2024-06-04T23:49:11.762+0000] {dag.py:2690} INFO - Sync 1 DAGs
[2024-06-04T23:49:11.791+0000] {logging_mixin.py:137} INFO - [2024-06-04T23:49:11.791+0000] {dag.py:3441} INFO - Setting next_dagrun for example_task_group_decorator to 2024-06-04T23:48:40.908392+00:00, run_after=2024-06-05T23:48:40.908392+00:00
[2024-06-04T23:49:11.817+0000] {processor.py:175} INFO - Processing /home/airflow/.local/lib/python3.7/site-packages/airflow/example_dags/example_task_group_decorator.py took 0.125 seconds
[2024-06-04T23:49:42.137+0000] {processor.py:153} INFO - Started process (PID=5422) to work on /home/airflow/.local/lib/python3.7/site-packages/airflow/example_dags/example_task_group_decorator.py
[2024-06-04T23:49:42.137+0000] {processor.py:743} INFO - Processing file /home/airflow/.local/lib/python3.7/site-packages/airflow/example_dags/example_task_group_decorator.py for tasks to queue
[2024-06-04T23:49:42.138+0000] {logging_mixin.py:137} INFO - [2024-06-04T23:49:42.138+0000] {dagbag.py:538} INFO - Filling up the DagBag from /home/airflow/.local/lib/python3.7/site-packages/airflow/example_dags/example_task_group_decorator.py
[2024-06-04T23:49:42.159+0000] {processor.py:753} INFO - DAG(s) dict_keys(['example_task_group_decorator']) retrieved from /home/airflow/.local/lib/python3.7/site-packages/airflow/example_dags/example_task_group_decorator.py
[2024-06-04T23:49:42.179+0000] {logging_mixin.py:137} INFO - [2024-06-04T23:49:42.179+0000] {dag.py:2690} INFO - Sync 1 DAGs
[2024-06-04T23:49:42.198+0000] {logging_mixin.py:137} INFO - [2024-06-04T23:49:42.198+0000] {dag.py:3441} INFO - Setting next_dagrun for example_task_group_decorator to 2024-06-04T23:48:40.908392+00:00, run_after=2024-06-05T23:48:40.908392+00:00
[2024-06-04T23:49:42.212+0000] {processor.py:175} INFO - Processing /home/airflow/.local/lib/python3.7/site-packages/airflow/example_dags/example_task_group_decorator.py took 0.078 seconds
[2024-06-04T23:50:12.968+0000] {processor.py:153} INFO - Started process (PID=5788) to work on /home/airflow/.local/lib/python3.7/site-packages/airflow/example_dags/example_task_group_decorator.py
[2024-06-04T23:50:12.969+0000] {processor.py:743} INFO - Processing file /home/airflow/.local/lib/python3.7/site-packages/airflow/example_dags/example_task_group_decorator.py for tasks to queue
[2024-06-04T23:50:12.969+0000] {logging_mixin.py:137} INFO - [2024-06-04T23:50:12.969+0000] {dagbag.py:538} INFO - Filling up the DagBag from /home/airflow/.local/lib/python3.7/site-packages/airflow/example_dags/example_task_group_decorator.py
[2024-06-04T23:50:13.007+0000] {processor.py:753} INFO - DAG(s) dict_keys(['example_task_group_decorator']) retrieved from /home/airflow/.local/lib/python3.7/site-packages/airflow/example_dags/example_task_group_decorator.py
[2024-06-04T23:50:13.046+0000] {logging_mixin.py:137} INFO - [2024-06-04T23:50:13.045+0000] {dag.py:2690} INFO - Sync 1 DAGs
[2024-06-04T23:50:13.084+0000] {logging_mixin.py:137} INFO - [2024-06-04T23:50:13.083+0000] {dag.py:3441} INFO - Setting next_dagrun for example_task_group_decorator to 2024-06-04T23:48:40.908392+00:00, run_after=2024-06-05T23:48:40.908392+00:00
[2024-06-04T23:50:13.109+0000] {processor.py:175} INFO - Processing /home/airflow/.local/lib/python3.7/site-packages/airflow/example_dags/example_task_group_decorator.py took 0.145 seconds
[2024-06-04T23:50:43.314+0000] {processor.py:153} INFO - Started process (PID=6162) to work on /home/airflow/.local/lib/python3.7/site-packages/airflow/example_dags/example_task_group_decorator.py
[2024-06-04T23:50:43.315+0000] {processor.py:743} INFO - Processing file /home/airflow/.local/lib/python3.7/site-packages/airflow/example_dags/example_task_group_decorator.py for tasks to queue
[2024-06-04T23:50:43.315+0000] {logging_mixin.py:137} INFO - [2024-06-04T23:50:43.315+0000] {dagbag.py:538} INFO - Filling up the DagBag from /home/airflow/.local/lib/python3.7/site-packages/airflow/example_dags/example_task_group_decorator.py
[2024-06-04T23:50:43.337+0000] {processor.py:753} INFO - DAG(s) dict_keys(['example_task_group_decorator']) retrieved from /home/airflow/.local/lib/python3.7/site-packages/airflow/example_dags/example_task_group_decorator.py
[2024-06-04T23:50:43.357+0000] {logging_mixin.py:137} INFO - [2024-06-04T23:50:43.357+0000] {dag.py:2690} INFO - Sync 1 DAGs
[2024-06-04T23:50:43.376+0000] {logging_mixin.py:137} INFO - [2024-06-04T23:50:43.376+0000] {dag.py:3441} INFO - Setting next_dagrun for example_task_group_decorator to 2024-06-04T23:48:40.908392+00:00, run_after=2024-06-05T23:48:40.908392+00:00
[2024-06-04T23:50:43.389+0000] {processor.py:175} INFO - Processing /home/airflow/.local/lib/python3.7/site-packages/airflow/example_dags/example_task_group_decorator.py took 0.078 seconds
[2024-06-04T23:51:13.682+0000] {processor.py:153} INFO - Started process (PID=6509) to work on /home/airflow/.local/lib/python3.7/site-packages/airflow/example_dags/example_task_group_decorator.py
[2024-06-04T23:51:13.683+0000] {processor.py:743} INFO - Processing file /home/airflow/.local/lib/python3.7/site-packages/airflow/example_dags/example_task_group_decorator.py for tasks to queue
[2024-06-04T23:51:13.683+0000] {logging_mixin.py:137} INFO - [2024-06-04T23:51:13.683+0000] {dagbag.py:538} INFO - Filling up the DagBag from /home/airflow/.local/lib/python3.7/site-packages/airflow/example_dags/example_task_group_decorator.py
[2024-06-04T23:51:13.705+0000] {processor.py:753} INFO - DAG(s) dict_keys(['example_task_group_decorator']) retrieved from /home/airflow/.local/lib/python3.7/site-packages/airflow/example_dags/example_task_group_decorator.py
[2024-06-04T23:51:13.727+0000] {logging_mixin.py:137} INFO - [2024-06-04T23:51:13.727+0000] {dag.py:2690} INFO - Sync 1 DAGs
[2024-06-04T23:51:13.746+0000] {logging_mixin.py:137} INFO - [2024-06-04T23:51:13.746+0000] {dag.py:3441} INFO - Setting next_dagrun for example_task_group_decorator to 2024-06-04T23:48:40.908392+00:00, run_after=2024-06-05T23:48:40.908392+00:00
[2024-06-04T23:51:13.764+0000] {processor.py:175} INFO - Processing /home/airflow/.local/lib/python3.7/site-packages/airflow/example_dags/example_task_group_decorator.py took 0.085 seconds
[2024-06-04T23:51:43.837+0000] {processor.py:153} INFO - Started process (PID=6854) to work on /home/airflow/.local/lib/python3.7/site-packages/airflow/example_dags/example_task_group_decorator.py
[2024-06-04T23:51:43.838+0000] {processor.py:743} INFO - Processing file /home/airflow/.local/lib/python3.7/site-packages/airflow/example_dags/example_task_group_decorator.py for tasks to queue
[2024-06-04T23:51:43.838+0000] {logging_mixin.py:137} INFO - [2024-06-04T23:51:43.838+0000] {dagbag.py:538} INFO - Filling up the DagBag from /home/airflow/.local/lib/python3.7/site-packages/airflow/example_dags/example_task_group_decorator.py
[2024-06-04T23:51:43.858+0000] {processor.py:753} INFO - DAG(s) dict_keys(['example_task_group_decorator']) retrieved from /home/airflow/.local/lib/python3.7/site-packages/airflow/example_dags/example_task_group_decorator.py
[2024-06-04T23:51:43.878+0000] {logging_mixin.py:137} INFO - [2024-06-04T23:51:43.878+0000] {dag.py:2690} INFO - Sync 1 DAGs
[2024-06-04T23:51:43.896+0000] {logging_mixin.py:137} INFO - [2024-06-04T23:51:43.896+0000] {dag.py:3441} INFO - Setting next_dagrun for example_task_group_decorator to 2024-06-04T23:48:40.908392+00:00, run_after=2024-06-05T23:48:40.908392+00:00
[2024-06-04T23:51:43.908+0000] {processor.py:175} INFO - Processing /home/airflow/.local/lib/python3.7/site-packages/airflow/example_dags/example_task_group_decorator.py took 0.073 seconds
[2024-06-04T23:52:14.234+0000] {processor.py:153} INFO - Started process (PID=7186) to work on /home/airflow/.local/lib/python3.7/site-packages/airflow/example_dags/example_task_group_decorator.py
[2024-06-04T23:52:14.235+0000] {processor.py:743} INFO - Processing file /home/airflow/.local/lib/python3.7/site-packages/airflow/example_dags/example_task_group_decorator.py for tasks to queue
[2024-06-04T23:52:14.235+0000] {logging_mixin.py:137} INFO - [2024-06-04T23:52:14.235+0000] {dagbag.py:538} INFO - Filling up the DagBag from /home/airflow/.local/lib/python3.7/site-packages/airflow/example_dags/example_task_group_decorator.py
[2024-06-04T23:52:14.263+0000] {processor.py:753} INFO - DAG(s) dict_keys(['example_task_group_decorator']) retrieved from /home/airflow/.local/lib/python3.7/site-packages/airflow/example_dags/example_task_group_decorator.py
[2024-06-04T23:52:14.287+0000] {logging_mixin.py:137} INFO - [2024-06-04T23:52:14.287+0000] {dag.py:2690} INFO - Sync 1 DAGs
[2024-06-04T23:52:14.307+0000] {logging_mixin.py:137} INFO - [2024-06-04T23:52:14.307+0000] {dag.py:3441} INFO - Setting next_dagrun for example_task_group_decorator to 2024-06-04T23:48:40.908392+00:00, run_after=2024-06-05T23:48:40.908392+00:00
[2024-06-04T23:52:14.324+0000] {processor.py:175} INFO - Processing /home/airflow/.local/lib/python3.7/site-packages/airflow/example_dags/example_task_group_decorator.py took 0.094 seconds
[2024-06-04T23:52:44.410+0000] {processor.py:153} INFO - Started process (PID=7528) to work on /home/airflow/.local/lib/python3.7/site-packages/airflow/example_dags/example_task_group_decorator.py
[2024-06-04T23:52:44.410+0000] {processor.py:743} INFO - Processing file /home/airflow/.local/lib/python3.7/site-packages/airflow/example_dags/example_task_group_decorator.py for tasks to queue
[2024-06-04T23:52:44.410+0000] {logging_mixin.py:137} INFO - [2024-06-04T23:52:44.410+0000] {dagbag.py:538} INFO - Filling up the DagBag from /home/airflow/.local/lib/python3.7/site-packages/airflow/example_dags/example_task_group_decorator.py
[2024-06-04T23:52:44.430+0000] {processor.py:753} INFO - DAG(s) dict_keys(['example_task_group_decorator']) retrieved from /home/airflow/.local/lib/python3.7/site-packages/airflow/example_dags/example_task_group_decorator.py
[2024-06-04T23:52:44.449+0000] {logging_mixin.py:137} INFO - [2024-06-04T23:52:44.449+0000] {dag.py:2690} INFO - Sync 1 DAGs
[2024-06-04T23:52:44.467+0000] {logging_mixin.py:137} INFO - [2024-06-04T23:52:44.467+0000] {dag.py:3441} INFO - Setting next_dagrun for example_task_group_decorator to 2024-06-04T23:48:40.908392+00:00, run_after=2024-06-05T23:48:40.908392+00:00
[2024-06-04T23:52:44.479+0000] {processor.py:175} INFO - Processing /home/airflow/.local/lib/python3.7/site-packages/airflow/example_dags/example_task_group_decorator.py took 0.072 seconds
[2024-06-04T23:53:15.145+0000] {processor.py:153} INFO - Started process (PID=7894) to work on /home/airflow/.local/lib/python3.7/site-packages/airflow/example_dags/example_task_group_decorator.py
[2024-06-04T23:53:15.146+0000] {processor.py:743} INFO - Processing file /home/airflow/.local/lib/python3.7/site-packages/airflow/example_dags/example_task_group_decorator.py for tasks to queue
[2024-06-04T23:53:15.147+0000] {logging_mixin.py:137} INFO - [2024-06-04T23:53:15.147+0000] {dagbag.py:538} INFO - Filling up the DagBag from /home/airflow/.local/lib/python3.7/site-packages/airflow/example_dags/example_task_group_decorator.py
[2024-06-04T23:53:15.176+0000] {processor.py:753} INFO - DAG(s) dict_keys(['example_task_group_decorator']) retrieved from /home/airflow/.local/lib/python3.7/site-packages/airflow/example_dags/example_task_group_decorator.py
[2024-06-04T23:53:15.206+0000] {logging_mixin.py:137} INFO - [2024-06-04T23:53:15.206+0000] {dag.py:2690} INFO - Sync 1 DAGs
[2024-06-04T23:53:15.237+0000] {logging_mixin.py:137} INFO - [2024-06-04T23:53:15.237+0000] {dag.py:3441} INFO - Setting next_dagrun for example_task_group_decorator to 2024-06-04T23:48:40.908392+00:00, run_after=2024-06-05T23:48:40.908392+00:00
[2024-06-04T23:53:15.258+0000] {processor.py:175} INFO - Processing /home/airflow/.local/lib/python3.7/site-packages/airflow/example_dags/example_task_group_decorator.py took 0.115 seconds
[2024-06-04T23:53:45.286+0000] {processor.py:153} INFO - Started process (PID=8221) to work on /home/airflow/.local/lib/python3.7/site-packages/airflow/example_dags/example_task_group_decorator.py
[2024-06-04T23:53:45.287+0000] {processor.py:743} INFO - Processing file /home/airflow/.local/lib/python3.7/site-packages/airflow/example_dags/example_task_group_decorator.py for tasks to queue
[2024-06-04T23:53:45.287+0000] {logging_mixin.py:137} INFO - [2024-06-04T23:53:45.287+0000] {dagbag.py:538} INFO - Filling up the DagBag from /home/airflow/.local/lib/python3.7/site-packages/airflow/example_dags/example_task_group_decorator.py
[2024-06-04T23:53:45.307+0000] {processor.py:753} INFO - DAG(s) dict_keys(['example_task_group_decorator']) retrieved from /home/airflow/.local/lib/python3.7/site-packages/airflow/example_dags/example_task_group_decorator.py
[2024-06-04T23:53:45.326+0000] {logging_mixin.py:137} INFO - [2024-06-04T23:53:45.326+0000] {dag.py:2690} INFO - Sync 1 DAGs
[2024-06-04T23:53:45.343+0000] {logging_mixin.py:137} INFO - [2024-06-04T23:53:45.343+0000] {dag.py:3441} INFO - Setting next_dagrun for example_task_group_decorator to 2024-06-04T23:48:40.908392+00:00, run_after=2024-06-05T23:48:40.908392+00:00
[2024-06-04T23:53:45.354+0000] {processor.py:175} INFO - Processing /home/airflow/.local/lib/python3.7/site-packages/airflow/example_dags/example_task_group_decorator.py took 0.070 seconds
[2024-06-04T23:54:15.888+0000] {processor.py:153} INFO - Started process (PID=8534) to work on /home/airflow/.local/lib/python3.7/site-packages/airflow/example_dags/example_task_group_decorator.py
[2024-06-04T23:54:15.889+0000] {processor.py:743} INFO - Processing file /home/airflow/.local/lib/python3.7/site-packages/airflow/example_dags/example_task_group_decorator.py for tasks to queue
[2024-06-04T23:54:15.889+0000] {logging_mixin.py:137} INFO - [2024-06-04T23:54:15.889+0000] {dagbag.py:538} INFO - Filling up the DagBag from /home/airflow/.local/lib/python3.7/site-packages/airflow/example_dags/example_task_group_decorator.py
[2024-06-04T23:54:15.912+0000] {processor.py:753} INFO - DAG(s) dict_keys(['example_task_group_decorator']) retrieved from /home/airflow/.local/lib/python3.7/site-packages/airflow/example_dags/example_task_group_decorator.py
[2024-06-04T23:54:15.934+0000] {logging_mixin.py:137} INFO - [2024-06-04T23:54:15.934+0000] {dag.py:2690} INFO - Sync 1 DAGs
[2024-06-04T23:54:15.954+0000] {logging_mixin.py:137} INFO - [2024-06-04T23:54:15.954+0000] {dag.py:3441} INFO - Setting next_dagrun for example_task_group_decorator to 2024-06-04T23:48:40.908392+00:00, run_after=2024-06-05T23:48:40.908392+00:00
[2024-06-04T23:54:15.970+0000] {processor.py:175} INFO - Processing /home/airflow/.local/lib/python3.7/site-packages/airflow/example_dags/example_task_group_decorator.py took 0.084 seconds
[2024-06-04T23:54:46.082+0000] {processor.py:153} INFO - Started process (PID=8673) to work on /home/airflow/.local/lib/python3.7/site-packages/airflow/example_dags/example_task_group_decorator.py
[2024-06-04T23:54:46.083+0000] {processor.py:743} INFO - Processing file /home/airflow/.local/lib/python3.7/site-packages/airflow/example_dags/example_task_group_decorator.py for tasks to queue
[2024-06-04T23:54:46.083+0000] {logging_mixin.py:137} INFO - [2024-06-04T23:54:46.083+0000] {dagbag.py:538} INFO - Filling up the DagBag from /home/airflow/.local/lib/python3.7/site-packages/airflow/example_dags/example_task_group_decorator.py
[2024-06-04T23:54:46.103+0000] {processor.py:753} INFO - DAG(s) dict_keys(['example_task_group_decorator']) retrieved from /home/airflow/.local/lib/python3.7/site-packages/airflow/example_dags/example_task_group_decorator.py
[2024-06-04T23:54:46.123+0000] {logging_mixin.py:137} INFO - [2024-06-04T23:54:46.123+0000] {dag.py:2690} INFO - Sync 1 DAGs
[2024-06-04T23:54:46.142+0000] {logging_mixin.py:137} INFO - [2024-06-04T23:54:46.142+0000] {dag.py:3441} INFO - Setting next_dagrun for example_task_group_decorator to 2024-06-04T23:48:40.908392+00:00, run_after=2024-06-05T23:48:40.908392+00:00
[2024-06-04T23:54:46.155+0000] {processor.py:175} INFO - Processing /home/airflow/.local/lib/python3.7/site-packages/airflow/example_dags/example_task_group_decorator.py took 0.075 seconds
[2024-06-04T23:55:16.331+0000] {processor.py:153} INFO - Started process (PID=8789) to work on /home/airflow/.local/lib/python3.7/site-packages/airflow/example_dags/example_task_group_decorator.py
[2024-06-04T23:55:16.331+0000] {processor.py:743} INFO - Processing file /home/airflow/.local/lib/python3.7/site-packages/airflow/example_dags/example_task_group_decorator.py for tasks to queue
[2024-06-04T23:55:16.332+0000] {logging_mixin.py:137} INFO - [2024-06-04T23:55:16.332+0000] {dagbag.py:538} INFO - Filling up the DagBag from /home/airflow/.local/lib/python3.7/site-packages/airflow/example_dags/example_task_group_decorator.py
[2024-06-04T23:55:16.352+0000] {processor.py:753} INFO - DAG(s) dict_keys(['example_task_group_decorator']) retrieved from /home/airflow/.local/lib/python3.7/site-packages/airflow/example_dags/example_task_group_decorator.py
[2024-06-04T23:55:16.373+0000] {logging_mixin.py:137} INFO - [2024-06-04T23:55:16.373+0000] {dag.py:2690} INFO - Sync 1 DAGs
[2024-06-04T23:55:16.392+0000] {logging_mixin.py:137} INFO - [2024-06-04T23:55:16.392+0000] {dag.py:3441} INFO - Setting next_dagrun for example_task_group_decorator to 2024-06-04T23:48:40.908392+00:00, run_after=2024-06-05T23:48:40.908392+00:00
[2024-06-04T23:55:16.405+0000] {processor.py:175} INFO - Processing /home/airflow/.local/lib/python3.7/site-packages/airflow/example_dags/example_task_group_decorator.py took 0.078 seconds
[2024-06-04T23:55:47.195+0000] {processor.py:153} INFO - Started process (PID=8876) to work on /home/airflow/.local/lib/python3.7/site-packages/airflow/example_dags/example_task_group_decorator.py
[2024-06-04T23:55:47.196+0000] {processor.py:743} INFO - Processing file /home/airflow/.local/lib/python3.7/site-packages/airflow/example_dags/example_task_group_decorator.py for tasks to queue
[2024-06-04T23:55:47.196+0000] {logging_mixin.py:137} INFO - [2024-06-04T23:55:47.196+0000] {dagbag.py:538} INFO - Filling up the DagBag from /home/airflow/.local/lib/python3.7/site-packages/airflow/example_dags/example_task_group_decorator.py
[2024-06-04T23:55:47.218+0000] {processor.py:753} INFO - DAG(s) dict_keys(['example_task_group_decorator']) retrieved from /home/airflow/.local/lib/python3.7/site-packages/airflow/example_dags/example_task_group_decorator.py
[2024-06-04T23:55:47.239+0000] {logging_mixin.py:137} INFO - [2024-06-04T23:55:47.239+0000] {dag.py:2690} INFO - Sync 1 DAGs
[2024-06-04T23:55:47.257+0000] {logging_mixin.py:137} INFO - [2024-06-04T23:55:47.256+0000] {dag.py:3441} INFO - Setting next_dagrun for example_task_group_decorator to 2024-06-04T23:48:40.908392+00:00, run_after=2024-06-05T23:48:40.908392+00:00
[2024-06-04T23:55:47.270+0000] {processor.py:175} INFO - Processing /home/airflow/.local/lib/python3.7/site-packages/airflow/example_dags/example_task_group_decorator.py took 0.077 seconds
[2024-06-04T23:56:18.089+0000] {processor.py:153} INFO - Started process (PID=8995) to work on /home/airflow/.local/lib/python3.7/site-packages/airflow/example_dags/example_task_group_decorator.py
[2024-06-04T23:56:18.090+0000] {processor.py:743} INFO - Processing file /home/airflow/.local/lib/python3.7/site-packages/airflow/example_dags/example_task_group_decorator.py for tasks to queue
[2024-06-04T23:56:18.090+0000] {logging_mixin.py:137} INFO - [2024-06-04T23:56:18.090+0000] {dagbag.py:538} INFO - Filling up the DagBag from /home/airflow/.local/lib/python3.7/site-packages/airflow/example_dags/example_task_group_decorator.py
[2024-06-04T23:56:18.111+0000] {processor.py:753} INFO - DAG(s) dict_keys(['example_task_group_decorator']) retrieved from /home/airflow/.local/lib/python3.7/site-packages/airflow/example_dags/example_task_group_decorator.py
[2024-06-04T23:56:18.133+0000] {logging_mixin.py:137} INFO - [2024-06-04T23:56:18.133+0000] {dag.py:2690} INFO - Sync 1 DAGs
[2024-06-04T23:56:18.155+0000] {logging_mixin.py:137} INFO - [2024-06-04T23:56:18.155+0000] {dag.py:3441} INFO - Setting next_dagrun for example_task_group_decorator to 2024-06-04T23:48:40.908392+00:00, run_after=2024-06-05T23:48:40.908392+00:00
[2024-06-04T23:56:18.171+0000] {processor.py:175} INFO - Processing /home/airflow/.local/lib/python3.7/site-packages/airflow/example_dags/example_task_group_decorator.py took 0.084 seconds
[2024-06-04T23:56:48.270+0000] {processor.py:153} INFO - Started process (PID=9099) to work on /home/airflow/.local/lib/python3.7/site-packages/airflow/example_dags/example_task_group_decorator.py
[2024-06-04T23:56:48.271+0000] {processor.py:743} INFO - Processing file /home/airflow/.local/lib/python3.7/site-packages/airflow/example_dags/example_task_group_decorator.py for tasks to queue
[2024-06-04T23:56:48.271+0000] {logging_mixin.py:137} INFO - [2024-06-04T23:56:48.271+0000] {dagbag.py:538} INFO - Filling up the DagBag from /home/airflow/.local/lib/python3.7/site-packages/airflow/example_dags/example_task_group_decorator.py
[2024-06-04T23:56:48.292+0000] {processor.py:753} INFO - DAG(s) dict_keys(['example_task_group_decorator']) retrieved from /home/airflow/.local/lib/python3.7/site-packages/airflow/example_dags/example_task_group_decorator.py
[2024-06-04T23:56:48.311+0000] {logging_mixin.py:137} INFO - [2024-06-04T23:56:48.311+0000] {dag.py:2690} INFO - Sync 1 DAGs
[2024-06-04T23:56:48.329+0000] {logging_mixin.py:137} INFO - [2024-06-04T23:56:48.328+0000] {dag.py:3441} INFO - Setting next_dagrun for example_task_group_decorator to 2024-06-04T23:48:40.908392+00:00, run_after=2024-06-05T23:48:40.908392+00:00
[2024-06-04T23:56:48.340+0000] {processor.py:175} INFO - Processing /home/airflow/.local/lib/python3.7/site-packages/airflow/example_dags/example_task_group_decorator.py took 0.073 seconds
[2024-06-04T23:57:18.372+0000] {processor.py:153} INFO - Started process (PID=9220) to work on /home/airflow/.local/lib/python3.7/site-packages/airflow/example_dags/example_task_group_decorator.py
[2024-06-04T23:57:18.372+0000] {processor.py:743} INFO - Processing file /home/airflow/.local/lib/python3.7/site-packages/airflow/example_dags/example_task_group_decorator.py for tasks to queue
[2024-06-04T23:57:18.373+0000] {logging_mixin.py:137} INFO - [2024-06-04T23:57:18.373+0000] {dagbag.py:538} INFO - Filling up the DagBag from /home/airflow/.local/lib/python3.7/site-packages/airflow/example_dags/example_task_group_decorator.py
[2024-06-04T23:57:18.392+0000] {processor.py:753} INFO - DAG(s) dict_keys(['example_task_group_decorator']) retrieved from /home/airflow/.local/lib/python3.7/site-packages/airflow/example_dags/example_task_group_decorator.py
[2024-06-04T23:57:18.412+0000] {logging_mixin.py:137} INFO - [2024-06-04T23:57:18.412+0000] {dag.py:2690} INFO - Sync 1 DAGs
[2024-06-04T23:57:18.429+0000] {logging_mixin.py:137} INFO - [2024-06-04T23:57:18.429+0000] {dag.py:3441} INFO - Setting next_dagrun for example_task_group_decorator to 2024-06-04T23:48:40.908392+00:00, run_after=2024-06-05T23:48:40.908392+00:00
[2024-06-04T23:57:18.441+0000] {processor.py:175} INFO - Processing /home/airflow/.local/lib/python3.7/site-packages/airflow/example_dags/example_task_group_decorator.py took 0.071 seconds
[2024-06-04T23:57:48.557+0000] {processor.py:153} INFO - Started process (PID=9314) to work on /home/airflow/.local/lib/python3.7/site-packages/airflow/example_dags/example_task_group_decorator.py
[2024-06-04T23:57:48.558+0000] {processor.py:743} INFO - Processing file /home/airflow/.local/lib/python3.7/site-packages/airflow/example_dags/example_task_group_decorator.py for tasks to queue
[2024-06-04T23:57:48.558+0000] {logging_mixin.py:137} INFO - [2024-06-04T23:57:48.558+0000] {dagbag.py:538} INFO - Filling up the DagBag from /home/airflow/.local/lib/python3.7/site-packages/airflow/example_dags/example_task_group_decorator.py
[2024-06-04T23:57:48.579+0000] {processor.py:753} INFO - DAG(s) dict_keys(['example_task_group_decorator']) retrieved from /home/airflow/.local/lib/python3.7/site-packages/airflow/example_dags/example_task_group_decorator.py
[2024-06-04T23:57:48.600+0000] {logging_mixin.py:137} INFO - [2024-06-04T23:57:48.600+0000] {dag.py:2690} INFO - Sync 1 DAGs
[2024-06-04T23:57:48.628+0000] {logging_mixin.py:137} INFO - [2024-06-04T23:57:48.628+0000] {dag.py:3441} INFO - Setting next_dagrun for example_task_group_decorator to 2024-06-04T23:48:40.908392+00:00, run_after=2024-06-05T23:48:40.908392+00:00
[2024-06-04T23:57:48.657+0000] {processor.py:175} INFO - Processing /home/airflow/.local/lib/python3.7/site-packages/airflow/example_dags/example_task_group_decorator.py took 0.102 seconds
[2024-06-04T23:58:18.690+0000] {processor.py:153} INFO - Started process (PID=9427) to work on /home/airflow/.local/lib/python3.7/site-packages/airflow/example_dags/example_task_group_decorator.py
[2024-06-04T23:58:18.691+0000] {processor.py:743} INFO - Processing file /home/airflow/.local/lib/python3.7/site-packages/airflow/example_dags/example_task_group_decorator.py for tasks to queue
[2024-06-04T23:58:18.691+0000] {logging_mixin.py:137} INFO - [2024-06-04T23:58:18.691+0000] {dagbag.py:538} INFO - Filling up the DagBag from /home/airflow/.local/lib/python3.7/site-packages/airflow/example_dags/example_task_group_decorator.py
[2024-06-04T23:58:18.710+0000] {processor.py:753} INFO - DAG(s) dict_keys(['example_task_group_decorator']) retrieved from /home/airflow/.local/lib/python3.7/site-packages/airflow/example_dags/example_task_group_decorator.py
[2024-06-04T23:58:18.731+0000] {logging_mixin.py:137} INFO - [2024-06-04T23:58:18.731+0000] {dag.py:2690} INFO - Sync 1 DAGs
[2024-06-04T23:58:18.748+0000] {logging_mixin.py:137} INFO - [2024-06-04T23:58:18.748+0000] {dag.py:3441} INFO - Setting next_dagrun for example_task_group_decorator to 2024-06-04T23:48:40.908392+00:00, run_after=2024-06-05T23:48:40.908392+00:00
[2024-06-04T23:58:18.761+0000] {processor.py:175} INFO - Processing /home/airflow/.local/lib/python3.7/site-packages/airflow/example_dags/example_task_group_decorator.py took 0.073 seconds
[2024-06-04T23:58:48.987+0000] {processor.py:153} INFO - Started process (PID=9538) to work on /home/airflow/.local/lib/python3.7/site-packages/airflow/example_dags/example_task_group_decorator.py
[2024-06-04T23:58:48.988+0000] {processor.py:743} INFO - Processing file /home/airflow/.local/lib/python3.7/site-packages/airflow/example_dags/example_task_group_decorator.py for tasks to queue
[2024-06-04T23:58:48.988+0000] {logging_mixin.py:137} INFO - [2024-06-04T23:58:48.988+0000] {dagbag.py:538} INFO - Filling up the DagBag from /home/airflow/.local/lib/python3.7/site-packages/airflow/example_dags/example_task_group_decorator.py
[2024-06-04T23:58:49.012+0000] {processor.py:753} INFO - DAG(s) dict_keys(['example_task_group_decorator']) retrieved from /home/airflow/.local/lib/python3.7/site-packages/airflow/example_dags/example_task_group_decorator.py
[2024-06-04T23:58:49.034+0000] {logging_mixin.py:137} INFO - [2024-06-04T23:58:49.034+0000] {dag.py:2690} INFO - Sync 1 DAGs
[2024-06-04T23:58:49.055+0000] {logging_mixin.py:137} INFO - [2024-06-04T23:58:49.054+0000] {dag.py:3441} INFO - Setting next_dagrun for example_task_group_decorator to 2024-06-04T23:48:40.908392+00:00, run_after=2024-06-05T23:48:40.908392+00:00
[2024-06-04T23:58:49.069+0000] {processor.py:175} INFO - Processing /home/airflow/.local/lib/python3.7/site-packages/airflow/example_dags/example_task_group_decorator.py took 0.084 seconds
[2024-06-04T23:59:19.652+0000] {processor.py:153} INFO - Started process (PID=9630) to work on /home/airflow/.local/lib/python3.7/site-packages/airflow/example_dags/example_task_group_decorator.py
[2024-06-04T23:59:19.653+0000] {processor.py:743} INFO - Processing file /home/airflow/.local/lib/python3.7/site-packages/airflow/example_dags/example_task_group_decorator.py for tasks to queue
[2024-06-04T23:59:19.653+0000] {logging_mixin.py:137} INFO - [2024-06-04T23:59:19.653+0000] {dagbag.py:538} INFO - Filling up the DagBag from /home/airflow/.local/lib/python3.7/site-packages/airflow/example_dags/example_task_group_decorator.py
[2024-06-04T23:59:19.672+0000] {processor.py:753} INFO - DAG(s) dict_keys(['example_task_group_decorator']) retrieved from /home/airflow/.local/lib/python3.7/site-packages/airflow/example_dags/example_task_group_decorator.py
[2024-06-04T23:59:19.692+0000] {logging_mixin.py:137} INFO - [2024-06-04T23:59:19.692+0000] {dag.py:2690} INFO - Sync 1 DAGs
[2024-06-04T23:59:19.710+0000] {logging_mixin.py:137} INFO - [2024-06-04T23:59:19.709+0000] {dag.py:3441} INFO - Setting next_dagrun for example_task_group_decorator to 2024-06-04T23:48:40.908392+00:00, run_after=2024-06-05T23:48:40.908392+00:00
[2024-06-04T23:59:19.722+0000] {processor.py:175} INFO - Processing /home/airflow/.local/lib/python3.7/site-packages/airflow/example_dags/example_task_group_decorator.py took 0.073 seconds
[2024-06-04T23:59:50.446+0000] {processor.py:153} INFO - Started process (PID=9741) to work on /home/airflow/.local/lib/python3.7/site-packages/airflow/example_dags/example_task_group_decorator.py
[2024-06-04T23:59:50.447+0000] {processor.py:743} INFO - Processing file /home/airflow/.local/lib/python3.7/site-packages/airflow/example_dags/example_task_group_decorator.py for tasks to queue
[2024-06-04T23:59:50.447+0000] {logging_mixin.py:137} INFO - [2024-06-04T23:59:50.447+0000] {dagbag.py:538} INFO - Filling up the DagBag from /home/airflow/.local/lib/python3.7/site-packages/airflow/example_dags/example_task_group_decorator.py
[2024-06-04T23:59:50.469+0000] {processor.py:753} INFO - DAG(s) dict_keys(['example_task_group_decorator']) retrieved from /home/airflow/.local/lib/python3.7/site-packages/airflow/example_dags/example_task_group_decorator.py
[2024-06-04T23:59:50.491+0000] {logging_mixin.py:137} INFO - [2024-06-04T23:59:50.491+0000] {dag.py:2690} INFO - Sync 1 DAGs
[2024-06-04T23:59:50.514+0000] {logging_mixin.py:137} INFO - [2024-06-04T23:59:50.513+0000] {dag.py:3441} INFO - Setting next_dagrun for example_task_group_decorator to 2024-06-04T23:48:40.908392+00:00, run_after=2024-06-05T23:48:40.908392+00:00
[2024-06-04T23:59:50.527+0000] {processor.py:175} INFO - Processing /home/airflow/.local/lib/python3.7/site-packages/airflow/example_dags/example_task_group_decorator.py took 0.083 seconds
