[2024-06-04T23:37:25.891+0000] {processor.py:153} INFO - Started process (PID=53) to work on /home/airflow/.local/lib/python3.7/site-packages/airflow/example_dags/example_bash_operator.py
[2024-06-04T23:37:25.891+0000] {processor.py:743} INFO - Processing file /home/airflow/.local/lib/python3.7/site-packages/airflow/example_dags/example_bash_operator.py for tasks to queue
[2024-06-04T23:37:25.891+0000] {logging_mixin.py:137} INFO - [2024-06-04T23:37:25.891+0000] {dagbag.py:538} INFO - Filling up the DagBag from /home/airflow/.local/lib/python3.7/site-packages/airflow/example_dags/example_bash_operator.py
[2024-06-04T23:37:25.909+0000] {processor.py:753} INFO - DAG(s) dict_keys(['example_bash_operator']) retrieved from /home/airflow/.local/lib/python3.7/site-packages/airflow/example_dags/example_bash_operator.py
[2024-06-04T23:37:26.000+0000] {logging_mixin.py:137} INFO - [2024-06-04T23:37:25.999+0000] {manager.py:504} INFO - Created Permission View: can edit on DAG:example_bash_operator
[2024-06-04T23:37:26.006+0000] {logging_mixin.py:137} INFO - [2024-06-04T23:37:26.006+0000] {manager.py:504} INFO - Created Permission View: can read on DAG:example_bash_operator
[2024-06-04T23:37:26.011+0000] {logging_mixin.py:137} INFO - [2024-06-04T23:37:26.011+0000] {manager.py:504} INFO - Created Permission View: can delete on DAG:example_bash_operator
[2024-06-04T23:37:26.012+0000] {logging_mixin.py:137} INFO - [2024-06-04T23:37:26.012+0000] {dag.py:2690} INFO - Sync 1 DAGs
[2024-06-04T23:37:26.021+0000] {logging_mixin.py:137} INFO - [2024-06-04T23:37:26.021+0000] {dag.py:2711} INFO - Creating ORM DAG for example_bash_operator
[2024-06-04T23:37:26.030+0000] {logging_mixin.py:137} INFO - [2024-06-04T23:37:26.030+0000] {dag.py:3441} INFO - Setting next_dagrun for example_bash_operator to 2024-06-03T00:00:00+00:00, run_after=2024-06-04T00:00:00+00:00
[2024-06-04T23:37:26.044+0000] {processor.py:175} INFO - Processing /home/airflow/.local/lib/python3.7/site-packages/airflow/example_dags/example_bash_operator.py took 0.156 seconds
[2024-06-04T23:37:56.120+0000] {processor.py:153} INFO - Started process (PID=164) to work on /home/airflow/.local/lib/python3.7/site-packages/airflow/example_dags/example_bash_operator.py
[2024-06-04T23:37:56.120+0000] {processor.py:743} INFO - Processing file /home/airflow/.local/lib/python3.7/site-packages/airflow/example_dags/example_bash_operator.py for tasks to queue
[2024-06-04T23:37:56.120+0000] {logging_mixin.py:137} INFO - [2024-06-04T23:37:56.120+0000] {dagbag.py:538} INFO - Filling up the DagBag from /home/airflow/.local/lib/python3.7/site-packages/airflow/example_dags/example_bash_operator.py
[2024-06-04T23:37:56.137+0000] {processor.py:753} INFO - DAG(s) dict_keys(['example_bash_operator']) retrieved from /home/airflow/.local/lib/python3.7/site-packages/airflow/example_dags/example_bash_operator.py
[2024-06-04T23:37:56.163+0000] {logging_mixin.py:137} INFO - [2024-06-04T23:37:56.162+0000] {dag.py:2690} INFO - Sync 1 DAGs
[2024-06-04T23:37:56.179+0000] {logging_mixin.py:137} INFO - [2024-06-04T23:37:56.179+0000] {dag.py:3441} INFO - Setting next_dagrun for example_bash_operator to 2024-06-03T00:00:00+00:00, run_after=2024-06-04T00:00:00+00:00
[2024-06-04T23:37:56.192+0000] {processor.py:175} INFO - Processing /home/airflow/.local/lib/python3.7/site-packages/airflow/example_dags/example_bash_operator.py took 0.074 seconds
[2024-06-04T23:38:26.945+0000] {processor.py:153} INFO - Started process (PID=251) to work on /home/airflow/.local/lib/python3.7/site-packages/airflow/example_dags/example_bash_operator.py
[2024-06-04T23:38:26.946+0000] {processor.py:743} INFO - Processing file /home/airflow/.local/lib/python3.7/site-packages/airflow/example_dags/example_bash_operator.py for tasks to queue
[2024-06-04T23:38:26.946+0000] {logging_mixin.py:137} INFO - [2024-06-04T23:38:26.946+0000] {dagbag.py:538} INFO - Filling up the DagBag from /home/airflow/.local/lib/python3.7/site-packages/airflow/example_dags/example_bash_operator.py
[2024-06-04T23:38:26.962+0000] {processor.py:753} INFO - DAG(s) dict_keys(['example_bash_operator']) retrieved from /home/airflow/.local/lib/python3.7/site-packages/airflow/example_dags/example_bash_operator.py
[2024-06-04T23:38:26.988+0000] {logging_mixin.py:137} INFO - [2024-06-04T23:38:26.988+0000] {dag.py:2690} INFO - Sync 1 DAGs
[2024-06-04T23:38:27.006+0000] {logging_mixin.py:137} INFO - [2024-06-04T23:38:27.006+0000] {dag.py:3441} INFO - Setting next_dagrun for example_bash_operator to 2024-06-03T00:00:00+00:00, run_after=2024-06-04T00:00:00+00:00
[2024-06-04T23:38:27.021+0000] {processor.py:175} INFO - Processing /home/airflow/.local/lib/python3.7/site-packages/airflow/example_dags/example_bash_operator.py took 0.078 seconds
[2024-06-04T23:38:57.850+0000] {processor.py:153} INFO - Started process (PID=362) to work on /home/airflow/.local/lib/python3.7/site-packages/airflow/example_dags/example_bash_operator.py
[2024-06-04T23:38:57.851+0000] {processor.py:743} INFO - Processing file /home/airflow/.local/lib/python3.7/site-packages/airflow/example_dags/example_bash_operator.py for tasks to queue
[2024-06-04T23:38:57.851+0000] {logging_mixin.py:137} INFO - [2024-06-04T23:38:57.851+0000] {dagbag.py:538} INFO - Filling up the DagBag from /home/airflow/.local/lib/python3.7/site-packages/airflow/example_dags/example_bash_operator.py
[2024-06-04T23:38:57.867+0000] {processor.py:753} INFO - DAG(s) dict_keys(['example_bash_operator']) retrieved from /home/airflow/.local/lib/python3.7/site-packages/airflow/example_dags/example_bash_operator.py
[2024-06-04T23:38:57.893+0000] {logging_mixin.py:137} INFO - [2024-06-04T23:38:57.893+0000] {dag.py:2690} INFO - Sync 1 DAGs
[2024-06-04T23:38:57.911+0000] {logging_mixin.py:137} INFO - [2024-06-04T23:38:57.911+0000] {dag.py:3441} INFO - Setting next_dagrun for example_bash_operator to 2024-06-03T00:00:00+00:00, run_after=2024-06-04T00:00:00+00:00
[2024-06-04T23:38:57.923+0000] {processor.py:175} INFO - Processing /home/airflow/.local/lib/python3.7/site-packages/airflow/example_dags/example_bash_operator.py took 0.075 seconds
[2024-06-04T23:39:28.560+0000] {processor.py:153} INFO - Started process (PID=473) to work on /home/airflow/.local/lib/python3.7/site-packages/airflow/example_dags/example_bash_operator.py
[2024-06-04T23:39:28.561+0000] {processor.py:743} INFO - Processing file /home/airflow/.local/lib/python3.7/site-packages/airflow/example_dags/example_bash_operator.py for tasks to queue
[2024-06-04T23:39:28.561+0000] {logging_mixin.py:137} INFO - [2024-06-04T23:39:28.561+0000] {dagbag.py:538} INFO - Filling up the DagBag from /home/airflow/.local/lib/python3.7/site-packages/airflow/example_dags/example_bash_operator.py
[2024-06-04T23:39:28.576+0000] {processor.py:753} INFO - DAG(s) dict_keys(['example_bash_operator']) retrieved from /home/airflow/.local/lib/python3.7/site-packages/airflow/example_dags/example_bash_operator.py
[2024-06-04T23:39:28.602+0000] {logging_mixin.py:137} INFO - [2024-06-04T23:39:28.602+0000] {dag.py:2690} INFO - Sync 1 DAGs
[2024-06-04T23:39:28.620+0000] {logging_mixin.py:137} INFO - [2024-06-04T23:39:28.619+0000] {dag.py:3441} INFO - Setting next_dagrun for example_bash_operator to 2024-06-03T00:00:00+00:00, run_after=2024-06-04T00:00:00+00:00
[2024-06-04T23:39:28.632+0000] {processor.py:175} INFO - Processing /home/airflow/.local/lib/python3.7/site-packages/airflow/example_dags/example_bash_operator.py took 0.074 seconds
[2024-06-04T23:39:59.282+0000] {processor.py:153} INFO - Started process (PID=560) to work on /home/airflow/.local/lib/python3.7/site-packages/airflow/example_dags/example_bash_operator.py
[2024-06-04T23:39:59.282+0000] {processor.py:743} INFO - Processing file /home/airflow/.local/lib/python3.7/site-packages/airflow/example_dags/example_bash_operator.py for tasks to queue
[2024-06-04T23:39:59.283+0000] {logging_mixin.py:137} INFO - [2024-06-04T23:39:59.283+0000] {dagbag.py:538} INFO - Filling up the DagBag from /home/airflow/.local/lib/python3.7/site-packages/airflow/example_dags/example_bash_operator.py
[2024-06-04T23:39:59.299+0000] {processor.py:753} INFO - DAG(s) dict_keys(['example_bash_operator']) retrieved from /home/airflow/.local/lib/python3.7/site-packages/airflow/example_dags/example_bash_operator.py
[2024-06-04T23:39:59.327+0000] {logging_mixin.py:137} INFO - [2024-06-04T23:39:59.327+0000] {dag.py:2690} INFO - Sync 1 DAGs
[2024-06-04T23:39:59.347+0000] {logging_mixin.py:137} INFO - [2024-06-04T23:39:59.347+0000] {dag.py:3441} INFO - Setting next_dagrun for example_bash_operator to 2024-06-03T00:00:00+00:00, run_after=2024-06-04T00:00:00+00:00
[2024-06-04T23:39:59.360+0000] {processor.py:175} INFO - Processing /home/airflow/.local/lib/python3.7/site-packages/airflow/example_dags/example_bash_operator.py took 0.080 seconds
[2024-06-04T23:40:29.987+0000] {processor.py:153} INFO - Started process (PID=671) to work on /home/airflow/.local/lib/python3.7/site-packages/airflow/example_dags/example_bash_operator.py
[2024-06-04T23:40:29.987+0000] {processor.py:743} INFO - Processing file /home/airflow/.local/lib/python3.7/site-packages/airflow/example_dags/example_bash_operator.py for tasks to queue
[2024-06-04T23:40:29.988+0000] {logging_mixin.py:137} INFO - [2024-06-04T23:40:29.988+0000] {dagbag.py:538} INFO - Filling up the DagBag from /home/airflow/.local/lib/python3.7/site-packages/airflow/example_dags/example_bash_operator.py
[2024-06-04T23:40:30.003+0000] {processor.py:753} INFO - DAG(s) dict_keys(['example_bash_operator']) retrieved from /home/airflow/.local/lib/python3.7/site-packages/airflow/example_dags/example_bash_operator.py
[2024-06-04T23:40:30.029+0000] {logging_mixin.py:137} INFO - [2024-06-04T23:40:30.029+0000] {dag.py:2690} INFO - Sync 1 DAGs
[2024-06-04T23:40:30.046+0000] {logging_mixin.py:137} INFO - [2024-06-04T23:40:30.046+0000] {dag.py:3441} INFO - Setting next_dagrun for example_bash_operator to 2024-06-03T00:00:00+00:00, run_after=2024-06-04T00:00:00+00:00
[2024-06-04T23:40:30.058+0000] {processor.py:175} INFO - Processing /home/airflow/.local/lib/python3.7/site-packages/airflow/example_dags/example_bash_operator.py took 0.073 seconds
[2024-06-04T23:41:00.691+0000] {processor.py:153} INFO - Started process (PID=767) to work on /home/airflow/.local/lib/python3.7/site-packages/airflow/example_dags/example_bash_operator.py
[2024-06-04T23:41:00.691+0000] {processor.py:743} INFO - Processing file /home/airflow/.local/lib/python3.7/site-packages/airflow/example_dags/example_bash_operator.py for tasks to queue
[2024-06-04T23:41:00.692+0000] {logging_mixin.py:137} INFO - [2024-06-04T23:41:00.692+0000] {dagbag.py:538} INFO - Filling up the DagBag from /home/airflow/.local/lib/python3.7/site-packages/airflow/example_dags/example_bash_operator.py
[2024-06-04T23:41:00.707+0000] {processor.py:753} INFO - DAG(s) dict_keys(['example_bash_operator']) retrieved from /home/airflow/.local/lib/python3.7/site-packages/airflow/example_dags/example_bash_operator.py
[2024-06-04T23:41:00.734+0000] {logging_mixin.py:137} INFO - [2024-06-04T23:41:00.734+0000] {dag.py:2690} INFO - Sync 1 DAGs
[2024-06-04T23:41:00.753+0000] {logging_mixin.py:137} INFO - [2024-06-04T23:41:00.753+0000] {dag.py:3441} INFO - Setting next_dagrun for example_bash_operator to 2024-06-03T00:00:00+00:00, run_after=2024-06-04T00:00:00+00:00
[2024-06-04T23:41:00.767+0000] {processor.py:175} INFO - Processing /home/airflow/.local/lib/python3.7/site-packages/airflow/example_dags/example_bash_operator.py took 0.079 seconds
[2024-06-04T23:41:31.415+0000] {processor.py:153} INFO - Started process (PID=869) to work on /home/airflow/.local/lib/python3.7/site-packages/airflow/example_dags/example_bash_operator.py
[2024-06-04T23:41:31.415+0000] {processor.py:743} INFO - Processing file /home/airflow/.local/lib/python3.7/site-packages/airflow/example_dags/example_bash_operator.py for tasks to queue
[2024-06-04T23:41:31.416+0000] {logging_mixin.py:137} INFO - [2024-06-04T23:41:31.416+0000] {dagbag.py:538} INFO - Filling up the DagBag from /home/airflow/.local/lib/python3.7/site-packages/airflow/example_dags/example_bash_operator.py
[2024-06-04T23:41:31.431+0000] {processor.py:753} INFO - DAG(s) dict_keys(['example_bash_operator']) retrieved from /home/airflow/.local/lib/python3.7/site-packages/airflow/example_dags/example_bash_operator.py
[2024-06-04T23:41:31.456+0000] {logging_mixin.py:137} INFO - [2024-06-04T23:41:31.456+0000] {dag.py:2690} INFO - Sync 1 DAGs
[2024-06-04T23:41:31.474+0000] {logging_mixin.py:137} INFO - [2024-06-04T23:41:31.474+0000] {dag.py:3441} INFO - Setting next_dagrun for example_bash_operator to 2024-06-03T00:00:00+00:00, run_after=2024-06-04T00:00:00+00:00
[2024-06-04T23:41:31.485+0000] {processor.py:175} INFO - Processing /home/airflow/.local/lib/python3.7/site-packages/airflow/example_dags/example_bash_operator.py took 0.073 seconds
[2024-06-04T23:42:02.062+0000] {processor.py:153} INFO - Started process (PID=980) to work on /home/airflow/.local/lib/python3.7/site-packages/airflow/example_dags/example_bash_operator.py
[2024-06-04T23:42:02.063+0000] {processor.py:743} INFO - Processing file /home/airflow/.local/lib/python3.7/site-packages/airflow/example_dags/example_bash_operator.py for tasks to queue
[2024-06-04T23:42:02.063+0000] {logging_mixin.py:137} INFO - [2024-06-04T23:42:02.063+0000] {dagbag.py:538} INFO - Filling up the DagBag from /home/airflow/.local/lib/python3.7/site-packages/airflow/example_dags/example_bash_operator.py
[2024-06-04T23:42:02.079+0000] {processor.py:753} INFO - DAG(s) dict_keys(['example_bash_operator']) retrieved from /home/airflow/.local/lib/python3.7/site-packages/airflow/example_dags/example_bash_operator.py
[2024-06-04T23:42:02.105+0000] {logging_mixin.py:137} INFO - [2024-06-04T23:42:02.105+0000] {dag.py:2690} INFO - Sync 1 DAGs
[2024-06-04T23:42:02.124+0000] {logging_mixin.py:137} INFO - [2024-06-04T23:42:02.124+0000] {dag.py:3441} INFO - Setting next_dagrun for example_bash_operator to 2024-06-03T00:00:00+00:00, run_after=2024-06-04T00:00:00+00:00
[2024-06-04T23:42:02.136+0000] {processor.py:175} INFO - Processing /home/airflow/.local/lib/python3.7/site-packages/airflow/example_dags/example_bash_operator.py took 0.076 seconds
[2024-06-04T23:42:33.112+0000] {processor.py:153} INFO - Started process (PID=1067) to work on /home/airflow/.local/lib/python3.7/site-packages/airflow/example_dags/example_bash_operator.py
[2024-06-04T23:42:33.113+0000] {processor.py:743} INFO - Processing file /home/airflow/.local/lib/python3.7/site-packages/airflow/example_dags/example_bash_operator.py for tasks to queue
[2024-06-04T23:42:33.113+0000] {logging_mixin.py:137} INFO - [2024-06-04T23:42:33.113+0000] {dagbag.py:538} INFO - Filling up the DagBag from /home/airflow/.local/lib/python3.7/site-packages/airflow/example_dags/example_bash_operator.py
[2024-06-04T23:42:33.128+0000] {processor.py:753} INFO - DAG(s) dict_keys(['example_bash_operator']) retrieved from /home/airflow/.local/lib/python3.7/site-packages/airflow/example_dags/example_bash_operator.py
[2024-06-04T23:42:33.155+0000] {logging_mixin.py:137} INFO - [2024-06-04T23:42:33.155+0000] {dag.py:2690} INFO - Sync 1 DAGs
[2024-06-04T23:42:33.172+0000] {logging_mixin.py:137} INFO - [2024-06-04T23:42:33.172+0000] {dag.py:3441} INFO - Setting next_dagrun for example_bash_operator to 2024-06-03T00:00:00+00:00, run_after=2024-06-04T00:00:00+00:00
[2024-06-04T23:42:33.184+0000] {processor.py:175} INFO - Processing /home/airflow/.local/lib/python3.7/site-packages/airflow/example_dags/example_bash_operator.py took 0.075 seconds
[2024-06-04T23:43:04.176+0000] {processor.py:153} INFO - Started process (PID=1178) to work on /home/airflow/.local/lib/python3.7/site-packages/airflow/example_dags/example_bash_operator.py
[2024-06-04T23:43:04.177+0000] {processor.py:743} INFO - Processing file /home/airflow/.local/lib/python3.7/site-packages/airflow/example_dags/example_bash_operator.py for tasks to queue
[2024-06-04T23:43:04.177+0000] {logging_mixin.py:137} INFO - [2024-06-04T23:43:04.177+0000] {dagbag.py:538} INFO - Filling up the DagBag from /home/airflow/.local/lib/python3.7/site-packages/airflow/example_dags/example_bash_operator.py
[2024-06-04T23:43:04.193+0000] {processor.py:753} INFO - DAG(s) dict_keys(['example_bash_operator']) retrieved from /home/airflow/.local/lib/python3.7/site-packages/airflow/example_dags/example_bash_operator.py
[2024-06-04T23:43:04.219+0000] {logging_mixin.py:137} INFO - [2024-06-04T23:43:04.219+0000] {dag.py:2690} INFO - Sync 1 DAGs
[2024-06-04T23:43:04.236+0000] {logging_mixin.py:137} INFO - [2024-06-04T23:43:04.236+0000] {dag.py:3441} INFO - Setting next_dagrun for example_bash_operator to 2024-06-03T00:00:00+00:00, run_after=2024-06-04T00:00:00+00:00
[2024-06-04T23:43:04.249+0000] {processor.py:175} INFO - Processing /home/airflow/.local/lib/python3.7/site-packages/airflow/example_dags/example_bash_operator.py took 0.075 seconds
[2024-06-04T23:43:34.965+0000] {processor.py:153} INFO - Started process (PID=1289) to work on /home/airflow/.local/lib/python3.7/site-packages/airflow/example_dags/example_bash_operator.py
[2024-06-04T23:43:34.966+0000] {processor.py:743} INFO - Processing file /home/airflow/.local/lib/python3.7/site-packages/airflow/example_dags/example_bash_operator.py for tasks to queue
[2024-06-04T23:43:34.966+0000] {logging_mixin.py:137} INFO - [2024-06-04T23:43:34.966+0000] {dagbag.py:538} INFO - Filling up the DagBag from /home/airflow/.local/lib/python3.7/site-packages/airflow/example_dags/example_bash_operator.py
[2024-06-04T23:43:34.982+0000] {processor.py:753} INFO - DAG(s) dict_keys(['example_bash_operator']) retrieved from /home/airflow/.local/lib/python3.7/site-packages/airflow/example_dags/example_bash_operator.py
[2024-06-04T23:43:35.010+0000] {logging_mixin.py:137} INFO - [2024-06-04T23:43:35.009+0000] {dag.py:2690} INFO - Sync 1 DAGs
[2024-06-04T23:43:35.029+0000] {logging_mixin.py:137} INFO - [2024-06-04T23:43:35.028+0000] {dag.py:3441} INFO - Setting next_dagrun for example_bash_operator to 2024-06-03T00:00:00+00:00, run_after=2024-06-04T00:00:00+00:00
[2024-06-04T23:43:35.042+0000] {processor.py:175} INFO - Processing /home/airflow/.local/lib/python3.7/site-packages/airflow/example_dags/example_bash_operator.py took 0.079 seconds
[2024-06-04T23:44:06.165+0000] {processor.py:153} INFO - Started process (PID=1475) to work on /home/airflow/.local/lib/python3.7/site-packages/airflow/example_dags/example_bash_operator.py
[2024-06-04T23:44:06.166+0000] {processor.py:743} INFO - Processing file /home/airflow/.local/lib/python3.7/site-packages/airflow/example_dags/example_bash_operator.py for tasks to queue
[2024-06-04T23:44:06.166+0000] {logging_mixin.py:137} INFO - [2024-06-04T23:44:06.166+0000] {dagbag.py:538} INFO - Filling up the DagBag from /home/airflow/.local/lib/python3.7/site-packages/airflow/example_dags/example_bash_operator.py
[2024-06-04T23:44:06.193+0000] {processor.py:753} INFO - DAG(s) dict_keys(['example_bash_operator']) retrieved from /home/airflow/.local/lib/python3.7/site-packages/airflow/example_dags/example_bash_operator.py
[2024-06-04T23:44:06.240+0000] {logging_mixin.py:137} INFO - [2024-06-04T23:44:06.239+0000] {dag.py:2690} INFO - Sync 1 DAGs
[2024-06-04T23:44:06.280+0000] {logging_mixin.py:137} INFO - [2024-06-04T23:44:06.280+0000] {dag.py:3441} INFO - Setting next_dagrun for example_bash_operator to 2024-06-04T00:00:00+00:00, run_after=2024-06-05T00:00:00+00:00
[2024-06-04T23:44:06.312+0000] {processor.py:175} INFO - Processing /home/airflow/.local/lib/python3.7/site-packages/airflow/example_dags/example_bash_operator.py took 0.150 seconds
[2024-06-04T23:44:36.412+0000] {processor.py:153} INFO - Started process (PID=1847) to work on /home/airflow/.local/lib/python3.7/site-packages/airflow/example_dags/example_bash_operator.py
[2024-06-04T23:44:36.413+0000] {processor.py:743} INFO - Processing file /home/airflow/.local/lib/python3.7/site-packages/airflow/example_dags/example_bash_operator.py for tasks to queue
[2024-06-04T23:44:36.414+0000] {logging_mixin.py:137} INFO - [2024-06-04T23:44:36.414+0000] {dagbag.py:538} INFO - Filling up the DagBag from /home/airflow/.local/lib/python3.7/site-packages/airflow/example_dags/example_bash_operator.py
[2024-06-04T23:44:36.434+0000] {processor.py:753} INFO - DAG(s) dict_keys(['example_bash_operator']) retrieved from /home/airflow/.local/lib/python3.7/site-packages/airflow/example_dags/example_bash_operator.py
[2024-06-04T23:44:36.475+0000] {logging_mixin.py:137} INFO - [2024-06-04T23:44:36.475+0000] {dag.py:2690} INFO - Sync 1 DAGs
[2024-06-04T23:44:36.512+0000] {logging_mixin.py:137} INFO - [2024-06-04T23:44:36.512+0000] {dag.py:3441} INFO - Setting next_dagrun for example_bash_operator to 2024-06-04T00:00:00+00:00, run_after=2024-06-05T00:00:00+00:00
[2024-06-04T23:44:36.536+0000] {processor.py:175} INFO - Processing /home/airflow/.local/lib/python3.7/site-packages/airflow/example_dags/example_bash_operator.py took 0.126 seconds
[2024-06-04T23:45:06.606+0000] {processor.py:153} INFO - Started process (PID=2165) to work on /home/airflow/.local/lib/python3.7/site-packages/airflow/example_dags/example_bash_operator.py
[2024-06-04T23:45:06.606+0000] {processor.py:743} INFO - Processing file /home/airflow/.local/lib/python3.7/site-packages/airflow/example_dags/example_bash_operator.py for tasks to queue
[2024-06-04T23:45:06.607+0000] {logging_mixin.py:137} INFO - [2024-06-04T23:45:06.607+0000] {dagbag.py:538} INFO - Filling up the DagBag from /home/airflow/.local/lib/python3.7/site-packages/airflow/example_dags/example_bash_operator.py
[2024-06-04T23:45:06.623+0000] {processor.py:753} INFO - DAG(s) dict_keys(['example_bash_operator']) retrieved from /home/airflow/.local/lib/python3.7/site-packages/airflow/example_dags/example_bash_operator.py
[2024-06-04T23:45:06.662+0000] {logging_mixin.py:137} INFO - [2024-06-04T23:45:06.661+0000] {dag.py:2690} INFO - Sync 1 DAGs
[2024-06-04T23:45:06.691+0000] {logging_mixin.py:137} INFO - [2024-06-04T23:45:06.691+0000] {dag.py:3441} INFO - Setting next_dagrun for example_bash_operator to 2024-06-04T00:00:00+00:00, run_after=2024-06-05T00:00:00+00:00
[2024-06-04T23:45:06.708+0000] {processor.py:175} INFO - Processing /home/airflow/.local/lib/python3.7/site-packages/airflow/example_dags/example_bash_operator.py took 0.104 seconds
[2024-06-04T23:45:37.295+0000] {processor.py:153} INFO - Started process (PID=2534) to work on /home/airflow/.local/lib/python3.7/site-packages/airflow/example_dags/example_bash_operator.py
[2024-06-04T23:45:37.296+0000] {processor.py:743} INFO - Processing file /home/airflow/.local/lib/python3.7/site-packages/airflow/example_dags/example_bash_operator.py for tasks to queue
[2024-06-04T23:45:37.297+0000] {logging_mixin.py:137} INFO - [2024-06-04T23:45:37.297+0000] {dagbag.py:538} INFO - Filling up the DagBag from /home/airflow/.local/lib/python3.7/site-packages/airflow/example_dags/example_bash_operator.py
[2024-06-04T23:45:37.322+0000] {processor.py:753} INFO - DAG(s) dict_keys(['example_bash_operator']) retrieved from /home/airflow/.local/lib/python3.7/site-packages/airflow/example_dags/example_bash_operator.py
[2024-06-04T23:45:37.371+0000] {logging_mixin.py:137} INFO - [2024-06-04T23:45:37.371+0000] {dag.py:2690} INFO - Sync 1 DAGs
[2024-06-04T23:45:37.406+0000] {logging_mixin.py:137} INFO - [2024-06-04T23:45:37.405+0000] {dag.py:3441} INFO - Setting next_dagrun for example_bash_operator to 2024-06-04T00:00:00+00:00, run_after=2024-06-05T00:00:00+00:00
[2024-06-04T23:45:37.426+0000] {processor.py:175} INFO - Processing /home/airflow/.local/lib/python3.7/site-packages/airflow/example_dags/example_bash_operator.py took 0.134 seconds
[2024-06-04T23:46:07.695+0000] {processor.py:153} INFO - Started process (PID=2863) to work on /home/airflow/.local/lib/python3.7/site-packages/airflow/example_dags/example_bash_operator.py
[2024-06-04T23:46:07.696+0000] {processor.py:743} INFO - Processing file /home/airflow/.local/lib/python3.7/site-packages/airflow/example_dags/example_bash_operator.py for tasks to queue
[2024-06-04T23:46:07.696+0000] {logging_mixin.py:137} INFO - [2024-06-04T23:46:07.696+0000] {dagbag.py:538} INFO - Filling up the DagBag from /home/airflow/.local/lib/python3.7/site-packages/airflow/example_dags/example_bash_operator.py
[2024-06-04T23:46:07.724+0000] {processor.py:753} INFO - DAG(s) dict_keys(['example_bash_operator']) retrieved from /home/airflow/.local/lib/python3.7/site-packages/airflow/example_dags/example_bash_operator.py
[2024-06-04T23:46:07.781+0000] {logging_mixin.py:137} INFO - [2024-06-04T23:46:07.781+0000] {dag.py:2690} INFO - Sync 1 DAGs
[2024-06-04T23:46:07.820+0000] {logging_mixin.py:137} INFO - [2024-06-04T23:46:07.820+0000] {dag.py:3441} INFO - Setting next_dagrun for example_bash_operator to 2024-06-04T00:00:00+00:00, run_after=2024-06-05T00:00:00+00:00
[2024-06-04T23:46:07.844+0000] {processor.py:175} INFO - Processing /home/airflow/.local/lib/python3.7/site-packages/airflow/example_dags/example_bash_operator.py took 0.153 seconds
[2024-06-04T23:46:38.254+0000] {processor.py:153} INFO - Started process (PID=3230) to work on /home/airflow/.local/lib/python3.7/site-packages/airflow/example_dags/example_bash_operator.py
[2024-06-04T23:46:38.255+0000] {processor.py:743} INFO - Processing file /home/airflow/.local/lib/python3.7/site-packages/airflow/example_dags/example_bash_operator.py for tasks to queue
[2024-06-04T23:46:38.256+0000] {logging_mixin.py:137} INFO - [2024-06-04T23:46:38.256+0000] {dagbag.py:538} INFO - Filling up the DagBag from /home/airflow/.local/lib/python3.7/site-packages/airflow/example_dags/example_bash_operator.py
[2024-06-04T23:46:38.286+0000] {processor.py:753} INFO - DAG(s) dict_keys(['example_bash_operator']) retrieved from /home/airflow/.local/lib/python3.7/site-packages/airflow/example_dags/example_bash_operator.py
[2024-06-04T23:46:38.331+0000] {logging_mixin.py:137} INFO - [2024-06-04T23:46:38.331+0000] {dag.py:2690} INFO - Sync 1 DAGs
[2024-06-04T23:46:38.363+0000] {logging_mixin.py:137} INFO - [2024-06-04T23:46:38.363+0000] {dag.py:3441} INFO - Setting next_dagrun for example_bash_operator to 2024-06-04T00:00:00+00:00, run_after=2024-06-05T00:00:00+00:00
[2024-06-04T23:46:38.384+0000] {processor.py:175} INFO - Processing /home/airflow/.local/lib/python3.7/site-packages/airflow/example_dags/example_bash_operator.py took 0.134 seconds
[2024-06-04T23:47:08.514+0000] {processor.py:153} INFO - Started process (PID=3553) to work on /home/airflow/.local/lib/python3.7/site-packages/airflow/example_dags/example_bash_operator.py
[2024-06-04T23:47:08.516+0000] {processor.py:743} INFO - Processing file /home/airflow/.local/lib/python3.7/site-packages/airflow/example_dags/example_bash_operator.py for tasks to queue
[2024-06-04T23:47:08.517+0000] {logging_mixin.py:137} INFO - [2024-06-04T23:47:08.517+0000] {dagbag.py:538} INFO - Filling up the DagBag from /home/airflow/.local/lib/python3.7/site-packages/airflow/example_dags/example_bash_operator.py
[2024-06-04T23:47:08.543+0000] {processor.py:753} INFO - DAG(s) dict_keys(['example_bash_operator']) retrieved from /home/airflow/.local/lib/python3.7/site-packages/airflow/example_dags/example_bash_operator.py
[2024-06-04T23:47:08.592+0000] {logging_mixin.py:137} INFO - [2024-06-04T23:47:08.592+0000] {dag.py:2690} INFO - Sync 1 DAGs
[2024-06-04T23:47:08.624+0000] {logging_mixin.py:137} INFO - [2024-06-04T23:47:08.624+0000] {dag.py:3441} INFO - Setting next_dagrun for example_bash_operator to 2024-06-04T00:00:00+00:00, run_after=2024-06-05T00:00:00+00:00
[2024-06-04T23:47:08.652+0000] {processor.py:175} INFO - Processing /home/airflow/.local/lib/python3.7/site-packages/airflow/example_dags/example_bash_operator.py took 0.142 seconds
[2024-06-04T23:47:39.191+0000] {processor.py:153} INFO - Started process (PID=3904) to work on /home/airflow/.local/lib/python3.7/site-packages/airflow/example_dags/example_bash_operator.py
[2024-06-04T23:47:39.191+0000] {processor.py:743} INFO - Processing file /home/airflow/.local/lib/python3.7/site-packages/airflow/example_dags/example_bash_operator.py for tasks to queue
[2024-06-04T23:47:39.192+0000] {logging_mixin.py:137} INFO - [2024-06-04T23:47:39.192+0000] {dagbag.py:538} INFO - Filling up the DagBag from /home/airflow/.local/lib/python3.7/site-packages/airflow/example_dags/example_bash_operator.py
[2024-06-04T23:47:39.209+0000] {processor.py:753} INFO - DAG(s) dict_keys(['example_bash_operator']) retrieved from /home/airflow/.local/lib/python3.7/site-packages/airflow/example_dags/example_bash_operator.py
[2024-06-04T23:47:39.246+0000] {logging_mixin.py:137} INFO - [2024-06-04T23:47:39.245+0000] {dag.py:2690} INFO - Sync 1 DAGs
[2024-06-04T23:47:39.267+0000] {logging_mixin.py:137} INFO - [2024-06-04T23:47:39.267+0000] {dag.py:3441} INFO - Setting next_dagrun for example_bash_operator to 2024-06-04T00:00:00+00:00, run_after=2024-06-05T00:00:00+00:00
[2024-06-04T23:47:39.282+0000] {processor.py:175} INFO - Processing /home/airflow/.local/lib/python3.7/site-packages/airflow/example_dags/example_bash_operator.py took 0.093 seconds
[2024-06-04T23:48:09.921+0000] {processor.py:153} INFO - Started process (PID=4274) to work on /home/airflow/.local/lib/python3.7/site-packages/airflow/example_dags/example_bash_operator.py
[2024-06-04T23:48:09.922+0000] {processor.py:743} INFO - Processing file /home/airflow/.local/lib/python3.7/site-packages/airflow/example_dags/example_bash_operator.py for tasks to queue
[2024-06-04T23:48:09.923+0000] {logging_mixin.py:137} INFO - [2024-06-04T23:48:09.923+0000] {dagbag.py:538} INFO - Filling up the DagBag from /home/airflow/.local/lib/python3.7/site-packages/airflow/example_dags/example_bash_operator.py
[2024-06-04T23:48:09.949+0000] {processor.py:753} INFO - DAG(s) dict_keys(['example_bash_operator']) retrieved from /home/airflow/.local/lib/python3.7/site-packages/airflow/example_dags/example_bash_operator.py
[2024-06-04T23:48:10.003+0000] {logging_mixin.py:137} INFO - [2024-06-04T23:48:10.002+0000] {dag.py:2690} INFO - Sync 1 DAGs
[2024-06-04T23:48:10.038+0000] {logging_mixin.py:137} INFO - [2024-06-04T23:48:10.038+0000] {dag.py:3441} INFO - Setting next_dagrun for example_bash_operator to 2024-06-04T00:00:00+00:00, run_after=2024-06-05T00:00:00+00:00
[2024-06-04T23:48:10.063+0000] {processor.py:175} INFO - Processing /home/airflow/.local/lib/python3.7/site-packages/airflow/example_dags/example_bash_operator.py took 0.145 seconds
[2024-06-04T23:48:40.234+0000] {processor.py:153} INFO - Started process (PID=4630) to work on /home/airflow/.local/lib/python3.7/site-packages/airflow/example_dags/example_bash_operator.py
[2024-06-04T23:48:40.235+0000] {processor.py:743} INFO - Processing file /home/airflow/.local/lib/python3.7/site-packages/airflow/example_dags/example_bash_operator.py for tasks to queue
[2024-06-04T23:48:40.235+0000] {logging_mixin.py:137} INFO - [2024-06-04T23:48:40.235+0000] {dagbag.py:538} INFO - Filling up the DagBag from /home/airflow/.local/lib/python3.7/site-packages/airflow/example_dags/example_bash_operator.py
[2024-06-04T23:48:40.251+0000] {processor.py:753} INFO - DAG(s) dict_keys(['example_bash_operator']) retrieved from /home/airflow/.local/lib/python3.7/site-packages/airflow/example_dags/example_bash_operator.py
[2024-06-04T23:48:40.278+0000] {logging_mixin.py:137} INFO - [2024-06-04T23:48:40.278+0000] {dag.py:2690} INFO - Sync 1 DAGs
[2024-06-04T23:48:40.299+0000] {logging_mixin.py:137} INFO - [2024-06-04T23:48:40.298+0000] {dag.py:3441} INFO - Setting next_dagrun for example_bash_operator to 2024-06-04T00:00:00+00:00, run_after=2024-06-05T00:00:00+00:00
[2024-06-04T23:48:40.312+0000] {processor.py:175} INFO - Processing /home/airflow/.local/lib/python3.7/site-packages/airflow/example_dags/example_bash_operator.py took 0.081 seconds
[2024-06-04T23:49:10.789+0000] {processor.py:153} INFO - Started process (PID=5038) to work on /home/airflow/.local/lib/python3.7/site-packages/airflow/example_dags/example_bash_operator.py
[2024-06-04T23:49:10.791+0000] {processor.py:743} INFO - Processing file /home/airflow/.local/lib/python3.7/site-packages/airflow/example_dags/example_bash_operator.py for tasks to queue
[2024-06-04T23:49:10.792+0000] {logging_mixin.py:137} INFO - [2024-06-04T23:49:10.792+0000] {dagbag.py:538} INFO - Filling up the DagBag from /home/airflow/.local/lib/python3.7/site-packages/airflow/example_dags/example_bash_operator.py
[2024-06-04T23:49:10.828+0000] {processor.py:753} INFO - DAG(s) dict_keys(['example_bash_operator']) retrieved from /home/airflow/.local/lib/python3.7/site-packages/airflow/example_dags/example_bash_operator.py
[2024-06-04T23:49:10.888+0000] {logging_mixin.py:137} INFO - [2024-06-04T23:49:10.888+0000] {dag.py:2690} INFO - Sync 1 DAGs
[2024-06-04T23:49:10.925+0000] {logging_mixin.py:137} INFO - [2024-06-04T23:49:10.925+0000] {dag.py:3441} INFO - Setting next_dagrun for example_bash_operator to 2024-06-04T00:00:00+00:00, run_after=2024-06-05T00:00:00+00:00
[2024-06-04T23:49:10.954+0000] {processor.py:175} INFO - Processing /home/airflow/.local/lib/python3.7/site-packages/airflow/example_dags/example_bash_operator.py took 0.169 seconds
[2024-06-04T23:49:41.621+0000] {processor.py:153} INFO - Started process (PID=5409) to work on /home/airflow/.local/lib/python3.7/site-packages/airflow/example_dags/example_bash_operator.py
[2024-06-04T23:49:41.622+0000] {processor.py:743} INFO - Processing file /home/airflow/.local/lib/python3.7/site-packages/airflow/example_dags/example_bash_operator.py for tasks to queue
[2024-06-04T23:49:41.622+0000] {logging_mixin.py:137} INFO - [2024-06-04T23:49:41.622+0000] {dagbag.py:538} INFO - Filling up the DagBag from /home/airflow/.local/lib/python3.7/site-packages/airflow/example_dags/example_bash_operator.py
[2024-06-04T23:49:41.647+0000] {processor.py:753} INFO - DAG(s) dict_keys(['example_bash_operator']) retrieved from /home/airflow/.local/lib/python3.7/site-packages/airflow/example_dags/example_bash_operator.py
[2024-06-04T23:49:41.688+0000] {logging_mixin.py:137} INFO - [2024-06-04T23:49:41.688+0000] {dag.py:2690} INFO - Sync 1 DAGs
[2024-06-04T23:49:41.714+0000] {logging_mixin.py:137} INFO - [2024-06-04T23:49:41.714+0000] {dag.py:3441} INFO - Setting next_dagrun for example_bash_operator to 2024-06-04T00:00:00+00:00, run_after=2024-06-05T00:00:00+00:00
[2024-06-04T23:49:41.733+0000] {processor.py:175} INFO - Processing /home/airflow/.local/lib/python3.7/site-packages/airflow/example_dags/example_bash_operator.py took 0.115 seconds
[2024-06-04T23:50:12.013+0000] {processor.py:153} INFO - Started process (PID=5760) to work on /home/airflow/.local/lib/python3.7/site-packages/airflow/example_dags/example_bash_operator.py
[2024-06-04T23:50:12.014+0000] {processor.py:743} INFO - Processing file /home/airflow/.local/lib/python3.7/site-packages/airflow/example_dags/example_bash_operator.py for tasks to queue
[2024-06-04T23:50:12.015+0000] {logging_mixin.py:137} INFO - [2024-06-04T23:50:12.014+0000] {dagbag.py:538} INFO - Filling up the DagBag from /home/airflow/.local/lib/python3.7/site-packages/airflow/example_dags/example_bash_operator.py
[2024-06-04T23:50:12.039+0000] {processor.py:753} INFO - DAG(s) dict_keys(['example_bash_operator']) retrieved from /home/airflow/.local/lib/python3.7/site-packages/airflow/example_dags/example_bash_operator.py
[2024-06-04T23:50:12.085+0000] {logging_mixin.py:137} INFO - [2024-06-04T23:50:12.085+0000] {dag.py:2690} INFO - Sync 1 DAGs
[2024-06-04T23:50:12.124+0000] {logging_mixin.py:137} INFO - [2024-06-04T23:50:12.124+0000] {dag.py:3441} INFO - Setting next_dagrun for example_bash_operator to 2024-06-04T00:00:00+00:00, run_after=2024-06-05T00:00:00+00:00
[2024-06-04T23:50:12.148+0000] {processor.py:175} INFO - Processing /home/airflow/.local/lib/python3.7/site-packages/airflow/example_dags/example_bash_operator.py took 0.140 seconds
[2024-06-04T23:50:42.239+0000] {processor.py:153} INFO - Started process (PID=6153) to work on /home/airflow/.local/lib/python3.7/site-packages/airflow/example_dags/example_bash_operator.py
[2024-06-04T23:50:42.240+0000] {processor.py:743} INFO - Processing file /home/airflow/.local/lib/python3.7/site-packages/airflow/example_dags/example_bash_operator.py for tasks to queue
[2024-06-04T23:50:42.240+0000] {logging_mixin.py:137} INFO - [2024-06-04T23:50:42.240+0000] {dagbag.py:538} INFO - Filling up the DagBag from /home/airflow/.local/lib/python3.7/site-packages/airflow/example_dags/example_bash_operator.py
[2024-06-04T23:50:42.257+0000] {processor.py:753} INFO - DAG(s) dict_keys(['example_bash_operator']) retrieved from /home/airflow/.local/lib/python3.7/site-packages/airflow/example_dags/example_bash_operator.py
[2024-06-04T23:50:42.286+0000] {logging_mixin.py:137} INFO - [2024-06-04T23:50:42.285+0000] {dag.py:2690} INFO - Sync 1 DAGs
[2024-06-04T23:50:42.306+0000] {logging_mixin.py:137} INFO - [2024-06-04T23:50:42.306+0000] {dag.py:3441} INFO - Setting next_dagrun for example_bash_operator to 2024-06-04T00:00:00+00:00, run_after=2024-06-05T00:00:00+00:00
[2024-06-04T23:50:42.321+0000] {processor.py:175} INFO - Processing /home/airflow/.local/lib/python3.7/site-packages/airflow/example_dags/example_bash_operator.py took 0.084 seconds
[2024-06-04T23:51:13.057+0000] {processor.py:153} INFO - Started process (PID=6500) to work on /home/airflow/.local/lib/python3.7/site-packages/airflow/example_dags/example_bash_operator.py
[2024-06-04T23:51:13.058+0000] {processor.py:743} INFO - Processing file /home/airflow/.local/lib/python3.7/site-packages/airflow/example_dags/example_bash_operator.py for tasks to queue
[2024-06-04T23:51:13.059+0000] {logging_mixin.py:137} INFO - [2024-06-04T23:51:13.059+0000] {dagbag.py:538} INFO - Filling up the DagBag from /home/airflow/.local/lib/python3.7/site-packages/airflow/example_dags/example_bash_operator.py
[2024-06-04T23:51:13.089+0000] {processor.py:753} INFO - DAG(s) dict_keys(['example_bash_operator']) retrieved from /home/airflow/.local/lib/python3.7/site-packages/airflow/example_dags/example_bash_operator.py
[2024-06-04T23:51:13.137+0000] {logging_mixin.py:137} INFO - [2024-06-04T23:51:13.137+0000] {dag.py:2690} INFO - Sync 1 DAGs
[2024-06-04T23:51:13.172+0000] {logging_mixin.py:137} INFO - [2024-06-04T23:51:13.171+0000] {dag.py:3441} INFO - Setting next_dagrun for example_bash_operator to 2024-06-04T00:00:00+00:00, run_after=2024-06-05T00:00:00+00:00
[2024-06-04T23:51:13.192+0000] {processor.py:175} INFO - Processing /home/airflow/.local/lib/python3.7/site-packages/airflow/example_dags/example_bash_operator.py took 0.138 seconds
[2024-06-04T23:51:43.230+0000] {processor.py:153} INFO - Started process (PID=6845) to work on /home/airflow/.local/lib/python3.7/site-packages/airflow/example_dags/example_bash_operator.py
[2024-06-04T23:51:43.231+0000] {processor.py:743} INFO - Processing file /home/airflow/.local/lib/python3.7/site-packages/airflow/example_dags/example_bash_operator.py for tasks to queue
[2024-06-04T23:51:43.231+0000] {logging_mixin.py:137} INFO - [2024-06-04T23:51:43.231+0000] {dagbag.py:538} INFO - Filling up the DagBag from /home/airflow/.local/lib/python3.7/site-packages/airflow/example_dags/example_bash_operator.py
[2024-06-04T23:51:43.247+0000] {processor.py:753} INFO - DAG(s) dict_keys(['example_bash_operator']) retrieved from /home/airflow/.local/lib/python3.7/site-packages/airflow/example_dags/example_bash_operator.py
[2024-06-04T23:51:43.273+0000] {logging_mixin.py:137} INFO - [2024-06-04T23:51:43.273+0000] {dag.py:2690} INFO - Sync 1 DAGs
[2024-06-04T23:51:43.294+0000] {logging_mixin.py:137} INFO - [2024-06-04T23:51:43.293+0000] {dag.py:3441} INFO - Setting next_dagrun for example_bash_operator to 2024-06-04T00:00:00+00:00, run_after=2024-06-05T00:00:00+00:00
[2024-06-04T23:51:43.306+0000] {processor.py:175} INFO - Processing /home/airflow/.local/lib/python3.7/site-packages/airflow/example_dags/example_bash_operator.py took 0.078 seconds
[2024-06-04T23:52:13.486+0000] {processor.py:153} INFO - Started process (PID=7172) to work on /home/airflow/.local/lib/python3.7/site-packages/airflow/example_dags/example_bash_operator.py
[2024-06-04T23:52:13.487+0000] {processor.py:743} INFO - Processing file /home/airflow/.local/lib/python3.7/site-packages/airflow/example_dags/example_bash_operator.py for tasks to queue
[2024-06-04T23:52:13.487+0000] {logging_mixin.py:137} INFO - [2024-06-04T23:52:13.487+0000] {dagbag.py:538} INFO - Filling up the DagBag from /home/airflow/.local/lib/python3.7/site-packages/airflow/example_dags/example_bash_operator.py
[2024-06-04T23:52:13.516+0000] {processor.py:753} INFO - DAG(s) dict_keys(['example_bash_operator']) retrieved from /home/airflow/.local/lib/python3.7/site-packages/airflow/example_dags/example_bash_operator.py
[2024-06-04T23:52:13.573+0000] {logging_mixin.py:137} INFO - [2024-06-04T23:52:13.573+0000] {dag.py:2690} INFO - Sync 1 DAGs
[2024-06-04T23:52:13.609+0000] {logging_mixin.py:137} INFO - [2024-06-04T23:52:13.609+0000] {dag.py:3441} INFO - Setting next_dagrun for example_bash_operator to 2024-06-04T00:00:00+00:00, run_after=2024-06-05T00:00:00+00:00
[2024-06-04T23:52:13.631+0000] {processor.py:175} INFO - Processing /home/airflow/.local/lib/python3.7/site-packages/airflow/example_dags/example_bash_operator.py took 0.149 seconds
[2024-06-04T23:52:43.709+0000] {processor.py:153} INFO - Started process (PID=7519) to work on /home/airflow/.local/lib/python3.7/site-packages/airflow/example_dags/example_bash_operator.py
[2024-06-04T23:52:43.710+0000] {processor.py:743} INFO - Processing file /home/airflow/.local/lib/python3.7/site-packages/airflow/example_dags/example_bash_operator.py for tasks to queue
[2024-06-04T23:52:43.711+0000] {logging_mixin.py:137} INFO - [2024-06-04T23:52:43.711+0000] {dagbag.py:538} INFO - Filling up the DagBag from /home/airflow/.local/lib/python3.7/site-packages/airflow/example_dags/example_bash_operator.py
[2024-06-04T23:52:43.732+0000] {processor.py:753} INFO - DAG(s) dict_keys(['example_bash_operator']) retrieved from /home/airflow/.local/lib/python3.7/site-packages/airflow/example_dags/example_bash_operator.py
[2024-06-04T23:52:43.761+0000] {logging_mixin.py:137} INFO - [2024-06-04T23:52:43.761+0000] {dag.py:2690} INFO - Sync 1 DAGs
[2024-06-04T23:52:43.784+0000] {logging_mixin.py:137} INFO - [2024-06-04T23:52:43.784+0000] {dag.py:3441} INFO - Setting next_dagrun for example_bash_operator to 2024-06-04T00:00:00+00:00, run_after=2024-06-05T00:00:00+00:00
[2024-06-04T23:52:43.802+0000] {processor.py:175} INFO - Processing /home/airflow/.local/lib/python3.7/site-packages/airflow/example_dags/example_bash_operator.py took 0.096 seconds
[2024-06-04T23:53:14.225+0000] {processor.py:153} INFO - Started process (PID=7879) to work on /home/airflow/.local/lib/python3.7/site-packages/airflow/example_dags/example_bash_operator.py
[2024-06-04T23:53:14.226+0000] {processor.py:743} INFO - Processing file /home/airflow/.local/lib/python3.7/site-packages/airflow/example_dags/example_bash_operator.py for tasks to queue
[2024-06-04T23:53:14.227+0000] {logging_mixin.py:137} INFO - [2024-06-04T23:53:14.227+0000] {dagbag.py:538} INFO - Filling up the DagBag from /home/airflow/.local/lib/python3.7/site-packages/airflow/example_dags/example_bash_operator.py
[2024-06-04T23:53:14.259+0000] {processor.py:753} INFO - DAG(s) dict_keys(['example_bash_operator']) retrieved from /home/airflow/.local/lib/python3.7/site-packages/airflow/example_dags/example_bash_operator.py
[2024-06-04T23:53:14.314+0000] {logging_mixin.py:137} INFO - [2024-06-04T23:53:14.314+0000] {dag.py:2690} INFO - Sync 1 DAGs
[2024-06-04T23:53:14.360+0000] {logging_mixin.py:137} INFO - [2024-06-04T23:53:14.359+0000] {dag.py:3441} INFO - Setting next_dagrun for example_bash_operator to 2024-06-04T00:00:00+00:00, run_after=2024-06-05T00:00:00+00:00
[2024-06-04T23:53:14.393+0000] {processor.py:175} INFO - Processing /home/airflow/.local/lib/python3.7/site-packages/airflow/example_dags/example_bash_operator.py took 0.173 seconds
[2024-06-04T23:53:44.794+0000] {processor.py:153} INFO - Started process (PID=8212) to work on /home/airflow/.local/lib/python3.7/site-packages/airflow/example_dags/example_bash_operator.py
[2024-06-04T23:53:44.795+0000] {processor.py:743} INFO - Processing file /home/airflow/.local/lib/python3.7/site-packages/airflow/example_dags/example_bash_operator.py for tasks to queue
[2024-06-04T23:53:44.795+0000] {logging_mixin.py:137} INFO - [2024-06-04T23:53:44.795+0000] {dagbag.py:538} INFO - Filling up the DagBag from /home/airflow/.local/lib/python3.7/site-packages/airflow/example_dags/example_bash_operator.py
[2024-06-04T23:53:44.818+0000] {processor.py:753} INFO - DAG(s) dict_keys(['example_bash_operator']) retrieved from /home/airflow/.local/lib/python3.7/site-packages/airflow/example_dags/example_bash_operator.py
[2024-06-04T23:53:44.855+0000] {logging_mixin.py:137} INFO - [2024-06-04T23:53:44.855+0000] {dag.py:2690} INFO - Sync 1 DAGs
[2024-06-04T23:53:44.877+0000] {logging_mixin.py:137} INFO - [2024-06-04T23:53:44.877+0000] {dag.py:3441} INFO - Setting next_dagrun for example_bash_operator to 2024-06-04T00:00:00+00:00, run_after=2024-06-05T00:00:00+00:00
[2024-06-04T23:53:44.893+0000] {processor.py:175} INFO - Processing /home/airflow/.local/lib/python3.7/site-packages/airflow/example_dags/example_bash_operator.py took 0.102 seconds
[2024-06-04T23:54:15.368+0000] {processor.py:153} INFO - Started process (PID=8516) to work on /home/airflow/.local/lib/python3.7/site-packages/airflow/example_dags/example_bash_operator.py
[2024-06-04T23:54:15.369+0000] {processor.py:743} INFO - Processing file /home/airflow/.local/lib/python3.7/site-packages/airflow/example_dags/example_bash_operator.py for tasks to queue
[2024-06-04T23:54:15.370+0000] {logging_mixin.py:137} INFO - [2024-06-04T23:54:15.370+0000] {dagbag.py:538} INFO - Filling up the DagBag from /home/airflow/.local/lib/python3.7/site-packages/airflow/example_dags/example_bash_operator.py
[2024-06-04T23:54:15.390+0000] {processor.py:753} INFO - DAG(s) dict_keys(['example_bash_operator']) retrieved from /home/airflow/.local/lib/python3.7/site-packages/airflow/example_dags/example_bash_operator.py
[2024-06-04T23:54:15.420+0000] {logging_mixin.py:137} INFO - [2024-06-04T23:54:15.420+0000] {dag.py:2690} INFO - Sync 1 DAGs
[2024-06-04T23:54:15.442+0000] {logging_mixin.py:137} INFO - [2024-06-04T23:54:15.442+0000] {dag.py:3441} INFO - Setting next_dagrun for example_bash_operator to 2024-06-04T00:00:00+00:00, run_after=2024-06-05T00:00:00+00:00
[2024-06-04T23:54:15.458+0000] {processor.py:175} INFO - Processing /home/airflow/.local/lib/python3.7/site-packages/airflow/example_dags/example_bash_operator.py took 0.093 seconds
[2024-06-04T23:54:45.597+0000] {processor.py:153} INFO - Started process (PID=8664) to work on /home/airflow/.local/lib/python3.7/site-packages/airflow/example_dags/example_bash_operator.py
[2024-06-04T23:54:45.598+0000] {processor.py:743} INFO - Processing file /home/airflow/.local/lib/python3.7/site-packages/airflow/example_dags/example_bash_operator.py for tasks to queue
[2024-06-04T23:54:45.598+0000] {logging_mixin.py:137} INFO - [2024-06-04T23:54:45.598+0000] {dagbag.py:538} INFO - Filling up the DagBag from /home/airflow/.local/lib/python3.7/site-packages/airflow/example_dags/example_bash_operator.py
[2024-06-04T23:54:45.614+0000] {processor.py:753} INFO - DAG(s) dict_keys(['example_bash_operator']) retrieved from /home/airflow/.local/lib/python3.7/site-packages/airflow/example_dags/example_bash_operator.py
[2024-06-04T23:54:45.642+0000] {logging_mixin.py:137} INFO - [2024-06-04T23:54:45.641+0000] {dag.py:2690} INFO - Sync 1 DAGs
[2024-06-04T23:54:45.662+0000] {logging_mixin.py:137} INFO - [2024-06-04T23:54:45.662+0000] {dag.py:3441} INFO - Setting next_dagrun for example_bash_operator to 2024-06-04T00:00:00+00:00, run_after=2024-06-05T00:00:00+00:00
[2024-06-04T23:54:45.676+0000] {processor.py:175} INFO - Processing /home/airflow/.local/lib/python3.7/site-packages/airflow/example_dags/example_bash_operator.py took 0.081 seconds
[2024-06-04T23:55:15.791+0000] {processor.py:153} INFO - Started process (PID=8780) to work on /home/airflow/.local/lib/python3.7/site-packages/airflow/example_dags/example_bash_operator.py
[2024-06-04T23:55:15.792+0000] {processor.py:743} INFO - Processing file /home/airflow/.local/lib/python3.7/site-packages/airflow/example_dags/example_bash_operator.py for tasks to queue
[2024-06-04T23:55:15.792+0000] {logging_mixin.py:137} INFO - [2024-06-04T23:55:15.792+0000] {dagbag.py:538} INFO - Filling up the DagBag from /home/airflow/.local/lib/python3.7/site-packages/airflow/example_dags/example_bash_operator.py
[2024-06-04T23:55:15.811+0000] {processor.py:753} INFO - DAG(s) dict_keys(['example_bash_operator']) retrieved from /home/airflow/.local/lib/python3.7/site-packages/airflow/example_dags/example_bash_operator.py
[2024-06-04T23:55:15.847+0000] {logging_mixin.py:137} INFO - [2024-06-04T23:55:15.846+0000] {dag.py:2690} INFO - Sync 1 DAGs
[2024-06-04T23:55:15.874+0000] {logging_mixin.py:137} INFO - [2024-06-04T23:55:15.874+0000] {dag.py:3441} INFO - Setting next_dagrun for example_bash_operator to 2024-06-04T00:00:00+00:00, run_after=2024-06-05T00:00:00+00:00
[2024-06-04T23:55:15.894+0000] {processor.py:175} INFO - Processing /home/airflow/.local/lib/python3.7/site-packages/airflow/example_dags/example_bash_operator.py took 0.105 seconds
[2024-06-04T23:55:46.732+0000] {processor.py:153} INFO - Started process (PID=8867) to work on /home/airflow/.local/lib/python3.7/site-packages/airflow/example_dags/example_bash_operator.py
[2024-06-04T23:55:46.733+0000] {processor.py:743} INFO - Processing file /home/airflow/.local/lib/python3.7/site-packages/airflow/example_dags/example_bash_operator.py for tasks to queue
[2024-06-04T23:55:46.733+0000] {logging_mixin.py:137} INFO - [2024-06-04T23:55:46.733+0000] {dagbag.py:538} INFO - Filling up the DagBag from /home/airflow/.local/lib/python3.7/site-packages/airflow/example_dags/example_bash_operator.py
[2024-06-04T23:55:46.748+0000] {processor.py:753} INFO - DAG(s) dict_keys(['example_bash_operator']) retrieved from /home/airflow/.local/lib/python3.7/site-packages/airflow/example_dags/example_bash_operator.py
[2024-06-04T23:55:46.774+0000] {logging_mixin.py:137} INFO - [2024-06-04T23:55:46.774+0000] {dag.py:2690} INFO - Sync 1 DAGs
[2024-06-04T23:55:46.793+0000] {logging_mixin.py:137} INFO - [2024-06-04T23:55:46.793+0000] {dag.py:3441} INFO - Setting next_dagrun for example_bash_operator to 2024-06-04T00:00:00+00:00, run_after=2024-06-05T00:00:00+00:00
[2024-06-04T23:55:46.806+0000] {processor.py:175} INFO - Processing /home/airflow/.local/lib/python3.7/site-packages/airflow/example_dags/example_bash_operator.py took 0.077 seconds
[2024-06-04T23:56:17.505+0000] {processor.py:153} INFO - Started process (PID=8986) to work on /home/airflow/.local/lib/python3.7/site-packages/airflow/example_dags/example_bash_operator.py
[2024-06-04T23:56:17.506+0000] {processor.py:743} INFO - Processing file /home/airflow/.local/lib/python3.7/site-packages/airflow/example_dags/example_bash_operator.py for tasks to queue
[2024-06-04T23:56:17.506+0000] {logging_mixin.py:137} INFO - [2024-06-04T23:56:17.506+0000] {dagbag.py:538} INFO - Filling up the DagBag from /home/airflow/.local/lib/python3.7/site-packages/airflow/example_dags/example_bash_operator.py
[2024-06-04T23:56:17.522+0000] {processor.py:753} INFO - DAG(s) dict_keys(['example_bash_operator']) retrieved from /home/airflow/.local/lib/python3.7/site-packages/airflow/example_dags/example_bash_operator.py
[2024-06-04T23:56:17.549+0000] {logging_mixin.py:137} INFO - [2024-06-04T23:56:17.549+0000] {dag.py:2690} INFO - Sync 1 DAGs
[2024-06-04T23:56:17.569+0000] {logging_mixin.py:137} INFO - [2024-06-04T23:56:17.568+0000] {dag.py:3441} INFO - Setting next_dagrun for example_bash_operator to 2024-06-04T00:00:00+00:00, run_after=2024-06-05T00:00:00+00:00
[2024-06-04T23:56:17.583+0000] {processor.py:175} INFO - Processing /home/airflow/.local/lib/python3.7/site-packages/airflow/example_dags/example_bash_operator.py took 0.080 seconds
[2024-06-04T23:56:47.823+0000] {processor.py:153} INFO - Started process (PID=9090) to work on /home/airflow/.local/lib/python3.7/site-packages/airflow/example_dags/example_bash_operator.py
[2024-06-04T23:56:47.824+0000] {processor.py:743} INFO - Processing file /home/airflow/.local/lib/python3.7/site-packages/airflow/example_dags/example_bash_operator.py for tasks to queue
[2024-06-04T23:56:47.824+0000] {logging_mixin.py:137} INFO - [2024-06-04T23:56:47.824+0000] {dagbag.py:538} INFO - Filling up the DagBag from /home/airflow/.local/lib/python3.7/site-packages/airflow/example_dags/example_bash_operator.py
[2024-06-04T23:56:47.840+0000] {processor.py:753} INFO - DAG(s) dict_keys(['example_bash_operator']) retrieved from /home/airflow/.local/lib/python3.7/site-packages/airflow/example_dags/example_bash_operator.py
[2024-06-04T23:56:47.867+0000] {logging_mixin.py:137} INFO - [2024-06-04T23:56:47.867+0000] {dag.py:2690} INFO - Sync 1 DAGs
[2024-06-04T23:56:47.887+0000] {logging_mixin.py:137} INFO - [2024-06-04T23:56:47.887+0000] {dag.py:3441} INFO - Setting next_dagrun for example_bash_operator to 2024-06-04T00:00:00+00:00, run_after=2024-06-05T00:00:00+00:00
[2024-06-04T23:56:47.902+0000] {processor.py:175} INFO - Processing /home/airflow/.local/lib/python3.7/site-packages/airflow/example_dags/example_bash_operator.py took 0.082 seconds
[2024-06-04T23:57:17.974+0000] {processor.py:153} INFO - Started process (PID=9211) to work on /home/airflow/.local/lib/python3.7/site-packages/airflow/example_dags/example_bash_operator.py
[2024-06-04T23:57:17.975+0000] {processor.py:743} INFO - Processing file /home/airflow/.local/lib/python3.7/site-packages/airflow/example_dags/example_bash_operator.py for tasks to queue
[2024-06-04T23:57:17.975+0000] {logging_mixin.py:137} INFO - [2024-06-04T23:57:17.975+0000] {dagbag.py:538} INFO - Filling up the DagBag from /home/airflow/.local/lib/python3.7/site-packages/airflow/example_dags/example_bash_operator.py
[2024-06-04T23:57:17.991+0000] {processor.py:753} INFO - DAG(s) dict_keys(['example_bash_operator']) retrieved from /home/airflow/.local/lib/python3.7/site-packages/airflow/example_dags/example_bash_operator.py
[2024-06-04T23:57:18.018+0000] {logging_mixin.py:137} INFO - [2024-06-04T23:57:18.018+0000] {dag.py:2690} INFO - Sync 1 DAGs
[2024-06-04T23:57:18.037+0000] {logging_mixin.py:137} INFO - [2024-06-04T23:57:18.037+0000] {dag.py:3441} INFO - Setting next_dagrun for example_bash_operator to 2024-06-04T00:00:00+00:00, run_after=2024-06-05T00:00:00+00:00
[2024-06-04T23:57:18.050+0000] {processor.py:175} INFO - Processing /home/airflow/.local/lib/python3.7/site-packages/airflow/example_dags/example_bash_operator.py took 0.079 seconds
[2024-06-04T23:57:48.111+0000] {processor.py:153} INFO - Started process (PID=9298) to work on /home/airflow/.local/lib/python3.7/site-packages/airflow/example_dags/example_bash_operator.py
[2024-06-04T23:57:48.112+0000] {processor.py:743} INFO - Processing file /home/airflow/.local/lib/python3.7/site-packages/airflow/example_dags/example_bash_operator.py for tasks to queue
[2024-06-04T23:57:48.112+0000] {logging_mixin.py:137} INFO - [2024-06-04T23:57:48.112+0000] {dagbag.py:538} INFO - Filling up the DagBag from /home/airflow/.local/lib/python3.7/site-packages/airflow/example_dags/example_bash_operator.py
[2024-06-04T23:57:48.129+0000] {processor.py:753} INFO - DAG(s) dict_keys(['example_bash_operator']) retrieved from /home/airflow/.local/lib/python3.7/site-packages/airflow/example_dags/example_bash_operator.py
[2024-06-04T23:57:48.156+0000] {logging_mixin.py:137} INFO - [2024-06-04T23:57:48.156+0000] {dag.py:2690} INFO - Sync 1 DAGs
[2024-06-04T23:57:48.177+0000] {logging_mixin.py:137} INFO - [2024-06-04T23:57:48.177+0000] {dag.py:3441} INFO - Setting next_dagrun for example_bash_operator to 2024-06-04T00:00:00+00:00, run_after=2024-06-05T00:00:00+00:00
[2024-06-04T23:57:48.190+0000] {processor.py:175} INFO - Processing /home/airflow/.local/lib/python3.7/site-packages/airflow/example_dags/example_bash_operator.py took 0.081 seconds
[2024-06-04T23:58:18.245+0000] {processor.py:153} INFO - Started process (PID=9418) to work on /home/airflow/.local/lib/python3.7/site-packages/airflow/example_dags/example_bash_operator.py
[2024-06-04T23:58:18.245+0000] {processor.py:743} INFO - Processing file /home/airflow/.local/lib/python3.7/site-packages/airflow/example_dags/example_bash_operator.py for tasks to queue
[2024-06-04T23:58:18.246+0000] {logging_mixin.py:137} INFO - [2024-06-04T23:58:18.246+0000] {dagbag.py:538} INFO - Filling up the DagBag from /home/airflow/.local/lib/python3.7/site-packages/airflow/example_dags/example_bash_operator.py
[2024-06-04T23:58:18.261+0000] {processor.py:753} INFO - DAG(s) dict_keys(['example_bash_operator']) retrieved from /home/airflow/.local/lib/python3.7/site-packages/airflow/example_dags/example_bash_operator.py
[2024-06-04T23:58:18.287+0000] {logging_mixin.py:137} INFO - [2024-06-04T23:58:18.287+0000] {dag.py:2690} INFO - Sync 1 DAGs
[2024-06-04T23:58:18.307+0000] {logging_mixin.py:137} INFO - [2024-06-04T23:58:18.307+0000] {dag.py:3441} INFO - Setting next_dagrun for example_bash_operator to 2024-06-04T00:00:00+00:00, run_after=2024-06-05T00:00:00+00:00
[2024-06-04T23:58:18.320+0000] {processor.py:175} INFO - Processing /home/airflow/.local/lib/python3.7/site-packages/airflow/example_dags/example_bash_operator.py took 0.077 seconds
[2024-06-04T23:58:48.400+0000] {processor.py:153} INFO - Started process (PID=9529) to work on /home/airflow/.local/lib/python3.7/site-packages/airflow/example_dags/example_bash_operator.py
[2024-06-04T23:58:48.400+0000] {processor.py:743} INFO - Processing file /home/airflow/.local/lib/python3.7/site-packages/airflow/example_dags/example_bash_operator.py for tasks to queue
[2024-06-04T23:58:48.401+0000] {logging_mixin.py:137} INFO - [2024-06-04T23:58:48.401+0000] {dagbag.py:538} INFO - Filling up the DagBag from /home/airflow/.local/lib/python3.7/site-packages/airflow/example_dags/example_bash_operator.py
[2024-06-04T23:58:48.417+0000] {processor.py:753} INFO - DAG(s) dict_keys(['example_bash_operator']) retrieved from /home/airflow/.local/lib/python3.7/site-packages/airflow/example_dags/example_bash_operator.py
[2024-06-04T23:58:48.443+0000] {logging_mixin.py:137} INFO - [2024-06-04T23:58:48.443+0000] {dag.py:2690} INFO - Sync 1 DAGs
[2024-06-04T23:58:48.467+0000] {logging_mixin.py:137} INFO - [2024-06-04T23:58:48.467+0000] {dag.py:3441} INFO - Setting next_dagrun for example_bash_operator to 2024-06-04T00:00:00+00:00, run_after=2024-06-05T00:00:00+00:00
[2024-06-04T23:58:48.492+0000] {processor.py:175} INFO - Processing /home/airflow/.local/lib/python3.7/site-packages/airflow/example_dags/example_bash_operator.py took 0.094 seconds
[2024-06-04T23:59:19.185+0000] {processor.py:153} INFO - Started process (PID=9621) to work on /home/airflow/.local/lib/python3.7/site-packages/airflow/example_dags/example_bash_operator.py
[2024-06-04T23:59:19.186+0000] {processor.py:743} INFO - Processing file /home/airflow/.local/lib/python3.7/site-packages/airflow/example_dags/example_bash_operator.py for tasks to queue
[2024-06-04T23:59:19.186+0000] {logging_mixin.py:137} INFO - [2024-06-04T23:59:19.186+0000] {dagbag.py:538} INFO - Filling up the DagBag from /home/airflow/.local/lib/python3.7/site-packages/airflow/example_dags/example_bash_operator.py
[2024-06-04T23:59:19.202+0000] {processor.py:753} INFO - DAG(s) dict_keys(['example_bash_operator']) retrieved from /home/airflow/.local/lib/python3.7/site-packages/airflow/example_dags/example_bash_operator.py
[2024-06-04T23:59:19.228+0000] {logging_mixin.py:137} INFO - [2024-06-04T23:59:19.227+0000] {dag.py:2690} INFO - Sync 1 DAGs
[2024-06-04T23:59:19.245+0000] {logging_mixin.py:137} INFO - [2024-06-04T23:59:19.245+0000] {dag.py:3441} INFO - Setting next_dagrun for example_bash_operator to 2024-06-04T00:00:00+00:00, run_after=2024-06-05T00:00:00+00:00
[2024-06-04T23:59:19.257+0000] {processor.py:175} INFO - Processing /home/airflow/.local/lib/python3.7/site-packages/airflow/example_dags/example_bash_operator.py took 0.074 seconds
[2024-06-04T23:59:50.001+0000] {processor.py:153} INFO - Started process (PID=9732) to work on /home/airflow/.local/lib/python3.7/site-packages/airflow/example_dags/example_bash_operator.py
[2024-06-04T23:59:50.002+0000] {processor.py:743} INFO - Processing file /home/airflow/.local/lib/python3.7/site-packages/airflow/example_dags/example_bash_operator.py for tasks to queue
[2024-06-04T23:59:50.002+0000] {logging_mixin.py:137} INFO - [2024-06-04T23:59:50.002+0000] {dagbag.py:538} INFO - Filling up the DagBag from /home/airflow/.local/lib/python3.7/site-packages/airflow/example_dags/example_bash_operator.py
[2024-06-04T23:59:50.024+0000] {processor.py:753} INFO - DAG(s) dict_keys(['example_bash_operator']) retrieved from /home/airflow/.local/lib/python3.7/site-packages/airflow/example_dags/example_bash_operator.py
[2024-06-04T23:59:50.053+0000] {logging_mixin.py:137} INFO - [2024-06-04T23:59:50.053+0000] {dag.py:2690} INFO - Sync 1 DAGs
[2024-06-04T23:59:50.074+0000] {logging_mixin.py:137} INFO - [2024-06-04T23:59:50.074+0000] {dag.py:3441} INFO - Setting next_dagrun for example_bash_operator to 2024-06-04T00:00:00+00:00, run_after=2024-06-05T00:00:00+00:00
[2024-06-04T23:59:50.091+0000] {processor.py:175} INFO - Processing /home/airflow/.local/lib/python3.7/site-packages/airflow/example_dags/example_bash_operator.py took 0.092 seconds
