[2024-06-04T23:37:26.971+0000] {processor.py:153} INFO - Started process (PID=65) to work on /home/airflow/.local/lib/python3.7/site-packages/airflow/example_dags/example_branch_operator.py
[2024-06-04T23:37:26.972+0000] {processor.py:743} INFO - Processing file /home/airflow/.local/lib/python3.7/site-packages/airflow/example_dags/example_branch_operator.py for tasks to queue
[2024-06-04T23:37:26.972+0000] {logging_mixin.py:137} INFO - [2024-06-04T23:37:26.972+0000] {dagbag.py:538} INFO - Filling up the DagBag from /home/airflow/.local/lib/python3.7/site-packages/airflow/example_dags/example_branch_operator.py
[2024-06-04T23:37:26.985+0000] {processor.py:753} INFO - DAG(s) dict_keys(['example_branch_operator']) retrieved from /home/airflow/.local/lib/python3.7/site-packages/airflow/example_dags/example_branch_operator.py
[2024-06-04T23:37:27.071+0000] {logging_mixin.py:137} INFO - [2024-06-04T23:37:27.070+0000] {manager.py:504} INFO - Created Permission View: can edit on DAG:example_branch_operator
[2024-06-04T23:37:27.078+0000] {logging_mixin.py:137} INFO - [2024-06-04T23:37:27.078+0000] {manager.py:504} INFO - Created Permission View: can read on DAG:example_branch_operator
[2024-06-04T23:37:27.084+0000] {logging_mixin.py:137} INFO - [2024-06-04T23:37:27.083+0000] {manager.py:504} INFO - Created Permission View: can delete on DAG:example_branch_operator
[2024-06-04T23:37:27.084+0000] {logging_mixin.py:137} INFO - [2024-06-04T23:37:27.084+0000] {dag.py:2690} INFO - Sync 1 DAGs
[2024-06-04T23:37:27.094+0000] {logging_mixin.py:137} INFO - [2024-06-04T23:37:27.094+0000] {dag.py:2711} INFO - Creating ORM DAG for example_branch_operator
[2024-06-04T23:37:27.104+0000] {logging_mixin.py:137} INFO - [2024-06-04T23:37:27.104+0000] {dag.py:3441} INFO - Setting next_dagrun for example_branch_operator to 2024-06-03T00:00:00+00:00, run_after=2024-06-04T00:00:00+00:00
[2024-06-04T23:37:27.120+0000] {processor.py:175} INFO - Processing /home/airflow/.local/lib/python3.7/site-packages/airflow/example_dags/example_branch_operator.py took 0.151 seconds
[2024-06-04T23:37:57.628+0000] {processor.py:153} INFO - Started process (PID=176) to work on /home/airflow/.local/lib/python3.7/site-packages/airflow/example_dags/example_branch_operator.py
[2024-06-04T23:37:57.629+0000] {processor.py:743} INFO - Processing file /home/airflow/.local/lib/python3.7/site-packages/airflow/example_dags/example_branch_operator.py for tasks to queue
[2024-06-04T23:37:57.629+0000] {logging_mixin.py:137} INFO - [2024-06-04T23:37:57.629+0000] {dagbag.py:538} INFO - Filling up the DagBag from /home/airflow/.local/lib/python3.7/site-packages/airflow/example_dags/example_branch_operator.py
[2024-06-04T23:37:57.642+0000] {processor.py:753} INFO - DAG(s) dict_keys(['example_branch_operator']) retrieved from /home/airflow/.local/lib/python3.7/site-packages/airflow/example_dags/example_branch_operator.py
[2024-06-04T23:37:57.660+0000] {logging_mixin.py:137} INFO - [2024-06-04T23:37:57.660+0000] {dag.py:2690} INFO - Sync 1 DAGs
[2024-06-04T23:37:57.678+0000] {logging_mixin.py:137} INFO - [2024-06-04T23:37:57.678+0000] {dag.py:3441} INFO - Setting next_dagrun for example_branch_operator to 2024-06-03T00:00:00+00:00, run_after=2024-06-04T00:00:00+00:00
[2024-06-04T23:37:57.691+0000] {processor.py:175} INFO - Processing /home/airflow/.local/lib/python3.7/site-packages/airflow/example_dags/example_branch_operator.py took 0.065 seconds
[2024-06-04T23:38:28.546+0000] {processor.py:153} INFO - Started process (PID=287) to work on /home/airflow/.local/lib/python3.7/site-packages/airflow/example_dags/example_branch_operator.py
[2024-06-04T23:38:28.547+0000] {processor.py:743} INFO - Processing file /home/airflow/.local/lib/python3.7/site-packages/airflow/example_dags/example_branch_operator.py for tasks to queue
[2024-06-04T23:38:28.547+0000] {logging_mixin.py:137} INFO - [2024-06-04T23:38:28.547+0000] {dagbag.py:538} INFO - Filling up the DagBag from /home/airflow/.local/lib/python3.7/site-packages/airflow/example_dags/example_branch_operator.py
[2024-06-04T23:38:28.561+0000] {processor.py:753} INFO - DAG(s) dict_keys(['example_branch_operator']) retrieved from /home/airflow/.local/lib/python3.7/site-packages/airflow/example_dags/example_branch_operator.py
[2024-06-04T23:38:28.583+0000] {logging_mixin.py:137} INFO - [2024-06-04T23:38:28.583+0000] {dag.py:2690} INFO - Sync 1 DAGs
[2024-06-04T23:38:28.604+0000] {logging_mixin.py:137} INFO - [2024-06-04T23:38:28.604+0000] {dag.py:3441} INFO - Setting next_dagrun for example_branch_operator to 2024-06-03T00:00:00+00:00, run_after=2024-06-04T00:00:00+00:00
[2024-06-04T23:38:28.618+0000] {processor.py:175} INFO - Processing /home/airflow/.local/lib/python3.7/site-packages/airflow/example_dags/example_branch_operator.py took 0.075 seconds
[2024-06-04T23:38:59.376+0000] {processor.py:153} INFO - Started process (PID=374) to work on /home/airflow/.local/lib/python3.7/site-packages/airflow/example_dags/example_branch_operator.py
[2024-06-04T23:38:59.377+0000] {processor.py:743} INFO - Processing file /home/airflow/.local/lib/python3.7/site-packages/airflow/example_dags/example_branch_operator.py for tasks to queue
[2024-06-04T23:38:59.378+0000] {logging_mixin.py:137} INFO - [2024-06-04T23:38:59.378+0000] {dagbag.py:538} INFO - Filling up the DagBag from /home/airflow/.local/lib/python3.7/site-packages/airflow/example_dags/example_branch_operator.py
[2024-06-04T23:38:59.390+0000] {processor.py:753} INFO - DAG(s) dict_keys(['example_branch_operator']) retrieved from /home/airflow/.local/lib/python3.7/site-packages/airflow/example_dags/example_branch_operator.py
[2024-06-04T23:38:59.410+0000] {logging_mixin.py:137} INFO - [2024-06-04T23:38:59.409+0000] {dag.py:2690} INFO - Sync 1 DAGs
[2024-06-04T23:38:59.428+0000] {logging_mixin.py:137} INFO - [2024-06-04T23:38:59.428+0000] {dag.py:3441} INFO - Setting next_dagrun for example_branch_operator to 2024-06-03T00:00:00+00:00, run_after=2024-06-04T00:00:00+00:00
[2024-06-04T23:38:59.440+0000] {processor.py:175} INFO - Processing /home/airflow/.local/lib/python3.7/site-packages/airflow/example_dags/example_branch_operator.py took 0.066 seconds
[2024-06-04T23:39:30.064+0000] {processor.py:153} INFO - Started process (PID=485) to work on /home/airflow/.local/lib/python3.7/site-packages/airflow/example_dags/example_branch_operator.py
[2024-06-04T23:39:30.065+0000] {processor.py:743} INFO - Processing file /home/airflow/.local/lib/python3.7/site-packages/airflow/example_dags/example_branch_operator.py for tasks to queue
[2024-06-04T23:39:30.065+0000] {logging_mixin.py:137} INFO - [2024-06-04T23:39:30.065+0000] {dagbag.py:538} INFO - Filling up the DagBag from /home/airflow/.local/lib/python3.7/site-packages/airflow/example_dags/example_branch_operator.py
[2024-06-04T23:39:30.078+0000] {processor.py:753} INFO - DAG(s) dict_keys(['example_branch_operator']) retrieved from /home/airflow/.local/lib/python3.7/site-packages/airflow/example_dags/example_branch_operator.py
[2024-06-04T23:39:30.098+0000] {logging_mixin.py:137} INFO - [2024-06-04T23:39:30.098+0000] {dag.py:2690} INFO - Sync 1 DAGs
[2024-06-04T23:39:30.116+0000] {logging_mixin.py:137} INFO - [2024-06-04T23:39:30.116+0000] {dag.py:3441} INFO - Setting next_dagrun for example_branch_operator to 2024-06-03T00:00:00+00:00, run_after=2024-06-04T00:00:00+00:00
[2024-06-04T23:39:30.129+0000] {processor.py:175} INFO - Processing /home/airflow/.local/lib/python3.7/site-packages/airflow/example_dags/example_branch_operator.py took 0.067 seconds
[2024-06-04T23:40:00.794+0000] {processor.py:153} INFO - Started process (PID=572) to work on /home/airflow/.local/lib/python3.7/site-packages/airflow/example_dags/example_branch_operator.py
[2024-06-04T23:40:00.794+0000] {processor.py:743} INFO - Processing file /home/airflow/.local/lib/python3.7/site-packages/airflow/example_dags/example_branch_operator.py for tasks to queue
[2024-06-04T23:40:00.795+0000] {logging_mixin.py:137} INFO - [2024-06-04T23:40:00.795+0000] {dagbag.py:538} INFO - Filling up the DagBag from /home/airflow/.local/lib/python3.7/site-packages/airflow/example_dags/example_branch_operator.py
[2024-06-04T23:40:00.807+0000] {processor.py:753} INFO - DAG(s) dict_keys(['example_branch_operator']) retrieved from /home/airflow/.local/lib/python3.7/site-packages/airflow/example_dags/example_branch_operator.py
[2024-06-04T23:40:00.826+0000] {logging_mixin.py:137} INFO - [2024-06-04T23:40:00.826+0000] {dag.py:2690} INFO - Sync 1 DAGs
[2024-06-04T23:40:00.844+0000] {logging_mixin.py:137} INFO - [2024-06-04T23:40:00.844+0000] {dag.py:3441} INFO - Setting next_dagrun for example_branch_operator to 2024-06-03T00:00:00+00:00, run_after=2024-06-04T00:00:00+00:00
[2024-06-04T23:40:00.857+0000] {processor.py:175} INFO - Processing /home/airflow/.local/lib/python3.7/site-packages/airflow/example_dags/example_branch_operator.py took 0.065 seconds
[2024-06-04T23:40:31.482+0000] {processor.py:153} INFO - Started process (PID=683) to work on /home/airflow/.local/lib/python3.7/site-packages/airflow/example_dags/example_branch_operator.py
[2024-06-04T23:40:31.483+0000] {processor.py:743} INFO - Processing file /home/airflow/.local/lib/python3.7/site-packages/airflow/example_dags/example_branch_operator.py for tasks to queue
[2024-06-04T23:40:31.483+0000] {logging_mixin.py:137} INFO - [2024-06-04T23:40:31.483+0000] {dagbag.py:538} INFO - Filling up the DagBag from /home/airflow/.local/lib/python3.7/site-packages/airflow/example_dags/example_branch_operator.py
[2024-06-04T23:40:31.495+0000] {processor.py:753} INFO - DAG(s) dict_keys(['example_branch_operator']) retrieved from /home/airflow/.local/lib/python3.7/site-packages/airflow/example_dags/example_branch_operator.py
[2024-06-04T23:40:31.514+0000] {logging_mixin.py:137} INFO - [2024-06-04T23:40:31.513+0000] {dag.py:2690} INFO - Sync 1 DAGs
[2024-06-04T23:40:31.532+0000] {logging_mixin.py:137} INFO - [2024-06-04T23:40:31.532+0000] {dag.py:3441} INFO - Setting next_dagrun for example_branch_operator to 2024-06-03T00:00:00+00:00, run_after=2024-06-04T00:00:00+00:00
[2024-06-04T23:40:31.544+0000] {processor.py:175} INFO - Processing /home/airflow/.local/lib/python3.7/site-packages/airflow/example_dags/example_branch_operator.py took 0.064 seconds
[2024-06-04T23:41:02.218+0000] {processor.py:153} INFO - Started process (PID=794) to work on /home/airflow/.local/lib/python3.7/site-packages/airflow/example_dags/example_branch_operator.py
[2024-06-04T23:41:02.219+0000] {processor.py:743} INFO - Processing file /home/airflow/.local/lib/python3.7/site-packages/airflow/example_dags/example_branch_operator.py for tasks to queue
[2024-06-04T23:41:02.219+0000] {logging_mixin.py:137} INFO - [2024-06-04T23:41:02.219+0000] {dagbag.py:538} INFO - Filling up the DagBag from /home/airflow/.local/lib/python3.7/site-packages/airflow/example_dags/example_branch_operator.py
[2024-06-04T23:41:02.231+0000] {processor.py:753} INFO - DAG(s) dict_keys(['example_branch_operator']) retrieved from /home/airflow/.local/lib/python3.7/site-packages/airflow/example_dags/example_branch_operator.py
[2024-06-04T23:41:02.250+0000] {logging_mixin.py:137} INFO - [2024-06-04T23:41:02.250+0000] {dag.py:2690} INFO - Sync 1 DAGs
[2024-06-04T23:41:02.268+0000] {logging_mixin.py:137} INFO - [2024-06-04T23:41:02.268+0000] {dag.py:3441} INFO - Setting next_dagrun for example_branch_operator to 2024-06-03T00:00:00+00:00, run_after=2024-06-04T00:00:00+00:00
[2024-06-04T23:41:02.280+0000] {processor.py:175} INFO - Processing /home/airflow/.local/lib/python3.7/site-packages/airflow/example_dags/example_branch_operator.py took 0.064 seconds
[2024-06-04T23:41:32.913+0000] {processor.py:153} INFO - Started process (PID=881) to work on /home/airflow/.local/lib/python3.7/site-packages/airflow/example_dags/example_branch_operator.py
[2024-06-04T23:41:32.913+0000] {processor.py:743} INFO - Processing file /home/airflow/.local/lib/python3.7/site-packages/airflow/example_dags/example_branch_operator.py for tasks to queue
[2024-06-04T23:41:32.913+0000] {logging_mixin.py:137} INFO - [2024-06-04T23:41:32.913+0000] {dagbag.py:538} INFO - Filling up the DagBag from /home/airflow/.local/lib/python3.7/site-packages/airflow/example_dags/example_branch_operator.py
[2024-06-04T23:41:32.925+0000] {processor.py:753} INFO - DAG(s) dict_keys(['example_branch_operator']) retrieved from /home/airflow/.local/lib/python3.7/site-packages/airflow/example_dags/example_branch_operator.py
[2024-06-04T23:41:32.944+0000] {logging_mixin.py:137} INFO - [2024-06-04T23:41:32.944+0000] {dag.py:2690} INFO - Sync 1 DAGs
[2024-06-04T23:41:32.962+0000] {logging_mixin.py:137} INFO - [2024-06-04T23:41:32.962+0000] {dag.py:3441} INFO - Setting next_dagrun for example_branch_operator to 2024-06-03T00:00:00+00:00, run_after=2024-06-04T00:00:00+00:00
[2024-06-04T23:41:32.974+0000] {processor.py:175} INFO - Processing /home/airflow/.local/lib/python3.7/site-packages/airflow/example_dags/example_branch_operator.py took 0.064 seconds
[2024-06-04T23:42:03.683+0000] {processor.py:153} INFO - Started process (PID=992) to work on /home/airflow/.local/lib/python3.7/site-packages/airflow/example_dags/example_branch_operator.py
[2024-06-04T23:42:03.684+0000] {processor.py:743} INFO - Processing file /home/airflow/.local/lib/python3.7/site-packages/airflow/example_dags/example_branch_operator.py for tasks to queue
[2024-06-04T23:42:03.685+0000] {logging_mixin.py:137} INFO - [2024-06-04T23:42:03.684+0000] {dagbag.py:538} INFO - Filling up the DagBag from /home/airflow/.local/lib/python3.7/site-packages/airflow/example_dags/example_branch_operator.py
[2024-06-04T23:42:03.696+0000] {processor.py:753} INFO - DAG(s) dict_keys(['example_branch_operator']) retrieved from /home/airflow/.local/lib/python3.7/site-packages/airflow/example_dags/example_branch_operator.py
[2024-06-04T23:42:03.717+0000] {logging_mixin.py:137} INFO - [2024-06-04T23:42:03.717+0000] {dag.py:2690} INFO - Sync 1 DAGs
[2024-06-04T23:42:03.737+0000] {logging_mixin.py:137} INFO - [2024-06-04T23:42:03.737+0000] {dag.py:3441} INFO - Setting next_dagrun for example_branch_operator to 2024-06-03T00:00:00+00:00, run_after=2024-06-04T00:00:00+00:00
[2024-06-04T23:42:03.749+0000] {processor.py:175} INFO - Processing /home/airflow/.local/lib/python3.7/site-packages/airflow/example_dags/example_branch_operator.py took 0.068 seconds
[2024-06-04T23:42:33.781+0000] {processor.py:153} INFO - Started process (PID=1086) to work on /home/airflow/.local/lib/python3.7/site-packages/airflow/example_dags/example_branch_operator.py
[2024-06-04T23:42:33.781+0000] {processor.py:743} INFO - Processing file /home/airflow/.local/lib/python3.7/site-packages/airflow/example_dags/example_branch_operator.py for tasks to queue
[2024-06-04T23:42:33.782+0000] {logging_mixin.py:137} INFO - [2024-06-04T23:42:33.781+0000] {dagbag.py:538} INFO - Filling up the DagBag from /home/airflow/.local/lib/python3.7/site-packages/airflow/example_dags/example_branch_operator.py
[2024-06-04T23:42:33.793+0000] {processor.py:753} INFO - DAG(s) dict_keys(['example_branch_operator']) retrieved from /home/airflow/.local/lib/python3.7/site-packages/airflow/example_dags/example_branch_operator.py
[2024-06-04T23:42:33.813+0000] {logging_mixin.py:137} INFO - [2024-06-04T23:42:33.813+0000] {dag.py:2690} INFO - Sync 1 DAGs
[2024-06-04T23:42:33.835+0000] {logging_mixin.py:137} INFO - [2024-06-04T23:42:33.835+0000] {dag.py:3441} INFO - Setting next_dagrun for example_branch_operator to 2024-06-03T00:00:00+00:00, run_after=2024-06-04T00:00:00+00:00
[2024-06-04T23:42:33.849+0000] {processor.py:175} INFO - Processing /home/airflow/.local/lib/python3.7/site-packages/airflow/example_dags/example_branch_operator.py took 0.071 seconds
[2024-06-04T23:43:04.753+0000] {processor.py:153} INFO - Started process (PID=1190) to work on /home/airflow/.local/lib/python3.7/site-packages/airflow/example_dags/example_branch_operator.py
[2024-06-04T23:43:04.754+0000] {processor.py:743} INFO - Processing file /home/airflow/.local/lib/python3.7/site-packages/airflow/example_dags/example_branch_operator.py for tasks to queue
[2024-06-04T23:43:04.754+0000] {logging_mixin.py:137} INFO - [2024-06-04T23:43:04.754+0000] {dagbag.py:538} INFO - Filling up the DagBag from /home/airflow/.local/lib/python3.7/site-packages/airflow/example_dags/example_branch_operator.py
[2024-06-04T23:43:04.766+0000] {processor.py:753} INFO - DAG(s) dict_keys(['example_branch_operator']) retrieved from /home/airflow/.local/lib/python3.7/site-packages/airflow/example_dags/example_branch_operator.py
[2024-06-04T23:43:04.785+0000] {logging_mixin.py:137} INFO - [2024-06-04T23:43:04.785+0000] {dag.py:2690} INFO - Sync 1 DAGs
[2024-06-04T23:43:04.803+0000] {logging_mixin.py:137} INFO - [2024-06-04T23:43:04.802+0000] {dag.py:3441} INFO - Setting next_dagrun for example_branch_operator to 2024-06-03T00:00:00+00:00, run_after=2024-06-04T00:00:00+00:00
[2024-06-04T23:43:04.815+0000] {processor.py:175} INFO - Processing /home/airflow/.local/lib/python3.7/site-packages/airflow/example_dags/example_branch_operator.py took 0.064 seconds
[2024-06-04T23:43:35.571+0000] {processor.py:153} INFO - Started process (PID=1301) to work on /home/airflow/.local/lib/python3.7/site-packages/airflow/example_dags/example_branch_operator.py
[2024-06-04T23:43:35.571+0000] {processor.py:743} INFO - Processing file /home/airflow/.local/lib/python3.7/site-packages/airflow/example_dags/example_branch_operator.py for tasks to queue
[2024-06-04T23:43:35.572+0000] {logging_mixin.py:137} INFO - [2024-06-04T23:43:35.572+0000] {dagbag.py:538} INFO - Filling up the DagBag from /home/airflow/.local/lib/python3.7/site-packages/airflow/example_dags/example_branch_operator.py
[2024-06-04T23:43:35.583+0000] {processor.py:753} INFO - DAG(s) dict_keys(['example_branch_operator']) retrieved from /home/airflow/.local/lib/python3.7/site-packages/airflow/example_dags/example_branch_operator.py
[2024-06-04T23:43:35.603+0000] {logging_mixin.py:137} INFO - [2024-06-04T23:43:35.602+0000] {dag.py:2690} INFO - Sync 1 DAGs
[2024-06-04T23:43:35.622+0000] {logging_mixin.py:137} INFO - [2024-06-04T23:43:35.622+0000] {dag.py:3441} INFO - Setting next_dagrun for example_branch_operator to 2024-06-03T00:00:00+00:00, run_after=2024-06-04T00:00:00+00:00
[2024-06-04T23:43:35.636+0000] {processor.py:175} INFO - Processing /home/airflow/.local/lib/python3.7/site-packages/airflow/example_dags/example_branch_operator.py took 0.068 seconds
[2024-06-04T23:44:07.298+0000] {processor.py:153} INFO - Started process (PID=1501) to work on /home/airflow/.local/lib/python3.7/site-packages/airflow/example_dags/example_branch_operator.py
[2024-06-04T23:44:07.299+0000] {processor.py:743} INFO - Processing file /home/airflow/.local/lib/python3.7/site-packages/airflow/example_dags/example_branch_operator.py for tasks to queue
[2024-06-04T23:44:07.300+0000] {logging_mixin.py:137} INFO - [2024-06-04T23:44:07.300+0000] {dagbag.py:538} INFO - Filling up the DagBag from /home/airflow/.local/lib/python3.7/site-packages/airflow/example_dags/example_branch_operator.py
[2024-06-04T23:44:07.319+0000] {processor.py:753} INFO - DAG(s) dict_keys(['example_branch_operator']) retrieved from /home/airflow/.local/lib/python3.7/site-packages/airflow/example_dags/example_branch_operator.py
[2024-06-04T23:44:07.345+0000] {logging_mixin.py:137} INFO - [2024-06-04T23:44:07.345+0000] {dag.py:2690} INFO - Sync 1 DAGs
[2024-06-04T23:44:07.372+0000] {logging_mixin.py:137} INFO - [2024-06-04T23:44:07.371+0000] {dag.py:3441} INFO - Setting next_dagrun for example_branch_operator to 2024-06-04T00:00:00+00:00, run_after=2024-06-05T00:00:00+00:00
[2024-06-04T23:44:07.394+0000] {processor.py:175} INFO - Processing /home/airflow/.local/lib/python3.7/site-packages/airflow/example_dags/example_branch_operator.py took 0.099 seconds
[2024-06-04T23:44:37.489+0000] {processor.py:153} INFO - Started process (PID=1874) to work on /home/airflow/.local/lib/python3.7/site-packages/airflow/example_dags/example_branch_operator.py
[2024-06-04T23:44:37.491+0000] {processor.py:743} INFO - Processing file /home/airflow/.local/lib/python3.7/site-packages/airflow/example_dags/example_branch_operator.py for tasks to queue
[2024-06-04T23:44:37.492+0000] {logging_mixin.py:137} INFO - [2024-06-04T23:44:37.492+0000] {dagbag.py:538} INFO - Filling up the DagBag from /home/airflow/.local/lib/python3.7/site-packages/airflow/example_dags/example_branch_operator.py
[2024-06-04T23:44:37.515+0000] {processor.py:753} INFO - DAG(s) dict_keys(['example_branch_operator']) retrieved from /home/airflow/.local/lib/python3.7/site-packages/airflow/example_dags/example_branch_operator.py
[2024-06-04T23:44:37.547+0000] {logging_mixin.py:137} INFO - [2024-06-04T23:44:37.547+0000] {dag.py:2690} INFO - Sync 1 DAGs
[2024-06-04T23:44:37.584+0000] {logging_mixin.py:137} INFO - [2024-06-04T23:44:37.584+0000] {dag.py:3441} INFO - Setting next_dagrun for example_branch_operator to 2024-06-04T00:00:00+00:00, run_after=2024-06-05T00:00:00+00:00
[2024-06-04T23:44:37.608+0000] {processor.py:175} INFO - Processing /home/airflow/.local/lib/python3.7/site-packages/airflow/example_dags/example_branch_operator.py took 0.122 seconds
[2024-06-04T23:45:07.918+0000] {processor.py:153} INFO - Started process (PID=2204) to work on /home/airflow/.local/lib/python3.7/site-packages/airflow/example_dags/example_branch_operator.py
[2024-06-04T23:45:07.921+0000] {processor.py:743} INFO - Processing file /home/airflow/.local/lib/python3.7/site-packages/airflow/example_dags/example_branch_operator.py for tasks to queue
[2024-06-04T23:45:07.922+0000] {logging_mixin.py:137} INFO - [2024-06-04T23:45:07.922+0000] {dagbag.py:538} INFO - Filling up the DagBag from /home/airflow/.local/lib/python3.7/site-packages/airflow/example_dags/example_branch_operator.py
[2024-06-04T23:45:07.943+0000] {processor.py:753} INFO - DAG(s) dict_keys(['example_branch_operator']) retrieved from /home/airflow/.local/lib/python3.7/site-packages/airflow/example_dags/example_branch_operator.py
[2024-06-04T23:45:07.975+0000] {logging_mixin.py:137} INFO - [2024-06-04T23:45:07.975+0000] {dag.py:2690} INFO - Sync 1 DAGs
[2024-06-04T23:45:08.007+0000] {logging_mixin.py:137} INFO - [2024-06-04T23:45:08.007+0000] {dag.py:3441} INFO - Setting next_dagrun for example_branch_operator to 2024-06-04T00:00:00+00:00, run_after=2024-06-05T00:00:00+00:00
[2024-06-04T23:45:08.032+0000] {processor.py:175} INFO - Processing /home/airflow/.local/lib/python3.7/site-packages/airflow/example_dags/example_branch_operator.py took 0.118 seconds
[2024-06-04T23:45:38.260+0000] {processor.py:153} INFO - Started process (PID=2553) to work on /home/airflow/.local/lib/python3.7/site-packages/airflow/example_dags/example_branch_operator.py
[2024-06-04T23:45:38.261+0000] {processor.py:743} INFO - Processing file /home/airflow/.local/lib/python3.7/site-packages/airflow/example_dags/example_branch_operator.py for tasks to queue
[2024-06-04T23:45:38.262+0000] {logging_mixin.py:137} INFO - [2024-06-04T23:45:38.261+0000] {dagbag.py:538} INFO - Filling up the DagBag from /home/airflow/.local/lib/python3.7/site-packages/airflow/example_dags/example_branch_operator.py
[2024-06-04T23:45:38.279+0000] {processor.py:753} INFO - DAG(s) dict_keys(['example_branch_operator']) retrieved from /home/airflow/.local/lib/python3.7/site-packages/airflow/example_dags/example_branch_operator.py
[2024-06-04T23:45:38.307+0000] {logging_mixin.py:137} INFO - [2024-06-04T23:45:38.306+0000] {dag.py:2690} INFO - Sync 1 DAGs
[2024-06-04T23:45:38.333+0000] {logging_mixin.py:137} INFO - [2024-06-04T23:45:38.333+0000] {dag.py:3441} INFO - Setting next_dagrun for example_branch_operator to 2024-06-04T00:00:00+00:00, run_after=2024-06-05T00:00:00+00:00
[2024-06-04T23:45:38.352+0000] {processor.py:175} INFO - Processing /home/airflow/.local/lib/python3.7/site-packages/airflow/example_dags/example_branch_operator.py took 0.095 seconds
[2024-06-04T23:46:08.725+0000] {processor.py:153} INFO - Started process (PID=2887) to work on /home/airflow/.local/lib/python3.7/site-packages/airflow/example_dags/example_branch_operator.py
[2024-06-04T23:46:08.725+0000] {processor.py:743} INFO - Processing file /home/airflow/.local/lib/python3.7/site-packages/airflow/example_dags/example_branch_operator.py for tasks to queue
[2024-06-04T23:46:08.726+0000] {logging_mixin.py:137} INFO - [2024-06-04T23:46:08.726+0000] {dagbag.py:538} INFO - Filling up the DagBag from /home/airflow/.local/lib/python3.7/site-packages/airflow/example_dags/example_branch_operator.py
[2024-06-04T23:46:08.743+0000] {processor.py:753} INFO - DAG(s) dict_keys(['example_branch_operator']) retrieved from /home/airflow/.local/lib/python3.7/site-packages/airflow/example_dags/example_branch_operator.py
[2024-06-04T23:46:08.775+0000] {logging_mixin.py:137} INFO - [2024-06-04T23:46:08.775+0000] {dag.py:2690} INFO - Sync 1 DAGs
[2024-06-04T23:46:08.810+0000] {logging_mixin.py:137} INFO - [2024-06-04T23:46:08.810+0000] {dag.py:3441} INFO - Setting next_dagrun for example_branch_operator to 2024-06-04T00:00:00+00:00, run_after=2024-06-05T00:00:00+00:00
[2024-06-04T23:46:08.834+0000] {processor.py:175} INFO - Processing /home/airflow/.local/lib/python3.7/site-packages/airflow/example_dags/example_branch_operator.py took 0.113 seconds
[2024-06-04T23:46:39.442+0000] {processor.py:153} INFO - Started process (PID=3256) to work on /home/airflow/.local/lib/python3.7/site-packages/airflow/example_dags/example_branch_operator.py
[2024-06-04T23:46:39.443+0000] {processor.py:743} INFO - Processing file /home/airflow/.local/lib/python3.7/site-packages/airflow/example_dags/example_branch_operator.py for tasks to queue
[2024-06-04T23:46:39.444+0000] {logging_mixin.py:137} INFO - [2024-06-04T23:46:39.443+0000] {dagbag.py:538} INFO - Filling up the DagBag from /home/airflow/.local/lib/python3.7/site-packages/airflow/example_dags/example_branch_operator.py
[2024-06-04T23:46:39.462+0000] {processor.py:753} INFO - DAG(s) dict_keys(['example_branch_operator']) retrieved from /home/airflow/.local/lib/python3.7/site-packages/airflow/example_dags/example_branch_operator.py
[2024-06-04T23:46:39.495+0000] {logging_mixin.py:137} INFO - [2024-06-04T23:46:39.495+0000] {dag.py:2690} INFO - Sync 1 DAGs
[2024-06-04T23:46:39.524+0000] {logging_mixin.py:137} INFO - [2024-06-04T23:46:39.523+0000] {dag.py:3441} INFO - Setting next_dagrun for example_branch_operator to 2024-06-04T00:00:00+00:00, run_after=2024-06-05T00:00:00+00:00
[2024-06-04T23:46:39.547+0000] {processor.py:175} INFO - Processing /home/airflow/.local/lib/python3.7/site-packages/airflow/example_dags/example_branch_operator.py took 0.108 seconds
[2024-06-04T23:47:09.660+0000] {processor.py:153} INFO - Started process (PID=3579) to work on /home/airflow/.local/lib/python3.7/site-packages/airflow/example_dags/example_branch_operator.py
[2024-06-04T23:47:09.660+0000] {processor.py:743} INFO - Processing file /home/airflow/.local/lib/python3.7/site-packages/airflow/example_dags/example_branch_operator.py for tasks to queue
[2024-06-04T23:47:09.661+0000] {logging_mixin.py:137} INFO - [2024-06-04T23:47:09.661+0000] {dagbag.py:538} INFO - Filling up the DagBag from /home/airflow/.local/lib/python3.7/site-packages/airflow/example_dags/example_branch_operator.py
[2024-06-04T23:47:09.673+0000] {processor.py:753} INFO - DAG(s) dict_keys(['example_branch_operator']) retrieved from /home/airflow/.local/lib/python3.7/site-packages/airflow/example_dags/example_branch_operator.py
[2024-06-04T23:47:09.692+0000] {logging_mixin.py:137} INFO - [2024-06-04T23:47:09.692+0000] {dag.py:2690} INFO - Sync 1 DAGs
[2024-06-04T23:47:09.712+0000] {logging_mixin.py:137} INFO - [2024-06-04T23:47:09.712+0000] {dag.py:3441} INFO - Setting next_dagrun for example_branch_operator to 2024-06-04T00:00:00+00:00, run_after=2024-06-05T00:00:00+00:00
[2024-06-04T23:47:09.727+0000] {processor.py:175} INFO - Processing /home/airflow/.local/lib/python3.7/site-packages/airflow/example_dags/example_branch_operator.py took 0.070 seconds
[2024-06-04T23:47:40.084+0000] {processor.py:153} INFO - Started process (PID=3932) to work on /home/airflow/.local/lib/python3.7/site-packages/airflow/example_dags/example_branch_operator.py
[2024-06-04T23:47:40.085+0000] {processor.py:743} INFO - Processing file /home/airflow/.local/lib/python3.7/site-packages/airflow/example_dags/example_branch_operator.py for tasks to queue
[2024-06-04T23:47:40.086+0000] {logging_mixin.py:137} INFO - [2024-06-04T23:47:40.086+0000] {dagbag.py:538} INFO - Filling up the DagBag from /home/airflow/.local/lib/python3.7/site-packages/airflow/example_dags/example_branch_operator.py
[2024-06-04T23:47:40.107+0000] {processor.py:753} INFO - DAG(s) dict_keys(['example_branch_operator']) retrieved from /home/airflow/.local/lib/python3.7/site-packages/airflow/example_dags/example_branch_operator.py
[2024-06-04T23:47:40.141+0000] {logging_mixin.py:137} INFO - [2024-06-04T23:47:40.140+0000] {dag.py:2690} INFO - Sync 1 DAGs
[2024-06-04T23:47:40.178+0000] {logging_mixin.py:137} INFO - [2024-06-04T23:47:40.178+0000] {dag.py:3441} INFO - Setting next_dagrun for example_branch_operator to 2024-06-04T00:00:00+00:00, run_after=2024-06-05T00:00:00+00:00
[2024-06-04T23:47:40.213+0000] {processor.py:175} INFO - Processing /home/airflow/.local/lib/python3.7/site-packages/airflow/example_dags/example_branch_operator.py took 0.133 seconds
[2024-06-04T23:48:10.840+0000] {processor.py:153} INFO - Started process (PID=4295) to work on /home/airflow/.local/lib/python3.7/site-packages/airflow/example_dags/example_branch_operator.py
[2024-06-04T23:48:10.840+0000] {processor.py:743} INFO - Processing file /home/airflow/.local/lib/python3.7/site-packages/airflow/example_dags/example_branch_operator.py for tasks to queue
[2024-06-04T23:48:10.841+0000] {logging_mixin.py:137} INFO - [2024-06-04T23:48:10.841+0000] {dagbag.py:538} INFO - Filling up the DagBag from /home/airflow/.local/lib/python3.7/site-packages/airflow/example_dags/example_branch_operator.py
[2024-06-04T23:48:10.853+0000] {processor.py:753} INFO - DAG(s) dict_keys(['example_branch_operator']) retrieved from /home/airflow/.local/lib/python3.7/site-packages/airflow/example_dags/example_branch_operator.py
[2024-06-04T23:48:10.873+0000] {logging_mixin.py:137} INFO - [2024-06-04T23:48:10.873+0000] {dag.py:2690} INFO - Sync 1 DAGs
[2024-06-04T23:48:10.892+0000] {logging_mixin.py:137} INFO - [2024-06-04T23:48:10.891+0000] {dag.py:3441} INFO - Setting next_dagrun for example_branch_operator to 2024-06-04T00:00:00+00:00, run_after=2024-06-05T00:00:00+00:00
[2024-06-04T23:48:10.905+0000] {processor.py:175} INFO - Processing /home/airflow/.local/lib/python3.7/site-packages/airflow/example_dags/example_branch_operator.py took 0.068 seconds
[2024-06-04T23:48:40.973+0000] {processor.py:153} INFO - Started process (PID=4657) to work on /home/airflow/.local/lib/python3.7/site-packages/airflow/example_dags/example_branch_operator.py
[2024-06-04T23:48:40.974+0000] {processor.py:743} INFO - Processing file /home/airflow/.local/lib/python3.7/site-packages/airflow/example_dags/example_branch_operator.py for tasks to queue
[2024-06-04T23:48:40.975+0000] {logging_mixin.py:137} INFO - [2024-06-04T23:48:40.975+0000] {dagbag.py:538} INFO - Filling up the DagBag from /home/airflow/.local/lib/python3.7/site-packages/airflow/example_dags/example_branch_operator.py
[2024-06-04T23:48:40.994+0000] {processor.py:753} INFO - DAG(s) dict_keys(['example_branch_operator']) retrieved from /home/airflow/.local/lib/python3.7/site-packages/airflow/example_dags/example_branch_operator.py
[2024-06-04T23:48:41.022+0000] {logging_mixin.py:137} INFO - [2024-06-04T23:48:41.022+0000] {dag.py:2690} INFO - Sync 1 DAGs
[2024-06-04T23:48:41.052+0000] {logging_mixin.py:137} INFO - [2024-06-04T23:48:41.052+0000] {dag.py:3441} INFO - Setting next_dagrun for example_branch_operator to 2024-06-04T00:00:00+00:00, run_after=2024-06-05T00:00:00+00:00
[2024-06-04T23:48:41.079+0000] {processor.py:175} INFO - Processing /home/airflow/.local/lib/python3.7/site-packages/airflow/example_dags/example_branch_operator.py took 0.109 seconds
[2024-06-04T23:49:11.948+0000] {processor.py:153} INFO - Started process (PID=5063) to work on /home/airflow/.local/lib/python3.7/site-packages/airflow/example_dags/example_branch_operator.py
[2024-06-04T23:49:11.948+0000] {processor.py:743} INFO - Processing file /home/airflow/.local/lib/python3.7/site-packages/airflow/example_dags/example_branch_operator.py for tasks to queue
[2024-06-04T23:49:11.949+0000] {logging_mixin.py:137} INFO - [2024-06-04T23:49:11.949+0000] {dagbag.py:538} INFO - Filling up the DagBag from /home/airflow/.local/lib/python3.7/site-packages/airflow/example_dags/example_branch_operator.py
[2024-06-04T23:49:11.964+0000] {processor.py:753} INFO - DAG(s) dict_keys(['example_branch_operator']) retrieved from /home/airflow/.local/lib/python3.7/site-packages/airflow/example_dags/example_branch_operator.py
[2024-06-04T23:49:11.987+0000] {logging_mixin.py:137} INFO - [2024-06-04T23:49:11.987+0000] {dag.py:2690} INFO - Sync 1 DAGs
[2024-06-04T23:49:12.013+0000] {logging_mixin.py:137} INFO - [2024-06-04T23:49:12.013+0000] {dag.py:3441} INFO - Setting next_dagrun for example_branch_operator to 2024-06-04T00:00:00+00:00, run_after=2024-06-05T00:00:00+00:00
[2024-06-04T23:49:12.035+0000] {processor.py:175} INFO - Processing /home/airflow/.local/lib/python3.7/site-packages/airflow/example_dags/example_branch_operator.py took 0.089 seconds
[2024-06-04T23:49:42.257+0000] {processor.py:153} INFO - Started process (PID=5425) to work on /home/airflow/.local/lib/python3.7/site-packages/airflow/example_dags/example_branch_operator.py
[2024-06-04T23:49:42.257+0000] {processor.py:743} INFO - Processing file /home/airflow/.local/lib/python3.7/site-packages/airflow/example_dags/example_branch_operator.py for tasks to queue
[2024-06-04T23:49:42.258+0000] {logging_mixin.py:137} INFO - [2024-06-04T23:49:42.258+0000] {dagbag.py:538} INFO - Filling up the DagBag from /home/airflow/.local/lib/python3.7/site-packages/airflow/example_dags/example_branch_operator.py
[2024-06-04T23:49:42.270+0000] {processor.py:753} INFO - DAG(s) dict_keys(['example_branch_operator']) retrieved from /home/airflow/.local/lib/python3.7/site-packages/airflow/example_dags/example_branch_operator.py
[2024-06-04T23:49:42.289+0000] {logging_mixin.py:137} INFO - [2024-06-04T23:49:42.289+0000] {dag.py:2690} INFO - Sync 1 DAGs
[2024-06-04T23:49:42.309+0000] {logging_mixin.py:137} INFO - [2024-06-04T23:49:42.309+0000] {dag.py:3441} INFO - Setting next_dagrun for example_branch_operator to 2024-06-04T00:00:00+00:00, run_after=2024-06-05T00:00:00+00:00
[2024-06-04T23:49:42.324+0000] {processor.py:175} INFO - Processing /home/airflow/.local/lib/python3.7/site-packages/airflow/example_dags/example_branch_operator.py took 0.069 seconds
[2024-06-04T23:50:13.271+0000] {processor.py:153} INFO - Started process (PID=5791) to work on /home/airflow/.local/lib/python3.7/site-packages/airflow/example_dags/example_branch_operator.py
[2024-06-04T23:50:13.272+0000] {processor.py:743} INFO - Processing file /home/airflow/.local/lib/python3.7/site-packages/airflow/example_dags/example_branch_operator.py for tasks to queue
[2024-06-04T23:50:13.273+0000] {logging_mixin.py:137} INFO - [2024-06-04T23:50:13.273+0000] {dagbag.py:538} INFO - Filling up the DagBag from /home/airflow/.local/lib/python3.7/site-packages/airflow/example_dags/example_branch_operator.py
[2024-06-04T23:50:13.290+0000] {processor.py:753} INFO - DAG(s) dict_keys(['example_branch_operator']) retrieved from /home/airflow/.local/lib/python3.7/site-packages/airflow/example_dags/example_branch_operator.py
[2024-06-04T23:50:13.322+0000] {logging_mixin.py:137} INFO - [2024-06-04T23:50:13.322+0000] {dag.py:2690} INFO - Sync 1 DAGs
[2024-06-04T23:50:13.359+0000] {logging_mixin.py:137} INFO - [2024-06-04T23:50:13.359+0000] {dag.py:3441} INFO - Setting next_dagrun for example_branch_operator to 2024-06-04T00:00:00+00:00, run_after=2024-06-05T00:00:00+00:00
[2024-06-04T23:50:13.392+0000] {processor.py:175} INFO - Processing /home/airflow/.local/lib/python3.7/site-packages/airflow/example_dags/example_branch_operator.py took 0.124 seconds
[2024-06-04T23:50:43.450+0000] {processor.py:153} INFO - Started process (PID=6165) to work on /home/airflow/.local/lib/python3.7/site-packages/airflow/example_dags/example_branch_operator.py
[2024-06-04T23:50:43.450+0000] {processor.py:743} INFO - Processing file /home/airflow/.local/lib/python3.7/site-packages/airflow/example_dags/example_branch_operator.py for tasks to queue
[2024-06-04T23:50:43.451+0000] {logging_mixin.py:137} INFO - [2024-06-04T23:50:43.451+0000] {dagbag.py:538} INFO - Filling up the DagBag from /home/airflow/.local/lib/python3.7/site-packages/airflow/example_dags/example_branch_operator.py
[2024-06-04T23:50:43.463+0000] {processor.py:753} INFO - DAG(s) dict_keys(['example_branch_operator']) retrieved from /home/airflow/.local/lib/python3.7/site-packages/airflow/example_dags/example_branch_operator.py
[2024-06-04T23:50:43.483+0000] {logging_mixin.py:137} INFO - [2024-06-04T23:50:43.483+0000] {dag.py:2690} INFO - Sync 1 DAGs
[2024-06-04T23:50:43.503+0000] {logging_mixin.py:137} INFO - [2024-06-04T23:50:43.503+0000] {dag.py:3441} INFO - Setting next_dagrun for example_branch_operator to 2024-06-04T00:00:00+00:00, run_after=2024-06-05T00:00:00+00:00
[2024-06-04T23:50:43.517+0000] {processor.py:175} INFO - Processing /home/airflow/.local/lib/python3.7/site-packages/airflow/example_dags/example_branch_operator.py took 0.069 seconds
[2024-06-04T23:51:13.848+0000] {processor.py:153} INFO - Started process (PID=6512) to work on /home/airflow/.local/lib/python3.7/site-packages/airflow/example_dags/example_branch_operator.py
[2024-06-04T23:51:13.849+0000] {processor.py:743} INFO - Processing file /home/airflow/.local/lib/python3.7/site-packages/airflow/example_dags/example_branch_operator.py for tasks to queue
[2024-06-04T23:51:13.849+0000] {logging_mixin.py:137} INFO - [2024-06-04T23:51:13.849+0000] {dagbag.py:538} INFO - Filling up the DagBag from /home/airflow/.local/lib/python3.7/site-packages/airflow/example_dags/example_branch_operator.py
[2024-06-04T23:51:13.861+0000] {processor.py:753} INFO - DAG(s) dict_keys(['example_branch_operator']) retrieved from /home/airflow/.local/lib/python3.7/site-packages/airflow/example_dags/example_branch_operator.py
[2024-06-04T23:51:13.881+0000] {logging_mixin.py:137} INFO - [2024-06-04T23:51:13.881+0000] {dag.py:2690} INFO - Sync 1 DAGs
[2024-06-04T23:51:13.901+0000] {logging_mixin.py:137} INFO - [2024-06-04T23:51:13.901+0000] {dag.py:3441} INFO - Setting next_dagrun for example_branch_operator to 2024-06-04T00:00:00+00:00, run_after=2024-06-05T00:00:00+00:00
[2024-06-04T23:51:13.916+0000] {processor.py:175} INFO - Processing /home/airflow/.local/lib/python3.7/site-packages/airflow/example_dags/example_branch_operator.py took 0.070 seconds
[2024-06-04T23:51:44.004+0000] {processor.py:153} INFO - Started process (PID=6857) to work on /home/airflow/.local/lib/python3.7/site-packages/airflow/example_dags/example_branch_operator.py
[2024-06-04T23:51:44.004+0000] {processor.py:743} INFO - Processing file /home/airflow/.local/lib/python3.7/site-packages/airflow/example_dags/example_branch_operator.py for tasks to queue
[2024-06-04T23:51:44.005+0000] {logging_mixin.py:137} INFO - [2024-06-04T23:51:44.005+0000] {dagbag.py:538} INFO - Filling up the DagBag from /home/airflow/.local/lib/python3.7/site-packages/airflow/example_dags/example_branch_operator.py
[2024-06-04T23:51:44.017+0000] {processor.py:753} INFO - DAG(s) dict_keys(['example_branch_operator']) retrieved from /home/airflow/.local/lib/python3.7/site-packages/airflow/example_dags/example_branch_operator.py
[2024-06-04T23:51:44.035+0000] {logging_mixin.py:137} INFO - [2024-06-04T23:51:44.035+0000] {dag.py:2690} INFO - Sync 1 DAGs
[2024-06-04T23:51:44.053+0000] {logging_mixin.py:137} INFO - [2024-06-04T23:51:44.053+0000] {dag.py:3441} INFO - Setting next_dagrun for example_branch_operator to 2024-06-04T00:00:00+00:00, run_after=2024-06-05T00:00:00+00:00
[2024-06-04T23:51:44.065+0000] {processor.py:175} INFO - Processing /home/airflow/.local/lib/python3.7/site-packages/airflow/example_dags/example_branch_operator.py took 0.064 seconds
[2024-06-04T23:52:14.447+0000] {processor.py:153} INFO - Started process (PID=7189) to work on /home/airflow/.local/lib/python3.7/site-packages/airflow/example_dags/example_branch_operator.py
[2024-06-04T23:52:14.449+0000] {processor.py:743} INFO - Processing file /home/airflow/.local/lib/python3.7/site-packages/airflow/example_dags/example_branch_operator.py for tasks to queue
[2024-06-04T23:52:14.449+0000] {logging_mixin.py:137} INFO - [2024-06-04T23:52:14.449+0000] {dagbag.py:538} INFO - Filling up the DagBag from /home/airflow/.local/lib/python3.7/site-packages/airflow/example_dags/example_branch_operator.py
[2024-06-04T23:52:14.462+0000] {processor.py:753} INFO - DAG(s) dict_keys(['example_branch_operator']) retrieved from /home/airflow/.local/lib/python3.7/site-packages/airflow/example_dags/example_branch_operator.py
[2024-06-04T23:52:14.483+0000] {logging_mixin.py:137} INFO - [2024-06-04T23:52:14.483+0000] {dag.py:2690} INFO - Sync 1 DAGs
[2024-06-04T23:52:14.504+0000] {logging_mixin.py:137} INFO - [2024-06-04T23:52:14.503+0000] {dag.py:3441} INFO - Setting next_dagrun for example_branch_operator to 2024-06-04T00:00:00+00:00, run_after=2024-06-05T00:00:00+00:00
[2024-06-04T23:52:14.518+0000] {processor.py:175} INFO - Processing /home/airflow/.local/lib/python3.7/site-packages/airflow/example_dags/example_branch_operator.py took 0.073 seconds
[2024-06-04T23:52:44.577+0000] {processor.py:153} INFO - Started process (PID=7531) to work on /home/airflow/.local/lib/python3.7/site-packages/airflow/example_dags/example_branch_operator.py
[2024-06-04T23:52:44.578+0000] {processor.py:743} INFO - Processing file /home/airflow/.local/lib/python3.7/site-packages/airflow/example_dags/example_branch_operator.py for tasks to queue
[2024-06-04T23:52:44.578+0000] {logging_mixin.py:137} INFO - [2024-06-04T23:52:44.578+0000] {dagbag.py:538} INFO - Filling up the DagBag from /home/airflow/.local/lib/python3.7/site-packages/airflow/example_dags/example_branch_operator.py
[2024-06-04T23:52:44.591+0000] {processor.py:753} INFO - DAG(s) dict_keys(['example_branch_operator']) retrieved from /home/airflow/.local/lib/python3.7/site-packages/airflow/example_dags/example_branch_operator.py
[2024-06-04T23:52:44.611+0000] {logging_mixin.py:137} INFO - [2024-06-04T23:52:44.611+0000] {dag.py:2690} INFO - Sync 1 DAGs
[2024-06-04T23:52:44.629+0000] {logging_mixin.py:137} INFO - [2024-06-04T23:52:44.629+0000] {dag.py:3441} INFO - Setting next_dagrun for example_branch_operator to 2024-06-04T00:00:00+00:00, run_after=2024-06-05T00:00:00+00:00
[2024-06-04T23:52:44.642+0000] {processor.py:175} INFO - Processing /home/airflow/.local/lib/python3.7/site-packages/airflow/example_dags/example_branch_operator.py took 0.067 seconds
[2024-06-04T23:53:15.309+0000] {processor.py:153} INFO - Started process (PID=7897) to work on /home/airflow/.local/lib/python3.7/site-packages/airflow/example_dags/example_branch_operator.py
[2024-06-04T23:53:15.310+0000] {processor.py:743} INFO - Processing file /home/airflow/.local/lib/python3.7/site-packages/airflow/example_dags/example_branch_operator.py for tasks to queue
[2024-06-04T23:53:15.311+0000] {logging_mixin.py:137} INFO - [2024-06-04T23:53:15.311+0000] {dagbag.py:538} INFO - Filling up the DagBag from /home/airflow/.local/lib/python3.7/site-packages/airflow/example_dags/example_branch_operator.py
[2024-06-04T23:53:15.329+0000] {processor.py:753} INFO - DAG(s) dict_keys(['example_branch_operator']) retrieved from /home/airflow/.local/lib/python3.7/site-packages/airflow/example_dags/example_branch_operator.py
[2024-06-04T23:53:15.355+0000] {logging_mixin.py:137} INFO - [2024-06-04T23:53:15.354+0000] {dag.py:2690} INFO - Sync 1 DAGs
[2024-06-04T23:53:15.381+0000] {logging_mixin.py:137} INFO - [2024-06-04T23:53:15.380+0000] {dag.py:3441} INFO - Setting next_dagrun for example_branch_operator to 2024-06-04T00:00:00+00:00, run_after=2024-06-05T00:00:00+00:00
[2024-06-04T23:53:15.402+0000] {processor.py:175} INFO - Processing /home/airflow/.local/lib/python3.7/site-packages/airflow/example_dags/example_branch_operator.py took 0.096 seconds
[2024-06-04T23:53:45.453+0000] {processor.py:153} INFO - Started process (PID=8224) to work on /home/airflow/.local/lib/python3.7/site-packages/airflow/example_dags/example_branch_operator.py
[2024-06-04T23:53:45.454+0000] {processor.py:743} INFO - Processing file /home/airflow/.local/lib/python3.7/site-packages/airflow/example_dags/example_branch_operator.py for tasks to queue
[2024-06-04T23:53:45.454+0000] {logging_mixin.py:137} INFO - [2024-06-04T23:53:45.454+0000] {dagbag.py:538} INFO - Filling up the DagBag from /home/airflow/.local/lib/python3.7/site-packages/airflow/example_dags/example_branch_operator.py
[2024-06-04T23:53:45.466+0000] {processor.py:753} INFO - DAG(s) dict_keys(['example_branch_operator']) retrieved from /home/airflow/.local/lib/python3.7/site-packages/airflow/example_dags/example_branch_operator.py
[2024-06-04T23:53:45.485+0000] {logging_mixin.py:137} INFO - [2024-06-04T23:53:45.485+0000] {dag.py:2690} INFO - Sync 1 DAGs
[2024-06-04T23:53:45.503+0000] {logging_mixin.py:137} INFO - [2024-06-04T23:53:45.503+0000] {dag.py:3441} INFO - Setting next_dagrun for example_branch_operator to 2024-06-04T00:00:00+00:00, run_after=2024-06-05T00:00:00+00:00
[2024-06-04T23:53:45.515+0000] {processor.py:175} INFO - Processing /home/airflow/.local/lib/python3.7/site-packages/airflow/example_dags/example_branch_operator.py took 0.064 seconds
[2024-06-04T23:54:16.001+0000] {processor.py:153} INFO - Started process (PID=8537) to work on /home/airflow/.local/lib/python3.7/site-packages/airflow/example_dags/example_branch_operator.py
[2024-06-04T23:54:16.002+0000] {processor.py:743} INFO - Processing file /home/airflow/.local/lib/python3.7/site-packages/airflow/example_dags/example_branch_operator.py for tasks to queue
[2024-06-04T23:54:16.002+0000] {logging_mixin.py:137} INFO - [2024-06-04T23:54:16.002+0000] {dagbag.py:538} INFO - Filling up the DagBag from /home/airflow/.local/lib/python3.7/site-packages/airflow/example_dags/example_branch_operator.py
[2024-06-04T23:54:16.021+0000] {processor.py:753} INFO - DAG(s) dict_keys(['example_branch_operator']) retrieved from /home/airflow/.local/lib/python3.7/site-packages/airflow/example_dags/example_branch_operator.py
[2024-06-04T23:54:16.051+0000] {logging_mixin.py:137} INFO - [2024-06-04T23:54:16.051+0000] {dag.py:2690} INFO - Sync 1 DAGs
[2024-06-04T23:54:16.082+0000] {logging_mixin.py:137} INFO - [2024-06-04T23:54:16.082+0000] {dag.py:3441} INFO - Setting next_dagrun for example_branch_operator to 2024-06-04T00:00:00+00:00, run_after=2024-06-05T00:00:00+00:00
[2024-06-04T23:54:16.100+0000] {processor.py:175} INFO - Processing /home/airflow/.local/lib/python3.7/site-packages/airflow/example_dags/example_branch_operator.py took 0.101 seconds
[2024-06-04T23:54:46.215+0000] {processor.py:153} INFO - Started process (PID=8676) to work on /home/airflow/.local/lib/python3.7/site-packages/airflow/example_dags/example_branch_operator.py
[2024-06-04T23:54:46.216+0000] {processor.py:743} INFO - Processing file /home/airflow/.local/lib/python3.7/site-packages/airflow/example_dags/example_branch_operator.py for tasks to queue
[2024-06-04T23:54:46.216+0000] {logging_mixin.py:137} INFO - [2024-06-04T23:54:46.216+0000] {dagbag.py:538} INFO - Filling up the DagBag from /home/airflow/.local/lib/python3.7/site-packages/airflow/example_dags/example_branch_operator.py
[2024-06-04T23:54:46.229+0000] {processor.py:753} INFO - DAG(s) dict_keys(['example_branch_operator']) retrieved from /home/airflow/.local/lib/python3.7/site-packages/airflow/example_dags/example_branch_operator.py
[2024-06-04T23:54:46.248+0000] {logging_mixin.py:137} INFO - [2024-06-04T23:54:46.248+0000] {dag.py:2690} INFO - Sync 1 DAGs
[2024-06-04T23:54:46.268+0000] {logging_mixin.py:137} INFO - [2024-06-04T23:54:46.268+0000] {dag.py:3441} INFO - Setting next_dagrun for example_branch_operator to 2024-06-04T00:00:00+00:00, run_after=2024-06-05T00:00:00+00:00
[2024-06-04T23:54:46.281+0000] {processor.py:175} INFO - Processing /home/airflow/.local/lib/python3.7/site-packages/airflow/example_dags/example_branch_operator.py took 0.068 seconds
[2024-06-04T23:55:16.481+0000] {processor.py:153} INFO - Started process (PID=8792) to work on /home/airflow/.local/lib/python3.7/site-packages/airflow/example_dags/example_branch_operator.py
[2024-06-04T23:55:16.482+0000] {processor.py:743} INFO - Processing file /home/airflow/.local/lib/python3.7/site-packages/airflow/example_dags/example_branch_operator.py for tasks to queue
[2024-06-04T23:55:16.482+0000] {logging_mixin.py:137} INFO - [2024-06-04T23:55:16.482+0000] {dagbag.py:538} INFO - Filling up the DagBag from /home/airflow/.local/lib/python3.7/site-packages/airflow/example_dags/example_branch_operator.py
[2024-06-04T23:55:16.495+0000] {processor.py:753} INFO - DAG(s) dict_keys(['example_branch_operator']) retrieved from /home/airflow/.local/lib/python3.7/site-packages/airflow/example_dags/example_branch_operator.py
[2024-06-04T23:55:16.516+0000] {logging_mixin.py:137} INFO - [2024-06-04T23:55:16.515+0000] {dag.py:2690} INFO - Sync 1 DAGs
[2024-06-04T23:55:16.537+0000] {logging_mixin.py:137} INFO - [2024-06-04T23:55:16.537+0000] {dag.py:3441} INFO - Setting next_dagrun for example_branch_operator to 2024-06-04T00:00:00+00:00, run_after=2024-06-05T00:00:00+00:00
[2024-06-04T23:55:16.554+0000] {processor.py:175} INFO - Processing /home/airflow/.local/lib/python3.7/site-packages/airflow/example_dags/example_branch_operator.py took 0.076 seconds
[2024-06-04T23:55:47.337+0000] {processor.py:153} INFO - Started process (PID=8879) to work on /home/airflow/.local/lib/python3.7/site-packages/airflow/example_dags/example_branch_operator.py
[2024-06-04T23:55:47.337+0000] {processor.py:743} INFO - Processing file /home/airflow/.local/lib/python3.7/site-packages/airflow/example_dags/example_branch_operator.py for tasks to queue
[2024-06-04T23:55:47.338+0000] {logging_mixin.py:137} INFO - [2024-06-04T23:55:47.337+0000] {dagbag.py:538} INFO - Filling up the DagBag from /home/airflow/.local/lib/python3.7/site-packages/airflow/example_dags/example_branch_operator.py
[2024-06-04T23:55:47.350+0000] {processor.py:753} INFO - DAG(s) dict_keys(['example_branch_operator']) retrieved from /home/airflow/.local/lib/python3.7/site-packages/airflow/example_dags/example_branch_operator.py
[2024-06-04T23:55:47.369+0000] {logging_mixin.py:137} INFO - [2024-06-04T23:55:47.369+0000] {dag.py:2690} INFO - Sync 1 DAGs
[2024-06-04T23:55:47.388+0000] {logging_mixin.py:137} INFO - [2024-06-04T23:55:47.388+0000] {dag.py:3441} INFO - Setting next_dagrun for example_branch_operator to 2024-06-04T00:00:00+00:00, run_after=2024-06-05T00:00:00+00:00
[2024-06-04T23:55:47.402+0000] {processor.py:175} INFO - Processing /home/airflow/.local/lib/python3.7/site-packages/airflow/example_dags/example_branch_operator.py took 0.067 seconds
[2024-06-04T23:56:18.265+0000] {processor.py:153} INFO - Started process (PID=8998) to work on /home/airflow/.local/lib/python3.7/site-packages/airflow/example_dags/example_branch_operator.py
[2024-06-04T23:56:18.266+0000] {processor.py:743} INFO - Processing file /home/airflow/.local/lib/python3.7/site-packages/airflow/example_dags/example_branch_operator.py for tasks to queue
[2024-06-04T23:56:18.266+0000] {logging_mixin.py:137} INFO - [2024-06-04T23:56:18.266+0000] {dagbag.py:538} INFO - Filling up the DagBag from /home/airflow/.local/lib/python3.7/site-packages/airflow/example_dags/example_branch_operator.py
[2024-06-04T23:56:18.278+0000] {processor.py:753} INFO - DAG(s) dict_keys(['example_branch_operator']) retrieved from /home/airflow/.local/lib/python3.7/site-packages/airflow/example_dags/example_branch_operator.py
[2024-06-04T23:56:18.298+0000] {logging_mixin.py:137} INFO - [2024-06-04T23:56:18.298+0000] {dag.py:2690} INFO - Sync 1 DAGs
[2024-06-04T23:56:18.317+0000] {logging_mixin.py:137} INFO - [2024-06-04T23:56:18.317+0000] {dag.py:3441} INFO - Setting next_dagrun for example_branch_operator to 2024-06-04T00:00:00+00:00, run_after=2024-06-05T00:00:00+00:00
[2024-06-04T23:56:18.329+0000] {processor.py:175} INFO - Processing /home/airflow/.local/lib/python3.7/site-packages/airflow/example_dags/example_branch_operator.py took 0.067 seconds
[2024-06-04T23:56:48.374+0000] {processor.py:153} INFO - Started process (PID=9102) to work on /home/airflow/.local/lib/python3.7/site-packages/airflow/example_dags/example_branch_operator.py
[2024-06-04T23:56:48.375+0000] {processor.py:743} INFO - Processing file /home/airflow/.local/lib/python3.7/site-packages/airflow/example_dags/example_branch_operator.py for tasks to queue
[2024-06-04T23:56:48.375+0000] {logging_mixin.py:137} INFO - [2024-06-04T23:56:48.375+0000] {dagbag.py:538} INFO - Filling up the DagBag from /home/airflow/.local/lib/python3.7/site-packages/airflow/example_dags/example_branch_operator.py
[2024-06-04T23:56:48.387+0000] {processor.py:753} INFO - DAG(s) dict_keys(['example_branch_operator']) retrieved from /home/airflow/.local/lib/python3.7/site-packages/airflow/example_dags/example_branch_operator.py
[2024-06-04T23:56:48.406+0000] {logging_mixin.py:137} INFO - [2024-06-04T23:56:48.406+0000] {dag.py:2690} INFO - Sync 1 DAGs
[2024-06-04T23:56:48.425+0000] {logging_mixin.py:137} INFO - [2024-06-04T23:56:48.424+0000] {dag.py:3441} INFO - Setting next_dagrun for example_branch_operator to 2024-06-04T00:00:00+00:00, run_after=2024-06-05T00:00:00+00:00
[2024-06-04T23:56:48.439+0000] {processor.py:175} INFO - Processing /home/airflow/.local/lib/python3.7/site-packages/airflow/example_dags/example_branch_operator.py took 0.067 seconds
[2024-06-04T23:57:18.505+0000] {processor.py:153} INFO - Started process (PID=9223) to work on /home/airflow/.local/lib/python3.7/site-packages/airflow/example_dags/example_branch_operator.py
[2024-06-04T23:57:18.505+0000] {processor.py:743} INFO - Processing file /home/airflow/.local/lib/python3.7/site-packages/airflow/example_dags/example_branch_operator.py for tasks to queue
[2024-06-04T23:57:18.506+0000] {logging_mixin.py:137} INFO - [2024-06-04T23:57:18.505+0000] {dagbag.py:538} INFO - Filling up the DagBag from /home/airflow/.local/lib/python3.7/site-packages/airflow/example_dags/example_branch_operator.py
[2024-06-04T23:57:18.518+0000] {processor.py:753} INFO - DAG(s) dict_keys(['example_branch_operator']) retrieved from /home/airflow/.local/lib/python3.7/site-packages/airflow/example_dags/example_branch_operator.py
[2024-06-04T23:57:18.536+0000] {logging_mixin.py:137} INFO - [2024-06-04T23:57:18.536+0000] {dag.py:2690} INFO - Sync 1 DAGs
[2024-06-04T23:57:18.555+0000] {logging_mixin.py:137} INFO - [2024-06-04T23:57:18.555+0000] {dag.py:3441} INFO - Setting next_dagrun for example_branch_operator to 2024-06-04T00:00:00+00:00, run_after=2024-06-05T00:00:00+00:00
[2024-06-04T23:57:18.567+0000] {processor.py:175} INFO - Processing /home/airflow/.local/lib/python3.7/site-packages/airflow/example_dags/example_branch_operator.py took 0.065 seconds
[2024-06-04T23:57:48.717+0000] {processor.py:153} INFO - Started process (PID=9319) to work on /home/airflow/.local/lib/python3.7/site-packages/airflow/example_dags/example_branch_operator.py
[2024-06-04T23:57:48.717+0000] {processor.py:743} INFO - Processing file /home/airflow/.local/lib/python3.7/site-packages/airflow/example_dags/example_branch_operator.py for tasks to queue
[2024-06-04T23:57:48.718+0000] {logging_mixin.py:137} INFO - [2024-06-04T23:57:48.718+0000] {dagbag.py:538} INFO - Filling up the DagBag from /home/airflow/.local/lib/python3.7/site-packages/airflow/example_dags/example_branch_operator.py
[2024-06-04T23:57:48.730+0000] {processor.py:753} INFO - DAG(s) dict_keys(['example_branch_operator']) retrieved from /home/airflow/.local/lib/python3.7/site-packages/airflow/example_dags/example_branch_operator.py
[2024-06-04T23:57:48.750+0000] {logging_mixin.py:137} INFO - [2024-06-04T23:57:48.750+0000] {dag.py:2690} INFO - Sync 1 DAGs
[2024-06-04T23:57:48.770+0000] {logging_mixin.py:137} INFO - [2024-06-04T23:57:48.770+0000] {dag.py:3441} INFO - Setting next_dagrun for example_branch_operator to 2024-06-04T00:00:00+00:00, run_after=2024-06-05T00:00:00+00:00
[2024-06-04T23:57:48.785+0000] {processor.py:175} INFO - Processing /home/airflow/.local/lib/python3.7/site-packages/airflow/example_dags/example_branch_operator.py took 0.070 seconds
[2024-06-04T23:58:18.930+0000] {processor.py:153} INFO - Started process (PID=9430) to work on /home/airflow/.local/lib/python3.7/site-packages/airflow/example_dags/example_branch_operator.py
[2024-06-04T23:58:18.931+0000] {processor.py:743} INFO - Processing file /home/airflow/.local/lib/python3.7/site-packages/airflow/example_dags/example_branch_operator.py for tasks to queue
[2024-06-04T23:58:18.931+0000] {logging_mixin.py:137} INFO - [2024-06-04T23:58:18.931+0000] {dagbag.py:538} INFO - Filling up the DagBag from /home/airflow/.local/lib/python3.7/site-packages/airflow/example_dags/example_branch_operator.py
[2024-06-04T23:58:18.943+0000] {processor.py:753} INFO - DAG(s) dict_keys(['example_branch_operator']) retrieved from /home/airflow/.local/lib/python3.7/site-packages/airflow/example_dags/example_branch_operator.py
[2024-06-04T23:58:18.965+0000] {logging_mixin.py:137} INFO - [2024-06-04T23:58:18.964+0000] {dag.py:2690} INFO - Sync 1 DAGs
[2024-06-04T23:58:18.985+0000] {logging_mixin.py:137} INFO - [2024-06-04T23:58:18.985+0000] {dag.py:3441} INFO - Setting next_dagrun for example_branch_operator to 2024-06-04T00:00:00+00:00, run_after=2024-06-05T00:00:00+00:00
[2024-06-04T23:58:18.997+0000] {processor.py:175} INFO - Processing /home/airflow/.local/lib/python3.7/site-packages/airflow/example_dags/example_branch_operator.py took 0.070 seconds
[2024-06-04T23:58:49.181+0000] {processor.py:153} INFO - Started process (PID=9541) to work on /home/airflow/.local/lib/python3.7/site-packages/airflow/example_dags/example_branch_operator.py
[2024-06-04T23:58:49.182+0000] {processor.py:743} INFO - Processing file /home/airflow/.local/lib/python3.7/site-packages/airflow/example_dags/example_branch_operator.py for tasks to queue
[2024-06-04T23:58:49.182+0000] {logging_mixin.py:137} INFO - [2024-06-04T23:58:49.182+0000] {dagbag.py:538} INFO - Filling up the DagBag from /home/airflow/.local/lib/python3.7/site-packages/airflow/example_dags/example_branch_operator.py
[2024-06-04T23:58:49.196+0000] {processor.py:753} INFO - DAG(s) dict_keys(['example_branch_operator']) retrieved from /home/airflow/.local/lib/python3.7/site-packages/airflow/example_dags/example_branch_operator.py
[2024-06-04T23:58:49.216+0000] {logging_mixin.py:137} INFO - [2024-06-04T23:58:49.216+0000] {dag.py:2690} INFO - Sync 1 DAGs
[2024-06-04T23:58:49.237+0000] {logging_mixin.py:137} INFO - [2024-06-04T23:58:49.237+0000] {dag.py:3441} INFO - Setting next_dagrun for example_branch_operator to 2024-06-04T00:00:00+00:00, run_after=2024-06-05T00:00:00+00:00
[2024-06-04T23:58:49.251+0000] {processor.py:175} INFO - Processing /home/airflow/.local/lib/python3.7/site-packages/airflow/example_dags/example_branch_operator.py took 0.072 seconds
[2024-06-04T23:59:19.784+0000] {processor.py:153} INFO - Started process (PID=9633) to work on /home/airflow/.local/lib/python3.7/site-packages/airflow/example_dags/example_branch_operator.py
[2024-06-04T23:59:19.785+0000] {processor.py:743} INFO - Processing file /home/airflow/.local/lib/python3.7/site-packages/airflow/example_dags/example_branch_operator.py for tasks to queue
[2024-06-04T23:59:19.785+0000] {logging_mixin.py:137} INFO - [2024-06-04T23:59:19.785+0000] {dagbag.py:538} INFO - Filling up the DagBag from /home/airflow/.local/lib/python3.7/site-packages/airflow/example_dags/example_branch_operator.py
[2024-06-04T23:59:19.797+0000] {processor.py:753} INFO - DAG(s) dict_keys(['example_branch_operator']) retrieved from /home/airflow/.local/lib/python3.7/site-packages/airflow/example_dags/example_branch_operator.py
[2024-06-04T23:59:19.816+0000] {logging_mixin.py:137} INFO - [2024-06-04T23:59:19.816+0000] {dag.py:2690} INFO - Sync 1 DAGs
[2024-06-04T23:59:19.835+0000] {logging_mixin.py:137} INFO - [2024-06-04T23:59:19.835+0000] {dag.py:3441} INFO - Setting next_dagrun for example_branch_operator to 2024-06-04T00:00:00+00:00, run_after=2024-06-05T00:00:00+00:00
[2024-06-04T23:59:19.847+0000] {processor.py:175} INFO - Processing /home/airflow/.local/lib/python3.7/site-packages/airflow/example_dags/example_branch_operator.py took 0.065 seconds
[2024-06-04T23:59:50.576+0000] {processor.py:153} INFO - Started process (PID=9744) to work on /home/airflow/.local/lib/python3.7/site-packages/airflow/example_dags/example_branch_operator.py
[2024-06-04T23:59:50.577+0000] {processor.py:743} INFO - Processing file /home/airflow/.local/lib/python3.7/site-packages/airflow/example_dags/example_branch_operator.py for tasks to queue
[2024-06-04T23:59:50.577+0000] {logging_mixin.py:137} INFO - [2024-06-04T23:59:50.577+0000] {dagbag.py:538} INFO - Filling up the DagBag from /home/airflow/.local/lib/python3.7/site-packages/airflow/example_dags/example_branch_operator.py
[2024-06-04T23:59:50.590+0000] {processor.py:753} INFO - DAG(s) dict_keys(['example_branch_operator']) retrieved from /home/airflow/.local/lib/python3.7/site-packages/airflow/example_dags/example_branch_operator.py
[2024-06-04T23:59:50.610+0000] {logging_mixin.py:137} INFO - [2024-06-04T23:59:50.610+0000] {dag.py:2690} INFO - Sync 1 DAGs
[2024-06-04T23:59:50.630+0000] {logging_mixin.py:137} INFO - [2024-06-04T23:59:50.630+0000] {dag.py:3441} INFO - Setting next_dagrun for example_branch_operator to 2024-06-04T00:00:00+00:00, run_after=2024-06-05T00:00:00+00:00
[2024-06-04T23:59:50.643+0000] {processor.py:175} INFO - Processing /home/airflow/.local/lib/python3.7/site-packages/airflow/example_dags/example_branch_operator.py took 0.069 seconds
