[2024-06-04T23:37:25.845+0000] {processor.py:153} INFO - Started process (PID=52) to work on /home/airflow/.local/lib/python3.7/site-packages/airflow/example_dags/example_dag_decorator.py
[2024-06-04T23:37:25.845+0000] {processor.py:743} INFO - Processing file /home/airflow/.local/lib/python3.7/site-packages/airflow/example_dags/example_dag_decorator.py for tasks to queue
[2024-06-04T23:37:25.845+0000] {logging_mixin.py:137} INFO - [2024-06-04T23:37:25.845+0000] {dagbag.py:538} INFO - Filling up the DagBag from /home/airflow/.local/lib/python3.7/site-packages/airflow/example_dags/example_dag_decorator.py
[2024-06-04T23:37:25.858+0000] {logging_mixin.py:137} INFO - [2024-06-04T23:37:25.858+0000] {taskmixin.py:205} WARNING - Dependency <Task(_PythonDecoratedOperator): prepare_email>, send_email already registered for DAG: example_dag_decorator
[2024-06-04T23:37:25.858+0000] {logging_mixin.py:137} INFO - [2024-06-04T23:37:25.858+0000] {taskmixin.py:205} WARNING - Dependency <Task(EmailOperator): send_email>, prepare_email already registered for DAG: example_dag_decorator
[2024-06-04T23:37:25.871+0000] {processor.py:753} INFO - DAG(s) dict_keys(['example_dag_decorator']) retrieved from /home/airflow/.local/lib/python3.7/site-packages/airflow/example_dags/example_dag_decorator.py
[2024-06-04T23:37:25.956+0000] {logging_mixin.py:137} INFO - [2024-06-04T23:37:25.955+0000] {manager.py:504} INFO - Created Permission View: can edit on DAG:example_dag_decorator
[2024-06-04T23:37:25.962+0000] {logging_mixin.py:137} INFO - [2024-06-04T23:37:25.962+0000] {manager.py:504} INFO - Created Permission View: can read on DAG:example_dag_decorator
[2024-06-04T23:37:25.967+0000] {logging_mixin.py:137} INFO - [2024-06-04T23:37:25.967+0000] {manager.py:504} INFO - Created Permission View: can delete on DAG:example_dag_decorator
[2024-06-04T23:37:25.967+0000] {logging_mixin.py:137} INFO - [2024-06-04T23:37:25.967+0000] {dag.py:2690} INFO - Sync 1 DAGs
[2024-06-04T23:37:25.976+0000] {logging_mixin.py:137} INFO - [2024-06-04T23:37:25.976+0000] {dag.py:2711} INFO - Creating ORM DAG for example_dag_decorator
[2024-06-04T23:37:25.983+0000] {logging_mixin.py:137} INFO - [2024-06-04T23:37:25.983+0000] {dag.py:3441} INFO - Setting next_dagrun for example_dag_decorator to None, run_after=None
[2024-06-04T23:37:25.998+0000] {processor.py:175} INFO - Processing /home/airflow/.local/lib/python3.7/site-packages/airflow/example_dags/example_dag_decorator.py took 0.155 seconds
[2024-06-04T23:37:56.094+0000] {processor.py:153} INFO - Started process (PID=163) to work on /home/airflow/.local/lib/python3.7/site-packages/airflow/example_dags/example_dag_decorator.py
[2024-06-04T23:37:56.095+0000] {processor.py:743} INFO - Processing file /home/airflow/.local/lib/python3.7/site-packages/airflow/example_dags/example_dag_decorator.py for tasks to queue
[2024-06-04T23:37:56.095+0000] {logging_mixin.py:137} INFO - [2024-06-04T23:37:56.095+0000] {dagbag.py:538} INFO - Filling up the DagBag from /home/airflow/.local/lib/python3.7/site-packages/airflow/example_dags/example_dag_decorator.py
[2024-06-04T23:37:56.108+0000] {logging_mixin.py:137} INFO - [2024-06-04T23:37:56.108+0000] {taskmixin.py:205} WARNING - Dependency <Task(_PythonDecoratedOperator): prepare_email>, send_email already registered for DAG: example_dag_decorator
[2024-06-04T23:37:56.108+0000] {logging_mixin.py:137} INFO - [2024-06-04T23:37:56.108+0000] {taskmixin.py:205} WARNING - Dependency <Task(EmailOperator): send_email>, prepare_email already registered for DAG: example_dag_decorator
[2024-06-04T23:37:56.117+0000] {processor.py:753} INFO - DAG(s) dict_keys(['example_dag_decorator']) retrieved from /home/airflow/.local/lib/python3.7/site-packages/airflow/example_dags/example_dag_decorator.py
[2024-06-04T23:37:56.162+0000] {logging_mixin.py:137} INFO - [2024-06-04T23:37:56.162+0000] {dag.py:2690} INFO - Sync 1 DAGs
[2024-06-04T23:37:56.177+0000] {logging_mixin.py:137} INFO - [2024-06-04T23:37:56.177+0000] {dag.py:3441} INFO - Setting next_dagrun for example_dag_decorator to None, run_after=None
[2024-06-04T23:37:56.190+0000] {processor.py:175} INFO - Processing /home/airflow/.local/lib/python3.7/site-packages/airflow/example_dags/example_dag_decorator.py took 0.099 seconds
[2024-06-04T23:38:26.921+0000] {processor.py:153} INFO - Started process (PID=250) to work on /home/airflow/.local/lib/python3.7/site-packages/airflow/example_dags/example_dag_decorator.py
[2024-06-04T23:38:26.922+0000] {processor.py:743} INFO - Processing file /home/airflow/.local/lib/python3.7/site-packages/airflow/example_dags/example_dag_decorator.py for tasks to queue
[2024-06-04T23:38:26.922+0000] {logging_mixin.py:137} INFO - [2024-06-04T23:38:26.922+0000] {dagbag.py:538} INFO - Filling up the DagBag from /home/airflow/.local/lib/python3.7/site-packages/airflow/example_dags/example_dag_decorator.py
[2024-06-04T23:38:26.934+0000] {logging_mixin.py:137} INFO - [2024-06-04T23:38:26.934+0000] {taskmixin.py:205} WARNING - Dependency <Task(_PythonDecoratedOperator): prepare_email>, send_email already registered for DAG: example_dag_decorator
[2024-06-04T23:38:26.934+0000] {logging_mixin.py:137} INFO - [2024-06-04T23:38:26.934+0000] {taskmixin.py:205} WARNING - Dependency <Task(EmailOperator): send_email>, prepare_email already registered for DAG: example_dag_decorator
[2024-06-04T23:38:26.943+0000] {processor.py:753} INFO - DAG(s) dict_keys(['example_dag_decorator']) retrieved from /home/airflow/.local/lib/python3.7/site-packages/airflow/example_dags/example_dag_decorator.py
[2024-06-04T23:38:26.989+0000] {logging_mixin.py:137} INFO - [2024-06-04T23:38:26.989+0000] {dag.py:2690} INFO - Sync 1 DAGs
[2024-06-04T23:38:27.005+0000] {logging_mixin.py:137} INFO - [2024-06-04T23:38:27.005+0000] {dag.py:3441} INFO - Setting next_dagrun for example_dag_decorator to None, run_after=None
[2024-06-04T23:38:27.019+0000] {processor.py:175} INFO - Processing /home/airflow/.local/lib/python3.7/site-packages/airflow/example_dags/example_dag_decorator.py took 0.101 seconds
[2024-06-04T23:38:57.823+0000] {processor.py:153} INFO - Started process (PID=361) to work on /home/airflow/.local/lib/python3.7/site-packages/airflow/example_dags/example_dag_decorator.py
[2024-06-04T23:38:57.824+0000] {processor.py:743} INFO - Processing file /home/airflow/.local/lib/python3.7/site-packages/airflow/example_dags/example_dag_decorator.py for tasks to queue
[2024-06-04T23:38:57.824+0000] {logging_mixin.py:137} INFO - [2024-06-04T23:38:57.824+0000] {dagbag.py:538} INFO - Filling up the DagBag from /home/airflow/.local/lib/python3.7/site-packages/airflow/example_dags/example_dag_decorator.py
[2024-06-04T23:38:57.836+0000] {logging_mixin.py:137} INFO - [2024-06-04T23:38:57.836+0000] {taskmixin.py:205} WARNING - Dependency <Task(_PythonDecoratedOperator): prepare_email>, send_email already registered for DAG: example_dag_decorator
[2024-06-04T23:38:57.836+0000] {logging_mixin.py:137} INFO - [2024-06-04T23:38:57.836+0000] {taskmixin.py:205} WARNING - Dependency <Task(EmailOperator): send_email>, prepare_email already registered for DAG: example_dag_decorator
[2024-06-04T23:38:57.845+0000] {processor.py:753} INFO - DAG(s) dict_keys(['example_dag_decorator']) retrieved from /home/airflow/.local/lib/python3.7/site-packages/airflow/example_dags/example_dag_decorator.py
[2024-06-04T23:38:57.890+0000] {logging_mixin.py:137} INFO - [2024-06-04T23:38:57.890+0000] {dag.py:2690} INFO - Sync 1 DAGs
[2024-06-04T23:38:57.906+0000] {logging_mixin.py:137} INFO - [2024-06-04T23:38:57.906+0000] {dag.py:3441} INFO - Setting next_dagrun for example_dag_decorator to None, run_after=None
[2024-06-04T23:38:57.918+0000] {processor.py:175} INFO - Processing /home/airflow/.local/lib/python3.7/site-packages/airflow/example_dags/example_dag_decorator.py took 0.097 seconds
[2024-06-04T23:39:28.539+0000] {processor.py:153} INFO - Started process (PID=472) to work on /home/airflow/.local/lib/python3.7/site-packages/airflow/example_dags/example_dag_decorator.py
[2024-06-04T23:39:28.539+0000] {processor.py:743} INFO - Processing file /home/airflow/.local/lib/python3.7/site-packages/airflow/example_dags/example_dag_decorator.py for tasks to queue
[2024-06-04T23:39:28.540+0000] {logging_mixin.py:137} INFO - [2024-06-04T23:39:28.540+0000] {dagbag.py:538} INFO - Filling up the DagBag from /home/airflow/.local/lib/python3.7/site-packages/airflow/example_dags/example_dag_decorator.py
[2024-06-04T23:39:28.551+0000] {logging_mixin.py:137} INFO - [2024-06-04T23:39:28.551+0000] {taskmixin.py:205} WARNING - Dependency <Task(_PythonDecoratedOperator): prepare_email>, send_email already registered for DAG: example_dag_decorator
[2024-06-04T23:39:28.551+0000] {logging_mixin.py:137} INFO - [2024-06-04T23:39:28.551+0000] {taskmixin.py:205} WARNING - Dependency <Task(EmailOperator): send_email>, prepare_email already registered for DAG: example_dag_decorator
[2024-06-04T23:39:28.560+0000] {processor.py:753} INFO - DAG(s) dict_keys(['example_dag_decorator']) retrieved from /home/airflow/.local/lib/python3.7/site-packages/airflow/example_dags/example_dag_decorator.py
[2024-06-04T23:39:28.604+0000] {logging_mixin.py:137} INFO - [2024-06-04T23:39:28.604+0000] {dag.py:2690} INFO - Sync 1 DAGs
[2024-06-04T23:39:28.620+0000] {logging_mixin.py:137} INFO - [2024-06-04T23:39:28.620+0000] {dag.py:3441} INFO - Setting next_dagrun for example_dag_decorator to None, run_after=None
[2024-06-04T23:39:28.632+0000] {processor.py:175} INFO - Processing /home/airflow/.local/lib/python3.7/site-packages/airflow/example_dags/example_dag_decorator.py took 0.096 seconds
[2024-06-04T23:39:59.257+0000] {processor.py:153} INFO - Started process (PID=559) to work on /home/airflow/.local/lib/python3.7/site-packages/airflow/example_dags/example_dag_decorator.py
[2024-06-04T23:39:59.258+0000] {processor.py:743} INFO - Processing file /home/airflow/.local/lib/python3.7/site-packages/airflow/example_dags/example_dag_decorator.py for tasks to queue
[2024-06-04T23:39:59.258+0000] {logging_mixin.py:137} INFO - [2024-06-04T23:39:59.258+0000] {dagbag.py:538} INFO - Filling up the DagBag from /home/airflow/.local/lib/python3.7/site-packages/airflow/example_dags/example_dag_decorator.py
[2024-06-04T23:39:59.272+0000] {logging_mixin.py:137} INFO - [2024-06-04T23:39:59.271+0000] {taskmixin.py:205} WARNING - Dependency <Task(_PythonDecoratedOperator): prepare_email>, send_email already registered for DAG: example_dag_decorator
[2024-06-04T23:39:59.272+0000] {logging_mixin.py:137} INFO - [2024-06-04T23:39:59.272+0000] {taskmixin.py:205} WARNING - Dependency <Task(EmailOperator): send_email>, prepare_email already registered for DAG: example_dag_decorator
[2024-06-04T23:39:59.281+0000] {processor.py:753} INFO - DAG(s) dict_keys(['example_dag_decorator']) retrieved from /home/airflow/.local/lib/python3.7/site-packages/airflow/example_dags/example_dag_decorator.py
[2024-06-04T23:39:59.330+0000] {logging_mixin.py:137} INFO - [2024-06-04T23:39:59.330+0000] {dag.py:2690} INFO - Sync 1 DAGs
[2024-06-04T23:39:59.346+0000] {logging_mixin.py:137} INFO - [2024-06-04T23:39:59.346+0000] {dag.py:3441} INFO - Setting next_dagrun for example_dag_decorator to None, run_after=None
[2024-06-04T23:39:59.360+0000] {processor.py:175} INFO - Processing /home/airflow/.local/lib/python3.7/site-packages/airflow/example_dags/example_dag_decorator.py took 0.105 seconds
[2024-06-04T23:40:29.966+0000] {processor.py:153} INFO - Started process (PID=670) to work on /home/airflow/.local/lib/python3.7/site-packages/airflow/example_dags/example_dag_decorator.py
[2024-06-04T23:40:29.967+0000] {processor.py:743} INFO - Processing file /home/airflow/.local/lib/python3.7/site-packages/airflow/example_dags/example_dag_decorator.py for tasks to queue
[2024-06-04T23:40:29.967+0000] {logging_mixin.py:137} INFO - [2024-06-04T23:40:29.967+0000] {dagbag.py:538} INFO - Filling up the DagBag from /home/airflow/.local/lib/python3.7/site-packages/airflow/example_dags/example_dag_decorator.py
[2024-06-04T23:40:29.978+0000] {logging_mixin.py:137} INFO - [2024-06-04T23:40:29.978+0000] {taskmixin.py:205} WARNING - Dependency <Task(_PythonDecoratedOperator): prepare_email>, send_email already registered for DAG: example_dag_decorator
[2024-06-04T23:40:29.978+0000] {logging_mixin.py:137} INFO - [2024-06-04T23:40:29.978+0000] {taskmixin.py:205} WARNING - Dependency <Task(EmailOperator): send_email>, prepare_email already registered for DAG: example_dag_decorator
[2024-06-04T23:40:29.987+0000] {processor.py:753} INFO - DAG(s) dict_keys(['example_dag_decorator']) retrieved from /home/airflow/.local/lib/python3.7/site-packages/airflow/example_dags/example_dag_decorator.py
[2024-06-04T23:40:30.031+0000] {logging_mixin.py:137} INFO - [2024-06-04T23:40:30.031+0000] {dag.py:2690} INFO - Sync 1 DAGs
[2024-06-04T23:40:30.046+0000] {logging_mixin.py:137} INFO - [2024-06-04T23:40:30.046+0000] {dag.py:3441} INFO - Setting next_dagrun for example_dag_decorator to None, run_after=None
[2024-06-04T23:40:30.059+0000] {processor.py:175} INFO - Processing /home/airflow/.local/lib/python3.7/site-packages/airflow/example_dags/example_dag_decorator.py took 0.095 seconds
[2024-06-04T23:41:00.662+0000] {processor.py:153} INFO - Started process (PID=766) to work on /home/airflow/.local/lib/python3.7/site-packages/airflow/example_dags/example_dag_decorator.py
[2024-06-04T23:41:00.663+0000] {processor.py:743} INFO - Processing file /home/airflow/.local/lib/python3.7/site-packages/airflow/example_dags/example_dag_decorator.py for tasks to queue
[2024-06-04T23:41:00.663+0000] {logging_mixin.py:137} INFO - [2024-06-04T23:41:00.663+0000] {dagbag.py:538} INFO - Filling up the DagBag from /home/airflow/.local/lib/python3.7/site-packages/airflow/example_dags/example_dag_decorator.py
[2024-06-04T23:41:00.675+0000] {logging_mixin.py:137} INFO - [2024-06-04T23:41:00.675+0000] {taskmixin.py:205} WARNING - Dependency <Task(_PythonDecoratedOperator): prepare_email>, send_email already registered for DAG: example_dag_decorator
[2024-06-04T23:41:00.675+0000] {logging_mixin.py:137} INFO - [2024-06-04T23:41:00.675+0000] {taskmixin.py:205} WARNING - Dependency <Task(EmailOperator): send_email>, prepare_email already registered for DAG: example_dag_decorator
[2024-06-04T23:41:00.685+0000] {processor.py:753} INFO - DAG(s) dict_keys(['example_dag_decorator']) retrieved from /home/airflow/.local/lib/python3.7/site-packages/airflow/example_dags/example_dag_decorator.py
[2024-06-04T23:41:00.750+0000] {logging_mixin.py:137} INFO - [2024-06-04T23:41:00.750+0000] {dag.py:2690} INFO - Sync 1 DAGs
[2024-06-04T23:41:00.769+0000] {logging_mixin.py:137} INFO - [2024-06-04T23:41:00.769+0000] {dag.py:3441} INFO - Setting next_dagrun for example_dag_decorator to None, run_after=None
[2024-06-04T23:41:00.784+0000] {processor.py:175} INFO - Processing /home/airflow/.local/lib/python3.7/site-packages/airflow/example_dags/example_dag_decorator.py took 0.124 seconds
[2024-06-04T23:41:31.392+0000] {processor.py:153} INFO - Started process (PID=868) to work on /home/airflow/.local/lib/python3.7/site-packages/airflow/example_dags/example_dag_decorator.py
[2024-06-04T23:41:31.392+0000] {processor.py:743} INFO - Processing file /home/airflow/.local/lib/python3.7/site-packages/airflow/example_dags/example_dag_decorator.py for tasks to queue
[2024-06-04T23:41:31.392+0000] {logging_mixin.py:137} INFO - [2024-06-04T23:41:31.392+0000] {dagbag.py:538} INFO - Filling up the DagBag from /home/airflow/.local/lib/python3.7/site-packages/airflow/example_dags/example_dag_decorator.py
[2024-06-04T23:41:31.404+0000] {logging_mixin.py:137} INFO - [2024-06-04T23:41:31.404+0000] {taskmixin.py:205} WARNING - Dependency <Task(_PythonDecoratedOperator): prepare_email>, send_email already registered for DAG: example_dag_decorator
[2024-06-04T23:41:31.404+0000] {logging_mixin.py:137} INFO - [2024-06-04T23:41:31.404+0000] {taskmixin.py:205} WARNING - Dependency <Task(EmailOperator): send_email>, prepare_email already registered for DAG: example_dag_decorator
[2024-06-04T23:41:31.413+0000] {processor.py:753} INFO - DAG(s) dict_keys(['example_dag_decorator']) retrieved from /home/airflow/.local/lib/python3.7/site-packages/airflow/example_dags/example_dag_decorator.py
[2024-06-04T23:41:31.459+0000] {logging_mixin.py:137} INFO - [2024-06-04T23:41:31.458+0000] {dag.py:2690} INFO - Sync 1 DAGs
[2024-06-04T23:41:31.474+0000] {logging_mixin.py:137} INFO - [2024-06-04T23:41:31.473+0000] {dag.py:3441} INFO - Setting next_dagrun for example_dag_decorator to None, run_after=None
[2024-06-04T23:41:31.486+0000] {processor.py:175} INFO - Processing /home/airflow/.local/lib/python3.7/site-packages/airflow/example_dags/example_dag_decorator.py took 0.097 seconds
[2024-06-04T23:42:02.041+0000] {processor.py:153} INFO - Started process (PID=979) to work on /home/airflow/.local/lib/python3.7/site-packages/airflow/example_dags/example_dag_decorator.py
[2024-06-04T23:42:02.041+0000] {processor.py:743} INFO - Processing file /home/airflow/.local/lib/python3.7/site-packages/airflow/example_dags/example_dag_decorator.py for tasks to queue
[2024-06-04T23:42:02.042+0000] {logging_mixin.py:137} INFO - [2024-06-04T23:42:02.041+0000] {dagbag.py:538} INFO - Filling up the DagBag from /home/airflow/.local/lib/python3.7/site-packages/airflow/example_dags/example_dag_decorator.py
[2024-06-04T23:42:02.053+0000] {logging_mixin.py:137} INFO - [2024-06-04T23:42:02.053+0000] {taskmixin.py:205} WARNING - Dependency <Task(_PythonDecoratedOperator): prepare_email>, send_email already registered for DAG: example_dag_decorator
[2024-06-04T23:42:02.053+0000] {logging_mixin.py:137} INFO - [2024-06-04T23:42:02.053+0000] {taskmixin.py:205} WARNING - Dependency <Task(EmailOperator): send_email>, prepare_email already registered for DAG: example_dag_decorator
[2024-06-04T23:42:02.062+0000] {processor.py:753} INFO - DAG(s) dict_keys(['example_dag_decorator']) retrieved from /home/airflow/.local/lib/python3.7/site-packages/airflow/example_dags/example_dag_decorator.py
[2024-06-04T23:42:02.107+0000] {logging_mixin.py:137} INFO - [2024-06-04T23:42:02.107+0000] {dag.py:2690} INFO - Sync 1 DAGs
[2024-06-04T23:42:02.122+0000] {logging_mixin.py:137} INFO - [2024-06-04T23:42:02.122+0000] {dag.py:3441} INFO - Setting next_dagrun for example_dag_decorator to None, run_after=None
[2024-06-04T23:42:02.135+0000] {processor.py:175} INFO - Processing /home/airflow/.local/lib/python3.7/site-packages/airflow/example_dags/example_dag_decorator.py took 0.097 seconds
[2024-06-04T23:42:33.091+0000] {processor.py:153} INFO - Started process (PID=1066) to work on /home/airflow/.local/lib/python3.7/site-packages/airflow/example_dags/example_dag_decorator.py
[2024-06-04T23:42:33.091+0000] {processor.py:743} INFO - Processing file /home/airflow/.local/lib/python3.7/site-packages/airflow/example_dags/example_dag_decorator.py for tasks to queue
[2024-06-04T23:42:33.091+0000] {logging_mixin.py:137} INFO - [2024-06-04T23:42:33.091+0000] {dagbag.py:538} INFO - Filling up the DagBag from /home/airflow/.local/lib/python3.7/site-packages/airflow/example_dags/example_dag_decorator.py
[2024-06-04T23:42:33.103+0000] {logging_mixin.py:137} INFO - [2024-06-04T23:42:33.103+0000] {taskmixin.py:205} WARNING - Dependency <Task(_PythonDecoratedOperator): prepare_email>, send_email already registered for DAG: example_dag_decorator
[2024-06-04T23:42:33.103+0000] {logging_mixin.py:137} INFO - [2024-06-04T23:42:33.103+0000] {taskmixin.py:205} WARNING - Dependency <Task(EmailOperator): send_email>, prepare_email already registered for DAG: example_dag_decorator
[2024-06-04T23:42:33.112+0000] {processor.py:753} INFO - DAG(s) dict_keys(['example_dag_decorator']) retrieved from /home/airflow/.local/lib/python3.7/site-packages/airflow/example_dags/example_dag_decorator.py
[2024-06-04T23:42:33.157+0000] {logging_mixin.py:137} INFO - [2024-06-04T23:42:33.157+0000] {dag.py:2690} INFO - Sync 1 DAGs
[2024-06-04T23:42:33.172+0000] {logging_mixin.py:137} INFO - [2024-06-04T23:42:33.172+0000] {dag.py:3441} INFO - Setting next_dagrun for example_dag_decorator to None, run_after=None
[2024-06-04T23:42:33.185+0000] {processor.py:175} INFO - Processing /home/airflow/.local/lib/python3.7/site-packages/airflow/example_dags/example_dag_decorator.py took 0.097 seconds
[2024-06-04T23:43:04.154+0000] {processor.py:153} INFO - Started process (PID=1177) to work on /home/airflow/.local/lib/python3.7/site-packages/airflow/example_dags/example_dag_decorator.py
[2024-06-04T23:43:04.154+0000] {processor.py:743} INFO - Processing file /home/airflow/.local/lib/python3.7/site-packages/airflow/example_dags/example_dag_decorator.py for tasks to queue
[2024-06-04T23:43:04.155+0000] {logging_mixin.py:137} INFO - [2024-06-04T23:43:04.155+0000] {dagbag.py:538} INFO - Filling up the DagBag from /home/airflow/.local/lib/python3.7/site-packages/airflow/example_dags/example_dag_decorator.py
[2024-06-04T23:43:04.166+0000] {logging_mixin.py:137} INFO - [2024-06-04T23:43:04.166+0000] {taskmixin.py:205} WARNING - Dependency <Task(_PythonDecoratedOperator): prepare_email>, send_email already registered for DAG: example_dag_decorator
[2024-06-04T23:43:04.166+0000] {logging_mixin.py:137} INFO - [2024-06-04T23:43:04.166+0000] {taskmixin.py:205} WARNING - Dependency <Task(EmailOperator): send_email>, prepare_email already registered for DAG: example_dag_decorator
[2024-06-04T23:43:04.175+0000] {processor.py:753} INFO - DAG(s) dict_keys(['example_dag_decorator']) retrieved from /home/airflow/.local/lib/python3.7/site-packages/airflow/example_dags/example_dag_decorator.py
[2024-06-04T23:43:04.220+0000] {logging_mixin.py:137} INFO - [2024-06-04T23:43:04.220+0000] {dag.py:2690} INFO - Sync 1 DAGs
[2024-06-04T23:43:04.235+0000] {logging_mixin.py:137} INFO - [2024-06-04T23:43:04.235+0000] {dag.py:3441} INFO - Setting next_dagrun for example_dag_decorator to None, run_after=None
[2024-06-04T23:43:04.248+0000] {processor.py:175} INFO - Processing /home/airflow/.local/lib/python3.7/site-packages/airflow/example_dags/example_dag_decorator.py took 0.096 seconds
[2024-06-04T23:43:34.940+0000] {processor.py:153} INFO - Started process (PID=1288) to work on /home/airflow/.local/lib/python3.7/site-packages/airflow/example_dags/example_dag_decorator.py
[2024-06-04T23:43:34.941+0000] {processor.py:743} INFO - Processing file /home/airflow/.local/lib/python3.7/site-packages/airflow/example_dags/example_dag_decorator.py for tasks to queue
[2024-06-04T23:43:34.941+0000] {logging_mixin.py:137} INFO - [2024-06-04T23:43:34.941+0000] {dagbag.py:538} INFO - Filling up the DagBag from /home/airflow/.local/lib/python3.7/site-packages/airflow/example_dags/example_dag_decorator.py
[2024-06-04T23:43:34.953+0000] {logging_mixin.py:137} INFO - [2024-06-04T23:43:34.953+0000] {taskmixin.py:205} WARNING - Dependency <Task(_PythonDecoratedOperator): prepare_email>, send_email already registered for DAG: example_dag_decorator
[2024-06-04T23:43:34.953+0000] {logging_mixin.py:137} INFO - [2024-06-04T23:43:34.953+0000] {taskmixin.py:205} WARNING - Dependency <Task(EmailOperator): send_email>, prepare_email already registered for DAG: example_dag_decorator
[2024-06-04T23:43:34.962+0000] {processor.py:753} INFO - DAG(s) dict_keys(['example_dag_decorator']) retrieved from /home/airflow/.local/lib/python3.7/site-packages/airflow/example_dags/example_dag_decorator.py
[2024-06-04T23:43:35.011+0000] {logging_mixin.py:137} INFO - [2024-06-04T23:43:35.011+0000] {dag.py:2690} INFO - Sync 1 DAGs
[2024-06-04T23:43:35.027+0000] {logging_mixin.py:137} INFO - [2024-06-04T23:43:35.027+0000] {dag.py:3441} INFO - Setting next_dagrun for example_dag_decorator to None, run_after=None
[2024-06-04T23:43:35.041+0000] {processor.py:175} INFO - Processing /home/airflow/.local/lib/python3.7/site-packages/airflow/example_dags/example_dag_decorator.py took 0.104 seconds
[2024-06-04T23:44:06.157+0000] {processor.py:153} INFO - Started process (PID=1474) to work on /home/airflow/.local/lib/python3.7/site-packages/airflow/example_dags/example_dag_decorator.py
[2024-06-04T23:44:06.158+0000] {processor.py:743} INFO - Processing file /home/airflow/.local/lib/python3.7/site-packages/airflow/example_dags/example_dag_decorator.py for tasks to queue
[2024-06-04T23:44:06.159+0000] {logging_mixin.py:137} INFO - [2024-06-04T23:44:06.159+0000] {dagbag.py:538} INFO - Filling up the DagBag from /home/airflow/.local/lib/python3.7/site-packages/airflow/example_dags/example_dag_decorator.py
[2024-06-04T23:44:06.181+0000] {logging_mixin.py:137} INFO - [2024-06-04T23:44:06.181+0000] {taskmixin.py:205} WARNING - Dependency <Task(_PythonDecoratedOperator): prepare_email>, send_email already registered for DAG: example_dag_decorator
[2024-06-04T23:44:06.182+0000] {logging_mixin.py:137} INFO - [2024-06-04T23:44:06.182+0000] {taskmixin.py:205} WARNING - Dependency <Task(EmailOperator): send_email>, prepare_email already registered for DAG: example_dag_decorator
[2024-06-04T23:44:06.196+0000] {processor.py:753} INFO - DAG(s) dict_keys(['example_dag_decorator']) retrieved from /home/airflow/.local/lib/python3.7/site-packages/airflow/example_dags/example_dag_decorator.py
[2024-06-04T23:44:06.295+0000] {logging_mixin.py:137} INFO - [2024-06-04T23:44:06.295+0000] {dag.py:2690} INFO - Sync 1 DAGs
[2024-06-04T23:44:06.326+0000] {logging_mixin.py:137} INFO - [2024-06-04T23:44:06.326+0000] {dag.py:3441} INFO - Setting next_dagrun for example_dag_decorator to None, run_after=None
[2024-06-04T23:44:06.356+0000] {processor.py:175} INFO - Processing /home/airflow/.local/lib/python3.7/site-packages/airflow/example_dags/example_dag_decorator.py took 0.203 seconds
[2024-06-04T23:44:36.404+0000] {processor.py:153} INFO - Started process (PID=1846) to work on /home/airflow/.local/lib/python3.7/site-packages/airflow/example_dags/example_dag_decorator.py
[2024-06-04T23:44:36.405+0000] {processor.py:743} INFO - Processing file /home/airflow/.local/lib/python3.7/site-packages/airflow/example_dags/example_dag_decorator.py for tasks to queue
[2024-06-04T23:44:36.405+0000] {logging_mixin.py:137} INFO - [2024-06-04T23:44:36.405+0000] {dagbag.py:538} INFO - Filling up the DagBag from /home/airflow/.local/lib/python3.7/site-packages/airflow/example_dags/example_dag_decorator.py
[2024-06-04T23:44:36.420+0000] {logging_mixin.py:137} INFO - [2024-06-04T23:44:36.419+0000] {taskmixin.py:205} WARNING - Dependency <Task(_PythonDecoratedOperator): prepare_email>, send_email already registered for DAG: example_dag_decorator
[2024-06-04T23:44:36.420+0000] {logging_mixin.py:137} INFO - [2024-06-04T23:44:36.420+0000] {taskmixin.py:205} WARNING - Dependency <Task(EmailOperator): send_email>, prepare_email already registered for DAG: example_dag_decorator
[2024-06-04T23:44:36.432+0000] {processor.py:753} INFO - DAG(s) dict_keys(['example_dag_decorator']) retrieved from /home/airflow/.local/lib/python3.7/site-packages/airflow/example_dags/example_dag_decorator.py
[2024-06-04T23:44:36.506+0000] {logging_mixin.py:137} INFO - [2024-06-04T23:44:36.506+0000] {dag.py:2690} INFO - Sync 1 DAGs
[2024-06-04T23:44:36.532+0000] {logging_mixin.py:137} INFO - [2024-06-04T23:44:36.532+0000] {dag.py:3441} INFO - Setting next_dagrun for example_dag_decorator to None, run_after=None
[2024-06-04T23:44:36.556+0000] {processor.py:175} INFO - Processing /home/airflow/.local/lib/python3.7/site-packages/airflow/example_dags/example_dag_decorator.py took 0.154 seconds
[2024-06-04T23:45:06.600+0000] {processor.py:153} INFO - Started process (PID=2164) to work on /home/airflow/.local/lib/python3.7/site-packages/airflow/example_dags/example_dag_decorator.py
[2024-06-04T23:45:06.601+0000] {processor.py:743} INFO - Processing file /home/airflow/.local/lib/python3.7/site-packages/airflow/example_dags/example_dag_decorator.py for tasks to queue
[2024-06-04T23:45:06.602+0000] {logging_mixin.py:137} INFO - [2024-06-04T23:45:06.601+0000] {dagbag.py:538} INFO - Filling up the DagBag from /home/airflow/.local/lib/python3.7/site-packages/airflow/example_dags/example_dag_decorator.py
[2024-06-04T23:45:06.614+0000] {logging_mixin.py:137} INFO - [2024-06-04T23:45:06.614+0000] {taskmixin.py:205} WARNING - Dependency <Task(_PythonDecoratedOperator): prepare_email>, send_email already registered for DAG: example_dag_decorator
[2024-06-04T23:45:06.615+0000] {logging_mixin.py:137} INFO - [2024-06-04T23:45:06.614+0000] {taskmixin.py:205} WARNING - Dependency <Task(EmailOperator): send_email>, prepare_email already registered for DAG: example_dag_decorator
[2024-06-04T23:45:06.624+0000] {processor.py:753} INFO - DAG(s) dict_keys(['example_dag_decorator']) retrieved from /home/airflow/.local/lib/python3.7/site-packages/airflow/example_dags/example_dag_decorator.py
[2024-06-04T23:45:06.689+0000] {logging_mixin.py:137} INFO - [2024-06-04T23:45:06.689+0000] {dag.py:2690} INFO - Sync 1 DAGs
[2024-06-04T23:45:06.715+0000] {logging_mixin.py:137} INFO - [2024-06-04T23:45:06.715+0000] {dag.py:3441} INFO - Setting next_dagrun for example_dag_decorator to None, run_after=None
[2024-06-04T23:45:06.735+0000] {processor.py:175} INFO - Processing /home/airflow/.local/lib/python3.7/site-packages/airflow/example_dags/example_dag_decorator.py took 0.137 seconds
[2024-06-04T23:45:37.253+0000] {processor.py:153} INFO - Started process (PID=2533) to work on /home/airflow/.local/lib/python3.7/site-packages/airflow/example_dags/example_dag_decorator.py
[2024-06-04T23:45:37.254+0000] {processor.py:743} INFO - Processing file /home/airflow/.local/lib/python3.7/site-packages/airflow/example_dags/example_dag_decorator.py for tasks to queue
[2024-06-04T23:45:37.255+0000] {logging_mixin.py:137} INFO - [2024-06-04T23:45:37.255+0000] {dagbag.py:538} INFO - Filling up the DagBag from /home/airflow/.local/lib/python3.7/site-packages/airflow/example_dags/example_dag_decorator.py
[2024-06-04T23:45:37.276+0000] {logging_mixin.py:137} INFO - [2024-06-04T23:45:37.275+0000] {taskmixin.py:205} WARNING - Dependency <Task(_PythonDecoratedOperator): prepare_email>, send_email already registered for DAG: example_dag_decorator
[2024-06-04T23:45:37.276+0000] {logging_mixin.py:137} INFO - [2024-06-04T23:45:37.276+0000] {taskmixin.py:205} WARNING - Dependency <Task(EmailOperator): send_email>, prepare_email already registered for DAG: example_dag_decorator
[2024-06-04T23:45:37.290+0000] {processor.py:753} INFO - DAG(s) dict_keys(['example_dag_decorator']) retrieved from /home/airflow/.local/lib/python3.7/site-packages/airflow/example_dags/example_dag_decorator.py
[2024-06-04T23:45:37.373+0000] {logging_mixin.py:137} INFO - [2024-06-04T23:45:37.373+0000] {dag.py:2690} INFO - Sync 1 DAGs
[2024-06-04T23:45:37.401+0000] {logging_mixin.py:137} INFO - [2024-06-04T23:45:37.401+0000] {dag.py:3441} INFO - Setting next_dagrun for example_dag_decorator to None, run_after=None
[2024-06-04T23:45:37.428+0000] {processor.py:175} INFO - Processing /home/airflow/.local/lib/python3.7/site-packages/airflow/example_dags/example_dag_decorator.py took 0.178 seconds
[2024-06-04T23:46:07.648+0000] {processor.py:153} INFO - Started process (PID=2862) to work on /home/airflow/.local/lib/python3.7/site-packages/airflow/example_dags/example_dag_decorator.py
[2024-06-04T23:46:07.649+0000] {processor.py:743} INFO - Processing file /home/airflow/.local/lib/python3.7/site-packages/airflow/example_dags/example_dag_decorator.py for tasks to queue
[2024-06-04T23:46:07.650+0000] {logging_mixin.py:137} INFO - [2024-06-04T23:46:07.650+0000] {dagbag.py:538} INFO - Filling up the DagBag from /home/airflow/.local/lib/python3.7/site-packages/airflow/example_dags/example_dag_decorator.py
[2024-06-04T23:46:07.675+0000] {logging_mixin.py:137} INFO - [2024-06-04T23:46:07.675+0000] {taskmixin.py:205} WARNING - Dependency <Task(_PythonDecoratedOperator): prepare_email>, send_email already registered for DAG: example_dag_decorator
[2024-06-04T23:46:07.675+0000] {logging_mixin.py:137} INFO - [2024-06-04T23:46:07.675+0000] {taskmixin.py:205} WARNING - Dependency <Task(EmailOperator): send_email>, prepare_email already registered for DAG: example_dag_decorator
[2024-06-04T23:46:07.695+0000] {processor.py:753} INFO - DAG(s) dict_keys(['example_dag_decorator']) retrieved from /home/airflow/.local/lib/python3.7/site-packages/airflow/example_dags/example_dag_decorator.py
[2024-06-04T23:46:07.791+0000] {logging_mixin.py:137} INFO - [2024-06-04T23:46:07.791+0000] {dag.py:2690} INFO - Sync 1 DAGs
[2024-06-04T23:46:07.830+0000] {logging_mixin.py:137} INFO - [2024-06-04T23:46:07.830+0000] {dag.py:3441} INFO - Setting next_dagrun for example_dag_decorator to None, run_after=None
[2024-06-04T23:46:07.865+0000] {processor.py:175} INFO - Processing /home/airflow/.local/lib/python3.7/site-packages/airflow/example_dags/example_dag_decorator.py took 0.225 seconds
[2024-06-04T23:46:38.143+0000] {processor.py:153} INFO - Started process (PID=3229) to work on /home/airflow/.local/lib/python3.7/site-packages/airflow/example_dags/example_dag_decorator.py
[2024-06-04T23:46:38.143+0000] {processor.py:743} INFO - Processing file /home/airflow/.local/lib/python3.7/site-packages/airflow/example_dags/example_dag_decorator.py for tasks to queue
[2024-06-04T23:46:38.144+0000] {logging_mixin.py:137} INFO - [2024-06-04T23:46:38.144+0000] {dagbag.py:538} INFO - Filling up the DagBag from /home/airflow/.local/lib/python3.7/site-packages/airflow/example_dags/example_dag_decorator.py
[2024-06-04T23:46:38.168+0000] {logging_mixin.py:137} INFO - [2024-06-04T23:46:38.168+0000] {taskmixin.py:205} WARNING - Dependency <Task(_PythonDecoratedOperator): prepare_email>, send_email already registered for DAG: example_dag_decorator
[2024-06-04T23:46:38.168+0000] {logging_mixin.py:137} INFO - [2024-06-04T23:46:38.168+0000] {taskmixin.py:205} WARNING - Dependency <Task(EmailOperator): send_email>, prepare_email already registered for DAG: example_dag_decorator
[2024-06-04T23:46:38.185+0000] {processor.py:753} INFO - DAG(s) dict_keys(['example_dag_decorator']) retrieved from /home/airflow/.local/lib/python3.7/site-packages/airflow/example_dags/example_dag_decorator.py
[2024-06-04T23:46:38.275+0000] {logging_mixin.py:137} INFO - [2024-06-04T23:46:38.275+0000] {dag.py:2690} INFO - Sync 1 DAGs
[2024-06-04T23:46:38.306+0000] {logging_mixin.py:137} INFO - [2024-06-04T23:46:38.306+0000] {dag.py:3441} INFO - Setting next_dagrun for example_dag_decorator to None, run_after=None
[2024-06-04T23:46:38.334+0000] {processor.py:175} INFO - Processing /home/airflow/.local/lib/python3.7/site-packages/airflow/example_dags/example_dag_decorator.py took 0.195 seconds
[2024-06-04T23:47:08.361+0000] {processor.py:153} INFO - Started process (PID=3552) to work on /home/airflow/.local/lib/python3.7/site-packages/airflow/example_dags/example_dag_decorator.py
[2024-06-04T23:47:08.362+0000] {processor.py:743} INFO - Processing file /home/airflow/.local/lib/python3.7/site-packages/airflow/example_dags/example_dag_decorator.py for tasks to queue
[2024-06-04T23:47:08.363+0000] {logging_mixin.py:137} INFO - [2024-06-04T23:47:08.363+0000] {dagbag.py:538} INFO - Filling up the DagBag from /home/airflow/.local/lib/python3.7/site-packages/airflow/example_dags/example_dag_decorator.py
[2024-06-04T23:47:08.385+0000] {logging_mixin.py:137} INFO - [2024-06-04T23:47:08.385+0000] {taskmixin.py:205} WARNING - Dependency <Task(_PythonDecoratedOperator): prepare_email>, send_email already registered for DAG: example_dag_decorator
[2024-06-04T23:47:08.386+0000] {logging_mixin.py:137} INFO - [2024-06-04T23:47:08.385+0000] {taskmixin.py:205} WARNING - Dependency <Task(EmailOperator): send_email>, prepare_email already registered for DAG: example_dag_decorator
[2024-06-04T23:47:08.402+0000] {processor.py:753} INFO - DAG(s) dict_keys(['example_dag_decorator']) retrieved from /home/airflow/.local/lib/python3.7/site-packages/airflow/example_dags/example_dag_decorator.py
[2024-06-04T23:47:08.494+0000] {logging_mixin.py:137} INFO - [2024-06-04T23:47:08.494+0000] {dag.py:2690} INFO - Sync 1 DAGs
[2024-06-04T23:47:08.519+0000] {logging_mixin.py:137} INFO - [2024-06-04T23:47:08.519+0000] {dag.py:3441} INFO - Setting next_dagrun for example_dag_decorator to None, run_after=None
[2024-06-04T23:47:08.545+0000] {processor.py:175} INFO - Processing /home/airflow/.local/lib/python3.7/site-packages/airflow/example_dags/example_dag_decorator.py took 0.188 seconds
[2024-06-04T23:47:39.106+0000] {processor.py:153} INFO - Started process (PID=3898) to work on /home/airflow/.local/lib/python3.7/site-packages/airflow/example_dags/example_dag_decorator.py
[2024-06-04T23:47:39.107+0000] {processor.py:743} INFO - Processing file /home/airflow/.local/lib/python3.7/site-packages/airflow/example_dags/example_dag_decorator.py for tasks to queue
[2024-06-04T23:47:39.108+0000] {logging_mixin.py:137} INFO - [2024-06-04T23:47:39.108+0000] {dagbag.py:538} INFO - Filling up the DagBag from /home/airflow/.local/lib/python3.7/site-packages/airflow/example_dags/example_dag_decorator.py
[2024-06-04T23:47:39.120+0000] {logging_mixin.py:137} INFO - [2024-06-04T23:47:39.120+0000] {taskmixin.py:205} WARNING - Dependency <Task(_PythonDecoratedOperator): prepare_email>, send_email already registered for DAG: example_dag_decorator
[2024-06-04T23:47:39.120+0000] {logging_mixin.py:137} INFO - [2024-06-04T23:47:39.120+0000] {taskmixin.py:205} WARNING - Dependency <Task(EmailOperator): send_email>, prepare_email already registered for DAG: example_dag_decorator
[2024-06-04T23:47:39.130+0000] {processor.py:753} INFO - DAG(s) dict_keys(['example_dag_decorator']) retrieved from /home/airflow/.local/lib/python3.7/site-packages/airflow/example_dags/example_dag_decorator.py
[2024-06-04T23:47:39.183+0000] {logging_mixin.py:137} INFO - [2024-06-04T23:47:39.183+0000] {dag.py:2690} INFO - Sync 1 DAGs
[2024-06-04T23:47:39.202+0000] {logging_mixin.py:137} INFO - [2024-06-04T23:47:39.202+0000] {dag.py:3441} INFO - Setting next_dagrun for example_dag_decorator to None, run_after=None
[2024-06-04T23:47:39.218+0000] {processor.py:175} INFO - Processing /home/airflow/.local/lib/python3.7/site-packages/airflow/example_dags/example_dag_decorator.py took 0.114 seconds
[2024-06-04T23:48:09.853+0000] {processor.py:153} INFO - Started process (PID=4273) to work on /home/airflow/.local/lib/python3.7/site-packages/airflow/example_dags/example_dag_decorator.py
[2024-06-04T23:48:09.854+0000] {processor.py:743} INFO - Processing file /home/airflow/.local/lib/python3.7/site-packages/airflow/example_dags/example_dag_decorator.py for tasks to queue
[2024-06-04T23:48:09.855+0000] {logging_mixin.py:137} INFO - [2024-06-04T23:48:09.855+0000] {dagbag.py:538} INFO - Filling up the DagBag from /home/airflow/.local/lib/python3.7/site-packages/airflow/example_dags/example_dag_decorator.py
[2024-06-04T23:48:09.878+0000] {logging_mixin.py:137} INFO - [2024-06-04T23:48:09.878+0000] {taskmixin.py:205} WARNING - Dependency <Task(_PythonDecoratedOperator): prepare_email>, send_email already registered for DAG: example_dag_decorator
[2024-06-04T23:48:09.879+0000] {logging_mixin.py:137} INFO - [2024-06-04T23:48:09.879+0000] {taskmixin.py:205} WARNING - Dependency <Task(EmailOperator): send_email>, prepare_email already registered for DAG: example_dag_decorator
[2024-06-04T23:48:09.895+0000] {processor.py:753} INFO - DAG(s) dict_keys(['example_dag_decorator']) retrieved from /home/airflow/.local/lib/python3.7/site-packages/airflow/example_dags/example_dag_decorator.py
[2024-06-04T23:48:09.986+0000] {logging_mixin.py:137} INFO - [2024-06-04T23:48:09.986+0000] {dag.py:2690} INFO - Sync 1 DAGs
[2024-06-04T23:48:10.020+0000] {logging_mixin.py:137} INFO - [2024-06-04T23:48:10.020+0000] {dag.py:3441} INFO - Setting next_dagrun for example_dag_decorator to None, run_after=None
[2024-06-04T23:48:10.041+0000] {processor.py:175} INFO - Processing /home/airflow/.local/lib/python3.7/site-packages/airflow/example_dags/example_dag_decorator.py took 0.192 seconds
[2024-06-04T23:48:40.208+0000] {processor.py:153} INFO - Started process (PID=4629) to work on /home/airflow/.local/lib/python3.7/site-packages/airflow/example_dags/example_dag_decorator.py
[2024-06-04T23:48:40.209+0000] {processor.py:743} INFO - Processing file /home/airflow/.local/lib/python3.7/site-packages/airflow/example_dags/example_dag_decorator.py for tasks to queue
[2024-06-04T23:48:40.210+0000] {logging_mixin.py:137} INFO - [2024-06-04T23:48:40.210+0000] {dagbag.py:538} INFO - Filling up the DagBag from /home/airflow/.local/lib/python3.7/site-packages/airflow/example_dags/example_dag_decorator.py
[2024-06-04T23:48:40.222+0000] {logging_mixin.py:137} INFO - [2024-06-04T23:48:40.222+0000] {taskmixin.py:205} WARNING - Dependency <Task(_PythonDecoratedOperator): prepare_email>, send_email already registered for DAG: example_dag_decorator
[2024-06-04T23:48:40.222+0000] {logging_mixin.py:137} INFO - [2024-06-04T23:48:40.222+0000] {taskmixin.py:205} WARNING - Dependency <Task(EmailOperator): send_email>, prepare_email already registered for DAG: example_dag_decorator
[2024-06-04T23:48:40.231+0000] {processor.py:753} INFO - DAG(s) dict_keys(['example_dag_decorator']) retrieved from /home/airflow/.local/lib/python3.7/site-packages/airflow/example_dags/example_dag_decorator.py
[2024-06-04T23:48:40.290+0000] {logging_mixin.py:137} INFO - [2024-06-04T23:48:40.290+0000] {dag.py:2690} INFO - Sync 1 DAGs
[2024-06-04T23:48:40.312+0000] {logging_mixin.py:137} INFO - [2024-06-04T23:48:40.312+0000] {dag.py:3441} INFO - Setting next_dagrun for example_dag_decorator to None, run_after=None
[2024-06-04T23:48:40.329+0000] {processor.py:175} INFO - Processing /home/airflow/.local/lib/python3.7/site-packages/airflow/example_dags/example_dag_decorator.py took 0.123 seconds
[2024-06-04T23:49:10.780+0000] {processor.py:153} INFO - Started process (PID=5034) to work on /home/airflow/.local/lib/python3.7/site-packages/airflow/example_dags/example_dag_decorator.py
[2024-06-04T23:49:10.785+0000] {processor.py:743} INFO - Processing file /home/airflow/.local/lib/python3.7/site-packages/airflow/example_dags/example_dag_decorator.py for tasks to queue
[2024-06-04T23:49:10.786+0000] {logging_mixin.py:137} INFO - [2024-06-04T23:49:10.785+0000] {dagbag.py:538} INFO - Filling up the DagBag from /home/airflow/.local/lib/python3.7/site-packages/airflow/example_dags/example_dag_decorator.py
[2024-06-04T23:49:10.811+0000] {logging_mixin.py:137} INFO - [2024-06-04T23:49:10.811+0000] {taskmixin.py:205} WARNING - Dependency <Task(_PythonDecoratedOperator): prepare_email>, send_email already registered for DAG: example_dag_decorator
[2024-06-04T23:49:10.812+0000] {logging_mixin.py:137} INFO - [2024-06-04T23:49:10.812+0000] {taskmixin.py:205} WARNING - Dependency <Task(EmailOperator): send_email>, prepare_email already registered for DAG: example_dag_decorator
[2024-06-04T23:49:10.829+0000] {processor.py:753} INFO - DAG(s) dict_keys(['example_dag_decorator']) retrieved from /home/airflow/.local/lib/python3.7/site-packages/airflow/example_dags/example_dag_decorator.py
[2024-06-04T23:49:10.925+0000] {logging_mixin.py:137} INFO - [2024-06-04T23:49:10.925+0000] {dag.py:2690} INFO - Sync 1 DAGs
[2024-06-04T23:49:10.962+0000] {logging_mixin.py:137} INFO - [2024-06-04T23:49:10.962+0000] {dag.py:3441} INFO - Setting next_dagrun for example_dag_decorator to None, run_after=None
[2024-06-04T23:49:10.993+0000] {processor.py:175} INFO - Processing /home/airflow/.local/lib/python3.7/site-packages/airflow/example_dags/example_dag_decorator.py took 0.217 seconds
[2024-06-04T23:49:41.584+0000] {processor.py:153} INFO - Started process (PID=5408) to work on /home/airflow/.local/lib/python3.7/site-packages/airflow/example_dags/example_dag_decorator.py
[2024-06-04T23:49:41.584+0000] {processor.py:743} INFO - Processing file /home/airflow/.local/lib/python3.7/site-packages/airflow/example_dags/example_dag_decorator.py for tasks to queue
[2024-06-04T23:49:41.585+0000] {logging_mixin.py:137} INFO - [2024-06-04T23:49:41.585+0000] {dagbag.py:538} INFO - Filling up the DagBag from /home/airflow/.local/lib/python3.7/site-packages/airflow/example_dags/example_dag_decorator.py
[2024-06-04T23:49:41.599+0000] {logging_mixin.py:137} INFO - [2024-06-04T23:49:41.599+0000] {taskmixin.py:205} WARNING - Dependency <Task(_PythonDecoratedOperator): prepare_email>, send_email already registered for DAG: example_dag_decorator
[2024-06-04T23:49:41.600+0000] {logging_mixin.py:137} INFO - [2024-06-04T23:49:41.600+0000] {taskmixin.py:205} WARNING - Dependency <Task(EmailOperator): send_email>, prepare_email already registered for DAG: example_dag_decorator
[2024-06-04T23:49:41.610+0000] {processor.py:753} INFO - DAG(s) dict_keys(['example_dag_decorator']) retrieved from /home/airflow/.local/lib/python3.7/site-packages/airflow/example_dags/example_dag_decorator.py
[2024-06-04T23:49:41.667+0000] {logging_mixin.py:137} INFO - [2024-06-04T23:49:41.667+0000] {dag.py:2690} INFO - Sync 1 DAGs
[2024-06-04T23:49:41.688+0000] {logging_mixin.py:137} INFO - [2024-06-04T23:49:41.688+0000] {dag.py:3441} INFO - Setting next_dagrun for example_dag_decorator to None, run_after=None
[2024-06-04T23:49:41.704+0000] {processor.py:175} INFO - Processing /home/airflow/.local/lib/python3.7/site-packages/airflow/example_dags/example_dag_decorator.py took 0.123 seconds
[2024-06-04T23:50:11.966+0000] {processor.py:153} INFO - Started process (PID=5759) to work on /home/airflow/.local/lib/python3.7/site-packages/airflow/example_dags/example_dag_decorator.py
[2024-06-04T23:50:11.967+0000] {processor.py:743} INFO - Processing file /home/airflow/.local/lib/python3.7/site-packages/airflow/example_dags/example_dag_decorator.py for tasks to queue
[2024-06-04T23:50:11.968+0000] {logging_mixin.py:137} INFO - [2024-06-04T23:50:11.968+0000] {dagbag.py:538} INFO - Filling up the DagBag from /home/airflow/.local/lib/python3.7/site-packages/airflow/example_dags/example_dag_decorator.py
[2024-06-04T23:50:11.991+0000] {logging_mixin.py:137} INFO - [2024-06-04T23:50:11.991+0000] {taskmixin.py:205} WARNING - Dependency <Task(_PythonDecoratedOperator): prepare_email>, send_email already registered for DAG: example_dag_decorator
[2024-06-04T23:50:11.992+0000] {logging_mixin.py:137} INFO - [2024-06-04T23:50:11.991+0000] {taskmixin.py:205} WARNING - Dependency <Task(EmailOperator): send_email>, prepare_email already registered for DAG: example_dag_decorator
[2024-06-04T23:50:12.007+0000] {processor.py:753} INFO - DAG(s) dict_keys(['example_dag_decorator']) retrieved from /home/airflow/.local/lib/python3.7/site-packages/airflow/example_dags/example_dag_decorator.py
[2024-06-04T23:50:12.090+0000] {logging_mixin.py:137} INFO - [2024-06-04T23:50:12.090+0000] {dag.py:2690} INFO - Sync 1 DAGs
[2024-06-04T23:50:12.122+0000] {logging_mixin.py:137} INFO - [2024-06-04T23:50:12.122+0000] {dag.py:3441} INFO - Setting next_dagrun for example_dag_decorator to None, run_after=None
[2024-06-04T23:50:12.150+0000] {processor.py:175} INFO - Processing /home/airflow/.local/lib/python3.7/site-packages/airflow/example_dags/example_dag_decorator.py took 0.188 seconds
[2024-06-04T23:50:42.234+0000] {processor.py:153} INFO - Started process (PID=6152) to work on /home/airflow/.local/lib/python3.7/site-packages/airflow/example_dags/example_dag_decorator.py
[2024-06-04T23:50:42.234+0000] {processor.py:743} INFO - Processing file /home/airflow/.local/lib/python3.7/site-packages/airflow/example_dags/example_dag_decorator.py for tasks to queue
[2024-06-04T23:50:42.235+0000] {logging_mixin.py:137} INFO - [2024-06-04T23:50:42.235+0000] {dagbag.py:538} INFO - Filling up the DagBag from /home/airflow/.local/lib/python3.7/site-packages/airflow/example_dags/example_dag_decorator.py
[2024-06-04T23:50:42.248+0000] {logging_mixin.py:137} INFO - [2024-06-04T23:50:42.248+0000] {taskmixin.py:205} WARNING - Dependency <Task(_PythonDecoratedOperator): prepare_email>, send_email already registered for DAG: example_dag_decorator
[2024-06-04T23:50:42.249+0000] {logging_mixin.py:137} INFO - [2024-06-04T23:50:42.249+0000] {taskmixin.py:205} WARNING - Dependency <Task(EmailOperator): send_email>, prepare_email already registered for DAG: example_dag_decorator
[2024-06-04T23:50:42.258+0000] {processor.py:753} INFO - DAG(s) dict_keys(['example_dag_decorator']) retrieved from /home/airflow/.local/lib/python3.7/site-packages/airflow/example_dags/example_dag_decorator.py
[2024-06-04T23:50:42.308+0000] {logging_mixin.py:137} INFO - [2024-06-04T23:50:42.308+0000] {dag.py:2690} INFO - Sync 1 DAGs
[2024-06-04T23:50:42.327+0000] {logging_mixin.py:137} INFO - [2024-06-04T23:50:42.327+0000] {dag.py:3441} INFO - Setting next_dagrun for example_dag_decorator to None, run_after=None
[2024-06-04T23:50:42.344+0000] {processor.py:175} INFO - Processing /home/airflow/.local/lib/python3.7/site-packages/airflow/example_dags/example_dag_decorator.py took 0.113 seconds
[2024-06-04T23:51:12.895+0000] {processor.py:153} INFO - Started process (PID=6499) to work on /home/airflow/.local/lib/python3.7/site-packages/airflow/example_dags/example_dag_decorator.py
[2024-06-04T23:51:12.896+0000] {processor.py:743} INFO - Processing file /home/airflow/.local/lib/python3.7/site-packages/airflow/example_dags/example_dag_decorator.py for tasks to queue
[2024-06-04T23:51:12.897+0000] {logging_mixin.py:137} INFO - [2024-06-04T23:51:12.897+0000] {dagbag.py:538} INFO - Filling up the DagBag from /home/airflow/.local/lib/python3.7/site-packages/airflow/example_dags/example_dag_decorator.py
[2024-06-04T23:51:12.918+0000] {logging_mixin.py:137} INFO - [2024-06-04T23:51:12.918+0000] {taskmixin.py:205} WARNING - Dependency <Task(_PythonDecoratedOperator): prepare_email>, send_email already registered for DAG: example_dag_decorator
[2024-06-04T23:51:12.919+0000] {logging_mixin.py:137} INFO - [2024-06-04T23:51:12.919+0000] {taskmixin.py:205} WARNING - Dependency <Task(EmailOperator): send_email>, prepare_email already registered for DAG: example_dag_decorator
[2024-06-04T23:51:12.934+0000] {processor.py:753} INFO - DAG(s) dict_keys(['example_dag_decorator']) retrieved from /home/airflow/.local/lib/python3.7/site-packages/airflow/example_dags/example_dag_decorator.py
[2024-06-04T23:51:13.019+0000] {logging_mixin.py:137} INFO - [2024-06-04T23:51:13.019+0000] {dag.py:2690} INFO - Sync 1 DAGs
[2024-06-04T23:51:13.050+0000] {logging_mixin.py:137} INFO - [2024-06-04T23:51:13.050+0000] {dag.py:3441} INFO - Setting next_dagrun for example_dag_decorator to None, run_after=None
[2024-06-04T23:51:13.070+0000] {processor.py:175} INFO - Processing /home/airflow/.local/lib/python3.7/site-packages/airflow/example_dags/example_dag_decorator.py took 0.179 seconds
[2024-06-04T23:51:43.109+0000] {processor.py:153} INFO - Started process (PID=6843) to work on /home/airflow/.local/lib/python3.7/site-packages/airflow/example_dags/example_dag_decorator.py
[2024-06-04T23:51:43.109+0000] {processor.py:743} INFO - Processing file /home/airflow/.local/lib/python3.7/site-packages/airflow/example_dags/example_dag_decorator.py for tasks to queue
[2024-06-04T23:51:43.110+0000] {logging_mixin.py:137} INFO - [2024-06-04T23:51:43.110+0000] {dagbag.py:538} INFO - Filling up the DagBag from /home/airflow/.local/lib/python3.7/site-packages/airflow/example_dags/example_dag_decorator.py
[2024-06-04T23:51:43.123+0000] {logging_mixin.py:137} INFO - [2024-06-04T23:51:43.122+0000] {taskmixin.py:205} WARNING - Dependency <Task(_PythonDecoratedOperator): prepare_email>, send_email already registered for DAG: example_dag_decorator
[2024-06-04T23:51:43.123+0000] {logging_mixin.py:137} INFO - [2024-06-04T23:51:43.123+0000] {taskmixin.py:205} WARNING - Dependency <Task(EmailOperator): send_email>, prepare_email already registered for DAG: example_dag_decorator
[2024-06-04T23:51:43.132+0000] {processor.py:753} INFO - DAG(s) dict_keys(['example_dag_decorator']) retrieved from /home/airflow/.local/lib/python3.7/site-packages/airflow/example_dags/example_dag_decorator.py
[2024-06-04T23:51:43.183+0000] {logging_mixin.py:137} INFO - [2024-06-04T23:51:43.183+0000] {dag.py:2690} INFO - Sync 1 DAGs
[2024-06-04T23:51:43.200+0000] {logging_mixin.py:137} INFO - [2024-06-04T23:51:43.199+0000] {dag.py:3441} INFO - Setting next_dagrun for example_dag_decorator to None, run_after=None
[2024-06-04T23:51:43.212+0000] {processor.py:175} INFO - Processing /home/airflow/.local/lib/python3.7/site-packages/airflow/example_dags/example_dag_decorator.py took 0.106 seconds
[2024-06-04T23:52:13.424+0000] {processor.py:153} INFO - Started process (PID=7171) to work on /home/airflow/.local/lib/python3.7/site-packages/airflow/example_dags/example_dag_decorator.py
[2024-06-04T23:52:13.425+0000] {processor.py:743} INFO - Processing file /home/airflow/.local/lib/python3.7/site-packages/airflow/example_dags/example_dag_decorator.py for tasks to queue
[2024-06-04T23:52:13.426+0000] {logging_mixin.py:137} INFO - [2024-06-04T23:52:13.426+0000] {dagbag.py:538} INFO - Filling up the DagBag from /home/airflow/.local/lib/python3.7/site-packages/airflow/example_dags/example_dag_decorator.py
[2024-06-04T23:52:13.448+0000] {logging_mixin.py:137} INFO - [2024-06-04T23:52:13.448+0000] {taskmixin.py:205} WARNING - Dependency <Task(_PythonDecoratedOperator): prepare_email>, send_email already registered for DAG: example_dag_decorator
[2024-06-04T23:52:13.448+0000] {logging_mixin.py:137} INFO - [2024-06-04T23:52:13.448+0000] {taskmixin.py:205} WARNING - Dependency <Task(EmailOperator): send_email>, prepare_email already registered for DAG: example_dag_decorator
[2024-06-04T23:52:13.466+0000] {processor.py:753} INFO - DAG(s) dict_keys(['example_dag_decorator']) retrieved from /home/airflow/.local/lib/python3.7/site-packages/airflow/example_dags/example_dag_decorator.py
[2024-06-04T23:52:13.543+0000] {logging_mixin.py:137} INFO - [2024-06-04T23:52:13.543+0000] {dag.py:2690} INFO - Sync 1 DAGs
[2024-06-04T23:52:13.575+0000] {logging_mixin.py:137} INFO - [2024-06-04T23:52:13.575+0000] {dag.py:3441} INFO - Setting next_dagrun for example_dag_decorator to None, run_after=None
[2024-06-04T23:52:13.604+0000] {processor.py:175} INFO - Processing /home/airflow/.local/lib/python3.7/site-packages/airflow/example_dags/example_dag_decorator.py took 0.183 seconds
[2024-06-04T23:52:43.666+0000] {processor.py:153} INFO - Started process (PID=7518) to work on /home/airflow/.local/lib/python3.7/site-packages/airflow/example_dags/example_dag_decorator.py
[2024-06-04T23:52:43.667+0000] {processor.py:743} INFO - Processing file /home/airflow/.local/lib/python3.7/site-packages/airflow/example_dags/example_dag_decorator.py for tasks to queue
[2024-06-04T23:52:43.667+0000] {logging_mixin.py:137} INFO - [2024-06-04T23:52:43.667+0000] {dagbag.py:538} INFO - Filling up the DagBag from /home/airflow/.local/lib/python3.7/site-packages/airflow/example_dags/example_dag_decorator.py
[2024-06-04T23:52:43.687+0000] {logging_mixin.py:137} INFO - [2024-06-04T23:52:43.687+0000] {taskmixin.py:205} WARNING - Dependency <Task(_PythonDecoratedOperator): prepare_email>, send_email already registered for DAG: example_dag_decorator
[2024-06-04T23:52:43.687+0000] {logging_mixin.py:137} INFO - [2024-06-04T23:52:43.687+0000] {taskmixin.py:205} WARNING - Dependency <Task(EmailOperator): send_email>, prepare_email already registered for DAG: example_dag_decorator
[2024-06-04T23:52:43.702+0000] {processor.py:753} INFO - DAG(s) dict_keys(['example_dag_decorator']) retrieved from /home/airflow/.local/lib/python3.7/site-packages/airflow/example_dags/example_dag_decorator.py
[2024-06-04T23:52:43.779+0000] {logging_mixin.py:137} INFO - [2024-06-04T23:52:43.779+0000] {dag.py:2690} INFO - Sync 1 DAGs
[2024-06-04T23:52:43.800+0000] {logging_mixin.py:137} INFO - [2024-06-04T23:52:43.799+0000] {dag.py:3441} INFO - Setting next_dagrun for example_dag_decorator to None, run_after=None
[2024-06-04T23:52:43.821+0000] {processor.py:175} INFO - Processing /home/airflow/.local/lib/python3.7/site-packages/airflow/example_dags/example_dag_decorator.py took 0.158 seconds
[2024-06-04T23:53:14.153+0000] {processor.py:153} INFO - Started process (PID=7878) to work on /home/airflow/.local/lib/python3.7/site-packages/airflow/example_dags/example_dag_decorator.py
[2024-06-04T23:53:14.154+0000] {processor.py:743} INFO - Processing file /home/airflow/.local/lib/python3.7/site-packages/airflow/example_dags/example_dag_decorator.py for tasks to queue
[2024-06-04T23:53:14.154+0000] {logging_mixin.py:137} INFO - [2024-06-04T23:53:14.154+0000] {dagbag.py:538} INFO - Filling up the DagBag from /home/airflow/.local/lib/python3.7/site-packages/airflow/example_dags/example_dag_decorator.py
[2024-06-04T23:53:14.179+0000] {logging_mixin.py:137} INFO - [2024-06-04T23:53:14.178+0000] {taskmixin.py:205} WARNING - Dependency <Task(_PythonDecoratedOperator): prepare_email>, send_email already registered for DAG: example_dag_decorator
[2024-06-04T23:53:14.179+0000] {logging_mixin.py:137} INFO - [2024-06-04T23:53:14.179+0000] {taskmixin.py:205} WARNING - Dependency <Task(EmailOperator): send_email>, prepare_email already registered for DAG: example_dag_decorator
[2024-06-04T23:53:14.196+0000] {processor.py:753} INFO - DAG(s) dict_keys(['example_dag_decorator']) retrieved from /home/airflow/.local/lib/python3.7/site-packages/airflow/example_dags/example_dag_decorator.py
[2024-06-04T23:53:14.298+0000] {logging_mixin.py:137} INFO - [2024-06-04T23:53:14.297+0000] {dag.py:2690} INFO - Sync 1 DAGs
[2024-06-04T23:53:14.332+0000] {logging_mixin.py:137} INFO - [2024-06-04T23:53:14.332+0000] {dag.py:3441} INFO - Setting next_dagrun for example_dag_decorator to None, run_after=None
[2024-06-04T23:53:14.368+0000] {processor.py:175} INFO - Processing /home/airflow/.local/lib/python3.7/site-packages/airflow/example_dags/example_dag_decorator.py took 0.219 seconds
[2024-06-04T23:53:44.700+0000] {processor.py:153} INFO - Started process (PID=8211) to work on /home/airflow/.local/lib/python3.7/site-packages/airflow/example_dags/example_dag_decorator.py
[2024-06-04T23:53:44.701+0000] {processor.py:743} INFO - Processing file /home/airflow/.local/lib/python3.7/site-packages/airflow/example_dags/example_dag_decorator.py for tasks to queue
[2024-06-04T23:53:44.702+0000] {logging_mixin.py:137} INFO - [2024-06-04T23:53:44.702+0000] {dagbag.py:538} INFO - Filling up the DagBag from /home/airflow/.local/lib/python3.7/site-packages/airflow/example_dags/example_dag_decorator.py
[2024-06-04T23:53:44.719+0000] {logging_mixin.py:137} INFO - [2024-06-04T23:53:44.719+0000] {taskmixin.py:205} WARNING - Dependency <Task(_PythonDecoratedOperator): prepare_email>, send_email already registered for DAG: example_dag_decorator
[2024-06-04T23:53:44.720+0000] {logging_mixin.py:137} INFO - [2024-06-04T23:53:44.719+0000] {taskmixin.py:205} WARNING - Dependency <Task(EmailOperator): send_email>, prepare_email already registered for DAG: example_dag_decorator
[2024-06-04T23:53:44.732+0000] {processor.py:753} INFO - DAG(s) dict_keys(['example_dag_decorator']) retrieved from /home/airflow/.local/lib/python3.7/site-packages/airflow/example_dags/example_dag_decorator.py
[2024-06-04T23:53:44.788+0000] {logging_mixin.py:137} INFO - [2024-06-04T23:53:44.788+0000] {dag.py:2690} INFO - Sync 1 DAGs
[2024-06-04T23:53:44.810+0000] {logging_mixin.py:137} INFO - [2024-06-04T23:53:44.810+0000] {dag.py:3441} INFO - Setting next_dagrun for example_dag_decorator to None, run_after=None
[2024-06-04T23:53:44.835+0000] {processor.py:175} INFO - Processing /home/airflow/.local/lib/python3.7/site-packages/airflow/example_dags/example_dag_decorator.py took 0.138 seconds
[2024-06-04T23:54:15.282+0000] {processor.py:153} INFO - Started process (PID=8515) to work on /home/airflow/.local/lib/python3.7/site-packages/airflow/example_dags/example_dag_decorator.py
[2024-06-04T23:54:15.283+0000] {processor.py:743} INFO - Processing file /home/airflow/.local/lib/python3.7/site-packages/airflow/example_dags/example_dag_decorator.py for tasks to queue
[2024-06-04T23:54:15.283+0000] {logging_mixin.py:137} INFO - [2024-06-04T23:54:15.283+0000] {dagbag.py:538} INFO - Filling up the DagBag from /home/airflow/.local/lib/python3.7/site-packages/airflow/example_dags/example_dag_decorator.py
[2024-06-04T23:54:15.304+0000] {logging_mixin.py:137} INFO - [2024-06-04T23:54:15.304+0000] {taskmixin.py:205} WARNING - Dependency <Task(_PythonDecoratedOperator): prepare_email>, send_email already registered for DAG: example_dag_decorator
[2024-06-04T23:54:15.304+0000] {logging_mixin.py:137} INFO - [2024-06-04T23:54:15.304+0000] {taskmixin.py:205} WARNING - Dependency <Task(EmailOperator): send_email>, prepare_email already registered for DAG: example_dag_decorator
[2024-06-04T23:54:15.315+0000] {processor.py:753} INFO - DAG(s) dict_keys(['example_dag_decorator']) retrieved from /home/airflow/.local/lib/python3.7/site-packages/airflow/example_dags/example_dag_decorator.py
[2024-06-04T23:54:15.385+0000] {logging_mixin.py:137} INFO - [2024-06-04T23:54:15.385+0000] {dag.py:2690} INFO - Sync 1 DAGs
[2024-06-04T23:54:15.407+0000] {logging_mixin.py:137} INFO - [2024-06-04T23:54:15.407+0000] {dag.py:3441} INFO - Setting next_dagrun for example_dag_decorator to None, run_after=None
[2024-06-04T23:54:15.423+0000] {processor.py:175} INFO - Processing /home/airflow/.local/lib/python3.7/site-packages/airflow/example_dags/example_dag_decorator.py took 0.145 seconds
[2024-06-04T23:54:45.573+0000] {processor.py:153} INFO - Started process (PID=8663) to work on /home/airflow/.local/lib/python3.7/site-packages/airflow/example_dags/example_dag_decorator.py
[2024-06-04T23:54:45.574+0000] {processor.py:743} INFO - Processing file /home/airflow/.local/lib/python3.7/site-packages/airflow/example_dags/example_dag_decorator.py for tasks to queue
[2024-06-04T23:54:45.574+0000] {logging_mixin.py:137} INFO - [2024-06-04T23:54:45.574+0000] {dagbag.py:538} INFO - Filling up the DagBag from /home/airflow/.local/lib/python3.7/site-packages/airflow/example_dags/example_dag_decorator.py
[2024-06-04T23:54:45.586+0000] {logging_mixin.py:137} INFO - [2024-06-04T23:54:45.586+0000] {taskmixin.py:205} WARNING - Dependency <Task(_PythonDecoratedOperator): prepare_email>, send_email already registered for DAG: example_dag_decorator
[2024-06-04T23:54:45.586+0000] {logging_mixin.py:137} INFO - [2024-06-04T23:54:45.586+0000] {taskmixin.py:205} WARNING - Dependency <Task(EmailOperator): send_email>, prepare_email already registered for DAG: example_dag_decorator
[2024-06-04T23:54:45.596+0000] {processor.py:753} INFO - DAG(s) dict_keys(['example_dag_decorator']) retrieved from /home/airflow/.local/lib/python3.7/site-packages/airflow/example_dags/example_dag_decorator.py
[2024-06-04T23:54:45.644+0000] {logging_mixin.py:137} INFO - [2024-06-04T23:54:45.644+0000] {dag.py:2690} INFO - Sync 1 DAGs
[2024-06-04T23:54:45.660+0000] {logging_mixin.py:137} INFO - [2024-06-04T23:54:45.659+0000] {dag.py:3441} INFO - Setting next_dagrun for example_dag_decorator to None, run_after=None
[2024-06-04T23:54:45.675+0000] {processor.py:175} INFO - Processing /home/airflow/.local/lib/python3.7/site-packages/airflow/example_dags/example_dag_decorator.py took 0.105 seconds
[2024-06-04T23:55:15.734+0000] {processor.py:153} INFO - Started process (PID=8779) to work on /home/airflow/.local/lib/python3.7/site-packages/airflow/example_dags/example_dag_decorator.py
[2024-06-04T23:55:15.735+0000] {processor.py:743} INFO - Processing file /home/airflow/.local/lib/python3.7/site-packages/airflow/example_dags/example_dag_decorator.py for tasks to queue
[2024-06-04T23:55:15.735+0000] {logging_mixin.py:137} INFO - [2024-06-04T23:55:15.735+0000] {dagbag.py:538} INFO - Filling up the DagBag from /home/airflow/.local/lib/python3.7/site-packages/airflow/example_dags/example_dag_decorator.py
[2024-06-04T23:55:15.762+0000] {logging_mixin.py:137} INFO - [2024-06-04T23:55:15.762+0000] {taskmixin.py:205} WARNING - Dependency <Task(_PythonDecoratedOperator): prepare_email>, send_email already registered for DAG: example_dag_decorator
[2024-06-04T23:55:15.762+0000] {logging_mixin.py:137} INFO - [2024-06-04T23:55:15.762+0000] {taskmixin.py:205} WARNING - Dependency <Task(EmailOperator): send_email>, prepare_email already registered for DAG: example_dag_decorator
[2024-06-04T23:55:15.775+0000] {processor.py:753} INFO - DAG(s) dict_keys(['example_dag_decorator']) retrieved from /home/airflow/.local/lib/python3.7/site-packages/airflow/example_dags/example_dag_decorator.py
[2024-06-04T23:55:15.833+0000] {logging_mixin.py:137} INFO - [2024-06-04T23:55:15.833+0000] {dag.py:2690} INFO - Sync 1 DAGs
[2024-06-04T23:55:15.851+0000] {logging_mixin.py:137} INFO - [2024-06-04T23:55:15.851+0000] {dag.py:3441} INFO - Setting next_dagrun for example_dag_decorator to None, run_after=None
[2024-06-04T23:55:15.872+0000] {processor.py:175} INFO - Processing /home/airflow/.local/lib/python3.7/site-packages/airflow/example_dags/example_dag_decorator.py took 0.142 seconds
[2024-06-04T23:55:46.705+0000] {processor.py:153} INFO - Started process (PID=8866) to work on /home/airflow/.local/lib/python3.7/site-packages/airflow/example_dags/example_dag_decorator.py
[2024-06-04T23:55:46.706+0000] {processor.py:743} INFO - Processing file /home/airflow/.local/lib/python3.7/site-packages/airflow/example_dags/example_dag_decorator.py for tasks to queue
[2024-06-04T23:55:46.707+0000] {logging_mixin.py:137} INFO - [2024-06-04T23:55:46.706+0000] {dagbag.py:538} INFO - Filling up the DagBag from /home/airflow/.local/lib/python3.7/site-packages/airflow/example_dags/example_dag_decorator.py
[2024-06-04T23:55:46.719+0000] {logging_mixin.py:137} INFO - [2024-06-04T23:55:46.719+0000] {taskmixin.py:205} WARNING - Dependency <Task(_PythonDecoratedOperator): prepare_email>, send_email already registered for DAG: example_dag_decorator
[2024-06-04T23:55:46.719+0000] {logging_mixin.py:137} INFO - [2024-06-04T23:55:46.719+0000] {taskmixin.py:205} WARNING - Dependency <Task(EmailOperator): send_email>, prepare_email already registered for DAG: example_dag_decorator
[2024-06-04T23:55:46.728+0000] {processor.py:753} INFO - DAG(s) dict_keys(['example_dag_decorator']) retrieved from /home/airflow/.local/lib/python3.7/site-packages/airflow/example_dags/example_dag_decorator.py
[2024-06-04T23:55:46.775+0000] {logging_mixin.py:137} INFO - [2024-06-04T23:55:46.775+0000] {dag.py:2690} INFO - Sync 1 DAGs
[2024-06-04T23:55:46.791+0000] {logging_mixin.py:137} INFO - [2024-06-04T23:55:46.791+0000] {dag.py:3441} INFO - Setting next_dagrun for example_dag_decorator to None, run_after=None
[2024-06-04T23:55:46.805+0000] {processor.py:175} INFO - Processing /home/airflow/.local/lib/python3.7/site-packages/airflow/example_dags/example_dag_decorator.py took 0.102 seconds
[2024-06-04T23:56:17.478+0000] {processor.py:153} INFO - Started process (PID=8985) to work on /home/airflow/.local/lib/python3.7/site-packages/airflow/example_dags/example_dag_decorator.py
[2024-06-04T23:56:17.479+0000] {processor.py:743} INFO - Processing file /home/airflow/.local/lib/python3.7/site-packages/airflow/example_dags/example_dag_decorator.py for tasks to queue
[2024-06-04T23:56:17.479+0000] {logging_mixin.py:137} INFO - [2024-06-04T23:56:17.479+0000] {dagbag.py:538} INFO - Filling up the DagBag from /home/airflow/.local/lib/python3.7/site-packages/airflow/example_dags/example_dag_decorator.py
[2024-06-04T23:56:17.492+0000] {logging_mixin.py:137} INFO - [2024-06-04T23:56:17.492+0000] {taskmixin.py:205} WARNING - Dependency <Task(_PythonDecoratedOperator): prepare_email>, send_email already registered for DAG: example_dag_decorator
[2024-06-04T23:56:17.492+0000] {logging_mixin.py:137} INFO - [2024-06-04T23:56:17.492+0000] {taskmixin.py:205} WARNING - Dependency <Task(EmailOperator): send_email>, prepare_email already registered for DAG: example_dag_decorator
[2024-06-04T23:56:17.501+0000] {processor.py:753} INFO - DAG(s) dict_keys(['example_dag_decorator']) retrieved from /home/airflow/.local/lib/python3.7/site-packages/airflow/example_dags/example_dag_decorator.py
[2024-06-04T23:56:17.549+0000] {logging_mixin.py:137} INFO - [2024-06-04T23:56:17.549+0000] {dag.py:2690} INFO - Sync 1 DAGs
[2024-06-04T23:56:17.566+0000] {logging_mixin.py:137} INFO - [2024-06-04T23:56:17.565+0000] {dag.py:3441} INFO - Setting next_dagrun for example_dag_decorator to None, run_after=None
[2024-06-04T23:56:17.582+0000] {processor.py:175} INFO - Processing /home/airflow/.local/lib/python3.7/site-packages/airflow/example_dags/example_dag_decorator.py took 0.106 seconds
[2024-06-04T23:56:47.738+0000] {processor.py:153} INFO - Started process (PID=9089) to work on /home/airflow/.local/lib/python3.7/site-packages/airflow/example_dags/example_dag_decorator.py
[2024-06-04T23:56:47.739+0000] {processor.py:743} INFO - Processing file /home/airflow/.local/lib/python3.7/site-packages/airflow/example_dags/example_dag_decorator.py for tasks to queue
[2024-06-04T23:56:47.739+0000] {logging_mixin.py:137} INFO - [2024-06-04T23:56:47.739+0000] {dagbag.py:538} INFO - Filling up the DagBag from /home/airflow/.local/lib/python3.7/site-packages/airflow/example_dags/example_dag_decorator.py
[2024-06-04T23:56:47.750+0000] {logging_mixin.py:137} INFO - [2024-06-04T23:56:47.750+0000] {taskmixin.py:205} WARNING - Dependency <Task(_PythonDecoratedOperator): prepare_email>, send_email already registered for DAG: example_dag_decorator
[2024-06-04T23:56:47.750+0000] {logging_mixin.py:137} INFO - [2024-06-04T23:56:47.750+0000] {taskmixin.py:205} WARNING - Dependency <Task(EmailOperator): send_email>, prepare_email already registered for DAG: example_dag_decorator
[2024-06-04T23:56:47.759+0000] {processor.py:753} INFO - DAG(s) dict_keys(['example_dag_decorator']) retrieved from /home/airflow/.local/lib/python3.7/site-packages/airflow/example_dags/example_dag_decorator.py
[2024-06-04T23:56:47.806+0000] {logging_mixin.py:137} INFO - [2024-06-04T23:56:47.806+0000] {dag.py:2690} INFO - Sync 1 DAGs
[2024-06-04T23:56:47.826+0000] {logging_mixin.py:137} INFO - [2024-06-04T23:56:47.826+0000] {dag.py:3441} INFO - Setting next_dagrun for example_dag_decorator to None, run_after=None
[2024-06-04T23:56:47.842+0000] {processor.py:175} INFO - Processing /home/airflow/.local/lib/python3.7/site-packages/airflow/example_dags/example_dag_decorator.py took 0.106 seconds
[2024-06-04T23:57:17.892+0000] {processor.py:153} INFO - Started process (PID=9210) to work on /home/airflow/.local/lib/python3.7/site-packages/airflow/example_dags/example_dag_decorator.py
[2024-06-04T23:57:17.892+0000] {processor.py:743} INFO - Processing file /home/airflow/.local/lib/python3.7/site-packages/airflow/example_dags/example_dag_decorator.py for tasks to queue
[2024-06-04T23:57:17.893+0000] {logging_mixin.py:137} INFO - [2024-06-04T23:57:17.893+0000] {dagbag.py:538} INFO - Filling up the DagBag from /home/airflow/.local/lib/python3.7/site-packages/airflow/example_dags/example_dag_decorator.py
[2024-06-04T23:57:17.904+0000] {logging_mixin.py:137} INFO - [2024-06-04T23:57:17.904+0000] {taskmixin.py:205} WARNING - Dependency <Task(_PythonDecoratedOperator): prepare_email>, send_email already registered for DAG: example_dag_decorator
[2024-06-04T23:57:17.904+0000] {logging_mixin.py:137} INFO - [2024-06-04T23:57:17.904+0000] {taskmixin.py:205} WARNING - Dependency <Task(EmailOperator): send_email>, prepare_email already registered for DAG: example_dag_decorator
[2024-06-04T23:57:17.913+0000] {processor.py:753} INFO - DAG(s) dict_keys(['example_dag_decorator']) retrieved from /home/airflow/.local/lib/python3.7/site-packages/airflow/example_dags/example_dag_decorator.py
[2024-06-04T23:57:17.958+0000] {logging_mixin.py:137} INFO - [2024-06-04T23:57:17.958+0000] {dag.py:2690} INFO - Sync 1 DAGs
[2024-06-04T23:57:17.975+0000] {logging_mixin.py:137} INFO - [2024-06-04T23:57:17.975+0000] {dag.py:3441} INFO - Setting next_dagrun for example_dag_decorator to None, run_after=None
[2024-06-04T23:57:17.988+0000] {processor.py:175} INFO - Processing /home/airflow/.local/lib/python3.7/site-packages/airflow/example_dags/example_dag_decorator.py took 0.098 seconds
[2024-06-04T23:57:48.019+0000] {processor.py:153} INFO - Started process (PID=9297) to work on /home/airflow/.local/lib/python3.7/site-packages/airflow/example_dags/example_dag_decorator.py
[2024-06-04T23:57:48.019+0000] {processor.py:743} INFO - Processing file /home/airflow/.local/lib/python3.7/site-packages/airflow/example_dags/example_dag_decorator.py for tasks to queue
[2024-06-04T23:57:48.020+0000] {logging_mixin.py:137} INFO - [2024-06-04T23:57:48.020+0000] {dagbag.py:538} INFO - Filling up the DagBag from /home/airflow/.local/lib/python3.7/site-packages/airflow/example_dags/example_dag_decorator.py
[2024-06-04T23:57:48.032+0000] {logging_mixin.py:137} INFO - [2024-06-04T23:57:48.032+0000] {taskmixin.py:205} WARNING - Dependency <Task(_PythonDecoratedOperator): prepare_email>, send_email already registered for DAG: example_dag_decorator
[2024-06-04T23:57:48.033+0000] {logging_mixin.py:137} INFO - [2024-06-04T23:57:48.032+0000] {taskmixin.py:205} WARNING - Dependency <Task(EmailOperator): send_email>, prepare_email already registered for DAG: example_dag_decorator
[2024-06-04T23:57:48.046+0000] {processor.py:753} INFO - DAG(s) dict_keys(['example_dag_decorator']) retrieved from /home/airflow/.local/lib/python3.7/site-packages/airflow/example_dags/example_dag_decorator.py
[2024-06-04T23:57:48.110+0000] {logging_mixin.py:137} INFO - [2024-06-04T23:57:48.109+0000] {dag.py:2690} INFO - Sync 1 DAGs
[2024-06-04T23:57:48.127+0000] {logging_mixin.py:137} INFO - [2024-06-04T23:57:48.127+0000] {dag.py:3441} INFO - Setting next_dagrun for example_dag_decorator to None, run_after=None
[2024-06-04T23:57:48.141+0000] {processor.py:175} INFO - Processing /home/airflow/.local/lib/python3.7/site-packages/airflow/example_dags/example_dag_decorator.py took 0.124 seconds
[2024-06-04T23:58:18.239+0000] {processor.py:153} INFO - Started process (PID=9417) to work on /home/airflow/.local/lib/python3.7/site-packages/airflow/example_dags/example_dag_decorator.py
[2024-06-04T23:58:18.240+0000] {processor.py:743} INFO - Processing file /home/airflow/.local/lib/python3.7/site-packages/airflow/example_dags/example_dag_decorator.py for tasks to queue
[2024-06-04T23:58:18.240+0000] {logging_mixin.py:137} INFO - [2024-06-04T23:58:18.240+0000] {dagbag.py:538} INFO - Filling up the DagBag from /home/airflow/.local/lib/python3.7/site-packages/airflow/example_dags/example_dag_decorator.py
[2024-06-04T23:58:18.252+0000] {logging_mixin.py:137} INFO - [2024-06-04T23:58:18.252+0000] {taskmixin.py:205} WARNING - Dependency <Task(_PythonDecoratedOperator): prepare_email>, send_email already registered for DAG: example_dag_decorator
[2024-06-04T23:58:18.252+0000] {logging_mixin.py:137} INFO - [2024-06-04T23:58:18.252+0000] {taskmixin.py:205} WARNING - Dependency <Task(EmailOperator): send_email>, prepare_email already registered for DAG: example_dag_decorator
[2024-06-04T23:58:18.260+0000] {processor.py:753} INFO - DAG(s) dict_keys(['example_dag_decorator']) retrieved from /home/airflow/.local/lib/python3.7/site-packages/airflow/example_dags/example_dag_decorator.py
[2024-06-04T23:58:18.307+0000] {logging_mixin.py:137} INFO - [2024-06-04T23:58:18.307+0000] {dag.py:2690} INFO - Sync 1 DAGs
[2024-06-04T23:58:18.322+0000] {logging_mixin.py:137} INFO - [2024-06-04T23:58:18.322+0000] {dag.py:3441} INFO - Setting next_dagrun for example_dag_decorator to None, run_after=None
[2024-06-04T23:58:18.335+0000] {processor.py:175} INFO - Processing /home/airflow/.local/lib/python3.7/site-packages/airflow/example_dags/example_dag_decorator.py took 0.098 seconds
[2024-06-04T23:58:48.395+0000] {processor.py:153} INFO - Started process (PID=9528) to work on /home/airflow/.local/lib/python3.7/site-packages/airflow/example_dags/example_dag_decorator.py
[2024-06-04T23:58:48.395+0000] {processor.py:743} INFO - Processing file /home/airflow/.local/lib/python3.7/site-packages/airflow/example_dags/example_dag_decorator.py for tasks to queue
[2024-06-04T23:58:48.396+0000] {logging_mixin.py:137} INFO - [2024-06-04T23:58:48.396+0000] {dagbag.py:538} INFO - Filling up the DagBag from /home/airflow/.local/lib/python3.7/site-packages/airflow/example_dags/example_dag_decorator.py
[2024-06-04T23:58:48.408+0000] {logging_mixin.py:137} INFO - [2024-06-04T23:58:48.408+0000] {taskmixin.py:205} WARNING - Dependency <Task(_PythonDecoratedOperator): prepare_email>, send_email already registered for DAG: example_dag_decorator
[2024-06-04T23:58:48.408+0000] {logging_mixin.py:137} INFO - [2024-06-04T23:58:48.408+0000] {taskmixin.py:205} WARNING - Dependency <Task(EmailOperator): send_email>, prepare_email already registered for DAG: example_dag_decorator
[2024-06-04T23:58:48.417+0000] {processor.py:753} INFO - DAG(s) dict_keys(['example_dag_decorator']) retrieved from /home/airflow/.local/lib/python3.7/site-packages/airflow/example_dags/example_dag_decorator.py
[2024-06-04T23:58:48.469+0000] {logging_mixin.py:137} INFO - [2024-06-04T23:58:48.469+0000] {dag.py:2690} INFO - Sync 1 DAGs
[2024-06-04T23:58:48.500+0000] {logging_mixin.py:137} INFO - [2024-06-04T23:58:48.500+0000] {dag.py:3441} INFO - Setting next_dagrun for example_dag_decorator to None, run_after=None
[2024-06-04T23:58:48.531+0000] {processor.py:175} INFO - Processing /home/airflow/.local/lib/python3.7/site-packages/airflow/example_dags/example_dag_decorator.py took 0.139 seconds
[2024-06-04T23:59:19.159+0000] {processor.py:153} INFO - Started process (PID=9620) to work on /home/airflow/.local/lib/python3.7/site-packages/airflow/example_dags/example_dag_decorator.py
[2024-06-04T23:59:19.160+0000] {processor.py:743} INFO - Processing file /home/airflow/.local/lib/python3.7/site-packages/airflow/example_dags/example_dag_decorator.py for tasks to queue
[2024-06-04T23:59:19.161+0000] {logging_mixin.py:137} INFO - [2024-06-04T23:59:19.161+0000] {dagbag.py:538} INFO - Filling up the DagBag from /home/airflow/.local/lib/python3.7/site-packages/airflow/example_dags/example_dag_decorator.py
[2024-06-04T23:59:19.173+0000] {logging_mixin.py:137} INFO - [2024-06-04T23:59:19.173+0000] {taskmixin.py:205} WARNING - Dependency <Task(_PythonDecoratedOperator): prepare_email>, send_email already registered for DAG: example_dag_decorator
[2024-06-04T23:59:19.173+0000] {logging_mixin.py:137} INFO - [2024-06-04T23:59:19.173+0000] {taskmixin.py:205} WARNING - Dependency <Task(EmailOperator): send_email>, prepare_email already registered for DAG: example_dag_decorator
[2024-06-04T23:59:19.181+0000] {processor.py:753} INFO - DAG(s) dict_keys(['example_dag_decorator']) retrieved from /home/airflow/.local/lib/python3.7/site-packages/airflow/example_dags/example_dag_decorator.py
[2024-06-04T23:59:19.227+0000] {logging_mixin.py:137} INFO - [2024-06-04T23:59:19.227+0000] {dag.py:2690} INFO - Sync 1 DAGs
[2024-06-04T23:59:19.242+0000] {logging_mixin.py:137} INFO - [2024-06-04T23:59:19.242+0000] {dag.py:3441} INFO - Setting next_dagrun for example_dag_decorator to None, run_after=None
[2024-06-04T23:59:19.255+0000] {processor.py:175} INFO - Processing /home/airflow/.local/lib/python3.7/site-packages/airflow/example_dags/example_dag_decorator.py took 0.097 seconds
[2024-06-04T23:59:49.922+0000] {processor.py:153} INFO - Started process (PID=9731) to work on /home/airflow/.local/lib/python3.7/site-packages/airflow/example_dags/example_dag_decorator.py
[2024-06-04T23:59:49.922+0000] {processor.py:743} INFO - Processing file /home/airflow/.local/lib/python3.7/site-packages/airflow/example_dags/example_dag_decorator.py for tasks to queue
[2024-06-04T23:59:49.923+0000] {logging_mixin.py:137} INFO - [2024-06-04T23:59:49.922+0000] {dagbag.py:538} INFO - Filling up the DagBag from /home/airflow/.local/lib/python3.7/site-packages/airflow/example_dags/example_dag_decorator.py
[2024-06-04T23:59:49.935+0000] {logging_mixin.py:137} INFO - [2024-06-04T23:59:49.935+0000] {taskmixin.py:205} WARNING - Dependency <Task(_PythonDecoratedOperator): prepare_email>, send_email already registered for DAG: example_dag_decorator
[2024-06-04T23:59:49.935+0000] {logging_mixin.py:137} INFO - [2024-06-04T23:59:49.935+0000] {taskmixin.py:205} WARNING - Dependency <Task(EmailOperator): send_email>, prepare_email already registered for DAG: example_dag_decorator
[2024-06-04T23:59:49.945+0000] {processor.py:753} INFO - DAG(s) dict_keys(['example_dag_decorator']) retrieved from /home/airflow/.local/lib/python3.7/site-packages/airflow/example_dags/example_dag_decorator.py
[2024-06-04T23:59:49.996+0000] {logging_mixin.py:137} INFO - [2024-06-04T23:59:49.996+0000] {dag.py:2690} INFO - Sync 1 DAGs
[2024-06-04T23:59:50.022+0000] {logging_mixin.py:137} INFO - [2024-06-04T23:59:50.021+0000] {dag.py:3441} INFO - Setting next_dagrun for example_dag_decorator to None, run_after=None
[2024-06-04T23:59:50.039+0000] {processor.py:175} INFO - Processing /home/airflow/.local/lib/python3.7/site-packages/airflow/example_dags/example_dag_decorator.py took 0.119 seconds
