[2024-06-04T23:37:27.421+0000] {processor.py:153} INFO - Started process (PID=70) to work on /home/airflow/.local/lib/python3.7/site-packages/airflow/example_dags/example_branch_operator_decorator.py
[2024-06-04T23:37:27.422+0000] {processor.py:743} INFO - Processing file /home/airflow/.local/lib/python3.7/site-packages/airflow/example_dags/example_branch_operator_decorator.py for tasks to queue
[2024-06-04T23:37:27.422+0000] {logging_mixin.py:137} INFO - [2024-06-04T23:37:27.422+0000] {dagbag.py:538} INFO - Filling up the DagBag from /home/airflow/.local/lib/python3.7/site-packages/airflow/example_dags/example_branch_operator_decorator.py
[2024-06-04T23:37:27.446+0000] {processor.py:753} INFO - DAG(s) dict_keys(['example_branch_python_operator_decorator']) retrieved from /home/airflow/.local/lib/python3.7/site-packages/airflow/example_dags/example_branch_operator_decorator.py
[2024-06-04T23:37:27.541+0000] {logging_mixin.py:137} INFO - [2024-06-04T23:37:27.541+0000] {manager.py:504} INFO - Created Permission View: can edit on DAG:example_branch_python_operator_decorator
[2024-06-04T23:37:27.548+0000] {logging_mixin.py:137} INFO - [2024-06-04T23:37:27.548+0000] {manager.py:504} INFO - Created Permission View: can read on DAG:example_branch_python_operator_decorator
[2024-06-04T23:37:27.554+0000] {logging_mixin.py:137} INFO - [2024-06-04T23:37:27.554+0000] {manager.py:504} INFO - Created Permission View: can delete on DAG:example_branch_python_operator_decorator
[2024-06-04T23:37:27.554+0000] {logging_mixin.py:137} INFO - [2024-06-04T23:37:27.554+0000] {dag.py:2690} INFO - Sync 1 DAGs
[2024-06-04T23:37:27.565+0000] {logging_mixin.py:137} INFO - [2024-06-04T23:37:27.565+0000] {dag.py:2711} INFO - Creating ORM DAG for example_branch_python_operator_decorator
[2024-06-04T23:37:27.577+0000] {logging_mixin.py:137} INFO - [2024-06-04T23:37:27.577+0000] {dag.py:3441} INFO - Setting next_dagrun for example_branch_python_operator_decorator to 2024-06-03T00:00:00+00:00, run_after=2024-06-04T00:00:00+00:00
[2024-06-04T23:37:27.595+0000] {processor.py:175} INFO - Processing /home/airflow/.local/lib/python3.7/site-packages/airflow/example_dags/example_branch_operator_decorator.py took 0.176 seconds
[2024-06-04T23:37:57.829+0000] {processor.py:153} INFO - Started process (PID=181) to work on /home/airflow/.local/lib/python3.7/site-packages/airflow/example_dags/example_branch_operator_decorator.py
[2024-06-04T23:37:57.829+0000] {processor.py:743} INFO - Processing file /home/airflow/.local/lib/python3.7/site-packages/airflow/example_dags/example_branch_operator_decorator.py for tasks to queue
[2024-06-04T23:37:57.830+0000] {logging_mixin.py:137} INFO - [2024-06-04T23:37:57.830+0000] {dagbag.py:538} INFO - Filling up the DagBag from /home/airflow/.local/lib/python3.7/site-packages/airflow/example_dags/example_branch_operator_decorator.py
[2024-06-04T23:37:57.850+0000] {processor.py:753} INFO - DAG(s) dict_keys(['example_branch_python_operator_decorator']) retrieved from /home/airflow/.local/lib/python3.7/site-packages/airflow/example_dags/example_branch_operator_decorator.py
[2024-06-04T23:37:57.871+0000] {logging_mixin.py:137} INFO - [2024-06-04T23:37:57.871+0000] {dag.py:2690} INFO - Sync 1 DAGs
[2024-06-04T23:37:57.891+0000] {logging_mixin.py:137} INFO - [2024-06-04T23:37:57.891+0000] {dag.py:3441} INFO - Setting next_dagrun for example_branch_python_operator_decorator to 2024-06-03T00:00:00+00:00, run_after=2024-06-04T00:00:00+00:00
[2024-06-04T23:37:57.905+0000] {processor.py:175} INFO - Processing /home/airflow/.local/lib/python3.7/site-packages/airflow/example_dags/example_branch_operator_decorator.py took 0.079 seconds
[2024-06-04T23:38:28.771+0000] {processor.py:153} INFO - Started process (PID=292) to work on /home/airflow/.local/lib/python3.7/site-packages/airflow/example_dags/example_branch_operator_decorator.py
[2024-06-04T23:38:28.772+0000] {processor.py:743} INFO - Processing file /home/airflow/.local/lib/python3.7/site-packages/airflow/example_dags/example_branch_operator_decorator.py for tasks to queue
[2024-06-04T23:38:28.772+0000] {logging_mixin.py:137} INFO - [2024-06-04T23:38:28.772+0000] {dagbag.py:538} INFO - Filling up the DagBag from /home/airflow/.local/lib/python3.7/site-packages/airflow/example_dags/example_branch_operator_decorator.py
[2024-06-04T23:38:28.791+0000] {processor.py:753} INFO - DAG(s) dict_keys(['example_branch_python_operator_decorator']) retrieved from /home/airflow/.local/lib/python3.7/site-packages/airflow/example_dags/example_branch_operator_decorator.py
[2024-06-04T23:38:28.810+0000] {logging_mixin.py:137} INFO - [2024-06-04T23:38:28.810+0000] {dag.py:2690} INFO - Sync 1 DAGs
[2024-06-04T23:38:28.831+0000] {logging_mixin.py:137} INFO - [2024-06-04T23:38:28.831+0000] {dag.py:3441} INFO - Setting next_dagrun for example_branch_python_operator_decorator to 2024-06-03T00:00:00+00:00, run_after=2024-06-04T00:00:00+00:00
[2024-06-04T23:38:28.845+0000] {processor.py:175} INFO - Processing /home/airflow/.local/lib/python3.7/site-packages/airflow/example_dags/example_branch_operator_decorator.py took 0.076 seconds
[2024-06-04T23:38:59.571+0000] {processor.py:153} INFO - Started process (PID=379) to work on /home/airflow/.local/lib/python3.7/site-packages/airflow/example_dags/example_branch_operator_decorator.py
[2024-06-04T23:38:59.572+0000] {processor.py:743} INFO - Processing file /home/airflow/.local/lib/python3.7/site-packages/airflow/example_dags/example_branch_operator_decorator.py for tasks to queue
[2024-06-04T23:38:59.572+0000] {logging_mixin.py:137} INFO - [2024-06-04T23:38:59.572+0000] {dagbag.py:538} INFO - Filling up the DagBag from /home/airflow/.local/lib/python3.7/site-packages/airflow/example_dags/example_branch_operator_decorator.py
[2024-06-04T23:38:59.590+0000] {processor.py:753} INFO - DAG(s) dict_keys(['example_branch_python_operator_decorator']) retrieved from /home/airflow/.local/lib/python3.7/site-packages/airflow/example_dags/example_branch_operator_decorator.py
[2024-06-04T23:38:59.609+0000] {logging_mixin.py:137} INFO - [2024-06-04T23:38:59.608+0000] {dag.py:2690} INFO - Sync 1 DAGs
[2024-06-04T23:38:59.627+0000] {logging_mixin.py:137} INFO - [2024-06-04T23:38:59.627+0000] {dag.py:3441} INFO - Setting next_dagrun for example_branch_python_operator_decorator to 2024-06-03T00:00:00+00:00, run_after=2024-06-04T00:00:00+00:00
[2024-06-04T23:38:59.639+0000] {processor.py:175} INFO - Processing /home/airflow/.local/lib/python3.7/site-packages/airflow/example_dags/example_branch_operator_decorator.py took 0.070 seconds
[2024-06-04T23:39:30.274+0000] {processor.py:153} INFO - Started process (PID=490) to work on /home/airflow/.local/lib/python3.7/site-packages/airflow/example_dags/example_branch_operator_decorator.py
[2024-06-04T23:39:30.275+0000] {processor.py:743} INFO - Processing file /home/airflow/.local/lib/python3.7/site-packages/airflow/example_dags/example_branch_operator_decorator.py for tasks to queue
[2024-06-04T23:39:30.275+0000] {logging_mixin.py:137} INFO - [2024-06-04T23:39:30.275+0000] {dagbag.py:538} INFO - Filling up the DagBag from /home/airflow/.local/lib/python3.7/site-packages/airflow/example_dags/example_branch_operator_decorator.py
[2024-06-04T23:39:30.293+0000] {processor.py:753} INFO - DAG(s) dict_keys(['example_branch_python_operator_decorator']) retrieved from /home/airflow/.local/lib/python3.7/site-packages/airflow/example_dags/example_branch_operator_decorator.py
[2024-06-04T23:39:30.313+0000] {logging_mixin.py:137} INFO - [2024-06-04T23:39:30.312+0000] {dag.py:2690} INFO - Sync 1 DAGs
[2024-06-04T23:39:30.332+0000] {logging_mixin.py:137} INFO - [2024-06-04T23:39:30.332+0000] {dag.py:3441} INFO - Setting next_dagrun for example_branch_python_operator_decorator to 2024-06-03T00:00:00+00:00, run_after=2024-06-04T00:00:00+00:00
[2024-06-04T23:39:30.346+0000] {processor.py:175} INFO - Processing /home/airflow/.local/lib/python3.7/site-packages/airflow/example_dags/example_branch_operator_decorator.py took 0.074 seconds
[2024-06-04T23:40:00.985+0000] {processor.py:153} INFO - Started process (PID=577) to work on /home/airflow/.local/lib/python3.7/site-packages/airflow/example_dags/example_branch_operator_decorator.py
[2024-06-04T23:40:00.985+0000] {processor.py:743} INFO - Processing file /home/airflow/.local/lib/python3.7/site-packages/airflow/example_dags/example_branch_operator_decorator.py for tasks to queue
[2024-06-04T23:40:00.986+0000] {logging_mixin.py:137} INFO - [2024-06-04T23:40:00.985+0000] {dagbag.py:538} INFO - Filling up the DagBag from /home/airflow/.local/lib/python3.7/site-packages/airflow/example_dags/example_branch_operator_decorator.py
[2024-06-04T23:40:01.002+0000] {processor.py:753} INFO - DAG(s) dict_keys(['example_branch_python_operator_decorator']) retrieved from /home/airflow/.local/lib/python3.7/site-packages/airflow/example_dags/example_branch_operator_decorator.py
[2024-06-04T23:40:01.021+0000] {logging_mixin.py:137} INFO - [2024-06-04T23:40:01.021+0000] {dag.py:2690} INFO - Sync 1 DAGs
[2024-06-04T23:40:01.041+0000] {logging_mixin.py:137} INFO - [2024-06-04T23:40:01.041+0000] {dag.py:3441} INFO - Setting next_dagrun for example_branch_python_operator_decorator to 2024-06-03T00:00:00+00:00, run_after=2024-06-04T00:00:00+00:00
[2024-06-04T23:40:01.053+0000] {processor.py:175} INFO - Processing /home/airflow/.local/lib/python3.7/site-packages/airflow/example_dags/example_branch_operator_decorator.py took 0.071 seconds
[2024-06-04T23:40:31.672+0000] {processor.py:153} INFO - Started process (PID=688) to work on /home/airflow/.local/lib/python3.7/site-packages/airflow/example_dags/example_branch_operator_decorator.py
[2024-06-04T23:40:31.673+0000] {processor.py:743} INFO - Processing file /home/airflow/.local/lib/python3.7/site-packages/airflow/example_dags/example_branch_operator_decorator.py for tasks to queue
[2024-06-04T23:40:31.673+0000] {logging_mixin.py:137} INFO - [2024-06-04T23:40:31.673+0000] {dagbag.py:538} INFO - Filling up the DagBag from /home/airflow/.local/lib/python3.7/site-packages/airflow/example_dags/example_branch_operator_decorator.py
[2024-06-04T23:40:31.690+0000] {processor.py:753} INFO - DAG(s) dict_keys(['example_branch_python_operator_decorator']) retrieved from /home/airflow/.local/lib/python3.7/site-packages/airflow/example_dags/example_branch_operator_decorator.py
[2024-06-04T23:40:31.709+0000] {logging_mixin.py:137} INFO - [2024-06-04T23:40:31.709+0000] {dag.py:2690} INFO - Sync 1 DAGs
[2024-06-04T23:40:31.727+0000] {logging_mixin.py:137} INFO - [2024-06-04T23:40:31.727+0000] {dag.py:3441} INFO - Setting next_dagrun for example_branch_python_operator_decorator to 2024-06-03T00:00:00+00:00, run_after=2024-06-04T00:00:00+00:00
[2024-06-04T23:40:31.740+0000] {processor.py:175} INFO - Processing /home/airflow/.local/lib/python3.7/site-packages/airflow/example_dags/example_branch_operator_decorator.py took 0.070 seconds
[2024-06-04T23:41:02.406+0000] {processor.py:153} INFO - Started process (PID=799) to work on /home/airflow/.local/lib/python3.7/site-packages/airflow/example_dags/example_branch_operator_decorator.py
[2024-06-04T23:41:02.407+0000] {processor.py:743} INFO - Processing file /home/airflow/.local/lib/python3.7/site-packages/airflow/example_dags/example_branch_operator_decorator.py for tasks to queue
[2024-06-04T23:41:02.407+0000] {logging_mixin.py:137} INFO - [2024-06-04T23:41:02.407+0000] {dagbag.py:538} INFO - Filling up the DagBag from /home/airflow/.local/lib/python3.7/site-packages/airflow/example_dags/example_branch_operator_decorator.py
[2024-06-04T23:41:02.424+0000] {processor.py:753} INFO - DAG(s) dict_keys(['example_branch_python_operator_decorator']) retrieved from /home/airflow/.local/lib/python3.7/site-packages/airflow/example_dags/example_branch_operator_decorator.py
[2024-06-04T23:41:02.443+0000] {logging_mixin.py:137} INFO - [2024-06-04T23:41:02.443+0000] {dag.py:2690} INFO - Sync 1 DAGs
[2024-06-04T23:41:02.461+0000] {logging_mixin.py:137} INFO - [2024-06-04T23:41:02.461+0000] {dag.py:3441} INFO - Setting next_dagrun for example_branch_python_operator_decorator to 2024-06-03T00:00:00+00:00, run_after=2024-06-04T00:00:00+00:00
[2024-06-04T23:41:02.473+0000] {processor.py:175} INFO - Processing /home/airflow/.local/lib/python3.7/site-packages/airflow/example_dags/example_branch_operator_decorator.py took 0.070 seconds
[2024-06-04T23:41:33.113+0000] {processor.py:153} INFO - Started process (PID=886) to work on /home/airflow/.local/lib/python3.7/site-packages/airflow/example_dags/example_branch_operator_decorator.py
[2024-06-04T23:41:33.113+0000] {processor.py:743} INFO - Processing file /home/airflow/.local/lib/python3.7/site-packages/airflow/example_dags/example_branch_operator_decorator.py for tasks to queue
[2024-06-04T23:41:33.114+0000] {logging_mixin.py:137} INFO - [2024-06-04T23:41:33.114+0000] {dagbag.py:538} INFO - Filling up the DagBag from /home/airflow/.local/lib/python3.7/site-packages/airflow/example_dags/example_branch_operator_decorator.py
[2024-06-04T23:41:33.131+0000] {processor.py:753} INFO - DAG(s) dict_keys(['example_branch_python_operator_decorator']) retrieved from /home/airflow/.local/lib/python3.7/site-packages/airflow/example_dags/example_branch_operator_decorator.py
[2024-06-04T23:41:33.149+0000] {logging_mixin.py:137} INFO - [2024-06-04T23:41:33.149+0000] {dag.py:2690} INFO - Sync 1 DAGs
[2024-06-04T23:41:33.168+0000] {logging_mixin.py:137} INFO - [2024-06-04T23:41:33.168+0000] {dag.py:3441} INFO - Setting next_dagrun for example_branch_python_operator_decorator to 2024-06-03T00:00:00+00:00, run_after=2024-06-04T00:00:00+00:00
[2024-06-04T23:41:33.181+0000] {processor.py:175} INFO - Processing /home/airflow/.local/lib/python3.7/site-packages/airflow/example_dags/example_branch_operator_decorator.py took 0.071 seconds
[2024-06-04T23:42:04.021+0000] {processor.py:153} INFO - Started process (PID=997) to work on /home/airflow/.local/lib/python3.7/site-packages/airflow/example_dags/example_branch_operator_decorator.py
[2024-06-04T23:42:04.021+0000] {processor.py:743} INFO - Processing file /home/airflow/.local/lib/python3.7/site-packages/airflow/example_dags/example_branch_operator_decorator.py for tasks to queue
[2024-06-04T23:42:04.022+0000] {logging_mixin.py:137} INFO - [2024-06-04T23:42:04.022+0000] {dagbag.py:538} INFO - Filling up the DagBag from /home/airflow/.local/lib/python3.7/site-packages/airflow/example_dags/example_branch_operator_decorator.py
[2024-06-04T23:42:04.039+0000] {processor.py:753} INFO - DAG(s) dict_keys(['example_branch_python_operator_decorator']) retrieved from /home/airflow/.local/lib/python3.7/site-packages/airflow/example_dags/example_branch_operator_decorator.py
[2024-06-04T23:42:04.057+0000] {logging_mixin.py:137} INFO - [2024-06-04T23:42:04.057+0000] {dag.py:2690} INFO - Sync 1 DAGs
[2024-06-04T23:42:04.076+0000] {logging_mixin.py:137} INFO - [2024-06-04T23:42:04.076+0000] {dag.py:3441} INFO - Setting next_dagrun for example_branch_python_operator_decorator to 2024-06-03T00:00:00+00:00, run_after=2024-06-04T00:00:00+00:00
[2024-06-04T23:42:04.087+0000] {processor.py:175} INFO - Processing /home/airflow/.local/lib/python3.7/site-packages/airflow/example_dags/example_branch_operator_decorator.py took 0.069 seconds
[2024-06-04T23:42:34.126+0000] {processor.py:153} INFO - Started process (PID=1093) to work on /home/airflow/.local/lib/python3.7/site-packages/airflow/example_dags/example_branch_operator_decorator.py
[2024-06-04T23:42:34.127+0000] {processor.py:743} INFO - Processing file /home/airflow/.local/lib/python3.7/site-packages/airflow/example_dags/example_branch_operator_decorator.py for tasks to queue
[2024-06-04T23:42:34.127+0000] {logging_mixin.py:137} INFO - [2024-06-04T23:42:34.127+0000] {dagbag.py:538} INFO - Filling up the DagBag from /home/airflow/.local/lib/python3.7/site-packages/airflow/example_dags/example_branch_operator_decorator.py
[2024-06-04T23:42:34.145+0000] {processor.py:753} INFO - DAG(s) dict_keys(['example_branch_python_operator_decorator']) retrieved from /home/airflow/.local/lib/python3.7/site-packages/airflow/example_dags/example_branch_operator_decorator.py
[2024-06-04T23:42:34.164+0000] {logging_mixin.py:137} INFO - [2024-06-04T23:42:34.164+0000] {dag.py:2690} INFO - Sync 1 DAGs
[2024-06-04T23:42:34.182+0000] {logging_mixin.py:137} INFO - [2024-06-04T23:42:34.182+0000] {dag.py:3441} INFO - Setting next_dagrun for example_branch_python_operator_decorator to 2024-06-03T00:00:00+00:00, run_after=2024-06-04T00:00:00+00:00
[2024-06-04T23:42:34.195+0000] {processor.py:175} INFO - Processing /home/airflow/.local/lib/python3.7/site-packages/airflow/example_dags/example_branch_operator_decorator.py took 0.070 seconds
[2024-06-04T23:43:04.950+0000] {processor.py:153} INFO - Started process (PID=1195) to work on /home/airflow/.local/lib/python3.7/site-packages/airflow/example_dags/example_branch_operator_decorator.py
[2024-06-04T23:43:04.950+0000] {processor.py:743} INFO - Processing file /home/airflow/.local/lib/python3.7/site-packages/airflow/example_dags/example_branch_operator_decorator.py for tasks to queue
[2024-06-04T23:43:04.951+0000] {logging_mixin.py:137} INFO - [2024-06-04T23:43:04.950+0000] {dagbag.py:538} INFO - Filling up the DagBag from /home/airflow/.local/lib/python3.7/site-packages/airflow/example_dags/example_branch_operator_decorator.py
[2024-06-04T23:43:04.968+0000] {processor.py:753} INFO - DAG(s) dict_keys(['example_branch_python_operator_decorator']) retrieved from /home/airflow/.local/lib/python3.7/site-packages/airflow/example_dags/example_branch_operator_decorator.py
[2024-06-04T23:43:04.987+0000] {logging_mixin.py:137} INFO - [2024-06-04T23:43:04.987+0000] {dag.py:2690} INFO - Sync 1 DAGs
[2024-06-04T23:43:05.006+0000] {logging_mixin.py:137} INFO - [2024-06-04T23:43:05.006+0000] {dag.py:3441} INFO - Setting next_dagrun for example_branch_python_operator_decorator to 2024-06-03T00:00:00+00:00, run_after=2024-06-04T00:00:00+00:00
[2024-06-04T23:43:05.018+0000] {processor.py:175} INFO - Processing /home/airflow/.local/lib/python3.7/site-packages/airflow/example_dags/example_branch_operator_decorator.py took 0.070 seconds
[2024-06-04T23:43:35.775+0000] {processor.py:153} INFO - Started process (PID=1306) to work on /home/airflow/.local/lib/python3.7/site-packages/airflow/example_dags/example_branch_operator_decorator.py
[2024-06-04T23:43:35.775+0000] {processor.py:743} INFO - Processing file /home/airflow/.local/lib/python3.7/site-packages/airflow/example_dags/example_branch_operator_decorator.py for tasks to queue
[2024-06-04T23:43:35.775+0000] {logging_mixin.py:137} INFO - [2024-06-04T23:43:35.775+0000] {dagbag.py:538} INFO - Filling up the DagBag from /home/airflow/.local/lib/python3.7/site-packages/airflow/example_dags/example_branch_operator_decorator.py
[2024-06-04T23:43:35.793+0000] {processor.py:753} INFO - DAG(s) dict_keys(['example_branch_python_operator_decorator']) retrieved from /home/airflow/.local/lib/python3.7/site-packages/airflow/example_dags/example_branch_operator_decorator.py
[2024-06-04T23:43:35.812+0000] {logging_mixin.py:137} INFO - [2024-06-04T23:43:35.812+0000] {dag.py:2690} INFO - Sync 1 DAGs
[2024-06-04T23:43:35.832+0000] {logging_mixin.py:137} INFO - [2024-06-04T23:43:35.832+0000] {dag.py:3441} INFO - Setting next_dagrun for example_branch_python_operator_decorator to 2024-06-03T00:00:00+00:00, run_after=2024-06-04T00:00:00+00:00
[2024-06-04T23:43:35.846+0000] {processor.py:175} INFO - Processing /home/airflow/.local/lib/python3.7/site-packages/airflow/example_dags/example_branch_operator_decorator.py took 0.073 seconds
[2024-06-04T23:44:07.662+0000] {processor.py:153} INFO - Started process (PID=1513) to work on /home/airflow/.local/lib/python3.7/site-packages/airflow/example_dags/example_branch_operator_decorator.py
[2024-06-04T23:44:07.663+0000] {processor.py:743} INFO - Processing file /home/airflow/.local/lib/python3.7/site-packages/airflow/example_dags/example_branch_operator_decorator.py for tasks to queue
[2024-06-04T23:44:07.664+0000] {logging_mixin.py:137} INFO - [2024-06-04T23:44:07.663+0000] {dagbag.py:538} INFO - Filling up the DagBag from /home/airflow/.local/lib/python3.7/site-packages/airflow/example_dags/example_branch_operator_decorator.py
[2024-06-04T23:44:07.684+0000] {processor.py:753} INFO - DAG(s) dict_keys(['example_branch_python_operator_decorator']) retrieved from /home/airflow/.local/lib/python3.7/site-packages/airflow/example_dags/example_branch_operator_decorator.py
[2024-06-04T23:44:07.707+0000] {logging_mixin.py:137} INFO - [2024-06-04T23:44:07.706+0000] {dag.py:2690} INFO - Sync 1 DAGs
[2024-06-04T23:44:07.728+0000] {logging_mixin.py:137} INFO - [2024-06-04T23:44:07.728+0000] {dag.py:3441} INFO - Setting next_dagrun for example_branch_python_operator_decorator to 2024-06-04T00:00:00+00:00, run_after=2024-06-05T00:00:00+00:00
[2024-06-04T23:44:07.744+0000] {processor.py:175} INFO - Processing /home/airflow/.local/lib/python3.7/site-packages/airflow/example_dags/example_branch_operator_decorator.py took 0.084 seconds
[2024-06-04T23:44:37.891+0000] {processor.py:153} INFO - Started process (PID=1879) to work on /home/airflow/.local/lib/python3.7/site-packages/airflow/example_dags/example_branch_operator_decorator.py
[2024-06-04T23:44:37.892+0000] {processor.py:743} INFO - Processing file /home/airflow/.local/lib/python3.7/site-packages/airflow/example_dags/example_branch_operator_decorator.py for tasks to queue
[2024-06-04T23:44:37.893+0000] {logging_mixin.py:137} INFO - [2024-06-04T23:44:37.893+0000] {dagbag.py:538} INFO - Filling up the DagBag from /home/airflow/.local/lib/python3.7/site-packages/airflow/example_dags/example_branch_operator_decorator.py
[2024-06-04T23:44:37.918+0000] {processor.py:753} INFO - DAG(s) dict_keys(['example_branch_python_operator_decorator']) retrieved from /home/airflow/.local/lib/python3.7/site-packages/airflow/example_dags/example_branch_operator_decorator.py
[2024-06-04T23:44:37.946+0000] {logging_mixin.py:137} INFO - [2024-06-04T23:44:37.946+0000] {dag.py:2690} INFO - Sync 1 DAGs
[2024-06-04T23:44:37.974+0000] {logging_mixin.py:137} INFO - [2024-06-04T23:44:37.974+0000] {dag.py:3441} INFO - Setting next_dagrun for example_branch_python_operator_decorator to 2024-06-04T00:00:00+00:00, run_after=2024-06-05T00:00:00+00:00
[2024-06-04T23:44:37.989+0000] {processor.py:175} INFO - Processing /home/airflow/.local/lib/python3.7/site-packages/airflow/example_dags/example_branch_operator_decorator.py took 0.102 seconds
[2024-06-04T23:45:08.410+0000] {processor.py:153} INFO - Started process (PID=2223) to work on /home/airflow/.local/lib/python3.7/site-packages/airflow/example_dags/example_branch_operator_decorator.py
[2024-06-04T23:45:08.411+0000] {processor.py:743} INFO - Processing file /home/airflow/.local/lib/python3.7/site-packages/airflow/example_dags/example_branch_operator_decorator.py for tasks to queue
[2024-06-04T23:45:08.412+0000] {logging_mixin.py:137} INFO - [2024-06-04T23:45:08.412+0000] {dagbag.py:538} INFO - Filling up the DagBag from /home/airflow/.local/lib/python3.7/site-packages/airflow/example_dags/example_branch_operator_decorator.py
[2024-06-04T23:45:08.446+0000] {processor.py:753} INFO - DAG(s) dict_keys(['example_branch_python_operator_decorator']) retrieved from /home/airflow/.local/lib/python3.7/site-packages/airflow/example_dags/example_branch_operator_decorator.py
[2024-06-04T23:45:08.485+0000] {logging_mixin.py:137} INFO - [2024-06-04T23:45:08.485+0000] {dag.py:2690} INFO - Sync 1 DAGs
[2024-06-04T23:45:08.532+0000] {logging_mixin.py:137} INFO - [2024-06-04T23:45:08.532+0000] {dag.py:3441} INFO - Setting next_dagrun for example_branch_python_operator_decorator to 2024-06-04T00:00:00+00:00, run_after=2024-06-05T00:00:00+00:00
[2024-06-04T23:45:08.560+0000] {processor.py:175} INFO - Processing /home/airflow/.local/lib/python3.7/site-packages/airflow/example_dags/example_branch_operator_decorator.py took 0.154 seconds
[2024-06-04T23:45:39.504+0000] {processor.py:153} INFO - Started process (PID=2564) to work on /home/airflow/.local/lib/python3.7/site-packages/airflow/example_dags/example_branch_operator_decorator.py
[2024-06-04T23:45:39.505+0000] {processor.py:743} INFO - Processing file /home/airflow/.local/lib/python3.7/site-packages/airflow/example_dags/example_branch_operator_decorator.py for tasks to queue
[2024-06-04T23:45:39.506+0000] {logging_mixin.py:137} INFO - [2024-06-04T23:45:39.506+0000] {dagbag.py:538} INFO - Filling up the DagBag from /home/airflow/.local/lib/python3.7/site-packages/airflow/example_dags/example_branch_operator_decorator.py
[2024-06-04T23:45:39.527+0000] {processor.py:753} INFO - DAG(s) dict_keys(['example_branch_python_operator_decorator']) retrieved from /home/airflow/.local/lib/python3.7/site-packages/airflow/example_dags/example_branch_operator_decorator.py
[2024-06-04T23:45:39.549+0000] {logging_mixin.py:137} INFO - [2024-06-04T23:45:39.549+0000] {dag.py:2690} INFO - Sync 1 DAGs
[2024-06-04T23:45:39.573+0000] {logging_mixin.py:137} INFO - [2024-06-04T23:45:39.573+0000] {dag.py:3441} INFO - Setting next_dagrun for example_branch_python_operator_decorator to 2024-06-04T00:00:00+00:00, run_after=2024-06-05T00:00:00+00:00
[2024-06-04T23:45:39.593+0000] {processor.py:175} INFO - Processing /home/airflow/.local/lib/python3.7/site-packages/airflow/example_dags/example_branch_operator_decorator.py took 0.092 seconds
[2024-06-04T23:46:10.045+0000] {processor.py:153} INFO - Started process (PID=2916) to work on /home/airflow/.local/lib/python3.7/site-packages/airflow/example_dags/example_branch_operator_decorator.py
[2024-06-04T23:46:10.049+0000] {processor.py:743} INFO - Processing file /home/airflow/.local/lib/python3.7/site-packages/airflow/example_dags/example_branch_operator_decorator.py for tasks to queue
[2024-06-04T23:46:10.050+0000] {logging_mixin.py:137} INFO - [2024-06-04T23:46:10.050+0000] {dagbag.py:538} INFO - Filling up the DagBag from /home/airflow/.local/lib/python3.7/site-packages/airflow/example_dags/example_branch_operator_decorator.py
[2024-06-04T23:46:10.080+0000] {processor.py:753} INFO - DAG(s) dict_keys(['example_branch_python_operator_decorator']) retrieved from /home/airflow/.local/lib/python3.7/site-packages/airflow/example_dags/example_branch_operator_decorator.py
[2024-06-04T23:46:10.101+0000] {logging_mixin.py:137} INFO - [2024-06-04T23:46:10.101+0000] {dag.py:2690} INFO - Sync 1 DAGs
[2024-06-04T23:46:10.121+0000] {logging_mixin.py:137} INFO - [2024-06-04T23:46:10.121+0000] {dag.py:3441} INFO - Setting next_dagrun for example_branch_python_operator_decorator to 2024-06-04T00:00:00+00:00, run_after=2024-06-05T00:00:00+00:00
[2024-06-04T23:46:10.140+0000] {processor.py:175} INFO - Processing /home/airflow/.local/lib/python3.7/site-packages/airflow/example_dags/example_branch_operator_decorator.py took 0.106 seconds
[2024-06-04T23:46:40.547+0000] {processor.py:153} INFO - Started process (PID=3261) to work on /home/airflow/.local/lib/python3.7/site-packages/airflow/example_dags/example_branch_operator_decorator.py
[2024-06-04T23:46:40.547+0000] {processor.py:743} INFO - Processing file /home/airflow/.local/lib/python3.7/site-packages/airflow/example_dags/example_branch_operator_decorator.py for tasks to queue
[2024-06-04T23:46:40.548+0000] {logging_mixin.py:137} INFO - [2024-06-04T23:46:40.548+0000] {dagbag.py:538} INFO - Filling up the DagBag from /home/airflow/.local/lib/python3.7/site-packages/airflow/example_dags/example_branch_operator_decorator.py
[2024-06-04T23:46:40.567+0000] {processor.py:753} INFO - DAG(s) dict_keys(['example_branch_python_operator_decorator']) retrieved from /home/airflow/.local/lib/python3.7/site-packages/airflow/example_dags/example_branch_operator_decorator.py
[2024-06-04T23:46:40.594+0000] {logging_mixin.py:137} INFO - [2024-06-04T23:46:40.594+0000] {dag.py:2690} INFO - Sync 1 DAGs
[2024-06-04T23:46:40.630+0000] {logging_mixin.py:137} INFO - [2024-06-04T23:46:40.630+0000] {dag.py:3441} INFO - Setting next_dagrun for example_branch_python_operator_decorator to 2024-06-04T00:00:00+00:00, run_after=2024-06-05T00:00:00+00:00
[2024-06-04T23:46:40.650+0000] {processor.py:175} INFO - Processing /home/airflow/.local/lib/python3.7/site-packages/airflow/example_dags/example_branch_operator_decorator.py took 0.105 seconds
[2024-06-04T23:47:10.855+0000] {processor.py:153} INFO - Started process (PID=3608) to work on /home/airflow/.local/lib/python3.7/site-packages/airflow/example_dags/example_branch_operator_decorator.py
[2024-06-04T23:47:10.856+0000] {processor.py:743} INFO - Processing file /home/airflow/.local/lib/python3.7/site-packages/airflow/example_dags/example_branch_operator_decorator.py for tasks to queue
[2024-06-04T23:47:10.856+0000] {logging_mixin.py:137} INFO - [2024-06-04T23:47:10.856+0000] {dagbag.py:538} INFO - Filling up the DagBag from /home/airflow/.local/lib/python3.7/site-packages/airflow/example_dags/example_branch_operator_decorator.py
[2024-06-04T23:47:10.884+0000] {processor.py:753} INFO - DAG(s) dict_keys(['example_branch_python_operator_decorator']) retrieved from /home/airflow/.local/lib/python3.7/site-packages/airflow/example_dags/example_branch_operator_decorator.py
[2024-06-04T23:47:10.917+0000] {logging_mixin.py:137} INFO - [2024-06-04T23:47:10.917+0000] {dag.py:2690} INFO - Sync 1 DAGs
[2024-06-04T23:47:10.952+0000] {logging_mixin.py:137} INFO - [2024-06-04T23:47:10.952+0000] {dag.py:3441} INFO - Setting next_dagrun for example_branch_python_operator_decorator to 2024-06-04T00:00:00+00:00, run_after=2024-06-05T00:00:00+00:00
[2024-06-04T23:47:10.977+0000] {processor.py:175} INFO - Processing /home/airflow/.local/lib/python3.7/site-packages/airflow/example_dags/example_branch_operator_decorator.py took 0.125 seconds
[2024-06-04T23:47:41.415+0000] {processor.py:153} INFO - Started process (PID=3962) to work on /home/airflow/.local/lib/python3.7/site-packages/airflow/example_dags/example_branch_operator_decorator.py
[2024-06-04T23:47:41.416+0000] {processor.py:743} INFO - Processing file /home/airflow/.local/lib/python3.7/site-packages/airflow/example_dags/example_branch_operator_decorator.py for tasks to queue
[2024-06-04T23:47:41.417+0000] {logging_mixin.py:137} INFO - [2024-06-04T23:47:41.416+0000] {dagbag.py:538} INFO - Filling up the DagBag from /home/airflow/.local/lib/python3.7/site-packages/airflow/example_dags/example_branch_operator_decorator.py
[2024-06-04T23:47:41.451+0000] {processor.py:753} INFO - DAG(s) dict_keys(['example_branch_python_operator_decorator']) retrieved from /home/airflow/.local/lib/python3.7/site-packages/airflow/example_dags/example_branch_operator_decorator.py
[2024-06-04T23:47:41.490+0000] {logging_mixin.py:137} INFO - [2024-06-04T23:47:41.490+0000] {dag.py:2690} INFO - Sync 1 DAGs
[2024-06-04T23:47:41.523+0000] {logging_mixin.py:137} INFO - [2024-06-04T23:47:41.522+0000] {dag.py:3441} INFO - Setting next_dagrun for example_branch_python_operator_decorator to 2024-06-04T00:00:00+00:00, run_after=2024-06-05T00:00:00+00:00
[2024-06-04T23:47:41.544+0000] {processor.py:175} INFO - Processing /home/airflow/.local/lib/python3.7/site-packages/airflow/example_dags/example_branch_operator_decorator.py took 0.133 seconds
[2024-06-04T23:48:11.663+0000] {processor.py:153} INFO - Started process (PID=4322) to work on /home/airflow/.local/lib/python3.7/site-packages/airflow/example_dags/example_branch_operator_decorator.py
[2024-06-04T23:48:11.664+0000] {processor.py:743} INFO - Processing file /home/airflow/.local/lib/python3.7/site-packages/airflow/example_dags/example_branch_operator_decorator.py for tasks to queue
[2024-06-04T23:48:11.665+0000] {logging_mixin.py:137} INFO - [2024-06-04T23:48:11.665+0000] {dagbag.py:538} INFO - Filling up the DagBag from /home/airflow/.local/lib/python3.7/site-packages/airflow/example_dags/example_branch_operator_decorator.py
[2024-06-04T23:48:11.697+0000] {processor.py:753} INFO - DAG(s) dict_keys(['example_branch_python_operator_decorator']) retrieved from /home/airflow/.local/lib/python3.7/site-packages/airflow/example_dags/example_branch_operator_decorator.py
[2024-06-04T23:48:11.726+0000] {logging_mixin.py:137} INFO - [2024-06-04T23:48:11.726+0000] {dag.py:2690} INFO - Sync 1 DAGs
[2024-06-04T23:48:11.758+0000] {logging_mixin.py:137} INFO - [2024-06-04T23:48:11.758+0000] {dag.py:3441} INFO - Setting next_dagrun for example_branch_python_operator_decorator to 2024-06-04T00:00:00+00:00, run_after=2024-06-05T00:00:00+00:00
[2024-06-04T23:48:11.778+0000] {processor.py:175} INFO - Processing /home/airflow/.local/lib/python3.7/site-packages/airflow/example_dags/example_branch_operator_decorator.py took 0.120 seconds
[2024-06-04T23:48:42.045+0000] {processor.py:153} INFO - Started process (PID=4680) to work on /home/airflow/.local/lib/python3.7/site-packages/airflow/example_dags/example_branch_operator_decorator.py
[2024-06-04T23:48:42.046+0000] {processor.py:743} INFO - Processing file /home/airflow/.local/lib/python3.7/site-packages/airflow/example_dags/example_branch_operator_decorator.py for tasks to queue
[2024-06-04T23:48:42.047+0000] {logging_mixin.py:137} INFO - [2024-06-04T23:48:42.047+0000] {dagbag.py:538} INFO - Filling up the DagBag from /home/airflow/.local/lib/python3.7/site-packages/airflow/example_dags/example_branch_operator_decorator.py
[2024-06-04T23:48:42.081+0000] {processor.py:753} INFO - DAG(s) dict_keys(['example_branch_python_operator_decorator']) retrieved from /home/airflow/.local/lib/python3.7/site-packages/airflow/example_dags/example_branch_operator_decorator.py
[2024-06-04T23:48:42.119+0000] {logging_mixin.py:137} INFO - [2024-06-04T23:48:42.119+0000] {dag.py:2690} INFO - Sync 1 DAGs
[2024-06-04T23:48:42.156+0000] {logging_mixin.py:137} INFO - [2024-06-04T23:48:42.156+0000] {dag.py:3441} INFO - Setting next_dagrun for example_branch_python_operator_decorator to 2024-06-04T00:00:00+00:00, run_after=2024-06-05T00:00:00+00:00
[2024-06-04T23:48:42.181+0000] {processor.py:175} INFO - Processing /home/airflow/.local/lib/python3.7/site-packages/airflow/example_dags/example_branch_operator_decorator.py took 0.140 seconds
[2024-06-04T23:49:12.264+0000] {processor.py:153} INFO - Started process (PID=5070) to work on /home/airflow/.local/lib/python3.7/site-packages/airflow/example_dags/example_branch_operator_decorator.py
[2024-06-04T23:49:12.265+0000] {processor.py:743} INFO - Processing file /home/airflow/.local/lib/python3.7/site-packages/airflow/example_dags/example_branch_operator_decorator.py for tasks to queue
[2024-06-04T23:49:12.265+0000] {logging_mixin.py:137} INFO - [2024-06-04T23:49:12.265+0000] {dagbag.py:538} INFO - Filling up the DagBag from /home/airflow/.local/lib/python3.7/site-packages/airflow/example_dags/example_branch_operator_decorator.py
[2024-06-04T23:49:12.285+0000] {processor.py:753} INFO - DAG(s) dict_keys(['example_branch_python_operator_decorator']) retrieved from /home/airflow/.local/lib/python3.7/site-packages/airflow/example_dags/example_branch_operator_decorator.py
[2024-06-04T23:49:12.305+0000] {logging_mixin.py:137} INFO - [2024-06-04T23:49:12.305+0000] {dag.py:2690} INFO - Sync 1 DAGs
[2024-06-04T23:49:12.325+0000] {logging_mixin.py:137} INFO - [2024-06-04T23:49:12.325+0000] {dag.py:3441} INFO - Setting next_dagrun for example_branch_python_operator_decorator to 2024-06-04T00:00:00+00:00, run_after=2024-06-05T00:00:00+00:00
[2024-06-04T23:49:12.339+0000] {processor.py:175} INFO - Processing /home/airflow/.local/lib/python3.7/site-packages/airflow/example_dags/example_branch_operator_decorator.py took 0.077 seconds
[2024-06-04T23:49:42.484+0000] {processor.py:153} INFO - Started process (PID=5430) to work on /home/airflow/.local/lib/python3.7/site-packages/airflow/example_dags/example_branch_operator_decorator.py
[2024-06-04T23:49:42.485+0000] {processor.py:743} INFO - Processing file /home/airflow/.local/lib/python3.7/site-packages/airflow/example_dags/example_branch_operator_decorator.py for tasks to queue
[2024-06-04T23:49:42.485+0000] {logging_mixin.py:137} INFO - [2024-06-04T23:49:42.485+0000] {dagbag.py:538} INFO - Filling up the DagBag from /home/airflow/.local/lib/python3.7/site-packages/airflow/example_dags/example_branch_operator_decorator.py
[2024-06-04T23:49:42.503+0000] {processor.py:753} INFO - DAG(s) dict_keys(['example_branch_python_operator_decorator']) retrieved from /home/airflow/.local/lib/python3.7/site-packages/airflow/example_dags/example_branch_operator_decorator.py
[2024-06-04T23:49:42.522+0000] {logging_mixin.py:137} INFO - [2024-06-04T23:49:42.522+0000] {dag.py:2690} INFO - Sync 1 DAGs
[2024-06-04T23:49:42.541+0000] {logging_mixin.py:137} INFO - [2024-06-04T23:49:42.541+0000] {dag.py:3441} INFO - Setting next_dagrun for example_branch_python_operator_decorator to 2024-06-04T00:00:00+00:00, run_after=2024-06-05T00:00:00+00:00
[2024-06-04T23:49:42.554+0000] {processor.py:175} INFO - Processing /home/airflow/.local/lib/python3.7/site-packages/airflow/example_dags/example_branch_operator_decorator.py took 0.072 seconds
[2024-06-04T23:50:13.614+0000] {processor.py:153} INFO - Started process (PID=5802) to work on /home/airflow/.local/lib/python3.7/site-packages/airflow/example_dags/example_branch_operator_decorator.py
[2024-06-04T23:50:13.615+0000] {processor.py:743} INFO - Processing file /home/airflow/.local/lib/python3.7/site-packages/airflow/example_dags/example_branch_operator_decorator.py for tasks to queue
[2024-06-04T23:50:13.616+0000] {logging_mixin.py:137} INFO - [2024-06-04T23:50:13.616+0000] {dagbag.py:538} INFO - Filling up the DagBag from /home/airflow/.local/lib/python3.7/site-packages/airflow/example_dags/example_branch_operator_decorator.py
[2024-06-04T23:50:13.650+0000] {processor.py:753} INFO - DAG(s) dict_keys(['example_branch_python_operator_decorator']) retrieved from /home/airflow/.local/lib/python3.7/site-packages/airflow/example_dags/example_branch_operator_decorator.py
[2024-06-04T23:50:13.685+0000] {logging_mixin.py:137} INFO - [2024-06-04T23:50:13.684+0000] {dag.py:2690} INFO - Sync 1 DAGs
[2024-06-04T23:50:13.725+0000] {logging_mixin.py:137} INFO - [2024-06-04T23:50:13.725+0000] {dag.py:3441} INFO - Setting next_dagrun for example_branch_python_operator_decorator to 2024-06-04T00:00:00+00:00, run_after=2024-06-05T00:00:00+00:00
[2024-06-04T23:50:13.752+0000] {processor.py:175} INFO - Processing /home/airflow/.local/lib/python3.7/site-packages/airflow/example_dags/example_branch_operator_decorator.py took 0.142 seconds
[2024-06-04T23:50:43.792+0000] {processor.py:153} INFO - Started process (PID=6180) to work on /home/airflow/.local/lib/python3.7/site-packages/airflow/example_dags/example_branch_operator_decorator.py
[2024-06-04T23:50:43.793+0000] {processor.py:743} INFO - Processing file /home/airflow/.local/lib/python3.7/site-packages/airflow/example_dags/example_branch_operator_decorator.py for tasks to queue
[2024-06-04T23:50:43.793+0000] {logging_mixin.py:137} INFO - [2024-06-04T23:50:43.793+0000] {dagbag.py:538} INFO - Filling up the DagBag from /home/airflow/.local/lib/python3.7/site-packages/airflow/example_dags/example_branch_operator_decorator.py
[2024-06-04T23:50:43.815+0000] {processor.py:753} INFO - DAG(s) dict_keys(['example_branch_python_operator_decorator']) retrieved from /home/airflow/.local/lib/python3.7/site-packages/airflow/example_dags/example_branch_operator_decorator.py
[2024-06-04T23:50:43.840+0000] {logging_mixin.py:137} INFO - [2024-06-04T23:50:43.840+0000] {dag.py:2690} INFO - Sync 1 DAGs
[2024-06-04T23:50:43.868+0000] {logging_mixin.py:137} INFO - [2024-06-04T23:50:43.867+0000] {dag.py:3441} INFO - Setting next_dagrun for example_branch_python_operator_decorator to 2024-06-04T00:00:00+00:00, run_after=2024-06-05T00:00:00+00:00
[2024-06-04T23:50:43.887+0000] {processor.py:175} INFO - Processing /home/airflow/.local/lib/python3.7/site-packages/airflow/example_dags/example_branch_operator_decorator.py took 0.098 seconds
[2024-06-04T23:51:14.058+0000] {processor.py:153} INFO - Started process (PID=6517) to work on /home/airflow/.local/lib/python3.7/site-packages/airflow/example_dags/example_branch_operator_decorator.py
[2024-06-04T23:51:14.059+0000] {processor.py:743} INFO - Processing file /home/airflow/.local/lib/python3.7/site-packages/airflow/example_dags/example_branch_operator_decorator.py for tasks to queue
[2024-06-04T23:51:14.059+0000] {logging_mixin.py:137} INFO - [2024-06-04T23:51:14.059+0000] {dagbag.py:538} INFO - Filling up the DagBag from /home/airflow/.local/lib/python3.7/site-packages/airflow/example_dags/example_branch_operator_decorator.py
[2024-06-04T23:51:14.078+0000] {processor.py:753} INFO - DAG(s) dict_keys(['example_branch_python_operator_decorator']) retrieved from /home/airflow/.local/lib/python3.7/site-packages/airflow/example_dags/example_branch_operator_decorator.py
[2024-06-04T23:51:14.100+0000] {logging_mixin.py:137} INFO - [2024-06-04T23:51:14.100+0000] {dag.py:2690} INFO - Sync 1 DAGs
[2024-06-04T23:51:14.121+0000] {logging_mixin.py:137} INFO - [2024-06-04T23:51:14.121+0000] {dag.py:3441} INFO - Setting next_dagrun for example_branch_python_operator_decorator to 2024-06-04T00:00:00+00:00, run_after=2024-06-05T00:00:00+00:00
[2024-06-04T23:51:14.136+0000] {processor.py:175} INFO - Processing /home/airflow/.local/lib/python3.7/site-packages/airflow/example_dags/example_branch_operator_decorator.py took 0.080 seconds
[2024-06-04T23:51:44.329+0000] {processor.py:153} INFO - Started process (PID=6862) to work on /home/airflow/.local/lib/python3.7/site-packages/airflow/example_dags/example_branch_operator_decorator.py
[2024-06-04T23:51:44.330+0000] {processor.py:743} INFO - Processing file /home/airflow/.local/lib/python3.7/site-packages/airflow/example_dags/example_branch_operator_decorator.py for tasks to queue
[2024-06-04T23:51:44.330+0000] {logging_mixin.py:137} INFO - [2024-06-04T23:51:44.330+0000] {dagbag.py:538} INFO - Filling up the DagBag from /home/airflow/.local/lib/python3.7/site-packages/airflow/example_dags/example_branch_operator_decorator.py
[2024-06-04T23:51:44.346+0000] {processor.py:753} INFO - DAG(s) dict_keys(['example_branch_python_operator_decorator']) retrieved from /home/airflow/.local/lib/python3.7/site-packages/airflow/example_dags/example_branch_operator_decorator.py
[2024-06-04T23:51:44.365+0000] {logging_mixin.py:137} INFO - [2024-06-04T23:51:44.365+0000] {dag.py:2690} INFO - Sync 1 DAGs
[2024-06-04T23:51:44.384+0000] {logging_mixin.py:137} INFO - [2024-06-04T23:51:44.383+0000] {dag.py:3441} INFO - Setting next_dagrun for example_branch_python_operator_decorator to 2024-06-04T00:00:00+00:00, run_after=2024-06-05T00:00:00+00:00
[2024-06-04T23:51:44.395+0000] {processor.py:175} INFO - Processing /home/airflow/.local/lib/python3.7/site-packages/airflow/example_dags/example_branch_operator_decorator.py took 0.068 seconds
[2024-06-04T23:52:14.732+0000] {processor.py:153} INFO - Started process (PID=7194) to work on /home/airflow/.local/lib/python3.7/site-packages/airflow/example_dags/example_branch_operator_decorator.py
[2024-06-04T23:52:14.733+0000] {processor.py:743} INFO - Processing file /home/airflow/.local/lib/python3.7/site-packages/airflow/example_dags/example_branch_operator_decorator.py for tasks to queue
[2024-06-04T23:52:14.733+0000] {logging_mixin.py:137} INFO - [2024-06-04T23:52:14.733+0000] {dagbag.py:538} INFO - Filling up the DagBag from /home/airflow/.local/lib/python3.7/site-packages/airflow/example_dags/example_branch_operator_decorator.py
[2024-06-04T23:52:14.752+0000] {processor.py:753} INFO - DAG(s) dict_keys(['example_branch_python_operator_decorator']) retrieved from /home/airflow/.local/lib/python3.7/site-packages/airflow/example_dags/example_branch_operator_decorator.py
[2024-06-04T23:52:14.775+0000] {logging_mixin.py:137} INFO - [2024-06-04T23:52:14.775+0000] {dag.py:2690} INFO - Sync 1 DAGs
[2024-06-04T23:52:14.795+0000] {logging_mixin.py:137} INFO - [2024-06-04T23:52:14.795+0000] {dag.py:3441} INFO - Setting next_dagrun for example_branch_python_operator_decorator to 2024-06-04T00:00:00+00:00, run_after=2024-06-05T00:00:00+00:00
[2024-06-04T23:52:14.810+0000] {processor.py:175} INFO - Processing /home/airflow/.local/lib/python3.7/site-packages/airflow/example_dags/example_branch_operator_decorator.py took 0.080 seconds
[2024-06-04T23:52:44.849+0000] {processor.py:153} INFO - Started process (PID=7540) to work on /home/airflow/.local/lib/python3.7/site-packages/airflow/example_dags/example_branch_operator_decorator.py
[2024-06-04T23:52:44.849+0000] {processor.py:743} INFO - Processing file /home/airflow/.local/lib/python3.7/site-packages/airflow/example_dags/example_branch_operator_decorator.py for tasks to queue
[2024-06-04T23:52:44.851+0000] {logging_mixin.py:137} INFO - [2024-06-04T23:52:44.850+0000] {dagbag.py:538} INFO - Filling up the DagBag from /home/airflow/.local/lib/python3.7/site-packages/airflow/example_dags/example_branch_operator_decorator.py
[2024-06-04T23:52:44.871+0000] {processor.py:753} INFO - DAG(s) dict_keys(['example_branch_python_operator_decorator']) retrieved from /home/airflow/.local/lib/python3.7/site-packages/airflow/example_dags/example_branch_operator_decorator.py
[2024-06-04T23:52:44.892+0000] {logging_mixin.py:137} INFO - [2024-06-04T23:52:44.892+0000] {dag.py:2690} INFO - Sync 1 DAGs
[2024-06-04T23:52:44.915+0000] {logging_mixin.py:137} INFO - [2024-06-04T23:52:44.915+0000] {dag.py:3441} INFO - Setting next_dagrun for example_branch_python_operator_decorator to 2024-06-04T00:00:00+00:00, run_after=2024-06-05T00:00:00+00:00
[2024-06-04T23:52:44.933+0000] {processor.py:175} INFO - Processing /home/airflow/.local/lib/python3.7/site-packages/airflow/example_dags/example_branch_operator_decorator.py took 0.087 seconds
[2024-06-04T23:53:15.581+0000] {processor.py:153} INFO - Started process (PID=7902) to work on /home/airflow/.local/lib/python3.7/site-packages/airflow/example_dags/example_branch_operator_decorator.py
[2024-06-04T23:53:15.582+0000] {processor.py:743} INFO - Processing file /home/airflow/.local/lib/python3.7/site-packages/airflow/example_dags/example_branch_operator_decorator.py for tasks to queue
[2024-06-04T23:53:15.582+0000] {logging_mixin.py:137} INFO - [2024-06-04T23:53:15.582+0000] {dagbag.py:538} INFO - Filling up the DagBag from /home/airflow/.local/lib/python3.7/site-packages/airflow/example_dags/example_branch_operator_decorator.py
[2024-06-04T23:53:15.602+0000] {processor.py:753} INFO - DAG(s) dict_keys(['example_branch_python_operator_decorator']) retrieved from /home/airflow/.local/lib/python3.7/site-packages/airflow/example_dags/example_branch_operator_decorator.py
[2024-06-04T23:53:15.624+0000] {logging_mixin.py:137} INFO - [2024-06-04T23:53:15.623+0000] {dag.py:2690} INFO - Sync 1 DAGs
[2024-06-04T23:53:15.645+0000] {logging_mixin.py:137} INFO - [2024-06-04T23:53:15.645+0000] {dag.py:3441} INFO - Setting next_dagrun for example_branch_python_operator_decorator to 2024-06-04T00:00:00+00:00, run_after=2024-06-05T00:00:00+00:00
[2024-06-04T23:53:15.661+0000] {processor.py:175} INFO - Processing /home/airflow/.local/lib/python3.7/site-packages/airflow/example_dags/example_branch_operator_decorator.py took 0.083 seconds
[2024-06-04T23:53:45.685+0000] {processor.py:153} INFO - Started process (PID=8229) to work on /home/airflow/.local/lib/python3.7/site-packages/airflow/example_dags/example_branch_operator_decorator.py
[2024-06-04T23:53:45.685+0000] {processor.py:743} INFO - Processing file /home/airflow/.local/lib/python3.7/site-packages/airflow/example_dags/example_branch_operator_decorator.py for tasks to queue
[2024-06-04T23:53:45.686+0000] {logging_mixin.py:137} INFO - [2024-06-04T23:53:45.685+0000] {dagbag.py:538} INFO - Filling up the DagBag from /home/airflow/.local/lib/python3.7/site-packages/airflow/example_dags/example_branch_operator_decorator.py
[2024-06-04T23:53:45.703+0000] {processor.py:753} INFO - DAG(s) dict_keys(['example_branch_python_operator_decorator']) retrieved from /home/airflow/.local/lib/python3.7/site-packages/airflow/example_dags/example_branch_operator_decorator.py
[2024-06-04T23:53:45.722+0000] {logging_mixin.py:137} INFO - [2024-06-04T23:53:45.722+0000] {dag.py:2690} INFO - Sync 1 DAGs
[2024-06-04T23:53:45.741+0000] {logging_mixin.py:137} INFO - [2024-06-04T23:53:45.741+0000] {dag.py:3441} INFO - Setting next_dagrun for example_branch_python_operator_decorator to 2024-06-04T00:00:00+00:00, run_after=2024-06-05T00:00:00+00:00
[2024-06-04T23:53:45.753+0000] {processor.py:175} INFO - Processing /home/airflow/.local/lib/python3.7/site-packages/airflow/example_dags/example_branch_operator_decorator.py took 0.071 seconds
[2024-06-04T23:54:16.321+0000] {processor.py:153} INFO - Started process (PID=8546) to work on /home/airflow/.local/lib/python3.7/site-packages/airflow/example_dags/example_branch_operator_decorator.py
[2024-06-04T23:54:16.322+0000] {processor.py:743} INFO - Processing file /home/airflow/.local/lib/python3.7/site-packages/airflow/example_dags/example_branch_operator_decorator.py for tasks to queue
[2024-06-04T23:54:16.323+0000] {logging_mixin.py:137} INFO - [2024-06-04T23:54:16.323+0000] {dagbag.py:538} INFO - Filling up the DagBag from /home/airflow/.local/lib/python3.7/site-packages/airflow/example_dags/example_branch_operator_decorator.py
[2024-06-04T23:54:16.345+0000] {processor.py:753} INFO - DAG(s) dict_keys(['example_branch_python_operator_decorator']) retrieved from /home/airflow/.local/lib/python3.7/site-packages/airflow/example_dags/example_branch_operator_decorator.py
[2024-06-04T23:54:16.367+0000] {logging_mixin.py:137} INFO - [2024-06-04T23:54:16.366+0000] {dag.py:2690} INFO - Sync 1 DAGs
[2024-06-04T23:54:16.394+0000] {logging_mixin.py:137} INFO - [2024-06-04T23:54:16.394+0000] {dag.py:3441} INFO - Setting next_dagrun for example_branch_python_operator_decorator to 2024-06-04T00:00:00+00:00, run_after=2024-06-05T00:00:00+00:00
[2024-06-04T23:54:16.425+0000] {processor.py:175} INFO - Processing /home/airflow/.local/lib/python3.7/site-packages/airflow/example_dags/example_branch_operator_decorator.py took 0.106 seconds
[2024-06-04T23:54:46.478+0000] {processor.py:153} INFO - Started process (PID=8681) to work on /home/airflow/.local/lib/python3.7/site-packages/airflow/example_dags/example_branch_operator_decorator.py
[2024-06-04T23:54:46.478+0000] {processor.py:743} INFO - Processing file /home/airflow/.local/lib/python3.7/site-packages/airflow/example_dags/example_branch_operator_decorator.py for tasks to queue
[2024-06-04T23:54:46.479+0000] {logging_mixin.py:137} INFO - [2024-06-04T23:54:46.479+0000] {dagbag.py:538} INFO - Filling up the DagBag from /home/airflow/.local/lib/python3.7/site-packages/airflow/example_dags/example_branch_operator_decorator.py
[2024-06-04T23:54:46.496+0000] {processor.py:753} INFO - DAG(s) dict_keys(['example_branch_python_operator_decorator']) retrieved from /home/airflow/.local/lib/python3.7/site-packages/airflow/example_dags/example_branch_operator_decorator.py
[2024-06-04T23:54:46.516+0000] {logging_mixin.py:137} INFO - [2024-06-04T23:54:46.516+0000] {dag.py:2690} INFO - Sync 1 DAGs
[2024-06-04T23:54:46.535+0000] {logging_mixin.py:137} INFO - [2024-06-04T23:54:46.535+0000] {dag.py:3441} INFO - Setting next_dagrun for example_branch_python_operator_decorator to 2024-06-04T00:00:00+00:00, run_after=2024-06-05T00:00:00+00:00
[2024-06-04T23:54:46.549+0000] {processor.py:175} INFO - Processing /home/airflow/.local/lib/python3.7/site-packages/airflow/example_dags/example_branch_operator_decorator.py took 0.074 seconds
[2024-06-04T23:55:16.697+0000] {processor.py:153} INFO - Started process (PID=8797) to work on /home/airflow/.local/lib/python3.7/site-packages/airflow/example_dags/example_branch_operator_decorator.py
[2024-06-04T23:55:16.698+0000] {processor.py:743} INFO - Processing file /home/airflow/.local/lib/python3.7/site-packages/airflow/example_dags/example_branch_operator_decorator.py for tasks to queue
[2024-06-04T23:55:16.698+0000] {logging_mixin.py:137} INFO - [2024-06-04T23:55:16.698+0000] {dagbag.py:538} INFO - Filling up the DagBag from /home/airflow/.local/lib/python3.7/site-packages/airflow/example_dags/example_branch_operator_decorator.py
[2024-06-04T23:55:16.717+0000] {processor.py:753} INFO - DAG(s) dict_keys(['example_branch_python_operator_decorator']) retrieved from /home/airflow/.local/lib/python3.7/site-packages/airflow/example_dags/example_branch_operator_decorator.py
[2024-06-04T23:55:16.738+0000] {logging_mixin.py:137} INFO - [2024-06-04T23:55:16.738+0000] {dag.py:2690} INFO - Sync 1 DAGs
[2024-06-04T23:55:16.760+0000] {logging_mixin.py:137} INFO - [2024-06-04T23:55:16.759+0000] {dag.py:3441} INFO - Setting next_dagrun for example_branch_python_operator_decorator to 2024-06-04T00:00:00+00:00, run_after=2024-06-05T00:00:00+00:00
[2024-06-04T23:55:16.774+0000] {processor.py:175} INFO - Processing /home/airflow/.local/lib/python3.7/site-packages/airflow/example_dags/example_branch_operator_decorator.py took 0.079 seconds
[2024-06-04T23:55:47.537+0000] {processor.py:153} INFO - Started process (PID=8884) to work on /home/airflow/.local/lib/python3.7/site-packages/airflow/example_dags/example_branch_operator_decorator.py
[2024-06-04T23:55:47.538+0000] {processor.py:743} INFO - Processing file /home/airflow/.local/lib/python3.7/site-packages/airflow/example_dags/example_branch_operator_decorator.py for tasks to queue
[2024-06-04T23:55:47.538+0000] {logging_mixin.py:137} INFO - [2024-06-04T23:55:47.538+0000] {dagbag.py:538} INFO - Filling up the DagBag from /home/airflow/.local/lib/python3.7/site-packages/airflow/example_dags/example_branch_operator_decorator.py
[2024-06-04T23:55:47.556+0000] {processor.py:753} INFO - DAG(s) dict_keys(['example_branch_python_operator_decorator']) retrieved from /home/airflow/.local/lib/python3.7/site-packages/airflow/example_dags/example_branch_operator_decorator.py
[2024-06-04T23:55:47.575+0000] {logging_mixin.py:137} INFO - [2024-06-04T23:55:47.574+0000] {dag.py:2690} INFO - Sync 1 DAGs
[2024-06-04T23:55:47.593+0000] {logging_mixin.py:137} INFO - [2024-06-04T23:55:47.593+0000] {dag.py:3441} INFO - Setting next_dagrun for example_branch_python_operator_decorator to 2024-06-04T00:00:00+00:00, run_after=2024-06-05T00:00:00+00:00
[2024-06-04T23:55:47.606+0000] {processor.py:175} INFO - Processing /home/airflow/.local/lib/python3.7/site-packages/airflow/example_dags/example_branch_operator_decorator.py took 0.071 seconds
[2024-06-04T23:56:18.523+0000] {processor.py:153} INFO - Started process (PID=9003) to work on /home/airflow/.local/lib/python3.7/site-packages/airflow/example_dags/example_branch_operator_decorator.py
[2024-06-04T23:56:18.524+0000] {processor.py:743} INFO - Processing file /home/airflow/.local/lib/python3.7/site-packages/airflow/example_dags/example_branch_operator_decorator.py for tasks to queue
[2024-06-04T23:56:18.524+0000] {logging_mixin.py:137} INFO - [2024-06-04T23:56:18.524+0000] {dagbag.py:538} INFO - Filling up the DagBag from /home/airflow/.local/lib/python3.7/site-packages/airflow/example_dags/example_branch_operator_decorator.py
[2024-06-04T23:56:18.542+0000] {processor.py:753} INFO - DAG(s) dict_keys(['example_branch_python_operator_decorator']) retrieved from /home/airflow/.local/lib/python3.7/site-packages/airflow/example_dags/example_branch_operator_decorator.py
[2024-06-04T23:56:18.560+0000] {logging_mixin.py:137} INFO - [2024-06-04T23:56:18.560+0000] {dag.py:2690} INFO - Sync 1 DAGs
[2024-06-04T23:56:18.579+0000] {logging_mixin.py:137} INFO - [2024-06-04T23:56:18.579+0000] {dag.py:3441} INFO - Setting next_dagrun for example_branch_python_operator_decorator to 2024-06-04T00:00:00+00:00, run_after=2024-06-05T00:00:00+00:00
[2024-06-04T23:56:18.591+0000] {processor.py:175} INFO - Processing /home/airflow/.local/lib/python3.7/site-packages/airflow/example_dags/example_branch_operator_decorator.py took 0.071 seconds
[2024-06-04T23:56:48.714+0000] {processor.py:153} INFO - Started process (PID=9108) to work on /home/airflow/.local/lib/python3.7/site-packages/airflow/example_dags/example_branch_operator_decorator.py
[2024-06-04T23:56:48.714+0000] {processor.py:743} INFO - Processing file /home/airflow/.local/lib/python3.7/site-packages/airflow/example_dags/example_branch_operator_decorator.py for tasks to queue
[2024-06-04T23:56:48.715+0000] {logging_mixin.py:137} INFO - [2024-06-04T23:56:48.715+0000] {dagbag.py:538} INFO - Filling up the DagBag from /home/airflow/.local/lib/python3.7/site-packages/airflow/example_dags/example_branch_operator_decorator.py
[2024-06-04T23:56:48.732+0000] {processor.py:753} INFO - DAG(s) dict_keys(['example_branch_python_operator_decorator']) retrieved from /home/airflow/.local/lib/python3.7/site-packages/airflow/example_dags/example_branch_operator_decorator.py
[2024-06-04T23:56:48.751+0000] {logging_mixin.py:137} INFO - [2024-06-04T23:56:48.751+0000] {dag.py:2690} INFO - Sync 1 DAGs
[2024-06-04T23:56:48.769+0000] {logging_mixin.py:137} INFO - [2024-06-04T23:56:48.768+0000] {dag.py:3441} INFO - Setting next_dagrun for example_branch_python_operator_decorator to 2024-06-04T00:00:00+00:00, run_after=2024-06-05T00:00:00+00:00
[2024-06-04T23:56:48.781+0000] {processor.py:175} INFO - Processing /home/airflow/.local/lib/python3.7/site-packages/airflow/example_dags/example_branch_operator_decorator.py took 0.070 seconds
[2024-06-04T23:57:18.836+0000] {processor.py:153} INFO - Started process (PID=9228) to work on /home/airflow/.local/lib/python3.7/site-packages/airflow/example_dags/example_branch_operator_decorator.py
[2024-06-04T23:57:18.836+0000] {processor.py:743} INFO - Processing file /home/airflow/.local/lib/python3.7/site-packages/airflow/example_dags/example_branch_operator_decorator.py for tasks to queue
[2024-06-04T23:57:18.837+0000] {logging_mixin.py:137} INFO - [2024-06-04T23:57:18.837+0000] {dagbag.py:538} INFO - Filling up the DagBag from /home/airflow/.local/lib/python3.7/site-packages/airflow/example_dags/example_branch_operator_decorator.py
[2024-06-04T23:57:18.854+0000] {processor.py:753} INFO - DAG(s) dict_keys(['example_branch_python_operator_decorator']) retrieved from /home/airflow/.local/lib/python3.7/site-packages/airflow/example_dags/example_branch_operator_decorator.py
[2024-06-04T23:57:18.872+0000] {logging_mixin.py:137} INFO - [2024-06-04T23:57:18.872+0000] {dag.py:2690} INFO - Sync 1 DAGs
[2024-06-04T23:57:18.890+0000] {logging_mixin.py:137} INFO - [2024-06-04T23:57:18.890+0000] {dag.py:3441} INFO - Setting next_dagrun for example_branch_python_operator_decorator to 2024-06-04T00:00:00+00:00, run_after=2024-06-05T00:00:00+00:00
[2024-06-04T23:57:18.902+0000] {processor.py:175} INFO - Processing /home/airflow/.local/lib/python3.7/site-packages/airflow/example_dags/example_branch_operator_decorator.py took 0.068 seconds
[2024-06-04T23:57:48.957+0000] {processor.py:153} INFO - Started process (PID=9324) to work on /home/airflow/.local/lib/python3.7/site-packages/airflow/example_dags/example_branch_operator_decorator.py
[2024-06-04T23:57:48.958+0000] {processor.py:743} INFO - Processing file /home/airflow/.local/lib/python3.7/site-packages/airflow/example_dags/example_branch_operator_decorator.py for tasks to queue
[2024-06-04T23:57:48.958+0000] {logging_mixin.py:137} INFO - [2024-06-04T23:57:48.958+0000] {dagbag.py:538} INFO - Filling up the DagBag from /home/airflow/.local/lib/python3.7/site-packages/airflow/example_dags/example_branch_operator_decorator.py
[2024-06-04T23:57:48.977+0000] {processor.py:753} INFO - DAG(s) dict_keys(['example_branch_python_operator_decorator']) retrieved from /home/airflow/.local/lib/python3.7/site-packages/airflow/example_dags/example_branch_operator_decorator.py
[2024-06-04T23:57:48.996+0000] {logging_mixin.py:137} INFO - [2024-06-04T23:57:48.996+0000] {dag.py:2690} INFO - Sync 1 DAGs
[2024-06-04T23:57:49.017+0000] {logging_mixin.py:137} INFO - [2024-06-04T23:57:49.017+0000] {dag.py:3441} INFO - Setting next_dagrun for example_branch_python_operator_decorator to 2024-06-04T00:00:00+00:00, run_after=2024-06-05T00:00:00+00:00
[2024-06-04T23:57:49.031+0000] {processor.py:175} INFO - Processing /home/airflow/.local/lib/python3.7/site-packages/airflow/example_dags/example_branch_operator_decorator.py took 0.076 seconds
[2024-06-04T23:58:19.178+0000] {processor.py:153} INFO - Started process (PID=9435) to work on /home/airflow/.local/lib/python3.7/site-packages/airflow/example_dags/example_branch_operator_decorator.py
[2024-06-04T23:58:19.178+0000] {processor.py:743} INFO - Processing file /home/airflow/.local/lib/python3.7/site-packages/airflow/example_dags/example_branch_operator_decorator.py for tasks to queue
[2024-06-04T23:58:19.179+0000] {logging_mixin.py:137} INFO - [2024-06-04T23:58:19.179+0000] {dagbag.py:538} INFO - Filling up the DagBag from /home/airflow/.local/lib/python3.7/site-packages/airflow/example_dags/example_branch_operator_decorator.py
[2024-06-04T23:58:19.196+0000] {processor.py:753} INFO - DAG(s) dict_keys(['example_branch_python_operator_decorator']) retrieved from /home/airflow/.local/lib/python3.7/site-packages/airflow/example_dags/example_branch_operator_decorator.py
[2024-06-04T23:58:19.215+0000] {logging_mixin.py:137} INFO - [2024-06-04T23:58:19.215+0000] {dag.py:2690} INFO - Sync 1 DAGs
[2024-06-04T23:58:19.233+0000] {logging_mixin.py:137} INFO - [2024-06-04T23:58:19.233+0000] {dag.py:3441} INFO - Setting next_dagrun for example_branch_python_operator_decorator to 2024-06-04T00:00:00+00:00, run_after=2024-06-05T00:00:00+00:00
[2024-06-04T23:58:19.245+0000] {processor.py:175} INFO - Processing /home/airflow/.local/lib/python3.7/site-packages/airflow/example_dags/example_branch_operator_decorator.py took 0.069 seconds
[2024-06-04T23:58:49.564+0000] {processor.py:153} INFO - Started process (PID=9546) to work on /home/airflow/.local/lib/python3.7/site-packages/airflow/example_dags/example_branch_operator_decorator.py
[2024-06-04T23:58:49.565+0000] {processor.py:743} INFO - Processing file /home/airflow/.local/lib/python3.7/site-packages/airflow/example_dags/example_branch_operator_decorator.py for tasks to queue
[2024-06-04T23:58:49.565+0000] {logging_mixin.py:137} INFO - [2024-06-04T23:58:49.565+0000] {dagbag.py:538} INFO - Filling up the DagBag from /home/airflow/.local/lib/python3.7/site-packages/airflow/example_dags/example_branch_operator_decorator.py
[2024-06-04T23:58:49.585+0000] {processor.py:753} INFO - DAG(s) dict_keys(['example_branch_python_operator_decorator']) retrieved from /home/airflow/.local/lib/python3.7/site-packages/airflow/example_dags/example_branch_operator_decorator.py
[2024-06-04T23:58:49.606+0000] {logging_mixin.py:137} INFO - [2024-06-04T23:58:49.606+0000] {dag.py:2690} INFO - Sync 1 DAGs
[2024-06-04T23:58:49.625+0000] {logging_mixin.py:137} INFO - [2024-06-04T23:58:49.624+0000] {dag.py:3441} INFO - Setting next_dagrun for example_branch_python_operator_decorator to 2024-06-04T00:00:00+00:00, run_after=2024-06-05T00:00:00+00:00
[2024-06-04T23:58:49.638+0000] {processor.py:175} INFO - Processing /home/airflow/.local/lib/python3.7/site-packages/airflow/example_dags/example_branch_operator_decorator.py took 0.077 seconds
[2024-06-04T23:59:19.987+0000] {processor.py:153} INFO - Started process (PID=9638) to work on /home/airflow/.local/lib/python3.7/site-packages/airflow/example_dags/example_branch_operator_decorator.py
[2024-06-04T23:59:19.987+0000] {processor.py:743} INFO - Processing file /home/airflow/.local/lib/python3.7/site-packages/airflow/example_dags/example_branch_operator_decorator.py for tasks to queue
[2024-06-04T23:59:19.988+0000] {logging_mixin.py:137} INFO - [2024-06-04T23:59:19.988+0000] {dagbag.py:538} INFO - Filling up the DagBag from /home/airflow/.local/lib/python3.7/site-packages/airflow/example_dags/example_branch_operator_decorator.py
[2024-06-04T23:59:20.006+0000] {processor.py:753} INFO - DAG(s) dict_keys(['example_branch_python_operator_decorator']) retrieved from /home/airflow/.local/lib/python3.7/site-packages/airflow/example_dags/example_branch_operator_decorator.py
[2024-06-04T23:59:20.026+0000] {logging_mixin.py:137} INFO - [2024-06-04T23:59:20.026+0000] {dag.py:2690} INFO - Sync 1 DAGs
[2024-06-04T23:59:20.046+0000] {logging_mixin.py:137} INFO - [2024-06-04T23:59:20.046+0000] {dag.py:3441} INFO - Setting next_dagrun for example_branch_python_operator_decorator to 2024-06-04T00:00:00+00:00, run_after=2024-06-05T00:00:00+00:00
[2024-06-04T23:59:20.060+0000] {processor.py:175} INFO - Processing /home/airflow/.local/lib/python3.7/site-packages/airflow/example_dags/example_branch_operator_decorator.py took 0.076 seconds
[2024-06-04T23:59:50.804+0000] {processor.py:153} INFO - Started process (PID=9749) to work on /home/airflow/.local/lib/python3.7/site-packages/airflow/example_dags/example_branch_operator_decorator.py
[2024-06-04T23:59:50.804+0000] {processor.py:743} INFO - Processing file /home/airflow/.local/lib/python3.7/site-packages/airflow/example_dags/example_branch_operator_decorator.py for tasks to queue
[2024-06-04T23:59:50.805+0000] {logging_mixin.py:137} INFO - [2024-06-04T23:59:50.805+0000] {dagbag.py:538} INFO - Filling up the DagBag from /home/airflow/.local/lib/python3.7/site-packages/airflow/example_dags/example_branch_operator_decorator.py
[2024-06-04T23:59:50.823+0000] {processor.py:753} INFO - DAG(s) dict_keys(['example_branch_python_operator_decorator']) retrieved from /home/airflow/.local/lib/python3.7/site-packages/airflow/example_dags/example_branch_operator_decorator.py
[2024-06-04T23:59:50.843+0000] {logging_mixin.py:137} INFO - [2024-06-04T23:59:50.842+0000] {dag.py:2690} INFO - Sync 1 DAGs
[2024-06-04T23:59:50.863+0000] {logging_mixin.py:137} INFO - [2024-06-04T23:59:50.862+0000] {dag.py:3441} INFO - Setting next_dagrun for example_branch_python_operator_decorator to 2024-06-04T00:00:00+00:00, run_after=2024-06-05T00:00:00+00:00
[2024-06-04T23:59:50.875+0000] {processor.py:175} INFO - Processing /home/airflow/.local/lib/python3.7/site-packages/airflow/example_dags/example_branch_operator_decorator.py took 0.073 seconds
