[2024-06-04T23:37:28.298+0000] {processor.py:153} INFO - Started process (PID=85) to work on /home/airflow/.local/lib/python3.7/site-packages/airflow/example_dags/tutorial.py
[2024-06-04T23:37:28.298+0000] {processor.py:743} INFO - Processing file /home/airflow/.local/lib/python3.7/site-packages/airflow/example_dags/tutorial.py for tasks to queue
[2024-06-04T23:37:28.299+0000] {logging_mixin.py:137} INFO - [2024-06-04T23:37:28.299+0000] {dagbag.py:538} INFO - Filling up the DagBag from /home/airflow/.local/lib/python3.7/site-packages/airflow/example_dags/tutorial.py
[2024-06-04T23:37:28.312+0000] {processor.py:753} INFO - DAG(s) dict_keys(['tutorial']) retrieved from /home/airflow/.local/lib/python3.7/site-packages/airflow/example_dags/tutorial.py
[2024-06-04T23:37:28.412+0000] {logging_mixin.py:137} INFO - [2024-06-04T23:37:28.412+0000] {manager.py:504} INFO - Created Permission View: can edit on DAG:tutorial
[2024-06-04T23:37:28.421+0000] {logging_mixin.py:137} INFO - [2024-06-04T23:37:28.420+0000] {manager.py:504} INFO - Created Permission View: can read on DAG:tutorial
[2024-06-04T23:37:28.427+0000] {logging_mixin.py:137} INFO - [2024-06-04T23:37:28.427+0000] {manager.py:504} INFO - Created Permission View: can delete on DAG:tutorial
[2024-06-04T23:37:28.428+0000] {logging_mixin.py:137} INFO - [2024-06-04T23:37:28.428+0000] {dag.py:2690} INFO - Sync 1 DAGs
[2024-06-04T23:37:28.442+0000] {logging_mixin.py:137} INFO - [2024-06-04T23:37:28.442+0000] {dag.py:2711} INFO - Creating ORM DAG for tutorial
[2024-06-04T23:37:28.455+0000] {logging_mixin.py:137} INFO - [2024-06-04T23:37:28.455+0000] {dag.py:3441} INFO - Setting next_dagrun for tutorial to 2024-06-03T23:37:28.455008+00:00, run_after=2024-06-04T23:37:28.455008+00:00
[2024-06-04T23:37:28.474+0000] {processor.py:175} INFO - Processing /home/airflow/.local/lib/python3.7/site-packages/airflow/example_dags/tutorial.py took 0.179 seconds
[2024-06-04T23:37:59.274+0000] {processor.py:153} INFO - Started process (PID=190) to work on /home/airflow/.local/lib/python3.7/site-packages/airflow/example_dags/tutorial.py
[2024-06-04T23:37:59.275+0000] {processor.py:743} INFO - Processing file /home/airflow/.local/lib/python3.7/site-packages/airflow/example_dags/tutorial.py for tasks to queue
[2024-06-04T23:37:59.275+0000] {logging_mixin.py:137} INFO - [2024-06-04T23:37:59.275+0000] {dagbag.py:538} INFO - Filling up the DagBag from /home/airflow/.local/lib/python3.7/site-packages/airflow/example_dags/tutorial.py
[2024-06-04T23:37:59.285+0000] {processor.py:753} INFO - DAG(s) dict_keys(['tutorial']) retrieved from /home/airflow/.local/lib/python3.7/site-packages/airflow/example_dags/tutorial.py
[2024-06-04T23:37:59.304+0000] {logging_mixin.py:137} INFO - [2024-06-04T23:37:59.304+0000] {dag.py:2690} INFO - Sync 1 DAGs
[2024-06-04T23:37:59.322+0000] {logging_mixin.py:137} INFO - [2024-06-04T23:37:59.322+0000] {dag.py:3441} INFO - Setting next_dagrun for tutorial to 2024-06-03T23:37:59.321843+00:00, run_after=2024-06-04T23:37:59.321843+00:00
[2024-06-04T23:37:59.335+0000] {processor.py:175} INFO - Processing /home/airflow/.local/lib/python3.7/site-packages/airflow/example_dags/tutorial.py took 0.063 seconds
[2024-06-04T23:38:30.207+0000] {processor.py:153} INFO - Started process (PID=301) to work on /home/airflow/.local/lib/python3.7/site-packages/airflow/example_dags/tutorial.py
[2024-06-04T23:38:30.208+0000] {processor.py:743} INFO - Processing file /home/airflow/.local/lib/python3.7/site-packages/airflow/example_dags/tutorial.py for tasks to queue
[2024-06-04T23:38:30.208+0000] {logging_mixin.py:137} INFO - [2024-06-04T23:38:30.208+0000] {dagbag.py:538} INFO - Filling up the DagBag from /home/airflow/.local/lib/python3.7/site-packages/airflow/example_dags/tutorial.py
[2024-06-04T23:38:30.218+0000] {processor.py:753} INFO - DAG(s) dict_keys(['tutorial']) retrieved from /home/airflow/.local/lib/python3.7/site-packages/airflow/example_dags/tutorial.py
[2024-06-04T23:38:30.236+0000] {logging_mixin.py:137} INFO - [2024-06-04T23:38:30.236+0000] {dag.py:2690} INFO - Sync 1 DAGs
[2024-06-04T23:38:30.254+0000] {logging_mixin.py:137} INFO - [2024-06-04T23:38:30.254+0000] {dag.py:3441} INFO - Setting next_dagrun for tutorial to 2024-06-03T23:38:30.253968+00:00, run_after=2024-06-04T23:38:30.253968+00:00
[2024-06-04T23:38:30.265+0000] {processor.py:175} INFO - Processing /home/airflow/.local/lib/python3.7/site-packages/airflow/example_dags/tutorial.py took 0.060 seconds
[2024-06-04T23:39:00.963+0000] {processor.py:153} INFO - Started process (PID=388) to work on /home/airflow/.local/lib/python3.7/site-packages/airflow/example_dags/tutorial.py
[2024-06-04T23:39:00.964+0000] {processor.py:743} INFO - Processing file /home/airflow/.local/lib/python3.7/site-packages/airflow/example_dags/tutorial.py for tasks to queue
[2024-06-04T23:39:00.964+0000] {logging_mixin.py:137} INFO - [2024-06-04T23:39:00.964+0000] {dagbag.py:538} INFO - Filling up the DagBag from /home/airflow/.local/lib/python3.7/site-packages/airflow/example_dags/tutorial.py
[2024-06-04T23:39:00.974+0000] {processor.py:753} INFO - DAG(s) dict_keys(['tutorial']) retrieved from /home/airflow/.local/lib/python3.7/site-packages/airflow/example_dags/tutorial.py
[2024-06-04T23:39:00.994+0000] {logging_mixin.py:137} INFO - [2024-06-04T23:39:00.993+0000] {dag.py:2690} INFO - Sync 1 DAGs
[2024-06-04T23:39:01.011+0000] {logging_mixin.py:137} INFO - [2024-06-04T23:39:01.011+0000] {dag.py:3441} INFO - Setting next_dagrun for tutorial to 2024-06-03T23:39:01.011013+00:00, run_after=2024-06-04T23:39:01.011013+00:00
[2024-06-04T23:39:01.023+0000] {processor.py:175} INFO - Processing /home/airflow/.local/lib/python3.7/site-packages/airflow/example_dags/tutorial.py took 0.062 seconds
[2024-06-04T23:39:31.655+0000] {processor.py:153} INFO - Started process (PID=499) to work on /home/airflow/.local/lib/python3.7/site-packages/airflow/example_dags/tutorial.py
[2024-06-04T23:39:31.656+0000] {processor.py:743} INFO - Processing file /home/airflow/.local/lib/python3.7/site-packages/airflow/example_dags/tutorial.py for tasks to queue
[2024-06-04T23:39:31.657+0000] {logging_mixin.py:137} INFO - [2024-06-04T23:39:31.656+0000] {dagbag.py:538} INFO - Filling up the DagBag from /home/airflow/.local/lib/python3.7/site-packages/airflow/example_dags/tutorial.py
[2024-06-04T23:39:31.666+0000] {processor.py:753} INFO - DAG(s) dict_keys(['tutorial']) retrieved from /home/airflow/.local/lib/python3.7/site-packages/airflow/example_dags/tutorial.py
[2024-06-04T23:39:31.684+0000] {logging_mixin.py:137} INFO - [2024-06-04T23:39:31.684+0000] {dag.py:2690} INFO - Sync 1 DAGs
[2024-06-04T23:39:31.700+0000] {logging_mixin.py:137} INFO - [2024-06-04T23:39:31.700+0000] {dag.py:3441} INFO - Setting next_dagrun for tutorial to 2024-06-03T23:39:31.700543+00:00, run_after=2024-06-04T23:39:31.700543+00:00
[2024-06-04T23:39:31.712+0000] {processor.py:175} INFO - Processing /home/airflow/.local/lib/python3.7/site-packages/airflow/example_dags/tutorial.py took 0.059 seconds
[2024-06-04T23:40:02.384+0000] {processor.py:153} INFO - Started process (PID=610) to work on /home/airflow/.local/lib/python3.7/site-packages/airflow/example_dags/tutorial.py
[2024-06-04T23:40:02.385+0000] {processor.py:743} INFO - Processing file /home/airflow/.local/lib/python3.7/site-packages/airflow/example_dags/tutorial.py for tasks to queue
[2024-06-04T23:40:02.385+0000] {logging_mixin.py:137} INFO - [2024-06-04T23:40:02.385+0000] {dagbag.py:538} INFO - Filling up the DagBag from /home/airflow/.local/lib/python3.7/site-packages/airflow/example_dags/tutorial.py
[2024-06-04T23:40:02.395+0000] {processor.py:753} INFO - DAG(s) dict_keys(['tutorial']) retrieved from /home/airflow/.local/lib/python3.7/site-packages/airflow/example_dags/tutorial.py
[2024-06-04T23:40:02.414+0000] {logging_mixin.py:137} INFO - [2024-06-04T23:40:02.413+0000] {dag.py:2690} INFO - Sync 1 DAGs
[2024-06-04T23:40:02.431+0000] {logging_mixin.py:137} INFO - [2024-06-04T23:40:02.431+0000] {dag.py:3441} INFO - Setting next_dagrun for tutorial to 2024-06-03T23:40:02.431570+00:00, run_after=2024-06-04T23:40:02.431570+00:00
[2024-06-04T23:40:02.444+0000] {processor.py:175} INFO - Processing /home/airflow/.local/lib/python3.7/site-packages/airflow/example_dags/tutorial.py took 0.061 seconds
[2024-06-04T23:40:33.050+0000] {processor.py:153} INFO - Started process (PID=697) to work on /home/airflow/.local/lib/python3.7/site-packages/airflow/example_dags/tutorial.py
[2024-06-04T23:40:33.051+0000] {processor.py:743} INFO - Processing file /home/airflow/.local/lib/python3.7/site-packages/airflow/example_dags/tutorial.py for tasks to queue
[2024-06-04T23:40:33.052+0000] {logging_mixin.py:137} INFO - [2024-06-04T23:40:33.052+0000] {dagbag.py:538} INFO - Filling up the DagBag from /home/airflow/.local/lib/python3.7/site-packages/airflow/example_dags/tutorial.py
[2024-06-04T23:40:33.061+0000] {processor.py:753} INFO - DAG(s) dict_keys(['tutorial']) retrieved from /home/airflow/.local/lib/python3.7/site-packages/airflow/example_dags/tutorial.py
[2024-06-04T23:40:33.080+0000] {logging_mixin.py:137} INFO - [2024-06-04T23:40:33.080+0000] {dag.py:2690} INFO - Sync 1 DAGs
[2024-06-04T23:40:33.097+0000] {logging_mixin.py:137} INFO - [2024-06-04T23:40:33.097+0000] {dag.py:3441} INFO - Setting next_dagrun for tutorial to 2024-06-03T23:40:33.097362+00:00, run_after=2024-06-04T23:40:33.097362+00:00
[2024-06-04T23:40:33.109+0000] {processor.py:175} INFO - Processing /home/airflow/.local/lib/python3.7/site-packages/airflow/example_dags/tutorial.py took 0.061 seconds
[2024-06-04T23:41:03.783+0000] {processor.py:153} INFO - Started process (PID=808) to work on /home/airflow/.local/lib/python3.7/site-packages/airflow/example_dags/tutorial.py
[2024-06-04T23:41:03.784+0000] {processor.py:743} INFO - Processing file /home/airflow/.local/lib/python3.7/site-packages/airflow/example_dags/tutorial.py for tasks to queue
[2024-06-04T23:41:03.785+0000] {logging_mixin.py:137} INFO - [2024-06-04T23:41:03.785+0000] {dagbag.py:538} INFO - Filling up the DagBag from /home/airflow/.local/lib/python3.7/site-packages/airflow/example_dags/tutorial.py
[2024-06-04T23:41:03.794+0000] {processor.py:753} INFO - DAG(s) dict_keys(['tutorial']) retrieved from /home/airflow/.local/lib/python3.7/site-packages/airflow/example_dags/tutorial.py
[2024-06-04T23:41:03.812+0000] {logging_mixin.py:137} INFO - [2024-06-04T23:41:03.812+0000] {dag.py:2690} INFO - Sync 1 DAGs
[2024-06-04T23:41:03.829+0000] {logging_mixin.py:137} INFO - [2024-06-04T23:41:03.828+0000] {dag.py:3441} INFO - Setting next_dagrun for tutorial to 2024-06-03T23:41:03.828790+00:00, run_after=2024-06-04T23:41:03.828790+00:00
[2024-06-04T23:41:03.841+0000] {processor.py:175} INFO - Processing /home/airflow/.local/lib/python3.7/site-packages/airflow/example_dags/tutorial.py took 0.059 seconds
[2024-06-04T23:41:34.483+0000] {processor.py:153} INFO - Started process (PID=895) to work on /home/airflow/.local/lib/python3.7/site-packages/airflow/example_dags/tutorial.py
[2024-06-04T23:41:34.483+0000] {processor.py:743} INFO - Processing file /home/airflow/.local/lib/python3.7/site-packages/airflow/example_dags/tutorial.py for tasks to queue
[2024-06-04T23:41:34.484+0000] {logging_mixin.py:137} INFO - [2024-06-04T23:41:34.484+0000] {dagbag.py:538} INFO - Filling up the DagBag from /home/airflow/.local/lib/python3.7/site-packages/airflow/example_dags/tutorial.py
[2024-06-04T23:41:34.493+0000] {processor.py:753} INFO - DAG(s) dict_keys(['tutorial']) retrieved from /home/airflow/.local/lib/python3.7/site-packages/airflow/example_dags/tutorial.py
[2024-06-04T23:41:34.511+0000] {logging_mixin.py:137} INFO - [2024-06-04T23:41:34.511+0000] {dag.py:2690} INFO - Sync 1 DAGs
[2024-06-04T23:41:34.528+0000] {logging_mixin.py:137} INFO - [2024-06-04T23:41:34.528+0000] {dag.py:3441} INFO - Setting next_dagrun for tutorial to 2024-06-03T23:41:34.528207+00:00, run_after=2024-06-04T23:41:34.528207+00:00
[2024-06-04T23:41:34.540+0000] {processor.py:175} INFO - Processing /home/airflow/.local/lib/python3.7/site-packages/airflow/example_dags/tutorial.py took 0.059 seconds
[2024-06-04T23:42:05.444+0000] {processor.py:153} INFO - Started process (PID=1006) to work on /home/airflow/.local/lib/python3.7/site-packages/airflow/example_dags/tutorial.py
[2024-06-04T23:42:05.445+0000] {processor.py:743} INFO - Processing file /home/airflow/.local/lib/python3.7/site-packages/airflow/example_dags/tutorial.py for tasks to queue
[2024-06-04T23:42:05.445+0000] {logging_mixin.py:137} INFO - [2024-06-04T23:42:05.445+0000] {dagbag.py:538} INFO - Filling up the DagBag from /home/airflow/.local/lib/python3.7/site-packages/airflow/example_dags/tutorial.py
[2024-06-04T23:42:05.456+0000] {processor.py:753} INFO - DAG(s) dict_keys(['tutorial']) retrieved from /home/airflow/.local/lib/python3.7/site-packages/airflow/example_dags/tutorial.py
[2024-06-04T23:42:05.475+0000] {logging_mixin.py:137} INFO - [2024-06-04T23:42:05.475+0000] {dag.py:2690} INFO - Sync 1 DAGs
[2024-06-04T23:42:05.492+0000] {logging_mixin.py:137} INFO - [2024-06-04T23:42:05.492+0000] {dag.py:3441} INFO - Setting next_dagrun for tutorial to 2024-06-03T23:42:05.492678+00:00, run_after=2024-06-04T23:42:05.492678+00:00
[2024-06-04T23:42:05.505+0000] {processor.py:175} INFO - Processing /home/airflow/.local/lib/python3.7/site-packages/airflow/example_dags/tutorial.py took 0.063 seconds
[2024-06-04T23:42:35.573+0000] {processor.py:153} INFO - Started process (PID=1117) to work on /home/airflow/.local/lib/python3.7/site-packages/airflow/example_dags/tutorial.py
[2024-06-04T23:42:35.574+0000] {processor.py:743} INFO - Processing file /home/airflow/.local/lib/python3.7/site-packages/airflow/example_dags/tutorial.py for tasks to queue
[2024-06-04T23:42:35.574+0000] {logging_mixin.py:137} INFO - [2024-06-04T23:42:35.574+0000] {dagbag.py:538} INFO - Filling up the DagBag from /home/airflow/.local/lib/python3.7/site-packages/airflow/example_dags/tutorial.py
[2024-06-04T23:42:35.583+0000] {processor.py:753} INFO - DAG(s) dict_keys(['tutorial']) retrieved from /home/airflow/.local/lib/python3.7/site-packages/airflow/example_dags/tutorial.py
[2024-06-04T23:42:35.601+0000] {logging_mixin.py:137} INFO - [2024-06-04T23:42:35.601+0000] {dag.py:2690} INFO - Sync 1 DAGs
[2024-06-04T23:42:35.618+0000] {logging_mixin.py:137} INFO - [2024-06-04T23:42:35.618+0000] {dag.py:3441} INFO - Setting next_dagrun for tutorial to 2024-06-03T23:42:35.618296+00:00, run_after=2024-06-04T23:42:35.618296+00:00
[2024-06-04T23:42:35.630+0000] {processor.py:175} INFO - Processing /home/airflow/.local/lib/python3.7/site-packages/airflow/example_dags/tutorial.py took 0.059 seconds
[2024-06-04T23:43:06.323+0000] {processor.py:153} INFO - Started process (PID=1204) to work on /home/airflow/.local/lib/python3.7/site-packages/airflow/example_dags/tutorial.py
[2024-06-04T23:43:06.324+0000] {processor.py:743} INFO - Processing file /home/airflow/.local/lib/python3.7/site-packages/airflow/example_dags/tutorial.py for tasks to queue
[2024-06-04T23:43:06.324+0000] {logging_mixin.py:137} INFO - [2024-06-04T23:43:06.324+0000] {dagbag.py:538} INFO - Filling up the DagBag from /home/airflow/.local/lib/python3.7/site-packages/airflow/example_dags/tutorial.py
[2024-06-04T23:43:06.334+0000] {processor.py:753} INFO - DAG(s) dict_keys(['tutorial']) retrieved from /home/airflow/.local/lib/python3.7/site-packages/airflow/example_dags/tutorial.py
[2024-06-04T23:43:06.352+0000] {logging_mixin.py:137} INFO - [2024-06-04T23:43:06.352+0000] {dag.py:2690} INFO - Sync 1 DAGs
[2024-06-04T23:43:06.369+0000] {logging_mixin.py:137} INFO - [2024-06-04T23:43:06.369+0000] {dag.py:3441} INFO - Setting next_dagrun for tutorial to 2024-06-03T23:43:06.368816+00:00, run_after=2024-06-04T23:43:06.368816+00:00
[2024-06-04T23:43:06.380+0000] {processor.py:175} INFO - Processing /home/airflow/.local/lib/python3.7/site-packages/airflow/example_dags/tutorial.py took 0.059 seconds
[2024-06-04T23:43:37.177+0000] {processor.py:153} INFO - Started process (PID=1315) to work on /home/airflow/.local/lib/python3.7/site-packages/airflow/example_dags/tutorial.py
[2024-06-04T23:43:37.177+0000] {processor.py:743} INFO - Processing file /home/airflow/.local/lib/python3.7/site-packages/airflow/example_dags/tutorial.py for tasks to queue
[2024-06-04T23:43:37.178+0000] {logging_mixin.py:137} INFO - [2024-06-04T23:43:37.178+0000] {dagbag.py:538} INFO - Filling up the DagBag from /home/airflow/.local/lib/python3.7/site-packages/airflow/example_dags/tutorial.py
[2024-06-04T23:43:37.187+0000] {processor.py:753} INFO - DAG(s) dict_keys(['tutorial']) retrieved from /home/airflow/.local/lib/python3.7/site-packages/airflow/example_dags/tutorial.py
[2024-06-04T23:43:37.206+0000] {logging_mixin.py:137} INFO - [2024-06-04T23:43:37.205+0000] {dag.py:2690} INFO - Sync 1 DAGs
[2024-06-04T23:43:37.222+0000] {logging_mixin.py:137} INFO - [2024-06-04T23:43:37.222+0000] {dag.py:3441} INFO - Setting next_dagrun for tutorial to 2024-06-03T23:43:37.222521+00:00, run_after=2024-06-04T23:43:37.222521+00:00
[2024-06-04T23:43:37.235+0000] {processor.py:175} INFO - Processing /home/airflow/.local/lib/python3.7/site-packages/airflow/example_dags/tutorial.py took 0.060 seconds
[2024-06-04T23:44:08.179+0000] {processor.py:153} INFO - Started process (PID=1531) to work on /home/airflow/.local/lib/python3.7/site-packages/airflow/example_dags/tutorial.py
[2024-06-04T23:44:08.180+0000] {processor.py:743} INFO - Processing file /home/airflow/.local/lib/python3.7/site-packages/airflow/example_dags/tutorial.py for tasks to queue
[2024-06-04T23:44:08.180+0000] {logging_mixin.py:137} INFO - [2024-06-04T23:44:08.180+0000] {dagbag.py:538} INFO - Filling up the DagBag from /home/airflow/.local/lib/python3.7/site-packages/airflow/example_dags/tutorial.py
[2024-06-04T23:44:08.195+0000] {processor.py:753} INFO - DAG(s) dict_keys(['tutorial']) retrieved from /home/airflow/.local/lib/python3.7/site-packages/airflow/example_dags/tutorial.py
[2024-06-04T23:44:08.227+0000] {logging_mixin.py:137} INFO - [2024-06-04T23:44:08.227+0000] {dag.py:2690} INFO - Sync 1 DAGs
[2024-06-04T23:44:08.256+0000] {logging_mixin.py:137} INFO - [2024-06-04T23:44:08.256+0000] {dag.py:3441} INFO - Setting next_dagrun for tutorial to 2024-06-03T23:44:08.255861+00:00, run_after=2024-06-04T23:44:08.255861+00:00
[2024-06-04T23:44:08.275+0000] {processor.py:175} INFO - Processing /home/airflow/.local/lib/python3.7/site-packages/airflow/example_dags/tutorial.py took 0.099 seconds
[2024-06-04T23:44:38.423+0000] {processor.py:153} INFO - Started process (PID=1887) to work on /home/airflow/.local/lib/python3.7/site-packages/airflow/example_dags/tutorial.py
[2024-06-04T23:44:38.424+0000] {processor.py:743} INFO - Processing file /home/airflow/.local/lib/python3.7/site-packages/airflow/example_dags/tutorial.py for tasks to queue
[2024-06-04T23:44:38.424+0000] {logging_mixin.py:137} INFO - [2024-06-04T23:44:38.424+0000] {dagbag.py:538} INFO - Filling up the DagBag from /home/airflow/.local/lib/python3.7/site-packages/airflow/example_dags/tutorial.py
[2024-06-04T23:44:38.434+0000] {processor.py:753} INFO - DAG(s) dict_keys(['tutorial']) retrieved from /home/airflow/.local/lib/python3.7/site-packages/airflow/example_dags/tutorial.py
[2024-06-04T23:44:38.452+0000] {logging_mixin.py:137} INFO - [2024-06-04T23:44:38.452+0000] {dag.py:2690} INFO - Sync 1 DAGs
[2024-06-04T23:44:38.469+0000] {logging_mixin.py:137} INFO - [2024-06-04T23:44:38.469+0000] {dag.py:3441} INFO - Setting next_dagrun for tutorial to 2024-06-03T23:44:38.468875+00:00, run_after=2024-06-04T23:44:38.468875+00:00
[2024-06-04T23:44:38.481+0000] {processor.py:175} INFO - Processing /home/airflow/.local/lib/python3.7/site-packages/airflow/example_dags/tutorial.py took 0.060 seconds
[2024-06-04T23:45:09.261+0000] {processor.py:153} INFO - Started process (PID=2245) to work on /home/airflow/.local/lib/python3.7/site-packages/airflow/example_dags/tutorial.py
[2024-06-04T23:45:09.262+0000] {processor.py:743} INFO - Processing file /home/airflow/.local/lib/python3.7/site-packages/airflow/example_dags/tutorial.py for tasks to queue
[2024-06-04T23:45:09.263+0000] {logging_mixin.py:137} INFO - [2024-06-04T23:45:09.262+0000] {dagbag.py:538} INFO - Filling up the DagBag from /home/airflow/.local/lib/python3.7/site-packages/airflow/example_dags/tutorial.py
[2024-06-04T23:45:09.285+0000] {processor.py:753} INFO - DAG(s) dict_keys(['tutorial']) retrieved from /home/airflow/.local/lib/python3.7/site-packages/airflow/example_dags/tutorial.py
[2024-06-04T23:45:09.319+0000] {logging_mixin.py:137} INFO - [2024-06-04T23:45:09.319+0000] {dag.py:2690} INFO - Sync 1 DAGs
[2024-06-04T23:45:09.353+0000] {logging_mixin.py:137} INFO - [2024-06-04T23:45:09.353+0000] {dag.py:3441} INFO - Setting next_dagrun for tutorial to 2024-06-03T23:45:09.353095+00:00, run_after=2024-06-04T23:45:09.353095+00:00
[2024-06-04T23:45:09.386+0000] {processor.py:175} INFO - Processing /home/airflow/.local/lib/python3.7/site-packages/airflow/example_dags/tutorial.py took 0.130 seconds
[2024-06-04T23:45:39.983+0000] {processor.py:153} INFO - Started process (PID=2572) to work on /home/airflow/.local/lib/python3.7/site-packages/airflow/example_dags/tutorial.py
[2024-06-04T23:45:39.984+0000] {processor.py:743} INFO - Processing file /home/airflow/.local/lib/python3.7/site-packages/airflow/example_dags/tutorial.py for tasks to queue
[2024-06-04T23:45:39.984+0000] {logging_mixin.py:137} INFO - [2024-06-04T23:45:39.984+0000] {dagbag.py:538} INFO - Filling up the DagBag from /home/airflow/.local/lib/python3.7/site-packages/airflow/example_dags/tutorial.py
[2024-06-04T23:45:39.995+0000] {processor.py:753} INFO - DAG(s) dict_keys(['tutorial']) retrieved from /home/airflow/.local/lib/python3.7/site-packages/airflow/example_dags/tutorial.py
[2024-06-04T23:45:40.016+0000] {logging_mixin.py:137} INFO - [2024-06-04T23:45:40.016+0000] {dag.py:2690} INFO - Sync 1 DAGs
[2024-06-04T23:45:40.042+0000] {logging_mixin.py:137} INFO - [2024-06-04T23:45:40.041+0000] {dag.py:3441} INFO - Setting next_dagrun for tutorial to 2024-06-03T23:45:40.041685+00:00, run_after=2024-06-04T23:45:40.041685+00:00
[2024-06-04T23:45:40.059+0000] {processor.py:175} INFO - Processing /home/airflow/.local/lib/python3.7/site-packages/airflow/example_dags/tutorial.py took 0.078 seconds
[2024-06-04T23:46:10.544+0000] {processor.py:153} INFO - Started process (PID=2931) to work on /home/airflow/.local/lib/python3.7/site-packages/airflow/example_dags/tutorial.py
[2024-06-04T23:46:10.544+0000] {processor.py:743} INFO - Processing file /home/airflow/.local/lib/python3.7/site-packages/airflow/example_dags/tutorial.py for tasks to queue
[2024-06-04T23:46:10.545+0000] {logging_mixin.py:137} INFO - [2024-06-04T23:46:10.545+0000] {dagbag.py:538} INFO - Filling up the DagBag from /home/airflow/.local/lib/python3.7/site-packages/airflow/example_dags/tutorial.py
[2024-06-04T23:46:10.557+0000] {processor.py:753} INFO - DAG(s) dict_keys(['tutorial']) retrieved from /home/airflow/.local/lib/python3.7/site-packages/airflow/example_dags/tutorial.py
[2024-06-04T23:46:10.579+0000] {logging_mixin.py:137} INFO - [2024-06-04T23:46:10.579+0000] {dag.py:2690} INFO - Sync 1 DAGs
[2024-06-04T23:46:10.603+0000] {logging_mixin.py:137} INFO - [2024-06-04T23:46:10.603+0000] {dag.py:3441} INFO - Setting next_dagrun for tutorial to 2024-06-03T23:46:10.603418+00:00, run_after=2024-06-04T23:46:10.603418+00:00
[2024-06-04T23:46:10.623+0000] {processor.py:175} INFO - Processing /home/airflow/.local/lib/python3.7/site-packages/airflow/example_dags/tutorial.py took 0.082 seconds
[2024-06-04T23:46:41.194+0000] {processor.py:153} INFO - Started process (PID=3276) to work on /home/airflow/.local/lib/python3.7/site-packages/airflow/example_dags/tutorial.py
[2024-06-04T23:46:41.195+0000] {processor.py:743} INFO - Processing file /home/airflow/.local/lib/python3.7/site-packages/airflow/example_dags/tutorial.py for tasks to queue
[2024-06-04T23:46:41.196+0000] {logging_mixin.py:137} INFO - [2024-06-04T23:46:41.196+0000] {dagbag.py:538} INFO - Filling up the DagBag from /home/airflow/.local/lib/python3.7/site-packages/airflow/example_dags/tutorial.py
[2024-06-04T23:46:41.210+0000] {processor.py:753} INFO - DAG(s) dict_keys(['tutorial']) retrieved from /home/airflow/.local/lib/python3.7/site-packages/airflow/example_dags/tutorial.py
[2024-06-04T23:46:41.231+0000] {logging_mixin.py:137} INFO - [2024-06-04T23:46:41.231+0000] {dag.py:2690} INFO - Sync 1 DAGs
[2024-06-04T23:46:41.251+0000] {logging_mixin.py:137} INFO - [2024-06-04T23:46:41.250+0000] {dag.py:3441} INFO - Setting next_dagrun for tutorial to 2024-06-03T23:46:41.250741+00:00, run_after=2024-06-04T23:46:41.250741+00:00
[2024-06-04T23:46:41.265+0000] {processor.py:175} INFO - Processing /home/airflow/.local/lib/python3.7/site-packages/airflow/example_dags/tutorial.py took 0.074 seconds
[2024-06-04T23:47:11.476+0000] {processor.py:153} INFO - Started process (PID=3616) to work on /home/airflow/.local/lib/python3.7/site-packages/airflow/example_dags/tutorial.py
[2024-06-04T23:47:11.476+0000] {processor.py:743} INFO - Processing file /home/airflow/.local/lib/python3.7/site-packages/airflow/example_dags/tutorial.py for tasks to queue
[2024-06-04T23:47:11.477+0000] {logging_mixin.py:137} INFO - [2024-06-04T23:47:11.477+0000] {dagbag.py:538} INFO - Filling up the DagBag from /home/airflow/.local/lib/python3.7/site-packages/airflow/example_dags/tutorial.py
[2024-06-04T23:47:11.487+0000] {processor.py:753} INFO - DAG(s) dict_keys(['tutorial']) retrieved from /home/airflow/.local/lib/python3.7/site-packages/airflow/example_dags/tutorial.py
[2024-06-04T23:47:11.506+0000] {logging_mixin.py:137} INFO - [2024-06-04T23:47:11.506+0000] {dag.py:2690} INFO - Sync 1 DAGs
[2024-06-04T23:47:11.525+0000] {logging_mixin.py:137} INFO - [2024-06-04T23:47:11.525+0000] {dag.py:3441} INFO - Setting next_dagrun for tutorial to 2024-06-03T23:47:11.524851+00:00, run_after=2024-06-04T23:47:11.524851+00:00
[2024-06-04T23:47:11.538+0000] {processor.py:175} INFO - Processing /home/airflow/.local/lib/python3.7/site-packages/airflow/example_dags/tutorial.py took 0.065 seconds
[2024-06-04T23:47:41.982+0000] {processor.py:153} INFO - Started process (PID=3970) to work on /home/airflow/.local/lib/python3.7/site-packages/airflow/example_dags/tutorial.py
[2024-06-04T23:47:41.983+0000] {processor.py:743} INFO - Processing file /home/airflow/.local/lib/python3.7/site-packages/airflow/example_dags/tutorial.py for tasks to queue
[2024-06-04T23:47:41.983+0000] {logging_mixin.py:137} INFO - [2024-06-04T23:47:41.983+0000] {dagbag.py:538} INFO - Filling up the DagBag from /home/airflow/.local/lib/python3.7/site-packages/airflow/example_dags/tutorial.py
[2024-06-04T23:47:41.994+0000] {processor.py:753} INFO - DAG(s) dict_keys(['tutorial']) retrieved from /home/airflow/.local/lib/python3.7/site-packages/airflow/example_dags/tutorial.py
[2024-06-04T23:47:42.021+0000] {logging_mixin.py:137} INFO - [2024-06-04T23:47:42.021+0000] {dag.py:2690} INFO - Sync 1 DAGs
[2024-06-04T23:47:42.046+0000] {logging_mixin.py:137} INFO - [2024-06-04T23:47:42.046+0000] {dag.py:3441} INFO - Setting next_dagrun for tutorial to 2024-06-03T23:47:42.046087+00:00, run_after=2024-06-04T23:47:42.046087+00:00
[2024-06-04T23:47:42.062+0000] {processor.py:175} INFO - Processing /home/airflow/.local/lib/python3.7/site-packages/airflow/example_dags/tutorial.py took 0.082 seconds
[2024-06-04T23:48:12.281+0000] {processor.py:153} INFO - Started process (PID=4330) to work on /home/airflow/.local/lib/python3.7/site-packages/airflow/example_dags/tutorial.py
[2024-06-04T23:48:12.281+0000] {processor.py:743} INFO - Processing file /home/airflow/.local/lib/python3.7/site-packages/airflow/example_dags/tutorial.py for tasks to queue
[2024-06-04T23:48:12.282+0000] {logging_mixin.py:137} INFO - [2024-06-04T23:48:12.282+0000] {dagbag.py:538} INFO - Filling up the DagBag from /home/airflow/.local/lib/python3.7/site-packages/airflow/example_dags/tutorial.py
[2024-06-04T23:48:12.292+0000] {processor.py:753} INFO - DAG(s) dict_keys(['tutorial']) retrieved from /home/airflow/.local/lib/python3.7/site-packages/airflow/example_dags/tutorial.py
[2024-06-04T23:48:12.311+0000] {logging_mixin.py:137} INFO - [2024-06-04T23:48:12.311+0000] {dag.py:2690} INFO - Sync 1 DAGs
[2024-06-04T23:48:12.329+0000] {logging_mixin.py:137} INFO - [2024-06-04T23:48:12.329+0000] {dag.py:3441} INFO - Setting next_dagrun for tutorial to 2024-06-03T23:48:12.329407+00:00, run_after=2024-06-04T23:48:12.329407+00:00
[2024-06-04T23:48:12.344+0000] {processor.py:175} INFO - Processing /home/airflow/.local/lib/python3.7/site-packages/airflow/example_dags/tutorial.py took 0.066 seconds
[2024-06-04T23:48:42.811+0000] {processor.py:153} INFO - Started process (PID=4700) to work on /home/airflow/.local/lib/python3.7/site-packages/airflow/example_dags/tutorial.py
[2024-06-04T23:48:42.812+0000] {processor.py:743} INFO - Processing file /home/airflow/.local/lib/python3.7/site-packages/airflow/example_dags/tutorial.py for tasks to queue
[2024-06-04T23:48:42.812+0000] {logging_mixin.py:137} INFO - [2024-06-04T23:48:42.812+0000] {dagbag.py:538} INFO - Filling up the DagBag from /home/airflow/.local/lib/python3.7/site-packages/airflow/example_dags/tutorial.py
[2024-06-04T23:48:42.832+0000] {processor.py:753} INFO - DAG(s) dict_keys(['tutorial']) retrieved from /home/airflow/.local/lib/python3.7/site-packages/airflow/example_dags/tutorial.py
[2024-06-04T23:48:42.866+0000] {logging_mixin.py:137} INFO - [2024-06-04T23:48:42.865+0000] {dag.py:2690} INFO - Sync 1 DAGs
[2024-06-04T23:48:42.904+0000] {logging_mixin.py:137} INFO - [2024-06-04T23:48:42.904+0000] {dag.py:3441} INFO - Setting next_dagrun for tutorial to 2024-06-03T23:48:42.904434+00:00, run_after=2024-06-04T23:48:42.904434+00:00
[2024-06-04T23:48:42.935+0000] {processor.py:175} INFO - Processing /home/airflow/.local/lib/python3.7/site-packages/airflow/example_dags/tutorial.py took 0.127 seconds
[2024-06-04T23:49:13.729+0000] {processor.py:153} INFO - Started process (PID=5100) to work on /home/airflow/.local/lib/python3.7/site-packages/airflow/example_dags/tutorial.py
[2024-06-04T23:49:13.730+0000] {processor.py:743} INFO - Processing file /home/airflow/.local/lib/python3.7/site-packages/airflow/example_dags/tutorial.py for tasks to queue
[2024-06-04T23:49:13.730+0000] {logging_mixin.py:137} INFO - [2024-06-04T23:49:13.730+0000] {dagbag.py:538} INFO - Filling up the DagBag from /home/airflow/.local/lib/python3.7/site-packages/airflow/example_dags/tutorial.py
[2024-06-04T23:49:13.741+0000] {processor.py:753} INFO - DAG(s) dict_keys(['tutorial']) retrieved from /home/airflow/.local/lib/python3.7/site-packages/airflow/example_dags/tutorial.py
[2024-06-04T23:49:13.761+0000] {logging_mixin.py:137} INFO - [2024-06-04T23:49:13.761+0000] {dag.py:2690} INFO - Sync 1 DAGs
[2024-06-04T23:49:13.780+0000] {logging_mixin.py:137} INFO - [2024-06-04T23:49:13.780+0000] {dag.py:3441} INFO - Setting next_dagrun for tutorial to 2024-06-04T23:48:42.904434+00:00, run_after=2024-06-05T23:48:42.904434+00:00
[2024-06-04T23:49:13.795+0000] {processor.py:175} INFO - Processing /home/airflow/.local/lib/python3.7/site-packages/airflow/example_dags/tutorial.py took 0.068 seconds
[2024-06-04T23:49:43.940+0000] {processor.py:153} INFO - Started process (PID=5453) to work on /home/airflow/.local/lib/python3.7/site-packages/airflow/example_dags/tutorial.py
[2024-06-04T23:49:43.941+0000] {processor.py:743} INFO - Processing file /home/airflow/.local/lib/python3.7/site-packages/airflow/example_dags/tutorial.py for tasks to queue
[2024-06-04T23:49:43.942+0000] {logging_mixin.py:137} INFO - [2024-06-04T23:49:43.942+0000] {dagbag.py:538} INFO - Filling up the DagBag from /home/airflow/.local/lib/python3.7/site-packages/airflow/example_dags/tutorial.py
[2024-06-04T23:49:43.956+0000] {processor.py:753} INFO - DAG(s) dict_keys(['tutorial']) retrieved from /home/airflow/.local/lib/python3.7/site-packages/airflow/example_dags/tutorial.py
[2024-06-04T23:49:43.985+0000] {logging_mixin.py:137} INFO - [2024-06-04T23:49:43.985+0000] {dag.py:2690} INFO - Sync 1 DAGs
[2024-06-04T23:49:44.017+0000] {logging_mixin.py:137} INFO - [2024-06-04T23:49:44.016+0000] {dag.py:3441} INFO - Setting next_dagrun for tutorial to 2024-06-04T23:48:42.904434+00:00, run_after=2024-06-05T23:48:42.904434+00:00
[2024-06-04T23:49:44.039+0000] {processor.py:175} INFO - Processing /home/airflow/.local/lib/python3.7/site-packages/airflow/example_dags/tutorial.py took 0.102 seconds
[2024-06-04T23:50:14.227+0000] {processor.py:153} INFO - Started process (PID=5819) to work on /home/airflow/.local/lib/python3.7/site-packages/airflow/example_dags/tutorial.py
[2024-06-04T23:50:14.228+0000] {processor.py:743} INFO - Processing file /home/airflow/.local/lib/python3.7/site-packages/airflow/example_dags/tutorial.py for tasks to queue
[2024-06-04T23:50:14.229+0000] {logging_mixin.py:137} INFO - [2024-06-04T23:50:14.228+0000] {dagbag.py:538} INFO - Filling up the DagBag from /home/airflow/.local/lib/python3.7/site-packages/airflow/example_dags/tutorial.py
[2024-06-04T23:50:14.243+0000] {processor.py:753} INFO - DAG(s) dict_keys(['tutorial']) retrieved from /home/airflow/.local/lib/python3.7/site-packages/airflow/example_dags/tutorial.py
[2024-06-04T23:50:14.265+0000] {logging_mixin.py:137} INFO - [2024-06-04T23:50:14.265+0000] {dag.py:2690} INFO - Sync 1 DAGs
[2024-06-04T23:50:14.290+0000] {logging_mixin.py:137} INFO - [2024-06-04T23:50:14.290+0000] {dag.py:3441} INFO - Setting next_dagrun for tutorial to 2024-06-04T23:48:42.904434+00:00, run_after=2024-06-05T23:48:42.904434+00:00
[2024-06-04T23:50:14.314+0000] {processor.py:175} INFO - Processing /home/airflow/.local/lib/python3.7/site-packages/airflow/example_dags/tutorial.py took 0.091 seconds
[2024-06-04T23:50:44.475+0000] {processor.py:153} INFO - Started process (PID=6198) to work on /home/airflow/.local/lib/python3.7/site-packages/airflow/example_dags/tutorial.py
[2024-06-04T23:50:44.476+0000] {processor.py:743} INFO - Processing file /home/airflow/.local/lib/python3.7/site-packages/airflow/example_dags/tutorial.py for tasks to queue
[2024-06-04T23:50:44.477+0000] {logging_mixin.py:137} INFO - [2024-06-04T23:50:44.477+0000] {dagbag.py:538} INFO - Filling up the DagBag from /home/airflow/.local/lib/python3.7/site-packages/airflow/example_dags/tutorial.py
[2024-06-04T23:50:44.492+0000] {processor.py:753} INFO - DAG(s) dict_keys(['tutorial']) retrieved from /home/airflow/.local/lib/python3.7/site-packages/airflow/example_dags/tutorial.py
[2024-06-04T23:50:44.521+0000] {logging_mixin.py:137} INFO - [2024-06-04T23:50:44.521+0000] {dag.py:2690} INFO - Sync 1 DAGs
[2024-06-04T23:50:44.552+0000] {logging_mixin.py:137} INFO - [2024-06-04T23:50:44.552+0000] {dag.py:3441} INFO - Setting next_dagrun for tutorial to 2024-06-04T23:48:42.904434+00:00, run_after=2024-06-05T23:48:42.904434+00:00
[2024-06-04T23:50:44.580+0000] {processor.py:175} INFO - Processing /home/airflow/.local/lib/python3.7/site-packages/airflow/example_dags/tutorial.py took 0.109 seconds
[2024-06-04T23:51:15.430+0000] {processor.py:153} INFO - Started process (PID=6540) to work on /home/airflow/.local/lib/python3.7/site-packages/airflow/example_dags/tutorial.py
[2024-06-04T23:51:15.430+0000] {processor.py:743} INFO - Processing file /home/airflow/.local/lib/python3.7/site-packages/airflow/example_dags/tutorial.py for tasks to queue
[2024-06-04T23:51:15.431+0000] {logging_mixin.py:137} INFO - [2024-06-04T23:51:15.431+0000] {dagbag.py:538} INFO - Filling up the DagBag from /home/airflow/.local/lib/python3.7/site-packages/airflow/example_dags/tutorial.py
[2024-06-04T23:51:15.441+0000] {processor.py:753} INFO - DAG(s) dict_keys(['tutorial']) retrieved from /home/airflow/.local/lib/python3.7/site-packages/airflow/example_dags/tutorial.py
[2024-06-04T23:51:15.461+0000] {logging_mixin.py:137} INFO - [2024-06-04T23:51:15.461+0000] {dag.py:2690} INFO - Sync 1 DAGs
[2024-06-04T23:51:15.481+0000] {logging_mixin.py:137} INFO - [2024-06-04T23:51:15.481+0000] {dag.py:3441} INFO - Setting next_dagrun for tutorial to 2024-06-04T23:48:42.904434+00:00, run_after=2024-06-05T23:48:42.904434+00:00
[2024-06-04T23:51:15.496+0000] {processor.py:175} INFO - Processing /home/airflow/.local/lib/python3.7/site-packages/airflow/example_dags/tutorial.py took 0.069 seconds
[2024-06-04T23:51:45.793+0000] {processor.py:153} INFO - Started process (PID=6896) to work on /home/airflow/.local/lib/python3.7/site-packages/airflow/example_dags/tutorial.py
[2024-06-04T23:51:45.793+0000] {processor.py:743} INFO - Processing file /home/airflow/.local/lib/python3.7/site-packages/airflow/example_dags/tutorial.py for tasks to queue
[2024-06-04T23:51:45.794+0000] {logging_mixin.py:137} INFO - [2024-06-04T23:51:45.794+0000] {dagbag.py:538} INFO - Filling up the DagBag from /home/airflow/.local/lib/python3.7/site-packages/airflow/example_dags/tutorial.py
[2024-06-04T23:51:45.812+0000] {processor.py:753} INFO - DAG(s) dict_keys(['tutorial']) retrieved from /home/airflow/.local/lib/python3.7/site-packages/airflow/example_dags/tutorial.py
[2024-06-04T23:51:45.843+0000] {logging_mixin.py:137} INFO - [2024-06-04T23:51:45.843+0000] {dag.py:2690} INFO - Sync 1 DAGs
[2024-06-04T23:51:45.875+0000] {logging_mixin.py:137} INFO - [2024-06-04T23:51:45.875+0000] {dag.py:3441} INFO - Setting next_dagrun for tutorial to 2024-06-04T23:48:42.904434+00:00, run_after=2024-06-05T23:48:42.904434+00:00
[2024-06-04T23:51:45.896+0000] {processor.py:175} INFO - Processing /home/airflow/.local/lib/python3.7/site-packages/airflow/example_dags/tutorial.py took 0.107 seconds
[2024-06-04T23:52:16.730+0000] {processor.py:153} INFO - Started process (PID=7232) to work on /home/airflow/.local/lib/python3.7/site-packages/airflow/example_dags/tutorial.py
[2024-06-04T23:52:16.731+0000] {processor.py:743} INFO - Processing file /home/airflow/.local/lib/python3.7/site-packages/airflow/example_dags/tutorial.py for tasks to queue
[2024-06-04T23:52:16.731+0000] {logging_mixin.py:137} INFO - [2024-06-04T23:52:16.731+0000] {dagbag.py:538} INFO - Filling up the DagBag from /home/airflow/.local/lib/python3.7/site-packages/airflow/example_dags/tutorial.py
[2024-06-04T23:52:16.743+0000] {processor.py:753} INFO - DAG(s) dict_keys(['tutorial']) retrieved from /home/airflow/.local/lib/python3.7/site-packages/airflow/example_dags/tutorial.py
[2024-06-04T23:52:16.764+0000] {logging_mixin.py:137} INFO - [2024-06-04T23:52:16.764+0000] {dag.py:2690} INFO - Sync 1 DAGs
[2024-06-04T23:52:16.788+0000] {logging_mixin.py:137} INFO - [2024-06-04T23:52:16.788+0000] {dag.py:3441} INFO - Setting next_dagrun for tutorial to 2024-06-04T23:48:42.904434+00:00, run_after=2024-06-05T23:48:42.904434+00:00
[2024-06-04T23:52:16.804+0000] {processor.py:175} INFO - Processing /home/airflow/.local/lib/python3.7/site-packages/airflow/example_dags/tutorial.py took 0.076 seconds
[2024-06-04T23:52:47.212+0000] {processor.py:153} INFO - Started process (PID=7572) to work on /home/airflow/.local/lib/python3.7/site-packages/airflow/example_dags/tutorial.py
[2024-06-04T23:52:47.213+0000] {processor.py:743} INFO - Processing file /home/airflow/.local/lib/python3.7/site-packages/airflow/example_dags/tutorial.py for tasks to queue
[2024-06-04T23:52:47.213+0000] {logging_mixin.py:137} INFO - [2024-06-04T23:52:47.213+0000] {dagbag.py:538} INFO - Filling up the DagBag from /home/airflow/.local/lib/python3.7/site-packages/airflow/example_dags/tutorial.py
[2024-06-04T23:52:47.225+0000] {processor.py:753} INFO - DAG(s) dict_keys(['tutorial']) retrieved from /home/airflow/.local/lib/python3.7/site-packages/airflow/example_dags/tutorial.py
[2024-06-04T23:52:47.243+0000] {logging_mixin.py:137} INFO - [2024-06-04T23:52:47.243+0000] {dag.py:2690} INFO - Sync 1 DAGs
[2024-06-04T23:52:47.262+0000] {logging_mixin.py:137} INFO - [2024-06-04T23:52:47.262+0000] {dag.py:3441} INFO - Setting next_dagrun for tutorial to 2024-06-04T23:48:42.904434+00:00, run_after=2024-06-05T23:48:42.904434+00:00
[2024-06-04T23:52:47.278+0000] {processor.py:175} INFO - Processing /home/airflow/.local/lib/python3.7/site-packages/airflow/example_dags/tutorial.py took 0.069 seconds
[2024-06-04T23:53:17.997+0000] {processor.py:153} INFO - Started process (PID=7941) to work on /home/airflow/.local/lib/python3.7/site-packages/airflow/example_dags/tutorial.py
[2024-06-04T23:53:17.998+0000] {processor.py:743} INFO - Processing file /home/airflow/.local/lib/python3.7/site-packages/airflow/example_dags/tutorial.py for tasks to queue
[2024-06-04T23:53:17.998+0000] {logging_mixin.py:137} INFO - [2024-06-04T23:53:17.998+0000] {dagbag.py:538} INFO - Filling up the DagBag from /home/airflow/.local/lib/python3.7/site-packages/airflow/example_dags/tutorial.py
[2024-06-04T23:53:18.008+0000] {processor.py:753} INFO - DAG(s) dict_keys(['tutorial']) retrieved from /home/airflow/.local/lib/python3.7/site-packages/airflow/example_dags/tutorial.py
[2024-06-04T23:53:18.026+0000] {logging_mixin.py:137} INFO - [2024-06-04T23:53:18.026+0000] {dag.py:2690} INFO - Sync 1 DAGs
[2024-06-04T23:53:18.044+0000] {logging_mixin.py:137} INFO - [2024-06-04T23:53:18.044+0000] {dag.py:3441} INFO - Setting next_dagrun for tutorial to 2024-06-04T23:48:42.904434+00:00, run_after=2024-06-05T23:48:42.904434+00:00
[2024-06-04T23:53:18.055+0000] {processor.py:175} INFO - Processing /home/airflow/.local/lib/python3.7/site-packages/airflow/example_dags/tutorial.py took 0.060 seconds
[2024-06-04T23:53:48.155+0000] {processor.py:153} INFO - Started process (PID=8248) to work on /home/airflow/.local/lib/python3.7/site-packages/airflow/example_dags/tutorial.py
[2024-06-04T23:53:48.156+0000] {processor.py:743} INFO - Processing file /home/airflow/.local/lib/python3.7/site-packages/airflow/example_dags/tutorial.py for tasks to queue
[2024-06-04T23:53:48.156+0000] {logging_mixin.py:137} INFO - [2024-06-04T23:53:48.156+0000] {dagbag.py:538} INFO - Filling up the DagBag from /home/airflow/.local/lib/python3.7/site-packages/airflow/example_dags/tutorial.py
[2024-06-04T23:53:48.168+0000] {processor.py:753} INFO - DAG(s) dict_keys(['tutorial']) retrieved from /home/airflow/.local/lib/python3.7/site-packages/airflow/example_dags/tutorial.py
[2024-06-04T23:53:48.189+0000] {logging_mixin.py:137} INFO - [2024-06-04T23:53:48.189+0000] {dag.py:2690} INFO - Sync 1 DAGs
[2024-06-04T23:53:48.216+0000] {logging_mixin.py:137} INFO - [2024-06-04T23:53:48.216+0000] {dag.py:3441} INFO - Setting next_dagrun for tutorial to 2024-06-04T23:48:42.904434+00:00, run_after=2024-06-05T23:48:42.904434+00:00
[2024-06-04T23:53:48.235+0000] {processor.py:175} INFO - Processing /home/airflow/.local/lib/python3.7/site-packages/airflow/example_dags/tutorial.py took 0.083 seconds
[2024-06-04T23:54:18.405+0000] {processor.py:153} INFO - Started process (PID=8579) to work on /home/airflow/.local/lib/python3.7/site-packages/airflow/example_dags/tutorial.py
[2024-06-04T23:54:18.406+0000] {processor.py:743} INFO - Processing file /home/airflow/.local/lib/python3.7/site-packages/airflow/example_dags/tutorial.py for tasks to queue
[2024-06-04T23:54:18.406+0000] {logging_mixin.py:137} INFO - [2024-06-04T23:54:18.406+0000] {dagbag.py:538} INFO - Filling up the DagBag from /home/airflow/.local/lib/python3.7/site-packages/airflow/example_dags/tutorial.py
[2024-06-04T23:54:18.418+0000] {processor.py:753} INFO - DAG(s) dict_keys(['tutorial']) retrieved from /home/airflow/.local/lib/python3.7/site-packages/airflow/example_dags/tutorial.py
[2024-06-04T23:54:18.437+0000] {logging_mixin.py:137} INFO - [2024-06-04T23:54:18.437+0000] {dag.py:2690} INFO - Sync 1 DAGs
[2024-06-04T23:54:18.456+0000] {logging_mixin.py:137} INFO - [2024-06-04T23:54:18.456+0000] {dag.py:3441} INFO - Setting next_dagrun for tutorial to 2024-06-04T23:48:42.904434+00:00, run_after=2024-06-05T23:48:42.904434+00:00
[2024-06-04T23:54:18.471+0000] {processor.py:175} INFO - Processing /home/airflow/.local/lib/python3.7/site-packages/airflow/example_dags/tutorial.py took 0.068 seconds
[2024-06-04T23:54:49.295+0000] {processor.py:153} INFO - Started process (PID=8689) to work on /home/airflow/.local/lib/python3.7/site-packages/airflow/example_dags/tutorial.py
[2024-06-04T23:54:49.295+0000] {processor.py:743} INFO - Processing file /home/airflow/.local/lib/python3.7/site-packages/airflow/example_dags/tutorial.py for tasks to queue
[2024-06-04T23:54:49.296+0000] {logging_mixin.py:137} INFO - [2024-06-04T23:54:49.296+0000] {dagbag.py:538} INFO - Filling up the DagBag from /home/airflow/.local/lib/python3.7/site-packages/airflow/example_dags/tutorial.py
[2024-06-04T23:54:49.306+0000] {processor.py:753} INFO - DAG(s) dict_keys(['tutorial']) retrieved from /home/airflow/.local/lib/python3.7/site-packages/airflow/example_dags/tutorial.py
[2024-06-04T23:54:49.324+0000] {logging_mixin.py:137} INFO - [2024-06-04T23:54:49.324+0000] {dag.py:2690} INFO - Sync 1 DAGs
[2024-06-04T23:54:49.342+0000] {logging_mixin.py:137} INFO - [2024-06-04T23:54:49.342+0000] {dag.py:3441} INFO - Setting next_dagrun for tutorial to 2024-06-04T23:48:42.904434+00:00, run_after=2024-06-05T23:48:42.904434+00:00
[2024-06-04T23:54:49.355+0000] {processor.py:175} INFO - Processing /home/airflow/.local/lib/python3.7/site-packages/airflow/example_dags/tutorial.py took 0.062 seconds
[2024-06-04T23:55:20.061+0000] {processor.py:153} INFO - Started process (PID=8805) to work on /home/airflow/.local/lib/python3.7/site-packages/airflow/example_dags/tutorial.py
[2024-06-04T23:55:20.062+0000] {processor.py:743} INFO - Processing file /home/airflow/.local/lib/python3.7/site-packages/airflow/example_dags/tutorial.py for tasks to queue
[2024-06-04T23:55:20.062+0000] {logging_mixin.py:137} INFO - [2024-06-04T23:55:20.062+0000] {dagbag.py:538} INFO - Filling up the DagBag from /home/airflow/.local/lib/python3.7/site-packages/airflow/example_dags/tutorial.py
[2024-06-04T23:55:20.072+0000] {processor.py:753} INFO - DAG(s) dict_keys(['tutorial']) retrieved from /home/airflow/.local/lib/python3.7/site-packages/airflow/example_dags/tutorial.py
[2024-06-04T23:55:20.091+0000] {logging_mixin.py:137} INFO - [2024-06-04T23:55:20.091+0000] {dag.py:2690} INFO - Sync 1 DAGs
[2024-06-04T23:55:20.108+0000] {logging_mixin.py:137} INFO - [2024-06-04T23:55:20.108+0000] {dag.py:3441} INFO - Setting next_dagrun for tutorial to 2024-06-04T23:48:42.904434+00:00, run_after=2024-06-05T23:48:42.904434+00:00
[2024-06-04T23:55:20.120+0000] {processor.py:175} INFO - Processing /home/airflow/.local/lib/python3.7/site-packages/airflow/example_dags/tutorial.py took 0.061 seconds
[2024-06-04T23:55:50.940+0000] {processor.py:153} INFO - Started process (PID=8901) to work on /home/airflow/.local/lib/python3.7/site-packages/airflow/example_dags/tutorial.py
[2024-06-04T23:55:50.941+0000] {processor.py:743} INFO - Processing file /home/airflow/.local/lib/python3.7/site-packages/airflow/example_dags/tutorial.py for tasks to queue
[2024-06-04T23:55:50.941+0000] {logging_mixin.py:137} INFO - [2024-06-04T23:55:50.941+0000] {dagbag.py:538} INFO - Filling up the DagBag from /home/airflow/.local/lib/python3.7/site-packages/airflow/example_dags/tutorial.py
[2024-06-04T23:55:50.954+0000] {processor.py:753} INFO - DAG(s) dict_keys(['tutorial']) retrieved from /home/airflow/.local/lib/python3.7/site-packages/airflow/example_dags/tutorial.py
[2024-06-04T23:55:50.982+0000] {logging_mixin.py:137} INFO - [2024-06-04T23:55:50.982+0000] {dag.py:2690} INFO - Sync 1 DAGs
[2024-06-04T23:55:51.015+0000] {logging_mixin.py:137} INFO - [2024-06-04T23:55:51.015+0000] {dag.py:3441} INFO - Setting next_dagrun for tutorial to 2024-06-04T23:48:42.904434+00:00, run_after=2024-06-05T23:48:42.904434+00:00
[2024-06-04T23:55:51.040+0000] {processor.py:175} INFO - Processing /home/airflow/.local/lib/python3.7/site-packages/airflow/example_dags/tutorial.py took 0.103 seconds
[2024-06-04T23:56:21.146+0000] {processor.py:153} INFO - Started process (PID=9011) to work on /home/airflow/.local/lib/python3.7/site-packages/airflow/example_dags/tutorial.py
[2024-06-04T23:56:21.147+0000] {processor.py:743} INFO - Processing file /home/airflow/.local/lib/python3.7/site-packages/airflow/example_dags/tutorial.py for tasks to queue
[2024-06-04T23:56:21.147+0000] {logging_mixin.py:137} INFO - [2024-06-04T23:56:21.147+0000] {dagbag.py:538} INFO - Filling up the DagBag from /home/airflow/.local/lib/python3.7/site-packages/airflow/example_dags/tutorial.py
[2024-06-04T23:56:21.158+0000] {processor.py:753} INFO - DAG(s) dict_keys(['tutorial']) retrieved from /home/airflow/.local/lib/python3.7/site-packages/airflow/example_dags/tutorial.py
[2024-06-04T23:56:21.178+0000] {logging_mixin.py:137} INFO - [2024-06-04T23:56:21.178+0000] {dag.py:2690} INFO - Sync 1 DAGs
[2024-06-04T23:56:21.198+0000] {logging_mixin.py:137} INFO - [2024-06-04T23:56:21.198+0000] {dag.py:3441} INFO - Setting next_dagrun for tutorial to 2024-06-04T23:48:42.904434+00:00, run_after=2024-06-05T23:48:42.904434+00:00
[2024-06-04T23:56:21.213+0000] {processor.py:175} INFO - Processing /home/airflow/.local/lib/python3.7/site-packages/airflow/example_dags/tutorial.py took 0.070 seconds
[2024-06-04T23:56:51.397+0000] {processor.py:153} INFO - Started process (PID=9143) to work on /home/airflow/.local/lib/python3.7/site-packages/airflow/example_dags/tutorial.py
[2024-06-04T23:56:51.398+0000] {processor.py:743} INFO - Processing file /home/airflow/.local/lib/python3.7/site-packages/airflow/example_dags/tutorial.py for tasks to queue
[2024-06-04T23:56:51.398+0000] {logging_mixin.py:137} INFO - [2024-06-04T23:56:51.398+0000] {dagbag.py:538} INFO - Filling up the DagBag from /home/airflow/.local/lib/python3.7/site-packages/airflow/example_dags/tutorial.py
[2024-06-04T23:56:51.409+0000] {processor.py:753} INFO - DAG(s) dict_keys(['tutorial']) retrieved from /home/airflow/.local/lib/python3.7/site-packages/airflow/example_dags/tutorial.py
[2024-06-04T23:56:51.430+0000] {logging_mixin.py:137} INFO - [2024-06-04T23:56:51.430+0000] {dag.py:2690} INFO - Sync 1 DAGs
[2024-06-04T23:56:51.452+0000] {logging_mixin.py:137} INFO - [2024-06-04T23:56:51.451+0000] {dag.py:3441} INFO - Setting next_dagrun for tutorial to 2024-06-04T23:48:42.904434+00:00, run_after=2024-06-05T23:48:42.904434+00:00
[2024-06-04T23:56:51.466+0000] {processor.py:175} INFO - Processing /home/airflow/.local/lib/python3.7/site-packages/airflow/example_dags/tutorial.py took 0.071 seconds
[2024-06-04T23:57:22.183+0000] {processor.py:153} INFO - Started process (PID=9236) to work on /home/airflow/.local/lib/python3.7/site-packages/airflow/example_dags/tutorial.py
[2024-06-04T23:57:22.184+0000] {processor.py:743} INFO - Processing file /home/airflow/.local/lib/python3.7/site-packages/airflow/example_dags/tutorial.py for tasks to queue
[2024-06-04T23:57:22.184+0000] {logging_mixin.py:137} INFO - [2024-06-04T23:57:22.184+0000] {dagbag.py:538} INFO - Filling up the DagBag from /home/airflow/.local/lib/python3.7/site-packages/airflow/example_dags/tutorial.py
[2024-06-04T23:57:22.194+0000] {processor.py:753} INFO - DAG(s) dict_keys(['tutorial']) retrieved from /home/airflow/.local/lib/python3.7/site-packages/airflow/example_dags/tutorial.py
[2024-06-04T23:57:22.212+0000] {logging_mixin.py:137} INFO - [2024-06-04T23:57:22.212+0000] {dag.py:2690} INFO - Sync 1 DAGs
[2024-06-04T23:57:22.230+0000] {logging_mixin.py:137} INFO - [2024-06-04T23:57:22.230+0000] {dag.py:3441} INFO - Setting next_dagrun for tutorial to 2024-06-04T23:48:42.904434+00:00, run_after=2024-06-05T23:48:42.904434+00:00
[2024-06-04T23:57:22.242+0000] {processor.py:175} INFO - Processing /home/airflow/.local/lib/python3.7/site-packages/airflow/example_dags/tutorial.py took 0.061 seconds
[2024-06-04T23:57:52.361+0000] {processor.py:153} INFO - Started process (PID=9347) to work on /home/airflow/.local/lib/python3.7/site-packages/airflow/example_dags/tutorial.py
[2024-06-04T23:57:52.361+0000] {processor.py:743} INFO - Processing file /home/airflow/.local/lib/python3.7/site-packages/airflow/example_dags/tutorial.py for tasks to queue
[2024-06-04T23:57:52.362+0000] {logging_mixin.py:137} INFO - [2024-06-04T23:57:52.361+0000] {dagbag.py:538} INFO - Filling up the DagBag from /home/airflow/.local/lib/python3.7/site-packages/airflow/example_dags/tutorial.py
[2024-06-04T23:57:52.374+0000] {processor.py:753} INFO - DAG(s) dict_keys(['tutorial']) retrieved from /home/airflow/.local/lib/python3.7/site-packages/airflow/example_dags/tutorial.py
[2024-06-04T23:57:52.398+0000] {logging_mixin.py:137} INFO - [2024-06-04T23:57:52.398+0000] {dag.py:2690} INFO - Sync 1 DAGs
[2024-06-04T23:57:52.424+0000] {logging_mixin.py:137} INFO - [2024-06-04T23:57:52.424+0000] {dag.py:3441} INFO - Setting next_dagrun for tutorial to 2024-06-04T23:48:42.904434+00:00, run_after=2024-06-05T23:48:42.904434+00:00
[2024-06-04T23:57:52.441+0000] {processor.py:175} INFO - Processing /home/airflow/.local/lib/python3.7/site-packages/airflow/example_dags/tutorial.py took 0.083 seconds
[2024-06-04T23:58:22.472+0000] {processor.py:153} INFO - Started process (PID=9443) to work on /home/airflow/.local/lib/python3.7/site-packages/airflow/example_dags/tutorial.py
[2024-06-04T23:58:22.473+0000] {processor.py:743} INFO - Processing file /home/airflow/.local/lib/python3.7/site-packages/airflow/example_dags/tutorial.py for tasks to queue
[2024-06-04T23:58:22.473+0000] {logging_mixin.py:137} INFO - [2024-06-04T23:58:22.473+0000] {dagbag.py:538} INFO - Filling up the DagBag from /home/airflow/.local/lib/python3.7/site-packages/airflow/example_dags/tutorial.py
[2024-06-04T23:58:22.483+0000] {processor.py:753} INFO - DAG(s) dict_keys(['tutorial']) retrieved from /home/airflow/.local/lib/python3.7/site-packages/airflow/example_dags/tutorial.py
[2024-06-04T23:58:22.501+0000] {logging_mixin.py:137} INFO - [2024-06-04T23:58:22.501+0000] {dag.py:2690} INFO - Sync 1 DAGs
[2024-06-04T23:58:22.519+0000] {logging_mixin.py:137} INFO - [2024-06-04T23:58:22.519+0000] {dag.py:3441} INFO - Setting next_dagrun for tutorial to 2024-06-04T23:48:42.904434+00:00, run_after=2024-06-05T23:48:42.904434+00:00
[2024-06-04T23:58:22.533+0000] {processor.py:175} INFO - Processing /home/airflow/.local/lib/python3.7/site-packages/airflow/example_dags/tutorial.py took 0.063 seconds
[2024-06-04T23:58:52.700+0000] {processor.py:153} INFO - Started process (PID=9554) to work on /home/airflow/.local/lib/python3.7/site-packages/airflow/example_dags/tutorial.py
[2024-06-04T23:58:52.701+0000] {processor.py:743} INFO - Processing file /home/airflow/.local/lib/python3.7/site-packages/airflow/example_dags/tutorial.py for tasks to queue
[2024-06-04T23:58:52.701+0000] {logging_mixin.py:137} INFO - [2024-06-04T23:58:52.701+0000] {dagbag.py:538} INFO - Filling up the DagBag from /home/airflow/.local/lib/python3.7/site-packages/airflow/example_dags/tutorial.py
[2024-06-04T23:58:52.713+0000] {processor.py:753} INFO - DAG(s) dict_keys(['tutorial']) retrieved from /home/airflow/.local/lib/python3.7/site-packages/airflow/example_dags/tutorial.py
[2024-06-04T23:58:52.731+0000] {logging_mixin.py:137} INFO - [2024-06-04T23:58:52.731+0000] {dag.py:2690} INFO - Sync 1 DAGs
[2024-06-04T23:58:52.751+0000] {logging_mixin.py:137} INFO - [2024-06-04T23:58:52.751+0000] {dag.py:3441} INFO - Setting next_dagrun for tutorial to 2024-06-04T23:48:42.904434+00:00, run_after=2024-06-05T23:48:42.904434+00:00
[2024-06-04T23:58:52.765+0000] {processor.py:175} INFO - Processing /home/airflow/.local/lib/python3.7/site-packages/airflow/example_dags/tutorial.py took 0.067 seconds
[2024-06-04T23:59:23.403+0000] {processor.py:153} INFO - Started process (PID=9670) to work on /home/airflow/.local/lib/python3.7/site-packages/airflow/example_dags/tutorial.py
[2024-06-04T23:59:23.404+0000] {processor.py:743} INFO - Processing file /home/airflow/.local/lib/python3.7/site-packages/airflow/example_dags/tutorial.py for tasks to queue
[2024-06-04T23:59:23.404+0000] {logging_mixin.py:137} INFO - [2024-06-04T23:59:23.404+0000] {dagbag.py:538} INFO - Filling up the DagBag from /home/airflow/.local/lib/python3.7/site-packages/airflow/example_dags/tutorial.py
[2024-06-04T23:59:23.415+0000] {processor.py:753} INFO - DAG(s) dict_keys(['tutorial']) retrieved from /home/airflow/.local/lib/python3.7/site-packages/airflow/example_dags/tutorial.py
[2024-06-04T23:59:23.433+0000] {logging_mixin.py:137} INFO - [2024-06-04T23:59:23.433+0000] {dag.py:2690} INFO - Sync 1 DAGs
[2024-06-04T23:59:23.451+0000] {logging_mixin.py:137} INFO - [2024-06-04T23:59:23.451+0000] {dag.py:3441} INFO - Setting next_dagrun for tutorial to 2024-06-04T23:48:42.904434+00:00, run_after=2024-06-05T23:48:42.904434+00:00
[2024-06-04T23:59:23.465+0000] {processor.py:175} INFO - Processing /home/airflow/.local/lib/python3.7/site-packages/airflow/example_dags/tutorial.py took 0.068 seconds
[2024-06-04T23:59:54.154+0000] {processor.py:153} INFO - Started process (PID=9757) to work on /home/airflow/.local/lib/python3.7/site-packages/airflow/example_dags/tutorial.py
[2024-06-04T23:59:54.154+0000] {processor.py:743} INFO - Processing file /home/airflow/.local/lib/python3.7/site-packages/airflow/example_dags/tutorial.py for tasks to queue
[2024-06-04T23:59:54.155+0000] {logging_mixin.py:137} INFO - [2024-06-04T23:59:54.155+0000] {dagbag.py:538} INFO - Filling up the DagBag from /home/airflow/.local/lib/python3.7/site-packages/airflow/example_dags/tutorial.py
[2024-06-04T23:59:54.164+0000] {processor.py:753} INFO - DAG(s) dict_keys(['tutorial']) retrieved from /home/airflow/.local/lib/python3.7/site-packages/airflow/example_dags/tutorial.py
[2024-06-04T23:59:54.182+0000] {logging_mixin.py:137} INFO - [2024-06-04T23:59:54.182+0000] {dag.py:2690} INFO - Sync 1 DAGs
[2024-06-04T23:59:54.199+0000] {logging_mixin.py:137} INFO - [2024-06-04T23:59:54.199+0000] {dag.py:3441} INFO - Setting next_dagrun for tutorial to 2024-06-04T23:48:42.904434+00:00, run_after=2024-06-05T23:48:42.904434+00:00
[2024-06-04T23:59:54.212+0000] {processor.py:175} INFO - Processing /home/airflow/.local/lib/python3.7/site-packages/airflow/example_dags/tutorial.py took 0.061 seconds
