[2024-06-04T23:37:26.893+0000] {processor.py:153} INFO - Started process (PID=64) to work on /home/airflow/.local/lib/python3.7/site-packages/airflow/example_dags/tutorial_dag.py
[2024-06-04T23:37:26.894+0000] {processor.py:743} INFO - Processing file /home/airflow/.local/lib/python3.7/site-packages/airflow/example_dags/tutorial_dag.py for tasks to queue
[2024-06-04T23:37:26.894+0000] {logging_mixin.py:137} INFO - [2024-06-04T23:37:26.894+0000] {dagbag.py:538} INFO - Filling up the DagBag from /home/airflow/.local/lib/python3.7/site-packages/airflow/example_dags/tutorial_dag.py
[2024-06-04T23:37:26.904+0000] {processor.py:753} INFO - DAG(s) dict_keys(['tutorial_dag']) retrieved from /home/airflow/.local/lib/python3.7/site-packages/airflow/example_dags/tutorial_dag.py
[2024-06-04T23:37:26.984+0000] {logging_mixin.py:137} INFO - [2024-06-04T23:37:26.984+0000] {manager.py:504} INFO - Created Permission View: can edit on DAG:tutorial_dag
[2024-06-04T23:37:26.991+0000] {logging_mixin.py:137} INFO - [2024-06-04T23:37:26.990+0000] {manager.py:504} INFO - Created Permission View: can read on DAG:tutorial_dag
[2024-06-04T23:37:26.996+0000] {logging_mixin.py:137} INFO - [2024-06-04T23:37:26.996+0000] {manager.py:504} INFO - Created Permission View: can delete on DAG:tutorial_dag
[2024-06-04T23:37:26.996+0000] {logging_mixin.py:137} INFO - [2024-06-04T23:37:26.996+0000] {dag.py:2690} INFO - Sync 1 DAGs
[2024-06-04T23:37:27.006+0000] {logging_mixin.py:137} INFO - [2024-06-04T23:37:27.006+0000] {dag.py:2711} INFO - Creating ORM DAG for tutorial_dag
[2024-06-04T23:37:27.014+0000] {logging_mixin.py:137} INFO - [2024-06-04T23:37:27.014+0000] {dag.py:3441} INFO - Setting next_dagrun for tutorial_dag to None, run_after=None
[2024-06-04T23:37:27.026+0000] {processor.py:175} INFO - Processing /home/airflow/.local/lib/python3.7/site-packages/airflow/example_dags/tutorial_dag.py took 0.135 seconds
[2024-06-04T23:37:57.584+0000] {processor.py:153} INFO - Started process (PID=175) to work on /home/airflow/.local/lib/python3.7/site-packages/airflow/example_dags/tutorial_dag.py
[2024-06-04T23:37:57.585+0000] {processor.py:743} INFO - Processing file /home/airflow/.local/lib/python3.7/site-packages/airflow/example_dags/tutorial_dag.py for tasks to queue
[2024-06-04T23:37:57.585+0000] {logging_mixin.py:137} INFO - [2024-06-04T23:37:57.585+0000] {dagbag.py:538} INFO - Filling up the DagBag from /home/airflow/.local/lib/python3.7/site-packages/airflow/example_dags/tutorial_dag.py
[2024-06-04T23:37:57.595+0000] {processor.py:753} INFO - DAG(s) dict_keys(['tutorial_dag']) retrieved from /home/airflow/.local/lib/python3.7/site-packages/airflow/example_dags/tutorial_dag.py
[2024-06-04T23:37:57.613+0000] {logging_mixin.py:137} INFO - [2024-06-04T23:37:57.613+0000] {dag.py:2690} INFO - Sync 1 DAGs
[2024-06-04T23:37:57.630+0000] {logging_mixin.py:137} INFO - [2024-06-04T23:37:57.630+0000] {dag.py:3441} INFO - Setting next_dagrun for tutorial_dag to None, run_after=None
[2024-06-04T23:37:57.642+0000] {processor.py:175} INFO - Processing /home/airflow/.local/lib/python3.7/site-packages/airflow/example_dags/tutorial_dag.py took 0.060 seconds
[2024-06-04T23:38:28.495+0000] {processor.py:153} INFO - Started process (PID=286) to work on /home/airflow/.local/lib/python3.7/site-packages/airflow/example_dags/tutorial_dag.py
[2024-06-04T23:38:28.496+0000] {processor.py:743} INFO - Processing file /home/airflow/.local/lib/python3.7/site-packages/airflow/example_dags/tutorial_dag.py for tasks to queue
[2024-06-04T23:38:28.496+0000] {logging_mixin.py:137} INFO - [2024-06-04T23:38:28.496+0000] {dagbag.py:538} INFO - Filling up the DagBag from /home/airflow/.local/lib/python3.7/site-packages/airflow/example_dags/tutorial_dag.py
[2024-06-04T23:38:28.506+0000] {processor.py:753} INFO - DAG(s) dict_keys(['tutorial_dag']) retrieved from /home/airflow/.local/lib/python3.7/site-packages/airflow/example_dags/tutorial_dag.py
[2024-06-04T23:38:28.526+0000] {logging_mixin.py:137} INFO - [2024-06-04T23:38:28.526+0000] {dag.py:2690} INFO - Sync 1 DAGs
[2024-06-04T23:38:28.548+0000] {logging_mixin.py:137} INFO - [2024-06-04T23:38:28.548+0000] {dag.py:3441} INFO - Setting next_dagrun for tutorial_dag to None, run_after=None
[2024-06-04T23:38:28.563+0000] {processor.py:175} INFO - Processing /home/airflow/.local/lib/python3.7/site-packages/airflow/example_dags/tutorial_dag.py took 0.070 seconds
[2024-06-04T23:38:59.321+0000] {processor.py:153} INFO - Started process (PID=373) to work on /home/airflow/.local/lib/python3.7/site-packages/airflow/example_dags/tutorial_dag.py
[2024-06-04T23:38:59.322+0000] {processor.py:743} INFO - Processing file /home/airflow/.local/lib/python3.7/site-packages/airflow/example_dags/tutorial_dag.py for tasks to queue
[2024-06-04T23:38:59.322+0000] {logging_mixin.py:137} INFO - [2024-06-04T23:38:59.322+0000] {dagbag.py:538} INFO - Filling up the DagBag from /home/airflow/.local/lib/python3.7/site-packages/airflow/example_dags/tutorial_dag.py
[2024-06-04T23:38:59.331+0000] {processor.py:753} INFO - DAG(s) dict_keys(['tutorial_dag']) retrieved from /home/airflow/.local/lib/python3.7/site-packages/airflow/example_dags/tutorial_dag.py
[2024-06-04T23:38:59.351+0000] {logging_mixin.py:137} INFO - [2024-06-04T23:38:59.351+0000] {dag.py:2690} INFO - Sync 1 DAGs
[2024-06-04T23:38:59.371+0000] {logging_mixin.py:137} INFO - [2024-06-04T23:38:59.371+0000] {dag.py:3441} INFO - Setting next_dagrun for tutorial_dag to None, run_after=None
[2024-06-04T23:38:59.384+0000] {processor.py:175} INFO - Processing /home/airflow/.local/lib/python3.7/site-packages/airflow/example_dags/tutorial_dag.py took 0.065 seconds
[2024-06-04T23:39:30.023+0000] {processor.py:153} INFO - Started process (PID=484) to work on /home/airflow/.local/lib/python3.7/site-packages/airflow/example_dags/tutorial_dag.py
[2024-06-04T23:39:30.024+0000] {processor.py:743} INFO - Processing file /home/airflow/.local/lib/python3.7/site-packages/airflow/example_dags/tutorial_dag.py for tasks to queue
[2024-06-04T23:39:30.024+0000] {logging_mixin.py:137} INFO - [2024-06-04T23:39:30.024+0000] {dagbag.py:538} INFO - Filling up the DagBag from /home/airflow/.local/lib/python3.7/site-packages/airflow/example_dags/tutorial_dag.py
[2024-06-04T23:39:30.034+0000] {processor.py:753} INFO - DAG(s) dict_keys(['tutorial_dag']) retrieved from /home/airflow/.local/lib/python3.7/site-packages/airflow/example_dags/tutorial_dag.py
[2024-06-04T23:39:30.053+0000] {logging_mixin.py:137} INFO - [2024-06-04T23:39:30.052+0000] {dag.py:2690} INFO - Sync 1 DAGs
[2024-06-04T23:39:30.075+0000] {logging_mixin.py:137} INFO - [2024-06-04T23:39:30.074+0000] {dag.py:3441} INFO - Setting next_dagrun for tutorial_dag to None, run_after=None
[2024-06-04T23:39:30.087+0000] {processor.py:175} INFO - Processing /home/airflow/.local/lib/python3.7/site-packages/airflow/example_dags/tutorial_dag.py took 0.066 seconds
[2024-06-04T23:40:00.748+0000] {processor.py:153} INFO - Started process (PID=571) to work on /home/airflow/.local/lib/python3.7/site-packages/airflow/example_dags/tutorial_dag.py
[2024-06-04T23:40:00.749+0000] {processor.py:743} INFO - Processing file /home/airflow/.local/lib/python3.7/site-packages/airflow/example_dags/tutorial_dag.py for tasks to queue
[2024-06-04T23:40:00.749+0000] {logging_mixin.py:137} INFO - [2024-06-04T23:40:00.749+0000] {dagbag.py:538} INFO - Filling up the DagBag from /home/airflow/.local/lib/python3.7/site-packages/airflow/example_dags/tutorial_dag.py
[2024-06-04T23:40:00.758+0000] {processor.py:753} INFO - DAG(s) dict_keys(['tutorial_dag']) retrieved from /home/airflow/.local/lib/python3.7/site-packages/airflow/example_dags/tutorial_dag.py
[2024-06-04T23:40:00.776+0000] {logging_mixin.py:137} INFO - [2024-06-04T23:40:00.776+0000] {dag.py:2690} INFO - Sync 1 DAGs
[2024-06-04T23:40:00.793+0000] {logging_mixin.py:137} INFO - [2024-06-04T23:40:00.793+0000] {dag.py:3441} INFO - Setting next_dagrun for tutorial_dag to None, run_after=None
[2024-06-04T23:40:00.806+0000] {processor.py:175} INFO - Processing /home/airflow/.local/lib/python3.7/site-packages/airflow/example_dags/tutorial_dag.py took 0.059 seconds
[2024-06-04T23:40:31.439+0000] {processor.py:153} INFO - Started process (PID=682) to work on /home/airflow/.local/lib/python3.7/site-packages/airflow/example_dags/tutorial_dag.py
[2024-06-04T23:40:31.440+0000] {processor.py:743} INFO - Processing file /home/airflow/.local/lib/python3.7/site-packages/airflow/example_dags/tutorial_dag.py for tasks to queue
[2024-06-04T23:40:31.440+0000] {logging_mixin.py:137} INFO - [2024-06-04T23:40:31.440+0000] {dagbag.py:538} INFO - Filling up the DagBag from /home/airflow/.local/lib/python3.7/site-packages/airflow/example_dags/tutorial_dag.py
[2024-06-04T23:40:31.449+0000] {processor.py:753} INFO - DAG(s) dict_keys(['tutorial_dag']) retrieved from /home/airflow/.local/lib/python3.7/site-packages/airflow/example_dags/tutorial_dag.py
[2024-06-04T23:40:31.468+0000] {logging_mixin.py:137} INFO - [2024-06-04T23:40:31.468+0000] {dag.py:2690} INFO - Sync 1 DAGs
[2024-06-04T23:40:31.485+0000] {logging_mixin.py:137} INFO - [2024-06-04T23:40:31.485+0000] {dag.py:3441} INFO - Setting next_dagrun for tutorial_dag to None, run_after=None
[2024-06-04T23:40:31.497+0000] {processor.py:175} INFO - Processing /home/airflow/.local/lib/python3.7/site-packages/airflow/example_dags/tutorial_dag.py took 0.060 seconds
[2024-06-04T23:41:02.174+0000] {processor.py:153} INFO - Started process (PID=793) to work on /home/airflow/.local/lib/python3.7/site-packages/airflow/example_dags/tutorial_dag.py
[2024-06-04T23:41:02.175+0000] {processor.py:743} INFO - Processing file /home/airflow/.local/lib/python3.7/site-packages/airflow/example_dags/tutorial_dag.py for tasks to queue
[2024-06-04T23:41:02.175+0000] {logging_mixin.py:137} INFO - [2024-06-04T23:41:02.175+0000] {dagbag.py:538} INFO - Filling up the DagBag from /home/airflow/.local/lib/python3.7/site-packages/airflow/example_dags/tutorial_dag.py
[2024-06-04T23:41:02.184+0000] {processor.py:753} INFO - DAG(s) dict_keys(['tutorial_dag']) retrieved from /home/airflow/.local/lib/python3.7/site-packages/airflow/example_dags/tutorial_dag.py
[2024-06-04T23:41:02.202+0000] {logging_mixin.py:137} INFO - [2024-06-04T23:41:02.202+0000] {dag.py:2690} INFO - Sync 1 DAGs
[2024-06-04T23:41:02.219+0000] {logging_mixin.py:137} INFO - [2024-06-04T23:41:02.218+0000] {dag.py:3441} INFO - Setting next_dagrun for tutorial_dag to None, run_after=None
[2024-06-04T23:41:02.230+0000] {processor.py:175} INFO - Processing /home/airflow/.local/lib/python3.7/site-packages/airflow/example_dags/tutorial_dag.py took 0.058 seconds
[2024-06-04T23:41:32.874+0000] {processor.py:153} INFO - Started process (PID=880) to work on /home/airflow/.local/lib/python3.7/site-packages/airflow/example_dags/tutorial_dag.py
[2024-06-04T23:41:32.875+0000] {processor.py:743} INFO - Processing file /home/airflow/.local/lib/python3.7/site-packages/airflow/example_dags/tutorial_dag.py for tasks to queue
[2024-06-04T23:41:32.875+0000] {logging_mixin.py:137} INFO - [2024-06-04T23:41:32.875+0000] {dagbag.py:538} INFO - Filling up the DagBag from /home/airflow/.local/lib/python3.7/site-packages/airflow/example_dags/tutorial_dag.py
[2024-06-04T23:41:32.885+0000] {processor.py:753} INFO - DAG(s) dict_keys(['tutorial_dag']) retrieved from /home/airflow/.local/lib/python3.7/site-packages/airflow/example_dags/tutorial_dag.py
[2024-06-04T23:41:32.903+0000] {logging_mixin.py:137} INFO - [2024-06-04T23:41:32.903+0000] {dag.py:2690} INFO - Sync 1 DAGs
[2024-06-04T23:41:32.920+0000] {logging_mixin.py:137} INFO - [2024-06-04T23:41:32.920+0000] {dag.py:3441} INFO - Setting next_dagrun for tutorial_dag to None, run_after=None
[2024-06-04T23:41:32.932+0000] {processor.py:175} INFO - Processing /home/airflow/.local/lib/python3.7/site-packages/airflow/example_dags/tutorial_dag.py took 0.061 seconds
[2024-06-04T23:42:03.605+0000] {processor.py:153} INFO - Started process (PID=991) to work on /home/airflow/.local/lib/python3.7/site-packages/airflow/example_dags/tutorial_dag.py
[2024-06-04T23:42:03.605+0000] {processor.py:743} INFO - Processing file /home/airflow/.local/lib/python3.7/site-packages/airflow/example_dags/tutorial_dag.py for tasks to queue
[2024-06-04T23:42:03.606+0000] {logging_mixin.py:137} INFO - [2024-06-04T23:42:03.606+0000] {dagbag.py:538} INFO - Filling up the DagBag from /home/airflow/.local/lib/python3.7/site-packages/airflow/example_dags/tutorial_dag.py
[2024-06-04T23:42:03.615+0000] {processor.py:753} INFO - DAG(s) dict_keys(['tutorial_dag']) retrieved from /home/airflow/.local/lib/python3.7/site-packages/airflow/example_dags/tutorial_dag.py
[2024-06-04T23:42:03.635+0000] {logging_mixin.py:137} INFO - [2024-06-04T23:42:03.634+0000] {dag.py:2690} INFO - Sync 1 DAGs
[2024-06-04T23:42:03.654+0000] {logging_mixin.py:137} INFO - [2024-06-04T23:42:03.654+0000] {dag.py:3441} INFO - Setting next_dagrun for tutorial_dag to None, run_after=None
[2024-06-04T23:42:03.667+0000] {processor.py:175} INFO - Processing /home/airflow/.local/lib/python3.7/site-packages/airflow/example_dags/tutorial_dag.py took 0.065 seconds
[2024-06-04T23:42:33.707+0000] {processor.py:153} INFO - Started process (PID=1085) to work on /home/airflow/.local/lib/python3.7/site-packages/airflow/example_dags/tutorial_dag.py
[2024-06-04T23:42:33.708+0000] {processor.py:743} INFO - Processing file /home/airflow/.local/lib/python3.7/site-packages/airflow/example_dags/tutorial_dag.py for tasks to queue
[2024-06-04T23:42:33.708+0000] {logging_mixin.py:137} INFO - [2024-06-04T23:42:33.708+0000] {dagbag.py:538} INFO - Filling up the DagBag from /home/airflow/.local/lib/python3.7/site-packages/airflow/example_dags/tutorial_dag.py
[2024-06-04T23:42:33.717+0000] {processor.py:753} INFO - DAG(s) dict_keys(['tutorial_dag']) retrieved from /home/airflow/.local/lib/python3.7/site-packages/airflow/example_dags/tutorial_dag.py
[2024-06-04T23:42:33.735+0000] {logging_mixin.py:137} INFO - [2024-06-04T23:42:33.735+0000] {dag.py:2690} INFO - Sync 1 DAGs
[2024-06-04T23:42:33.752+0000] {logging_mixin.py:137} INFO - [2024-06-04T23:42:33.752+0000] {dag.py:3441} INFO - Setting next_dagrun for tutorial_dag to None, run_after=None
[2024-06-04T23:42:33.764+0000] {processor.py:175} INFO - Processing /home/airflow/.local/lib/python3.7/site-packages/airflow/example_dags/tutorial_dag.py took 0.059 seconds
[2024-06-04T23:43:04.713+0000] {processor.py:153} INFO - Started process (PID=1189) to work on /home/airflow/.local/lib/python3.7/site-packages/airflow/example_dags/tutorial_dag.py
[2024-06-04T23:43:04.714+0000] {processor.py:743} INFO - Processing file /home/airflow/.local/lib/python3.7/site-packages/airflow/example_dags/tutorial_dag.py for tasks to queue
[2024-06-04T23:43:04.714+0000] {logging_mixin.py:137} INFO - [2024-06-04T23:43:04.714+0000] {dagbag.py:538} INFO - Filling up the DagBag from /home/airflow/.local/lib/python3.7/site-packages/airflow/example_dags/tutorial_dag.py
[2024-06-04T23:43:04.723+0000] {processor.py:753} INFO - DAG(s) dict_keys(['tutorial_dag']) retrieved from /home/airflow/.local/lib/python3.7/site-packages/airflow/example_dags/tutorial_dag.py
[2024-06-04T23:43:04.743+0000] {logging_mixin.py:137} INFO - [2024-06-04T23:43:04.743+0000] {dag.py:2690} INFO - Sync 1 DAGs
[2024-06-04T23:43:04.759+0000] {logging_mixin.py:137} INFO - [2024-06-04T23:43:04.759+0000] {dag.py:3441} INFO - Setting next_dagrun for tutorial_dag to None, run_after=None
[2024-06-04T23:43:04.771+0000] {processor.py:175} INFO - Processing /home/airflow/.local/lib/python3.7/site-packages/airflow/example_dags/tutorial_dag.py took 0.060 seconds
[2024-06-04T23:43:35.527+0000] {processor.py:153} INFO - Started process (PID=1300) to work on /home/airflow/.local/lib/python3.7/site-packages/airflow/example_dags/tutorial_dag.py
[2024-06-04T23:43:35.528+0000] {processor.py:743} INFO - Processing file /home/airflow/.local/lib/python3.7/site-packages/airflow/example_dags/tutorial_dag.py for tasks to queue
[2024-06-04T23:43:35.528+0000] {logging_mixin.py:137} INFO - [2024-06-04T23:43:35.528+0000] {dagbag.py:538} INFO - Filling up the DagBag from /home/airflow/.local/lib/python3.7/site-packages/airflow/example_dags/tutorial_dag.py
[2024-06-04T23:43:35.537+0000] {processor.py:753} INFO - DAG(s) dict_keys(['tutorial_dag']) retrieved from /home/airflow/.local/lib/python3.7/site-packages/airflow/example_dags/tutorial_dag.py
[2024-06-04T23:43:35.555+0000] {logging_mixin.py:137} INFO - [2024-06-04T23:43:35.555+0000] {dag.py:2690} INFO - Sync 1 DAGs
[2024-06-04T23:43:35.573+0000] {logging_mixin.py:137} INFO - [2024-06-04T23:43:35.573+0000] {dag.py:3441} INFO - Setting next_dagrun for tutorial_dag to None, run_after=None
[2024-06-04T23:43:35.585+0000] {processor.py:175} INFO - Processing /home/airflow/.local/lib/python3.7/site-packages/airflow/example_dags/tutorial_dag.py took 0.060 seconds
[2024-06-04T23:44:07.171+0000] {processor.py:153} INFO - Started process (PID=1500) to work on /home/airflow/.local/lib/python3.7/site-packages/airflow/example_dags/tutorial_dag.py
[2024-06-04T23:44:07.173+0000] {processor.py:743} INFO - Processing file /home/airflow/.local/lib/python3.7/site-packages/airflow/example_dags/tutorial_dag.py for tasks to queue
[2024-06-04T23:44:07.173+0000] {logging_mixin.py:137} INFO - [2024-06-04T23:44:07.173+0000] {dagbag.py:538} INFO - Filling up the DagBag from /home/airflow/.local/lib/python3.7/site-packages/airflow/example_dags/tutorial_dag.py
[2024-06-04T23:44:07.190+0000] {processor.py:753} INFO - DAG(s) dict_keys(['tutorial_dag']) retrieved from /home/airflow/.local/lib/python3.7/site-packages/airflow/example_dags/tutorial_dag.py
[2024-06-04T23:44:07.221+0000] {logging_mixin.py:137} INFO - [2024-06-04T23:44:07.220+0000] {dag.py:2690} INFO - Sync 1 DAGs
[2024-06-04T23:44:07.249+0000] {logging_mixin.py:137} INFO - [2024-06-04T23:44:07.249+0000] {dag.py:3441} INFO - Setting next_dagrun for tutorial_dag to None, run_after=None
[2024-06-04T23:44:07.271+0000] {processor.py:175} INFO - Processing /home/airflow/.local/lib/python3.7/site-packages/airflow/example_dags/tutorial_dag.py took 0.104 seconds
[2024-06-04T23:44:37.387+0000] {processor.py:153} INFO - Started process (PID=1873) to work on /home/airflow/.local/lib/python3.7/site-packages/airflow/example_dags/tutorial_dag.py
[2024-06-04T23:44:37.388+0000] {processor.py:743} INFO - Processing file /home/airflow/.local/lib/python3.7/site-packages/airflow/example_dags/tutorial_dag.py for tasks to queue
[2024-06-04T23:44:37.388+0000] {logging_mixin.py:137} INFO - [2024-06-04T23:44:37.388+0000] {dagbag.py:538} INFO - Filling up the DagBag from /home/airflow/.local/lib/python3.7/site-packages/airflow/example_dags/tutorial_dag.py
[2024-06-04T23:44:37.405+0000] {processor.py:753} INFO - DAG(s) dict_keys(['tutorial_dag']) retrieved from /home/airflow/.local/lib/python3.7/site-packages/airflow/example_dags/tutorial_dag.py
[2024-06-04T23:44:37.438+0000] {logging_mixin.py:137} INFO - [2024-06-04T23:44:37.437+0000] {dag.py:2690} INFO - Sync 1 DAGs
[2024-06-04T23:44:37.471+0000] {logging_mixin.py:137} INFO - [2024-06-04T23:44:37.470+0000] {dag.py:3441} INFO - Setting next_dagrun for tutorial_dag to None, run_after=None
[2024-06-04T23:44:37.495+0000] {processor.py:175} INFO - Processing /home/airflow/.local/lib/python3.7/site-packages/airflow/example_dags/tutorial_dag.py took 0.112 seconds
[2024-06-04T23:45:07.784+0000] {processor.py:153} INFO - Started process (PID=2197) to work on /home/airflow/.local/lib/python3.7/site-packages/airflow/example_dags/tutorial_dag.py
[2024-06-04T23:45:07.786+0000] {processor.py:743} INFO - Processing file /home/airflow/.local/lib/python3.7/site-packages/airflow/example_dags/tutorial_dag.py for tasks to queue
[2024-06-04T23:45:07.786+0000] {logging_mixin.py:137} INFO - [2024-06-04T23:45:07.786+0000] {dagbag.py:538} INFO - Filling up the DagBag from /home/airflow/.local/lib/python3.7/site-packages/airflow/example_dags/tutorial_dag.py
[2024-06-04T23:45:07.802+0000] {processor.py:753} INFO - DAG(s) dict_keys(['tutorial_dag']) retrieved from /home/airflow/.local/lib/python3.7/site-packages/airflow/example_dags/tutorial_dag.py
[2024-06-04T23:45:07.834+0000] {logging_mixin.py:137} INFO - [2024-06-04T23:45:07.834+0000] {dag.py:2690} INFO - Sync 1 DAGs
[2024-06-04T23:45:07.866+0000] {logging_mixin.py:137} INFO - [2024-06-04T23:45:07.866+0000] {dag.py:3441} INFO - Setting next_dagrun for tutorial_dag to None, run_after=None
[2024-06-04T23:45:07.890+0000] {processor.py:175} INFO - Processing /home/airflow/.local/lib/python3.7/site-packages/airflow/example_dags/tutorial_dag.py took 0.109 seconds
[2024-06-04T23:45:38.202+0000] {processor.py:153} INFO - Started process (PID=2552) to work on /home/airflow/.local/lib/python3.7/site-packages/airflow/example_dags/tutorial_dag.py
[2024-06-04T23:45:38.202+0000] {processor.py:743} INFO - Processing file /home/airflow/.local/lib/python3.7/site-packages/airflow/example_dags/tutorial_dag.py for tasks to queue
[2024-06-04T23:45:38.203+0000] {logging_mixin.py:137} INFO - [2024-06-04T23:45:38.203+0000] {dagbag.py:538} INFO - Filling up the DagBag from /home/airflow/.local/lib/python3.7/site-packages/airflow/example_dags/tutorial_dag.py
[2024-06-04T23:45:38.217+0000] {processor.py:753} INFO - DAG(s) dict_keys(['tutorial_dag']) retrieved from /home/airflow/.local/lib/python3.7/site-packages/airflow/example_dags/tutorial_dag.py
[2024-06-04T23:45:38.246+0000] {logging_mixin.py:137} INFO - [2024-06-04T23:45:38.245+0000] {dag.py:2690} INFO - Sync 1 DAGs
[2024-06-04T23:45:38.273+0000] {logging_mixin.py:137} INFO - [2024-06-04T23:45:38.272+0000] {dag.py:3441} INFO - Setting next_dagrun for tutorial_dag to None, run_after=None
[2024-06-04T23:45:38.293+0000] {processor.py:175} INFO - Processing /home/airflow/.local/lib/python3.7/site-packages/airflow/example_dags/tutorial_dag.py took 0.094 seconds
[2024-06-04T23:46:08.694+0000] {processor.py:153} INFO - Started process (PID=2886) to work on /home/airflow/.local/lib/python3.7/site-packages/airflow/example_dags/tutorial_dag.py
[2024-06-04T23:46:08.695+0000] {processor.py:743} INFO - Processing file /home/airflow/.local/lib/python3.7/site-packages/airflow/example_dags/tutorial_dag.py for tasks to queue
[2024-06-04T23:46:08.696+0000] {logging_mixin.py:137} INFO - [2024-06-04T23:46:08.696+0000] {dagbag.py:538} INFO - Filling up the DagBag from /home/airflow/.local/lib/python3.7/site-packages/airflow/example_dags/tutorial_dag.py
[2024-06-04T23:46:08.711+0000] {processor.py:753} INFO - DAG(s) dict_keys(['tutorial_dag']) retrieved from /home/airflow/.local/lib/python3.7/site-packages/airflow/example_dags/tutorial_dag.py
[2024-06-04T23:46:08.741+0000] {logging_mixin.py:137} INFO - [2024-06-04T23:46:08.740+0000] {dag.py:2690} INFO - Sync 1 DAGs
[2024-06-04T23:46:08.772+0000] {logging_mixin.py:137} INFO - [2024-06-04T23:46:08.771+0000] {dag.py:3441} INFO - Setting next_dagrun for tutorial_dag to None, run_after=None
[2024-06-04T23:46:08.794+0000] {processor.py:175} INFO - Processing /home/airflow/.local/lib/python3.7/site-packages/airflow/example_dags/tutorial_dag.py took 0.102 seconds
[2024-06-04T23:46:39.424+0000] {processor.py:153} INFO - Started process (PID=3255) to work on /home/airflow/.local/lib/python3.7/site-packages/airflow/example_dags/tutorial_dag.py
[2024-06-04T23:46:39.425+0000] {processor.py:743} INFO - Processing file /home/airflow/.local/lib/python3.7/site-packages/airflow/example_dags/tutorial_dag.py for tasks to queue
[2024-06-04T23:46:39.425+0000] {logging_mixin.py:137} INFO - [2024-06-04T23:46:39.425+0000] {dagbag.py:538} INFO - Filling up the DagBag from /home/airflow/.local/lib/python3.7/site-packages/airflow/example_dags/tutorial_dag.py
[2024-06-04T23:46:39.439+0000] {processor.py:753} INFO - DAG(s) dict_keys(['tutorial_dag']) retrieved from /home/airflow/.local/lib/python3.7/site-packages/airflow/example_dags/tutorial_dag.py
[2024-06-04T23:46:39.468+0000] {logging_mixin.py:137} INFO - [2024-06-04T23:46:39.468+0000] {dag.py:2690} INFO - Sync 1 DAGs
[2024-06-04T23:46:39.497+0000] {logging_mixin.py:137} INFO - [2024-06-04T23:46:39.497+0000] {dag.py:3441} INFO - Setting next_dagrun for tutorial_dag to None, run_after=None
[2024-06-04T23:46:39.517+0000] {processor.py:175} INFO - Processing /home/airflow/.local/lib/python3.7/site-packages/airflow/example_dags/tutorial_dag.py took 0.095 seconds
[2024-06-04T23:47:09.577+0000] {processor.py:153} INFO - Started process (PID=3578) to work on /home/airflow/.local/lib/python3.7/site-packages/airflow/example_dags/tutorial_dag.py
[2024-06-04T23:47:09.577+0000] {processor.py:743} INFO - Processing file /home/airflow/.local/lib/python3.7/site-packages/airflow/example_dags/tutorial_dag.py for tasks to queue
[2024-06-04T23:47:09.578+0000] {logging_mixin.py:137} INFO - [2024-06-04T23:47:09.578+0000] {dagbag.py:538} INFO - Filling up the DagBag from /home/airflow/.local/lib/python3.7/site-packages/airflow/example_dags/tutorial_dag.py
[2024-06-04T23:47:09.587+0000] {processor.py:753} INFO - DAG(s) dict_keys(['tutorial_dag']) retrieved from /home/airflow/.local/lib/python3.7/site-packages/airflow/example_dags/tutorial_dag.py
[2024-06-04T23:47:09.606+0000] {logging_mixin.py:137} INFO - [2024-06-04T23:47:09.606+0000] {dag.py:2690} INFO - Sync 1 DAGs
[2024-06-04T23:47:09.627+0000] {logging_mixin.py:137} INFO - [2024-06-04T23:47:09.627+0000] {dag.py:3441} INFO - Setting next_dagrun for tutorial_dag to None, run_after=None
[2024-06-04T23:47:09.641+0000] {processor.py:175} INFO - Processing /home/airflow/.local/lib/python3.7/site-packages/airflow/example_dags/tutorial_dag.py took 0.067 seconds
[2024-06-04T23:47:40.039+0000] {processor.py:153} INFO - Started process (PID=3931) to work on /home/airflow/.local/lib/python3.7/site-packages/airflow/example_dags/tutorial_dag.py
[2024-06-04T23:47:40.040+0000] {processor.py:743} INFO - Processing file /home/airflow/.local/lib/python3.7/site-packages/airflow/example_dags/tutorial_dag.py for tasks to queue
[2024-06-04T23:47:40.041+0000] {logging_mixin.py:137} INFO - [2024-06-04T23:47:40.041+0000] {dagbag.py:538} INFO - Filling up the DagBag from /home/airflow/.local/lib/python3.7/site-packages/airflow/example_dags/tutorial_dag.py
[2024-06-04T23:47:40.053+0000] {processor.py:753} INFO - DAG(s) dict_keys(['tutorial_dag']) retrieved from /home/airflow/.local/lib/python3.7/site-packages/airflow/example_dags/tutorial_dag.py
[2024-06-04T23:47:40.083+0000] {logging_mixin.py:137} INFO - [2024-06-04T23:47:40.083+0000] {dag.py:2690} INFO - Sync 1 DAGs
[2024-06-04T23:47:40.116+0000] {logging_mixin.py:137} INFO - [2024-06-04T23:47:40.116+0000] {dag.py:3441} INFO - Setting next_dagrun for tutorial_dag to None, run_after=None
[2024-06-04T23:47:40.136+0000] {processor.py:175} INFO - Processing /home/airflow/.local/lib/python3.7/site-packages/airflow/example_dags/tutorial_dag.py took 0.100 seconds
[2024-06-04T23:48:10.747+0000] {processor.py:153} INFO - Started process (PID=4294) to work on /home/airflow/.local/lib/python3.7/site-packages/airflow/example_dags/tutorial_dag.py
[2024-06-04T23:48:10.748+0000] {processor.py:743} INFO - Processing file /home/airflow/.local/lib/python3.7/site-packages/airflow/example_dags/tutorial_dag.py for tasks to queue
[2024-06-04T23:48:10.749+0000] {logging_mixin.py:137} INFO - [2024-06-04T23:48:10.749+0000] {dagbag.py:538} INFO - Filling up the DagBag from /home/airflow/.local/lib/python3.7/site-packages/airflow/example_dags/tutorial_dag.py
[2024-06-04T23:48:10.758+0000] {processor.py:753} INFO - DAG(s) dict_keys(['tutorial_dag']) retrieved from /home/airflow/.local/lib/python3.7/site-packages/airflow/example_dags/tutorial_dag.py
[2024-06-04T23:48:10.777+0000] {logging_mixin.py:137} INFO - [2024-06-04T23:48:10.777+0000] {dag.py:2690} INFO - Sync 1 DAGs
[2024-06-04T23:48:10.803+0000] {logging_mixin.py:137} INFO - [2024-06-04T23:48:10.802+0000] {dag.py:3441} INFO - Setting next_dagrun for tutorial_dag to None, run_after=None
[2024-06-04T23:48:10.822+0000] {processor.py:175} INFO - Processing /home/airflow/.local/lib/python3.7/site-packages/airflow/example_dags/tutorial_dag.py took 0.078 seconds
[2024-06-04T23:48:40.960+0000] {processor.py:153} INFO - Started process (PID=4656) to work on /home/airflow/.local/lib/python3.7/site-packages/airflow/example_dags/tutorial_dag.py
[2024-06-04T23:48:40.961+0000] {processor.py:743} INFO - Processing file /home/airflow/.local/lib/python3.7/site-packages/airflow/example_dags/tutorial_dag.py for tasks to queue
[2024-06-04T23:48:40.962+0000] {logging_mixin.py:137} INFO - [2024-06-04T23:48:40.962+0000] {dagbag.py:538} INFO - Filling up the DagBag from /home/airflow/.local/lib/python3.7/site-packages/airflow/example_dags/tutorial_dag.py
[2024-06-04T23:48:40.977+0000] {processor.py:753} INFO - DAG(s) dict_keys(['tutorial_dag']) retrieved from /home/airflow/.local/lib/python3.7/site-packages/airflow/example_dags/tutorial_dag.py
[2024-06-04T23:48:41.008+0000] {logging_mixin.py:137} INFO - [2024-06-04T23:48:41.008+0000] {dag.py:2690} INFO - Sync 1 DAGs
[2024-06-04T23:48:41.043+0000] {logging_mixin.py:137} INFO - [2024-06-04T23:48:41.042+0000] {dag.py:3441} INFO - Setting next_dagrun for tutorial_dag to None, run_after=None
[2024-06-04T23:48:41.073+0000] {processor.py:175} INFO - Processing /home/airflow/.local/lib/python3.7/site-packages/airflow/example_dags/tutorial_dag.py took 0.116 seconds
[2024-06-04T23:49:11.848+0000] {processor.py:153} INFO - Started process (PID=5061) to work on /home/airflow/.local/lib/python3.7/site-packages/airflow/example_dags/tutorial_dag.py
[2024-06-04T23:49:11.849+0000] {processor.py:743} INFO - Processing file /home/airflow/.local/lib/python3.7/site-packages/airflow/example_dags/tutorial_dag.py for tasks to queue
[2024-06-04T23:49:11.850+0000] {logging_mixin.py:137} INFO - [2024-06-04T23:49:11.850+0000] {dagbag.py:538} INFO - Filling up the DagBag from /home/airflow/.local/lib/python3.7/site-packages/airflow/example_dags/tutorial_dag.py
[2024-06-04T23:49:11.862+0000] {processor.py:753} INFO - DAG(s) dict_keys(['tutorial_dag']) retrieved from /home/airflow/.local/lib/python3.7/site-packages/airflow/example_dags/tutorial_dag.py
[2024-06-04T23:49:11.885+0000] {logging_mixin.py:137} INFO - [2024-06-04T23:49:11.884+0000] {dag.py:2690} INFO - Sync 1 DAGs
[2024-06-04T23:49:11.910+0000] {logging_mixin.py:137} INFO - [2024-06-04T23:49:11.909+0000] {dag.py:3441} INFO - Setting next_dagrun for tutorial_dag to None, run_after=None
[2024-06-04T23:49:11.928+0000] {processor.py:175} INFO - Processing /home/airflow/.local/lib/python3.7/site-packages/airflow/example_dags/tutorial_dag.py took 0.083 seconds
[2024-06-04T23:49:42.231+0000] {processor.py:153} INFO - Started process (PID=5424) to work on /home/airflow/.local/lib/python3.7/site-packages/airflow/example_dags/tutorial_dag.py
[2024-06-04T23:49:42.232+0000] {processor.py:743} INFO - Processing file /home/airflow/.local/lib/python3.7/site-packages/airflow/example_dags/tutorial_dag.py for tasks to queue
[2024-06-04T23:49:42.232+0000] {logging_mixin.py:137} INFO - [2024-06-04T23:49:42.232+0000] {dagbag.py:538} INFO - Filling up the DagBag from /home/airflow/.local/lib/python3.7/site-packages/airflow/example_dags/tutorial_dag.py
[2024-06-04T23:49:42.242+0000] {processor.py:753} INFO - DAG(s) dict_keys(['tutorial_dag']) retrieved from /home/airflow/.local/lib/python3.7/site-packages/airflow/example_dags/tutorial_dag.py
[2024-06-04T23:49:42.262+0000] {logging_mixin.py:137} INFO - [2024-06-04T23:49:42.262+0000] {dag.py:2690} INFO - Sync 1 DAGs
[2024-06-04T23:49:42.280+0000] {logging_mixin.py:137} INFO - [2024-06-04T23:49:42.279+0000] {dag.py:3441} INFO - Setting next_dagrun for tutorial_dag to None, run_after=None
[2024-06-04T23:49:42.293+0000] {processor.py:175} INFO - Processing /home/airflow/.local/lib/python3.7/site-packages/airflow/example_dags/tutorial_dag.py took 0.064 seconds
[2024-06-04T23:50:13.145+0000] {processor.py:153} INFO - Started process (PID=5790) to work on /home/airflow/.local/lib/python3.7/site-packages/airflow/example_dags/tutorial_dag.py
[2024-06-04T23:50:13.146+0000] {processor.py:743} INFO - Processing file /home/airflow/.local/lib/python3.7/site-packages/airflow/example_dags/tutorial_dag.py for tasks to queue
[2024-06-04T23:50:13.146+0000] {logging_mixin.py:137} INFO - [2024-06-04T23:50:13.146+0000] {dagbag.py:538} INFO - Filling up the DagBag from /home/airflow/.local/lib/python3.7/site-packages/airflow/example_dags/tutorial_dag.py
[2024-06-04T23:50:13.163+0000] {processor.py:753} INFO - DAG(s) dict_keys(['tutorial_dag']) retrieved from /home/airflow/.local/lib/python3.7/site-packages/airflow/example_dags/tutorial_dag.py
[2024-06-04T23:50:13.193+0000] {logging_mixin.py:137} INFO - [2024-06-04T23:50:13.192+0000] {dag.py:2690} INFO - Sync 1 DAGs
[2024-06-04T23:50:13.224+0000] {logging_mixin.py:137} INFO - [2024-06-04T23:50:13.224+0000] {dag.py:3441} INFO - Setting next_dagrun for tutorial_dag to None, run_after=None
[2024-06-04T23:50:13.247+0000] {processor.py:175} INFO - Processing /home/airflow/.local/lib/python3.7/site-packages/airflow/example_dags/tutorial_dag.py took 0.106 seconds
[2024-06-04T23:50:43.408+0000] {processor.py:153} INFO - Started process (PID=6164) to work on /home/airflow/.local/lib/python3.7/site-packages/airflow/example_dags/tutorial_dag.py
[2024-06-04T23:50:43.408+0000] {processor.py:743} INFO - Processing file /home/airflow/.local/lib/python3.7/site-packages/airflow/example_dags/tutorial_dag.py for tasks to queue
[2024-06-04T23:50:43.409+0000] {logging_mixin.py:137} INFO - [2024-06-04T23:50:43.409+0000] {dagbag.py:538} INFO - Filling up the DagBag from /home/airflow/.local/lib/python3.7/site-packages/airflow/example_dags/tutorial_dag.py
[2024-06-04T23:50:43.418+0000] {processor.py:753} INFO - DAG(s) dict_keys(['tutorial_dag']) retrieved from /home/airflow/.local/lib/python3.7/site-packages/airflow/example_dags/tutorial_dag.py
[2024-06-04T23:50:43.438+0000] {logging_mixin.py:137} INFO - [2024-06-04T23:50:43.437+0000] {dag.py:2690} INFO - Sync 1 DAGs
[2024-06-04T23:50:43.455+0000] {logging_mixin.py:137} INFO - [2024-06-04T23:50:43.455+0000] {dag.py:3441} INFO - Setting next_dagrun for tutorial_dag to None, run_after=None
[2024-06-04T23:50:43.470+0000] {processor.py:175} INFO - Processing /home/airflow/.local/lib/python3.7/site-packages/airflow/example_dags/tutorial_dag.py took 0.064 seconds
[2024-06-04T23:51:13.786+0000] {processor.py:153} INFO - Started process (PID=6511) to work on /home/airflow/.local/lib/python3.7/site-packages/airflow/example_dags/tutorial_dag.py
[2024-06-04T23:51:13.787+0000] {processor.py:743} INFO - Processing file /home/airflow/.local/lib/python3.7/site-packages/airflow/example_dags/tutorial_dag.py for tasks to queue
[2024-06-04T23:51:13.787+0000] {logging_mixin.py:137} INFO - [2024-06-04T23:51:13.787+0000] {dagbag.py:538} INFO - Filling up the DagBag from /home/airflow/.local/lib/python3.7/site-packages/airflow/example_dags/tutorial_dag.py
[2024-06-04T23:51:13.800+0000] {processor.py:753} INFO - DAG(s) dict_keys(['tutorial_dag']) retrieved from /home/airflow/.local/lib/python3.7/site-packages/airflow/example_dags/tutorial_dag.py
[2024-06-04T23:51:13.819+0000] {logging_mixin.py:137} INFO - [2024-06-04T23:51:13.819+0000] {dag.py:2690} INFO - Sync 1 DAGs
[2024-06-04T23:51:13.838+0000] {logging_mixin.py:137} INFO - [2024-06-04T23:51:13.838+0000] {dag.py:3441} INFO - Setting next_dagrun for tutorial_dag to None, run_after=None
[2024-06-04T23:51:13.852+0000] {processor.py:175} INFO - Processing /home/airflow/.local/lib/python3.7/site-packages/airflow/example_dags/tutorial_dag.py took 0.068 seconds
[2024-06-04T23:51:43.931+0000] {processor.py:153} INFO - Started process (PID=6856) to work on /home/airflow/.local/lib/python3.7/site-packages/airflow/example_dags/tutorial_dag.py
[2024-06-04T23:51:43.931+0000] {processor.py:743} INFO - Processing file /home/airflow/.local/lib/python3.7/site-packages/airflow/example_dags/tutorial_dag.py for tasks to queue
[2024-06-04T23:51:43.932+0000] {logging_mixin.py:137} INFO - [2024-06-04T23:51:43.932+0000] {dagbag.py:538} INFO - Filling up the DagBag from /home/airflow/.local/lib/python3.7/site-packages/airflow/example_dags/tutorial_dag.py
[2024-06-04T23:51:43.940+0000] {processor.py:753} INFO - DAG(s) dict_keys(['tutorial_dag']) retrieved from /home/airflow/.local/lib/python3.7/site-packages/airflow/example_dags/tutorial_dag.py
[2024-06-04T23:51:43.957+0000] {logging_mixin.py:137} INFO - [2024-06-04T23:51:43.957+0000] {dag.py:2690} INFO - Sync 1 DAGs
[2024-06-04T23:51:43.974+0000] {logging_mixin.py:137} INFO - [2024-06-04T23:51:43.974+0000] {dag.py:3441} INFO - Setting next_dagrun for tutorial_dag to None, run_after=None
[2024-06-04T23:51:43.987+0000] {processor.py:175} INFO - Processing /home/airflow/.local/lib/python3.7/site-packages/airflow/example_dags/tutorial_dag.py took 0.059 seconds
[2024-06-04T23:52:14.352+0000] {processor.py:153} INFO - Started process (PID=7188) to work on /home/airflow/.local/lib/python3.7/site-packages/airflow/example_dags/tutorial_dag.py
[2024-06-04T23:52:14.353+0000] {processor.py:743} INFO - Processing file /home/airflow/.local/lib/python3.7/site-packages/airflow/example_dags/tutorial_dag.py for tasks to queue
[2024-06-04T23:52:14.353+0000] {logging_mixin.py:137} INFO - [2024-06-04T23:52:14.353+0000] {dagbag.py:538} INFO - Filling up the DagBag from /home/airflow/.local/lib/python3.7/site-packages/airflow/example_dags/tutorial_dag.py
[2024-06-04T23:52:14.363+0000] {processor.py:753} INFO - DAG(s) dict_keys(['tutorial_dag']) retrieved from /home/airflow/.local/lib/python3.7/site-packages/airflow/example_dags/tutorial_dag.py
[2024-06-04T23:52:14.383+0000] {logging_mixin.py:137} INFO - [2024-06-04T23:52:14.382+0000] {dag.py:2690} INFO - Sync 1 DAGs
[2024-06-04T23:52:14.409+0000] {logging_mixin.py:137} INFO - [2024-06-04T23:52:14.409+0000] {dag.py:3441} INFO - Setting next_dagrun for tutorial_dag to None, run_after=None
[2024-06-04T23:52:14.427+0000] {processor.py:175} INFO - Processing /home/airflow/.local/lib/python3.7/site-packages/airflow/example_dags/tutorial_dag.py took 0.079 seconds
[2024-06-04T23:52:44.501+0000] {processor.py:153} INFO - Started process (PID=7530) to work on /home/airflow/.local/lib/python3.7/site-packages/airflow/example_dags/tutorial_dag.py
[2024-06-04T23:52:44.502+0000] {processor.py:743} INFO - Processing file /home/airflow/.local/lib/python3.7/site-packages/airflow/example_dags/tutorial_dag.py for tasks to queue
[2024-06-04T23:52:44.502+0000] {logging_mixin.py:137} INFO - [2024-06-04T23:52:44.502+0000] {dagbag.py:538} INFO - Filling up the DagBag from /home/airflow/.local/lib/python3.7/site-packages/airflow/example_dags/tutorial_dag.py
[2024-06-04T23:52:44.511+0000] {processor.py:753} INFO - DAG(s) dict_keys(['tutorial_dag']) retrieved from /home/airflow/.local/lib/python3.7/site-packages/airflow/example_dags/tutorial_dag.py
[2024-06-04T23:52:44.529+0000] {logging_mixin.py:137} INFO - [2024-06-04T23:52:44.528+0000] {dag.py:2690} INFO - Sync 1 DAGs
[2024-06-04T23:52:44.545+0000] {logging_mixin.py:137} INFO - [2024-06-04T23:52:44.545+0000] {dag.py:3441} INFO - Setting next_dagrun for tutorial_dag to None, run_after=None
[2024-06-04T23:52:44.558+0000] {processor.py:175} INFO - Processing /home/airflow/.local/lib/python3.7/site-packages/airflow/example_dags/tutorial_dag.py took 0.059 seconds
[2024-06-04T23:53:15.283+0000] {processor.py:153} INFO - Started process (PID=7896) to work on /home/airflow/.local/lib/python3.7/site-packages/airflow/example_dags/tutorial_dag.py
[2024-06-04T23:53:15.284+0000] {processor.py:743} INFO - Processing file /home/airflow/.local/lib/python3.7/site-packages/airflow/example_dags/tutorial_dag.py for tasks to queue
[2024-06-04T23:53:15.284+0000] {logging_mixin.py:137} INFO - [2024-06-04T23:53:15.284+0000] {dagbag.py:538} INFO - Filling up the DagBag from /home/airflow/.local/lib/python3.7/site-packages/airflow/example_dags/tutorial_dag.py
[2024-06-04T23:53:15.296+0000] {processor.py:753} INFO - DAG(s) dict_keys(['tutorial_dag']) retrieved from /home/airflow/.local/lib/python3.7/site-packages/airflow/example_dags/tutorial_dag.py
[2024-06-04T23:53:15.321+0000] {logging_mixin.py:137} INFO - [2024-06-04T23:53:15.321+0000] {dag.py:2690} INFO - Sync 1 DAGs
[2024-06-04T23:53:15.343+0000] {logging_mixin.py:137} INFO - [2024-06-04T23:53:15.343+0000] {dag.py:3441} INFO - Setting next_dagrun for tutorial_dag to None, run_after=None
[2024-06-04T23:53:15.359+0000] {processor.py:175} INFO - Processing /home/airflow/.local/lib/python3.7/site-packages/airflow/example_dags/tutorial_dag.py took 0.078 seconds
[2024-06-04T23:53:45.449+0000] {processor.py:153} INFO - Started process (PID=8223) to work on /home/airflow/.local/lib/python3.7/site-packages/airflow/example_dags/tutorial_dag.py
[2024-06-04T23:53:45.449+0000] {processor.py:743} INFO - Processing file /home/airflow/.local/lib/python3.7/site-packages/airflow/example_dags/tutorial_dag.py for tasks to queue
[2024-06-04T23:53:45.450+0000] {logging_mixin.py:137} INFO - [2024-06-04T23:53:45.450+0000] {dagbag.py:538} INFO - Filling up the DagBag from /home/airflow/.local/lib/python3.7/site-packages/airflow/example_dags/tutorial_dag.py
[2024-06-04T23:53:45.459+0000] {processor.py:753} INFO - DAG(s) dict_keys(['tutorial_dag']) retrieved from /home/airflow/.local/lib/python3.7/site-packages/airflow/example_dags/tutorial_dag.py
[2024-06-04T23:53:45.477+0000] {logging_mixin.py:137} INFO - [2024-06-04T23:53:45.477+0000] {dag.py:2690} INFO - Sync 1 DAGs
[2024-06-04T23:53:45.494+0000] {logging_mixin.py:137} INFO - [2024-06-04T23:53:45.494+0000] {dag.py:3441} INFO - Setting next_dagrun for tutorial_dag to None, run_after=None
[2024-06-04T23:53:45.505+0000] {processor.py:175} INFO - Processing /home/airflow/.local/lib/python3.7/site-packages/airflow/example_dags/tutorial_dag.py took 0.059 seconds
[2024-06-04T23:54:15.989+0000] {processor.py:153} INFO - Started process (PID=8536) to work on /home/airflow/.local/lib/python3.7/site-packages/airflow/example_dags/tutorial_dag.py
[2024-06-04T23:54:15.990+0000] {processor.py:743} INFO - Processing file /home/airflow/.local/lib/python3.7/site-packages/airflow/example_dags/tutorial_dag.py for tasks to queue
[2024-06-04T23:54:15.991+0000] {logging_mixin.py:137} INFO - [2024-06-04T23:54:15.990+0000] {dagbag.py:538} INFO - Filling up the DagBag from /home/airflow/.local/lib/python3.7/site-packages/airflow/example_dags/tutorial_dag.py
[2024-06-04T23:54:16.001+0000] {processor.py:753} INFO - DAG(s) dict_keys(['tutorial_dag']) retrieved from /home/airflow/.local/lib/python3.7/site-packages/airflow/example_dags/tutorial_dag.py
[2024-06-04T23:54:16.028+0000] {logging_mixin.py:137} INFO - [2024-06-04T23:54:16.028+0000] {dag.py:2690} INFO - Sync 1 DAGs
[2024-06-04T23:54:16.056+0000] {logging_mixin.py:137} INFO - [2024-06-04T23:54:16.055+0000] {dag.py:3441} INFO - Setting next_dagrun for tutorial_dag to None, run_after=None
[2024-06-04T23:54:16.075+0000] {processor.py:175} INFO - Processing /home/airflow/.local/lib/python3.7/site-packages/airflow/example_dags/tutorial_dag.py took 0.088 seconds
[2024-06-04T23:54:46.174+0000] {processor.py:153} INFO - Started process (PID=8675) to work on /home/airflow/.local/lib/python3.7/site-packages/airflow/example_dags/tutorial_dag.py
[2024-06-04T23:54:46.174+0000] {processor.py:743} INFO - Processing file /home/airflow/.local/lib/python3.7/site-packages/airflow/example_dags/tutorial_dag.py for tasks to queue
[2024-06-04T23:54:46.175+0000] {logging_mixin.py:137} INFO - [2024-06-04T23:54:46.174+0000] {dagbag.py:538} INFO - Filling up the DagBag from /home/airflow/.local/lib/python3.7/site-packages/airflow/example_dags/tutorial_dag.py
[2024-06-04T23:54:46.183+0000] {processor.py:753} INFO - DAG(s) dict_keys(['tutorial_dag']) retrieved from /home/airflow/.local/lib/python3.7/site-packages/airflow/example_dags/tutorial_dag.py
[2024-06-04T23:54:46.202+0000] {logging_mixin.py:137} INFO - [2024-06-04T23:54:46.202+0000] {dag.py:2690} INFO - Sync 1 DAGs
[2024-06-04T23:54:46.220+0000] {logging_mixin.py:137} INFO - [2024-06-04T23:54:46.220+0000] {dag.py:3441} INFO - Setting next_dagrun for tutorial_dag to None, run_after=None
[2024-06-04T23:54:46.234+0000] {processor.py:175} INFO - Processing /home/airflow/.local/lib/python3.7/site-packages/airflow/example_dags/tutorial_dag.py took 0.063 seconds
[2024-06-04T23:55:16.425+0000] {processor.py:153} INFO - Started process (PID=8791) to work on /home/airflow/.local/lib/python3.7/site-packages/airflow/example_dags/tutorial_dag.py
[2024-06-04T23:55:16.426+0000] {processor.py:743} INFO - Processing file /home/airflow/.local/lib/python3.7/site-packages/airflow/example_dags/tutorial_dag.py for tasks to queue
[2024-06-04T23:55:16.426+0000] {logging_mixin.py:137} INFO - [2024-06-04T23:55:16.426+0000] {dagbag.py:538} INFO - Filling up the DagBag from /home/airflow/.local/lib/python3.7/site-packages/airflow/example_dags/tutorial_dag.py
[2024-06-04T23:55:16.436+0000] {processor.py:753} INFO - DAG(s) dict_keys(['tutorial_dag']) retrieved from /home/airflow/.local/lib/python3.7/site-packages/airflow/example_dags/tutorial_dag.py
[2024-06-04T23:55:16.456+0000] {logging_mixin.py:137} INFO - [2024-06-04T23:55:16.455+0000] {dag.py:2690} INFO - Sync 1 DAGs
[2024-06-04T23:55:16.474+0000] {logging_mixin.py:137} INFO - [2024-06-04T23:55:16.474+0000] {dag.py:3441} INFO - Setting next_dagrun for tutorial_dag to None, run_after=None
[2024-06-04T23:55:16.488+0000] {processor.py:175} INFO - Processing /home/airflow/.local/lib/python3.7/site-packages/airflow/example_dags/tutorial_dag.py took 0.065 seconds
[2024-06-04T23:55:47.289+0000] {processor.py:153} INFO - Started process (PID=8878) to work on /home/airflow/.local/lib/python3.7/site-packages/airflow/example_dags/tutorial_dag.py
[2024-06-04T23:55:47.289+0000] {processor.py:743} INFO - Processing file /home/airflow/.local/lib/python3.7/site-packages/airflow/example_dags/tutorial_dag.py for tasks to queue
[2024-06-04T23:55:47.290+0000] {logging_mixin.py:137} INFO - [2024-06-04T23:55:47.290+0000] {dagbag.py:538} INFO - Filling up the DagBag from /home/airflow/.local/lib/python3.7/site-packages/airflow/example_dags/tutorial_dag.py
[2024-06-04T23:55:47.300+0000] {processor.py:753} INFO - DAG(s) dict_keys(['tutorial_dag']) retrieved from /home/airflow/.local/lib/python3.7/site-packages/airflow/example_dags/tutorial_dag.py
[2024-06-04T23:55:47.318+0000] {logging_mixin.py:137} INFO - [2024-06-04T23:55:47.318+0000] {dag.py:2690} INFO - Sync 1 DAGs
[2024-06-04T23:55:47.336+0000] {logging_mixin.py:137} INFO - [2024-06-04T23:55:47.336+0000] {dag.py:3441} INFO - Setting next_dagrun for tutorial_dag to None, run_after=None
[2024-06-04T23:55:47.349+0000] {processor.py:175} INFO - Processing /home/airflow/.local/lib/python3.7/site-packages/airflow/example_dags/tutorial_dag.py took 0.063 seconds
[2024-06-04T23:56:18.186+0000] {processor.py:153} INFO - Started process (PID=8997) to work on /home/airflow/.local/lib/python3.7/site-packages/airflow/example_dags/tutorial_dag.py
[2024-06-04T23:56:18.186+0000] {processor.py:743} INFO - Processing file /home/airflow/.local/lib/python3.7/site-packages/airflow/example_dags/tutorial_dag.py for tasks to queue
[2024-06-04T23:56:18.187+0000] {logging_mixin.py:137} INFO - [2024-06-04T23:56:18.187+0000] {dagbag.py:538} INFO - Filling up the DagBag from /home/airflow/.local/lib/python3.7/site-packages/airflow/example_dags/tutorial_dag.py
[2024-06-04T23:56:18.197+0000] {processor.py:753} INFO - DAG(s) dict_keys(['tutorial_dag']) retrieved from /home/airflow/.local/lib/python3.7/site-packages/airflow/example_dags/tutorial_dag.py
[2024-06-04T23:56:18.217+0000] {logging_mixin.py:137} INFO - [2024-06-04T23:56:18.217+0000] {dag.py:2690} INFO - Sync 1 DAGs
[2024-06-04T23:56:18.235+0000] {logging_mixin.py:137} INFO - [2024-06-04T23:56:18.235+0000] {dag.py:3441} INFO - Setting next_dagrun for tutorial_dag to None, run_after=None
[2024-06-04T23:56:18.247+0000] {processor.py:175} INFO - Processing /home/airflow/.local/lib/python3.7/site-packages/airflow/example_dags/tutorial_dag.py took 0.064 seconds
[2024-06-04T23:56:48.359+0000] {processor.py:153} INFO - Started process (PID=9101) to work on /home/airflow/.local/lib/python3.7/site-packages/airflow/example_dags/tutorial_dag.py
[2024-06-04T23:56:48.360+0000] {processor.py:743} INFO - Processing file /home/airflow/.local/lib/python3.7/site-packages/airflow/example_dags/tutorial_dag.py for tasks to queue
[2024-06-04T23:56:48.360+0000] {logging_mixin.py:137} INFO - [2024-06-04T23:56:48.360+0000] {dagbag.py:538} INFO - Filling up the DagBag from /home/airflow/.local/lib/python3.7/site-packages/airflow/example_dags/tutorial_dag.py
[2024-06-04T23:56:48.369+0000] {processor.py:753} INFO - DAG(s) dict_keys(['tutorial_dag']) retrieved from /home/airflow/.local/lib/python3.7/site-packages/airflow/example_dags/tutorial_dag.py
[2024-06-04T23:56:48.387+0000] {logging_mixin.py:137} INFO - [2024-06-04T23:56:48.387+0000] {dag.py:2690} INFO - Sync 1 DAGs
[2024-06-04T23:56:48.404+0000] {logging_mixin.py:137} INFO - [2024-06-04T23:56:48.404+0000] {dag.py:3441} INFO - Setting next_dagrun for tutorial_dag to None, run_after=None
[2024-06-04T23:56:48.416+0000] {processor.py:175} INFO - Processing /home/airflow/.local/lib/python3.7/site-packages/airflow/example_dags/tutorial_dag.py took 0.059 seconds
[2024-06-04T23:57:18.460+0000] {processor.py:153} INFO - Started process (PID=9222) to work on /home/airflow/.local/lib/python3.7/site-packages/airflow/example_dags/tutorial_dag.py
[2024-06-04T23:57:18.460+0000] {processor.py:743} INFO - Processing file /home/airflow/.local/lib/python3.7/site-packages/airflow/example_dags/tutorial_dag.py for tasks to queue
[2024-06-04T23:57:18.461+0000] {logging_mixin.py:137} INFO - [2024-06-04T23:57:18.461+0000] {dagbag.py:538} INFO - Filling up the DagBag from /home/airflow/.local/lib/python3.7/site-packages/airflow/example_dags/tutorial_dag.py
[2024-06-04T23:57:18.471+0000] {processor.py:753} INFO - DAG(s) dict_keys(['tutorial_dag']) retrieved from /home/airflow/.local/lib/python3.7/site-packages/airflow/example_dags/tutorial_dag.py
[2024-06-04T23:57:18.490+0000] {logging_mixin.py:137} INFO - [2024-06-04T23:57:18.490+0000] {dag.py:2690} INFO - Sync 1 DAGs
[2024-06-04T23:57:18.510+0000] {logging_mixin.py:137} INFO - [2024-06-04T23:57:18.510+0000] {dag.py:3441} INFO - Setting next_dagrun for tutorial_dag to None, run_after=None
[2024-06-04T23:57:18.522+0000] {processor.py:175} INFO - Processing /home/airflow/.local/lib/python3.7/site-packages/airflow/example_dags/tutorial_dag.py took 0.065 seconds
[2024-06-04T23:57:48.690+0000] {processor.py:153} INFO - Started process (PID=9318) to work on /home/airflow/.local/lib/python3.7/site-packages/airflow/example_dags/tutorial_dag.py
[2024-06-04T23:57:48.692+0000] {processor.py:743} INFO - Processing file /home/airflow/.local/lib/python3.7/site-packages/airflow/example_dags/tutorial_dag.py for tasks to queue
[2024-06-04T23:57:48.692+0000] {logging_mixin.py:137} INFO - [2024-06-04T23:57:48.692+0000] {dagbag.py:538} INFO - Filling up the DagBag from /home/airflow/.local/lib/python3.7/site-packages/airflow/example_dags/tutorial_dag.py
[2024-06-04T23:57:48.704+0000] {processor.py:753} INFO - DAG(s) dict_keys(['tutorial_dag']) retrieved from /home/airflow/.local/lib/python3.7/site-packages/airflow/example_dags/tutorial_dag.py
[2024-06-04T23:57:48.724+0000] {logging_mixin.py:137} INFO - [2024-06-04T23:57:48.724+0000] {dag.py:2690} INFO - Sync 1 DAGs
[2024-06-04T23:57:48.743+0000] {logging_mixin.py:137} INFO - [2024-06-04T23:57:48.743+0000] {dag.py:3441} INFO - Setting next_dagrun for tutorial_dag to None, run_after=None
[2024-06-04T23:57:48.758+0000] {processor.py:175} INFO - Processing /home/airflow/.local/lib/python3.7/site-packages/airflow/example_dags/tutorial_dag.py took 0.071 seconds
[2024-06-04T23:58:18.856+0000] {processor.py:153} INFO - Started process (PID=9429) to work on /home/airflow/.local/lib/python3.7/site-packages/airflow/example_dags/tutorial_dag.py
[2024-06-04T23:58:18.856+0000] {processor.py:743} INFO - Processing file /home/airflow/.local/lib/python3.7/site-packages/airflow/example_dags/tutorial_dag.py for tasks to queue
[2024-06-04T23:58:18.857+0000] {logging_mixin.py:137} INFO - [2024-06-04T23:58:18.857+0000] {dagbag.py:538} INFO - Filling up the DagBag from /home/airflow/.local/lib/python3.7/site-packages/airflow/example_dags/tutorial_dag.py
[2024-06-04T23:58:18.865+0000] {processor.py:753} INFO - DAG(s) dict_keys(['tutorial_dag']) retrieved from /home/airflow/.local/lib/python3.7/site-packages/airflow/example_dags/tutorial_dag.py
[2024-06-04T23:58:18.883+0000] {logging_mixin.py:137} INFO - [2024-06-04T23:58:18.883+0000] {dag.py:2690} INFO - Sync 1 DAGs
[2024-06-04T23:58:18.900+0000] {logging_mixin.py:137} INFO - [2024-06-04T23:58:18.900+0000] {dag.py:3441} INFO - Setting next_dagrun for tutorial_dag to None, run_after=None
[2024-06-04T23:58:18.912+0000] {processor.py:175} INFO - Processing /home/airflow/.local/lib/python3.7/site-packages/airflow/example_dags/tutorial_dag.py took 0.059 seconds
[2024-06-04T23:58:49.096+0000] {processor.py:153} INFO - Started process (PID=9540) to work on /home/airflow/.local/lib/python3.7/site-packages/airflow/example_dags/tutorial_dag.py
[2024-06-04T23:58:49.097+0000] {processor.py:743} INFO - Processing file /home/airflow/.local/lib/python3.7/site-packages/airflow/example_dags/tutorial_dag.py for tasks to queue
[2024-06-04T23:58:49.097+0000] {logging_mixin.py:137} INFO - [2024-06-04T23:58:49.097+0000] {dagbag.py:538} INFO - Filling up the DagBag from /home/airflow/.local/lib/python3.7/site-packages/airflow/example_dags/tutorial_dag.py
[2024-06-04T23:58:49.107+0000] {processor.py:753} INFO - DAG(s) dict_keys(['tutorial_dag']) retrieved from /home/airflow/.local/lib/python3.7/site-packages/airflow/example_dags/tutorial_dag.py
[2024-06-04T23:58:49.127+0000] {logging_mixin.py:137} INFO - [2024-06-04T23:58:49.127+0000] {dag.py:2690} INFO - Sync 1 DAGs
[2024-06-04T23:58:49.146+0000] {logging_mixin.py:137} INFO - [2024-06-04T23:58:49.146+0000] {dag.py:3441} INFO - Setting next_dagrun for tutorial_dag to None, run_after=None
[2024-06-04T23:58:49.163+0000] {processor.py:175} INFO - Processing /home/airflow/.local/lib/python3.7/site-packages/airflow/example_dags/tutorial_dag.py took 0.069 seconds
[2024-06-04T23:59:19.741+0000] {processor.py:153} INFO - Started process (PID=9632) to work on /home/airflow/.local/lib/python3.7/site-packages/airflow/example_dags/tutorial_dag.py
[2024-06-04T23:59:19.741+0000] {processor.py:743} INFO - Processing file /home/airflow/.local/lib/python3.7/site-packages/airflow/example_dags/tutorial_dag.py for tasks to queue
[2024-06-04T23:59:19.742+0000] {logging_mixin.py:137} INFO - [2024-06-04T23:59:19.742+0000] {dagbag.py:538} INFO - Filling up the DagBag from /home/airflow/.local/lib/python3.7/site-packages/airflow/example_dags/tutorial_dag.py
[2024-06-04T23:59:19.750+0000] {processor.py:753} INFO - DAG(s) dict_keys(['tutorial_dag']) retrieved from /home/airflow/.local/lib/python3.7/site-packages/airflow/example_dags/tutorial_dag.py
[2024-06-04T23:59:19.769+0000] {logging_mixin.py:137} INFO - [2024-06-04T23:59:19.768+0000] {dag.py:2690} INFO - Sync 1 DAGs
[2024-06-04T23:59:19.786+0000] {logging_mixin.py:137} INFO - [2024-06-04T23:59:19.786+0000] {dag.py:3441} INFO - Setting next_dagrun for tutorial_dag to None, run_after=None
[2024-06-04T23:59:19.798+0000] {processor.py:175} INFO - Processing /home/airflow/.local/lib/python3.7/site-packages/airflow/example_dags/tutorial_dag.py took 0.060 seconds
[2024-06-04T23:59:50.546+0000] {processor.py:153} INFO - Started process (PID=9743) to work on /home/airflow/.local/lib/python3.7/site-packages/airflow/example_dags/tutorial_dag.py
[2024-06-04T23:59:50.547+0000] {processor.py:743} INFO - Processing file /home/airflow/.local/lib/python3.7/site-packages/airflow/example_dags/tutorial_dag.py for tasks to queue
[2024-06-04T23:59:50.548+0000] {logging_mixin.py:137} INFO - [2024-06-04T23:59:50.547+0000] {dagbag.py:538} INFO - Filling up the DagBag from /home/airflow/.local/lib/python3.7/site-packages/airflow/example_dags/tutorial_dag.py
[2024-06-04T23:59:50.557+0000] {processor.py:753} INFO - DAG(s) dict_keys(['tutorial_dag']) retrieved from /home/airflow/.local/lib/python3.7/site-packages/airflow/example_dags/tutorial_dag.py
[2024-06-04T23:59:50.576+0000] {logging_mixin.py:137} INFO - [2024-06-04T23:59:50.576+0000] {dag.py:2690} INFO - Sync 1 DAGs
[2024-06-04T23:59:50.597+0000] {logging_mixin.py:137} INFO - [2024-06-04T23:59:50.596+0000] {dag.py:3441} INFO - Setting next_dagrun for tutorial_dag to None, run_after=None
[2024-06-04T23:59:50.610+0000] {processor.py:175} INFO - Processing /home/airflow/.local/lib/python3.7/site-packages/airflow/example_dags/tutorial_dag.py took 0.066 seconds
