[2024-06-04T23:37:28.155+0000] {processor.py:153} INFO - Started process (PID=78) to work on /home/airflow/.local/lib/python3.7/site-packages/airflow/example_dags/tutorial_taskflow_api.py
[2024-06-04T23:37:28.155+0000] {processor.py:743} INFO - Processing file /home/airflow/.local/lib/python3.7/site-packages/airflow/example_dags/tutorial_taskflow_api.py for tasks to queue
[2024-06-04T23:37:28.156+0000] {logging_mixin.py:137} INFO - [2024-06-04T23:37:28.156+0000] {dagbag.py:538} INFO - Filling up the DagBag from /home/airflow/.local/lib/python3.7/site-packages/airflow/example_dags/tutorial_taskflow_api.py
[2024-06-04T23:37:28.175+0000] {processor.py:753} INFO - DAG(s) dict_keys(['tutorial_taskflow_api']) retrieved from /home/airflow/.local/lib/python3.7/site-packages/airflow/example_dags/tutorial_taskflow_api.py
[2024-06-04T23:37:28.283+0000] {logging_mixin.py:137} INFO - [2024-06-04T23:37:28.283+0000] {manager.py:504} INFO - Created Permission View: can edit on DAG:tutorial_taskflow_api
[2024-06-04T23:37:28.292+0000] {logging_mixin.py:137} INFO - [2024-06-04T23:37:28.292+0000] {manager.py:504} INFO - Created Permission View: can read on DAG:tutorial_taskflow_api
[2024-06-04T23:37:28.299+0000] {logging_mixin.py:137} INFO - [2024-06-04T23:37:28.299+0000] {manager.py:504} INFO - Created Permission View: can delete on DAG:tutorial_taskflow_api
[2024-06-04T23:37:28.299+0000] {logging_mixin.py:137} INFO - [2024-06-04T23:37:28.299+0000] {dag.py:2690} INFO - Sync 1 DAGs
[2024-06-04T23:37:28.310+0000] {logging_mixin.py:137} INFO - [2024-06-04T23:37:28.310+0000] {dag.py:2711} INFO - Creating ORM DAG for tutorial_taskflow_api
[2024-06-04T23:37:28.320+0000] {logging_mixin.py:137} INFO - [2024-06-04T23:37:28.320+0000] {dag.py:3441} INFO - Setting next_dagrun for tutorial_taskflow_api to None, run_after=None
[2024-06-04T23:37:28.337+0000] {processor.py:175} INFO - Processing /home/airflow/.local/lib/python3.7/site-packages/airflow/example_dags/tutorial_taskflow_api.py took 0.185 seconds
[2024-06-04T23:37:59.196+0000] {processor.py:153} INFO - Started process (PID=189) to work on /home/airflow/.local/lib/python3.7/site-packages/airflow/example_dags/tutorial_taskflow_api.py
[2024-06-04T23:37:59.196+0000] {processor.py:743} INFO - Processing file /home/airflow/.local/lib/python3.7/site-packages/airflow/example_dags/tutorial_taskflow_api.py for tasks to queue
[2024-06-04T23:37:59.197+0000] {logging_mixin.py:137} INFO - [2024-06-04T23:37:59.197+0000] {dagbag.py:538} INFO - Filling up the DagBag from /home/airflow/.local/lib/python3.7/site-packages/airflow/example_dags/tutorial_taskflow_api.py
[2024-06-04T23:37:59.212+0000] {processor.py:753} INFO - DAG(s) dict_keys(['tutorial_taskflow_api']) retrieved from /home/airflow/.local/lib/python3.7/site-packages/airflow/example_dags/tutorial_taskflow_api.py
[2024-06-04T23:37:59.231+0000] {logging_mixin.py:137} INFO - [2024-06-04T23:37:59.231+0000] {dag.py:2690} INFO - Sync 1 DAGs
[2024-06-04T23:37:59.249+0000] {logging_mixin.py:137} INFO - [2024-06-04T23:37:59.249+0000] {dag.py:3441} INFO - Setting next_dagrun for tutorial_taskflow_api to None, run_after=None
[2024-06-04T23:37:59.262+0000] {processor.py:175} INFO - Processing /home/airflow/.local/lib/python3.7/site-packages/airflow/example_dags/tutorial_taskflow_api.py took 0.070 seconds
[2024-06-04T23:38:30.135+0000] {processor.py:153} INFO - Started process (PID=300) to work on /home/airflow/.local/lib/python3.7/site-packages/airflow/example_dags/tutorial_taskflow_api.py
[2024-06-04T23:38:30.135+0000] {processor.py:743} INFO - Processing file /home/airflow/.local/lib/python3.7/site-packages/airflow/example_dags/tutorial_taskflow_api.py for tasks to queue
[2024-06-04T23:38:30.136+0000] {logging_mixin.py:137} INFO - [2024-06-04T23:38:30.135+0000] {dagbag.py:538} INFO - Filling up the DagBag from /home/airflow/.local/lib/python3.7/site-packages/airflow/example_dags/tutorial_taskflow_api.py
[2024-06-04T23:38:30.151+0000] {processor.py:753} INFO - DAG(s) dict_keys(['tutorial_taskflow_api']) retrieved from /home/airflow/.local/lib/python3.7/site-packages/airflow/example_dags/tutorial_taskflow_api.py
[2024-06-04T23:38:30.168+0000] {logging_mixin.py:137} INFO - [2024-06-04T23:38:30.168+0000] {dag.py:2690} INFO - Sync 1 DAGs
[2024-06-04T23:38:30.185+0000] {logging_mixin.py:137} INFO - [2024-06-04T23:38:30.185+0000] {dag.py:3441} INFO - Setting next_dagrun for tutorial_taskflow_api to None, run_after=None
[2024-06-04T23:38:30.196+0000] {processor.py:175} INFO - Processing /home/airflow/.local/lib/python3.7/site-packages/airflow/example_dags/tutorial_taskflow_api.py took 0.064 seconds
[2024-06-04T23:39:00.890+0000] {processor.py:153} INFO - Started process (PID=387) to work on /home/airflow/.local/lib/python3.7/site-packages/airflow/example_dags/tutorial_taskflow_api.py
[2024-06-04T23:39:00.891+0000] {processor.py:743} INFO - Processing file /home/airflow/.local/lib/python3.7/site-packages/airflow/example_dags/tutorial_taskflow_api.py for tasks to queue
[2024-06-04T23:39:00.891+0000] {logging_mixin.py:137} INFO - [2024-06-04T23:39:00.891+0000] {dagbag.py:538} INFO - Filling up the DagBag from /home/airflow/.local/lib/python3.7/site-packages/airflow/example_dags/tutorial_taskflow_api.py
[2024-06-04T23:39:00.907+0000] {processor.py:753} INFO - DAG(s) dict_keys(['tutorial_taskflow_api']) retrieved from /home/airflow/.local/lib/python3.7/site-packages/airflow/example_dags/tutorial_taskflow_api.py
[2024-06-04T23:39:00.925+0000] {logging_mixin.py:137} INFO - [2024-06-04T23:39:00.925+0000] {dag.py:2690} INFO - Sync 1 DAGs
[2024-06-04T23:39:00.942+0000] {logging_mixin.py:137} INFO - [2024-06-04T23:39:00.942+0000] {dag.py:3441} INFO - Setting next_dagrun for tutorial_taskflow_api to None, run_after=None
[2024-06-04T23:39:00.954+0000] {processor.py:175} INFO - Processing /home/airflow/.local/lib/python3.7/site-packages/airflow/example_dags/tutorial_taskflow_api.py took 0.067 seconds
[2024-06-04T23:39:31.584+0000] {processor.py:153} INFO - Started process (PID=498) to work on /home/airflow/.local/lib/python3.7/site-packages/airflow/example_dags/tutorial_taskflow_api.py
[2024-06-04T23:39:31.584+0000] {processor.py:743} INFO - Processing file /home/airflow/.local/lib/python3.7/site-packages/airflow/example_dags/tutorial_taskflow_api.py for tasks to queue
[2024-06-04T23:39:31.584+0000] {logging_mixin.py:137} INFO - [2024-06-04T23:39:31.584+0000] {dagbag.py:538} INFO - Filling up the DagBag from /home/airflow/.local/lib/python3.7/site-packages/airflow/example_dags/tutorial_taskflow_api.py
[2024-06-04T23:39:31.599+0000] {processor.py:753} INFO - DAG(s) dict_keys(['tutorial_taskflow_api']) retrieved from /home/airflow/.local/lib/python3.7/site-packages/airflow/example_dags/tutorial_taskflow_api.py
[2024-06-04T23:39:31.617+0000] {logging_mixin.py:137} INFO - [2024-06-04T23:39:31.617+0000] {dag.py:2690} INFO - Sync 1 DAGs
[2024-06-04T23:39:31.633+0000] {logging_mixin.py:137} INFO - [2024-06-04T23:39:31.633+0000] {dag.py:3441} INFO - Setting next_dagrun for tutorial_taskflow_api to None, run_after=None
[2024-06-04T23:39:31.645+0000] {processor.py:175} INFO - Processing /home/airflow/.local/lib/python3.7/site-packages/airflow/example_dags/tutorial_taskflow_api.py took 0.064 seconds
[2024-06-04T23:40:02.299+0000] {processor.py:153} INFO - Started process (PID=609) to work on /home/airflow/.local/lib/python3.7/site-packages/airflow/example_dags/tutorial_taskflow_api.py
[2024-06-04T23:40:02.301+0000] {processor.py:743} INFO - Processing file /home/airflow/.local/lib/python3.7/site-packages/airflow/example_dags/tutorial_taskflow_api.py for tasks to queue
[2024-06-04T23:40:02.302+0000] {logging_mixin.py:137} INFO - [2024-06-04T23:40:02.302+0000] {dagbag.py:538} INFO - Filling up the DagBag from /home/airflow/.local/lib/python3.7/site-packages/airflow/example_dags/tutorial_taskflow_api.py
[2024-06-04T23:40:02.320+0000] {processor.py:753} INFO - DAG(s) dict_keys(['tutorial_taskflow_api']) retrieved from /home/airflow/.local/lib/python3.7/site-packages/airflow/example_dags/tutorial_taskflow_api.py
[2024-06-04T23:40:02.337+0000] {logging_mixin.py:137} INFO - [2024-06-04T23:40:02.337+0000] {dag.py:2690} INFO - Sync 1 DAGs
[2024-06-04T23:40:02.354+0000] {logging_mixin.py:137} INFO - [2024-06-04T23:40:02.354+0000] {dag.py:3441} INFO - Setting next_dagrun for tutorial_taskflow_api to None, run_after=None
[2024-06-04T23:40:02.367+0000] {processor.py:175} INFO - Processing /home/airflow/.local/lib/python3.7/site-packages/airflow/example_dags/tutorial_taskflow_api.py took 0.072 seconds
[2024-06-04T23:40:32.977+0000] {processor.py:153} INFO - Started process (PID=696) to work on /home/airflow/.local/lib/python3.7/site-packages/airflow/example_dags/tutorial_taskflow_api.py
[2024-06-04T23:40:32.978+0000] {processor.py:743} INFO - Processing file /home/airflow/.local/lib/python3.7/site-packages/airflow/example_dags/tutorial_taskflow_api.py for tasks to queue
[2024-06-04T23:40:32.978+0000] {logging_mixin.py:137} INFO - [2024-06-04T23:40:32.978+0000] {dagbag.py:538} INFO - Filling up the DagBag from /home/airflow/.local/lib/python3.7/site-packages/airflow/example_dags/tutorial_taskflow_api.py
[2024-06-04T23:40:32.993+0000] {processor.py:753} INFO - DAG(s) dict_keys(['tutorial_taskflow_api']) retrieved from /home/airflow/.local/lib/python3.7/site-packages/airflow/example_dags/tutorial_taskflow_api.py
[2024-06-04T23:40:33.011+0000] {logging_mixin.py:137} INFO - [2024-06-04T23:40:33.011+0000] {dag.py:2690} INFO - Sync 1 DAGs
[2024-06-04T23:40:33.027+0000] {logging_mixin.py:137} INFO - [2024-06-04T23:40:33.027+0000] {dag.py:3441} INFO - Setting next_dagrun for tutorial_taskflow_api to None, run_after=None
[2024-06-04T23:40:33.039+0000] {processor.py:175} INFO - Processing /home/airflow/.local/lib/python3.7/site-packages/airflow/example_dags/tutorial_taskflow_api.py took 0.064 seconds
[2024-06-04T23:41:03.712+0000] {processor.py:153} INFO - Started process (PID=807) to work on /home/airflow/.local/lib/python3.7/site-packages/airflow/example_dags/tutorial_taskflow_api.py
[2024-06-04T23:41:03.712+0000] {processor.py:743} INFO - Processing file /home/airflow/.local/lib/python3.7/site-packages/airflow/example_dags/tutorial_taskflow_api.py for tasks to queue
[2024-06-04T23:41:03.713+0000] {logging_mixin.py:137} INFO - [2024-06-04T23:41:03.712+0000] {dagbag.py:538} INFO - Filling up the DagBag from /home/airflow/.local/lib/python3.7/site-packages/airflow/example_dags/tutorial_taskflow_api.py
[2024-06-04T23:41:03.727+0000] {processor.py:753} INFO - DAG(s) dict_keys(['tutorial_taskflow_api']) retrieved from /home/airflow/.local/lib/python3.7/site-packages/airflow/example_dags/tutorial_taskflow_api.py
[2024-06-04T23:41:03.746+0000] {logging_mixin.py:137} INFO - [2024-06-04T23:41:03.745+0000] {dag.py:2690} INFO - Sync 1 DAGs
[2024-06-04T23:41:03.762+0000] {logging_mixin.py:137} INFO - [2024-06-04T23:41:03.761+0000] {dag.py:3441} INFO - Setting next_dagrun for tutorial_taskflow_api to None, run_after=None
[2024-06-04T23:41:03.773+0000] {processor.py:175} INFO - Processing /home/airflow/.local/lib/python3.7/site-packages/airflow/example_dags/tutorial_taskflow_api.py took 0.064 seconds
[2024-06-04T23:41:34.409+0000] {processor.py:153} INFO - Started process (PID=894) to work on /home/airflow/.local/lib/python3.7/site-packages/airflow/example_dags/tutorial_taskflow_api.py
[2024-06-04T23:41:34.409+0000] {processor.py:743} INFO - Processing file /home/airflow/.local/lib/python3.7/site-packages/airflow/example_dags/tutorial_taskflow_api.py for tasks to queue
[2024-06-04T23:41:34.410+0000] {logging_mixin.py:137} INFO - [2024-06-04T23:41:34.410+0000] {dagbag.py:538} INFO - Filling up the DagBag from /home/airflow/.local/lib/python3.7/site-packages/airflow/example_dags/tutorial_taskflow_api.py
[2024-06-04T23:41:34.425+0000] {processor.py:753} INFO - DAG(s) dict_keys(['tutorial_taskflow_api']) retrieved from /home/airflow/.local/lib/python3.7/site-packages/airflow/example_dags/tutorial_taskflow_api.py
[2024-06-04T23:41:34.443+0000] {logging_mixin.py:137} INFO - [2024-06-04T23:41:34.443+0000] {dag.py:2690} INFO - Sync 1 DAGs
[2024-06-04T23:41:34.460+0000] {logging_mixin.py:137} INFO - [2024-06-04T23:41:34.460+0000] {dag.py:3441} INFO - Setting next_dagrun for tutorial_taskflow_api to None, run_after=None
[2024-06-04T23:41:34.473+0000] {processor.py:175} INFO - Processing /home/airflow/.local/lib/python3.7/site-packages/airflow/example_dags/tutorial_taskflow_api.py took 0.067 seconds
[2024-06-04T23:42:05.362+0000] {processor.py:153} INFO - Started process (PID=1005) to work on /home/airflow/.local/lib/python3.7/site-packages/airflow/example_dags/tutorial_taskflow_api.py
[2024-06-04T23:42:05.363+0000] {processor.py:743} INFO - Processing file /home/airflow/.local/lib/python3.7/site-packages/airflow/example_dags/tutorial_taskflow_api.py for tasks to queue
[2024-06-04T23:42:05.363+0000] {logging_mixin.py:137} INFO - [2024-06-04T23:42:05.363+0000] {dagbag.py:538} INFO - Filling up the DagBag from /home/airflow/.local/lib/python3.7/site-packages/airflow/example_dags/tutorial_taskflow_api.py
[2024-06-04T23:42:05.378+0000] {processor.py:753} INFO - DAG(s) dict_keys(['tutorial_taskflow_api']) retrieved from /home/airflow/.local/lib/python3.7/site-packages/airflow/example_dags/tutorial_taskflow_api.py
[2024-06-04T23:42:05.397+0000] {logging_mixin.py:137} INFO - [2024-06-04T23:42:05.397+0000] {dag.py:2690} INFO - Sync 1 DAGs
[2024-06-04T23:42:05.415+0000] {logging_mixin.py:137} INFO - [2024-06-04T23:42:05.415+0000] {dag.py:3441} INFO - Setting next_dagrun for tutorial_taskflow_api to None, run_after=None
[2024-06-04T23:42:05.428+0000] {processor.py:175} INFO - Processing /home/airflow/.local/lib/python3.7/site-packages/airflow/example_dags/tutorial_taskflow_api.py took 0.068 seconds
[2024-06-04T23:42:35.500+0000] {processor.py:153} INFO - Started process (PID=1116) to work on /home/airflow/.local/lib/python3.7/site-packages/airflow/example_dags/tutorial_taskflow_api.py
[2024-06-04T23:42:35.501+0000] {processor.py:743} INFO - Processing file /home/airflow/.local/lib/python3.7/site-packages/airflow/example_dags/tutorial_taskflow_api.py for tasks to queue
[2024-06-04T23:42:35.502+0000] {logging_mixin.py:137} INFO - [2024-06-04T23:42:35.502+0000] {dagbag.py:538} INFO - Filling up the DagBag from /home/airflow/.local/lib/python3.7/site-packages/airflow/example_dags/tutorial_taskflow_api.py
[2024-06-04T23:42:35.517+0000] {processor.py:753} INFO - DAG(s) dict_keys(['tutorial_taskflow_api']) retrieved from /home/airflow/.local/lib/python3.7/site-packages/airflow/example_dags/tutorial_taskflow_api.py
[2024-06-04T23:42:35.536+0000] {logging_mixin.py:137} INFO - [2024-06-04T23:42:35.535+0000] {dag.py:2690} INFO - Sync 1 DAGs
[2024-06-04T23:42:35.551+0000] {logging_mixin.py:137} INFO - [2024-06-04T23:42:35.551+0000] {dag.py:3441} INFO - Setting next_dagrun for tutorial_taskflow_api to None, run_after=None
[2024-06-04T23:42:35.564+0000] {processor.py:175} INFO - Processing /home/airflow/.local/lib/python3.7/site-packages/airflow/example_dags/tutorial_taskflow_api.py took 0.067 seconds
[2024-06-04T23:43:06.251+0000] {processor.py:153} INFO - Started process (PID=1203) to work on /home/airflow/.local/lib/python3.7/site-packages/airflow/example_dags/tutorial_taskflow_api.py
[2024-06-04T23:43:06.252+0000] {processor.py:743} INFO - Processing file /home/airflow/.local/lib/python3.7/site-packages/airflow/example_dags/tutorial_taskflow_api.py for tasks to queue
[2024-06-04T23:43:06.252+0000] {logging_mixin.py:137} INFO - [2024-06-04T23:43:06.252+0000] {dagbag.py:538} INFO - Filling up the DagBag from /home/airflow/.local/lib/python3.7/site-packages/airflow/example_dags/tutorial_taskflow_api.py
[2024-06-04T23:43:06.267+0000] {processor.py:753} INFO - DAG(s) dict_keys(['tutorial_taskflow_api']) retrieved from /home/airflow/.local/lib/python3.7/site-packages/airflow/example_dags/tutorial_taskflow_api.py
[2024-06-04T23:43:06.286+0000] {logging_mixin.py:137} INFO - [2024-06-04T23:43:06.286+0000] {dag.py:2690} INFO - Sync 1 DAGs
[2024-06-04T23:43:06.302+0000] {logging_mixin.py:137} INFO - [2024-06-04T23:43:06.302+0000] {dag.py:3441} INFO - Setting next_dagrun for tutorial_taskflow_api to None, run_after=None
[2024-06-04T23:43:06.313+0000] {processor.py:175} INFO - Processing /home/airflow/.local/lib/python3.7/site-packages/airflow/example_dags/tutorial_taskflow_api.py took 0.064 seconds
[2024-06-04T23:43:37.103+0000] {processor.py:153} INFO - Started process (PID=1314) to work on /home/airflow/.local/lib/python3.7/site-packages/airflow/example_dags/tutorial_taskflow_api.py
[2024-06-04T23:43:37.103+0000] {processor.py:743} INFO - Processing file /home/airflow/.local/lib/python3.7/site-packages/airflow/example_dags/tutorial_taskflow_api.py for tasks to queue
[2024-06-04T23:43:37.104+0000] {logging_mixin.py:137} INFO - [2024-06-04T23:43:37.104+0000] {dagbag.py:538} INFO - Filling up the DagBag from /home/airflow/.local/lib/python3.7/site-packages/airflow/example_dags/tutorial_taskflow_api.py
[2024-06-04T23:43:37.118+0000] {processor.py:753} INFO - DAG(s) dict_keys(['tutorial_taskflow_api']) retrieved from /home/airflow/.local/lib/python3.7/site-packages/airflow/example_dags/tutorial_taskflow_api.py
[2024-06-04T23:43:37.136+0000] {logging_mixin.py:137} INFO - [2024-06-04T23:43:37.136+0000] {dag.py:2690} INFO - Sync 1 DAGs
[2024-06-04T23:43:37.152+0000] {logging_mixin.py:137} INFO - [2024-06-04T23:43:37.152+0000] {dag.py:3441} INFO - Setting next_dagrun for tutorial_taskflow_api to None, run_after=None
[2024-06-04T23:43:37.165+0000] {processor.py:175} INFO - Processing /home/airflow/.local/lib/python3.7/site-packages/airflow/example_dags/tutorial_taskflow_api.py took 0.064 seconds
[2024-06-04T23:44:08.170+0000] {processor.py:153} INFO - Started process (PID=1530) to work on /home/airflow/.local/lib/python3.7/site-packages/airflow/example_dags/tutorial_taskflow_api.py
[2024-06-04T23:44:08.171+0000] {processor.py:743} INFO - Processing file /home/airflow/.local/lib/python3.7/site-packages/airflow/example_dags/tutorial_taskflow_api.py for tasks to queue
[2024-06-04T23:44:08.172+0000] {logging_mixin.py:137} INFO - [2024-06-04T23:44:08.172+0000] {dagbag.py:538} INFO - Filling up the DagBag from /home/airflow/.local/lib/python3.7/site-packages/airflow/example_dags/tutorial_taskflow_api.py
[2024-06-04T23:44:08.194+0000] {processor.py:753} INFO - DAG(s) dict_keys(['tutorial_taskflow_api']) retrieved from /home/airflow/.local/lib/python3.7/site-packages/airflow/example_dags/tutorial_taskflow_api.py
[2024-06-04T23:44:08.225+0000] {logging_mixin.py:137} INFO - [2024-06-04T23:44:08.225+0000] {dag.py:2690} INFO - Sync 1 DAGs
[2024-06-04T23:44:08.259+0000] {logging_mixin.py:137} INFO - [2024-06-04T23:44:08.258+0000] {dag.py:3441} INFO - Setting next_dagrun for tutorial_taskflow_api to None, run_after=None
[2024-06-04T23:44:08.280+0000] {processor.py:175} INFO - Processing /home/airflow/.local/lib/python3.7/site-packages/airflow/example_dags/tutorial_taskflow_api.py took 0.113 seconds
[2024-06-04T23:44:38.341+0000] {processor.py:153} INFO - Started process (PID=1886) to work on /home/airflow/.local/lib/python3.7/site-packages/airflow/example_dags/tutorial_taskflow_api.py
[2024-06-04T23:44:38.342+0000] {processor.py:743} INFO - Processing file /home/airflow/.local/lib/python3.7/site-packages/airflow/example_dags/tutorial_taskflow_api.py for tasks to queue
[2024-06-04T23:44:38.342+0000] {logging_mixin.py:137} INFO - [2024-06-04T23:44:38.342+0000] {dagbag.py:538} INFO - Filling up the DagBag from /home/airflow/.local/lib/python3.7/site-packages/airflow/example_dags/tutorial_taskflow_api.py
[2024-06-04T23:44:38.357+0000] {processor.py:753} INFO - DAG(s) dict_keys(['tutorial_taskflow_api']) retrieved from /home/airflow/.local/lib/python3.7/site-packages/airflow/example_dags/tutorial_taskflow_api.py
[2024-06-04T23:44:38.376+0000] {logging_mixin.py:137} INFO - [2024-06-04T23:44:38.376+0000] {dag.py:2690} INFO - Sync 1 DAGs
[2024-06-04T23:44:38.393+0000] {logging_mixin.py:137} INFO - [2024-06-04T23:44:38.393+0000] {dag.py:3441} INFO - Setting next_dagrun for tutorial_taskflow_api to None, run_after=None
[2024-06-04T23:44:38.405+0000] {processor.py:175} INFO - Processing /home/airflow/.local/lib/python3.7/site-packages/airflow/example_dags/tutorial_taskflow_api.py took 0.066 seconds
[2024-06-04T23:45:09.256+0000] {processor.py:153} INFO - Started process (PID=2244) to work on /home/airflow/.local/lib/python3.7/site-packages/airflow/example_dags/tutorial_taskflow_api.py
[2024-06-04T23:45:09.257+0000] {processor.py:743} INFO - Processing file /home/airflow/.local/lib/python3.7/site-packages/airflow/example_dags/tutorial_taskflow_api.py for tasks to queue
[2024-06-04T23:45:09.261+0000] {logging_mixin.py:137} INFO - [2024-06-04T23:45:09.261+0000] {dagbag.py:538} INFO - Filling up the DagBag from /home/airflow/.local/lib/python3.7/site-packages/airflow/example_dags/tutorial_taskflow_api.py
[2024-06-04T23:45:09.312+0000] {processor.py:753} INFO - DAG(s) dict_keys(['tutorial_taskflow_api']) retrieved from /home/airflow/.local/lib/python3.7/site-packages/airflow/example_dags/tutorial_taskflow_api.py
[2024-06-04T23:45:09.349+0000] {logging_mixin.py:137} INFO - [2024-06-04T23:45:09.349+0000] {dag.py:2690} INFO - Sync 1 DAGs
[2024-06-04T23:45:09.401+0000] {logging_mixin.py:137} INFO - [2024-06-04T23:45:09.401+0000] {dag.py:3441} INFO - Setting next_dagrun for tutorial_taskflow_api to None, run_after=None
[2024-06-04T23:45:09.425+0000] {processor.py:175} INFO - Processing /home/airflow/.local/lib/python3.7/site-packages/airflow/example_dags/tutorial_taskflow_api.py took 0.173 seconds
[2024-06-04T23:45:39.945+0000] {processor.py:153} INFO - Started process (PID=2571) to work on /home/airflow/.local/lib/python3.7/site-packages/airflow/example_dags/tutorial_taskflow_api.py
[2024-06-04T23:45:39.945+0000] {processor.py:743} INFO - Processing file /home/airflow/.local/lib/python3.7/site-packages/airflow/example_dags/tutorial_taskflow_api.py for tasks to queue
[2024-06-04T23:45:39.946+0000] {logging_mixin.py:137} INFO - [2024-06-04T23:45:39.946+0000] {dagbag.py:538} INFO - Filling up the DagBag from /home/airflow/.local/lib/python3.7/site-packages/airflow/example_dags/tutorial_taskflow_api.py
[2024-06-04T23:45:39.963+0000] {processor.py:753} INFO - DAG(s) dict_keys(['tutorial_taskflow_api']) retrieved from /home/airflow/.local/lib/python3.7/site-packages/airflow/example_dags/tutorial_taskflow_api.py
[2024-06-04T23:45:39.986+0000] {logging_mixin.py:137} INFO - [2024-06-04T23:45:39.985+0000] {dag.py:2690} INFO - Sync 1 DAGs
[2024-06-04T23:45:40.007+0000] {logging_mixin.py:137} INFO - [2024-06-04T23:45:40.007+0000] {dag.py:3441} INFO - Setting next_dagrun for tutorial_taskflow_api to None, run_after=None
[2024-06-04T23:45:40.027+0000] {processor.py:175} INFO - Processing /home/airflow/.local/lib/python3.7/site-packages/airflow/example_dags/tutorial_taskflow_api.py took 0.086 seconds
[2024-06-04T23:46:10.525+0000] {processor.py:153} INFO - Started process (PID=2930) to work on /home/airflow/.local/lib/python3.7/site-packages/airflow/example_dags/tutorial_taskflow_api.py
[2024-06-04T23:46:10.526+0000] {processor.py:743} INFO - Processing file /home/airflow/.local/lib/python3.7/site-packages/airflow/example_dags/tutorial_taskflow_api.py for tasks to queue
[2024-06-04T23:46:10.527+0000] {logging_mixin.py:137} INFO - [2024-06-04T23:46:10.526+0000] {dagbag.py:538} INFO - Filling up the DagBag from /home/airflow/.local/lib/python3.7/site-packages/airflow/example_dags/tutorial_taskflow_api.py
[2024-06-04T23:46:10.552+0000] {processor.py:753} INFO - DAG(s) dict_keys(['tutorial_taskflow_api']) retrieved from /home/airflow/.local/lib/python3.7/site-packages/airflow/example_dags/tutorial_taskflow_api.py
[2024-06-04T23:46:10.579+0000] {logging_mixin.py:137} INFO - [2024-06-04T23:46:10.579+0000] {dag.py:2690} INFO - Sync 1 DAGs
[2024-06-04T23:46:10.606+0000] {logging_mixin.py:137} INFO - [2024-06-04T23:46:10.606+0000] {dag.py:3441} INFO - Setting next_dagrun for tutorial_taskflow_api to None, run_after=None
[2024-06-04T23:46:10.623+0000] {processor.py:175} INFO - Processing /home/airflow/.local/lib/python3.7/site-packages/airflow/example_dags/tutorial_taskflow_api.py took 0.101 seconds
[2024-06-04T23:46:41.101+0000] {processor.py:153} INFO - Started process (PID=3275) to work on /home/airflow/.local/lib/python3.7/site-packages/airflow/example_dags/tutorial_taskflow_api.py
[2024-06-04T23:46:41.102+0000] {processor.py:743} INFO - Processing file /home/airflow/.local/lib/python3.7/site-packages/airflow/example_dags/tutorial_taskflow_api.py for tasks to queue
[2024-06-04T23:46:41.102+0000] {logging_mixin.py:137} INFO - [2024-06-04T23:46:41.102+0000] {dagbag.py:538} INFO - Filling up the DagBag from /home/airflow/.local/lib/python3.7/site-packages/airflow/example_dags/tutorial_taskflow_api.py
[2024-06-04T23:46:41.119+0000] {processor.py:753} INFO - DAG(s) dict_keys(['tutorial_taskflow_api']) retrieved from /home/airflow/.local/lib/python3.7/site-packages/airflow/example_dags/tutorial_taskflow_api.py
[2024-06-04T23:46:41.140+0000] {logging_mixin.py:137} INFO - [2024-06-04T23:46:41.139+0000] {dag.py:2690} INFO - Sync 1 DAGs
[2024-06-04T23:46:41.160+0000] {logging_mixin.py:137} INFO - [2024-06-04T23:46:41.160+0000] {dag.py:3441} INFO - Setting next_dagrun for tutorial_taskflow_api to None, run_after=None
[2024-06-04T23:46:41.174+0000] {processor.py:175} INFO - Processing /home/airflow/.local/lib/python3.7/site-packages/airflow/example_dags/tutorial_taskflow_api.py took 0.076 seconds
[2024-06-04T23:47:11.385+0000] {processor.py:153} INFO - Started process (PID=3615) to work on /home/airflow/.local/lib/python3.7/site-packages/airflow/example_dags/tutorial_taskflow_api.py
[2024-06-04T23:47:11.385+0000] {processor.py:743} INFO - Processing file /home/airflow/.local/lib/python3.7/site-packages/airflow/example_dags/tutorial_taskflow_api.py for tasks to queue
[2024-06-04T23:47:11.386+0000] {logging_mixin.py:137} INFO - [2024-06-04T23:47:11.386+0000] {dagbag.py:538} INFO - Filling up the DagBag from /home/airflow/.local/lib/python3.7/site-packages/airflow/example_dags/tutorial_taskflow_api.py
[2024-06-04T23:47:11.401+0000] {processor.py:753} INFO - DAG(s) dict_keys(['tutorial_taskflow_api']) retrieved from /home/airflow/.local/lib/python3.7/site-packages/airflow/example_dags/tutorial_taskflow_api.py
[2024-06-04T23:47:11.421+0000] {logging_mixin.py:137} INFO - [2024-06-04T23:47:11.421+0000] {dag.py:2690} INFO - Sync 1 DAGs
[2024-06-04T23:47:11.441+0000] {logging_mixin.py:137} INFO - [2024-06-04T23:47:11.441+0000] {dag.py:3441} INFO - Setting next_dagrun for tutorial_taskflow_api to None, run_after=None
[2024-06-04T23:47:11.455+0000] {processor.py:175} INFO - Processing /home/airflow/.local/lib/python3.7/site-packages/airflow/example_dags/tutorial_taskflow_api.py took 0.073 seconds
[2024-06-04T23:47:41.955+0000] {processor.py:153} INFO - Started process (PID=3969) to work on /home/airflow/.local/lib/python3.7/site-packages/airflow/example_dags/tutorial_taskflow_api.py
[2024-06-04T23:47:41.956+0000] {processor.py:743} INFO - Processing file /home/airflow/.local/lib/python3.7/site-packages/airflow/example_dags/tutorial_taskflow_api.py for tasks to queue
[2024-06-04T23:47:41.956+0000] {logging_mixin.py:137} INFO - [2024-06-04T23:47:41.956+0000] {dagbag.py:538} INFO - Filling up the DagBag from /home/airflow/.local/lib/python3.7/site-packages/airflow/example_dags/tutorial_taskflow_api.py
[2024-06-04T23:47:41.974+0000] {processor.py:753} INFO - DAG(s) dict_keys(['tutorial_taskflow_api']) retrieved from /home/airflow/.local/lib/python3.7/site-packages/airflow/example_dags/tutorial_taskflow_api.py
[2024-06-04T23:47:41.996+0000] {logging_mixin.py:137} INFO - [2024-06-04T23:47:41.996+0000] {dag.py:2690} INFO - Sync 1 DAGs
[2024-06-04T23:47:42.024+0000] {logging_mixin.py:137} INFO - [2024-06-04T23:47:42.024+0000] {dag.py:3441} INFO - Setting next_dagrun for tutorial_taskflow_api to None, run_after=None
[2024-06-04T23:47:42.043+0000] {processor.py:175} INFO - Processing /home/airflow/.local/lib/python3.7/site-packages/airflow/example_dags/tutorial_taskflow_api.py took 0.091 seconds
[2024-06-04T23:48:12.261+0000] {processor.py:153} INFO - Started process (PID=4329) to work on /home/airflow/.local/lib/python3.7/site-packages/airflow/example_dags/tutorial_taskflow_api.py
[2024-06-04T23:48:12.262+0000] {processor.py:743} INFO - Processing file /home/airflow/.local/lib/python3.7/site-packages/airflow/example_dags/tutorial_taskflow_api.py for tasks to queue
[2024-06-04T23:48:12.262+0000] {logging_mixin.py:137} INFO - [2024-06-04T23:48:12.262+0000] {dagbag.py:538} INFO - Filling up the DagBag from /home/airflow/.local/lib/python3.7/site-packages/airflow/example_dags/tutorial_taskflow_api.py
[2024-06-04T23:48:12.278+0000] {processor.py:753} INFO - DAG(s) dict_keys(['tutorial_taskflow_api']) retrieved from /home/airflow/.local/lib/python3.7/site-packages/airflow/example_dags/tutorial_taskflow_api.py
[2024-06-04T23:48:12.297+0000] {logging_mixin.py:137} INFO - [2024-06-04T23:48:12.297+0000] {dag.py:2690} INFO - Sync 1 DAGs
[2024-06-04T23:48:12.316+0000] {logging_mixin.py:137} INFO - [2024-06-04T23:48:12.316+0000] {dag.py:3441} INFO - Setting next_dagrun for tutorial_taskflow_api to None, run_after=None
[2024-06-04T23:48:12.329+0000] {processor.py:175} INFO - Processing /home/airflow/.local/lib/python3.7/site-packages/airflow/example_dags/tutorial_taskflow_api.py took 0.070 seconds
[2024-06-04T23:48:42.703+0000] {processor.py:153} INFO - Started process (PID=4699) to work on /home/airflow/.local/lib/python3.7/site-packages/airflow/example_dags/tutorial_taskflow_api.py
[2024-06-04T23:48:42.704+0000] {processor.py:743} INFO - Processing file /home/airflow/.local/lib/python3.7/site-packages/airflow/example_dags/tutorial_taskflow_api.py for tasks to queue
[2024-06-04T23:48:42.705+0000] {logging_mixin.py:137} INFO - [2024-06-04T23:48:42.705+0000] {dagbag.py:538} INFO - Filling up the DagBag from /home/airflow/.local/lib/python3.7/site-packages/airflow/example_dags/tutorial_taskflow_api.py
[2024-06-04T23:48:42.733+0000] {processor.py:753} INFO - DAG(s) dict_keys(['tutorial_taskflow_api']) retrieved from /home/airflow/.local/lib/python3.7/site-packages/airflow/example_dags/tutorial_taskflow_api.py
[2024-06-04T23:48:42.764+0000] {logging_mixin.py:137} INFO - [2024-06-04T23:48:42.764+0000] {dag.py:2690} INFO - Sync 1 DAGs
[2024-06-04T23:48:42.792+0000] {logging_mixin.py:137} INFO - [2024-06-04T23:48:42.792+0000] {dag.py:3441} INFO - Setting next_dagrun for tutorial_taskflow_api to None, run_after=None
[2024-06-04T23:48:42.813+0000] {processor.py:175} INFO - Processing /home/airflow/.local/lib/python3.7/site-packages/airflow/example_dags/tutorial_taskflow_api.py took 0.114 seconds
[2024-06-04T23:49:13.630+0000] {processor.py:153} INFO - Started process (PID=5099) to work on /home/airflow/.local/lib/python3.7/site-packages/airflow/example_dags/tutorial_taskflow_api.py
[2024-06-04T23:49:13.630+0000] {processor.py:743} INFO - Processing file /home/airflow/.local/lib/python3.7/site-packages/airflow/example_dags/tutorial_taskflow_api.py for tasks to queue
[2024-06-04T23:49:13.631+0000] {logging_mixin.py:137} INFO - [2024-06-04T23:49:13.631+0000] {dagbag.py:538} INFO - Filling up the DagBag from /home/airflow/.local/lib/python3.7/site-packages/airflow/example_dags/tutorial_taskflow_api.py
[2024-06-04T23:49:13.650+0000] {processor.py:753} INFO - DAG(s) dict_keys(['tutorial_taskflow_api']) retrieved from /home/airflow/.local/lib/python3.7/site-packages/airflow/example_dags/tutorial_taskflow_api.py
[2024-06-04T23:49:13.672+0000] {logging_mixin.py:137} INFO - [2024-06-04T23:49:13.671+0000] {dag.py:2690} INFO - Sync 1 DAGs
[2024-06-04T23:49:13.697+0000] {logging_mixin.py:137} INFO - [2024-06-04T23:49:13.697+0000] {dag.py:3441} INFO - Setting next_dagrun for tutorial_taskflow_api to None, run_after=None
[2024-06-04T23:49:13.714+0000] {processor.py:175} INFO - Processing /home/airflow/.local/lib/python3.7/site-packages/airflow/example_dags/tutorial_taskflow_api.py took 0.087 seconds
[2024-06-04T23:49:43.850+0000] {processor.py:153} INFO - Started process (PID=5447) to work on /home/airflow/.local/lib/python3.7/site-packages/airflow/example_dags/tutorial_taskflow_api.py
[2024-06-04T23:49:43.851+0000] {processor.py:743} INFO - Processing file /home/airflow/.local/lib/python3.7/site-packages/airflow/example_dags/tutorial_taskflow_api.py for tasks to queue
[2024-06-04T23:49:43.852+0000] {logging_mixin.py:137} INFO - [2024-06-04T23:49:43.851+0000] {dagbag.py:538} INFO - Filling up the DagBag from /home/airflow/.local/lib/python3.7/site-packages/airflow/example_dags/tutorial_taskflow_api.py
[2024-06-04T23:49:43.869+0000] {processor.py:753} INFO - DAG(s) dict_keys(['tutorial_taskflow_api']) retrieved from /home/airflow/.local/lib/python3.7/site-packages/airflow/example_dags/tutorial_taskflow_api.py
[2024-06-04T23:49:43.889+0000] {logging_mixin.py:137} INFO - [2024-06-04T23:49:43.889+0000] {dag.py:2690} INFO - Sync 1 DAGs
[2024-06-04T23:49:43.909+0000] {logging_mixin.py:137} INFO - [2024-06-04T23:49:43.909+0000] {dag.py:3441} INFO - Setting next_dagrun for tutorial_taskflow_api to None, run_after=None
[2024-06-04T23:49:43.932+0000] {processor.py:175} INFO - Processing /home/airflow/.local/lib/python3.7/site-packages/airflow/example_dags/tutorial_taskflow_api.py took 0.084 seconds
[2024-06-04T23:50:14.182+0000] {processor.py:153} INFO - Started process (PID=5816) to work on /home/airflow/.local/lib/python3.7/site-packages/airflow/example_dags/tutorial_taskflow_api.py
[2024-06-04T23:50:14.183+0000] {processor.py:743} INFO - Processing file /home/airflow/.local/lib/python3.7/site-packages/airflow/example_dags/tutorial_taskflow_api.py for tasks to queue
[2024-06-04T23:50:14.183+0000] {logging_mixin.py:137} INFO - [2024-06-04T23:50:14.183+0000] {dagbag.py:538} INFO - Filling up the DagBag from /home/airflow/.local/lib/python3.7/site-packages/airflow/example_dags/tutorial_taskflow_api.py
[2024-06-04T23:50:14.210+0000] {processor.py:753} INFO - DAG(s) dict_keys(['tutorial_taskflow_api']) retrieved from /home/airflow/.local/lib/python3.7/site-packages/airflow/example_dags/tutorial_taskflow_api.py
[2024-06-04T23:50:14.235+0000] {logging_mixin.py:137} INFO - [2024-06-04T23:50:14.235+0000] {dag.py:2690} INFO - Sync 1 DAGs
[2024-06-04T23:50:14.265+0000] {logging_mixin.py:137} INFO - [2024-06-04T23:50:14.265+0000] {dag.py:3441} INFO - Setting next_dagrun for tutorial_taskflow_api to None, run_after=None
[2024-06-04T23:50:14.286+0000] {processor.py:175} INFO - Processing /home/airflow/.local/lib/python3.7/site-packages/airflow/example_dags/tutorial_taskflow_api.py took 0.109 seconds
[2024-06-04T23:50:44.377+0000] {processor.py:153} INFO - Started process (PID=6197) to work on /home/airflow/.local/lib/python3.7/site-packages/airflow/example_dags/tutorial_taskflow_api.py
[2024-06-04T23:50:44.378+0000] {processor.py:743} INFO - Processing file /home/airflow/.local/lib/python3.7/site-packages/airflow/example_dags/tutorial_taskflow_api.py for tasks to queue
[2024-06-04T23:50:44.378+0000] {logging_mixin.py:137} INFO - [2024-06-04T23:50:44.378+0000] {dagbag.py:538} INFO - Filling up the DagBag from /home/airflow/.local/lib/python3.7/site-packages/airflow/example_dags/tutorial_taskflow_api.py
[2024-06-04T23:50:44.403+0000] {processor.py:753} INFO - DAG(s) dict_keys(['tutorial_taskflow_api']) retrieved from /home/airflow/.local/lib/python3.7/site-packages/airflow/example_dags/tutorial_taskflow_api.py
[2024-06-04T23:50:44.434+0000] {logging_mixin.py:137} INFO - [2024-06-04T23:50:44.434+0000] {dag.py:2690} INFO - Sync 1 DAGs
[2024-06-04T23:50:44.469+0000] {logging_mixin.py:137} INFO - [2024-06-04T23:50:44.469+0000] {dag.py:3441} INFO - Setting next_dagrun for tutorial_taskflow_api to None, run_after=None
[2024-06-04T23:50:44.492+0000] {processor.py:175} INFO - Processing /home/airflow/.local/lib/python3.7/site-packages/airflow/example_dags/tutorial_taskflow_api.py took 0.118 seconds
[2024-06-04T23:51:15.424+0000] {processor.py:153} INFO - Started process (PID=6539) to work on /home/airflow/.local/lib/python3.7/site-packages/airflow/example_dags/tutorial_taskflow_api.py
[2024-06-04T23:51:15.425+0000] {processor.py:743} INFO - Processing file /home/airflow/.local/lib/python3.7/site-packages/airflow/example_dags/tutorial_taskflow_api.py for tasks to queue
[2024-06-04T23:51:15.425+0000] {logging_mixin.py:137} INFO - [2024-06-04T23:51:15.425+0000] {dagbag.py:538} INFO - Filling up the DagBag from /home/airflow/.local/lib/python3.7/site-packages/airflow/example_dags/tutorial_taskflow_api.py
[2024-06-04T23:51:15.441+0000] {processor.py:753} INFO - DAG(s) dict_keys(['tutorial_taskflow_api']) retrieved from /home/airflow/.local/lib/python3.7/site-packages/airflow/example_dags/tutorial_taskflow_api.py
[2024-06-04T23:51:15.461+0000] {logging_mixin.py:137} INFO - [2024-06-04T23:51:15.461+0000] {dag.py:2690} INFO - Sync 1 DAGs
[2024-06-04T23:51:15.481+0000] {logging_mixin.py:137} INFO - [2024-06-04T23:51:15.481+0000] {dag.py:3441} INFO - Setting next_dagrun for tutorial_taskflow_api to None, run_after=None
[2024-06-04T23:51:15.495+0000] {processor.py:175} INFO - Processing /home/airflow/.local/lib/python3.7/site-packages/airflow/example_dags/tutorial_taskflow_api.py took 0.073 seconds
[2024-06-04T23:51:45.665+0000] {processor.py:153} INFO - Started process (PID=6895) to work on /home/airflow/.local/lib/python3.7/site-packages/airflow/example_dags/tutorial_taskflow_api.py
[2024-06-04T23:51:45.667+0000] {processor.py:743} INFO - Processing file /home/airflow/.local/lib/python3.7/site-packages/airflow/example_dags/tutorial_taskflow_api.py for tasks to queue
[2024-06-04T23:51:45.667+0000] {logging_mixin.py:137} INFO - [2024-06-04T23:51:45.667+0000] {dagbag.py:538} INFO - Filling up the DagBag from /home/airflow/.local/lib/python3.7/site-packages/airflow/example_dags/tutorial_taskflow_api.py
[2024-06-04T23:51:45.689+0000] {processor.py:753} INFO - DAG(s) dict_keys(['tutorial_taskflow_api']) retrieved from /home/airflow/.local/lib/python3.7/site-packages/airflow/example_dags/tutorial_taskflow_api.py
[2024-06-04T23:51:45.720+0000] {logging_mixin.py:137} INFO - [2024-06-04T23:51:45.720+0000] {dag.py:2690} INFO - Sync 1 DAGs
[2024-06-04T23:51:45.754+0000] {logging_mixin.py:137} INFO - [2024-06-04T23:51:45.754+0000] {dag.py:3441} INFO - Setting next_dagrun for tutorial_taskflow_api to None, run_after=None
[2024-06-04T23:51:45.777+0000] {processor.py:175} INFO - Processing /home/airflow/.local/lib/python3.7/site-packages/airflow/example_dags/tutorial_taskflow_api.py took 0.116 seconds
[2024-06-04T23:52:16.682+0000] {processor.py:153} INFO - Started process (PID=7231) to work on /home/airflow/.local/lib/python3.7/site-packages/airflow/example_dags/tutorial_taskflow_api.py
[2024-06-04T23:52:16.683+0000] {processor.py:743} INFO - Processing file /home/airflow/.local/lib/python3.7/site-packages/airflow/example_dags/tutorial_taskflow_api.py for tasks to queue
[2024-06-04T23:52:16.684+0000] {logging_mixin.py:137} INFO - [2024-06-04T23:52:16.684+0000] {dagbag.py:538} INFO - Filling up the DagBag from /home/airflow/.local/lib/python3.7/site-packages/airflow/example_dags/tutorial_taskflow_api.py
[2024-06-04T23:52:16.708+0000] {processor.py:753} INFO - DAG(s) dict_keys(['tutorial_taskflow_api']) retrieved from /home/airflow/.local/lib/python3.7/site-packages/airflow/example_dags/tutorial_taskflow_api.py
[2024-06-04T23:52:16.732+0000] {logging_mixin.py:137} INFO - [2024-06-04T23:52:16.731+0000] {dag.py:2690} INFO - Sync 1 DAGs
[2024-06-04T23:52:16.753+0000] {logging_mixin.py:137} INFO - [2024-06-04T23:52:16.753+0000] {dag.py:3441} INFO - Setting next_dagrun for tutorial_taskflow_api to None, run_after=None
[2024-06-04T23:52:16.768+0000] {processor.py:175} INFO - Processing /home/airflow/.local/lib/python3.7/site-packages/airflow/example_dags/tutorial_taskflow_api.py took 0.090 seconds
[2024-06-04T23:52:47.206+0000] {processor.py:153} INFO - Started process (PID=7571) to work on /home/airflow/.local/lib/python3.7/site-packages/airflow/example_dags/tutorial_taskflow_api.py
[2024-06-04T23:52:47.207+0000] {processor.py:743} INFO - Processing file /home/airflow/.local/lib/python3.7/site-packages/airflow/example_dags/tutorial_taskflow_api.py for tasks to queue
[2024-06-04T23:52:47.207+0000] {logging_mixin.py:137} INFO - [2024-06-04T23:52:47.207+0000] {dagbag.py:538} INFO - Filling up the DagBag from /home/airflow/.local/lib/python3.7/site-packages/airflow/example_dags/tutorial_taskflow_api.py
[2024-06-04T23:52:47.224+0000] {processor.py:753} INFO - DAG(s) dict_keys(['tutorial_taskflow_api']) retrieved from /home/airflow/.local/lib/python3.7/site-packages/airflow/example_dags/tutorial_taskflow_api.py
[2024-06-04T23:52:47.243+0000] {logging_mixin.py:137} INFO - [2024-06-04T23:52:47.243+0000] {dag.py:2690} INFO - Sync 1 DAGs
[2024-06-04T23:52:47.263+0000] {logging_mixin.py:137} INFO - [2024-06-04T23:52:47.263+0000] {dag.py:3441} INFO - Setting next_dagrun for tutorial_taskflow_api to None, run_after=None
[2024-06-04T23:52:47.277+0000] {processor.py:175} INFO - Processing /home/airflow/.local/lib/python3.7/site-packages/airflow/example_dags/tutorial_taskflow_api.py took 0.074 seconds
[2024-06-04T23:53:17.916+0000] {processor.py:153} INFO - Started process (PID=7940) to work on /home/airflow/.local/lib/python3.7/site-packages/airflow/example_dags/tutorial_taskflow_api.py
[2024-06-04T23:53:17.917+0000] {processor.py:743} INFO - Processing file /home/airflow/.local/lib/python3.7/site-packages/airflow/example_dags/tutorial_taskflow_api.py for tasks to queue
[2024-06-04T23:53:17.917+0000] {logging_mixin.py:137} INFO - [2024-06-04T23:53:17.917+0000] {dagbag.py:538} INFO - Filling up the DagBag from /home/airflow/.local/lib/python3.7/site-packages/airflow/example_dags/tutorial_taskflow_api.py
[2024-06-04T23:53:17.934+0000] {processor.py:753} INFO - DAG(s) dict_keys(['tutorial_taskflow_api']) retrieved from /home/airflow/.local/lib/python3.7/site-packages/airflow/example_dags/tutorial_taskflow_api.py
[2024-06-04T23:53:17.954+0000] {logging_mixin.py:137} INFO - [2024-06-04T23:53:17.954+0000] {dag.py:2690} INFO - Sync 1 DAGs
[2024-06-04T23:53:17.972+0000] {logging_mixin.py:137} INFO - [2024-06-04T23:53:17.972+0000] {dag.py:3441} INFO - Setting next_dagrun for tutorial_taskflow_api to None, run_after=None
[2024-06-04T23:53:17.988+0000] {processor.py:175} INFO - Processing /home/airflow/.local/lib/python3.7/site-packages/airflow/example_dags/tutorial_taskflow_api.py took 0.074 seconds
[2024-06-04T23:53:48.087+0000] {processor.py:153} INFO - Started process (PID=8247) to work on /home/airflow/.local/lib/python3.7/site-packages/airflow/example_dags/tutorial_taskflow_api.py
[2024-06-04T23:53:48.087+0000] {processor.py:743} INFO - Processing file /home/airflow/.local/lib/python3.7/site-packages/airflow/example_dags/tutorial_taskflow_api.py for tasks to queue
[2024-06-04T23:53:48.088+0000] {logging_mixin.py:137} INFO - [2024-06-04T23:53:48.088+0000] {dagbag.py:538} INFO - Filling up the DagBag from /home/airflow/.local/lib/python3.7/site-packages/airflow/example_dags/tutorial_taskflow_api.py
[2024-06-04T23:53:48.105+0000] {processor.py:753} INFO - DAG(s) dict_keys(['tutorial_taskflow_api']) retrieved from /home/airflow/.local/lib/python3.7/site-packages/airflow/example_dags/tutorial_taskflow_api.py
[2024-06-04T23:53:48.126+0000] {logging_mixin.py:137} INFO - [2024-06-04T23:53:48.126+0000] {dag.py:2690} INFO - Sync 1 DAGs
[2024-06-04T23:53:48.144+0000] {logging_mixin.py:137} INFO - [2024-06-04T23:53:48.144+0000] {dag.py:3441} INFO - Setting next_dagrun for tutorial_taskflow_api to None, run_after=None
[2024-06-04T23:53:48.159+0000] {processor.py:175} INFO - Processing /home/airflow/.local/lib/python3.7/site-packages/airflow/example_dags/tutorial_taskflow_api.py took 0.075 seconds
[2024-06-04T23:54:18.320+0000] {processor.py:153} INFO - Started process (PID=8578) to work on /home/airflow/.local/lib/python3.7/site-packages/airflow/example_dags/tutorial_taskflow_api.py
[2024-06-04T23:54:18.321+0000] {processor.py:743} INFO - Processing file /home/airflow/.local/lib/python3.7/site-packages/airflow/example_dags/tutorial_taskflow_api.py for tasks to queue
[2024-06-04T23:54:18.321+0000] {logging_mixin.py:137} INFO - [2024-06-04T23:54:18.321+0000] {dagbag.py:538} INFO - Filling up the DagBag from /home/airflow/.local/lib/python3.7/site-packages/airflow/example_dags/tutorial_taskflow_api.py
[2024-06-04T23:54:18.336+0000] {processor.py:753} INFO - DAG(s) dict_keys(['tutorial_taskflow_api']) retrieved from /home/airflow/.local/lib/python3.7/site-packages/airflow/example_dags/tutorial_taskflow_api.py
[2024-06-04T23:54:18.355+0000] {logging_mixin.py:137} INFO - [2024-06-04T23:54:18.355+0000] {dag.py:2690} INFO - Sync 1 DAGs
[2024-06-04T23:54:18.372+0000] {logging_mixin.py:137} INFO - [2024-06-04T23:54:18.372+0000] {dag.py:3441} INFO - Setting next_dagrun for tutorial_taskflow_api to None, run_after=None
[2024-06-04T23:54:18.386+0000] {processor.py:175} INFO - Processing /home/airflow/.local/lib/python3.7/site-packages/airflow/example_dags/tutorial_taskflow_api.py took 0.068 seconds
[2024-06-04T23:54:49.290+0000] {processor.py:153} INFO - Started process (PID=8688) to work on /home/airflow/.local/lib/python3.7/site-packages/airflow/example_dags/tutorial_taskflow_api.py
[2024-06-04T23:54:49.291+0000] {processor.py:743} INFO - Processing file /home/airflow/.local/lib/python3.7/site-packages/airflow/example_dags/tutorial_taskflow_api.py for tasks to queue
[2024-06-04T23:54:49.291+0000] {logging_mixin.py:137} INFO - [2024-06-04T23:54:49.291+0000] {dagbag.py:538} INFO - Filling up the DagBag from /home/airflow/.local/lib/python3.7/site-packages/airflow/example_dags/tutorial_taskflow_api.py
[2024-06-04T23:54:49.305+0000] {processor.py:753} INFO - DAG(s) dict_keys(['tutorial_taskflow_api']) retrieved from /home/airflow/.local/lib/python3.7/site-packages/airflow/example_dags/tutorial_taskflow_api.py
[2024-06-04T23:54:49.324+0000] {logging_mixin.py:137} INFO - [2024-06-04T23:54:49.324+0000] {dag.py:2690} INFO - Sync 1 DAGs
[2024-06-04T23:54:49.342+0000] {logging_mixin.py:137} INFO - [2024-06-04T23:54:49.342+0000] {dag.py:3441} INFO - Setting next_dagrun for tutorial_taskflow_api to None, run_after=None
[2024-06-04T23:54:49.354+0000] {processor.py:175} INFO - Processing /home/airflow/.local/lib/python3.7/site-packages/airflow/example_dags/tutorial_taskflow_api.py took 0.067 seconds
[2024-06-04T23:55:20.056+0000] {processor.py:153} INFO - Started process (PID=8804) to work on /home/airflow/.local/lib/python3.7/site-packages/airflow/example_dags/tutorial_taskflow_api.py
[2024-06-04T23:55:20.057+0000] {processor.py:743} INFO - Processing file /home/airflow/.local/lib/python3.7/site-packages/airflow/example_dags/tutorial_taskflow_api.py for tasks to queue
[2024-06-04T23:55:20.058+0000] {logging_mixin.py:137} INFO - [2024-06-04T23:55:20.057+0000] {dagbag.py:538} INFO - Filling up the DagBag from /home/airflow/.local/lib/python3.7/site-packages/airflow/example_dags/tutorial_taskflow_api.py
[2024-06-04T23:55:20.072+0000] {processor.py:753} INFO - DAG(s) dict_keys(['tutorial_taskflow_api']) retrieved from /home/airflow/.local/lib/python3.7/site-packages/airflow/example_dags/tutorial_taskflow_api.py
[2024-06-04T23:55:20.091+0000] {logging_mixin.py:137} INFO - [2024-06-04T23:55:20.091+0000] {dag.py:2690} INFO - Sync 1 DAGs
[2024-06-04T23:55:20.107+0000] {logging_mixin.py:137} INFO - [2024-06-04T23:55:20.107+0000] {dag.py:3441} INFO - Setting next_dagrun for tutorial_taskflow_api to None, run_after=None
[2024-06-04T23:55:20.119+0000] {processor.py:175} INFO - Processing /home/airflow/.local/lib/python3.7/site-packages/airflow/example_dags/tutorial_taskflow_api.py took 0.065 seconds
[2024-06-04T23:55:50.934+0000] {processor.py:153} INFO - Started process (PID=8900) to work on /home/airflow/.local/lib/python3.7/site-packages/airflow/example_dags/tutorial_taskflow_api.py
[2024-06-04T23:55:50.935+0000] {processor.py:743} INFO - Processing file /home/airflow/.local/lib/python3.7/site-packages/airflow/example_dags/tutorial_taskflow_api.py for tasks to queue
[2024-06-04T23:55:50.936+0000] {logging_mixin.py:137} INFO - [2024-06-04T23:55:50.936+0000] {dagbag.py:538} INFO - Filling up the DagBag from /home/airflow/.local/lib/python3.7/site-packages/airflow/example_dags/tutorial_taskflow_api.py
[2024-06-04T23:55:50.954+0000] {processor.py:753} INFO - DAG(s) dict_keys(['tutorial_taskflow_api']) retrieved from /home/airflow/.local/lib/python3.7/site-packages/airflow/example_dags/tutorial_taskflow_api.py
[2024-06-04T23:55:50.977+0000] {logging_mixin.py:137} INFO - [2024-06-04T23:55:50.977+0000] {dag.py:2690} INFO - Sync 1 DAGs
[2024-06-04T23:55:51.004+0000] {logging_mixin.py:137} INFO - [2024-06-04T23:55:51.004+0000] {dag.py:3441} INFO - Setting next_dagrun for tutorial_taskflow_api to None, run_after=None
[2024-06-04T23:55:51.022+0000] {processor.py:175} INFO - Processing /home/airflow/.local/lib/python3.7/site-packages/airflow/example_dags/tutorial_taskflow_api.py took 0.091 seconds
[2024-06-04T23:56:21.055+0000] {processor.py:153} INFO - Started process (PID=9010) to work on /home/airflow/.local/lib/python3.7/site-packages/airflow/example_dags/tutorial_taskflow_api.py
[2024-06-04T23:56:21.056+0000] {processor.py:743} INFO - Processing file /home/airflow/.local/lib/python3.7/site-packages/airflow/example_dags/tutorial_taskflow_api.py for tasks to queue
[2024-06-04T23:56:21.057+0000] {logging_mixin.py:137} INFO - [2024-06-04T23:56:21.056+0000] {dagbag.py:538} INFO - Filling up the DagBag from /home/airflow/.local/lib/python3.7/site-packages/airflow/example_dags/tutorial_taskflow_api.py
[2024-06-04T23:56:21.073+0000] {processor.py:753} INFO - DAG(s) dict_keys(['tutorial_taskflow_api']) retrieved from /home/airflow/.local/lib/python3.7/site-packages/airflow/example_dags/tutorial_taskflow_api.py
[2024-06-04T23:56:21.093+0000] {logging_mixin.py:137} INFO - [2024-06-04T23:56:21.093+0000] {dag.py:2690} INFO - Sync 1 DAGs
[2024-06-04T23:56:21.113+0000] {logging_mixin.py:137} INFO - [2024-06-04T23:56:21.112+0000] {dag.py:3441} INFO - Setting next_dagrun for tutorial_taskflow_api to None, run_after=None
[2024-06-04T23:56:21.127+0000] {processor.py:175} INFO - Processing /home/airflow/.local/lib/python3.7/site-packages/airflow/example_dags/tutorial_taskflow_api.py took 0.074 seconds
[2024-06-04T23:56:51.312+0000] {processor.py:153} INFO - Started process (PID=9141) to work on /home/airflow/.local/lib/python3.7/site-packages/airflow/example_dags/tutorial_taskflow_api.py
[2024-06-04T23:56:51.313+0000] {processor.py:743} INFO - Processing file /home/airflow/.local/lib/python3.7/site-packages/airflow/example_dags/tutorial_taskflow_api.py for tasks to queue
[2024-06-04T23:56:51.313+0000] {logging_mixin.py:137} INFO - [2024-06-04T23:56:51.313+0000] {dagbag.py:538} INFO - Filling up the DagBag from /home/airflow/.local/lib/python3.7/site-packages/airflow/example_dags/tutorial_taskflow_api.py
[2024-06-04T23:56:51.328+0000] {processor.py:753} INFO - DAG(s) dict_keys(['tutorial_taskflow_api']) retrieved from /home/airflow/.local/lib/python3.7/site-packages/airflow/example_dags/tutorial_taskflow_api.py
[2024-06-04T23:56:51.348+0000] {logging_mixin.py:137} INFO - [2024-06-04T23:56:51.348+0000] {dag.py:2690} INFO - Sync 1 DAGs
[2024-06-04T23:56:51.366+0000] {logging_mixin.py:137} INFO - [2024-06-04T23:56:51.366+0000] {dag.py:3441} INFO - Setting next_dagrun for tutorial_taskflow_api to None, run_after=None
[2024-06-04T23:56:51.378+0000] {processor.py:175} INFO - Processing /home/airflow/.local/lib/python3.7/site-packages/airflow/example_dags/tutorial_taskflow_api.py took 0.068 seconds
[2024-06-04T23:57:22.178+0000] {processor.py:153} INFO - Started process (PID=9235) to work on /home/airflow/.local/lib/python3.7/site-packages/airflow/example_dags/tutorial_taskflow_api.py
[2024-06-04T23:57:22.179+0000] {processor.py:743} INFO - Processing file /home/airflow/.local/lib/python3.7/site-packages/airflow/example_dags/tutorial_taskflow_api.py for tasks to queue
[2024-06-04T23:57:22.179+0000] {logging_mixin.py:137} INFO - [2024-06-04T23:57:22.179+0000] {dagbag.py:538} INFO - Filling up the DagBag from /home/airflow/.local/lib/python3.7/site-packages/airflow/example_dags/tutorial_taskflow_api.py
[2024-06-04T23:57:22.194+0000] {processor.py:753} INFO - DAG(s) dict_keys(['tutorial_taskflow_api']) retrieved from /home/airflow/.local/lib/python3.7/site-packages/airflow/example_dags/tutorial_taskflow_api.py
[2024-06-04T23:57:22.212+0000] {logging_mixin.py:137} INFO - [2024-06-04T23:57:22.212+0000] {dag.py:2690} INFO - Sync 1 DAGs
[2024-06-04T23:57:22.229+0000] {logging_mixin.py:137} INFO - [2024-06-04T23:57:22.229+0000] {dag.py:3441} INFO - Setting next_dagrun for tutorial_taskflow_api to None, run_after=None
[2024-06-04T23:57:22.241+0000] {processor.py:175} INFO - Processing /home/airflow/.local/lib/python3.7/site-packages/airflow/example_dags/tutorial_taskflow_api.py took 0.065 seconds
[2024-06-04T23:57:52.355+0000] {processor.py:153} INFO - Started process (PID=9346) to work on /home/airflow/.local/lib/python3.7/site-packages/airflow/example_dags/tutorial_taskflow_api.py
[2024-06-04T23:57:52.356+0000] {processor.py:743} INFO - Processing file /home/airflow/.local/lib/python3.7/site-packages/airflow/example_dags/tutorial_taskflow_api.py for tasks to queue
[2024-06-04T23:57:52.357+0000] {logging_mixin.py:137} INFO - [2024-06-04T23:57:52.357+0000] {dagbag.py:538} INFO - Filling up the DagBag from /home/airflow/.local/lib/python3.7/site-packages/airflow/example_dags/tutorial_taskflow_api.py
[2024-06-04T23:57:52.377+0000] {processor.py:753} INFO - DAG(s) dict_keys(['tutorial_taskflow_api']) retrieved from /home/airflow/.local/lib/python3.7/site-packages/airflow/example_dags/tutorial_taskflow_api.py
[2024-06-04T23:57:52.403+0000] {logging_mixin.py:137} INFO - [2024-06-04T23:57:52.403+0000] {dag.py:2690} INFO - Sync 1 DAGs
[2024-06-04T23:57:52.427+0000] {logging_mixin.py:137} INFO - [2024-06-04T23:57:52.427+0000] {dag.py:3441} INFO - Setting next_dagrun for tutorial_taskflow_api to None, run_after=None
[2024-06-04T23:57:52.444+0000] {processor.py:175} INFO - Processing /home/airflow/.local/lib/python3.7/site-packages/airflow/example_dags/tutorial_taskflow_api.py took 0.092 seconds
[2024-06-04T23:58:22.467+0000] {processor.py:153} INFO - Started process (PID=9442) to work on /home/airflow/.local/lib/python3.7/site-packages/airflow/example_dags/tutorial_taskflow_api.py
[2024-06-04T23:58:22.468+0000] {processor.py:743} INFO - Processing file /home/airflow/.local/lib/python3.7/site-packages/airflow/example_dags/tutorial_taskflow_api.py for tasks to queue
[2024-06-04T23:58:22.468+0000] {logging_mixin.py:137} INFO - [2024-06-04T23:58:22.468+0000] {dagbag.py:538} INFO - Filling up the DagBag from /home/airflow/.local/lib/python3.7/site-packages/airflow/example_dags/tutorial_taskflow_api.py
[2024-06-04T23:58:22.483+0000] {processor.py:753} INFO - DAG(s) dict_keys(['tutorial_taskflow_api']) retrieved from /home/airflow/.local/lib/python3.7/site-packages/airflow/example_dags/tutorial_taskflow_api.py
[2024-06-04T23:58:22.502+0000] {logging_mixin.py:137} INFO - [2024-06-04T23:58:22.501+0000] {dag.py:2690} INFO - Sync 1 DAGs
[2024-06-04T23:58:22.519+0000] {logging_mixin.py:137} INFO - [2024-06-04T23:58:22.519+0000] {dag.py:3441} INFO - Setting next_dagrun for tutorial_taskflow_api to None, run_after=None
[2024-06-04T23:58:22.532+0000] {processor.py:175} INFO - Processing /home/airflow/.local/lib/python3.7/site-packages/airflow/example_dags/tutorial_taskflow_api.py took 0.067 seconds
[2024-06-04T23:58:52.631+0000] {processor.py:153} INFO - Started process (PID=9553) to work on /home/airflow/.local/lib/python3.7/site-packages/airflow/example_dags/tutorial_taskflow_api.py
[2024-06-04T23:58:52.632+0000] {processor.py:743} INFO - Processing file /home/airflow/.local/lib/python3.7/site-packages/airflow/example_dags/tutorial_taskflow_api.py for tasks to queue
[2024-06-04T23:58:52.632+0000] {logging_mixin.py:137} INFO - [2024-06-04T23:58:52.632+0000] {dagbag.py:538} INFO - Filling up the DagBag from /home/airflow/.local/lib/python3.7/site-packages/airflow/example_dags/tutorial_taskflow_api.py
[2024-06-04T23:58:52.649+0000] {processor.py:753} INFO - DAG(s) dict_keys(['tutorial_taskflow_api']) retrieved from /home/airflow/.local/lib/python3.7/site-packages/airflow/example_dags/tutorial_taskflow_api.py
[2024-06-04T23:58:52.668+0000] {logging_mixin.py:137} INFO - [2024-06-04T23:58:52.668+0000] {dag.py:2690} INFO - Sync 1 DAGs
[2024-06-04T23:58:52.686+0000] {logging_mixin.py:137} INFO - [2024-06-04T23:58:52.686+0000] {dag.py:3441} INFO - Setting next_dagrun for tutorial_taskflow_api to None, run_after=None
[2024-06-04T23:58:52.698+0000] {processor.py:175} INFO - Processing /home/airflow/.local/lib/python3.7/site-packages/airflow/example_dags/tutorial_taskflow_api.py took 0.069 seconds
[2024-06-04T23:59:23.385+0000] {processor.py:153} INFO - Started process (PID=9669) to work on /home/airflow/.local/lib/python3.7/site-packages/airflow/example_dags/tutorial_taskflow_api.py
[2024-06-04T23:59:23.390+0000] {processor.py:743} INFO - Processing file /home/airflow/.local/lib/python3.7/site-packages/airflow/example_dags/tutorial_taskflow_api.py for tasks to queue
[2024-06-04T23:59:23.391+0000] {logging_mixin.py:137} INFO - [2024-06-04T23:59:23.391+0000] {dagbag.py:538} INFO - Filling up the DagBag from /home/airflow/.local/lib/python3.7/site-packages/airflow/example_dags/tutorial_taskflow_api.py
[2024-06-04T23:59:23.415+0000] {processor.py:753} INFO - DAG(s) dict_keys(['tutorial_taskflow_api']) retrieved from /home/airflow/.local/lib/python3.7/site-packages/airflow/example_dags/tutorial_taskflow_api.py
[2024-06-04T23:59:23.433+0000] {logging_mixin.py:137} INFO - [2024-06-04T23:59:23.433+0000] {dag.py:2690} INFO - Sync 1 DAGs
[2024-06-04T23:59:23.451+0000] {logging_mixin.py:137} INFO - [2024-06-04T23:59:23.451+0000] {dag.py:3441} INFO - Setting next_dagrun for tutorial_taskflow_api to None, run_after=None
[2024-06-04T23:59:23.464+0000] {processor.py:175} INFO - Processing /home/airflow/.local/lib/python3.7/site-packages/airflow/example_dags/tutorial_taskflow_api.py took 0.093 seconds
[2024-06-04T23:59:54.149+0000] {processor.py:153} INFO - Started process (PID=9756) to work on /home/airflow/.local/lib/python3.7/site-packages/airflow/example_dags/tutorial_taskflow_api.py
[2024-06-04T23:59:54.149+0000] {processor.py:743} INFO - Processing file /home/airflow/.local/lib/python3.7/site-packages/airflow/example_dags/tutorial_taskflow_api.py for tasks to queue
[2024-06-04T23:59:54.150+0000] {logging_mixin.py:137} INFO - [2024-06-04T23:59:54.150+0000] {dagbag.py:538} INFO - Filling up the DagBag from /home/airflow/.local/lib/python3.7/site-packages/airflow/example_dags/tutorial_taskflow_api.py
[2024-06-04T23:59:54.164+0000] {processor.py:753} INFO - DAG(s) dict_keys(['tutorial_taskflow_api']) retrieved from /home/airflow/.local/lib/python3.7/site-packages/airflow/example_dags/tutorial_taskflow_api.py
[2024-06-04T23:59:54.182+0000] {logging_mixin.py:137} INFO - [2024-06-04T23:59:54.182+0000] {dag.py:2690} INFO - Sync 1 DAGs
[2024-06-04T23:59:54.199+0000] {logging_mixin.py:137} INFO - [2024-06-04T23:59:54.199+0000] {dag.py:3441} INFO - Setting next_dagrun for tutorial_taskflow_api to None, run_after=None
[2024-06-04T23:59:54.211+0000] {processor.py:175} INFO - Processing /home/airflow/.local/lib/python3.7/site-packages/airflow/example_dags/tutorial_taskflow_api.py took 0.065 seconds
