[2024-06-04T23:48:52.001+0000] {taskinstance.py:1083} INFO - Dependencies all met for <TaskInstance: example_task_group_decorator.task_start scheduled__2024-06-03T23:48:40.908392+00:00 [queued]>
[2024-06-04T23:48:52.012+0000] {taskinstance.py:1083} INFO - Dependencies all met for <TaskInstance: example_task_group_decorator.task_start scheduled__2024-06-03T23:48:40.908392+00:00 [queued]>
[2024-06-04T23:48:52.013+0000] {taskinstance.py:1279} INFO - 
--------------------------------------------------------------------------------
[2024-06-04T23:48:52.013+0000] {taskinstance.py:1280} INFO - Starting attempt 1 of 1
[2024-06-04T23:48:52.013+0000] {taskinstance.py:1281} INFO - 
--------------------------------------------------------------------------------
[2024-06-04T23:48:52.031+0000] {taskinstance.py:1300} INFO - Executing <Task(_PythonDecoratedOperator): task_start> on 2024-06-03 23:48:40.908392+00:00
[2024-06-04T23:48:52.040+0000] {standard_task_runner.py:55} INFO - Started process 4673 to run task
[2024-06-04T23:48:52.042+0000] {standard_task_runner.py:82} INFO - Running: ['***', 'tasks', 'run', 'example_task_group_decorator', 'task_start', 'scheduled__2024-06-03T23:48:40.908392+00:00', '--job-id', '1593', '--raw', '--subdir', '/home/***/.local/lib/python3.7/site-packages/***/example_dags/example_task_group_decorator.py', '--cfg-path', '/tmp/tmpqy7c56hx']
[2024-06-04T23:48:52.042+0000] {standard_task_runner.py:83} INFO - Job 1593: Subtask task_start
[2024-06-04T23:48:52.103+0000] {task_command.py:388} INFO - Running <TaskInstance: example_task_group_decorator.task_start scheduled__2024-06-03T23:48:40.908392+00:00 [running]> on host 27113cccce1f
[2024-06-04T23:48:52.182+0000] {taskinstance.py:1509} INFO - Exporting the following env vars:
AIRFLOW_CTX_DAG_OWNER=***
AIRFLOW_CTX_DAG_ID=example_task_group_decorator
AIRFLOW_CTX_TASK_ID=task_start
AIRFLOW_CTX_EXECUTION_DATE=2024-06-03T23:48:40.908392+00:00
AIRFLOW_CTX_TRY_NUMBER=1
AIRFLOW_CTX_DAG_RUN_ID=scheduled__2024-06-03T23:48:40.908392+00:00
[2024-06-04T23:48:52.183+0000] {python.py:177} INFO - Done. Returned value was: [Task_start]
[2024-06-04T23:48:52.208+0000] {taskinstance.py:1323} INFO - Marking task as SUCCESS. dag_id=example_task_group_decorator, task_id=task_start, execution_date=20240603T234840, start_date=20240604T234852, end_date=20240604T234852
[2024-06-04T23:48:52.254+0000] {local_task_job.py:208} INFO - Task exited with return code 0
[2024-06-04T23:48:52.299+0000] {taskinstance.py:2578} INFO - 5 downstream tasks scheduled from follow-on schedule check
