[2024-06-11T14:16:56.057+0000] {taskinstance.py:1083} INFO - Dependencies all met for <TaskInstance: example_branch_python_operator_decorator.branching scheduled__2024-06-10T00:00:00+00:00 [queued]>
[2024-06-11T14:16:56.070+0000] {taskinstance.py:1083} INFO - Dependencies all met for <TaskInstance: example_branch_python_operator_decorator.branching scheduled__2024-06-10T00:00:00+00:00 [queued]>
[2024-06-11T14:16:56.070+0000] {taskinstance.py:1279} INFO - 
--------------------------------------------------------------------------------
[2024-06-11T14:16:56.070+0000] {taskinstance.py:1280} INFO - Starting attempt 1 of 1
[2024-06-11T14:16:56.071+0000] {taskinstance.py:1281} INFO - 
--------------------------------------------------------------------------------
[2024-06-11T14:16:56.093+0000] {taskinstance.py:1300} INFO - Executing <Task(_BranchPythonDecoratedOperator): branching> on 2024-06-10 00:00:00+00:00
[2024-06-11T14:16:56.102+0000] {standard_task_runner.py:55} INFO - Started process 128 to run task
[2024-06-11T14:16:56.105+0000] {standard_task_runner.py:82} INFO - Running: ['***', 'tasks', 'run', 'example_branch_python_operator_decorator', 'branching', 'scheduled__2024-06-10T00:00:00+00:00', '--job-id', '18850', '--raw', '--subdir', '/home/***/.local/lib/python3.7/site-packages/***/example_dags/example_branch_operator_decorator.py', '--cfg-path', '/tmp/tmpe4alcv5u']
[2024-06-11T14:16:56.106+0000] {standard_task_runner.py:83} INFO - Job 18850: Subtask branching
[2024-06-11T14:16:56.169+0000] {task_command.py:388} INFO - Running <TaskInstance: example_branch_python_operator_decorator.branching scheduled__2024-06-10T00:00:00+00:00 [running]> on host 27113cccce1f
[2024-06-11T14:16:56.246+0000] {taskinstance.py:1509} INFO - Exporting the following env vars:
AIRFLOW_CTX_DAG_OWNER=***
AIRFLOW_CTX_DAG_ID=example_branch_python_operator_decorator
AIRFLOW_CTX_TASK_ID=branching
AIRFLOW_CTX_EXECUTION_DATE=2024-06-10T00:00:00+00:00
AIRFLOW_CTX_TRY_NUMBER=1
AIRFLOW_CTX_DAG_RUN_ID=scheduled__2024-06-10T00:00:00+00:00
[2024-06-11T14:16:56.247+0000] {python.py:177} INFO - Done. Returned value was: branch_a
[2024-06-11T14:16:56.247+0000] {python.py:211} INFO - Branch callable return branch_a
[2024-06-11T14:16:56.247+0000] {skipmixin.py:155} INFO - Following branch branch_a
[2024-06-11T14:16:56.247+0000] {skipmixin.py:211} INFO - Skipping tasks ['branch_d', 'branch_b', 'branch_c']
[2024-06-11T14:16:56.296+0000] {taskinstance.py:1323} INFO - Marking task as SUCCESS. dag_id=example_branch_python_operator_decorator, task_id=branching, execution_date=20240610T000000, start_date=20240611T141656, end_date=20240611T141656
[2024-06-11T14:16:56.318+0000] {local_task_job.py:208} INFO - Task exited with return code 0
[2024-06-11T14:16:56.366+0000] {taskinstance.py:2578} INFO - 1 downstream tasks scheduled from follow-on schedule check
