[2024-06-05T00:00:03.414+0000] {taskinstance.py:1083} INFO - Dependencies all met for <TaskInstance: example_bash_operator.run_after_loop scheduled__2024-06-04T00:00:00+00:00 [queued]>
[2024-06-05T00:00:03.421+0000] {taskinstance.py:1083} INFO - Dependencies all met for <TaskInstance: example_bash_operator.run_after_loop scheduled__2024-06-04T00:00:00+00:00 [queued]>
[2024-06-05T00:00:03.421+0000] {taskinstance.py:1279} INFO - 
--------------------------------------------------------------------------------
[2024-06-05T00:00:03.421+0000] {taskinstance.py:1280} INFO - Starting attempt 1 of 1
[2024-06-05T00:00:03.421+0000] {taskinstance.py:1281} INFO - 
--------------------------------------------------------------------------------
[2024-06-05T00:00:03.431+0000] {taskinstance.py:1300} INFO - Executing <Task(BashOperator): run_after_loop> on 2024-06-04 00:00:00+00:00
[2024-06-05T00:00:03.437+0000] {standard_task_runner.py:55} INFO - Started process 9775 to run task
[2024-06-05T00:00:03.440+0000] {standard_task_runner.py:82} INFO - Running: ['***', 'tasks', 'run', 'example_bash_operator', 'run_after_loop', 'scheduled__2024-06-04T00:00:00+00:00', '--job-id', '3458', '--raw', '--subdir', '/home/***/.local/lib/python3.7/site-packages/***/example_dags/example_bash_operator.py', '--cfg-path', '/tmp/tmpk2od8b1s']
[2024-06-05T00:00:03.440+0000] {standard_task_runner.py:83} INFO - Job 3458: Subtask run_after_loop
[2024-06-05T00:00:03.489+0000] {task_command.py:388} INFO - Running <TaskInstance: example_bash_operator.run_after_loop scheduled__2024-06-04T00:00:00+00:00 [running]> on host 27113cccce1f
[2024-06-05T00:00:03.541+0000] {taskinstance.py:1509} INFO - Exporting the following env vars:
AIRFLOW_CTX_DAG_OWNER=***
AIRFLOW_CTX_DAG_ID=example_bash_operator
AIRFLOW_CTX_TASK_ID=run_after_loop
AIRFLOW_CTX_EXECUTION_DATE=2024-06-04T00:00:00+00:00
AIRFLOW_CTX_TRY_NUMBER=1
AIRFLOW_CTX_DAG_RUN_ID=scheduled__2024-06-04T00:00:00+00:00
[2024-06-05T00:00:03.542+0000] {subprocess.py:63} INFO - Tmp dir root location: 
 /tmp
[2024-06-05T00:00:03.543+0000] {subprocess.py:75} INFO - Running command: ['/bin/bash', '-c', 'echo 1']
[2024-06-05T00:00:03.555+0000] {subprocess.py:86} INFO - Output:
[2024-06-05T00:00:03.556+0000] {subprocess.py:93} INFO - 1
[2024-06-05T00:00:03.557+0000] {subprocess.py:97} INFO - Command exited with return code 0
[2024-06-05T00:00:03.576+0000] {taskinstance.py:1323} INFO - Marking task as SUCCESS. dag_id=example_bash_operator, task_id=run_after_loop, execution_date=20240604T000000, start_date=20240605T000003, end_date=20240605T000003
[2024-06-05T00:00:03.611+0000] {local_task_job.py:208} INFO - Task exited with return code 0
[2024-06-05T00:00:03.625+0000] {taskinstance.py:2578} INFO - 0 downstream tasks scheduled from follow-on schedule check
