[2024-06-14T12:31:58.600+0000] {taskinstance.py:1083} INFO - Dependencies all met for <TaskInstance: tutorial.templated scheduled__2024-06-13T12:31:31.764902+00:00 [queued]>
[2024-06-14T12:31:58.611+0000] {taskinstance.py:1083} INFO - Dependencies all met for <TaskInstance: tutorial.templated scheduled__2024-06-13T12:31:31.764902+00:00 [queued]>
[2024-06-14T12:31:58.611+0000] {taskinstance.py:1279} INFO - 
--------------------------------------------------------------------------------
[2024-06-14T12:31:58.611+0000] {taskinstance.py:1280} INFO - Starting attempt 1 of 2
[2024-06-14T12:31:58.611+0000] {taskinstance.py:1281} INFO - 
--------------------------------------------------------------------------------
[2024-06-14T12:31:58.630+0000] {taskinstance.py:1300} INFO - Executing <Task(BashOperator): templated> on 2024-06-13 12:31:31.764902+00:00
[2024-06-14T12:31:58.638+0000] {standard_task_runner.py:55} INFO - Started process 715 to run task
[2024-06-14T12:31:58.641+0000] {standard_task_runner.py:82} INFO - Running: ['***', 'tasks', 'run', 'tutorial', 'templated', 'scheduled__2024-06-13T12:31:31.764902+00:00', '--job-id', '24693', '--raw', '--subdir', '/home/***/.local/lib/python3.7/site-packages/***/example_dags/tutorial.py', '--cfg-path', '/tmp/tmp_7cdjgf_']
[2024-06-14T12:31:58.642+0000] {standard_task_runner.py:83} INFO - Job 24693: Subtask templated
[2024-06-14T12:31:58.706+0000] {task_command.py:388} INFO - Running <TaskInstance: tutorial.templated scheduled__2024-06-13T12:31:31.764902+00:00 [running]> on host 27113cccce1f
[2024-06-14T12:31:58.809+0000] {taskinstance.py:1509} INFO - Exporting the following env vars:
AIRFLOW_CTX_DAG_EMAIL=***@example.com
AIRFLOW_CTX_DAG_OWNER=***
AIRFLOW_CTX_DAG_ID=tutorial
AIRFLOW_CTX_TASK_ID=templated
AIRFLOW_CTX_EXECUTION_DATE=2024-06-13T12:31:31.764902+00:00
AIRFLOW_CTX_TRY_NUMBER=1
AIRFLOW_CTX_DAG_RUN_ID=scheduled__2024-06-13T12:31:31.764902+00:00
[2024-06-14T12:31:58.810+0000] {subprocess.py:63} INFO - Tmp dir root location: 
 /tmp
[2024-06-14T12:31:58.810+0000] {subprocess.py:75} INFO - Running command: ['/bin/bash', '-c', '\n\n    echo "2024-06-13"\n    echo "2024-06-20"\n\n    echo "2024-06-13"\n    echo "2024-06-20"\n\n    echo "2024-06-13"\n    echo "2024-06-20"\n\n    echo "2024-06-13"\n    echo "2024-06-20"\n\n    echo "2024-06-13"\n    echo "2024-06-20"\n']
[2024-06-14T12:31:58.830+0000] {subprocess.py:86} INFO - Output:
[2024-06-14T12:31:58.833+0000] {subprocess.py:93} INFO - 2024-06-13
[2024-06-14T12:31:58.833+0000] {subprocess.py:93} INFO - 2024-06-20
[2024-06-14T12:31:58.833+0000] {subprocess.py:93} INFO - 2024-06-13
[2024-06-14T12:31:58.833+0000] {subprocess.py:93} INFO - 2024-06-20
[2024-06-14T12:31:58.833+0000] {subprocess.py:93} INFO - 2024-06-13
[2024-06-14T12:31:58.833+0000] {subprocess.py:93} INFO - 2024-06-20
[2024-06-14T12:31:58.833+0000] {subprocess.py:93} INFO - 2024-06-13
[2024-06-14T12:31:58.833+0000] {subprocess.py:93} INFO - 2024-06-20
[2024-06-14T12:31:58.833+0000] {subprocess.py:93} INFO - 2024-06-13
[2024-06-14T12:31:58.833+0000] {subprocess.py:93} INFO - 2024-06-20
[2024-06-14T12:31:58.834+0000] {subprocess.py:97} INFO - Command exited with return code 0
[2024-06-14T12:31:58.860+0000] {taskinstance.py:1323} INFO - Marking task as SUCCESS. dag_id=tutorial, task_id=templated, execution_date=20240613T123131, start_date=20240614T123158, end_date=20240614T123158
[2024-06-14T12:31:58.893+0000] {local_task_job.py:208} INFO - Task exited with return code 0
[2024-06-14T12:31:59.109+0000] {taskinstance.py:2578} INFO - 0 downstream tasks scheduled from follow-on schedule check
