[2024-06-05T11:12:22.601+0000] {taskinstance.py:1083} INFO - Dependencies all met for <TaskInstance: example_sla_dag.sleep_30 scheduled__2024-06-05T11:10:00+00:00 [queued]>
[2024-06-05T11:12:22.607+0000] {taskinstance.py:1083} INFO - Dependencies all met for <TaskInstance: example_sla_dag.sleep_30 scheduled__2024-06-05T11:10:00+00:00 [queued]>
[2024-06-05T11:12:22.607+0000] {taskinstance.py:1279} INFO - 
--------------------------------------------------------------------------------
[2024-06-05T11:12:22.607+0000] {taskinstance.py:1280} INFO - Starting attempt 1 of 1
[2024-06-05T11:12:22.607+0000] {taskinstance.py:1281} INFO - 
--------------------------------------------------------------------------------
[2024-06-05T11:12:22.617+0000] {taskinstance.py:1300} INFO - Executing <Task(_PythonDecoratedOperator): sleep_30> on 2024-06-05 11:10:00+00:00
[2024-06-05T11:12:22.623+0000] {standard_task_runner.py:55} INFO - Started process 7042 to run task
[2024-06-05T11:12:22.625+0000] {standard_task_runner.py:82} INFO - Running: ['***', 'tasks', 'run', 'example_sla_dag', 'sleep_30', 'scheduled__2024-06-05T11:10:00+00:00', '--job-id', '4229', '--raw', '--subdir', '/home/***/.local/lib/python3.7/site-packages/***/example_dags/example_sla_dag.py', '--cfg-path', '/tmp/tmpch7wagjb']
[2024-06-05T11:12:22.625+0000] {standard_task_runner.py:83} INFO - Job 4229: Subtask sleep_30
[2024-06-05T11:12:22.669+0000] {task_command.py:388} INFO - Running <TaskInstance: example_sla_dag.sleep_30 scheduled__2024-06-05T11:10:00+00:00 [running]> on host 27113cccce1f
[2024-06-05T11:12:22.718+0000] {taskinstance.py:1509} INFO - Exporting the following env vars:
AIRFLOW_CTX_DAG_EMAIL=email@example.com
AIRFLOW_CTX_DAG_OWNER=***
AIRFLOW_CTX_DAG_ID=example_sla_dag
AIRFLOW_CTX_TASK_ID=sleep_30
AIRFLOW_CTX_EXECUTION_DATE=2024-06-05T11:10:00+00:00
AIRFLOW_CTX_TRY_NUMBER=1
AIRFLOW_CTX_DAG_RUN_ID=scheduled__2024-06-05T11:10:00+00:00
[2024-06-05T11:12:52.749+0000] {python.py:177} INFO - Done. Returned value was: None
[2024-06-05T11:12:52.756+0000] {taskinstance.py:1323} INFO - Marking task as SUCCESS. dag_id=example_sla_dag, task_id=sleep_30, execution_date=20240605T111000, start_date=20240605T111222, end_date=20240605T111252
[2024-06-05T11:12:52.793+0000] {local_task_job.py:208} INFO - Task exited with return code 0
[2024-06-05T11:12:52.805+0000] {taskinstance.py:2578} INFO - 0 downstream tasks scheduled from follow-on schedule check
