[2024-06-06T10:58:02.715+0000] {taskinstance.py:1083} INFO - Dependencies all met for <TaskInstance: example_task_group_decorator.task_group_function__4.task_2 scheduled__2024-06-04T23:48:40.908392+00:00 [queued]>
[2024-06-06T10:58:02.730+0000] {taskinstance.py:1083} INFO - Dependencies all met for <TaskInstance: example_task_group_decorator.task_group_function__4.task_2 scheduled__2024-06-04T23:48:40.908392+00:00 [queued]>
[2024-06-06T10:58:02.731+0000] {taskinstance.py:1279} INFO - 
--------------------------------------------------------------------------------
[2024-06-06T10:58:02.731+0000] {taskinstance.py:1280} INFO - Starting attempt 1 of 1
[2024-06-06T10:58:02.731+0000] {taskinstance.py:1281} INFO - 
--------------------------------------------------------------------------------
[2024-06-06T10:58:02.763+0000] {taskinstance.py:1300} INFO - Executing <Task(_PythonDecoratedOperator): task_group_function__4.task_2> on 2024-06-04 23:48:40.908392+00:00
[2024-06-06T10:58:02.779+0000] {standard_task_runner.py:55} INFO - Started process 252 to run task
[2024-06-06T10:58:02.781+0000] {standard_task_runner.py:82} INFO - Running: ['***', 'tasks', 'run', 'example_task_group_decorator', 'task_group_function__4.task_2', 'scheduled__2024-06-04T23:48:40.908392+00:00', '--job-id', '6255', '--raw', '--subdir', '/home/***/.local/lib/python3.7/site-packages/***/example_dags/example_task_group_decorator.py', '--cfg-path', '/tmp/tmp5isxd1v0']
[2024-06-06T10:58:02.782+0000] {standard_task_runner.py:83} INFO - Job 6255: Subtask task_group_function__4.task_2
[2024-06-06T10:58:02.888+0000] {task_command.py:388} INFO - Running <TaskInstance: example_task_group_decorator.task_group_function__4.task_2 scheduled__2024-06-04T23:48:40.908392+00:00 [running]> on host 27113cccce1f
[2024-06-06T10:58:03.018+0000] {taskinstance.py:1509} INFO - Exporting the following env vars:
AIRFLOW_CTX_DAG_OWNER=***
AIRFLOW_CTX_DAG_ID=example_task_group_decorator
AIRFLOW_CTX_TASK_ID=task_group_function__4.task_2
AIRFLOW_CTX_EXECUTION_DATE=2024-06-04T23:48:40.908392+00:00
AIRFLOW_CTX_TRY_NUMBER=1
AIRFLOW_CTX_DAG_RUN_ID=scheduled__2024-06-04T23:48:40.908392+00:00
[2024-06-06T10:58:03.019+0000] {python.py:177} INFO - Done. Returned value was: [ Task2 [ Task1 4 ] ]
[2024-06-06T10:58:03.053+0000] {taskinstance.py:1323} INFO - Marking task as SUCCESS. dag_id=example_task_group_decorator, task_id=task_group_function__4.task_2, execution_date=20240604T234840, start_date=20240606T105802, end_date=20240606T105803
[2024-06-06T10:58:03.120+0000] {local_task_job.py:208} INFO - Task exited with return code 0
[2024-06-06T10:58:03.228+0000] {taskinstance.py:2578} INFO - 1 downstream tasks scheduled from follow-on schedule check
