[2024-06-10T10:58:43.247+0000] {taskinstance.py:1083} INFO - Dependencies all met for <TaskInstance: latest_only.latest_only scheduled__2024-06-09T21:28:37.136740+00:00 [queued]>
[2024-06-10T10:58:43.256+0000] {taskinstance.py:1083} INFO - Dependencies all met for <TaskInstance: latest_only.latest_only scheduled__2024-06-09T21:28:37.136740+00:00 [queued]>
[2024-06-10T10:58:43.256+0000] {taskinstance.py:1279} INFO - 
--------------------------------------------------------------------------------
[2024-06-10T10:58:43.256+0000] {taskinstance.py:1280} INFO - Starting attempt 1 of 1
[2024-06-10T10:58:43.256+0000] {taskinstance.py:1281} INFO - 
--------------------------------------------------------------------------------
[2024-06-10T10:58:43.273+0000] {taskinstance.py:1300} INFO - Executing <Task(LatestOnlyOperator): latest_only> on 2024-06-09 21:28:37.136740+00:00
[2024-06-10T10:58:43.282+0000] {standard_task_runner.py:55} INFO - Started process 80 to run task
[2024-06-10T10:58:43.285+0000] {standard_task_runner.py:82} INFO - Running: ['***', 'tasks', 'run', 'latest_only', 'latest_only', 'scheduled__2024-06-09T21:28:37.136740+00:00', '--job-id', '15712', '--raw', '--subdir', '/home/***/.local/lib/python3.7/site-packages/***/example_dags/example_latest_only.py', '--cfg-path', '/tmp/tmpyk7w9y1a']
[2024-06-10T10:58:43.285+0000] {standard_task_runner.py:83} INFO - Job 15712: Subtask latest_only
[2024-06-10T10:58:43.358+0000] {task_command.py:388} INFO - Running <TaskInstance: latest_only.latest_only scheduled__2024-06-09T21:28:37.136740+00:00 [running]> on host 27113cccce1f
[2024-06-10T10:58:43.440+0000] {taskinstance.py:1509} INFO - Exporting the following env vars:
AIRFLOW_CTX_DAG_OWNER=***
AIRFLOW_CTX_DAG_ID=latest_only
AIRFLOW_CTX_TASK_ID=latest_only
AIRFLOW_CTX_EXECUTION_DATE=2024-06-09T21:28:37.136740+00:00
AIRFLOW_CTX_TRY_NUMBER=1
AIRFLOW_CTX_DAG_RUN_ID=scheduled__2024-06-09T21:28:37.136740+00:00
[2024-06-10T10:58:43.441+0000] {latest_only.py:70} INFO - Checking latest only with left_window: 2024-06-10T01:28:37.136740+00:00 right_window: 2024-06-10T05:28:37.136740+00:00 now: 2024-06-10T10:58:43.441442+00:00
[2024-06-10T10:58:43.441+0000] {latest_only.py:74} INFO - Not latest execution, skipping downstream.
[2024-06-10T10:58:43.441+0000] {skipmixin.py:155} INFO - Following branch []
[2024-06-10T10:58:43.442+0000] {skipmixin.py:211} INFO - Skipping tasks ['task1']
[2024-06-10T10:58:43.490+0000] {taskinstance.py:1323} INFO - Marking task as SUCCESS. dag_id=latest_only, task_id=latest_only, execution_date=20240609T212837, start_date=20240610T105843, end_date=20240610T105843
[2024-06-10T10:58:43.537+0000] {local_task_job.py:208} INFO - Task exited with return code 0
[2024-06-10T10:58:43.554+0000] {taskinstance.py:2578} INFO - 0 downstream tasks scheduled from follow-on schedule check
