[2024-06-16T00:00:02.654+0000] {taskinstance.py:1083} INFO - Dependencies all met for <TaskInstance: example_branch_python_operator_decorator.branching scheduled__2024-06-15T00:00:00+00:00 [queued]>
[2024-06-16T00:00:02.666+0000] {taskinstance.py:1083} INFO - Dependencies all met for <TaskInstance: example_branch_python_operator_decorator.branching scheduled__2024-06-15T00:00:00+00:00 [queued]>
[2024-06-16T00:00:02.667+0000] {taskinstance.py:1279} INFO - 
--------------------------------------------------------------------------------
[2024-06-16T00:00:02.667+0000] {taskinstance.py:1280} INFO - Starting attempt 1 of 1
[2024-06-16T00:00:02.667+0000] {taskinstance.py:1281} INFO - 
--------------------------------------------------------------------------------
[2024-06-16T00:00:02.813+0000] {taskinstance.py:1300} INFO - Executing <Task(_BranchPythonDecoratedOperator): branching> on 2024-06-15 00:00:00+00:00
[2024-06-16T00:00:02.822+0000] {standard_task_runner.py:55} INFO - Started process 19408 to run task
[2024-06-16T00:00:02.836+0000] {standard_task_runner.py:82} INFO - Running: ['***', 'tasks', 'run', 'example_branch_python_operator_decorator', 'branching', 'scheduled__2024-06-15T00:00:00+00:00', '--job-id', '31533', '--raw', '--subdir', '/home/***/.local/lib/python3.7/site-packages/***/example_dags/example_branch_operator_decorator.py', '--cfg-path', '/tmp/tmpzdx8mlal']
[2024-06-16T00:00:02.836+0000] {standard_task_runner.py:83} INFO - Job 31533: Subtask branching
[2024-06-16T00:00:02.910+0000] {task_command.py:388} INFO - Running <TaskInstance: example_branch_python_operator_decorator.branching scheduled__2024-06-15T00:00:00+00:00 [running]> on host 27113cccce1f
[2024-06-16T00:00:02.997+0000] {taskinstance.py:1509} INFO - Exporting the following env vars:
AIRFLOW_CTX_DAG_OWNER=***
AIRFLOW_CTX_DAG_ID=example_branch_python_operator_decorator
AIRFLOW_CTX_TASK_ID=branching
AIRFLOW_CTX_EXECUTION_DATE=2024-06-15T00:00:00+00:00
AIRFLOW_CTX_TRY_NUMBER=1
AIRFLOW_CTX_DAG_RUN_ID=scheduled__2024-06-15T00:00:00+00:00
[2024-06-16T00:00:02.998+0000] {python.py:177} INFO - Done. Returned value was: branch_d
[2024-06-16T00:00:02.998+0000] {python.py:211} INFO - Branch callable return branch_d
[2024-06-16T00:00:02.999+0000] {skipmixin.py:155} INFO - Following branch branch_d
[2024-06-16T00:00:02.999+0000] {skipmixin.py:211} INFO - Skipping tasks ['branch_b', 'branch_c', 'branch_a']
[2024-06-16T00:00:03.051+0000] {taskinstance.py:1323} INFO - Marking task as SUCCESS. dag_id=example_branch_python_operator_decorator, task_id=branching, execution_date=20240615T000000, start_date=20240616T000002, end_date=20240616T000003
[2024-06-16T00:00:03.082+0000] {local_task_job.py:208} INFO - Task exited with return code 0
[2024-06-16T00:00:03.123+0000] {taskinstance.py:2578} INFO - 1 downstream tasks scheduled from follow-on schedule check
