[2024-06-07T14:28:21.636+0000] {taskinstance.py:1083} INFO - Dependencies all met for <TaskInstance: example_sla_dag.sleep_30 scheduled__2024-06-07T14:26:00+00:00 [queued]>
[2024-06-07T14:28:21.641+0000] {taskinstance.py:1083} INFO - Dependencies all met for <TaskInstance: example_sla_dag.sleep_30 scheduled__2024-06-07T14:26:00+00:00 [queued]>
[2024-06-07T14:28:21.642+0000] {taskinstance.py:1279} INFO - 
--------------------------------------------------------------------------------
[2024-06-07T14:28:21.642+0000] {taskinstance.py:1280} INFO - Starting attempt 1 of 1
[2024-06-07T14:28:21.642+0000] {taskinstance.py:1281} INFO - 
--------------------------------------------------------------------------------
[2024-06-07T14:28:21.653+0000] {taskinstance.py:1300} INFO - Executing <Task(_PythonDecoratedOperator): sleep_30> on 2024-06-07 14:26:00+00:00
[2024-06-07T14:28:21.658+0000] {standard_task_runner.py:55} INFO - Started process 3610 to run task
[2024-06-07T14:28:21.661+0000] {standard_task_runner.py:82} INFO - Running: ['***', 'tasks', 'run', 'example_sla_dag', 'sleep_30', 'scheduled__2024-06-07T14:26:00+00:00', '--job-id', '10525', '--raw', '--subdir', '/home/***/.local/lib/python3.7/site-packages/***/example_dags/example_sla_dag.py', '--cfg-path', '/tmp/tmpon32wcyr']
[2024-06-07T14:28:21.661+0000] {standard_task_runner.py:83} INFO - Job 10525: Subtask sleep_30
[2024-06-07T14:28:21.708+0000] {task_command.py:388} INFO - Running <TaskInstance: example_sla_dag.sleep_30 scheduled__2024-06-07T14:26:00+00:00 [running]> on host 27113cccce1f
[2024-06-07T14:28:21.762+0000] {taskinstance.py:1509} INFO - Exporting the following env vars:
AIRFLOW_CTX_DAG_EMAIL=email@example.com
AIRFLOW_CTX_DAG_OWNER=***
AIRFLOW_CTX_DAG_ID=example_sla_dag
AIRFLOW_CTX_TASK_ID=sleep_30
AIRFLOW_CTX_EXECUTION_DATE=2024-06-07T14:26:00+00:00
AIRFLOW_CTX_TRY_NUMBER=1
AIRFLOW_CTX_DAG_RUN_ID=scheduled__2024-06-07T14:26:00+00:00
[2024-06-07T14:28:51.792+0000] {python.py:177} INFO - Done. Returned value was: None
[2024-06-07T14:28:51.801+0000] {taskinstance.py:1323} INFO - Marking task as SUCCESS. dag_id=example_sla_dag, task_id=sleep_30, execution_date=20240607T142600, start_date=20240607T142821, end_date=20240607T142851
[2024-06-07T14:28:51.838+0000] {local_task_job.py:208} INFO - Task exited with return code 0
[2024-06-07T14:28:51.851+0000] {taskinstance.py:2578} INFO - 0 downstream tasks scheduled from follow-on schedule check
