[2024-06-04T23:56:22.392+0000] {taskinstance.py:1083} INFO - Dependencies all met for <TaskInstance: example_sla_dag.sleep_30 scheduled__2024-06-04T23:54:00+00:00 [queued]>
[2024-06-04T23:56:22.401+0000] {taskinstance.py:1083} INFO - Dependencies all met for <TaskInstance: example_sla_dag.sleep_30 scheduled__2024-06-04T23:54:00+00:00 [queued]>
[2024-06-04T23:56:22.401+0000] {taskinstance.py:1279} INFO - 
--------------------------------------------------------------------------------
[2024-06-04T23:56:22.401+0000] {taskinstance.py:1280} INFO - Starting attempt 1 of 1
[2024-06-04T23:56:22.401+0000] {taskinstance.py:1281} INFO - 
--------------------------------------------------------------------------------
[2024-06-04T23:56:22.415+0000] {taskinstance.py:1300} INFO - Executing <Task(_PythonDecoratedOperator): sleep_30> on 2024-06-04 23:54:00+00:00
[2024-06-04T23:56:22.421+0000] {standard_task_runner.py:55} INFO - Started process 9223 to run task
[2024-06-04T23:56:22.423+0000] {standard_task_runner.py:82} INFO - Running: ['***', 'tasks', 'run', 'example_sla_dag', 'sleep_30', 'scheduled__2024-06-04T23:54:00+00:00', '--job-id', '3421', '--raw', '--subdir', '/home/***/.local/lib/python3.7/site-packages/***/example_dags/example_sla_dag.py', '--cfg-path', '/tmp/tmp88wsw6nx']
[2024-06-04T23:56:22.424+0000] {standard_task_runner.py:83} INFO - Job 3421: Subtask sleep_30
[2024-06-04T23:56:22.475+0000] {task_command.py:388} INFO - Running <TaskInstance: example_sla_dag.sleep_30 scheduled__2024-06-04T23:54:00+00:00 [running]> on host 27113cccce1f
[2024-06-04T23:56:22.530+0000] {taskinstance.py:1509} INFO - Exporting the following env vars:
AIRFLOW_CTX_DAG_EMAIL=email@example.com
AIRFLOW_CTX_DAG_OWNER=***
AIRFLOW_CTX_DAG_ID=example_sla_dag
AIRFLOW_CTX_TASK_ID=sleep_30
AIRFLOW_CTX_EXECUTION_DATE=2024-06-04T23:54:00+00:00
AIRFLOW_CTX_TRY_NUMBER=1
AIRFLOW_CTX_DAG_RUN_ID=scheduled__2024-06-04T23:54:00+00:00
[2024-06-04T23:56:52.555+0000] {python.py:177} INFO - Done. Returned value was: None
[2024-06-04T23:56:52.563+0000] {taskinstance.py:1323} INFO - Marking task as SUCCESS. dag_id=example_sla_dag, task_id=sleep_30, execution_date=20240604T235400, start_date=20240604T235622, end_date=20240604T235652
[2024-06-04T23:56:52.589+0000] {local_task_job.py:208} INFO - Task exited with return code 0
[2024-06-04T23:56:52.601+0000] {taskinstance.py:2578} INFO - 0 downstream tasks scheduled from follow-on schedule check
