[2024-06-04T23:48:55.722+0000] {taskinstance.py:1083} INFO - Dependencies all met for <TaskInstance: example_xcom.push_by_returning scheduled__2021-01-01T00:00:00+00:00 [queued]>
[2024-06-04T23:48:55.731+0000] {taskinstance.py:1083} INFO - Dependencies all met for <TaskInstance: example_xcom.push_by_returning scheduled__2021-01-01T00:00:00+00:00 [queued]>
[2024-06-04T23:48:55.732+0000] {taskinstance.py:1279} INFO - 
--------------------------------------------------------------------------------
[2024-06-04T23:48:55.732+0000] {taskinstance.py:1280} INFO - Starting attempt 1 of 1
[2024-06-04T23:48:55.732+0000] {taskinstance.py:1281} INFO - 
--------------------------------------------------------------------------------
[2024-06-04T23:48:55.749+0000] {taskinstance.py:1300} INFO - Executing <Task(_PythonDecoratedOperator): push_by_returning> on 2021-01-01 00:00:00+00:00
[2024-06-04T23:48:55.758+0000] {standard_task_runner.py:55} INFO - Started process 4760 to run task
[2024-06-04T23:48:55.761+0000] {standard_task_runner.py:82} INFO - Running: ['***', 'tasks', 'run', 'example_xcom', 'push_by_returning', 'scheduled__2021-01-01T00:00:00+00:00', '--job-id', '1638', '--raw', '--subdir', '/home/***/.local/lib/python3.7/site-packages/***/example_dags/example_xcom.py', '--cfg-path', '/tmp/tmpc1ugdj1x']
[2024-06-04T23:48:55.761+0000] {standard_task_runner.py:83} INFO - Job 1638: Subtask push_by_returning
[2024-06-04T23:48:55.829+0000] {task_command.py:388} INFO - Running <TaskInstance: example_xcom.push_by_returning scheduled__2021-01-01T00:00:00+00:00 [running]> on host 27113cccce1f
[2024-06-04T23:48:55.912+0000] {taskinstance.py:1509} INFO - Exporting the following env vars:
AIRFLOW_CTX_DAG_OWNER=***
AIRFLOW_CTX_DAG_ID=example_xcom
AIRFLOW_CTX_TASK_ID=push_by_returning
AIRFLOW_CTX_EXECUTION_DATE=2021-01-01T00:00:00+00:00
AIRFLOW_CTX_TRY_NUMBER=1
AIRFLOW_CTX_DAG_RUN_ID=scheduled__2021-01-01T00:00:00+00:00
[2024-06-04T23:48:55.913+0000] {python.py:177} INFO - Done. Returned value was: {'a': 'b'}
[2024-06-04T23:48:55.941+0000] {taskinstance.py:1323} INFO - Marking task as SUCCESS. dag_id=example_xcom, task_id=push_by_returning, execution_date=20210101T000000, start_date=20240604T234855, end_date=20240604T234855
[2024-06-04T23:48:55.973+0000] {local_task_job.py:208} INFO - Task exited with return code 0
[2024-06-04T23:48:56.019+0000] {taskinstance.py:2578} INFO - 0 downstream tasks scheduled from follow-on schedule check
