[2024-06-14T21:00:21.452+0000] {taskinstance.py:1083} INFO - Dependencies all met for <TaskInstance: example_sla_dag.sleep_30 scheduled__2024-06-14T20:58:00+00:00 [queued]>
[2024-06-14T21:00:21.460+0000] {taskinstance.py:1083} INFO - Dependencies all met for <TaskInstance: example_sla_dag.sleep_30 scheduled__2024-06-14T20:58:00+00:00 [queued]>
[2024-06-14T21:00:21.460+0000] {taskinstance.py:1279} INFO - 
--------------------------------------------------------------------------------
[2024-06-14T21:00:21.460+0000] {taskinstance.py:1280} INFO - Starting attempt 1 of 1
[2024-06-14T21:00:21.460+0000] {taskinstance.py:1281} INFO - 
--------------------------------------------------------------------------------
[2024-06-14T21:00:21.472+0000] {taskinstance.py:1300} INFO - Executing <Task(_PythonDecoratedOperator): sleep_30> on 2024-06-14 20:58:00+00:00
[2024-06-14T21:00:21.478+0000] {standard_task_runner.py:55} INFO - Started process 69565 to run task
[2024-06-14T21:00:21.480+0000] {standard_task_runner.py:82} INFO - Running: ['***', 'tasks', 'run', 'example_sla_dag', 'sleep_30', 'scheduled__2024-06-14T20:58:00+00:00', '--job-id', '27270', '--raw', '--subdir', '/home/***/.local/lib/python3.7/site-packages/***/example_dags/example_sla_dag.py', '--cfg-path', '/tmp/tmp6jjyw_f0']
[2024-06-14T21:00:21.481+0000] {standard_task_runner.py:83} INFO - Job 27270: Subtask sleep_30
[2024-06-14T21:00:21.525+0000] {task_command.py:388} INFO - Running <TaskInstance: example_sla_dag.sleep_30 scheduled__2024-06-14T20:58:00+00:00 [running]> on host 27113cccce1f
[2024-06-14T21:00:21.572+0000] {taskinstance.py:1509} INFO - Exporting the following env vars:
AIRFLOW_CTX_DAG_EMAIL=email@example.com
AIRFLOW_CTX_DAG_OWNER=***
AIRFLOW_CTX_DAG_ID=example_sla_dag
AIRFLOW_CTX_TASK_ID=sleep_30
AIRFLOW_CTX_EXECUTION_DATE=2024-06-14T20:58:00+00:00
AIRFLOW_CTX_TRY_NUMBER=1
AIRFLOW_CTX_DAG_RUN_ID=scheduled__2024-06-14T20:58:00+00:00
[2024-06-14T21:00:51.602+0000] {python.py:177} INFO - Done. Returned value was: None
[2024-06-14T21:00:51.614+0000] {taskinstance.py:1323} INFO - Marking task as SUCCESS. dag_id=example_sla_dag, task_id=sleep_30, execution_date=20240614T205800, start_date=20240614T210021, end_date=20240614T210051
[2024-06-14T21:00:51.677+0000] {local_task_job.py:208} INFO - Task exited with return code 0
[2024-06-14T21:00:51.690+0000] {taskinstance.py:2578} INFO - 0 downstream tasks scheduled from follow-on schedule check
