[2024-06-08T20:04:01.507+0000] {taskinstance.py:1083} INFO - Dependencies all met for <TaskInstance: example_sla_dag.sleep_20 scheduled__2024-06-08T20:02:00+00:00 [queued]>
[2024-06-08T20:04:01.515+0000] {taskinstance.py:1083} INFO - Dependencies all met for <TaskInstance: example_sla_dag.sleep_20 scheduled__2024-06-08T20:02:00+00:00 [queued]>
[2024-06-08T20:04:01.515+0000] {taskinstance.py:1279} INFO - 
--------------------------------------------------------------------------------
[2024-06-08T20:04:01.515+0000] {taskinstance.py:1280} INFO - Starting attempt 1 of 1
[2024-06-08T20:04:01.515+0000] {taskinstance.py:1281} INFO - 
--------------------------------------------------------------------------------
[2024-06-08T20:04:01.527+0000] {taskinstance.py:1300} INFO - Executing <Task(_PythonDecoratedOperator): sleep_20> on 2024-06-08 20:02:00+00:00
[2024-06-08T20:04:01.534+0000] {standard_task_runner.py:55} INFO - Started process 27106 to run task
[2024-06-08T20:04:01.536+0000] {standard_task_runner.py:82} INFO - Running: ['***', 'tasks', 'run', 'example_sla_dag', 'sleep_20', 'scheduled__2024-06-08T20:02:00+00:00', '--job-id', '12834', '--raw', '--subdir', '/home/***/.local/lib/python3.7/site-packages/***/example_dags/example_sla_dag.py', '--cfg-path', '/tmp/tmp9vaxsrxs']
[2024-06-08T20:04:01.537+0000] {standard_task_runner.py:83} INFO - Job 12834: Subtask sleep_20
[2024-06-08T20:04:01.590+0000] {task_command.py:388} INFO - Running <TaskInstance: example_sla_dag.sleep_20 scheduled__2024-06-08T20:02:00+00:00 [running]> on host 27113cccce1f
[2024-06-08T20:04:01.665+0000] {taskinstance.py:1509} INFO - Exporting the following env vars:
AIRFLOW_CTX_DAG_EMAIL=email@example.com
AIRFLOW_CTX_DAG_OWNER=***
AIRFLOW_CTX_DAG_ID=example_sla_dag
AIRFLOW_CTX_TASK_ID=sleep_20
AIRFLOW_CTX_EXECUTION_DATE=2024-06-08T20:02:00+00:00
AIRFLOW_CTX_TRY_NUMBER=1
AIRFLOW_CTX_DAG_RUN_ID=scheduled__2024-06-08T20:02:00+00:00
[2024-06-08T20:04:21.686+0000] {python.py:177} INFO - Done. Returned value was: None
[2024-06-08T20:04:21.696+0000] {taskinstance.py:1323} INFO - Marking task as SUCCESS. dag_id=example_sla_dag, task_id=sleep_20, execution_date=20240608T200200, start_date=20240608T200401, end_date=20240608T200421
[2024-06-08T20:04:21.721+0000] {local_task_job.py:208} INFO - Task exited with return code 0
[2024-06-08T20:04:21.736+0000] {taskinstance.py:2578} INFO - 1 downstream tasks scheduled from follow-on schedule check
