[2024-06-16T02:10:17.886+0000] {taskinstance.py:1083} INFO - Dependencies all met for <TaskInstance: latest_only.latest_only scheduled__2024-06-15T22:10:17.428205+00:00 [queued]>
[2024-06-16T02:10:17.891+0000] {taskinstance.py:1083} INFO - Dependencies all met for <TaskInstance: latest_only.latest_only scheduled__2024-06-15T22:10:17.428205+00:00 [queued]>
[2024-06-16T02:10:17.891+0000] {taskinstance.py:1279} INFO - 
--------------------------------------------------------------------------------
[2024-06-16T02:10:17.891+0000] {taskinstance.py:1280} INFO - Starting attempt 1 of 1
[2024-06-16T02:10:17.891+0000] {taskinstance.py:1281} INFO - 
--------------------------------------------------------------------------------
[2024-06-16T02:10:17.901+0000] {taskinstance.py:1300} INFO - Executing <Task(LatestOnlyOperator): latest_only> on 2024-06-15 22:10:17.428205+00:00
[2024-06-16T02:10:17.907+0000] {standard_task_runner.py:55} INFO - Started process 942 to run task
[2024-06-16T02:10:17.909+0000] {standard_task_runner.py:82} INFO - Running: ['***', 'tasks', 'run', 'latest_only', 'latest_only', 'scheduled__2024-06-15T22:10:17.428205+00:00', '--job-id', '32249', '--raw', '--subdir', '/home/***/.local/lib/python3.7/site-packages/***/example_dags/example_latest_only.py', '--cfg-path', '/tmp/tmpvstcyt73']
[2024-06-16T02:10:17.909+0000] {standard_task_runner.py:83} INFO - Job 32249: Subtask latest_only
[2024-06-16T02:10:17.954+0000] {task_command.py:388} INFO - Running <TaskInstance: latest_only.latest_only scheduled__2024-06-15T22:10:17.428205+00:00 [running]> on host d460cb06525f
[2024-06-16T02:10:18.005+0000] {taskinstance.py:1509} INFO - Exporting the following env vars:
AIRFLOW_CTX_DAG_OWNER=***
AIRFLOW_CTX_DAG_ID=latest_only
AIRFLOW_CTX_TASK_ID=latest_only
AIRFLOW_CTX_EXECUTION_DATE=2024-06-15T22:10:17.428205+00:00
AIRFLOW_CTX_TRY_NUMBER=1
AIRFLOW_CTX_DAG_RUN_ID=scheduled__2024-06-15T22:10:17.428205+00:00
[2024-06-16T02:10:18.005+0000] {latest_only.py:70} INFO - Checking latest only with left_window: 2024-06-16T02:10:17.428205+00:00 right_window: 2024-06-16T06:10:17.428205+00:00 now: 2024-06-16T02:10:18.005874+00:00
[2024-06-16T02:10:18.005+0000] {latest_only.py:79} INFO - Latest, allowing execution to proceed.
[2024-06-16T02:10:18.006+0000] {skipmixin.py:155} INFO - Following branch ['task1']
[2024-06-16T02:10:18.006+0000] {skipmixin.py:211} INFO - Skipping tasks []
[2024-06-16T02:10:18.037+0000] {taskinstance.py:1323} INFO - Marking task as SUCCESS. dag_id=latest_only, task_id=latest_only, execution_date=20240615T221017, start_date=20240616T021017, end_date=20240616T021018
[2024-06-16T02:10:18.081+0000] {local_task_job.py:208} INFO - Task exited with return code 0
[2024-06-16T02:10:18.101+0000] {taskinstance.py:2578} INFO - 1 downstream tasks scheduled from follow-on schedule check
