[2024-06-06T10:58:00.511+0000] {taskinstance.py:1083} INFO - Dependencies all met for <TaskInstance: example_weekday_branch_operator.make_choice scheduled__2024-06-05T00:00:00+00:00 [queued]>
[2024-06-06T10:58:00.520+0000] {taskinstance.py:1083} INFO - Dependencies all met for <TaskInstance: example_weekday_branch_operator.make_choice scheduled__2024-06-05T00:00:00+00:00 [queued]>
[2024-06-06T10:58:00.520+0000] {taskinstance.py:1279} INFO - 
--------------------------------------------------------------------------------
[2024-06-06T10:58:00.520+0000] {taskinstance.py:1280} INFO - Starting attempt 1 of 1
[2024-06-06T10:58:00.520+0000] {taskinstance.py:1281} INFO - 
--------------------------------------------------------------------------------
[2024-06-06T10:58:00.536+0000] {taskinstance.py:1300} INFO - Executing <Task(BranchDayOfWeekOperator): make_choice> on 2024-06-05 00:00:00+00:00
[2024-06-06T10:58:00.545+0000] {standard_task_runner.py:55} INFO - Started process 199 to run task
[2024-06-06T10:58:00.547+0000] {standard_task_runner.py:82} INFO - Running: ['***', 'tasks', 'run', 'example_weekday_branch_operator', 'make_choice', 'scheduled__2024-06-05T00:00:00+00:00', '--job-id', '6233', '--raw', '--subdir', '/home/***/.local/lib/python3.7/site-packages/***/example_dags/example_branch_day_of_week_operator.py', '--cfg-path', '/tmp/tmpbdxn1xk_']
[2024-06-06T10:58:00.547+0000] {standard_task_runner.py:83} INFO - Job 6233: Subtask make_choice
[2024-06-06T10:58:00.600+0000] {task_command.py:388} INFO - Running <TaskInstance: example_weekday_branch_operator.make_choice scheduled__2024-06-05T00:00:00+00:00 [running]> on host 27113cccce1f
[2024-06-06T10:58:00.664+0000] {taskinstance.py:1509} INFO - Exporting the following env vars:
AIRFLOW_CTX_DAG_OWNER=***
AIRFLOW_CTX_DAG_ID=example_weekday_branch_operator
AIRFLOW_CTX_TASK_ID=make_choice
AIRFLOW_CTX_EXECUTION_DATE=2024-06-05T00:00:00+00:00
AIRFLOW_CTX_TRY_NUMBER=1
AIRFLOW_CTX_DAG_RUN_ID=scheduled__2024-06-05T00:00:00+00:00
[2024-06-06T10:58:00.665+0000] {skipmixin.py:155} INFO - Following branch branch_false
[2024-06-06T10:58:00.665+0000] {skipmixin.py:211} INFO - Skipping tasks ['branch_true']
[2024-06-06T10:58:00.700+0000] {taskinstance.py:1323} INFO - Marking task as SUCCESS. dag_id=example_weekday_branch_operator, task_id=make_choice, execution_date=20240605T000000, start_date=20240606T105800, end_date=20240606T105800
[2024-06-06T10:58:00.719+0000] {local_task_job.py:208} INFO - Task exited with return code 0
[2024-06-06T10:58:00.751+0000] {taskinstance.py:2578} INFO - 1 downstream tasks scheduled from follow-on schedule check
