[2024-06-10T00:00:01.146+0000] {taskinstance.py:1083} INFO - Dependencies all met for <TaskInstance: dataset_produces_1.producing_task_1 scheduled__2024-06-09T00:00:00+00:00 [queued]>
[2024-06-10T00:00:01.158+0000] {taskinstance.py:1083} INFO - Dependencies all met for <TaskInstance: dataset_produces_1.producing_task_1 scheduled__2024-06-09T00:00:00+00:00 [queued]>
[2024-06-10T00:00:01.158+0000] {taskinstance.py:1279} INFO - 
--------------------------------------------------------------------------------
[2024-06-10T00:00:01.158+0000] {taskinstance.py:1280} INFO - Starting attempt 1 of 1
[2024-06-10T00:00:01.158+0000] {taskinstance.py:1281} INFO - 
--------------------------------------------------------------------------------
[2024-06-10T00:00:01.193+0000] {taskinstance.py:1300} INFO - Executing <Task(BashOperator): producing_task_1> on 2024-06-09 00:00:00+00:00
[2024-06-10T00:00:01.203+0000] {standard_task_runner.py:55} INFO - Started process 53231 to run task
[2024-06-10T00:00:01.210+0000] {standard_task_runner.py:82} INFO - Running: ['***', 'tasks', 'run', 'dataset_produces_1', 'producing_task_1', 'scheduled__2024-06-09T00:00:00+00:00', '--job-id', '15296', '--raw', '--subdir', '/home/***/.local/lib/python3.7/site-packages/***/example_dags/example_datasets.py', '--cfg-path', '/tmp/tmp7gjy2ag2']
[2024-06-10T00:00:01.210+0000] {standard_task_runner.py:83} INFO - Job 15296: Subtask producing_task_1
[2024-06-10T00:00:01.356+0000] {task_command.py:388} INFO - Running <TaskInstance: dataset_produces_1.producing_task_1 scheduled__2024-06-09T00:00:00+00:00 [running]> on host 27113cccce1f
[2024-06-10T00:00:01.499+0000] {taskinstance.py:1509} INFO - Exporting the following env vars:
AIRFLOW_CTX_DAG_OWNER=***
AIRFLOW_CTX_DAG_ID=dataset_produces_1
AIRFLOW_CTX_TASK_ID=producing_task_1
AIRFLOW_CTX_EXECUTION_DATE=2024-06-09T00:00:00+00:00
AIRFLOW_CTX_TRY_NUMBER=1
AIRFLOW_CTX_DAG_RUN_ID=scheduled__2024-06-09T00:00:00+00:00
[2024-06-10T00:00:01.504+0000] {subprocess.py:63} INFO - Tmp dir root location: 
 /tmp
[2024-06-10T00:00:01.505+0000] {subprocess.py:75} INFO - Running command: ['/bin/bash', '-c', 'sleep 5']
[2024-06-10T00:00:01.529+0000] {subprocess.py:86} INFO - Output:
[2024-06-10T00:00:06.534+0000] {subprocess.py:97} INFO - Command exited with return code 0
[2024-06-10T00:00:06.552+0000] {warnings.py:110} WARNING - /home/***/.local/lib/python3.7/site-packages/***/models/baseoperator.py:1376: RemovedInAirflow3Warning: Passing 'execution_date' to 'TaskInstance.xcom_push()' is deprecated.
  context["ti"].xcom_push(key=key, value=value, execution_date=execution_date)

[2024-06-10T00:00:06.567+0000] {taskinstance.py:1323} INFO - Marking task as SUCCESS. dag_id=dataset_produces_1, task_id=producing_task_1, execution_date=20240609T000000, start_date=20240610T000001, end_date=20240610T000006
[2024-06-10T00:00:06.615+0000] {local_task_job.py:208} INFO - Task exited with return code 0
[2024-06-10T00:00:06.631+0000] {taskinstance.py:2578} INFO - 0 downstream tasks scheduled from follow-on schedule check
