[2024-06-11T17:28:37.539+0000] {taskinstance.py:1083} INFO - Dependencies all met for <TaskInstance: example_short_circuit_decorator.short_circuit scheduled__2024-06-10T17:28:36.243197+00:00 [queued]>
[2024-06-11T17:28:37.544+0000] {taskinstance.py:1083} INFO - Dependencies all met for <TaskInstance: example_short_circuit_decorator.short_circuit scheduled__2024-06-10T17:28:36.243197+00:00 [queued]>
[2024-06-11T17:28:37.545+0000] {taskinstance.py:1279} INFO - 
--------------------------------------------------------------------------------
[2024-06-11T17:28:37.545+0000] {taskinstance.py:1280} INFO - Starting attempt 1 of 1
[2024-06-11T17:28:37.545+0000] {taskinstance.py:1281} INFO - 
--------------------------------------------------------------------------------
[2024-06-11T17:28:37.555+0000] {taskinstance.py:1300} INFO - Executing <Task(_ShortCircuitDecoratedOperator): short_circuit> on 2024-06-10 17:28:36.243197+00:00
[2024-06-11T17:28:37.561+0000] {standard_task_runner.py:55} INFO - Started process 26330 to run task
[2024-06-11T17:28:37.563+0000] {standard_task_runner.py:82} INFO - Running: ['***', 'tasks', 'run', 'example_short_circuit_decorator', 'short_circuit', 'scheduled__2024-06-10T17:28:36.243197+00:00', '--job-id', '19903', '--raw', '--subdir', '/home/***/.local/lib/python3.7/site-packages/***/example_dags/example_short_circuit_decorator.py', '--cfg-path', '/tmp/tmpb8v1qo2f']
[2024-06-11T17:28:37.563+0000] {standard_task_runner.py:83} INFO - Job 19903: Subtask short_circuit
[2024-06-11T17:28:37.610+0000] {task_command.py:388} INFO - Running <TaskInstance: example_short_circuit_decorator.short_circuit scheduled__2024-06-10T17:28:36.243197+00:00 [running]> on host 27113cccce1f
[2024-06-11T17:28:37.658+0000] {taskinstance.py:1509} INFO - Exporting the following env vars:
AIRFLOW_CTX_DAG_OWNER=***
AIRFLOW_CTX_DAG_ID=example_short_circuit_decorator
AIRFLOW_CTX_TASK_ID=short_circuit
AIRFLOW_CTX_EXECUTION_DATE=2024-06-10T17:28:36.243197+00:00
AIRFLOW_CTX_TRY_NUMBER=1
AIRFLOW_CTX_DAG_RUN_ID=scheduled__2024-06-10T17:28:36.243197+00:00
[2024-06-11T17:28:37.659+0000] {python.py:177} INFO - Done. Returned value was: False
[2024-06-11T17:28:37.660+0000] {python.py:248} INFO - Condition result is False
[2024-06-11T17:28:37.660+0000] {python.py:265} INFO - Skipping downstream tasks while respecting trigger rules...
[2024-06-11T17:28:37.677+0000] {python.py:270} INFO - Done.
[2024-06-11T17:28:37.685+0000] {taskinstance.py:1323} INFO - Marking task as SUCCESS. dag_id=example_short_circuit_decorator, task_id=short_circuit, execution_date=20240610T172836, start_date=20240611T172837, end_date=20240611T172837
[2024-06-11T17:28:37.734+0000] {local_task_job.py:208} INFO - Task exited with return code 0
[2024-06-11T17:28:37.753+0000] {taskinstance.py:2578} INFO - 0 downstream tasks scheduled from follow-on schedule check
