[2024-06-07T11:46:14.490+0000] {taskinstance.py:1083} INFO - Dependencies all met for <TaskInstance: example_short_circuit_decorator.condition_is_true scheduled__2024-06-06T11:46:09.683755+00:00 [queued]>
[2024-06-07T11:46:14.503+0000] {taskinstance.py:1083} INFO - Dependencies all met for <TaskInstance: example_short_circuit_decorator.condition_is_true scheduled__2024-06-06T11:46:09.683755+00:00 [queued]>
[2024-06-07T11:46:14.503+0000] {taskinstance.py:1279} INFO - 
--------------------------------------------------------------------------------
[2024-06-07T11:46:14.503+0000] {taskinstance.py:1280} INFO - Starting attempt 1 of 1
[2024-06-07T11:46:14.503+0000] {taskinstance.py:1281} INFO - 
--------------------------------------------------------------------------------
[2024-06-07T11:46:14.528+0000] {taskinstance.py:1300} INFO - Executing <Task(_ShortCircuitDecoratedOperator): condition_is_true> on 2024-06-06 11:46:09.683755+00:00
[2024-06-07T11:46:14.538+0000] {standard_task_runner.py:55} INFO - Started process 120 to run task
[2024-06-07T11:46:14.543+0000] {standard_task_runner.py:82} INFO - Running: ['***', 'tasks', 'run', 'example_short_circuit_decorator', 'condition_is_true', 'scheduled__2024-06-06T11:46:09.683755+00:00', '--job-id', '9677', '--raw', '--subdir', '/home/***/.local/lib/python3.7/site-packages/***/example_dags/example_short_circuit_decorator.py', '--cfg-path', '/tmp/tmpu5454pw1']
[2024-06-07T11:46:14.543+0000] {standard_task_runner.py:83} INFO - Job 9677: Subtask condition_is_true
[2024-06-07T11:46:14.632+0000] {task_command.py:388} INFO - Running <TaskInstance: example_short_circuit_decorator.condition_is_true scheduled__2024-06-06T11:46:09.683755+00:00 [running]> on host 27113cccce1f
[2024-06-07T11:46:14.743+0000] {taskinstance.py:1509} INFO - Exporting the following env vars:
AIRFLOW_CTX_DAG_OWNER=***
AIRFLOW_CTX_DAG_ID=example_short_circuit_decorator
AIRFLOW_CTX_TASK_ID=condition_is_true
AIRFLOW_CTX_EXECUTION_DATE=2024-06-06T11:46:09.683755+00:00
AIRFLOW_CTX_TRY_NUMBER=1
AIRFLOW_CTX_DAG_RUN_ID=scheduled__2024-06-06T11:46:09.683755+00:00
[2024-06-07T11:46:14.744+0000] {python.py:177} INFO - Done. Returned value was: True
[2024-06-07T11:46:14.745+0000] {python.py:248} INFO - Condition result is True
[2024-06-07T11:46:14.746+0000] {python.py:251} INFO - Proceeding with downstream tasks...
[2024-06-07T11:46:14.784+0000] {taskinstance.py:1323} INFO - Marking task as SUCCESS. dag_id=example_short_circuit_decorator, task_id=condition_is_true, execution_date=20240606T114609, start_date=20240607T114614, end_date=20240607T114614
[2024-06-07T11:46:14.840+0000] {local_task_job.py:208} INFO - Task exited with return code 0
[2024-06-07T11:46:14.922+0000] {taskinstance.py:2578} INFO - 1 downstream tasks scheduled from follow-on schedule check
