[2024-06-16T13:38:50.528+0000] {taskinstance.py:1083} INFO - Dependencies all met for <TaskInstance: example_task_group.section_2.inner_section_2.task_2 scheduled__2024-06-15T12:31:06.856636+00:00 [queued]>
[2024-06-16T13:38:50.534+0000] {taskinstance.py:1083} INFO - Dependencies all met for <TaskInstance: example_task_group.section_2.inner_section_2.task_2 scheduled__2024-06-15T12:31:06.856636+00:00 [queued]>
[2024-06-16T13:38:50.534+0000] {taskinstance.py:1279} INFO - 
--------------------------------------------------------------------------------
[2024-06-16T13:38:50.534+0000] {taskinstance.py:1280} INFO - Starting attempt 1 of 1
[2024-06-16T13:38:50.534+0000] {taskinstance.py:1281} INFO - 
--------------------------------------------------------------------------------
[2024-06-16T13:38:50.544+0000] {taskinstance.py:1300} INFO - Executing <Task(BashOperator): section_2.inner_section_2.task_2> on 2024-06-15 12:31:06.856636+00:00
[2024-06-16T13:38:50.550+0000] {standard_task_runner.py:55} INFO - Started process 233 to run task
[2024-06-16T13:38:50.552+0000] {standard_task_runner.py:82} INFO - Running: ['***', 'tasks', 'run', 'example_task_group', 'section_2.inner_section_2.task_2', 'scheduled__2024-06-15T12:31:06.856636+00:00', '--job-id', '33035', '--raw', '--subdir', '/home/***/.local/lib/python3.7/site-packages/***/example_dags/example_task_group.py', '--cfg-path', '/tmp/tmpdv007c0s']
[2024-06-16T13:38:50.552+0000] {standard_task_runner.py:83} INFO - Job 33035: Subtask section_2.inner_section_2.task_2
[2024-06-16T13:38:50.594+0000] {task_command.py:388} INFO - Running <TaskInstance: example_task_group.section_2.inner_section_2.task_2 scheduled__2024-06-15T12:31:06.856636+00:00 [running]> on host 1caec24182a1
[2024-06-16T13:38:50.640+0000] {taskinstance.py:1509} INFO - Exporting the following env vars:
AIRFLOW_CTX_DAG_OWNER=***
AIRFLOW_CTX_DAG_ID=example_task_group
AIRFLOW_CTX_TASK_ID=section_2.inner_section_2.task_2
AIRFLOW_CTX_EXECUTION_DATE=2024-06-15T12:31:06.856636+00:00
AIRFLOW_CTX_TRY_NUMBER=1
AIRFLOW_CTX_DAG_RUN_ID=scheduled__2024-06-15T12:31:06.856636+00:00
[2024-06-16T13:38:50.641+0000] {subprocess.py:63} INFO - Tmp dir root location: 
 /tmp
[2024-06-16T13:38:50.641+0000] {subprocess.py:75} INFO - Running command: ['/bin/bash', '-c', 'echo 1']
[2024-06-16T13:38:50.654+0000] {subprocess.py:86} INFO - Output:
[2024-06-16T13:38:50.655+0000] {subprocess.py:93} INFO - 1
[2024-06-16T13:38:50.655+0000] {subprocess.py:97} INFO - Command exited with return code 0
[2024-06-16T13:38:50.675+0000] {taskinstance.py:1323} INFO - Marking task as SUCCESS. dag_id=example_task_group, task_id=section_2.inner_section_2.task_2, execution_date=20240615T123106, start_date=20240616T133850, end_date=20240616T133850
[2024-06-16T13:38:50.723+0000] {local_task_job.py:208} INFO - Task exited with return code 0
[2024-06-16T13:38:50.858+0000] {taskinstance.py:2578} INFO - 0 downstream tasks scheduled from follow-on schedule check
