[2024-06-05T00:00:01.786+0000] {taskinstance.py:1083} INFO - Dependencies all met for <TaskInstance: example_branch_operator.branching scheduled__2024-06-04T00:00:00+00:00 [queued]>
[2024-06-05T00:00:01.798+0000] {taskinstance.py:1083} INFO - Dependencies all met for <TaskInstance: example_branch_operator.branching scheduled__2024-06-04T00:00:00+00:00 [queued]>
[2024-06-05T00:00:01.799+0000] {taskinstance.py:1279} INFO - 
--------------------------------------------------------------------------------
[2024-06-05T00:00:01.799+0000] {taskinstance.py:1280} INFO - Starting attempt 1 of 1
[2024-06-05T00:00:01.799+0000] {taskinstance.py:1281} INFO - 
--------------------------------------------------------------------------------
[2024-06-05T00:00:01.819+0000] {taskinstance.py:1300} INFO - Executing <Task(BranchPythonOperator): branching> on 2024-06-04 00:00:00+00:00
[2024-06-05T00:00:01.828+0000] {standard_task_runner.py:55} INFO - Started process 9764 to run task
[2024-06-05T00:00:01.831+0000] {standard_task_runner.py:82} INFO - Running: ['***', 'tasks', 'run', 'example_branch_operator', 'branching', 'scheduled__2024-06-04T00:00:00+00:00', '--job-id', '3449', '--raw', '--subdir', '/home/***/.local/lib/python3.7/site-packages/***/example_dags/example_branch_operator.py', '--cfg-path', '/tmp/tmp564l2exk']
[2024-06-05T00:00:01.831+0000] {standard_task_runner.py:83} INFO - Job 3449: Subtask branching
[2024-06-05T00:00:01.905+0000] {task_command.py:388} INFO - Running <TaskInstance: example_branch_operator.branching scheduled__2024-06-04T00:00:00+00:00 [running]> on host 27113cccce1f
[2024-06-05T00:00:01.987+0000] {taskinstance.py:1509} INFO - Exporting the following env vars:
AIRFLOW_CTX_DAG_OWNER=***
AIRFLOW_CTX_DAG_ID=example_branch_operator
AIRFLOW_CTX_TASK_ID=branching
AIRFLOW_CTX_EXECUTION_DATE=2024-06-04T00:00:00+00:00
AIRFLOW_CTX_TRY_NUMBER=1
AIRFLOW_CTX_DAG_RUN_ID=scheduled__2024-06-04T00:00:00+00:00
[2024-06-05T00:00:01.988+0000] {python.py:177} INFO - Done. Returned value was: branch_b
[2024-06-05T00:00:01.988+0000] {python.py:211} INFO - Branch callable return branch_b
[2024-06-05T00:00:01.989+0000] {skipmixin.py:155} INFO - Following branch branch_b
[2024-06-05T00:00:01.989+0000] {skipmixin.py:211} INFO - Skipping tasks ['branch_d', 'branch_a', 'branch_c']
[2024-06-05T00:00:02.035+0000] {taskinstance.py:1323} INFO - Marking task as SUCCESS. dag_id=example_branch_operator, task_id=branching, execution_date=20240604T000000, start_date=20240605T000001, end_date=20240605T000002
[2024-06-05T00:00:02.083+0000] {local_task_job.py:208} INFO - Task exited with return code 0
[2024-06-05T00:00:02.119+0000] {taskinstance.py:2578} INFO - 1 downstream tasks scheduled from follow-on schedule check
