[2024-06-16T04:40:01.345+0000] {taskinstance.py:1083} INFO - Dependencies all met for <TaskInstance: example_sla_dag.sleep_20 scheduled__2024-06-16T04:38:00+00:00 [queued]>
[2024-06-16T04:40:01.351+0000] {taskinstance.py:1083} INFO - Dependencies all met for <TaskInstance: example_sla_dag.sleep_20 scheduled__2024-06-16T04:38:00+00:00 [queued]>
[2024-06-16T04:40:01.351+0000] {taskinstance.py:1279} INFO - 
--------------------------------------------------------------------------------
[2024-06-16T04:40:01.351+0000] {taskinstance.py:1280} INFO - Starting attempt 1 of 1
[2024-06-16T04:40:01.352+0000] {taskinstance.py:1281} INFO - 
--------------------------------------------------------------------------------
[2024-06-16T04:40:01.362+0000] {taskinstance.py:1300} INFO - Executing <Task(_PythonDecoratedOperator): sleep_20> on 2024-06-16 04:38:00+00:00
[2024-06-16T04:40:01.368+0000] {standard_task_runner.py:55} INFO - Started process 236 to run task
[2024-06-16T04:40:01.370+0000] {standard_task_runner.py:82} INFO - Running: ['***', 'tasks', 'run', 'example_sla_dag', 'sleep_20', 'scheduled__2024-06-16T04:38:00+00:00', '--job-id', '32942', '--raw', '--subdir', '/home/***/.local/lib/python3.7/site-packages/***/example_dags/example_sla_dag.py', '--cfg-path', '/tmp/tmptzs55cr_']
[2024-06-16T04:40:01.370+0000] {standard_task_runner.py:83} INFO - Job 32942: Subtask sleep_20
[2024-06-16T04:40:01.417+0000] {task_command.py:388} INFO - Running <TaskInstance: example_sla_dag.sleep_20 scheduled__2024-06-16T04:38:00+00:00 [running]> on host 1caec24182a1
[2024-06-16T04:40:01.468+0000] {taskinstance.py:1509} INFO - Exporting the following env vars:
AIRFLOW_CTX_DAG_EMAIL=email@example.com
AIRFLOW_CTX_DAG_OWNER=***
AIRFLOW_CTX_DAG_ID=example_sla_dag
AIRFLOW_CTX_TASK_ID=sleep_20
AIRFLOW_CTX_EXECUTION_DATE=2024-06-16T04:38:00+00:00
AIRFLOW_CTX_TRY_NUMBER=1
AIRFLOW_CTX_DAG_RUN_ID=scheduled__2024-06-16T04:38:00+00:00
