[2024-06-07T11:46:14.475+0000] {taskinstance.py:1083} INFO - Dependencies all met for <TaskInstance: example_bash_operator.runme_2 scheduled__2024-06-06T00:00:00+00:00 [queued]>
[2024-06-07T11:46:14.487+0000] {taskinstance.py:1083} INFO - Dependencies all met for <TaskInstance: example_bash_operator.runme_2 scheduled__2024-06-06T00:00:00+00:00 [queued]>
[2024-06-07T11:46:14.487+0000] {taskinstance.py:1279} INFO - 
--------------------------------------------------------------------------------
[2024-06-07T11:46:14.487+0000] {taskinstance.py:1280} INFO - Starting attempt 1 of 1
[2024-06-07T11:46:14.487+0000] {taskinstance.py:1281} INFO - 
--------------------------------------------------------------------------------
[2024-06-07T11:46:14.510+0000] {taskinstance.py:1300} INFO - Executing <Task(BashOperator): runme_2> on 2024-06-06 00:00:00+00:00
[2024-06-07T11:46:14.519+0000] {standard_task_runner.py:55} INFO - Started process 116 to run task
[2024-06-07T11:46:14.522+0000] {standard_task_runner.py:82} INFO - Running: ['***', 'tasks', 'run', 'example_bash_operator', 'runme_2', 'scheduled__2024-06-06T00:00:00+00:00', '--job-id', '9672', '--raw', '--subdir', '/home/***/.local/lib/python3.7/site-packages/***/example_dags/example_bash_operator.py', '--cfg-path', '/tmp/tmpjrzd8iwm']
[2024-06-07T11:46:14.523+0000] {standard_task_runner.py:83} INFO - Job 9672: Subtask runme_2
[2024-06-07T11:46:14.617+0000] {task_command.py:388} INFO - Running <TaskInstance: example_bash_operator.runme_2 scheduled__2024-06-06T00:00:00+00:00 [running]> on host 27113cccce1f
[2024-06-07T11:46:14.720+0000] {taskinstance.py:1509} INFO - Exporting the following env vars:
AIRFLOW_CTX_DAG_OWNER=***
AIRFLOW_CTX_DAG_ID=example_bash_operator
AIRFLOW_CTX_TASK_ID=runme_2
AIRFLOW_CTX_EXECUTION_DATE=2024-06-06T00:00:00+00:00
AIRFLOW_CTX_TRY_NUMBER=1
AIRFLOW_CTX_DAG_RUN_ID=scheduled__2024-06-06T00:00:00+00:00
[2024-06-07T11:46:14.721+0000] {subprocess.py:63} INFO - Tmp dir root location: 
 /tmp
[2024-06-07T11:46:14.722+0000] {subprocess.py:75} INFO - Running command: ['/bin/bash', '-c', 'echo "example_bash_operator__runme_2__20240606" && sleep 1']
[2024-06-07T11:46:14.747+0000] {subprocess.py:86} INFO - Output:
[2024-06-07T11:46:14.749+0000] {subprocess.py:93} INFO - example_bash_operator__runme_2__20240606
[2024-06-07T11:46:15.752+0000] {subprocess.py:97} INFO - Command exited with return code 0
[2024-06-07T11:46:15.793+0000] {taskinstance.py:1323} INFO - Marking task as SUCCESS. dag_id=example_bash_operator, task_id=runme_2, execution_date=20240606T000000, start_date=20240607T114614, end_date=20240607T114615
[2024-06-07T11:46:15.826+0000] {local_task_job.py:208} INFO - Task exited with return code 0
[2024-06-07T11:46:15.866+0000] {taskinstance.py:2578} INFO - 0 downstream tasks scheduled from follow-on schedule check
