[2024-06-04T23:37:28.587+0000] {processor.py:153} INFO - Started process (PID=91) to work on /home/airflow/.local/lib/python3.7/site-packages/airflow/example_dags/plugins/workday.py
[2024-06-04T23:37:28.587+0000] {processor.py:743} INFO - Processing file /home/airflow/.local/lib/python3.7/site-packages/airflow/example_dags/plugins/workday.py for tasks to queue
[2024-06-04T23:37:28.588+0000] {logging_mixin.py:137} INFO - [2024-06-04T23:37:28.588+0000] {dagbag.py:538} INFO - Filling up the DagBag from /home/airflow/.local/lib/python3.7/site-packages/airflow/example_dags/plugins/workday.py
[2024-06-04T23:37:28.590+0000] {processor.py:755} WARNING - No viable dags retrieved from /home/airflow/.local/lib/python3.7/site-packages/airflow/example_dags/plugins/workday.py
[2024-06-04T23:37:28.603+0000] {processor.py:175} INFO - Processing /home/airflow/.local/lib/python3.7/site-packages/airflow/example_dags/plugins/workday.py took 0.018 seconds
[2024-06-04T23:37:59.435+0000] {processor.py:153} INFO - Started process (PID=193) to work on /home/airflow/.local/lib/python3.7/site-packages/airflow/example_dags/plugins/workday.py
[2024-06-04T23:37:59.435+0000] {processor.py:743} INFO - Processing file /home/airflow/.local/lib/python3.7/site-packages/airflow/example_dags/plugins/workday.py for tasks to queue
[2024-06-04T23:37:59.436+0000] {logging_mixin.py:137} INFO - [2024-06-04T23:37:59.436+0000] {dagbag.py:538} INFO - Filling up the DagBag from /home/airflow/.local/lib/python3.7/site-packages/airflow/example_dags/plugins/workday.py
[2024-06-04T23:37:59.437+0000] {processor.py:755} WARNING - No viable dags retrieved from /home/airflow/.local/lib/python3.7/site-packages/airflow/example_dags/plugins/workday.py
[2024-06-04T23:37:59.446+0000] {processor.py:175} INFO - Processing /home/airflow/.local/lib/python3.7/site-packages/airflow/example_dags/plugins/workday.py took 0.014 seconds
[2024-06-04T23:38:30.360+0000] {processor.py:153} INFO - Started process (PID=304) to work on /home/airflow/.local/lib/python3.7/site-packages/airflow/example_dags/plugins/workday.py
[2024-06-04T23:38:30.361+0000] {processor.py:743} INFO - Processing file /home/airflow/.local/lib/python3.7/site-packages/airflow/example_dags/plugins/workday.py for tasks to queue
[2024-06-04T23:38:30.361+0000] {logging_mixin.py:137} INFO - [2024-06-04T23:38:30.361+0000] {dagbag.py:538} INFO - Filling up the DagBag from /home/airflow/.local/lib/python3.7/site-packages/airflow/example_dags/plugins/workday.py
[2024-06-04T23:38:30.362+0000] {processor.py:755} WARNING - No viable dags retrieved from /home/airflow/.local/lib/python3.7/site-packages/airflow/example_dags/plugins/workday.py
[2024-06-04T23:38:30.372+0000] {processor.py:175} INFO - Processing /home/airflow/.local/lib/python3.7/site-packages/airflow/example_dags/plugins/workday.py took 0.014 seconds
[2024-06-04T23:39:01.051+0000] {processor.py:153} INFO - Started process (PID=391) to work on /home/airflow/.local/lib/python3.7/site-packages/airflow/example_dags/plugins/workday.py
[2024-06-04T23:39:01.052+0000] {processor.py:743} INFO - Processing file /home/airflow/.local/lib/python3.7/site-packages/airflow/example_dags/plugins/workday.py for tasks to queue
[2024-06-04T23:39:01.052+0000] {logging_mixin.py:137} INFO - [2024-06-04T23:39:01.052+0000] {dagbag.py:538} INFO - Filling up the DagBag from /home/airflow/.local/lib/python3.7/site-packages/airflow/example_dags/plugins/workday.py
[2024-06-04T23:39:01.054+0000] {processor.py:755} WARNING - No viable dags retrieved from /home/airflow/.local/lib/python3.7/site-packages/airflow/example_dags/plugins/workday.py
[2024-06-04T23:39:01.064+0000] {processor.py:175} INFO - Processing /home/airflow/.local/lib/python3.7/site-packages/airflow/example_dags/plugins/workday.py took 0.014 seconds
[2024-06-04T23:39:31.803+0000] {processor.py:153} INFO - Started process (PID=502) to work on /home/airflow/.local/lib/python3.7/site-packages/airflow/example_dags/plugins/workday.py
[2024-06-04T23:39:31.803+0000] {processor.py:743} INFO - Processing file /home/airflow/.local/lib/python3.7/site-packages/airflow/example_dags/plugins/workday.py for tasks to queue
[2024-06-04T23:39:31.804+0000] {logging_mixin.py:137} INFO - [2024-06-04T23:39:31.804+0000] {dagbag.py:538} INFO - Filling up the DagBag from /home/airflow/.local/lib/python3.7/site-packages/airflow/example_dags/plugins/workday.py
[2024-06-04T23:39:31.805+0000] {processor.py:755} WARNING - No viable dags retrieved from /home/airflow/.local/lib/python3.7/site-packages/airflow/example_dags/plugins/workday.py
[2024-06-04T23:39:31.814+0000] {processor.py:175} INFO - Processing /home/airflow/.local/lib/python3.7/site-packages/airflow/example_dags/plugins/workday.py took 0.013 seconds
[2024-06-04T23:40:02.478+0000] {processor.py:153} INFO - Started process (PID=613) to work on /home/airflow/.local/lib/python3.7/site-packages/airflow/example_dags/plugins/workday.py
[2024-06-04T23:40:02.479+0000] {processor.py:743} INFO - Processing file /home/airflow/.local/lib/python3.7/site-packages/airflow/example_dags/plugins/workday.py for tasks to queue
[2024-06-04T23:40:02.479+0000] {logging_mixin.py:137} INFO - [2024-06-04T23:40:02.479+0000] {dagbag.py:538} INFO - Filling up the DagBag from /home/airflow/.local/lib/python3.7/site-packages/airflow/example_dags/plugins/workday.py
[2024-06-04T23:40:02.480+0000] {processor.py:755} WARNING - No viable dags retrieved from /home/airflow/.local/lib/python3.7/site-packages/airflow/example_dags/plugins/workday.py
[2024-06-04T23:40:02.490+0000] {processor.py:175} INFO - Processing /home/airflow/.local/lib/python3.7/site-packages/airflow/example_dags/plugins/workday.py took 0.014 seconds
[2024-06-04T23:40:33.202+0000] {processor.py:153} INFO - Started process (PID=700) to work on /home/airflow/.local/lib/python3.7/site-packages/airflow/example_dags/plugins/workday.py
[2024-06-04T23:40:33.202+0000] {processor.py:743} INFO - Processing file /home/airflow/.local/lib/python3.7/site-packages/airflow/example_dags/plugins/workday.py for tasks to queue
[2024-06-04T23:40:33.203+0000] {logging_mixin.py:137} INFO - [2024-06-04T23:40:33.203+0000] {dagbag.py:538} INFO - Filling up the DagBag from /home/airflow/.local/lib/python3.7/site-packages/airflow/example_dags/plugins/workday.py
[2024-06-04T23:40:33.204+0000] {processor.py:755} WARNING - No viable dags retrieved from /home/airflow/.local/lib/python3.7/site-packages/airflow/example_dags/plugins/workday.py
[2024-06-04T23:40:33.213+0000] {processor.py:175} INFO - Processing /home/airflow/.local/lib/python3.7/site-packages/airflow/example_dags/plugins/workday.py took 0.013 seconds
[2024-06-04T23:41:03.932+0000] {processor.py:153} INFO - Started process (PID=811) to work on /home/airflow/.local/lib/python3.7/site-packages/airflow/example_dags/plugins/workday.py
[2024-06-04T23:41:03.933+0000] {processor.py:743} INFO - Processing file /home/airflow/.local/lib/python3.7/site-packages/airflow/example_dags/plugins/workday.py for tasks to queue
[2024-06-04T23:41:03.933+0000] {logging_mixin.py:137} INFO - [2024-06-04T23:41:03.933+0000] {dagbag.py:538} INFO - Filling up the DagBag from /home/airflow/.local/lib/python3.7/site-packages/airflow/example_dags/plugins/workday.py
[2024-06-04T23:41:03.934+0000] {processor.py:755} WARNING - No viable dags retrieved from /home/airflow/.local/lib/python3.7/site-packages/airflow/example_dags/plugins/workday.py
[2024-06-04T23:41:03.943+0000] {processor.py:175} INFO - Processing /home/airflow/.local/lib/python3.7/site-packages/airflow/example_dags/plugins/workday.py took 0.013 seconds
[2024-06-04T23:41:34.566+0000] {processor.py:153} INFO - Started process (PID=898) to work on /home/airflow/.local/lib/python3.7/site-packages/airflow/example_dags/plugins/workday.py
[2024-06-04T23:41:34.566+0000] {processor.py:743} INFO - Processing file /home/airflow/.local/lib/python3.7/site-packages/airflow/example_dags/plugins/workday.py for tasks to queue
[2024-06-04T23:41:34.567+0000] {logging_mixin.py:137} INFO - [2024-06-04T23:41:34.567+0000] {dagbag.py:538} INFO - Filling up the DagBag from /home/airflow/.local/lib/python3.7/site-packages/airflow/example_dags/plugins/workday.py
[2024-06-04T23:41:34.568+0000] {processor.py:755} WARNING - No viable dags retrieved from /home/airflow/.local/lib/python3.7/site-packages/airflow/example_dags/plugins/workday.py
[2024-06-04T23:41:34.578+0000] {processor.py:175} INFO - Processing /home/airflow/.local/lib/python3.7/site-packages/airflow/example_dags/plugins/workday.py took 0.014 seconds
[2024-06-04T23:42:05.604+0000] {processor.py:153} INFO - Started process (PID=1009) to work on /home/airflow/.local/lib/python3.7/site-packages/airflow/example_dags/plugins/workday.py
[2024-06-04T23:42:05.604+0000] {processor.py:743} INFO - Processing file /home/airflow/.local/lib/python3.7/site-packages/airflow/example_dags/plugins/workday.py for tasks to queue
[2024-06-04T23:42:05.605+0000] {logging_mixin.py:137} INFO - [2024-06-04T23:42:05.605+0000] {dagbag.py:538} INFO - Filling up the DagBag from /home/airflow/.local/lib/python3.7/site-packages/airflow/example_dags/plugins/workday.py
[2024-06-04T23:42:05.606+0000] {processor.py:755} WARNING - No viable dags retrieved from /home/airflow/.local/lib/python3.7/site-packages/airflow/example_dags/plugins/workday.py
[2024-06-04T23:42:05.616+0000] {processor.py:175} INFO - Processing /home/airflow/.local/lib/python3.7/site-packages/airflow/example_dags/plugins/workday.py took 0.014 seconds
[2024-06-04T23:42:35.657+0000] {processor.py:153} INFO - Started process (PID=1120) to work on /home/airflow/.local/lib/python3.7/site-packages/airflow/example_dags/plugins/workday.py
[2024-06-04T23:42:35.658+0000] {processor.py:743} INFO - Processing file /home/airflow/.local/lib/python3.7/site-packages/airflow/example_dags/plugins/workday.py for tasks to queue
[2024-06-04T23:42:35.658+0000] {logging_mixin.py:137} INFO - [2024-06-04T23:42:35.658+0000] {dagbag.py:538} INFO - Filling up the DagBag from /home/airflow/.local/lib/python3.7/site-packages/airflow/example_dags/plugins/workday.py
[2024-06-04T23:42:35.659+0000] {processor.py:755} WARNING - No viable dags retrieved from /home/airflow/.local/lib/python3.7/site-packages/airflow/example_dags/plugins/workday.py
[2024-06-04T23:42:35.669+0000] {processor.py:175} INFO - Processing /home/airflow/.local/lib/python3.7/site-packages/airflow/example_dags/plugins/workday.py took 0.014 seconds
[2024-06-04T23:43:06.472+0000] {processor.py:153} INFO - Started process (PID=1207) to work on /home/airflow/.local/lib/python3.7/site-packages/airflow/example_dags/plugins/workday.py
[2024-06-04T23:43:06.472+0000] {processor.py:743} INFO - Processing file /home/airflow/.local/lib/python3.7/site-packages/airflow/example_dags/plugins/workday.py for tasks to queue
[2024-06-04T23:43:06.473+0000] {logging_mixin.py:137} INFO - [2024-06-04T23:43:06.472+0000] {dagbag.py:538} INFO - Filling up the DagBag from /home/airflow/.local/lib/python3.7/site-packages/airflow/example_dags/plugins/workday.py
[2024-06-04T23:43:06.474+0000] {processor.py:755} WARNING - No viable dags retrieved from /home/airflow/.local/lib/python3.7/site-packages/airflow/example_dags/plugins/workday.py
[2024-06-04T23:43:06.483+0000] {processor.py:175} INFO - Processing /home/airflow/.local/lib/python3.7/site-packages/airflow/example_dags/plugins/workday.py took 0.013 seconds
[2024-06-04T23:43:37.329+0000] {processor.py:153} INFO - Started process (PID=1318) to work on /home/airflow/.local/lib/python3.7/site-packages/airflow/example_dags/plugins/workday.py
[2024-06-04T23:43:37.330+0000] {processor.py:743} INFO - Processing file /home/airflow/.local/lib/python3.7/site-packages/airflow/example_dags/plugins/workday.py for tasks to queue
[2024-06-04T23:43:37.330+0000] {logging_mixin.py:137} INFO - [2024-06-04T23:43:37.330+0000] {dagbag.py:538} INFO - Filling up the DagBag from /home/airflow/.local/lib/python3.7/site-packages/airflow/example_dags/plugins/workday.py
[2024-06-04T23:43:37.331+0000] {processor.py:755} WARNING - No viable dags retrieved from /home/airflow/.local/lib/python3.7/site-packages/airflow/example_dags/plugins/workday.py
[2024-06-04T23:43:37.341+0000] {processor.py:175} INFO - Processing /home/airflow/.local/lib/python3.7/site-packages/airflow/example_dags/plugins/workday.py took 0.014 seconds
[2024-06-04T23:44:08.412+0000] {processor.py:153} INFO - Started process (PID=1534) to work on /home/airflow/.local/lib/python3.7/site-packages/airflow/example_dags/plugins/workday.py
[2024-06-04T23:44:08.412+0000] {processor.py:743} INFO - Processing file /home/airflow/.local/lib/python3.7/site-packages/airflow/example_dags/plugins/workday.py for tasks to queue
[2024-06-04T23:44:08.413+0000] {logging_mixin.py:137} INFO - [2024-06-04T23:44:08.413+0000] {dagbag.py:538} INFO - Filling up the DagBag from /home/airflow/.local/lib/python3.7/site-packages/airflow/example_dags/plugins/workday.py
[2024-06-04T23:44:08.414+0000] {processor.py:755} WARNING - No viable dags retrieved from /home/airflow/.local/lib/python3.7/site-packages/airflow/example_dags/plugins/workday.py
[2024-06-04T23:44:08.428+0000] {processor.py:175} INFO - Processing /home/airflow/.local/lib/python3.7/site-packages/airflow/example_dags/plugins/workday.py took 0.019 seconds
[2024-06-04T23:44:38.503+0000] {processor.py:153} INFO - Started process (PID=1889) to work on /home/airflow/.local/lib/python3.7/site-packages/airflow/example_dags/plugins/workday.py
[2024-06-04T23:44:38.503+0000] {processor.py:743} INFO - Processing file /home/airflow/.local/lib/python3.7/site-packages/airflow/example_dags/plugins/workday.py for tasks to queue
[2024-06-04T23:44:38.504+0000] {logging_mixin.py:137} INFO - [2024-06-04T23:44:38.503+0000] {dagbag.py:538} INFO - Filling up the DagBag from /home/airflow/.local/lib/python3.7/site-packages/airflow/example_dags/plugins/workday.py
[2024-06-04T23:44:38.505+0000] {processor.py:755} WARNING - No viable dags retrieved from /home/airflow/.local/lib/python3.7/site-packages/airflow/example_dags/plugins/workday.py
[2024-06-04T23:44:38.515+0000] {processor.py:175} INFO - Processing /home/airflow/.local/lib/python3.7/site-packages/airflow/example_dags/plugins/workday.py took 0.014 seconds
[2024-06-04T23:45:09.455+0000] {processor.py:153} INFO - Started process (PID=2247) to work on /home/airflow/.local/lib/python3.7/site-packages/airflow/example_dags/plugins/workday.py
[2024-06-04T23:45:09.456+0000] {processor.py:743} INFO - Processing file /home/airflow/.local/lib/python3.7/site-packages/airflow/example_dags/plugins/workday.py for tasks to queue
[2024-06-04T23:45:09.457+0000] {logging_mixin.py:137} INFO - [2024-06-04T23:45:09.457+0000] {dagbag.py:538} INFO - Filling up the DagBag from /home/airflow/.local/lib/python3.7/site-packages/airflow/example_dags/plugins/workday.py
[2024-06-04T23:45:09.459+0000] {processor.py:755} WARNING - No viable dags retrieved from /home/airflow/.local/lib/python3.7/site-packages/airflow/example_dags/plugins/workday.py
[2024-06-04T23:45:09.476+0000] {processor.py:175} INFO - Processing /home/airflow/.local/lib/python3.7/site-packages/airflow/example_dags/plugins/workday.py took 0.024 seconds
[2024-06-04T23:45:40.048+0000] {processor.py:153} INFO - Started process (PID=2573) to work on /home/airflow/.local/lib/python3.7/site-packages/airflow/example_dags/plugins/workday.py
[2024-06-04T23:45:40.049+0000] {processor.py:743} INFO - Processing file /home/airflow/.local/lib/python3.7/site-packages/airflow/example_dags/plugins/workday.py for tasks to queue
[2024-06-04T23:45:40.050+0000] {logging_mixin.py:137} INFO - [2024-06-04T23:45:40.049+0000] {dagbag.py:538} INFO - Filling up the DagBag from /home/airflow/.local/lib/python3.7/site-packages/airflow/example_dags/plugins/workday.py
[2024-06-04T23:45:40.051+0000] {processor.py:755} WARNING - No viable dags retrieved from /home/airflow/.local/lib/python3.7/site-packages/airflow/example_dags/plugins/workday.py
[2024-06-04T23:45:40.063+0000] {processor.py:175} INFO - Processing /home/airflow/.local/lib/python3.7/site-packages/airflow/example_dags/plugins/workday.py took 0.018 seconds
[2024-06-04T23:46:10.755+0000] {processor.py:153} INFO - Started process (PID=2934) to work on /home/airflow/.local/lib/python3.7/site-packages/airflow/example_dags/plugins/workday.py
[2024-06-04T23:46:10.755+0000] {processor.py:743} INFO - Processing file /home/airflow/.local/lib/python3.7/site-packages/airflow/example_dags/plugins/workday.py for tasks to queue
[2024-06-04T23:46:10.756+0000] {logging_mixin.py:137} INFO - [2024-06-04T23:46:10.756+0000] {dagbag.py:538} INFO - Filling up the DagBag from /home/airflow/.local/lib/python3.7/site-packages/airflow/example_dags/plugins/workday.py
[2024-06-04T23:46:10.757+0000] {processor.py:755} WARNING - No viable dags retrieved from /home/airflow/.local/lib/python3.7/site-packages/airflow/example_dags/plugins/workday.py
[2024-06-04T23:46:10.769+0000] {processor.py:175} INFO - Processing /home/airflow/.local/lib/python3.7/site-packages/airflow/example_dags/plugins/workday.py took 0.017 seconds
[2024-06-04T23:46:41.363+0000] {processor.py:153} INFO - Started process (PID=3279) to work on /home/airflow/.local/lib/python3.7/site-packages/airflow/example_dags/plugins/workday.py
[2024-06-04T23:46:41.364+0000] {processor.py:743} INFO - Processing file /home/airflow/.local/lib/python3.7/site-packages/airflow/example_dags/plugins/workday.py for tasks to queue
[2024-06-04T23:46:41.364+0000] {logging_mixin.py:137} INFO - [2024-06-04T23:46:41.364+0000] {dagbag.py:538} INFO - Filling up the DagBag from /home/airflow/.local/lib/python3.7/site-packages/airflow/example_dags/plugins/workday.py
[2024-06-04T23:46:41.365+0000] {processor.py:755} WARNING - No viable dags retrieved from /home/airflow/.local/lib/python3.7/site-packages/airflow/example_dags/plugins/workday.py
[2024-06-04T23:46:41.375+0000] {processor.py:175} INFO - Processing /home/airflow/.local/lib/python3.7/site-packages/airflow/example_dags/plugins/workday.py took 0.014 seconds
[2024-06-04T23:47:11.648+0000] {processor.py:153} INFO - Started process (PID=3619) to work on /home/airflow/.local/lib/python3.7/site-packages/airflow/example_dags/plugins/workday.py
[2024-06-04T23:47:11.649+0000] {processor.py:743} INFO - Processing file /home/airflow/.local/lib/python3.7/site-packages/airflow/example_dags/plugins/workday.py for tasks to queue
[2024-06-04T23:47:11.649+0000] {logging_mixin.py:137} INFO - [2024-06-04T23:47:11.649+0000] {dagbag.py:538} INFO - Filling up the DagBag from /home/airflow/.local/lib/python3.7/site-packages/airflow/example_dags/plugins/workday.py
[2024-06-04T23:47:11.651+0000] {processor.py:755} WARNING - No viable dags retrieved from /home/airflow/.local/lib/python3.7/site-packages/airflow/example_dags/plugins/workday.py
[2024-06-04T23:47:11.663+0000] {processor.py:175} INFO - Processing /home/airflow/.local/lib/python3.7/site-packages/airflow/example_dags/plugins/workday.py took 0.019 seconds
[2024-06-04T23:47:42.163+0000] {processor.py:153} INFO - Started process (PID=3973) to work on /home/airflow/.local/lib/python3.7/site-packages/airflow/example_dags/plugins/workday.py
[2024-06-04T23:47:42.163+0000] {processor.py:743} INFO - Processing file /home/airflow/.local/lib/python3.7/site-packages/airflow/example_dags/plugins/workday.py for tasks to queue
[2024-06-04T23:47:42.164+0000] {logging_mixin.py:137} INFO - [2024-06-04T23:47:42.164+0000] {dagbag.py:538} INFO - Filling up the DagBag from /home/airflow/.local/lib/python3.7/site-packages/airflow/example_dags/plugins/workday.py
[2024-06-04T23:47:42.165+0000] {processor.py:755} WARNING - No viable dags retrieved from /home/airflow/.local/lib/python3.7/site-packages/airflow/example_dags/plugins/workday.py
[2024-06-04T23:47:42.175+0000] {processor.py:175} INFO - Processing /home/airflow/.local/lib/python3.7/site-packages/airflow/example_dags/plugins/workday.py took 0.015 seconds
[2024-06-04T23:48:12.429+0000] {processor.py:153} INFO - Started process (PID=4333) to work on /home/airflow/.local/lib/python3.7/site-packages/airflow/example_dags/plugins/workday.py
[2024-06-04T23:48:12.430+0000] {processor.py:743} INFO - Processing file /home/airflow/.local/lib/python3.7/site-packages/airflow/example_dags/plugins/workday.py for tasks to queue
[2024-06-04T23:48:12.430+0000] {logging_mixin.py:137} INFO - [2024-06-04T23:48:12.430+0000] {dagbag.py:538} INFO - Filling up the DagBag from /home/airflow/.local/lib/python3.7/site-packages/airflow/example_dags/plugins/workday.py
[2024-06-04T23:48:12.431+0000] {processor.py:755} WARNING - No viable dags retrieved from /home/airflow/.local/lib/python3.7/site-packages/airflow/example_dags/plugins/workday.py
[2024-06-04T23:48:12.442+0000] {processor.py:175} INFO - Processing /home/airflow/.local/lib/python3.7/site-packages/airflow/example_dags/plugins/workday.py took 0.015 seconds
[2024-06-04T23:48:42.998+0000] {processor.py:153} INFO - Started process (PID=4709) to work on /home/airflow/.local/lib/python3.7/site-packages/airflow/example_dags/plugins/workday.py
[2024-06-04T23:48:42.999+0000] {processor.py:743} INFO - Processing file /home/airflow/.local/lib/python3.7/site-packages/airflow/example_dags/plugins/workday.py for tasks to queue
[2024-06-04T23:48:43.000+0000] {logging_mixin.py:137} INFO - [2024-06-04T23:48:43.000+0000] {dagbag.py:538} INFO - Filling up the DagBag from /home/airflow/.local/lib/python3.7/site-packages/airflow/example_dags/plugins/workday.py
[2024-06-04T23:48:43.002+0000] {processor.py:755} WARNING - No viable dags retrieved from /home/airflow/.local/lib/python3.7/site-packages/airflow/example_dags/plugins/workday.py
[2024-06-04T23:48:43.022+0000] {processor.py:175} INFO - Processing /home/airflow/.local/lib/python3.7/site-packages/airflow/example_dags/plugins/workday.py took 0.028 seconds
[2024-06-04T23:49:13.899+0000] {processor.py:153} INFO - Started process (PID=5103) to work on /home/airflow/.local/lib/python3.7/site-packages/airflow/example_dags/plugins/workday.py
[2024-06-04T23:49:13.899+0000] {processor.py:743} INFO - Processing file /home/airflow/.local/lib/python3.7/site-packages/airflow/example_dags/plugins/workday.py for tasks to queue
[2024-06-04T23:49:13.900+0000] {logging_mixin.py:137} INFO - [2024-06-04T23:49:13.900+0000] {dagbag.py:538} INFO - Filling up the DagBag from /home/airflow/.local/lib/python3.7/site-packages/airflow/example_dags/plugins/workday.py
[2024-06-04T23:49:13.901+0000] {processor.py:755} WARNING - No viable dags retrieved from /home/airflow/.local/lib/python3.7/site-packages/airflow/example_dags/plugins/workday.py
[2024-06-04T23:49:13.911+0000] {processor.py:175} INFO - Processing /home/airflow/.local/lib/python3.7/site-packages/airflow/example_dags/plugins/workday.py took 0.014 seconds
[2024-06-04T23:49:44.089+0000] {processor.py:153} INFO - Started process (PID=5456) to work on /home/airflow/.local/lib/python3.7/site-packages/airflow/example_dags/plugins/workday.py
[2024-06-04T23:49:44.090+0000] {processor.py:743} INFO - Processing file /home/airflow/.local/lib/python3.7/site-packages/airflow/example_dags/plugins/workday.py for tasks to queue
[2024-06-04T23:49:44.091+0000] {logging_mixin.py:137} INFO - [2024-06-04T23:49:44.090+0000] {dagbag.py:538} INFO - Filling up the DagBag from /home/airflow/.local/lib/python3.7/site-packages/airflow/example_dags/plugins/workday.py
[2024-06-04T23:49:44.092+0000] {processor.py:755} WARNING - No viable dags retrieved from /home/airflow/.local/lib/python3.7/site-packages/airflow/example_dags/plugins/workday.py
[2024-06-04T23:49:44.105+0000] {processor.py:175} INFO - Processing /home/airflow/.local/lib/python3.7/site-packages/airflow/example_dags/plugins/workday.py took 0.018 seconds
[2024-06-04T23:50:14.405+0000] {processor.py:153} INFO - Started process (PID=5822) to work on /home/airflow/.local/lib/python3.7/site-packages/airflow/example_dags/plugins/workday.py
[2024-06-04T23:50:14.406+0000] {processor.py:743} INFO - Processing file /home/airflow/.local/lib/python3.7/site-packages/airflow/example_dags/plugins/workday.py for tasks to queue
[2024-06-04T23:50:14.407+0000] {logging_mixin.py:137} INFO - [2024-06-04T23:50:14.406+0000] {dagbag.py:538} INFO - Filling up the DagBag from /home/airflow/.local/lib/python3.7/site-packages/airflow/example_dags/plugins/workday.py
[2024-06-04T23:50:14.408+0000] {processor.py:755} WARNING - No viable dags retrieved from /home/airflow/.local/lib/python3.7/site-packages/airflow/example_dags/plugins/workday.py
[2024-06-04T23:50:14.421+0000] {processor.py:175} INFO - Processing /home/airflow/.local/lib/python3.7/site-packages/airflow/example_dags/plugins/workday.py took 0.018 seconds
[2024-06-04T23:50:44.657+0000] {processor.py:153} INFO - Started process (PID=6207) to work on /home/airflow/.local/lib/python3.7/site-packages/airflow/example_dags/plugins/workday.py
[2024-06-04T23:50:44.659+0000] {processor.py:743} INFO - Processing file /home/airflow/.local/lib/python3.7/site-packages/airflow/example_dags/plugins/workday.py for tasks to queue
[2024-06-04T23:50:44.660+0000] {logging_mixin.py:137} INFO - [2024-06-04T23:50:44.660+0000] {dagbag.py:538} INFO - Filling up the DagBag from /home/airflow/.local/lib/python3.7/site-packages/airflow/example_dags/plugins/workday.py
[2024-06-04T23:50:44.662+0000] {processor.py:755} WARNING - No viable dags retrieved from /home/airflow/.local/lib/python3.7/site-packages/airflow/example_dags/plugins/workday.py
[2024-06-04T23:50:44.680+0000] {processor.py:175} INFO - Processing /home/airflow/.local/lib/python3.7/site-packages/airflow/example_dags/plugins/workday.py took 0.026 seconds
[2024-06-04T23:51:15.599+0000] {processor.py:153} INFO - Started process (PID=6543) to work on /home/airflow/.local/lib/python3.7/site-packages/airflow/example_dags/plugins/workday.py
[2024-06-04T23:51:15.600+0000] {processor.py:743} INFO - Processing file /home/airflow/.local/lib/python3.7/site-packages/airflow/example_dags/plugins/workday.py for tasks to queue
[2024-06-04T23:51:15.600+0000] {logging_mixin.py:137} INFO - [2024-06-04T23:51:15.600+0000] {dagbag.py:538} INFO - Filling up the DagBag from /home/airflow/.local/lib/python3.7/site-packages/airflow/example_dags/plugins/workday.py
[2024-06-04T23:51:15.602+0000] {processor.py:755} WARNING - No viable dags retrieved from /home/airflow/.local/lib/python3.7/site-packages/airflow/example_dags/plugins/workday.py
[2024-06-04T23:51:15.611+0000] {processor.py:175} INFO - Processing /home/airflow/.local/lib/python3.7/site-packages/airflow/example_dags/plugins/workday.py took 0.014 seconds
[2024-06-04T23:51:45.956+0000] {processor.py:153} INFO - Started process (PID=6905) to work on /home/airflow/.local/lib/python3.7/site-packages/airflow/example_dags/plugins/workday.py
[2024-06-04T23:51:45.958+0000] {processor.py:743} INFO - Processing file /home/airflow/.local/lib/python3.7/site-packages/airflow/example_dags/plugins/workday.py for tasks to queue
[2024-06-04T23:51:45.959+0000] {logging_mixin.py:137} INFO - [2024-06-04T23:51:45.959+0000] {dagbag.py:538} INFO - Filling up the DagBag from /home/airflow/.local/lib/python3.7/site-packages/airflow/example_dags/plugins/workday.py
[2024-06-04T23:51:45.963+0000] {processor.py:755} WARNING - No viable dags retrieved from /home/airflow/.local/lib/python3.7/site-packages/airflow/example_dags/plugins/workday.py
[2024-06-04T23:51:45.980+0000] {processor.py:175} INFO - Processing /home/airflow/.local/lib/python3.7/site-packages/airflow/example_dags/plugins/workday.py took 0.028 seconds
[2024-06-04T23:52:16.879+0000] {processor.py:153} INFO - Started process (PID=7235) to work on /home/airflow/.local/lib/python3.7/site-packages/airflow/example_dags/plugins/workday.py
[2024-06-04T23:52:16.880+0000] {processor.py:743} INFO - Processing file /home/airflow/.local/lib/python3.7/site-packages/airflow/example_dags/plugins/workday.py for tasks to queue
[2024-06-04T23:52:16.880+0000] {logging_mixin.py:137} INFO - [2024-06-04T23:52:16.880+0000] {dagbag.py:538} INFO - Filling up the DagBag from /home/airflow/.local/lib/python3.7/site-packages/airflow/example_dags/plugins/workday.py
[2024-06-04T23:52:16.881+0000] {processor.py:755} WARNING - No viable dags retrieved from /home/airflow/.local/lib/python3.7/site-packages/airflow/example_dags/plugins/workday.py
[2024-06-04T23:52:16.893+0000] {processor.py:175} INFO - Processing /home/airflow/.local/lib/python3.7/site-packages/airflow/example_dags/plugins/workday.py took 0.016 seconds
[2024-06-04T23:52:47.392+0000] {processor.py:153} INFO - Started process (PID=7579) to work on /home/airflow/.local/lib/python3.7/site-packages/airflow/example_dags/plugins/workday.py
[2024-06-04T23:52:47.393+0000] {processor.py:743} INFO - Processing file /home/airflow/.local/lib/python3.7/site-packages/airflow/example_dags/plugins/workday.py for tasks to queue
[2024-06-04T23:52:47.394+0000] {logging_mixin.py:137} INFO - [2024-06-04T23:52:47.393+0000] {dagbag.py:538} INFO - Filling up the DagBag from /home/airflow/.local/lib/python3.7/site-packages/airflow/example_dags/plugins/workday.py
[2024-06-04T23:52:47.395+0000] {processor.py:755} WARNING - No viable dags retrieved from /home/airflow/.local/lib/python3.7/site-packages/airflow/example_dags/plugins/workday.py
[2024-06-04T23:52:47.408+0000] {processor.py:175} INFO - Processing /home/airflow/.local/lib/python3.7/site-packages/airflow/example_dags/plugins/workday.py took 0.018 seconds
[2024-06-04T23:53:18.085+0000] {processor.py:153} INFO - Started process (PID=7944) to work on /home/airflow/.local/lib/python3.7/site-packages/airflow/example_dags/plugins/workday.py
[2024-06-04T23:53:18.086+0000] {processor.py:743} INFO - Processing file /home/airflow/.local/lib/python3.7/site-packages/airflow/example_dags/plugins/workday.py for tasks to queue
[2024-06-04T23:53:18.086+0000] {logging_mixin.py:137} INFO - [2024-06-04T23:53:18.086+0000] {dagbag.py:538} INFO - Filling up the DagBag from /home/airflow/.local/lib/python3.7/site-packages/airflow/example_dags/plugins/workday.py
[2024-06-04T23:53:18.087+0000] {processor.py:755} WARNING - No viable dags retrieved from /home/airflow/.local/lib/python3.7/site-packages/airflow/example_dags/plugins/workday.py
[2024-06-04T23:53:18.097+0000] {processor.py:175} INFO - Processing /home/airflow/.local/lib/python3.7/site-packages/airflow/example_dags/plugins/workday.py took 0.014 seconds
[2024-06-04T23:53:48.280+0000] {processor.py:153} INFO - Started process (PID=8256) to work on /home/airflow/.local/lib/python3.7/site-packages/airflow/example_dags/plugins/workday.py
[2024-06-04T23:53:48.280+0000] {processor.py:743} INFO - Processing file /home/airflow/.local/lib/python3.7/site-packages/airflow/example_dags/plugins/workday.py for tasks to queue
[2024-06-04T23:53:48.281+0000] {logging_mixin.py:137} INFO - [2024-06-04T23:53:48.281+0000] {dagbag.py:538} INFO - Filling up the DagBag from /home/airflow/.local/lib/python3.7/site-packages/airflow/example_dags/plugins/workday.py
[2024-06-04T23:53:48.282+0000] {processor.py:755} WARNING - No viable dags retrieved from /home/airflow/.local/lib/python3.7/site-packages/airflow/example_dags/plugins/workday.py
[2024-06-04T23:53:48.293+0000] {processor.py:175} INFO - Processing /home/airflow/.local/lib/python3.7/site-packages/airflow/example_dags/plugins/workday.py took 0.016 seconds
[2024-06-04T23:54:18.505+0000] {processor.py:153} INFO - Started process (PID=8586) to work on /home/airflow/.local/lib/python3.7/site-packages/airflow/example_dags/plugins/workday.py
[2024-06-04T23:54:18.506+0000] {processor.py:743} INFO - Processing file /home/airflow/.local/lib/python3.7/site-packages/airflow/example_dags/plugins/workday.py for tasks to queue
[2024-06-04T23:54:18.506+0000] {logging_mixin.py:137} INFO - [2024-06-04T23:54:18.506+0000] {dagbag.py:538} INFO - Filling up the DagBag from /home/airflow/.local/lib/python3.7/site-packages/airflow/example_dags/plugins/workday.py
[2024-06-04T23:54:18.507+0000] {processor.py:755} WARNING - No viable dags retrieved from /home/airflow/.local/lib/python3.7/site-packages/airflow/example_dags/plugins/workday.py
[2024-06-04T23:54:18.521+0000] {processor.py:175} INFO - Processing /home/airflow/.local/lib/python3.7/site-packages/airflow/example_dags/plugins/workday.py took 0.018 seconds
[2024-06-04T23:54:49.454+0000] {processor.py:153} INFO - Started process (PID=8692) to work on /home/airflow/.local/lib/python3.7/site-packages/airflow/example_dags/plugins/workday.py
[2024-06-04T23:54:49.455+0000] {processor.py:743} INFO - Processing file /home/airflow/.local/lib/python3.7/site-packages/airflow/example_dags/plugins/workday.py for tasks to queue
[2024-06-04T23:54:49.455+0000] {logging_mixin.py:137} INFO - [2024-06-04T23:54:49.455+0000] {dagbag.py:538} INFO - Filling up the DagBag from /home/airflow/.local/lib/python3.7/site-packages/airflow/example_dags/plugins/workday.py
[2024-06-04T23:54:49.456+0000] {processor.py:755} WARNING - No viable dags retrieved from /home/airflow/.local/lib/python3.7/site-packages/airflow/example_dags/plugins/workday.py
[2024-06-04T23:54:49.467+0000] {processor.py:175} INFO - Processing /home/airflow/.local/lib/python3.7/site-packages/airflow/example_dags/plugins/workday.py took 0.015 seconds
[2024-06-04T23:55:20.215+0000] {processor.py:153} INFO - Started process (PID=8808) to work on /home/airflow/.local/lib/python3.7/site-packages/airflow/example_dags/plugins/workday.py
[2024-06-04T23:55:20.215+0000] {processor.py:743} INFO - Processing file /home/airflow/.local/lib/python3.7/site-packages/airflow/example_dags/plugins/workday.py for tasks to queue
[2024-06-04T23:55:20.216+0000] {logging_mixin.py:137} INFO - [2024-06-04T23:55:20.216+0000] {dagbag.py:538} INFO - Filling up the DagBag from /home/airflow/.local/lib/python3.7/site-packages/airflow/example_dags/plugins/workday.py
[2024-06-04T23:55:20.217+0000] {processor.py:755} WARNING - No viable dags retrieved from /home/airflow/.local/lib/python3.7/site-packages/airflow/example_dags/plugins/workday.py
[2024-06-04T23:55:20.227+0000] {processor.py:175} INFO - Processing /home/airflow/.local/lib/python3.7/site-packages/airflow/example_dags/plugins/workday.py took 0.014 seconds
[2024-06-04T23:55:51.172+0000] {processor.py:153} INFO - Started process (PID=8904) to work on /home/airflow/.local/lib/python3.7/site-packages/airflow/example_dags/plugins/workday.py
[2024-06-04T23:55:51.173+0000] {processor.py:743} INFO - Processing file /home/airflow/.local/lib/python3.7/site-packages/airflow/example_dags/plugins/workday.py for tasks to queue
[2024-06-04T23:55:51.174+0000] {logging_mixin.py:137} INFO - [2024-06-04T23:55:51.174+0000] {dagbag.py:538} INFO - Filling up the DagBag from /home/airflow/.local/lib/python3.7/site-packages/airflow/example_dags/plugins/workday.py
[2024-06-04T23:55:51.176+0000] {processor.py:755} WARNING - No viable dags retrieved from /home/airflow/.local/lib/python3.7/site-packages/airflow/example_dags/plugins/workday.py
[2024-06-04T23:55:51.190+0000] {processor.py:175} INFO - Processing /home/airflow/.local/lib/python3.7/site-packages/airflow/example_dags/plugins/workday.py took 0.021 seconds
[2024-06-04T23:56:21.312+0000] {processor.py:153} INFO - Started process (PID=9014) to work on /home/airflow/.local/lib/python3.7/site-packages/airflow/example_dags/plugins/workday.py
[2024-06-04T23:56:21.313+0000] {processor.py:743} INFO - Processing file /home/airflow/.local/lib/python3.7/site-packages/airflow/example_dags/plugins/workday.py for tasks to queue
[2024-06-04T23:56:21.313+0000] {logging_mixin.py:137} INFO - [2024-06-04T23:56:21.313+0000] {dagbag.py:538} INFO - Filling up the DagBag from /home/airflow/.local/lib/python3.7/site-packages/airflow/example_dags/plugins/workday.py
[2024-06-04T23:56:21.314+0000] {processor.py:755} WARNING - No viable dags retrieved from /home/airflow/.local/lib/python3.7/site-packages/airflow/example_dags/plugins/workday.py
[2024-06-04T23:56:21.325+0000] {processor.py:175} INFO - Processing /home/airflow/.local/lib/python3.7/site-packages/airflow/example_dags/plugins/workday.py took 0.015 seconds
[2024-06-04T23:56:51.515+0000] {processor.py:153} INFO - Started process (PID=9146) to work on /home/airflow/.local/lib/python3.7/site-packages/airflow/example_dags/plugins/workday.py
[2024-06-04T23:56:51.516+0000] {processor.py:743} INFO - Processing file /home/airflow/.local/lib/python3.7/site-packages/airflow/example_dags/plugins/workday.py for tasks to queue
[2024-06-04T23:56:51.516+0000] {logging_mixin.py:137} INFO - [2024-06-04T23:56:51.516+0000] {dagbag.py:538} INFO - Filling up the DagBag from /home/airflow/.local/lib/python3.7/site-packages/airflow/example_dags/plugins/workday.py
[2024-06-04T23:56:51.517+0000] {processor.py:755} WARNING - No viable dags retrieved from /home/airflow/.local/lib/python3.7/site-packages/airflow/example_dags/plugins/workday.py
[2024-06-04T23:56:51.527+0000] {processor.py:175} INFO - Processing /home/airflow/.local/lib/python3.7/site-packages/airflow/example_dags/plugins/workday.py took 0.015 seconds
[2024-06-04T23:57:22.338+0000] {processor.py:153} INFO - Started process (PID=9239) to work on /home/airflow/.local/lib/python3.7/site-packages/airflow/example_dags/plugins/workday.py
[2024-06-04T23:57:22.338+0000] {processor.py:743} INFO - Processing file /home/airflow/.local/lib/python3.7/site-packages/airflow/example_dags/plugins/workday.py for tasks to queue
[2024-06-04T23:57:22.339+0000] {logging_mixin.py:137} INFO - [2024-06-04T23:57:22.339+0000] {dagbag.py:538} INFO - Filling up the DagBag from /home/airflow/.local/lib/python3.7/site-packages/airflow/example_dags/plugins/workday.py
[2024-06-04T23:57:22.340+0000] {processor.py:755} WARNING - No viable dags retrieved from /home/airflow/.local/lib/python3.7/site-packages/airflow/example_dags/plugins/workday.py
[2024-06-04T23:57:22.350+0000] {processor.py:175} INFO - Processing /home/airflow/.local/lib/python3.7/site-packages/airflow/example_dags/plugins/workday.py took 0.014 seconds
[2024-06-04T23:57:52.572+0000] {processor.py:153} INFO - Started process (PID=9350) to work on /home/airflow/.local/lib/python3.7/site-packages/airflow/example_dags/plugins/workday.py
[2024-06-04T23:57:52.573+0000] {processor.py:743} INFO - Processing file /home/airflow/.local/lib/python3.7/site-packages/airflow/example_dags/plugins/workday.py for tasks to queue
[2024-06-04T23:57:52.573+0000] {logging_mixin.py:137} INFO - [2024-06-04T23:57:52.573+0000] {dagbag.py:538} INFO - Filling up the DagBag from /home/airflow/.local/lib/python3.7/site-packages/airflow/example_dags/plugins/workday.py
[2024-06-04T23:57:52.575+0000] {processor.py:755} WARNING - No viable dags retrieved from /home/airflow/.local/lib/python3.7/site-packages/airflow/example_dags/plugins/workday.py
[2024-06-04T23:57:52.588+0000] {processor.py:175} INFO - Processing /home/airflow/.local/lib/python3.7/site-packages/airflow/example_dags/plugins/workday.py took 0.020 seconds
[2024-06-04T23:58:23.423+0000] {processor.py:153} INFO - Started process (PID=9446) to work on /home/airflow/.local/lib/python3.7/site-packages/airflow/example_dags/plugins/workday.py
[2024-06-04T23:58:23.424+0000] {processor.py:743} INFO - Processing file /home/airflow/.local/lib/python3.7/site-packages/airflow/example_dags/plugins/workday.py for tasks to queue
[2024-06-04T23:58:23.424+0000] {logging_mixin.py:137} INFO - [2024-06-04T23:58:23.424+0000] {dagbag.py:538} INFO - Filling up the DagBag from /home/airflow/.local/lib/python3.7/site-packages/airflow/example_dags/plugins/workday.py
[2024-06-04T23:58:23.425+0000] {processor.py:755} WARNING - No viable dags retrieved from /home/airflow/.local/lib/python3.7/site-packages/airflow/example_dags/plugins/workday.py
[2024-06-04T23:58:23.434+0000] {processor.py:175} INFO - Processing /home/airflow/.local/lib/python3.7/site-packages/airflow/example_dags/plugins/workday.py took 0.013 seconds
[2024-06-04T23:58:53.708+0000] {processor.py:153} INFO - Started process (PID=9557) to work on /home/airflow/.local/lib/python3.7/site-packages/airflow/example_dags/plugins/workday.py
[2024-06-04T23:58:53.708+0000] {processor.py:743} INFO - Processing file /home/airflow/.local/lib/python3.7/site-packages/airflow/example_dags/plugins/workday.py for tasks to queue
[2024-06-04T23:58:53.708+0000] {logging_mixin.py:137} INFO - [2024-06-04T23:58:53.708+0000] {dagbag.py:538} INFO - Filling up the DagBag from /home/airflow/.local/lib/python3.7/site-packages/airflow/example_dags/plugins/workday.py
[2024-06-04T23:58:53.709+0000] {processor.py:755} WARNING - No viable dags retrieved from /home/airflow/.local/lib/python3.7/site-packages/airflow/example_dags/plugins/workday.py
[2024-06-04T23:58:53.719+0000] {processor.py:175} INFO - Processing /home/airflow/.local/lib/python3.7/site-packages/airflow/example_dags/plugins/workday.py took 0.014 seconds
[2024-06-04T23:59:24.486+0000] {processor.py:153} INFO - Started process (PID=9673) to work on /home/airflow/.local/lib/python3.7/site-packages/airflow/example_dags/plugins/workday.py
[2024-06-04T23:59:24.487+0000] {processor.py:743} INFO - Processing file /home/airflow/.local/lib/python3.7/site-packages/airflow/example_dags/plugins/workday.py for tasks to queue
[2024-06-04T23:59:24.487+0000] {logging_mixin.py:137} INFO - [2024-06-04T23:59:24.487+0000] {dagbag.py:538} INFO - Filling up the DagBag from /home/airflow/.local/lib/python3.7/site-packages/airflow/example_dags/plugins/workday.py
[2024-06-04T23:59:24.488+0000] {processor.py:755} WARNING - No viable dags retrieved from /home/airflow/.local/lib/python3.7/site-packages/airflow/example_dags/plugins/workday.py
[2024-06-04T23:59:24.498+0000] {processor.py:175} INFO - Processing /home/airflow/.local/lib/python3.7/site-packages/airflow/example_dags/plugins/workday.py took 0.013 seconds
[2024-06-04T23:59:55.238+0000] {processor.py:153} INFO - Started process (PID=9760) to work on /home/airflow/.local/lib/python3.7/site-packages/airflow/example_dags/plugins/workday.py
[2024-06-04T23:59:55.239+0000] {processor.py:743} INFO - Processing file /home/airflow/.local/lib/python3.7/site-packages/airflow/example_dags/plugins/workday.py for tasks to queue
[2024-06-04T23:59:55.239+0000] {logging_mixin.py:137} INFO - [2024-06-04T23:59:55.239+0000] {dagbag.py:538} INFO - Filling up the DagBag from /home/airflow/.local/lib/python3.7/site-packages/airflow/example_dags/plugins/workday.py
[2024-06-04T23:59:55.240+0000] {processor.py:755} WARNING - No viable dags retrieved from /home/airflow/.local/lib/python3.7/site-packages/airflow/example_dags/plugins/workday.py
[2024-06-04T23:59:55.249+0000] {processor.py:175} INFO - Processing /home/airflow/.local/lib/python3.7/site-packages/airflow/example_dags/plugins/workday.py took 0.013 seconds
