[2024-06-07T11:46:14.527+0000] {taskinstance.py:1083} INFO - Dependencies all met for <TaskInstance: example_bash_operator.runme_1 scheduled__2024-06-06T00:00:00+00:00 [queued]>
[2024-06-07T11:46:14.539+0000] {taskinstance.py:1083} INFO - Dependencies all met for <TaskInstance: example_bash_operator.runme_1 scheduled__2024-06-06T00:00:00+00:00 [queued]>
[2024-06-07T11:46:14.539+0000] {taskinstance.py:1279} INFO - 
--------------------------------------------------------------------------------
[2024-06-07T11:46:14.539+0000] {taskinstance.py:1280} INFO - Starting attempt 1 of 1
[2024-06-07T11:46:14.539+0000] {taskinstance.py:1281} INFO - 
--------------------------------------------------------------------------------
[2024-06-07T11:46:14.562+0000] {taskinstance.py:1300} INFO - Executing <Task(BashOperator): runme_1> on 2024-06-06 00:00:00+00:00
[2024-06-07T11:46:14.572+0000] {standard_task_runner.py:55} INFO - Started process 124 to run task
[2024-06-07T11:46:14.574+0000] {standard_task_runner.py:82} INFO - Running: ['***', 'tasks', 'run', 'example_bash_operator', 'runme_1', 'scheduled__2024-06-06T00:00:00+00:00', '--job-id', '9680', '--raw', '--subdir', '/home/***/.local/lib/python3.7/site-packages/***/example_dags/example_bash_operator.py', '--cfg-path', '/tmp/tmpauci35mq']
[2024-06-07T11:46:14.575+0000] {standard_task_runner.py:83} INFO - Job 9680: Subtask runme_1
[2024-06-07T11:46:14.672+0000] {task_command.py:388} INFO - Running <TaskInstance: example_bash_operator.runme_1 scheduled__2024-06-06T00:00:00+00:00 [running]> on host 27113cccce1f
[2024-06-07T11:46:14.771+0000] {taskinstance.py:1509} INFO - Exporting the following env vars:
AIRFLOW_CTX_DAG_OWNER=***
AIRFLOW_CTX_DAG_ID=example_bash_operator
AIRFLOW_CTX_TASK_ID=runme_1
AIRFLOW_CTX_EXECUTION_DATE=2024-06-06T00:00:00+00:00
AIRFLOW_CTX_TRY_NUMBER=1
AIRFLOW_CTX_DAG_RUN_ID=scheduled__2024-06-06T00:00:00+00:00
[2024-06-07T11:46:14.772+0000] {subprocess.py:63} INFO - Tmp dir root location: 
 /tmp
[2024-06-07T11:46:14.773+0000] {subprocess.py:75} INFO - Running command: ['/bin/bash', '-c', 'echo "example_bash_operator__runme_1__20240606" && sleep 1']
[2024-06-07T11:46:14.794+0000] {subprocess.py:86} INFO - Output:
[2024-06-07T11:46:14.797+0000] {subprocess.py:93} INFO - example_bash_operator__runme_1__20240606
[2024-06-07T11:46:15.801+0000] {subprocess.py:97} INFO - Command exited with return code 0
[2024-06-07T11:46:15.848+0000] {taskinstance.py:1323} INFO - Marking task as SUCCESS. dag_id=example_bash_operator, task_id=runme_1, execution_date=20240606T000000, start_date=20240607T114614, end_date=20240607T114615
[2024-06-07T11:46:15.886+0000] {local_task_job.py:208} INFO - Task exited with return code 0
[2024-06-07T11:46:15.949+0000] {taskinstance.py:2578} INFO - 0 downstream tasks scheduled from follow-on schedule check
