[2024-06-16T13:38:39.494+0000] {taskinstance.py:1083} INFO - Dependencies all met for <TaskInstance: example_sla_dag.sleep_20 scheduled__2024-06-16T04:48:00+00:00 [queued]>
[2024-06-16T13:38:39.506+0000] {taskinstance.py:1083} INFO - Dependencies all met for <TaskInstance: example_sla_dag.sleep_20 scheduled__2024-06-16T04:48:00+00:00 [queued]>
[2024-06-16T13:38:39.507+0000] {taskinstance.py:1279} INFO - 
--------------------------------------------------------------------------------
[2024-06-16T13:38:39.507+0000] {taskinstance.py:1280} INFO - Starting attempt 1 of 1
[2024-06-16T13:38:39.508+0000] {taskinstance.py:1281} INFO - 
--------------------------------------------------------------------------------
[2024-06-16T13:38:39.531+0000] {taskinstance.py:1300} INFO - Executing <Task(_PythonDecoratedOperator): sleep_20> on 2024-06-16 04:48:00+00:00
[2024-06-16T13:38:39.541+0000] {standard_task_runner.py:55} INFO - Started process 127 to run task
[2024-06-16T13:38:39.546+0000] {standard_task_runner.py:82} INFO - Running: ['***', 'tasks', 'run', 'example_sla_dag', 'sleep_20', 'scheduled__2024-06-16T04:48:00+00:00', '--job-id', '32970', '--raw', '--subdir', '/home/***/.local/lib/python3.7/site-packages/***/example_dags/example_sla_dag.py', '--cfg-path', '/tmp/tmp_dv5iwn3']
[2024-06-16T13:38:39.546+0000] {standard_task_runner.py:83} INFO - Job 32970: Subtask sleep_20
[2024-06-16T13:38:39.633+0000] {task_command.py:388} INFO - Running <TaskInstance: example_sla_dag.sleep_20 scheduled__2024-06-16T04:48:00+00:00 [running]> on host 1caec24182a1
[2024-06-16T13:38:39.738+0000] {taskinstance.py:1509} INFO - Exporting the following env vars:
AIRFLOW_CTX_DAG_EMAIL=email@example.com
AIRFLOW_CTX_DAG_OWNER=***
AIRFLOW_CTX_DAG_ID=example_sla_dag
AIRFLOW_CTX_TASK_ID=sleep_20
AIRFLOW_CTX_EXECUTION_DATE=2024-06-16T04:48:00+00:00
AIRFLOW_CTX_TRY_NUMBER=1
AIRFLOW_CTX_DAG_RUN_ID=scheduled__2024-06-16T04:48:00+00:00
[2024-06-16T13:38:43.164+0000] {taskinstance.py:1077} INFO - Dependencies not met for <TaskInstance: example_sla_dag.sleep_20 scheduled__2024-06-16T04:48:00+00:00 [running]>, dependency 'Task Instance State' FAILED: Task is in the 'running' state.
[2024-06-16T13:38:43.165+0000] {taskinstance.py:1077} INFO - Dependencies not met for <TaskInstance: example_sla_dag.sleep_20 scheduled__2024-06-16T04:48:00+00:00 [running]>, dependency 'Task Instance Not Running' FAILED: Task is in the running state
[2024-06-16T13:38:43.174+0000] {local_task_job.py:147} INFO - Task is not able to be run
[2024-06-16T13:38:59.759+0000] {python.py:177} INFO - Done. Returned value was: None
[2024-06-16T13:38:59.767+0000] {taskinstance.py:1323} INFO - Marking task as SUCCESS. dag_id=example_sla_dag, task_id=sleep_20, execution_date=20240616T044800, start_date=20240616T133839, end_date=20240616T133859
[2024-06-16T13:38:59.807+0000] {local_task_job.py:208} INFO - Task exited with return code 0
[2024-06-16T13:38:59.959+0000] {taskinstance.py:2578} INFO - 0 downstream tasks scheduled from follow-on schedule check
