[2024-06-15T20:40:21.833+0000] {taskinstance.py:1083} INFO - Dependencies all met for <TaskInstance: example_sla_dag.sleep_30 scheduled__2024-06-15T20:38:00+00:00 [queued]>
[2024-06-15T20:40:21.838+0000] {taskinstance.py:1083} INFO - Dependencies all met for <TaskInstance: example_sla_dag.sleep_30 scheduled__2024-06-15T20:38:00+00:00 [queued]>
[2024-06-15T20:40:21.838+0000] {taskinstance.py:1279} INFO - 
--------------------------------------------------------------------------------
[2024-06-15T20:40:21.839+0000] {taskinstance.py:1280} INFO - Starting attempt 1 of 1
[2024-06-15T20:40:21.839+0000] {taskinstance.py:1281} INFO - 
--------------------------------------------------------------------------------
[2024-06-15T20:40:21.848+0000] {taskinstance.py:1300} INFO - Executing <Task(_PythonDecoratedOperator): sleep_30> on 2024-06-15 20:38:00+00:00
[2024-06-15T20:40:21.854+0000] {standard_task_runner.py:55} INFO - Started process 53056 to run task
[2024-06-15T20:40:21.856+0000] {standard_task_runner.py:82} INFO - Running: ['***', 'tasks', 'run', 'example_sla_dag', 'sleep_30', 'scheduled__2024-06-15T20:38:00+00:00', '--job-id', '30523', '--raw', '--subdir', '/home/***/.local/lib/python3.7/site-packages/***/example_dags/example_sla_dag.py', '--cfg-path', '/tmp/tmp_1a_p2th']
[2024-06-15T20:40:21.856+0000] {standard_task_runner.py:83} INFO - Job 30523: Subtask sleep_30
[2024-06-15T20:40:21.901+0000] {task_command.py:388} INFO - Running <TaskInstance: example_sla_dag.sleep_30 scheduled__2024-06-15T20:38:00+00:00 [running]> on host 27113cccce1f
[2024-06-15T20:40:21.949+0000] {taskinstance.py:1509} INFO - Exporting the following env vars:
AIRFLOW_CTX_DAG_EMAIL=email@example.com
AIRFLOW_CTX_DAG_OWNER=***
AIRFLOW_CTX_DAG_ID=example_sla_dag
AIRFLOW_CTX_TASK_ID=sleep_30
AIRFLOW_CTX_EXECUTION_DATE=2024-06-15T20:38:00+00:00
AIRFLOW_CTX_TRY_NUMBER=1
AIRFLOW_CTX_DAG_RUN_ID=scheduled__2024-06-15T20:38:00+00:00
[2024-06-15T20:40:51.973+0000] {python.py:177} INFO - Done. Returned value was: None
[2024-06-15T20:40:51.983+0000] {taskinstance.py:1323} INFO - Marking task as SUCCESS. dag_id=example_sla_dag, task_id=sleep_30, execution_date=20240615T203800, start_date=20240615T204021, end_date=20240615T204051
[2024-06-15T20:40:52.002+0000] {local_task_job.py:208} INFO - Task exited with return code 0
[2024-06-15T20:40:52.014+0000] {taskinstance.py:2578} INFO - 0 downstream tasks scheduled from follow-on schedule check
