[2024-06-04T23:48:56.750+0000] {taskinstance.py:1083} INFO - Dependencies all met for <TaskInstance: example_xcom.pull_value_from_bash_push scheduled__2021-01-01T00:00:00+00:00 [queued]>
[2024-06-04T23:48:56.761+0000] {taskinstance.py:1083} INFO - Dependencies all met for <TaskInstance: example_xcom.pull_value_from_bash_push scheduled__2021-01-01T00:00:00+00:00 [queued]>
[2024-06-04T23:48:56.761+0000] {taskinstance.py:1279} INFO - 
--------------------------------------------------------------------------------
[2024-06-04T23:48:56.761+0000] {taskinstance.py:1280} INFO - Starting attempt 1 of 1
[2024-06-04T23:48:56.761+0000] {taskinstance.py:1281} INFO - 
--------------------------------------------------------------------------------
[2024-06-04T23:48:56.779+0000] {taskinstance.py:1300} INFO - Executing <Task(_PythonDecoratedOperator): pull_value_from_bash_push> on 2021-01-01 00:00:00+00:00
[2024-06-04T23:48:56.786+0000] {standard_task_runner.py:55} INFO - Started process 4780 to run task
[2024-06-04T23:48:56.788+0000] {standard_task_runner.py:82} INFO - Running: ['***', 'tasks', 'run', 'example_xcom', 'pull_value_from_bash_push', 'scheduled__2021-01-01T00:00:00+00:00', '--job-id', '1646', '--raw', '--subdir', '/home/***/.local/lib/python3.7/site-packages/***/example_dags/example_xcom.py', '--cfg-path', '/tmp/tmp18yo_t3s']
[2024-06-04T23:48:56.788+0000] {standard_task_runner.py:83} INFO - Job 1646: Subtask pull_value_from_bash_push
[2024-06-04T23:48:56.858+0000] {task_command.py:388} INFO - Running <TaskInstance: example_xcom.pull_value_from_bash_push scheduled__2021-01-01T00:00:00+00:00 [running]> on host 27113cccce1f
[2024-06-04T23:48:56.951+0000] {taskinstance.py:1509} INFO - Exporting the following env vars:
AIRFLOW_CTX_DAG_OWNER=***
AIRFLOW_CTX_DAG_ID=example_xcom
AIRFLOW_CTX_TASK_ID=pull_value_from_bash_push
AIRFLOW_CTX_EXECUTION_DATE=2021-01-01T00:00:00+00:00
AIRFLOW_CTX_TRY_NUMBER=1
AIRFLOW_CTX_DAG_RUN_ID=scheduled__2021-01-01T00:00:00+00:00
[2024-06-04T23:48:56.978+0000] {logging_mixin.py:137} INFO - The xcom value pushed by task push via return value is value_by_return
[2024-06-04T23:48:56.978+0000] {logging_mixin.py:137} INFO - The xcom value pushed by task push manually is manually_pushed_value
[2024-06-04T23:48:56.978+0000] {python.py:177} INFO - Done. Returned value was: None
[2024-06-04T23:48:56.994+0000] {taskinstance.py:1323} INFO - Marking task as SUCCESS. dag_id=example_xcom, task_id=pull_value_from_bash_push, execution_date=20210101T000000, start_date=20240604T234856, end_date=20240604T234856
[2024-06-04T23:48:57.040+0000] {local_task_job.py:208} INFO - Task exited with return code 0
[2024-06-04T23:48:57.061+0000] {taskinstance.py:2578} INFO - 0 downstream tasks scheduled from follow-on schedule check
