[2024-06-14T12:30:49.523+0000] {taskinstance.py:1077} INFO - Dependencies not met for <TaskInstance: example_sla_dag.sleep_20 scheduled__2024-06-12T20:54:00+00:00 [scheduled]>, dependency 'Task Instance State' FAILED: Task is in the 'scheduled' state.
[2024-06-14T12:30:49.534+0000] {local_task_job.py:147} INFO - Task is not able to be run
[2024-06-14T12:30:53.364+0000] {taskinstance.py:1077} INFO - Dependencies not met for <TaskInstance: example_sla_dag.sleep_20 scheduled__2024-06-12T20:54:00+00:00 [scheduled]>, dependency 'Task Instance State' FAILED: Task is in the 'scheduled' state.
[2024-06-14T12:30:53.378+0000] {local_task_job.py:147} INFO - Task is not able to be run
[2024-06-14T12:30:55.491+0000] {taskinstance.py:1077} INFO - Dependencies not met for <TaskInstance: example_sla_dag.sleep_20 scheduled__2024-06-12T20:54:00+00:00 [scheduled]>, dependency 'Task Instance State' FAILED: Task is in the 'scheduled' state.
[2024-06-14T12:30:55.522+0000] {local_task_job.py:147} INFO - Task is not able to be run
[2024-06-14T12:30:56.850+0000] {taskinstance.py:1077} INFO - Dependencies not met for <TaskInstance: example_sla_dag.sleep_20 scheduled__2024-06-12T20:54:00+00:00 [scheduled]>, dependency 'Task Instance State' FAILED: Task is in the 'scheduled' state.
[2024-06-14T12:30:56.865+0000] {local_task_job.py:147} INFO - Task is not able to be run
[2024-06-14T12:31:02.535+0000] {taskinstance.py:1083} INFO - Dependencies all met for <TaskInstance: example_sla_dag.sleep_20 scheduled__2024-06-12T20:54:00+00:00 [queued]>
[2024-06-14T12:31:02.548+0000] {taskinstance.py:1083} INFO - Dependencies all met for <TaskInstance: example_sla_dag.sleep_20 scheduled__2024-06-12T20:54:00+00:00 [queued]>
[2024-06-14T12:31:02.549+0000] {taskinstance.py:1279} INFO - 
--------------------------------------------------------------------------------
[2024-06-14T12:31:02.549+0000] {taskinstance.py:1280} INFO - Starting attempt 1 of 1
[2024-06-14T12:31:02.549+0000] {taskinstance.py:1281} INFO - 
--------------------------------------------------------------------------------
[2024-06-14T12:31:02.570+0000] {taskinstance.py:1300} INFO - Executing <Task(_PythonDecoratedOperator): sleep_20> on 2024-06-12 20:54:00+00:00
[2024-06-14T12:31:02.579+0000] {standard_task_runner.py:55} INFO - Started process 367 to run task
[2024-06-14T12:31:02.588+0000] {standard_task_runner.py:82} INFO - Running: ['***', 'tasks', 'run', 'example_sla_dag', 'sleep_20', 'scheduled__2024-06-12T20:54:00+00:00', '--job-id', '24582', '--raw', '--subdir', '/home/***/.local/lib/python3.7/site-packages/***/example_dags/example_sla_dag.py', '--cfg-path', '/tmp/tmpyqewkyg6']
[2024-06-14T12:31:02.589+0000] {standard_task_runner.py:83} INFO - Job 24582: Subtask sleep_20
[2024-06-14T12:31:02.706+0000] {task_command.py:388} INFO - Running <TaskInstance: example_sla_dag.sleep_20 scheduled__2024-06-12T20:54:00+00:00 [running]> on host 27113cccce1f
[2024-06-14T12:31:02.829+0000] {taskinstance.py:1509} INFO - Exporting the following env vars:
AIRFLOW_CTX_DAG_EMAIL=email@example.com
AIRFLOW_CTX_DAG_OWNER=***
AIRFLOW_CTX_DAG_ID=example_sla_dag
AIRFLOW_CTX_TASK_ID=sleep_20
AIRFLOW_CTX_EXECUTION_DATE=2024-06-12T20:54:00+00:00
AIRFLOW_CTX_TRY_NUMBER=1
AIRFLOW_CTX_DAG_RUN_ID=scheduled__2024-06-12T20:54:00+00:00
[2024-06-14T12:31:22.845+0000] {python.py:177} INFO - Done. Returned value was: None
[2024-06-14T12:31:22.853+0000] {taskinstance.py:1323} INFO - Marking task as SUCCESS. dag_id=example_sla_dag, task_id=sleep_20, execution_date=20240612T205400, start_date=20240614T123102, end_date=20240614T123122
[2024-06-14T12:31:22.893+0000] {local_task_job.py:208} INFO - Task exited with return code 0
[2024-06-14T12:31:22.907+0000] {taskinstance.py:2578} INFO - 1 downstream tasks scheduled from follow-on schedule check
