[2024-06-16T14:04:18.876+0000] {taskinstance.py:1083} INFO - Dependencies all met for <TaskInstance: process_data_dag.send_data_to_database manual__2024-06-16T14:03:46+00:00 [queued]>
[2024-06-16T14:04:18.882+0000] {taskinstance.py:1083} INFO - Dependencies all met for <TaskInstance: process_data_dag.send_data_to_database manual__2024-06-16T14:03:46+00:00 [queued]>
[2024-06-16T14:04:18.882+0000] {taskinstance.py:1279} INFO - 
--------------------------------------------------------------------------------
[2024-06-16T14:04:18.882+0000] {taskinstance.py:1280} INFO - Starting attempt 1 of 2
[2024-06-16T14:04:18.882+0000] {taskinstance.py:1281} INFO - 
--------------------------------------------------------------------------------
[2024-06-16T14:04:18.892+0000] {taskinstance.py:1300} INFO - Executing <Task(PythonOperator): send_data_to_database> on 2024-06-16 14:03:46+00:00
[2024-06-16T14:04:18.899+0000] {standard_task_runner.py:55} INFO - Started process 1710 to run task
[2024-06-16T14:04:18.901+0000] {standard_task_runner.py:82} INFO - Running: ['***', 'tasks', 'run', 'process_data_dag', 'send_data_to_database', 'manual__2024-06-16T14:03:46+00:00', '--job-id', '33266', '--raw', '--subdir', 'DAGS_FOLDER/process_data.py', '--cfg-path', '/tmp/tmp5zfbe8eb']
[2024-06-16T14:04:18.902+0000] {standard_task_runner.py:83} INFO - Job 33266: Subtask send_data_to_database
[2024-06-16T14:04:18.944+0000] {task_command.py:388} INFO - Running <TaskInstance: process_data_dag.send_data_to_database manual__2024-06-16T14:03:46+00:00 [running]> on host 01364b699017
[2024-06-16T14:04:18.992+0000] {taskinstance.py:1509} INFO - Exporting the following env vars:
AIRFLOW_CTX_DAG_OWNER=***
AIRFLOW_CTX_DAG_ID=process_data_dag
AIRFLOW_CTX_TASK_ID=send_data_to_database
AIRFLOW_CTX_EXECUTION_DATE=2024-06-16T14:03:46+00:00
AIRFLOW_CTX_TRY_NUMBER=1
AIRFLOW_CTX_DAG_RUN_ID=manual__2024-06-16T14:03:46+00:00
[2024-06-16T14:04:19.047+0000] {logging_mixin.py:137} INFO - Table tempo_cidades loaded successfully
[2024-06-16T14:04:19.054+0000] {logging_mixin.py:137} INFO - Table rota_trafego loaded successfully
[2024-06-16T14:04:19.054+0000] {python.py:177} INFO - Done. Returned value was: None
[2024-06-16T14:04:19.061+0000] {taskinstance.py:1323} INFO - Marking task as SUCCESS. dag_id=process_data_dag, task_id=send_data_to_database, execution_date=20240616T140346, start_date=20240616T140418, end_date=20240616T140419
[2024-06-16T14:04:19.113+0000] {local_task_job.py:208} INFO - Task exited with return code 0
[2024-06-16T14:04:19.131+0000] {taskinstance.py:2578} INFO - 1 downstream tasks scheduled from follow-on schedule check
