[2024-06-16T02:33:54.303+0000] {taskinstance.py:1083} INFO - Dependencies all met for <TaskInstance: process_data_dag.fetch_and_save_data manual__2024-06-16T02:33:53.001239+00:00 [queued]>
[2024-06-16T02:33:54.308+0000] {taskinstance.py:1083} INFO - Dependencies all met for <TaskInstance: process_data_dag.fetch_and_save_data manual__2024-06-16T02:33:53.001239+00:00 [queued]>
[2024-06-16T02:33:54.308+0000] {taskinstance.py:1279} INFO - 
--------------------------------------------------------------------------------
[2024-06-16T02:33:54.308+0000] {taskinstance.py:1280} INFO - Starting attempt 1 of 2
[2024-06-16T02:33:54.308+0000] {taskinstance.py:1281} INFO - 
--------------------------------------------------------------------------------
[2024-06-16T02:33:54.318+0000] {taskinstance.py:1300} INFO - Executing <Task(PythonOperator): fetch_and_save_data> on 2024-06-16 02:33:53.001239+00:00
[2024-06-16T02:33:54.325+0000] {standard_task_runner.py:55} INFO - Started process 4164 to run task
[2024-06-16T02:33:54.327+0000] {standard_task_runner.py:82} INFO - Running: ['***', 'tasks', 'run', 'process_data_dag', 'fetch_and_save_data', 'manual__2024-06-16T02:33:53.001239+00:00', '--job-id', '32374', '--raw', '--subdir', 'DAGS_FOLDER/process_data.py', '--cfg-path', '/tmp/tmpv3mfoe4g']
[2024-06-16T02:33:54.327+0000] {standard_task_runner.py:83} INFO - Job 32374: Subtask fetch_and_save_data
[2024-06-16T02:33:54.367+0000] {task_command.py:388} INFO - Running <TaskInstance: process_data_dag.fetch_and_save_data manual__2024-06-16T02:33:53.001239+00:00 [running]> on host d460cb06525f
[2024-06-16T02:33:54.415+0000] {taskinstance.py:1509} INFO - Exporting the following env vars:
AIRFLOW_CTX_DAG_OWNER=***
AIRFLOW_CTX_DAG_ID=process_data_dag
AIRFLOW_CTX_TASK_ID=fetch_and_save_data
AIRFLOW_CTX_EXECUTION_DATE=2024-06-16T02:33:53.001239+00:00
AIRFLOW_CTX_TRY_NUMBER=1
AIRFLOW_CTX_DAG_RUN_ID=manual__2024-06-16T02:33:53.001239+00:00
[2024-06-16T02:34:19.012+0000] {python.py:177} INFO - Done. Returned value was: None
[2024-06-16T02:34:19.019+0000] {taskinstance.py:1323} INFO - Marking task as SUCCESS. dag_id=process_data_dag, task_id=fetch_and_save_data, execution_date=20240616T023353, start_date=20240616T023354, end_date=20240616T023419
[2024-06-16T02:34:19.070+0000] {local_task_job.py:208} INFO - Task exited with return code 0
[2024-06-16T02:34:19.089+0000] {taskinstance.py:2578} INFO - 1 downstream tasks scheduled from follow-on schedule check
