[2024-06-04T23:48:25.998+0000] {taskinstance.py:1083} INFO - Dependencies all met for <TaskInstance: example_dynamic_task_mapping.sum_it scheduled__2023-02-12T00:00:00+00:00 [queued]>
[2024-06-04T23:48:26.008+0000] {taskinstance.py:1083} INFO - Dependencies all met for <TaskInstance: example_dynamic_task_mapping.sum_it scheduled__2023-02-12T00:00:00+00:00 [queued]>
[2024-06-04T23:48:26.008+0000] {taskinstance.py:1279} INFO - 
--------------------------------------------------------------------------------
[2024-06-04T23:48:26.008+0000] {taskinstance.py:1280} INFO - Starting attempt 1 of 1
[2024-06-04T23:48:26.008+0000] {taskinstance.py:1281} INFO - 
--------------------------------------------------------------------------------
[2024-06-04T23:48:26.021+0000] {taskinstance.py:1300} INFO - Executing <Task(_PythonDecoratedOperator): sum_it> on 2023-02-12 00:00:00+00:00
[2024-06-04T23:48:26.029+0000] {standard_task_runner.py:55} INFO - Started process 4321 to run task
[2024-06-04T23:48:26.032+0000] {standard_task_runner.py:82} INFO - Running: ['***', 'tasks', 'run', 'example_dynamic_task_mapping', 'sum_it', 'scheduled__2023-02-12T00:00:00+00:00', '--job-id', '1449', '--raw', '--subdir', '/home/***/.local/lib/python3.7/site-packages/***/example_dags/example_dynamic_task_mapping.py', '--cfg-path', '/tmp/tmp15_7hh14']
[2024-06-04T23:48:26.033+0000] {standard_task_runner.py:83} INFO - Job 1449: Subtask sum_it
[2024-06-04T23:48:26.104+0000] {task_command.py:388} INFO - Running <TaskInstance: example_dynamic_task_mapping.sum_it scheduled__2023-02-12T00:00:00+00:00 [running]> on host 27113cccce1f
[2024-06-04T23:48:26.231+0000] {taskinstance.py:1509} INFO - Exporting the following env vars:
AIRFLOW_CTX_DAG_OWNER=***
AIRFLOW_CTX_DAG_ID=example_dynamic_task_mapping
AIRFLOW_CTX_TASK_ID=sum_it
AIRFLOW_CTX_EXECUTION_DATE=2023-02-12T00:00:00+00:00
AIRFLOW_CTX_TRY_NUMBER=1
AIRFLOW_CTX_DAG_RUN_ID=scheduled__2023-02-12T00:00:00+00:00
[2024-06-04T23:48:26.243+0000] {logging_mixin.py:137} INFO - Total was 9
[2024-06-04T23:48:26.243+0000] {python.py:177} INFO - Done. Returned value was: None
[2024-06-04T23:48:26.256+0000] {taskinstance.py:1323} INFO - Marking task as SUCCESS. dag_id=example_dynamic_task_mapping, task_id=sum_it, execution_date=20230212T000000, start_date=20240604T234825, end_date=20240604T234826
[2024-06-04T23:48:26.286+0000] {local_task_job.py:208} INFO - Task exited with return code 0
[2024-06-04T23:48:26.314+0000] {taskinstance.py:2578} INFO - 0 downstream tasks scheduled from follow-on schedule check
