[2024-06-04T23:44:04.366+0000] {taskinstance.py:1083} INFO - Dependencies all met for <TaskInstance: example_nested_branch_dag.branch_1 scheduled__2024-06-03T00:00:00+00:00 [queued]>
[2024-06-04T23:44:04.373+0000] {taskinstance.py:1083} INFO - Dependencies all met for <TaskInstance: example_nested_branch_dag.branch_1 scheduled__2024-06-03T00:00:00+00:00 [queued]>
[2024-06-04T23:44:04.374+0000] {taskinstance.py:1279} INFO - 
--------------------------------------------------------------------------------
[2024-06-04T23:44:04.374+0000] {taskinstance.py:1280} INFO - Starting attempt 1 of 1
[2024-06-04T23:44:04.374+0000] {taskinstance.py:1281} INFO - 
--------------------------------------------------------------------------------
[2024-06-04T23:44:04.386+0000] {taskinstance.py:1300} INFO - Executing <Task(_BranchPythonDecoratedOperator): branch_1> on 2024-06-03 00:00:00+00:00
[2024-06-04T23:44:04.393+0000] {standard_task_runner.py:55} INFO - Started process 1012 to run task
[2024-06-04T23:44:04.395+0000] {standard_task_runner.py:82} INFO - Running: ['***', 'tasks', 'run', 'example_nested_branch_dag', 'branch_1', 'scheduled__2024-06-03T00:00:00+00:00', '--job-id', '50', '--raw', '--subdir', '/home/***/.local/lib/python3.7/site-packages/***/example_dags/example_nested_branch_dag.py', '--cfg-path', '/tmp/tmpc0yflbox']
[2024-06-04T23:44:04.395+0000] {standard_task_runner.py:83} INFO - Job 50: Subtask branch_1
[2024-06-04T23:44:04.444+0000] {task_command.py:388} INFO - Running <TaskInstance: example_nested_branch_dag.branch_1 scheduled__2024-06-03T00:00:00+00:00 [running]> on host 27113cccce1f
[2024-06-04T23:44:04.521+0000] {taskinstance.py:1509} INFO - Exporting the following env vars:
AIRFLOW_CTX_DAG_OWNER=***
AIRFLOW_CTX_DAG_ID=example_nested_branch_dag
AIRFLOW_CTX_TASK_ID=branch_1
AIRFLOW_CTX_EXECUTION_DATE=2024-06-03T00:00:00+00:00
AIRFLOW_CTX_TRY_NUMBER=1
AIRFLOW_CTX_DAG_RUN_ID=scheduled__2024-06-03T00:00:00+00:00
[2024-06-04T23:44:04.522+0000] {python.py:177} INFO - Done. Returned value was: true_1
[2024-06-04T23:44:04.523+0000] {python.py:211} INFO - Branch callable return true_1
[2024-06-04T23:44:04.523+0000] {skipmixin.py:155} INFO - Following branch true_1
[2024-06-04T23:44:04.523+0000] {skipmixin.py:211} INFO - Skipping tasks ['false_1']
[2024-06-04T23:44:04.574+0000] {taskinstance.py:1323} INFO - Marking task as SUCCESS. dag_id=example_nested_branch_dag, task_id=branch_1, execution_date=20240603T000000, start_date=20240604T234404, end_date=20240604T234404
[2024-06-04T23:44:04.607+0000] {local_task_job.py:208} INFO - Task exited with return code 0
[2024-06-04T23:44:04.648+0000] {taskinstance.py:2578} INFO - 1 downstream tasks scheduled from follow-on schedule check
