[2024-06-04T23:50:29.862+0000] {taskinstance.py:1083} INFO - Dependencies all met for <TaskInstance: example_dynamic_task_mapping.add_one scheduled__2023-08-08T00:00:00+00:00 map_index=1 [queued]>
[2024-06-04T23:50:29.872+0000] {taskinstance.py:1083} INFO - Dependencies all met for <TaskInstance: example_dynamic_task_mapping.add_one scheduled__2023-08-08T00:00:00+00:00 map_index=1 [queued]>
[2024-06-04T23:50:29.872+0000] {taskinstance.py:1279} INFO - 
--------------------------------------------------------------------------------
[2024-06-04T23:50:29.872+0000] {taskinstance.py:1280} INFO - Starting attempt 1 of 1
[2024-06-04T23:50:29.872+0000] {taskinstance.py:1281} INFO - 
--------------------------------------------------------------------------------
[2024-06-04T23:50:29.890+0000] {taskinstance.py:1300} INFO - Executing <Mapped(_PythonDecoratedOperator): add_one> on 2023-08-08 00:00:00+00:00
[2024-06-04T23:50:29.897+0000] {standard_task_runner.py:55} INFO - Started process 6056 to run task
[2024-06-04T23:50:29.900+0000] {standard_task_runner.py:82} INFO - Running: ['***', 'tasks', 'run', 'example_dynamic_task_mapping', 'add_one', 'scheduled__2023-08-08T00:00:00+00:00', '--job-id', '2186', '--raw', '--subdir', '/home/***/.local/lib/python3.7/site-packages/***/example_dags/example_dynamic_task_mapping.py', '--cfg-path', '/tmp/tmprrg3ss5m', '--map-index', '1']
[2024-06-04T23:50:29.901+0000] {standard_task_runner.py:83} INFO - Job 2186: Subtask add_one
[2024-06-04T23:50:29.962+0000] {task_command.py:388} INFO - Running <TaskInstance: example_dynamic_task_mapping.add_one scheduled__2023-08-08T00:00:00+00:00 map_index=1 [running]> on host 27113cccce1f
[2024-06-04T23:50:30.037+0000] {taskinstance.py:1509} INFO - Exporting the following env vars:
AIRFLOW_CTX_DAG_OWNER=***
AIRFLOW_CTX_DAG_ID=example_dynamic_task_mapping
AIRFLOW_CTX_TASK_ID=add_one
AIRFLOW_CTX_EXECUTION_DATE=2023-08-08T00:00:00+00:00
AIRFLOW_CTX_TRY_NUMBER=1
AIRFLOW_CTX_DAG_RUN_ID=scheduled__2023-08-08T00:00:00+00:00
[2024-06-04T23:50:30.038+0000] {python.py:177} INFO - Done. Returned value was: 3
[2024-06-04T23:50:30.065+0000] {taskinstance.py:1323} INFO - Marking task as SUCCESS. dag_id=example_dynamic_task_mapping, task_id=add_one, map_index=1, execution_date=20230808T000000, start_date=20240604T235029, end_date=20240604T235030
[2024-06-04T23:50:30.112+0000] {local_task_job.py:208} INFO - Task exited with return code 0
[2024-06-04T23:50:30.133+0000] {taskinstance.py:2578} INFO - 1 downstream tasks scheduled from follow-on schedule check
