[2024-06-14T12:39:00.777+0000] {taskinstance.py:1083} INFO - Dependencies all met for <TaskInstance: example_branch_dop_operator_v3.should_run scheduled__2024-06-14T12:38:00+00:00 [queued]>
[2024-06-14T12:39:00.785+0000] {taskinstance.py:1083} INFO - Dependencies all met for <TaskInstance: example_branch_dop_operator_v3.should_run scheduled__2024-06-14T12:38:00+00:00 [queued]>
[2024-06-14T12:39:00.785+0000] {taskinstance.py:1279} INFO - 
--------------------------------------------------------------------------------
[2024-06-14T12:39:00.786+0000] {taskinstance.py:1280} INFO - Starting attempt 1 of 1
[2024-06-14T12:39:00.786+0000] {taskinstance.py:1281} INFO - 
--------------------------------------------------------------------------------
[2024-06-14T12:39:00.797+0000] {taskinstance.py:1300} INFO - Executing <Task(_BranchPythonDecoratedOperator): should_run> on 2024-06-14 12:38:00+00:00
[2024-06-14T12:39:00.802+0000] {standard_task_runner.py:55} INFO - Started process 1727 to run task
[2024-06-14T12:39:00.805+0000] {standard_task_runner.py:82} INFO - Running: ['***', 'tasks', 'run', 'example_branch_dop_operator_v3', 'should_run', 'scheduled__2024-06-14T12:38:00+00:00', '--job-id', '24754', '--raw', '--subdir', '/home/***/.local/lib/python3.7/site-packages/***/example_dags/example_branch_python_dop_operator_3.py', '--cfg-path', '/tmp/tmpxo2g04sf']
[2024-06-14T12:39:00.805+0000] {standard_task_runner.py:83} INFO - Job 24754: Subtask should_run
[2024-06-14T12:39:00.851+0000] {task_command.py:388} INFO - Running <TaskInstance: example_branch_dop_operator_v3.should_run scheduled__2024-06-14T12:38:00+00:00 [running]> on host 27113cccce1f
[2024-06-14T12:39:00.904+0000] {taskinstance.py:1509} INFO - Exporting the following env vars:
AIRFLOW_CTX_DAG_OWNER=***
AIRFLOW_CTX_DAG_ID=example_branch_dop_operator_v3
AIRFLOW_CTX_TASK_ID=should_run
AIRFLOW_CTX_EXECUTION_DATE=2024-06-14T12:38:00+00:00
AIRFLOW_CTX_TRY_NUMBER=1
AIRFLOW_CTX_DAG_RUN_ID=scheduled__2024-06-14T12:38:00+00:00
[2024-06-14T12:39:00.905+0000] {warnings.py:110} WARNING - /home/***/.local/lib/python3.7/site-packages/***/utils/context.py:313: AirflowContextDeprecationWarning: Accessing 'execution_date' from the template is deprecated and will be removed in a future version. Please use 'data_interval_start' or 'logical_date' instead.
  warnings.warn(_create_deprecation_warning(k, replacements))

[2024-06-14T12:39:00.905+0000] {logging_mixin.py:137} INFO - ------------- exec dttm = 2024-06-14T12:38:00+00:00 and minute = 38
[2024-06-14T12:39:00.905+0000] {python.py:177} INFO - Done. Returned value was: empty_task_1
[2024-06-14T12:39:00.905+0000] {python.py:211} INFO - Branch callable return empty_task_1
[2024-06-14T12:39:00.905+0000] {skipmixin.py:155} INFO - Following branch empty_task_1
[2024-06-14T12:39:00.905+0000] {skipmixin.py:211} INFO - Skipping tasks ['empty_task_2']
[2024-06-14T12:39:00.938+0000] {taskinstance.py:1323} INFO - Marking task as SUCCESS. dag_id=example_branch_dop_operator_v3, task_id=should_run, execution_date=20240614T123800, start_date=20240614T123900, end_date=20240614T123900
[2024-06-14T12:39:00.976+0000] {local_task_job.py:208} INFO - Task exited with return code 0
[2024-06-14T12:39:00.998+0000] {taskinstance.py:2578} INFO - 1 downstream tasks scheduled from follow-on schedule check
