[2024-06-06T14:06:21.730+0000] {taskinstance.py:1083} INFO - Dependencies all met for <TaskInstance: example_sla_dag.sleep_30 scheduled__2024-06-06T14:04:00+00:00 [queued]>
[2024-06-06T14:06:21.736+0000] {taskinstance.py:1083} INFO - Dependencies all met for <TaskInstance: example_sla_dag.sleep_30 scheduled__2024-06-06T14:04:00+00:00 [queued]>
[2024-06-06T14:06:21.736+0000] {taskinstance.py:1279} INFO - 
--------------------------------------------------------------------------------
[2024-06-06T14:06:21.736+0000] {taskinstance.py:1280} INFO - Starting attempt 1 of 1
[2024-06-06T14:06:21.737+0000] {taskinstance.py:1281} INFO - 
--------------------------------------------------------------------------------
[2024-06-06T14:06:21.747+0000] {taskinstance.py:1300} INFO - Executing <Task(_PythonDecoratedOperator): sleep_30> on 2024-06-06 14:04:00+00:00
[2024-06-06T14:06:21.753+0000] {standard_task_runner.py:55} INFO - Started process 4650 to run task
[2024-06-06T14:06:21.755+0000] {standard_task_runner.py:82} INFO - Running: ['***', 'tasks', 'run', 'example_sla_dag', 'sleep_30', 'scheduled__2024-06-06T14:04:00+00:00', '--job-id', '7268', '--raw', '--subdir', '/home/***/.local/lib/python3.7/site-packages/***/example_dags/example_sla_dag.py', '--cfg-path', '/tmp/tmpfv4b_0ke']
[2024-06-06T14:06:21.756+0000] {standard_task_runner.py:83} INFO - Job 7268: Subtask sleep_30
[2024-06-06T14:06:21.802+0000] {task_command.py:388} INFO - Running <TaskInstance: example_sla_dag.sleep_30 scheduled__2024-06-06T14:04:00+00:00 [running]> on host 27113cccce1f
[2024-06-06T14:06:21.853+0000] {taskinstance.py:1509} INFO - Exporting the following env vars:
AIRFLOW_CTX_DAG_EMAIL=email@example.com
AIRFLOW_CTX_DAG_OWNER=***
AIRFLOW_CTX_DAG_ID=example_sla_dag
AIRFLOW_CTX_TASK_ID=sleep_30
AIRFLOW_CTX_EXECUTION_DATE=2024-06-06T14:04:00+00:00
AIRFLOW_CTX_TRY_NUMBER=1
AIRFLOW_CTX_DAG_RUN_ID=scheduled__2024-06-06T14:04:00+00:00
[2024-06-06T14:06:51.879+0000] {python.py:177} INFO - Done. Returned value was: None
[2024-06-06T14:06:51.887+0000] {taskinstance.py:1323} INFO - Marking task as SUCCESS. dag_id=example_sla_dag, task_id=sleep_30, execution_date=20240606T140400, start_date=20240606T140621, end_date=20240606T140651
[2024-06-06T14:06:51.919+0000] {local_task_job.py:208} INFO - Task exited with return code 0
[2024-06-06T14:06:51.931+0000] {taskinstance.py:2578} INFO - 0 downstream tasks scheduled from follow-on schedule check
