[2024-06-08T16:47:52.794+0000] {taskinstance.py:1083} INFO - Dependencies all met for <TaskInstance: latest_only_with_trigger.latest_only scheduled__2024-06-07T23:46:15.105790+00:00 [queued]>
[2024-06-08T16:47:52.806+0000] {taskinstance.py:1083} INFO - Dependencies all met for <TaskInstance: latest_only_with_trigger.latest_only scheduled__2024-06-07T23:46:15.105790+00:00 [queued]>
[2024-06-08T16:47:52.806+0000] {taskinstance.py:1279} INFO - 
--------------------------------------------------------------------------------
[2024-06-08T16:47:52.806+0000] {taskinstance.py:1280} INFO - Starting attempt 1 of 1
[2024-06-08T16:47:52.807+0000] {taskinstance.py:1281} INFO - 
--------------------------------------------------------------------------------
[2024-06-08T16:47:52.826+0000] {taskinstance.py:1300} INFO - Executing <Task(LatestOnlyOperator): latest_only> on 2024-06-07 23:46:15.105790+00:00
[2024-06-08T16:47:52.836+0000] {standard_task_runner.py:55} INFO - Started process 242 to run task
[2024-06-08T16:47:52.838+0000] {standard_task_runner.py:82} INFO - Running: ['***', 'tasks', 'run', 'latest_only_with_trigger', 'latest_only', 'scheduled__2024-06-07T23:46:15.105790+00:00', '--job-id', '11727', '--raw', '--subdir', '/home/***/.local/lib/python3.7/site-packages/***/example_dags/example_latest_only_with_trigger.py', '--cfg-path', '/tmp/tmpr8eejygb']
[2024-06-08T16:47:52.839+0000] {standard_task_runner.py:83} INFO - Job 11727: Subtask latest_only
[2024-06-08T16:47:52.907+0000] {task_command.py:388} INFO - Running <TaskInstance: latest_only_with_trigger.latest_only scheduled__2024-06-07T23:46:15.105790+00:00 [running]> on host 27113cccce1f
[2024-06-08T16:47:52.989+0000] {taskinstance.py:1509} INFO - Exporting the following env vars:
AIRFLOW_CTX_DAG_OWNER=***
AIRFLOW_CTX_DAG_ID=latest_only_with_trigger
AIRFLOW_CTX_TASK_ID=latest_only
AIRFLOW_CTX_EXECUTION_DATE=2024-06-07T23:46:15.105790+00:00
AIRFLOW_CTX_TRY_NUMBER=1
AIRFLOW_CTX_DAG_RUN_ID=scheduled__2024-06-07T23:46:15.105790+00:00
[2024-06-08T16:47:52.990+0000] {latest_only.py:70} INFO - Checking latest only with left_window: 2024-06-08T03:46:15.105790+00:00 right_window: 2024-06-08T07:46:15.105790+00:00 now: 2024-06-08T16:47:52.990745+00:00
[2024-06-08T16:47:52.990+0000] {latest_only.py:74} INFO - Not latest execution, skipping downstream.
[2024-06-08T16:47:52.991+0000] {skipmixin.py:155} INFO - Following branch []
[2024-06-08T16:47:52.991+0000] {skipmixin.py:211} INFO - Skipping tasks ['task1']
[2024-06-08T16:47:53.037+0000] {taskinstance.py:1323} INFO - Marking task as SUCCESS. dag_id=latest_only_with_trigger, task_id=latest_only, execution_date=20240607T234615, start_date=20240608T164752, end_date=20240608T164753
[2024-06-08T16:47:53.090+0000] {local_task_job.py:208} INFO - Task exited with return code 0
[2024-06-08T16:47:53.121+0000] {taskinstance.py:2578} INFO - 0 downstream tasks scheduled from follow-on schedule check
