[2024-06-16T13:38:59.539+0000] {taskinstance.py:1083} INFO - Dependencies all met for <TaskInstance: tutorial.templated scheduled__2024-06-15T12:31:31.764902+00:00 [queued]>
[2024-06-16T13:38:59.547+0000] {taskinstance.py:1083} INFO - Dependencies all met for <TaskInstance: tutorial.templated scheduled__2024-06-15T12:31:31.764902+00:00 [queued]>
[2024-06-16T13:38:59.547+0000] {taskinstance.py:1279} INFO - 
--------------------------------------------------------------------------------
[2024-06-16T13:38:59.548+0000] {taskinstance.py:1280} INFO - Starting attempt 1 of 2
[2024-06-16T13:38:59.548+0000] {taskinstance.py:1281} INFO - 
--------------------------------------------------------------------------------
[2024-06-16T13:38:59.561+0000] {taskinstance.py:1300} INFO - Executing <Task(BashOperator): templated> on 2024-06-15 12:31:31.764902+00:00
[2024-06-16T13:38:59.569+0000] {standard_task_runner.py:55} INFO - Started process 242 to run task
[2024-06-16T13:38:59.571+0000] {standard_task_runner.py:82} INFO - Running: ['***', 'tasks', 'run', 'tutorial', 'templated', 'scheduled__2024-06-15T12:31:31.764902+00:00', '--job-id', '33038', '--raw', '--subdir', '/home/***/.local/lib/python3.7/site-packages/***/example_dags/tutorial.py', '--cfg-path', '/tmp/tmpdzg5qbl1']
[2024-06-16T13:38:59.572+0000] {standard_task_runner.py:83} INFO - Job 33038: Subtask templated
[2024-06-16T13:38:59.616+0000] {task_command.py:388} INFO - Running <TaskInstance: tutorial.templated scheduled__2024-06-15T12:31:31.764902+00:00 [running]> on host 1caec24182a1
[2024-06-16T13:38:59.670+0000] {taskinstance.py:1509} INFO - Exporting the following env vars:
AIRFLOW_CTX_DAG_EMAIL=***@example.com
AIRFLOW_CTX_DAG_OWNER=***
AIRFLOW_CTX_DAG_ID=tutorial
AIRFLOW_CTX_TASK_ID=templated
AIRFLOW_CTX_EXECUTION_DATE=2024-06-15T12:31:31.764902+00:00
AIRFLOW_CTX_TRY_NUMBER=1
AIRFLOW_CTX_DAG_RUN_ID=scheduled__2024-06-15T12:31:31.764902+00:00
[2024-06-16T13:38:59.671+0000] {subprocess.py:63} INFO - Tmp dir root location: 
 /tmp
[2024-06-16T13:38:59.671+0000] {subprocess.py:75} INFO - Running command: ['/bin/bash', '-c', '\n\n    echo "2024-06-15"\n    echo "2024-06-22"\n\n    echo "2024-06-15"\n    echo "2024-06-22"\n\n    echo "2024-06-15"\n    echo "2024-06-22"\n\n    echo "2024-06-15"\n    echo "2024-06-22"\n\n    echo "2024-06-15"\n    echo "2024-06-22"\n']
[2024-06-16T13:38:59.684+0000] {subprocess.py:86} INFO - Output:
[2024-06-16T13:38:59.685+0000] {subprocess.py:93} INFO - 2024-06-15
[2024-06-16T13:38:59.685+0000] {subprocess.py:93} INFO - 2024-06-22
[2024-06-16T13:38:59.685+0000] {subprocess.py:93} INFO - 2024-06-15
[2024-06-16T13:38:59.685+0000] {subprocess.py:93} INFO - 2024-06-22
[2024-06-16T13:38:59.686+0000] {subprocess.py:93} INFO - 2024-06-15
[2024-06-16T13:38:59.686+0000] {subprocess.py:93} INFO - 2024-06-22
[2024-06-16T13:38:59.686+0000] {subprocess.py:93} INFO - 2024-06-15
[2024-06-16T13:38:59.686+0000] {subprocess.py:93} INFO - 2024-06-22
[2024-06-16T13:38:59.686+0000] {subprocess.py:93} INFO - 2024-06-15
[2024-06-16T13:38:59.686+0000] {subprocess.py:93} INFO - 2024-06-22
[2024-06-16T13:38:59.686+0000] {subprocess.py:97} INFO - Command exited with return code 0
[2024-06-16T13:38:59.706+0000] {taskinstance.py:1323} INFO - Marking task as SUCCESS. dag_id=tutorial, task_id=templated, execution_date=20240615T123131, start_date=20240616T133859, end_date=20240616T133859
[2024-06-16T13:38:59.743+0000] {local_task_job.py:208} INFO - Task exited with return code 0
[2024-06-16T13:38:59.757+0000] {taskinstance.py:2578} INFO - 0 downstream tasks scheduled from follow-on schedule check
