[2024-06-14T12:30:51.517+0000] {taskinstance.py:1077} INFO - Dependencies not met for <TaskInstance: example_dynamic_task_mapping.add_one scheduled__2024-06-12T00:00:00+00:00 map_index=2 [scheduled]>, dependency 'Task Instance State' FAILED: Task is in the 'scheduled' state.
[2024-06-14T12:30:51.538+0000] {local_task_job.py:147} INFO - Task is not able to be run
[2024-06-14T12:30:53.205+0000] {taskinstance.py:1077} INFO - Dependencies not met for <TaskInstance: example_dynamic_task_mapping.add_one scheduled__2024-06-12T00:00:00+00:00 map_index=2 [scheduled]>, dependency 'Task Instance State' FAILED: Task is in the 'scheduled' state.
[2024-06-14T12:30:53.233+0000] {local_task_job.py:147} INFO - Task is not able to be run
[2024-06-14T12:30:54.441+0000] {taskinstance.py:1077} INFO - Dependencies not met for <TaskInstance: example_dynamic_task_mapping.add_one scheduled__2024-06-12T00:00:00+00:00 map_index=2 [scheduled]>, dependency 'Task Instance State' FAILED: Task is in the 'scheduled' state.
[2024-06-14T12:30:54.457+0000] {local_task_job.py:147} INFO - Task is not able to be run
[2024-06-14T12:30:56.639+0000] {taskinstance.py:1077} INFO - Dependencies not met for <TaskInstance: example_dynamic_task_mapping.add_one scheduled__2024-06-12T00:00:00+00:00 map_index=2 [scheduled]>, dependency 'Task Instance State' FAILED: Task is in the 'scheduled' state.
[2024-06-14T12:30:56.658+0000] {local_task_job.py:147} INFO - Task is not able to be run
[2024-06-14T12:31:02.533+0000] {taskinstance.py:1083} INFO - Dependencies all met for <TaskInstance: example_dynamic_task_mapping.add_one scheduled__2024-06-12T00:00:00+00:00 map_index=2 [queued]>
[2024-06-14T12:31:02.550+0000] {taskinstance.py:1083} INFO - Dependencies all met for <TaskInstance: example_dynamic_task_mapping.add_one scheduled__2024-06-12T00:00:00+00:00 map_index=2 [queued]>
[2024-06-14T12:31:02.550+0000] {taskinstance.py:1279} INFO - 
--------------------------------------------------------------------------------
[2024-06-14T12:31:02.550+0000] {taskinstance.py:1280} INFO - Starting attempt 1 of 1
[2024-06-14T12:31:02.550+0000] {taskinstance.py:1281} INFO - 
--------------------------------------------------------------------------------
[2024-06-14T12:31:02.580+0000] {taskinstance.py:1300} INFO - Executing <Mapped(_PythonDecoratedOperator): add_one> on 2024-06-12 00:00:00+00:00
[2024-06-14T12:31:02.590+0000] {standard_task_runner.py:55} INFO - Started process 368 to run task
[2024-06-14T12:31:02.594+0000] {standard_task_runner.py:82} INFO - Running: ['***', 'tasks', 'run', 'example_dynamic_task_mapping', 'add_one', 'scheduled__2024-06-12T00:00:00+00:00', '--job-id', '24581', '--raw', '--subdir', '/home/***/.local/lib/python3.7/site-packages/***/example_dags/example_dynamic_task_mapping.py', '--cfg-path', '/tmp/tmpn9w4f9zf', '--map-index', '2']
[2024-06-14T12:31:02.595+0000] {standard_task_runner.py:83} INFO - Job 24581: Subtask add_one
[2024-06-14T12:31:02.696+0000] {task_command.py:388} INFO - Running <TaskInstance: example_dynamic_task_mapping.add_one scheduled__2024-06-12T00:00:00+00:00 map_index=2 [running]> on host 27113cccce1f
[2024-06-14T12:31:02.828+0000] {taskinstance.py:1509} INFO - Exporting the following env vars:
AIRFLOW_CTX_DAG_OWNER=***
AIRFLOW_CTX_DAG_ID=example_dynamic_task_mapping
AIRFLOW_CTX_TASK_ID=add_one
AIRFLOW_CTX_EXECUTION_DATE=2024-06-12T00:00:00+00:00
AIRFLOW_CTX_TRY_NUMBER=1
AIRFLOW_CTX_DAG_RUN_ID=scheduled__2024-06-12T00:00:00+00:00
[2024-06-14T12:31:02.829+0000] {python.py:177} INFO - Done. Returned value was: 4
[2024-06-14T12:31:02.864+0000] {taskinstance.py:1323} INFO - Marking task as SUCCESS. dag_id=example_dynamic_task_mapping, task_id=add_one, map_index=2, execution_date=20240612T000000, start_date=20240614T123102, end_date=20240614T123102
[2024-06-14T12:31:02.928+0000] {local_task_job.py:208} INFO - Task exited with return code 0
[2024-06-14T12:31:02.976+0000] {taskinstance.py:2578} INFO - 0 downstream tasks scheduled from follow-on schedule check
