[2024-06-09T17:28:40.201+0000] {taskinstance.py:1083} INFO - Dependencies all met for <TaskInstance: example_nested_branch_dag.branch_1 scheduled__2024-06-08T00:00:00+00:00 [queued]>
[2024-06-09T17:28:40.231+0000] {taskinstance.py:1083} INFO - Dependencies all met for <TaskInstance: example_nested_branch_dag.branch_1 scheduled__2024-06-08T00:00:00+00:00 [queued]>
[2024-06-09T17:28:40.231+0000] {taskinstance.py:1279} INFO - 
--------------------------------------------------------------------------------
[2024-06-09T17:28:40.231+0000] {taskinstance.py:1280} INFO - Starting attempt 1 of 1
[2024-06-09T17:28:40.232+0000] {taskinstance.py:1281} INFO - 
--------------------------------------------------------------------------------
[2024-06-09T17:28:40.270+0000] {taskinstance.py:1300} INFO - Executing <Task(_BranchPythonDecoratedOperator): branch_1> on 2024-06-08 00:00:00+00:00
[2024-06-09T17:28:40.283+0000] {standard_task_runner.py:55} INFO - Started process 81 to run task
[2024-06-09T17:28:40.288+0000] {standard_task_runner.py:82} INFO - Running: ['***', 'tasks', 'run', 'example_nested_branch_dag', 'branch_1', 'scheduled__2024-06-08T00:00:00+00:00', '--job-id', '13240', '--raw', '--subdir', '/home/***/.local/lib/python3.7/site-packages/***/example_dags/example_nested_branch_dag.py', '--cfg-path', '/tmp/tmpskc4bj23']
[2024-06-09T17:28:40.290+0000] {standard_task_runner.py:83} INFO - Job 13240: Subtask branch_1
[2024-06-09T17:28:40.406+0000] {task_command.py:388} INFO - Running <TaskInstance: example_nested_branch_dag.branch_1 scheduled__2024-06-08T00:00:00+00:00 [running]> on host 27113cccce1f
[2024-06-09T17:28:40.543+0000] {taskinstance.py:1509} INFO - Exporting the following env vars:
AIRFLOW_CTX_DAG_OWNER=***
AIRFLOW_CTX_DAG_ID=example_nested_branch_dag
AIRFLOW_CTX_TASK_ID=branch_1
AIRFLOW_CTX_EXECUTION_DATE=2024-06-08T00:00:00+00:00
AIRFLOW_CTX_TRY_NUMBER=1
AIRFLOW_CTX_DAG_RUN_ID=scheduled__2024-06-08T00:00:00+00:00
[2024-06-09T17:28:40.544+0000] {python.py:177} INFO - Done. Returned value was: true_1
[2024-06-09T17:28:40.544+0000] {python.py:211} INFO - Branch callable return true_1
[2024-06-09T17:28:40.544+0000] {skipmixin.py:155} INFO - Following branch true_1
[2024-06-09T17:28:40.551+0000] {skipmixin.py:211} INFO - Skipping tasks ['false_1']
[2024-06-09T17:28:40.633+0000] {taskinstance.py:1323} INFO - Marking task as SUCCESS. dag_id=example_nested_branch_dag, task_id=branch_1, execution_date=20240608T000000, start_date=20240609T172840, end_date=20240609T172840
[2024-06-09T17:28:40.668+0000] {local_task_job.py:208} INFO - Task exited with return code 0
[2024-06-09T17:28:40.729+0000] {taskinstance.py:2578} INFO - 1 downstream tasks scheduled from follow-on schedule check
