[2024-06-04T23:47:41.119+0000] {taskinstance.py:1083} INFO - Dependencies all met for <TaskInstance: example_dynamic_task_mapping.sum_it scheduled__2022-12-13T00:00:00+00:00 [queued]>
[2024-06-04T23:47:41.132+0000] {taskinstance.py:1083} INFO - Dependencies all met for <TaskInstance: example_dynamic_task_mapping.sum_it scheduled__2022-12-13T00:00:00+00:00 [queued]>
[2024-06-04T23:47:41.132+0000] {taskinstance.py:1279} INFO - 
--------------------------------------------------------------------------------
[2024-06-04T23:47:41.133+0000] {taskinstance.py:1280} INFO - Starting attempt 1 of 1
[2024-06-04T23:47:41.133+0000] {taskinstance.py:1281} INFO - 
--------------------------------------------------------------------------------
[2024-06-04T23:47:41.152+0000] {taskinstance.py:1300} INFO - Executing <Task(_PythonDecoratedOperator): sum_it> on 2022-12-13 00:00:00+00:00
[2024-06-04T23:47:41.162+0000] {standard_task_runner.py:55} INFO - Started process 3745 to run task
[2024-06-04T23:47:41.166+0000] {standard_task_runner.py:82} INFO - Running: ['***', 'tasks', 'run', 'example_dynamic_task_mapping', 'sum_it', 'scheduled__2022-12-13T00:00:00+00:00', '--job-id', '1200', '--raw', '--subdir', '/home/***/.local/lib/python3.7/site-packages/***/example_dags/example_dynamic_task_mapping.py', '--cfg-path', '/tmp/tmp331gn35v']
[2024-06-04T23:47:41.166+0000] {standard_task_runner.py:83} INFO - Job 1200: Subtask sum_it
[2024-06-04T23:47:41.240+0000] {task_command.py:388} INFO - Running <TaskInstance: example_dynamic_task_mapping.sum_it scheduled__2022-12-13T00:00:00+00:00 [running]> on host 27113cccce1f
[2024-06-04T23:47:41.346+0000] {taskinstance.py:1509} INFO - Exporting the following env vars:
AIRFLOW_CTX_DAG_OWNER=***
AIRFLOW_CTX_DAG_ID=example_dynamic_task_mapping
AIRFLOW_CTX_TASK_ID=sum_it
AIRFLOW_CTX_EXECUTION_DATE=2022-12-13T00:00:00+00:00
AIRFLOW_CTX_TRY_NUMBER=1
AIRFLOW_CTX_DAG_RUN_ID=scheduled__2022-12-13T00:00:00+00:00
[2024-06-04T23:47:41.359+0000] {logging_mixin.py:137} INFO - Total was 9
[2024-06-04T23:47:41.359+0000] {python.py:177} INFO - Done. Returned value was: None
[2024-06-04T23:47:41.376+0000] {taskinstance.py:1323} INFO - Marking task as SUCCESS. dag_id=example_dynamic_task_mapping, task_id=sum_it, execution_date=20221213T000000, start_date=20240604T234741, end_date=20240604T234741
[2024-06-04T23:47:41.420+0000] {local_task_job.py:208} INFO - Task exited with return code 0
[2024-06-04T23:47:41.443+0000] {taskinstance.py:2578} INFO - 0 downstream tasks scheduled from follow-on schedule check
