[2024-06-09T17:28:46.867+0000] {taskinstance.py:1083} INFO - Dependencies all met for <TaskInstance: example_task_group_decorator.task_group_function__1.task_3 scheduled__2024-06-07T23:48:40.908392+00:00 [queued]>
[2024-06-09T17:28:46.880+0000] {taskinstance.py:1083} INFO - Dependencies all met for <TaskInstance: example_task_group_decorator.task_group_function__1.task_3 scheduled__2024-06-07T23:48:40.908392+00:00 [queued]>
[2024-06-09T17:28:46.881+0000] {taskinstance.py:1279} INFO - 
--------------------------------------------------------------------------------
[2024-06-09T17:28:46.881+0000] {taskinstance.py:1280} INFO - Starting attempt 1 of 1
[2024-06-09T17:28:46.881+0000] {taskinstance.py:1281} INFO - 
--------------------------------------------------------------------------------
[2024-06-09T17:28:46.901+0000] {taskinstance.py:1300} INFO - Executing <Task(_PythonDecoratedOperator): task_group_function__1.task_3> on 2024-06-07 23:48:40.908392+00:00
[2024-06-09T17:28:46.910+0000] {standard_task_runner.py:55} INFO - Started process 219 to run task
[2024-06-09T17:28:46.913+0000] {standard_task_runner.py:82} INFO - Running: ['***', 'tasks', 'run', 'example_task_group_decorator', 'task_group_function__1.task_3', 'scheduled__2024-06-07T23:48:40.908392+00:00', '--job-id', '13299', '--raw', '--subdir', '/home/***/.local/lib/python3.7/site-packages/***/example_dags/example_task_group_decorator.py', '--cfg-path', '/tmp/tmp_1sr7jk6']
[2024-06-09T17:28:46.913+0000] {standard_task_runner.py:83} INFO - Job 13299: Subtask task_group_function__1.task_3
[2024-06-09T17:28:46.974+0000] {task_command.py:388} INFO - Running <TaskInstance: example_task_group_decorator.task_group_function__1.task_3 scheduled__2024-06-07T23:48:40.908392+00:00 [running]> on host 27113cccce1f
[2024-06-09T17:28:47.041+0000] {taskinstance.py:1509} INFO - Exporting the following env vars:
AIRFLOW_CTX_DAG_OWNER=***
AIRFLOW_CTX_DAG_ID=example_task_group_decorator
AIRFLOW_CTX_TASK_ID=task_group_function__1.task_3
AIRFLOW_CTX_EXECUTION_DATE=2024-06-07T23:48:40.908392+00:00
AIRFLOW_CTX_TRY_NUMBER=1
AIRFLOW_CTX_DAG_RUN_ID=scheduled__2024-06-07T23:48:40.908392+00:00
[2024-06-09T17:28:47.042+0000] {logging_mixin.py:137} INFO - [ Task3 [ Task2 [ Task1 1 ] ] ]
[2024-06-09T17:28:47.042+0000] {python.py:177} INFO - Done. Returned value was: None
[2024-06-09T17:28:47.049+0000] {taskinstance.py:1323} INFO - Marking task as SUCCESS. dag_id=example_task_group_decorator, task_id=task_group_function__1.task_3, execution_date=20240607T234840, start_date=20240609T172846, end_date=20240609T172847
[2024-06-09T17:28:47.085+0000] {local_task_job.py:208} INFO - Task exited with return code 0
[2024-06-09T17:28:47.112+0000] {taskinstance.py:2578} INFO - 1 downstream tasks scheduled from follow-on schedule check
