[2024-06-06T10:58:02.729+0000] {taskinstance.py:1083} INFO - Dependencies all met for <TaskInstance: example_short_circuit_decorator.condition_is_false scheduled__2024-06-05T02:05:08.590151+00:00 [queued]>
[2024-06-06T10:58:02.741+0000] {taskinstance.py:1083} INFO - Dependencies all met for <TaskInstance: example_short_circuit_decorator.condition_is_false scheduled__2024-06-05T02:05:08.590151+00:00 [queued]>
[2024-06-06T10:58:02.742+0000] {taskinstance.py:1279} INFO - 
--------------------------------------------------------------------------------
[2024-06-06T10:58:02.742+0000] {taskinstance.py:1280} INFO - Starting attempt 1 of 1
[2024-06-06T10:58:02.742+0000] {taskinstance.py:1281} INFO - 
--------------------------------------------------------------------------------
[2024-06-06T10:58:02.765+0000] {taskinstance.py:1300} INFO - Executing <Task(_ShortCircuitDecoratedOperator): condition_is_false> on 2024-06-05 02:05:08.590151+00:00
[2024-06-06T10:58:02.775+0000] {standard_task_runner.py:55} INFO - Started process 251 to run task
[2024-06-06T10:58:02.779+0000] {standard_task_runner.py:82} INFO - Running: ['***', 'tasks', 'run', 'example_short_circuit_decorator', 'condition_is_false', 'scheduled__2024-06-05T02:05:08.590151+00:00', '--job-id', '6257', '--raw', '--subdir', '/home/***/.local/lib/python3.7/site-packages/***/example_dags/example_short_circuit_decorator.py', '--cfg-path', '/tmp/tmpqh_sannv']
[2024-06-06T10:58:02.779+0000] {standard_task_runner.py:83} INFO - Job 6257: Subtask condition_is_false
[2024-06-06T10:58:02.865+0000] {task_command.py:388} INFO - Running <TaskInstance: example_short_circuit_decorator.condition_is_false scheduled__2024-06-05T02:05:08.590151+00:00 [running]> on host 27113cccce1f
[2024-06-06T10:58:02.981+0000] {taskinstance.py:1509} INFO - Exporting the following env vars:
AIRFLOW_CTX_DAG_OWNER=***
AIRFLOW_CTX_DAG_ID=example_short_circuit_decorator
AIRFLOW_CTX_TASK_ID=condition_is_false
AIRFLOW_CTX_EXECUTION_DATE=2024-06-05T02:05:08.590151+00:00
AIRFLOW_CTX_TRY_NUMBER=1
AIRFLOW_CTX_DAG_RUN_ID=scheduled__2024-06-05T02:05:08.590151+00:00
[2024-06-06T10:58:02.983+0000] {python.py:177} INFO - Done. Returned value was: False
[2024-06-06T10:58:02.984+0000] {python.py:248} INFO - Condition result is False
[2024-06-06T10:58:02.985+0000] {python.py:262} INFO - Skipping all downstream tasks...
[2024-06-06T10:58:03.025+0000] {python.py:270} INFO - Done.
[2024-06-06T10:58:03.043+0000] {taskinstance.py:1323} INFO - Marking task as SUCCESS. dag_id=example_short_circuit_decorator, task_id=condition_is_false, execution_date=20240605T020508, start_date=20240606T105802, end_date=20240606T105803
[2024-06-06T10:58:03.080+0000] {local_task_job.py:208} INFO - Task exited with return code 0
[2024-06-06T10:58:03.105+0000] {taskinstance.py:2578} INFO - 0 downstream tasks scheduled from follow-on schedule check
