[2024-06-07T11:46:13.384+0000] {taskinstance.py:1083} INFO - Dependencies all met for <TaskInstance: example_short_circuit_operator.short_circuit scheduled__2024-06-05T23:44:07.827442+00:00 [queued]>
[2024-06-07T11:46:13.404+0000] {taskinstance.py:1083} INFO - Dependencies all met for <TaskInstance: example_short_circuit_operator.short_circuit scheduled__2024-06-05T23:44:07.827442+00:00 [queued]>
[2024-06-07T11:46:13.405+0000] {taskinstance.py:1279} INFO - 
--------------------------------------------------------------------------------
[2024-06-07T11:46:13.405+0000] {taskinstance.py:1280} INFO - Starting attempt 1 of 1
[2024-06-07T11:46:13.405+0000] {taskinstance.py:1281} INFO - 
--------------------------------------------------------------------------------
[2024-06-07T11:46:13.424+0000] {taskinstance.py:1300} INFO - Executing <Task(ShortCircuitOperator): short_circuit> on 2024-06-05 23:44:07.827442+00:00
[2024-06-07T11:46:13.433+0000] {standard_task_runner.py:55} INFO - Started process 85 to run task
[2024-06-07T11:46:13.436+0000] {standard_task_runner.py:82} INFO - Running: ['***', 'tasks', 'run', 'example_short_circuit_operator', 'short_circuit', 'scheduled__2024-06-05T23:44:07.827442+00:00', '--job-id', '9658', '--raw', '--subdir', '/home/***/.local/lib/python3.7/site-packages/***/example_dags/example_short_circuit_operator.py', '--cfg-path', '/tmp/tmpmettjczk']
[2024-06-07T11:46:13.437+0000] {standard_task_runner.py:83} INFO - Job 9658: Subtask short_circuit
[2024-06-07T11:46:13.538+0000] {task_command.py:388} INFO - Running <TaskInstance: example_short_circuit_operator.short_circuit scheduled__2024-06-05T23:44:07.827442+00:00 [running]> on host 27113cccce1f
[2024-06-07T11:46:13.647+0000] {taskinstance.py:1509} INFO - Exporting the following env vars:
AIRFLOW_CTX_DAG_OWNER=***
AIRFLOW_CTX_DAG_ID=example_short_circuit_operator
AIRFLOW_CTX_TASK_ID=short_circuit
AIRFLOW_CTX_EXECUTION_DATE=2024-06-05T23:44:07.827442+00:00
AIRFLOW_CTX_TRY_NUMBER=1
AIRFLOW_CTX_DAG_RUN_ID=scheduled__2024-06-05T23:44:07.827442+00:00
[2024-06-07T11:46:13.648+0000] {python.py:177} INFO - Done. Returned value was: False
[2024-06-07T11:46:13.652+0000] {python.py:248} INFO - Condition result is False
[2024-06-07T11:46:13.652+0000] {python.py:265} INFO - Skipping downstream tasks while respecting trigger rules...
[2024-06-07T11:46:13.689+0000] {python.py:270} INFO - Done.
[2024-06-07T11:46:13.701+0000] {taskinstance.py:1323} INFO - Marking task as SUCCESS. dag_id=example_short_circuit_operator, task_id=short_circuit, execution_date=20240605T234407, start_date=20240607T114613, end_date=20240607T114613
[2024-06-07T11:46:13.730+0000] {local_task_job.py:208} INFO - Task exited with return code 0
[2024-06-07T11:46:13.799+0000] {taskinstance.py:2578} INFO - 0 downstream tasks scheduled from follow-on schedule check
