[2024-06-16T13:38:40.201+0000] {taskinstance.py:1083} INFO - Dependencies all met for <TaskInstance: example_sla_dag.sleep_20 scheduled__2024-06-16T04:50:00+00:00 [queued]>
[2024-06-16T13:38:40.213+0000] {taskinstance.py:1083} INFO - Dependencies all met for <TaskInstance: example_sla_dag.sleep_20 scheduled__2024-06-16T04:50:00+00:00 [queued]>
[2024-06-16T13:38:40.213+0000] {taskinstance.py:1279} INFO - 
--------------------------------------------------------------------------------
[2024-06-16T13:38:40.214+0000] {taskinstance.py:1280} INFO - Starting attempt 1 of 1
[2024-06-16T13:38:40.214+0000] {taskinstance.py:1281} INFO - 
--------------------------------------------------------------------------------
[2024-06-16T13:38:40.233+0000] {taskinstance.py:1300} INFO - Executing <Task(_PythonDecoratedOperator): sleep_20> on 2024-06-16 04:50:00+00:00
[2024-06-16T13:38:40.245+0000] {standard_task_runner.py:55} INFO - Started process 142 to run task
[2024-06-16T13:38:40.248+0000] {standard_task_runner.py:82} INFO - Running: ['***', 'tasks', 'run', 'example_sla_dag', 'sleep_20', 'scheduled__2024-06-16T04:50:00+00:00', '--job-id', '32987', '--raw', '--subdir', '/home/***/.local/lib/python3.7/site-packages/***/example_dags/example_sla_dag.py', '--cfg-path', '/tmp/tmplxj4l_qr']
[2024-06-16T13:38:40.249+0000] {standard_task_runner.py:83} INFO - Job 32987: Subtask sleep_20
[2024-06-16T13:38:40.330+0000] {task_command.py:388} INFO - Running <TaskInstance: example_sla_dag.sleep_20 scheduled__2024-06-16T04:50:00+00:00 [running]> on host 1caec24182a1
[2024-06-16T13:38:40.403+0000] {taskinstance.py:1509} INFO - Exporting the following env vars:
AIRFLOW_CTX_DAG_EMAIL=email@example.com
AIRFLOW_CTX_DAG_OWNER=***
AIRFLOW_CTX_DAG_ID=example_sla_dag
AIRFLOW_CTX_TASK_ID=sleep_20
AIRFLOW_CTX_EXECUTION_DATE=2024-06-16T04:50:00+00:00
AIRFLOW_CTX_TRY_NUMBER=1
AIRFLOW_CTX_DAG_RUN_ID=scheduled__2024-06-16T04:50:00+00:00
[2024-06-16T13:38:43.491+0000] {taskinstance.py:1077} INFO - Dependencies not met for <TaskInstance: example_sla_dag.sleep_20 scheduled__2024-06-16T04:50:00+00:00 [running]>, dependency 'Task Instance State' FAILED: Task is in the 'running' state.
[2024-06-16T13:38:43.492+0000] {taskinstance.py:1077} INFO - Dependencies not met for <TaskInstance: example_sla_dag.sleep_20 scheduled__2024-06-16T04:50:00+00:00 [running]>, dependency 'Task Instance Not Running' FAILED: Task is in the running state
[2024-06-16T13:38:43.498+0000] {local_task_job.py:147} INFO - Task is not able to be run
[2024-06-16T13:39:00.424+0000] {python.py:177} INFO - Done. Returned value was: None
[2024-06-16T13:39:00.432+0000] {taskinstance.py:1323} INFO - Marking task as SUCCESS. dag_id=example_sla_dag, task_id=sleep_20, execution_date=20240616T045000, start_date=20240616T133840, end_date=20240616T133900
[2024-06-16T13:39:00.448+0000] {local_task_job.py:208} INFO - Task exited with return code 0
[2024-06-16T13:39:00.615+0000] {taskinstance.py:2578} INFO - 0 downstream tasks scheduled from follow-on schedule check
