[2024-06-09T17:28:40.434+0000] {taskinstance.py:1083} INFO - Dependencies all met for <TaskInstance: example_bash_operator.runme_1 scheduled__2024-06-08T00:00:00+00:00 [queued]>
[2024-06-09T17:28:40.458+0000] {taskinstance.py:1083} INFO - Dependencies all met for <TaskInstance: example_bash_operator.runme_1 scheduled__2024-06-08T00:00:00+00:00 [queued]>
[2024-06-09T17:28:40.458+0000] {taskinstance.py:1279} INFO - 
--------------------------------------------------------------------------------
[2024-06-09T17:28:40.462+0000] {taskinstance.py:1280} INFO - Starting attempt 1 of 1
[2024-06-09T17:28:40.462+0000] {taskinstance.py:1281} INFO - 
--------------------------------------------------------------------------------
[2024-06-09T17:28:40.502+0000] {taskinstance.py:1300} INFO - Executing <Task(BashOperator): runme_1> on 2024-06-08 00:00:00+00:00
[2024-06-09T17:28:40.515+0000] {standard_task_runner.py:55} INFO - Started process 93 to run task
[2024-06-09T17:28:40.518+0000] {standard_task_runner.py:82} INFO - Running: ['***', 'tasks', 'run', 'example_bash_operator', 'runme_1', 'scheduled__2024-06-08T00:00:00+00:00', '--job-id', '13252', '--raw', '--subdir', '/home/***/.local/lib/python3.7/site-packages/***/example_dags/example_bash_operator.py', '--cfg-path', '/tmp/tmpqwflxptc']
[2024-06-09T17:28:40.519+0000] {standard_task_runner.py:83} INFO - Job 13252: Subtask runme_1
[2024-06-09T17:28:40.615+0000] {task_command.py:388} INFO - Running <TaskInstance: example_bash_operator.runme_1 scheduled__2024-06-08T00:00:00+00:00 [running]> on host 27113cccce1f
[2024-06-09T17:28:40.722+0000] {taskinstance.py:1509} INFO - Exporting the following env vars:
AIRFLOW_CTX_DAG_OWNER=***
AIRFLOW_CTX_DAG_ID=example_bash_operator
AIRFLOW_CTX_TASK_ID=runme_1
AIRFLOW_CTX_EXECUTION_DATE=2024-06-08T00:00:00+00:00
AIRFLOW_CTX_TRY_NUMBER=1
AIRFLOW_CTX_DAG_RUN_ID=scheduled__2024-06-08T00:00:00+00:00
[2024-06-09T17:28:40.723+0000] {subprocess.py:63} INFO - Tmp dir root location: 
 /tmp
[2024-06-09T17:28:40.724+0000] {subprocess.py:75} INFO - Running command: ['/bin/bash', '-c', 'echo "example_bash_operator__runme_1__20240608" && sleep 1']
[2024-06-09T17:28:40.745+0000] {subprocess.py:86} INFO - Output:
[2024-06-09T17:28:40.747+0000] {subprocess.py:93} INFO - example_bash_operator__runme_1__20240608
[2024-06-09T17:28:41.752+0000] {subprocess.py:97} INFO - Command exited with return code 0
[2024-06-09T17:28:41.812+0000] {taskinstance.py:1323} INFO - Marking task as SUCCESS. dag_id=example_bash_operator, task_id=runme_1, execution_date=20240608T000000, start_date=20240609T172840, end_date=20240609T172841
[2024-06-09T17:28:41.875+0000] {local_task_job.py:208} INFO - Task exited with return code 0
[2024-06-09T17:28:41.933+0000] {taskinstance.py:2578} INFO - 0 downstream tasks scheduled from follow-on schedule check
