[2024-06-08T16:47:54.984+0000] {taskinstance.py:1083} INFO - Dependencies all met for <TaskInstance: example_branch_datetime_operator.datetime_branch scheduled__2024-06-07T00:00:00+00:00 [queued]>
[2024-06-08T16:47:54.994+0000] {taskinstance.py:1083} INFO - Dependencies all met for <TaskInstance: example_branch_datetime_operator.datetime_branch scheduled__2024-06-07T00:00:00+00:00 [queued]>
[2024-06-08T16:47:54.994+0000] {taskinstance.py:1279} INFO - 
--------------------------------------------------------------------------------
[2024-06-08T16:47:54.994+0000] {taskinstance.py:1280} INFO - Starting attempt 1 of 1
[2024-06-08T16:47:54.995+0000] {taskinstance.py:1281} INFO - 
--------------------------------------------------------------------------------
[2024-06-08T16:47:55.013+0000] {taskinstance.py:1300} INFO - Executing <Task(BranchDateTimeOperator): datetime_branch> on 2024-06-07 00:00:00+00:00
[2024-06-08T16:47:55.024+0000] {standard_task_runner.py:55} INFO - Started process 288 to run task
[2024-06-08T16:47:55.027+0000] {standard_task_runner.py:82} INFO - Running: ['***', 'tasks', 'run', 'example_branch_datetime_operator', 'datetime_branch', 'scheduled__2024-06-07T00:00:00+00:00', '--job-id', '11756', '--raw', '--subdir', '/home/***/.local/lib/python3.7/site-packages/***/example_dags/example_branch_datetime_operator.py', '--cfg-path', '/tmp/tmp8qp736rq']
[2024-06-08T16:47:55.028+0000] {standard_task_runner.py:83} INFO - Job 11756: Subtask datetime_branch
[2024-06-08T16:47:55.094+0000] {task_command.py:388} INFO - Running <TaskInstance: example_branch_datetime_operator.datetime_branch scheduled__2024-06-07T00:00:00+00:00 [running]> on host 27113cccce1f
[2024-06-08T16:47:55.181+0000] {taskinstance.py:1509} INFO - Exporting the following env vars:
AIRFLOW_CTX_DAG_OWNER=***
AIRFLOW_CTX_DAG_ID=example_branch_datetime_operator
AIRFLOW_CTX_TASK_ID=datetime_branch
AIRFLOW_CTX_EXECUTION_DATE=2024-06-07T00:00:00+00:00
AIRFLOW_CTX_TRY_NUMBER=1
AIRFLOW_CTX_DAG_RUN_ID=scheduled__2024-06-07T00:00:00+00:00
[2024-06-08T16:47:55.182+0000] {skipmixin.py:155} INFO - Following branch ['date_outside_range']
[2024-06-08T16:47:55.182+0000] {skipmixin.py:211} INFO - Skipping tasks ['date_in_range']
[2024-06-08T16:47:55.227+0000] {taskinstance.py:1323} INFO - Marking task as SUCCESS. dag_id=example_branch_datetime_operator, task_id=datetime_branch, execution_date=20240607T000000, start_date=20240608T164754, end_date=20240608T164755
[2024-06-08T16:47:55.280+0000] {local_task_job.py:208} INFO - Task exited with return code 0
[2024-06-08T16:47:55.315+0000] {taskinstance.py:2578} INFO - 1 downstream tasks scheduled from follow-on schedule check
