[2024-06-11T14:16:57.518+0000] {taskinstance.py:1083} INFO - Dependencies all met for <TaskInstance: example_task_group_decorator.task_group_function__3.task_1 scheduled__2024-06-09T23:48:40.908392+00:00 [queued]>
[2024-06-11T14:16:57.549+0000] {taskinstance.py:1083} INFO - Dependencies all met for <TaskInstance: example_task_group_decorator.task_group_function__3.task_1 scheduled__2024-06-09T23:48:40.908392+00:00 [queued]>
[2024-06-11T14:16:57.549+0000] {taskinstance.py:1279} INFO - 
--------------------------------------------------------------------------------
[2024-06-11T14:16:57.549+0000] {taskinstance.py:1280} INFO - Starting attempt 1 of 1
[2024-06-11T14:16:57.549+0000] {taskinstance.py:1281} INFO - 
--------------------------------------------------------------------------------
[2024-06-11T14:16:57.594+0000] {taskinstance.py:1300} INFO - Executing <Task(_PythonDecoratedOperator): task_group_function__3.task_1> on 2024-06-09 23:48:40.908392+00:00
[2024-06-11T14:16:57.605+0000] {standard_task_runner.py:55} INFO - Started process 162 to run task
[2024-06-11T14:16:57.608+0000] {standard_task_runner.py:82} INFO - Running: ['***', 'tasks', 'run', 'example_task_group_decorator', 'task_group_function__3.task_1', 'scheduled__2024-06-09T23:48:40.908392+00:00', '--job-id', '18861', '--raw', '--subdir', '/home/***/.local/lib/python3.7/site-packages/***/example_dags/example_task_group_decorator.py', '--cfg-path', '/tmp/tmpqh_isbw8']
[2024-06-11T14:16:57.609+0000] {standard_task_runner.py:83} INFO - Job 18861: Subtask task_group_function__3.task_1
[2024-06-11T14:16:57.745+0000] {task_command.py:388} INFO - Running <TaskInstance: example_task_group_decorator.task_group_function__3.task_1 scheduled__2024-06-09T23:48:40.908392+00:00 [running]> on host 27113cccce1f
[2024-06-11T14:16:57.866+0000] {taskinstance.py:1509} INFO - Exporting the following env vars:
AIRFLOW_CTX_DAG_OWNER=***
AIRFLOW_CTX_DAG_ID=example_task_group_decorator
AIRFLOW_CTX_TASK_ID=task_group_function__3.task_1
AIRFLOW_CTX_EXECUTION_DATE=2024-06-09T23:48:40.908392+00:00
AIRFLOW_CTX_TRY_NUMBER=1
AIRFLOW_CTX_DAG_RUN_ID=scheduled__2024-06-09T23:48:40.908392+00:00
[2024-06-11T14:16:57.867+0000] {python.py:177} INFO - Done. Returned value was: [ Task1 3 ]
[2024-06-11T14:16:57.898+0000] {taskinstance.py:1323} INFO - Marking task as SUCCESS. dag_id=example_task_group_decorator, task_id=task_group_function__3.task_1, execution_date=20240609T234840, start_date=20240611T141657, end_date=20240611T141657
[2024-06-11T14:16:57.949+0000] {local_task_job.py:208} INFO - Task exited with return code 0
[2024-06-11T14:16:58.029+0000] {taskinstance.py:2578} INFO - 0 downstream tasks scheduled from follow-on schedule check
