[2024-06-06T14:08:01.249+0000] {taskinstance.py:1083} INFO - Dependencies all met for <TaskInstance: example_sla_dag.sleep_20 scheduled__2024-06-06T14:06:00+00:00 [queued]>
[2024-06-06T14:08:01.256+0000] {taskinstance.py:1083} INFO - Dependencies all met for <TaskInstance: example_sla_dag.sleep_20 scheduled__2024-06-06T14:06:00+00:00 [queued]>
[2024-06-06T14:08:01.256+0000] {taskinstance.py:1279} INFO - 
--------------------------------------------------------------------------------
[2024-06-06T14:08:01.256+0000] {taskinstance.py:1280} INFO - Starting attempt 1 of 1
[2024-06-06T14:08:01.256+0000] {taskinstance.py:1281} INFO - 
--------------------------------------------------------------------------------
[2024-06-06T14:08:01.266+0000] {taskinstance.py:1300} INFO - Executing <Task(_PythonDecoratedOperator): sleep_20> on 2024-06-06 14:06:00+00:00
[2024-06-06T14:08:01.273+0000] {standard_task_runner.py:55} INFO - Started process 4856 to run task
[2024-06-06T14:08:01.275+0000] {standard_task_runner.py:82} INFO - Running: ['***', 'tasks', 'run', 'example_sla_dag', 'sleep_20', 'scheduled__2024-06-06T14:06:00+00:00', '--job-id', '7275', '--raw', '--subdir', '/home/***/.local/lib/python3.7/site-packages/***/example_dags/example_sla_dag.py', '--cfg-path', '/tmp/tmp8e5vds_0']
[2024-06-06T14:08:01.276+0000] {standard_task_runner.py:83} INFO - Job 7275: Subtask sleep_20
[2024-06-06T14:08:01.324+0000] {task_command.py:388} INFO - Running <TaskInstance: example_sla_dag.sleep_20 scheduled__2024-06-06T14:06:00+00:00 [running]> on host 27113cccce1f
[2024-06-06T14:08:01.381+0000] {taskinstance.py:1509} INFO - Exporting the following env vars:
AIRFLOW_CTX_DAG_EMAIL=email@example.com
AIRFLOW_CTX_DAG_OWNER=***
AIRFLOW_CTX_DAG_ID=example_sla_dag
AIRFLOW_CTX_TASK_ID=sleep_20
AIRFLOW_CTX_EXECUTION_DATE=2024-06-06T14:06:00+00:00
AIRFLOW_CTX_TRY_NUMBER=1
AIRFLOW_CTX_DAG_RUN_ID=scheduled__2024-06-06T14:06:00+00:00
[2024-06-06T14:08:21.401+0000] {python.py:177} INFO - Done. Returned value was: None
[2024-06-06T14:08:21.408+0000] {taskinstance.py:1323} INFO - Marking task as SUCCESS. dag_id=example_sla_dag, task_id=sleep_20, execution_date=20240606T140600, start_date=20240606T140801, end_date=20240606T140821
[2024-06-06T14:08:21.438+0000] {local_task_job.py:208} INFO - Task exited with return code 0
[2024-06-06T14:08:21.452+0000] {taskinstance.py:2578} INFO - 1 downstream tasks scheduled from follow-on schedule check
