[2024-06-04T23:53:17.623+0000] {taskinstance.py:1083} INFO - Dependencies all met for <TaskInstance: example_dynamic_task_mapping.sum_it scheduled__2024-03-19T00:00:00+00:00 [queued]>
[2024-06-04T23:53:17.630+0000] {taskinstance.py:1083} INFO - Dependencies all met for <TaskInstance: example_dynamic_task_mapping.sum_it scheduled__2024-03-19T00:00:00+00:00 [queued]>
[2024-06-04T23:53:17.630+0000] {taskinstance.py:1279} INFO - 
--------------------------------------------------------------------------------
[2024-06-04T23:53:17.630+0000] {taskinstance.py:1280} INFO - Starting attempt 1 of 1
[2024-06-04T23:53:17.630+0000] {taskinstance.py:1281} INFO - 
--------------------------------------------------------------------------------
[2024-06-04T23:53:17.639+0000] {taskinstance.py:1300} INFO - Executing <Task(_PythonDecoratedOperator): sum_it> on 2024-03-19 00:00:00+00:00
[2024-06-04T23:53:17.645+0000] {standard_task_runner.py:55} INFO - Started process 8215 to run task
[2024-06-04T23:53:17.647+0000] {standard_task_runner.py:82} INFO - Running: ['***', 'tasks', 'run', 'example_dynamic_task_mapping', 'sum_it', 'scheduled__2024-03-19T00:00:00+00:00', '--job-id', '3101', '--raw', '--subdir', '/home/***/.local/lib/python3.7/site-packages/***/example_dags/example_dynamic_task_mapping.py', '--cfg-path', '/tmp/tmpzb5x20z1']
[2024-06-04T23:53:17.647+0000] {standard_task_runner.py:83} INFO - Job 3101: Subtask sum_it
[2024-06-04T23:53:17.691+0000] {task_command.py:388} INFO - Running <TaskInstance: example_dynamic_task_mapping.sum_it scheduled__2024-03-19T00:00:00+00:00 [running]> on host 27113cccce1f
[2024-06-04T23:53:17.751+0000] {taskinstance.py:1509} INFO - Exporting the following env vars:
AIRFLOW_CTX_DAG_OWNER=***
AIRFLOW_CTX_DAG_ID=example_dynamic_task_mapping
AIRFLOW_CTX_TASK_ID=sum_it
AIRFLOW_CTX_EXECUTION_DATE=2024-03-19T00:00:00+00:00
AIRFLOW_CTX_TRY_NUMBER=1
AIRFLOW_CTX_DAG_RUN_ID=scheduled__2024-03-19T00:00:00+00:00
[2024-06-04T23:53:17.758+0000] {logging_mixin.py:137} INFO - Total was 9
[2024-06-04T23:53:17.758+0000] {python.py:177} INFO - Done. Returned value was: None
[2024-06-04T23:53:17.765+0000] {taskinstance.py:1323} INFO - Marking task as SUCCESS. dag_id=example_dynamic_task_mapping, task_id=sum_it, execution_date=20240319T000000, start_date=20240604T235317, end_date=20240604T235317
[2024-06-04T23:53:17.778+0000] {local_task_job.py:208} INFO - Task exited with return code 0
[2024-06-04T23:53:17.792+0000] {taskinstance.py:2578} INFO - 0 downstream tasks scheduled from follow-on schedule check
