[2024-06-16T13:58:55.278+0000] {taskinstance.py:1083} INFO - Dependencies all met for <TaskInstance: tutorial_dag.load manual__2024-06-16T13:58:08+00:00 [queued]>
[2024-06-16T13:58:55.284+0000] {taskinstance.py:1083} INFO - Dependencies all met for <TaskInstance: tutorial_dag.load manual__2024-06-16T13:58:08+00:00 [queued]>
[2024-06-16T13:58:55.284+0000] {taskinstance.py:1279} INFO - 
--------------------------------------------------------------------------------
[2024-06-16T13:58:55.284+0000] {taskinstance.py:1280} INFO - Starting attempt 1 of 3
[2024-06-16T13:58:55.284+0000] {taskinstance.py:1281} INFO - 
--------------------------------------------------------------------------------
[2024-06-16T13:58:55.295+0000] {taskinstance.py:1300} INFO - Executing <Task(PythonOperator): load> on 2024-06-16 13:58:08+00:00
[2024-06-16T13:58:55.300+0000] {standard_task_runner.py:55} INFO - Started process 963 to run task
[2024-06-16T13:58:55.303+0000] {standard_task_runner.py:82} INFO - Running: ['***', 'tasks', 'run', 'tutorial_dag', 'load', 'manual__2024-06-16T13:58:08+00:00', '--job-id', '33231', '--raw', '--subdir', '/home/***/.local/lib/python3.7/site-packages/***/example_dags/tutorial_dag.py', '--cfg-path', '/tmp/tmp5em3bku7']
[2024-06-16T13:58:55.303+0000] {standard_task_runner.py:83} INFO - Job 33231: Subtask load
[2024-06-16T13:58:55.346+0000] {task_command.py:388} INFO - Running <TaskInstance: tutorial_dag.load manual__2024-06-16T13:58:08+00:00 [running]> on host 01364b699017
[2024-06-16T13:58:55.395+0000] {taskinstance.py:1509} INFO - Exporting the following env vars:
AIRFLOW_CTX_DAG_OWNER=***
AIRFLOW_CTX_DAG_ID=tutorial_dag
AIRFLOW_CTX_TASK_ID=load
AIRFLOW_CTX_EXECUTION_DATE=2024-06-16T13:58:08+00:00
AIRFLOW_CTX_TRY_NUMBER=1
AIRFLOW_CTX_DAG_RUN_ID=manual__2024-06-16T13:58:08+00:00
[2024-06-16T13:58:55.403+0000] {logging_mixin.py:137} INFO - {'total_order_value': 1236.7}
[2024-06-16T13:58:55.403+0000] {python.py:177} INFO - Done. Returned value was: None
[2024-06-16T13:58:55.410+0000] {taskinstance.py:1323} INFO - Marking task as SUCCESS. dag_id=tutorial_dag, task_id=load, execution_date=20240616T135808, start_date=20240616T135855, end_date=20240616T135855
[2024-06-16T13:58:55.434+0000] {local_task_job.py:208} INFO - Task exited with return code 0
[2024-06-16T13:58:55.448+0000] {taskinstance.py:2578} INFO - 0 downstream tasks scheduled from follow-on schedule check
