[2024-06-09T17:28:46.863+0000] {taskinstance.py:1083} INFO - Dependencies all met for <TaskInstance: dataset_consumes_1.consuming_1 dataset_triggered__2024-06-09T17:28:45.639111+00:00 [queued]>
[2024-06-09T17:28:46.872+0000] {taskinstance.py:1083} INFO - Dependencies all met for <TaskInstance: dataset_consumes_1.consuming_1 dataset_triggered__2024-06-09T17:28:45.639111+00:00 [queued]>
[2024-06-09T17:28:46.873+0000] {taskinstance.py:1279} INFO - 
--------------------------------------------------------------------------------
[2024-06-09T17:28:46.873+0000] {taskinstance.py:1280} INFO - Starting attempt 1 of 1
[2024-06-09T17:28:46.873+0000] {taskinstance.py:1281} INFO - 
--------------------------------------------------------------------------------
[2024-06-09T17:28:46.886+0000] {taskinstance.py:1300} INFO - Executing <Task(BashOperator): consuming_1> on 2024-06-09 17:28:45.639111+00:00
[2024-06-09T17:28:46.893+0000] {standard_task_runner.py:55} INFO - Started process 218 to run task
[2024-06-09T17:28:46.896+0000] {standard_task_runner.py:82} INFO - Running: ['***', 'tasks', 'run', 'dataset_consumes_1', 'consuming_1', 'dataset_triggered__2024-06-09T17:28:45.639111+00:00', '--job-id', '13300', '--raw', '--subdir', '/home/***/.local/lib/python3.7/site-packages/***/example_dags/example_datasets.py', '--cfg-path', '/tmp/tmpkua0yn7o']
[2024-06-09T17:28:46.896+0000] {standard_task_runner.py:83} INFO - Job 13300: Subtask consuming_1
[2024-06-09T17:28:46.949+0000] {task_command.py:388} INFO - Running <TaskInstance: dataset_consumes_1.consuming_1 dataset_triggered__2024-06-09T17:28:45.639111+00:00 [running]> on host 27113cccce1f
[2024-06-09T17:28:47.004+0000] {taskinstance.py:1509} INFO - Exporting the following env vars:
AIRFLOW_CTX_DAG_OWNER=***
AIRFLOW_CTX_DAG_ID=dataset_consumes_1
AIRFLOW_CTX_TASK_ID=consuming_1
AIRFLOW_CTX_EXECUTION_DATE=2024-06-09T17:28:45.639111+00:00
AIRFLOW_CTX_TRY_NUMBER=1
AIRFLOW_CTX_DAG_RUN_ID=dataset_triggered__2024-06-09T17:28:45.639111+00:00
[2024-06-09T17:28:47.005+0000] {subprocess.py:63} INFO - Tmp dir root location: 
 /tmp
[2024-06-09T17:28:47.006+0000] {subprocess.py:75} INFO - Running command: ['/bin/bash', '-c', 'sleep 5']
[2024-06-09T17:28:47.019+0000] {subprocess.py:86} INFO - Output:
[2024-06-09T17:28:51.020+0000] {subprocess.py:97} INFO - Command exited with return code 0
[2024-06-09T17:28:51.033+0000] {warnings.py:110} WARNING - /home/***/.local/lib/python3.7/site-packages/***/models/baseoperator.py:1376: RemovedInAirflow3Warning: Passing 'execution_date' to 'TaskInstance.xcom_push()' is deprecated.
  context["ti"].xcom_push(key=key, value=value, execution_date=execution_date)

[2024-06-09T17:28:51.048+0000] {taskinstance.py:1323} INFO - Marking task as SUCCESS. dag_id=dataset_consumes_1, task_id=consuming_1, execution_date=20240609T172845, start_date=20240609T172846, end_date=20240609T172851
[2024-06-09T17:28:51.838+0000] {local_task_job.py:208} INFO - Task exited with return code 0
[2024-06-09T17:28:51.849+0000] {taskinstance.py:2578} INFO - 0 downstream tasks scheduled from follow-on schedule check
