[2024-06-10T18:18:21.979+0000] {taskinstance.py:1083} INFO - Dependencies all met for <TaskInstance: example_sla_dag.sleep_30 scheduled__2024-06-10T18:16:00+00:00 [queued]>
[2024-06-10T18:18:21.986+0000] {taskinstance.py:1083} INFO - Dependencies all met for <TaskInstance: example_sla_dag.sleep_30 scheduled__2024-06-10T18:16:00+00:00 [queued]>
[2024-06-10T18:18:21.987+0000] {taskinstance.py:1279} INFO - 
--------------------------------------------------------------------------------
[2024-06-10T18:18:21.987+0000] {taskinstance.py:1280} INFO - Starting attempt 1 of 1
[2024-06-10T18:18:21.987+0000] {taskinstance.py:1281} INFO - 
--------------------------------------------------------------------------------
[2024-06-10T18:18:21.998+0000] {taskinstance.py:1300} INFO - Executing <Task(_PythonDecoratedOperator): sleep_30> on 2024-06-10 18:16:00+00:00
[2024-06-10T18:18:22.004+0000] {standard_task_runner.py:55} INFO - Started process 59776 to run task
[2024-06-10T18:18:22.006+0000] {standard_task_runner.py:82} INFO - Running: ['***', 'tasks', 'run', 'example_sla_dag', 'sleep_30', 'scheduled__2024-06-10T18:16:00+00:00', '--job-id', '17927', '--raw', '--subdir', '/home/***/.local/lib/python3.7/site-packages/***/example_dags/example_sla_dag.py', '--cfg-path', '/tmp/tmps2qaapa_']
[2024-06-10T18:18:22.006+0000] {standard_task_runner.py:83} INFO - Job 17927: Subtask sleep_30
[2024-06-10T18:18:22.051+0000] {task_command.py:388} INFO - Running <TaskInstance: example_sla_dag.sleep_30 scheduled__2024-06-10T18:16:00+00:00 [running]> on host 27113cccce1f
[2024-06-10T18:18:22.132+0000] {taskinstance.py:1509} INFO - Exporting the following env vars:
AIRFLOW_CTX_DAG_EMAIL=email@example.com
AIRFLOW_CTX_DAG_OWNER=***
AIRFLOW_CTX_DAG_ID=example_sla_dag
AIRFLOW_CTX_TASK_ID=sleep_30
AIRFLOW_CTX_EXECUTION_DATE=2024-06-10T18:16:00+00:00
AIRFLOW_CTX_TRY_NUMBER=1
AIRFLOW_CTX_DAG_RUN_ID=scheduled__2024-06-10T18:16:00+00:00
[2024-06-10T18:18:52.159+0000] {python.py:177} INFO - Done. Returned value was: None
[2024-06-10T18:18:52.168+0000] {taskinstance.py:1323} INFO - Marking task as SUCCESS. dag_id=example_sla_dag, task_id=sleep_30, execution_date=20240610T181600, start_date=20240610T181821, end_date=20240610T181852
[2024-06-10T18:18:52.201+0000] {local_task_job.py:208} INFO - Task exited with return code 0
[2024-06-10T18:18:52.212+0000] {taskinstance.py:2578} INFO - 0 downstream tasks scheduled from follow-on schedule check
