[2024-06-09T23:44:08.952+0000] {taskinstance.py:1083} INFO - Dependencies all met for <TaskInstance: example_short_circuit_operator.condition_is_False scheduled__2024-06-08T23:44:07.827442+00:00 [queued]>
[2024-06-09T23:44:08.962+0000] {taskinstance.py:1083} INFO - Dependencies all met for <TaskInstance: example_short_circuit_operator.condition_is_False scheduled__2024-06-08T23:44:07.827442+00:00 [queued]>
[2024-06-09T23:44:08.962+0000] {taskinstance.py:1279} INFO - 
--------------------------------------------------------------------------------
[2024-06-09T23:44:08.962+0000] {taskinstance.py:1280} INFO - Starting attempt 1 of 1
[2024-06-09T23:44:08.962+0000] {taskinstance.py:1281} INFO - 
--------------------------------------------------------------------------------
[2024-06-09T23:44:08.977+0000] {taskinstance.py:1300} INFO - Executing <Task(ShortCircuitOperator): condition_is_False> on 2024-06-08 23:44:07.827442+00:00
[2024-06-09T23:44:08.985+0000] {standard_task_runner.py:55} INFO - Started process 51034 to run task
[2024-06-09T23:44:08.990+0000] {standard_task_runner.py:82} INFO - Running: ['***', 'tasks', 'run', 'example_short_circuit_operator', 'condition_is_False', 'scheduled__2024-06-08T23:44:07.827442+00:00', '--job-id', '15186', '--raw', '--subdir', '/home/***/.local/lib/python3.7/site-packages/***/example_dags/example_short_circuit_operator.py', '--cfg-path', '/tmp/tmp1g7lqyi2']
[2024-06-09T23:44:08.990+0000] {standard_task_runner.py:83} INFO - Job 15186: Subtask condition_is_False
[2024-06-09T23:44:09.041+0000] {task_command.py:388} INFO - Running <TaskInstance: example_short_circuit_operator.condition_is_False scheduled__2024-06-08T23:44:07.827442+00:00 [running]> on host 27113cccce1f
[2024-06-09T23:44:09.095+0000] {taskinstance.py:1509} INFO - Exporting the following env vars:
AIRFLOW_CTX_DAG_OWNER=***
AIRFLOW_CTX_DAG_ID=example_short_circuit_operator
AIRFLOW_CTX_TASK_ID=condition_is_False
AIRFLOW_CTX_EXECUTION_DATE=2024-06-08T23:44:07.827442+00:00
AIRFLOW_CTX_TRY_NUMBER=1
AIRFLOW_CTX_DAG_RUN_ID=scheduled__2024-06-08T23:44:07.827442+00:00
[2024-06-09T23:44:09.096+0000] {python.py:177} INFO - Done. Returned value was: False
[2024-06-09T23:44:09.097+0000] {python.py:248} INFO - Condition result is False
[2024-06-09T23:44:09.098+0000] {python.py:262} INFO - Skipping all downstream tasks...
[2024-06-09T23:44:09.121+0000] {python.py:270} INFO - Done.
[2024-06-09T23:44:09.129+0000] {taskinstance.py:1323} INFO - Marking task as SUCCESS. dag_id=example_short_circuit_operator, task_id=condition_is_False, execution_date=20240608T234407, start_date=20240609T234408, end_date=20240609T234409
[2024-06-09T23:44:09.159+0000] {local_task_job.py:208} INFO - Task exited with return code 0
[2024-06-09T23:44:09.193+0000] {taskinstance.py:2578} INFO - 0 downstream tasks scheduled from follow-on schedule check
