[2024-06-14T12:30:50.334+0000] {taskinstance.py:1083} INFO - Dependencies all met for <TaskInstance: example_task_group.section_1.task_2 scheduled__2024-06-11T23:44:07.123547+00:00 [queued]>
[2024-06-14T12:30:50.345+0000] {taskinstance.py:1083} INFO - Dependencies all met for <TaskInstance: example_task_group.section_1.task_2 scheduled__2024-06-11T23:44:07.123547+00:00 [queued]>
[2024-06-14T12:30:50.345+0000] {taskinstance.py:1279} INFO - 
--------------------------------------------------------------------------------
[2024-06-14T12:30:50.345+0000] {taskinstance.py:1280} INFO - Starting attempt 1 of 1
[2024-06-14T12:30:50.345+0000] {taskinstance.py:1281} INFO - 
--------------------------------------------------------------------------------
[2024-06-14T12:30:50.366+0000] {taskinstance.py:1300} INFO - Executing <Task(BashOperator): section_1.task_2> on 2024-06-11 23:44:07.123547+00:00
[2024-06-14T12:30:50.377+0000] {standard_task_runner.py:55} INFO - Started process 103 to run task
[2024-06-14T12:30:50.380+0000] {standard_task_runner.py:82} INFO - Running: ['***', 'tasks', 'run', 'example_task_group', 'section_1.task_2', 'scheduled__2024-06-11T23:44:07.123547+00:00', '--job-id', '24396', '--raw', '--subdir', '/home/***/.local/lib/python3.7/site-packages/***/example_dags/example_task_group.py', '--cfg-path', '/tmp/tmppev6zkqo']
[2024-06-14T12:30:50.380+0000] {standard_task_runner.py:83} INFO - Job 24396: Subtask section_1.task_2
[2024-06-14T12:30:50.478+0000] {task_command.py:388} INFO - Running <TaskInstance: example_task_group.section_1.task_2 scheduled__2024-06-11T23:44:07.123547+00:00 [running]> on host 27113cccce1f
[2024-06-14T12:30:50.627+0000] {taskinstance.py:1509} INFO - Exporting the following env vars:
AIRFLOW_CTX_DAG_OWNER=***
AIRFLOW_CTX_DAG_ID=example_task_group
AIRFLOW_CTX_TASK_ID=section_1.task_2
AIRFLOW_CTX_EXECUTION_DATE=2024-06-11T23:44:07.123547+00:00
AIRFLOW_CTX_TRY_NUMBER=1
AIRFLOW_CTX_DAG_RUN_ID=scheduled__2024-06-11T23:44:07.123547+00:00
[2024-06-14T12:30:50.628+0000] {subprocess.py:63} INFO - Tmp dir root location: 
 /tmp
[2024-06-14T12:30:50.629+0000] {subprocess.py:75} INFO - Running command: ['/bin/bash', '-c', 'echo 1']
[2024-06-14T12:30:50.656+0000] {subprocess.py:86} INFO - Output:
[2024-06-14T12:30:50.656+0000] {subprocess.py:93} INFO - 1
[2024-06-14T12:30:50.657+0000] {subprocess.py:97} INFO - Command exited with return code 0
[2024-06-14T12:30:50.698+0000] {taskinstance.py:1323} INFO - Marking task as SUCCESS. dag_id=example_task_group, task_id=section_1.task_2, execution_date=20240611T234407, start_date=20240614T123050, end_date=20240614T123050
[2024-06-14T12:30:50.764+0000] {local_task_job.py:208} INFO - Task exited with return code 0
[2024-06-14T12:30:50.811+0000] {taskinstance.py:2578} INFO - 3 downstream tasks scheduled from follow-on schedule check
