[2024-06-04T23:44:09.789+0000] {taskinstance.py:1083} INFO - Dependencies all met for <TaskInstance: example_short_circuit_decorator.condition_is_false scheduled__2024-06-03T23:44:05.611977+00:00 [queued]>
[2024-06-04T23:44:09.799+0000] {taskinstance.py:1083} INFO - Dependencies all met for <TaskInstance: example_short_circuit_decorator.condition_is_false scheduled__2024-06-03T23:44:05.611977+00:00 [queued]>
[2024-06-04T23:44:09.799+0000] {taskinstance.py:1279} INFO - 
--------------------------------------------------------------------------------
[2024-06-04T23:44:09.799+0000] {taskinstance.py:1280} INFO - Starting attempt 1 of 1
[2024-06-04T23:44:09.799+0000] {taskinstance.py:1281} INFO - 
--------------------------------------------------------------------------------
[2024-06-04T23:44:09.814+0000] {taskinstance.py:1300} INFO - Executing <Task(_ShortCircuitDecoratedOperator): condition_is_false> on 2024-06-03 23:44:05.611977+00:00
[2024-06-04T23:44:09.823+0000] {standard_task_runner.py:55} INFO - Started process 1093 to run task
[2024-06-04T23:44:09.825+0000] {standard_task_runner.py:82} INFO - Running: ['***', 'tasks', 'run', 'example_short_circuit_decorator', 'condition_is_false', 'scheduled__2024-06-03T23:44:05.611977+00:00', '--job-id', '92', '--raw', '--subdir', '/home/***/.local/lib/python3.7/site-packages/***/example_dags/example_short_circuit_decorator.py', '--cfg-path', '/tmp/tmpt1rxq5nb']
[2024-06-04T23:44:09.825+0000] {standard_task_runner.py:83} INFO - Job 92: Subtask condition_is_false
[2024-06-04T23:44:09.876+0000] {task_command.py:388} INFO - Running <TaskInstance: example_short_circuit_decorator.condition_is_false scheduled__2024-06-03T23:44:05.611977+00:00 [running]> on host 27113cccce1f
[2024-06-04T23:44:09.935+0000] {taskinstance.py:1509} INFO - Exporting the following env vars:
AIRFLOW_CTX_DAG_OWNER=***
AIRFLOW_CTX_DAG_ID=example_short_circuit_decorator
AIRFLOW_CTX_TASK_ID=condition_is_false
AIRFLOW_CTX_EXECUTION_DATE=2024-06-03T23:44:05.611977+00:00
AIRFLOW_CTX_TRY_NUMBER=1
AIRFLOW_CTX_DAG_RUN_ID=scheduled__2024-06-03T23:44:05.611977+00:00
[2024-06-04T23:44:09.936+0000] {python.py:177} INFO - Done. Returned value was: False
[2024-06-04T23:44:09.937+0000] {python.py:248} INFO - Condition result is False
[2024-06-04T23:44:09.937+0000] {python.py:262} INFO - Skipping all downstream tasks...
[2024-06-04T23:44:09.959+0000] {python.py:270} INFO - Done.
[2024-06-04T23:44:09.967+0000] {taskinstance.py:1323} INFO - Marking task as SUCCESS. dag_id=example_short_circuit_decorator, task_id=condition_is_false, execution_date=20240603T234405, start_date=20240604T234409, end_date=20240604T234409
[2024-06-04T23:44:09.997+0000] {local_task_job.py:208} INFO - Task exited with return code 0
[2024-06-04T23:44:10.011+0000] {taskinstance.py:2578} INFO - 0 downstream tasks scheduled from follow-on schedule check
