[2024-06-15T14:10:18.781+0000] {taskinstance.py:1083} INFO - Dependencies all met for <TaskInstance: latest_only.latest_only scheduled__2024-06-15T10:10:17.428205+00:00 [queued]>
[2024-06-15T14:10:18.791+0000] {taskinstance.py:1083} INFO - Dependencies all met for <TaskInstance: latest_only.latest_only scheduled__2024-06-15T10:10:17.428205+00:00 [queued]>
[2024-06-15T14:10:18.792+0000] {taskinstance.py:1279} INFO - 
--------------------------------------------------------------------------------
[2024-06-15T14:10:18.792+0000] {taskinstance.py:1280} INFO - Starting attempt 1 of 1
[2024-06-15T14:10:18.792+0000] {taskinstance.py:1281} INFO - 
--------------------------------------------------------------------------------
[2024-06-15T14:10:18.810+0000] {taskinstance.py:1300} INFO - Executing <Task(LatestOnlyOperator): latest_only> on 2024-06-15 10:10:17.428205+00:00
[2024-06-15T14:10:18.818+0000] {standard_task_runner.py:55} INFO - Started process 140 to run task
[2024-06-15T14:10:18.820+0000] {standard_task_runner.py:82} INFO - Running: ['***', 'tasks', 'run', 'latest_only', 'latest_only', 'scheduled__2024-06-15T10:10:17.428205+00:00', '--job-id', '28554', '--raw', '--subdir', '/home/***/.local/lib/python3.7/site-packages/***/example_dags/example_latest_only.py', '--cfg-path', '/tmp/tmp94lo14sk']
[2024-06-15T14:10:18.821+0000] {standard_task_runner.py:83} INFO - Job 28554: Subtask latest_only
[2024-06-15T14:10:18.888+0000] {task_command.py:388} INFO - Running <TaskInstance: latest_only.latest_only scheduled__2024-06-15T10:10:17.428205+00:00 [running]> on host 27113cccce1f
[2024-06-15T14:10:18.994+0000] {taskinstance.py:1509} INFO - Exporting the following env vars:
AIRFLOW_CTX_DAG_OWNER=***
AIRFLOW_CTX_DAG_ID=latest_only
AIRFLOW_CTX_TASK_ID=latest_only
AIRFLOW_CTX_EXECUTION_DATE=2024-06-15T10:10:17.428205+00:00
AIRFLOW_CTX_TRY_NUMBER=1
AIRFLOW_CTX_DAG_RUN_ID=scheduled__2024-06-15T10:10:17.428205+00:00
[2024-06-15T14:10:18.995+0000] {latest_only.py:70} INFO - Checking latest only with left_window: 2024-06-15T14:10:17.428205+00:00 right_window: 2024-06-15T18:10:17.428205+00:00 now: 2024-06-15T14:10:18.995178+00:00
[2024-06-15T14:10:18.995+0000] {latest_only.py:79} INFO - Latest, allowing execution to proceed.
[2024-06-15T14:10:18.995+0000] {skipmixin.py:155} INFO - Following branch ['task1']
[2024-06-15T14:10:18.995+0000] {skipmixin.py:211} INFO - Skipping tasks []
[2024-06-15T14:10:19.060+0000] {taskinstance.py:1323} INFO - Marking task as SUCCESS. dag_id=latest_only, task_id=latest_only, execution_date=20240615T101017, start_date=20240615T141018, end_date=20240615T141019
[2024-06-15T14:10:19.113+0000] {local_task_job.py:208} INFO - Task exited with return code 0
[2024-06-15T14:10:19.165+0000] {taskinstance.py:2578} INFO - 0 downstream tasks scheduled from follow-on schedule check
