[2024-06-14T12:31:57.348+0000] {taskinstance.py:1083} INFO - Dependencies all met for <TaskInstance: tutorial.print_date scheduled__2024-06-13T12:31:31.764902+00:00 [queued]>
[2024-06-14T12:31:57.357+0000] {taskinstance.py:1083} INFO - Dependencies all met for <TaskInstance: tutorial.print_date scheduled__2024-06-13T12:31:31.764902+00:00 [queued]>
[2024-06-14T12:31:57.357+0000] {taskinstance.py:1279} INFO - 
--------------------------------------------------------------------------------
[2024-06-14T12:31:57.358+0000] {taskinstance.py:1280} INFO - Starting attempt 1 of 2
[2024-06-14T12:31:57.358+0000] {taskinstance.py:1281} INFO - 
--------------------------------------------------------------------------------
[2024-06-14T12:31:57.376+0000] {taskinstance.py:1300} INFO - Executing <Task(BashOperator): print_date> on 2024-06-13 12:31:31.764902+00:00
[2024-06-14T12:31:57.384+0000] {standard_task_runner.py:55} INFO - Started process 694 to run task
[2024-06-14T12:31:57.387+0000] {standard_task_runner.py:82} INFO - Running: ['***', 'tasks', 'run', 'tutorial', 'print_date', 'scheduled__2024-06-13T12:31:31.764902+00:00', '--job-id', '24684', '--raw', '--subdir', '/home/***/.local/lib/python3.7/site-packages/***/example_dags/tutorial.py', '--cfg-path', '/tmp/tmpptuz3fhk']
[2024-06-14T12:31:57.388+0000] {standard_task_runner.py:83} INFO - Job 24684: Subtask print_date
[2024-06-14T12:31:57.439+0000] {task_command.py:388} INFO - Running <TaskInstance: tutorial.print_date scheduled__2024-06-13T12:31:31.764902+00:00 [running]> on host 27113cccce1f
[2024-06-14T12:31:57.509+0000] {taskinstance.py:1509} INFO - Exporting the following env vars:
AIRFLOW_CTX_DAG_EMAIL=***@example.com
AIRFLOW_CTX_DAG_OWNER=***
AIRFLOW_CTX_DAG_ID=tutorial
AIRFLOW_CTX_TASK_ID=print_date
AIRFLOW_CTX_EXECUTION_DATE=2024-06-13T12:31:31.764902+00:00
AIRFLOW_CTX_TRY_NUMBER=1
AIRFLOW_CTX_DAG_RUN_ID=scheduled__2024-06-13T12:31:31.764902+00:00
[2024-06-14T12:31:57.510+0000] {subprocess.py:63} INFO - Tmp dir root location: 
 /tmp
[2024-06-14T12:31:57.510+0000] {subprocess.py:75} INFO - Running command: ['/bin/bash', '-c', 'date']
[2024-06-14T12:31:57.525+0000] {subprocess.py:86} INFO - Output:
[2024-06-14T12:31:57.529+0000] {subprocess.py:93} INFO - Fri Jun 14 12:31:57 UTC 2024
[2024-06-14T12:31:57.530+0000] {subprocess.py:97} INFO - Command exited with return code 0
[2024-06-14T12:31:57.553+0000] {taskinstance.py:1323} INFO - Marking task as SUCCESS. dag_id=tutorial, task_id=print_date, execution_date=20240613T123131, start_date=20240614T123157, end_date=20240614T123157
[2024-06-14T12:31:57.599+0000] {local_task_job.py:208} INFO - Task exited with return code 0
[2024-06-14T12:31:57.620+0000] {taskinstance.py:2578} INFO - 2 downstream tasks scheduled from follow-on schedule check
