[2024-06-04T23:48:56.742+0000] {taskinstance.py:1083} INFO - Dependencies all met for <TaskInstance: example_xcom.bash_pull scheduled__2021-01-01T00:00:00+00:00 [queued]>
[2024-06-04T23:48:56.751+0000] {taskinstance.py:1083} INFO - Dependencies all met for <TaskInstance: example_xcom.bash_pull scheduled__2021-01-01T00:00:00+00:00 [queued]>
[2024-06-04T23:48:56.751+0000] {taskinstance.py:1279} INFO - 
--------------------------------------------------------------------------------
[2024-06-04T23:48:56.752+0000] {taskinstance.py:1280} INFO - Starting attempt 1 of 1
[2024-06-04T23:48:56.752+0000] {taskinstance.py:1281} INFO - 
--------------------------------------------------------------------------------
[2024-06-04T23:48:56.765+0000] {taskinstance.py:1300} INFO - Executing <Task(BashOperator): bash_pull> on 2021-01-01 00:00:00+00:00
[2024-06-04T23:48:56.771+0000] {standard_task_runner.py:55} INFO - Started process 4779 to run task
[2024-06-04T23:48:56.774+0000] {standard_task_runner.py:82} INFO - Running: ['***', 'tasks', 'run', 'example_xcom', 'bash_pull', 'scheduled__2021-01-01T00:00:00+00:00', '--job-id', '1647', '--raw', '--subdir', '/home/***/.local/lib/python3.7/site-packages/***/example_dags/example_xcom.py', '--cfg-path', '/tmp/tmpneai03a4']
[2024-06-04T23:48:56.775+0000] {standard_task_runner.py:83} INFO - Job 1647: Subtask bash_pull
[2024-06-04T23:48:56.843+0000] {task_command.py:388} INFO - Running <TaskInstance: example_xcom.bash_pull scheduled__2021-01-01T00:00:00+00:00 [running]> on host 27113cccce1f
[2024-06-04T23:48:56.951+0000] {taskinstance.py:1509} INFO - Exporting the following env vars:
AIRFLOW_CTX_DAG_OWNER=***
AIRFLOW_CTX_DAG_ID=example_xcom
AIRFLOW_CTX_TASK_ID=bash_pull
AIRFLOW_CTX_EXECUTION_DATE=2021-01-01T00:00:00+00:00
AIRFLOW_CTX_TRY_NUMBER=1
AIRFLOW_CTX_DAG_RUN_ID=scheduled__2021-01-01T00:00:00+00:00
[2024-06-04T23:48:56.952+0000] {subprocess.py:63} INFO - Tmp dir root location: 
 /tmp
[2024-06-04T23:48:56.953+0000] {subprocess.py:75} INFO - Running command: ['/bin/bash', '-c', 'echo "bash pull demo" && echo "The xcom pushed manually is manually_pushed_value" && echo "The returned_value xcom is value_by_return" && echo "finished"']
[2024-06-04T23:48:56.974+0000] {subprocess.py:86} INFO - Output:
[2024-06-04T23:48:56.977+0000] {subprocess.py:93} INFO - bash pull demo
[2024-06-04T23:48:56.977+0000] {subprocess.py:93} INFO - The xcom pushed manually is manually_pushed_value
[2024-06-04T23:48:56.977+0000] {subprocess.py:93} INFO - The returned_value xcom is value_by_return
[2024-06-04T23:48:56.977+0000] {subprocess.py:93} INFO - finished
[2024-06-04T23:48:56.978+0000] {subprocess.py:97} INFO - Command exited with return code 0
[2024-06-04T23:48:56.994+0000] {taskinstance.py:1323} INFO - Marking task as SUCCESS. dag_id=example_xcom, task_id=bash_pull, execution_date=20210101T000000, start_date=20240604T234856, end_date=20240604T234856
[2024-06-04T23:48:57.026+0000] {local_task_job.py:208} INFO - Task exited with return code 0
[2024-06-04T23:48:57.048+0000] {taskinstance.py:2578} INFO - 0 downstream tasks scheduled from follow-on schedule check
