[2024-06-16T04:13:48.973+0000] {taskinstance.py:1083} INFO - Dependencies all met for <TaskInstance: process_data_dag.send_data_to_database manual__2024-06-16T03:41:32.299932+00:00 [queued]>
[2024-06-16T04:13:48.979+0000] {taskinstance.py:1083} INFO - Dependencies all met for <TaskInstance: process_data_dag.send_data_to_database manual__2024-06-16T03:41:32.299932+00:00 [queued]>
[2024-06-16T04:13:48.979+0000] {taskinstance.py:1279} INFO - 
--------------------------------------------------------------------------------
[2024-06-16T04:13:48.979+0000] {taskinstance.py:1280} INFO - Starting attempt 9 of 10
[2024-06-16T04:13:48.979+0000] {taskinstance.py:1281} INFO - 
--------------------------------------------------------------------------------
[2024-06-16T04:13:48.989+0000] {taskinstance.py:1300} INFO - Executing <Task(PythonOperator): send_data_to_database> on 2024-06-16 03:41:32.299932+00:00
[2024-06-16T04:13:48.997+0000] {standard_task_runner.py:55} INFO - Started process 1106 to run task
[2024-06-16T04:13:48.999+0000] {standard_task_runner.py:82} INFO - Running: ['***', 'tasks', 'run', 'process_data_dag', 'send_data_to_database', 'manual__2024-06-16T03:41:32.299932+00:00', '--job-id', '32822', '--raw', '--subdir', 'DAGS_FOLDER/process_data.py', '--cfg-path', '/tmp/tmp0r4teo3g']
[2024-06-16T04:13:49.000+0000] {standard_task_runner.py:83} INFO - Job 32822: Subtask send_data_to_database
[2024-06-16T04:13:49.042+0000] {task_command.py:388} INFO - Running <TaskInstance: process_data_dag.send_data_to_database manual__2024-06-16T03:41:32.299932+00:00 [running]> on host 1caec24182a1
[2024-06-16T04:13:49.107+0000] {taskinstance.py:1509} INFO - Exporting the following env vars:
AIRFLOW_CTX_DAG_OWNER=***
AIRFLOW_CTX_DAG_ID=process_data_dag
AIRFLOW_CTX_TASK_ID=send_data_to_database
AIRFLOW_CTX_EXECUTION_DATE=2024-06-16T03:41:32.299932+00:00
AIRFLOW_CTX_TRY_NUMBER=9
AIRFLOW_CTX_DAG_RUN_ID=manual__2024-06-16T03:41:32.299932+00:00
[2024-06-16T04:13:49.162+0000] {logging_mixin.py:137} INFO - Table tempo_cidades loaded successfully
[2024-06-16T04:13:49.174+0000] {logging_mixin.py:137} INFO - Table rota_trafego loaded successfully
[2024-06-16T04:13:49.174+0000] {python.py:177} INFO - Done. Returned value was: None
[2024-06-16T04:13:49.182+0000] {taskinstance.py:1323} INFO - Marking task as SUCCESS. dag_id=process_data_dag, task_id=send_data_to_database, execution_date=20240616T034132, start_date=20240616T041348, end_date=20240616T041349
[2024-06-16T04:13:49.211+0000] {local_task_job.py:208} INFO - Task exited with return code 0
[2024-06-16T04:13:49.227+0000] {taskinstance.py:2578} INFO - 1 downstream tasks scheduled from follow-on schedule check
