[2024-06-14T12:31:25.374+0000] {taskinstance.py:1083} INFO - Dependencies all met for <TaskInstance: example_task_group.section_1.task_2 scheduled__2024-06-13T12:31:06.856636+00:00 [queued]>
[2024-06-14T12:31:25.386+0000] {taskinstance.py:1083} INFO - Dependencies all met for <TaskInstance: example_task_group.section_1.task_2 scheduled__2024-06-13T12:31:06.856636+00:00 [queued]>
[2024-06-14T12:31:25.387+0000] {taskinstance.py:1279} INFO - 
--------------------------------------------------------------------------------
[2024-06-14T12:31:25.387+0000] {taskinstance.py:1280} INFO - Starting attempt 1 of 1
[2024-06-14T12:31:25.387+0000] {taskinstance.py:1281} INFO - 
--------------------------------------------------------------------------------
[2024-06-14T12:31:25.408+0000] {taskinstance.py:1300} INFO - Executing <Task(BashOperator): section_1.task_2> on 2024-06-13 12:31:06.856636+00:00
[2024-06-14T12:31:25.416+0000] {standard_task_runner.py:55} INFO - Started process 533 to run task
[2024-06-14T12:31:25.419+0000] {standard_task_runner.py:82} INFO - Running: ['***', 'tasks', 'run', 'example_task_group', 'section_1.task_2', 'scheduled__2024-06-13T12:31:06.856636+00:00', '--job-id', '24643', '--raw', '--subdir', '/home/***/.local/lib/python3.7/site-packages/***/example_dags/example_task_group.py', '--cfg-path', '/tmp/tmphpsux1_p']
[2024-06-14T12:31:25.420+0000] {standard_task_runner.py:83} INFO - Job 24643: Subtask section_1.task_2
[2024-06-14T12:31:25.493+0000] {task_command.py:388} INFO - Running <TaskInstance: example_task_group.section_1.task_2 scheduled__2024-06-13T12:31:06.856636+00:00 [running]> on host 27113cccce1f
[2024-06-14T12:31:25.575+0000] {taskinstance.py:1509} INFO - Exporting the following env vars:
AIRFLOW_CTX_DAG_OWNER=***
AIRFLOW_CTX_DAG_ID=example_task_group
AIRFLOW_CTX_TASK_ID=section_1.task_2
AIRFLOW_CTX_EXECUTION_DATE=2024-06-13T12:31:06.856636+00:00
AIRFLOW_CTX_TRY_NUMBER=1
AIRFLOW_CTX_DAG_RUN_ID=scheduled__2024-06-13T12:31:06.856636+00:00
[2024-06-14T12:31:25.576+0000] {subprocess.py:63} INFO - Tmp dir root location: 
 /tmp
[2024-06-14T12:31:25.576+0000] {subprocess.py:75} INFO - Running command: ['/bin/bash', '-c', 'echo 1']
[2024-06-14T12:31:25.593+0000] {subprocess.py:86} INFO - Output:
[2024-06-14T12:31:25.595+0000] {subprocess.py:93} INFO - 1
[2024-06-14T12:31:25.596+0000] {subprocess.py:97} INFO - Command exited with return code 0
[2024-06-14T12:31:25.628+0000] {taskinstance.py:1323} INFO - Marking task as SUCCESS. dag_id=example_task_group, task_id=section_1.task_2, execution_date=20240613T123106, start_date=20240614T123125, end_date=20240614T123125
[2024-06-14T12:31:25.671+0000] {local_task_job.py:208} INFO - Task exited with return code 0
[2024-06-14T12:31:25.711+0000] {taskinstance.py:2578} INFO - 3 downstream tasks scheduled from follow-on schedule check
