[2024-06-14T12:30:50.600+0000] {taskinstance.py:1077} INFO - Dependencies not met for <TaskInstance: example_sla_dag.sleep_20 scheduled__2024-06-12T23:56:00+00:00 [scheduled]>, dependency 'Task Instance State' FAILED: Task is in the 'scheduled' state.
[2024-06-14T12:30:50.612+0000] {local_task_job.py:147} INFO - Task is not able to be run
[2024-06-14T12:30:53.564+0000] {taskinstance.py:1077} INFO - Dependencies not met for <TaskInstance: example_sla_dag.sleep_20 scheduled__2024-06-12T23:56:00+00:00 [scheduled]>, dependency 'Task Instance State' FAILED: Task is in the 'scheduled' state.
[2024-06-14T12:30:53.591+0000] {local_task_job.py:147} INFO - Task is not able to be run
[2024-06-14T12:30:55.409+0000] {taskinstance.py:1077} INFO - Dependencies not met for <TaskInstance: example_sla_dag.sleep_20 scheduled__2024-06-12T23:56:00+00:00 [scheduled]>, dependency 'Task Instance State' FAILED: Task is in the 'scheduled' state.
[2024-06-14T12:30:55.422+0000] {local_task_job.py:147} INFO - Task is not able to be run
[2024-06-14T12:30:57.103+0000] {taskinstance.py:1077} INFO - Dependencies not met for <TaskInstance: example_sla_dag.sleep_20 scheduled__2024-06-12T23:56:00+00:00 [scheduled]>, dependency 'Task Instance State' FAILED: Task is in the 'scheduled' state.
[2024-06-14T12:30:57.145+0000] {local_task_job.py:147} INFO - Task is not able to be run
[2024-06-14T12:31:03.751+0000] {taskinstance.py:1083} INFO - Dependencies all met for <TaskInstance: example_sla_dag.sleep_20 scheduled__2024-06-12T23:56:00+00:00 [queued]>
[2024-06-14T12:31:03.764+0000] {taskinstance.py:1083} INFO - Dependencies all met for <TaskInstance: example_sla_dag.sleep_20 scheduled__2024-06-12T23:56:00+00:00 [queued]>
[2024-06-14T12:31:03.764+0000] {taskinstance.py:1279} INFO - 
--------------------------------------------------------------------------------
[2024-06-14T12:31:03.764+0000] {taskinstance.py:1280} INFO - Starting attempt 1 of 1
[2024-06-14T12:31:03.764+0000] {taskinstance.py:1281} INFO - 
--------------------------------------------------------------------------------
[2024-06-14T12:31:03.793+0000] {taskinstance.py:1300} INFO - Executing <Task(_PythonDecoratedOperator): sleep_20> on 2024-06-12 23:56:00+00:00
[2024-06-14T12:31:03.803+0000] {standard_task_runner.py:55} INFO - Started process 398 to run task
[2024-06-14T12:31:03.807+0000] {standard_task_runner.py:82} INFO - Running: ['***', 'tasks', 'run', 'example_sla_dag', 'sleep_20', 'scheduled__2024-06-12T23:56:00+00:00', '--job-id', '24596', '--raw', '--subdir', '/home/***/.local/lib/python3.7/site-packages/***/example_dags/example_sla_dag.py', '--cfg-path', '/tmp/tmpektm73z1']
[2024-06-14T12:31:03.808+0000] {standard_task_runner.py:83} INFO - Job 24596: Subtask sleep_20
[2024-06-14T12:31:03.897+0000] {task_command.py:388} INFO - Running <TaskInstance: example_sla_dag.sleep_20 scheduled__2024-06-12T23:56:00+00:00 [running]> on host 27113cccce1f
[2024-06-14T12:31:03.996+0000] {taskinstance.py:1509} INFO - Exporting the following env vars:
AIRFLOW_CTX_DAG_EMAIL=email@example.com
AIRFLOW_CTX_DAG_OWNER=***
AIRFLOW_CTX_DAG_ID=example_sla_dag
AIRFLOW_CTX_TASK_ID=sleep_20
AIRFLOW_CTX_EXECUTION_DATE=2024-06-12T23:56:00+00:00
AIRFLOW_CTX_TRY_NUMBER=1
AIRFLOW_CTX_DAG_RUN_ID=scheduled__2024-06-12T23:56:00+00:00
[2024-06-14T12:31:23.998+0000] {python.py:177} INFO - Done. Returned value was: None
[2024-06-14T12:31:24.008+0000] {taskinstance.py:1323} INFO - Marking task as SUCCESS. dag_id=example_sla_dag, task_id=sleep_20, execution_date=20240612T235600, start_date=20240614T123103, end_date=20240614T123124
[2024-06-14T12:31:24.032+0000] {local_task_job.py:208} INFO - Task exited with return code 0
[2024-06-14T12:31:24.049+0000] {taskinstance.py:2578} INFO - 1 downstream tasks scheduled from follow-on schedule check
