[2024-06-10T14:40:00.910+0000] {taskinstance.py:1083} INFO - Dependencies all met for <TaskInstance: example_sla_dag.sleep_20 scheduled__2024-06-10T14:38:00+00:00 [queued]>
[2024-06-10T14:40:00.916+0000] {taskinstance.py:1083} INFO - Dependencies all met for <TaskInstance: example_sla_dag.sleep_20 scheduled__2024-06-10T14:38:00+00:00 [queued]>
[2024-06-10T14:40:00.917+0000] {taskinstance.py:1279} INFO - 
--------------------------------------------------------------------------------
[2024-06-10T14:40:00.917+0000] {taskinstance.py:1280} INFO - Starting attempt 1 of 1
[2024-06-10T14:40:00.917+0000] {taskinstance.py:1281} INFO - 
--------------------------------------------------------------------------------
[2024-06-10T14:40:00.928+0000] {taskinstance.py:1300} INFO - Executing <Task(_PythonDecoratedOperator): sleep_20> on 2024-06-10 14:38:00+00:00
[2024-06-10T14:40:00.934+0000] {standard_task_runner.py:55} INFO - Started process 30130 to run task
[2024-06-10T14:40:00.936+0000] {standard_task_runner.py:82} INFO - Running: ['***', 'tasks', 'run', 'example_sla_dag', 'sleep_20', 'scheduled__2024-06-10T14:38:00+00:00', '--job-id', '16829', '--raw', '--subdir', '/home/***/.local/lib/python3.7/site-packages/***/example_dags/example_sla_dag.py', '--cfg-path', '/tmp/tmpjaf8hjsg']
[2024-06-10T14:40:00.937+0000] {standard_task_runner.py:83} INFO - Job 16829: Subtask sleep_20
[2024-06-10T14:40:00.995+0000] {task_command.py:388} INFO - Running <TaskInstance: example_sla_dag.sleep_20 scheduled__2024-06-10T14:38:00+00:00 [running]> on host 27113cccce1f
[2024-06-10T14:40:01.058+0000] {taskinstance.py:1509} INFO - Exporting the following env vars:
AIRFLOW_CTX_DAG_EMAIL=email@example.com
AIRFLOW_CTX_DAG_OWNER=***
AIRFLOW_CTX_DAG_ID=example_sla_dag
AIRFLOW_CTX_TASK_ID=sleep_20
AIRFLOW_CTX_EXECUTION_DATE=2024-06-10T14:38:00+00:00
AIRFLOW_CTX_TRY_NUMBER=1
AIRFLOW_CTX_DAG_RUN_ID=scheduled__2024-06-10T14:38:00+00:00
[2024-06-10T14:40:21.078+0000] {python.py:177} INFO - Done. Returned value was: None
[2024-06-10T14:40:21.086+0000] {taskinstance.py:1323} INFO - Marking task as SUCCESS. dag_id=example_sla_dag, task_id=sleep_20, execution_date=20240610T143800, start_date=20240610T144000, end_date=20240610T144021
[2024-06-10T14:40:21.111+0000] {local_task_job.py:208} INFO - Task exited with return code 0
[2024-06-10T14:40:21.127+0000] {taskinstance.py:2578} INFO - 1 downstream tasks scheduled from follow-on schedule check
