[2024-06-08T16:48:10.975+0000] {taskinstance.py:1083} INFO - Dependencies all met for <TaskInstance: example_sla_dag.sleep_30 scheduled__2024-06-07T18:16:00+00:00 [queued]>
[2024-06-08T16:48:10.982+0000] {taskinstance.py:1083} INFO - Dependencies all met for <TaskInstance: example_sla_dag.sleep_30 scheduled__2024-06-07T18:16:00+00:00 [queued]>
[2024-06-08T16:48:10.982+0000] {taskinstance.py:1279} INFO - 
--------------------------------------------------------------------------------
[2024-06-08T16:48:10.982+0000] {taskinstance.py:1280} INFO - Starting attempt 1 of 1
[2024-06-08T16:48:10.982+0000] {taskinstance.py:1281} INFO - 
--------------------------------------------------------------------------------
[2024-06-08T16:48:10.993+0000] {taskinstance.py:1300} INFO - Executing <Task(_PythonDecoratedOperator): sleep_30> on 2024-06-07 18:16:00+00:00
[2024-06-08T16:48:10.999+0000] {standard_task_runner.py:55} INFO - Started process 426 to run task
[2024-06-08T16:48:11.001+0000] {standard_task_runner.py:82} INFO - Running: ['***', 'tasks', 'run', 'example_sla_dag', 'sleep_30', 'scheduled__2024-06-07T18:16:00+00:00', '--job-id', '11817', '--raw', '--subdir', '/home/***/.local/lib/python3.7/site-packages/***/example_dags/example_sla_dag.py', '--cfg-path', '/tmp/tmpy6i0jiue']
[2024-06-08T16:48:11.002+0000] {standard_task_runner.py:83} INFO - Job 11817: Subtask sleep_30
[2024-06-08T16:48:11.053+0000] {task_command.py:388} INFO - Running <TaskInstance: example_sla_dag.sleep_30 scheduled__2024-06-07T18:16:00+00:00 [running]> on host 27113cccce1f
[2024-06-08T16:48:11.107+0000] {taskinstance.py:1509} INFO - Exporting the following env vars:
AIRFLOW_CTX_DAG_EMAIL=email@example.com
AIRFLOW_CTX_DAG_OWNER=***
AIRFLOW_CTX_DAG_ID=example_sla_dag
AIRFLOW_CTX_TASK_ID=sleep_30
AIRFLOW_CTX_EXECUTION_DATE=2024-06-07T18:16:00+00:00
AIRFLOW_CTX_TRY_NUMBER=1
AIRFLOW_CTX_DAG_RUN_ID=scheduled__2024-06-07T18:16:00+00:00
[2024-06-08T16:48:41.138+0000] {python.py:177} INFO - Done. Returned value was: None
[2024-06-08T16:48:41.145+0000] {taskinstance.py:1323} INFO - Marking task as SUCCESS. dag_id=example_sla_dag, task_id=sleep_30, execution_date=20240607T181600, start_date=20240608T164810, end_date=20240608T164841
[2024-06-08T16:48:41.194+0000] {local_task_job.py:208} INFO - Task exited with return code 0
[2024-06-08T16:48:41.206+0000] {taskinstance.py:2578} INFO - 0 downstream tasks scheduled from follow-on schedule check
