[2024-06-16T14:04:17.748+0000] {taskinstance.py:1083} INFO - Dependencies all met for <TaskInstance: process_data_dag.process_data manual__2024-06-16T14:03:46+00:00 [queued]>
[2024-06-16T14:04:17.753+0000] {taskinstance.py:1083} INFO - Dependencies all met for <TaskInstance: process_data_dag.process_data manual__2024-06-16T14:03:46+00:00 [queued]>
[2024-06-16T14:04:17.753+0000] {taskinstance.py:1279} INFO - 
--------------------------------------------------------------------------------
[2024-06-16T14:04:17.753+0000] {taskinstance.py:1280} INFO - Starting attempt 1 of 2
[2024-06-16T14:04:17.753+0000] {taskinstance.py:1281} INFO - 
--------------------------------------------------------------------------------
[2024-06-16T14:04:17.762+0000] {taskinstance.py:1300} INFO - Executing <Task(PythonOperator): process_data> on 2024-06-16 14:03:46+00:00
[2024-06-16T14:04:17.770+0000] {standard_task_runner.py:55} INFO - Started process 1707 to run task
[2024-06-16T14:04:17.772+0000] {standard_task_runner.py:82} INFO - Running: ['***', 'tasks', 'run', 'process_data_dag', 'process_data', 'manual__2024-06-16T14:03:46+00:00', '--job-id', '33265', '--raw', '--subdir', 'DAGS_FOLDER/process_data.py', '--cfg-path', '/tmp/tmpp8hdcyt6']
[2024-06-16T14:04:17.772+0000] {standard_task_runner.py:83} INFO - Job 33265: Subtask process_data
[2024-06-16T14:04:17.815+0000] {task_command.py:388} INFO - Running <TaskInstance: process_data_dag.process_data manual__2024-06-16T14:03:46+00:00 [running]> on host 01364b699017
[2024-06-16T14:04:17.863+0000] {taskinstance.py:1509} INFO - Exporting the following env vars:
AIRFLOW_CTX_DAG_OWNER=***
AIRFLOW_CTX_DAG_ID=process_data_dag
AIRFLOW_CTX_TASK_ID=process_data
AIRFLOW_CTX_EXECUTION_DATE=2024-06-16T14:03:46+00:00
AIRFLOW_CTX_TRY_NUMBER=1
AIRFLOW_CTX_DAG_RUN_ID=manual__2024-06-16T14:03:46+00:00
[2024-06-16T14:04:17.923+0000] {python.py:177} INFO - Done. Returned value was: None
[2024-06-16T14:04:17.930+0000] {taskinstance.py:1323} INFO - Marking task as SUCCESS. dag_id=process_data_dag, task_id=process_data, execution_date=20240616T140346, start_date=20240616T140417, end_date=20240616T140417
[2024-06-16T14:04:17.984+0000] {local_task_job.py:208} INFO - Task exited with return code 0
[2024-06-16T14:04:18.005+0000] {taskinstance.py:2578} INFO - 1 downstream tasks scheduled from follow-on schedule check
