[2024-06-15T14:10:18.182+0000] {taskinstance.py:1083} INFO - Dependencies all met for <TaskInstance: example_task_group.section_2.inner_section_2.task_2 scheduled__2024-06-14T12:31:06.856636+00:00 [queued]>
[2024-06-15T14:10:18.196+0000] {taskinstance.py:1083} INFO - Dependencies all met for <TaskInstance: example_task_group.section_2.inner_section_2.task_2 scheduled__2024-06-14T12:31:06.856636+00:00 [queued]>
[2024-06-15T14:10:18.196+0000] {taskinstance.py:1279} INFO - 
--------------------------------------------------------------------------------
[2024-06-15T14:10:18.196+0000] {taskinstance.py:1280} INFO - Starting attempt 1 of 1
[2024-06-15T14:10:18.196+0000] {taskinstance.py:1281} INFO - 
--------------------------------------------------------------------------------
[2024-06-15T14:10:18.216+0000] {taskinstance.py:1300} INFO - Executing <Task(BashOperator): section_2.inner_section_2.task_2> on 2024-06-14 12:31:06.856636+00:00
[2024-06-15T14:10:18.226+0000] {standard_task_runner.py:55} INFO - Started process 124 to run task
[2024-06-15T14:10:18.229+0000] {standard_task_runner.py:82} INFO - Running: ['***', 'tasks', 'run', 'example_task_group', 'section_2.inner_section_2.task_2', 'scheduled__2024-06-14T12:31:06.856636+00:00', '--job-id', '28547', '--raw', '--subdir', '/home/***/.local/lib/python3.7/site-packages/***/example_dags/example_task_group.py', '--cfg-path', '/tmp/tmpx5ucuy1d']
[2024-06-15T14:10:18.230+0000] {standard_task_runner.py:83} INFO - Job 28547: Subtask section_2.inner_section_2.task_2
[2024-06-15T14:10:18.323+0000] {task_command.py:388} INFO - Running <TaskInstance: example_task_group.section_2.inner_section_2.task_2 scheduled__2024-06-14T12:31:06.856636+00:00 [running]> on host 27113cccce1f
[2024-06-15T14:10:18.419+0000] {taskinstance.py:1509} INFO - Exporting the following env vars:
AIRFLOW_CTX_DAG_OWNER=***
AIRFLOW_CTX_DAG_ID=example_task_group
AIRFLOW_CTX_TASK_ID=section_2.inner_section_2.task_2
AIRFLOW_CTX_EXECUTION_DATE=2024-06-14T12:31:06.856636+00:00
AIRFLOW_CTX_TRY_NUMBER=1
AIRFLOW_CTX_DAG_RUN_ID=scheduled__2024-06-14T12:31:06.856636+00:00
[2024-06-15T14:10:18.420+0000] {subprocess.py:63} INFO - Tmp dir root location: 
 /tmp
[2024-06-15T14:10:18.421+0000] {subprocess.py:75} INFO - Running command: ['/bin/bash', '-c', 'echo 1']
[2024-06-15T14:10:18.444+0000] {subprocess.py:86} INFO - Output:
[2024-06-15T14:10:18.445+0000] {subprocess.py:93} INFO - 1
[2024-06-15T14:10:18.446+0000] {subprocess.py:97} INFO - Command exited with return code 0
[2024-06-15T14:10:18.484+0000] {taskinstance.py:1323} INFO - Marking task as SUCCESS. dag_id=example_task_group, task_id=section_2.inner_section_2.task_2, execution_date=20240614T123106, start_date=20240615T141018, end_date=20240615T141018
[2024-06-15T14:10:18.526+0000] {local_task_job.py:208} INFO - Task exited with return code 0
[2024-06-15T14:10:18.566+0000] {taskinstance.py:2578} INFO - 1 downstream tasks scheduled from follow-on schedule check
