[2024-06-16T13:39:00.248+0000] {taskinstance.py:1083} INFO - Dependencies all met for <TaskInstance: tutorial.sleep scheduled__2024-06-15T12:31:31.764902+00:00 [queued]>
[2024-06-16T13:39:00.256+0000] {taskinstance.py:1083} INFO - Dependencies all met for <TaskInstance: tutorial.sleep scheduled__2024-06-15T12:31:31.764902+00:00 [queued]>
[2024-06-16T13:39:00.256+0000] {taskinstance.py:1279} INFO - 
--------------------------------------------------------------------------------
[2024-06-16T13:39:00.257+0000] {taskinstance.py:1280} INFO - Starting attempt 1 of 4
[2024-06-16T13:39:00.257+0000] {taskinstance.py:1281} INFO - 
--------------------------------------------------------------------------------
[2024-06-16T13:39:00.268+0000] {taskinstance.py:1300} INFO - Executing <Task(BashOperator): sleep> on 2024-06-15 12:31:31.764902+00:00
[2024-06-16T13:39:00.275+0000] {standard_task_runner.py:55} INFO - Started process 251 to run task
[2024-06-16T13:39:00.277+0000] {standard_task_runner.py:82} INFO - Running: ['***', 'tasks', 'run', 'tutorial', 'sleep', 'scheduled__2024-06-15T12:31:31.764902+00:00', '--job-id', '33042', '--raw', '--subdir', '/home/***/.local/lib/python3.7/site-packages/***/example_dags/tutorial.py', '--cfg-path', '/tmp/tmptpcmifj_']
[2024-06-16T13:39:00.277+0000] {standard_task_runner.py:83} INFO - Job 33042: Subtask sleep
[2024-06-16T13:39:00.329+0000] {task_command.py:388} INFO - Running <TaskInstance: tutorial.sleep scheduled__2024-06-15T12:31:31.764902+00:00 [running]> on host 1caec24182a1
[2024-06-16T13:39:00.383+0000] {taskinstance.py:1509} INFO - Exporting the following env vars:
AIRFLOW_CTX_DAG_EMAIL=***@example.com
AIRFLOW_CTX_DAG_OWNER=***
AIRFLOW_CTX_DAG_ID=tutorial
AIRFLOW_CTX_TASK_ID=sleep
AIRFLOW_CTX_EXECUTION_DATE=2024-06-15T12:31:31.764902+00:00
AIRFLOW_CTX_TRY_NUMBER=1
AIRFLOW_CTX_DAG_RUN_ID=scheduled__2024-06-15T12:31:31.764902+00:00
[2024-06-16T13:39:00.385+0000] {subprocess.py:63} INFO - Tmp dir root location: 
 /tmp
[2024-06-16T13:39:00.385+0000] {subprocess.py:75} INFO - Running command: ['/bin/bash', '-c', 'sleep 5']
[2024-06-16T13:39:00.398+0000] {subprocess.py:86} INFO - Output:
[2024-06-16T13:39:05.402+0000] {subprocess.py:97} INFO - Command exited with return code 0
[2024-06-16T13:39:05.423+0000] {taskinstance.py:1323} INFO - Marking task as SUCCESS. dag_id=tutorial, task_id=sleep, execution_date=20240615T123131, start_date=20240616T133900, end_date=20240616T133905
[2024-06-16T13:39:05.451+0000] {local_task_job.py:208} INFO - Task exited with return code 0
[2024-06-16T13:39:05.463+0000] {taskinstance.py:2578} INFO - 0 downstream tasks scheduled from follow-on schedule check
