[2024-06-04T23:48:53.285+0000] {taskinstance.py:1083} INFO - Dependencies all met for <TaskInstance: example_task_group_decorator.task_group_function.task_1 scheduled__2024-06-03T23:48:40.908392+00:00 [queued]>
[2024-06-04T23:48:53.299+0000] {taskinstance.py:1083} INFO - Dependencies all met for <TaskInstance: example_task_group_decorator.task_group_function.task_1 scheduled__2024-06-03T23:48:40.908392+00:00 [queued]>
[2024-06-04T23:48:53.299+0000] {taskinstance.py:1279} INFO - 
--------------------------------------------------------------------------------
[2024-06-04T23:48:53.299+0000] {taskinstance.py:1280} INFO - Starting attempt 1 of 1
[2024-06-04T23:48:53.299+0000] {taskinstance.py:1281} INFO - 
--------------------------------------------------------------------------------
[2024-06-04T23:48:53.324+0000] {taskinstance.py:1300} INFO - Executing <Task(_PythonDecoratedOperator): task_group_function.task_1> on 2024-06-03 23:48:40.908392+00:00
[2024-06-04T23:48:53.333+0000] {standard_task_runner.py:55} INFO - Started process 4704 to run task
[2024-06-04T23:48:53.339+0000] {standard_task_runner.py:82} INFO - Running: ['***', 'tasks', 'run', 'example_task_group_decorator', 'task_group_function.task_1', 'scheduled__2024-06-03T23:48:40.908392+00:00', '--job-id', '1607', '--raw', '--subdir', '/home/***/.local/lib/python3.7/site-packages/***/example_dags/example_task_group_decorator.py', '--cfg-path', '/tmp/tmpneovi0f2']
[2024-06-04T23:48:53.340+0000] {standard_task_runner.py:83} INFO - Job 1607: Subtask task_group_function.task_1
[2024-06-04T23:48:53.428+0000] {task_command.py:388} INFO - Running <TaskInstance: example_task_group_decorator.task_group_function.task_1 scheduled__2024-06-03T23:48:40.908392+00:00 [running]> on host 27113cccce1f
[2024-06-04T23:48:53.525+0000] {taskinstance.py:1509} INFO - Exporting the following env vars:
AIRFLOW_CTX_DAG_OWNER=***
AIRFLOW_CTX_DAG_ID=example_task_group_decorator
AIRFLOW_CTX_TASK_ID=task_group_function.task_1
AIRFLOW_CTX_EXECUTION_DATE=2024-06-03T23:48:40.908392+00:00
AIRFLOW_CTX_TRY_NUMBER=1
AIRFLOW_CTX_DAG_RUN_ID=scheduled__2024-06-03T23:48:40.908392+00:00
[2024-06-04T23:48:53.526+0000] {python.py:177} INFO - Done. Returned value was: [ Task1 0 ]
[2024-06-04T23:48:53.561+0000] {taskinstance.py:1323} INFO - Marking task as SUCCESS. dag_id=example_task_group_decorator, task_id=task_group_function.task_1, execution_date=20240603T234840, start_date=20240604T234853, end_date=20240604T234853
[2024-06-04T23:48:53.592+0000] {local_task_job.py:208} INFO - Task exited with return code 0
[2024-06-04T23:48:53.667+0000] {taskinstance.py:2578} INFO - 0 downstream tasks scheduled from follow-on schedule check
