[2024-06-06T10:58:03.999+0000] {taskinstance.py:1083} INFO - Dependencies all met for <TaskInstance: tutorial.templated scheduled__2024-06-04T23:48:42.904434+00:00 [queued]>
[2024-06-06T10:58:04.012+0000] {taskinstance.py:1083} INFO - Dependencies all met for <TaskInstance: tutorial.templated scheduled__2024-06-04T23:48:42.904434+00:00 [queued]>
[2024-06-06T10:58:04.012+0000] {taskinstance.py:1279} INFO - 
--------------------------------------------------------------------------------
[2024-06-06T10:58:04.012+0000] {taskinstance.py:1280} INFO - Starting attempt 1 of 2
[2024-06-06T10:58:04.012+0000] {taskinstance.py:1281} INFO - 
--------------------------------------------------------------------------------
[2024-06-06T10:58:04.038+0000] {taskinstance.py:1300} INFO - Executing <Task(BashOperator): templated> on 2024-06-04 23:48:42.904434+00:00
[2024-06-06T10:58:04.049+0000] {standard_task_runner.py:55} INFO - Started process 279 to run task
[2024-06-06T10:58:04.052+0000] {standard_task_runner.py:82} INFO - Running: ['***', 'tasks', 'run', 'tutorial', 'templated', 'scheduled__2024-06-04T23:48:42.904434+00:00', '--job-id', '6269', '--raw', '--subdir', '/home/***/.local/lib/python3.7/site-packages/***/example_dags/tutorial.py', '--cfg-path', '/tmp/tmp21ucqsx4']
[2024-06-06T10:58:04.056+0000] {standard_task_runner.py:83} INFO - Job 6269: Subtask templated
[2024-06-06T10:58:04.150+0000] {task_command.py:388} INFO - Running <TaskInstance: tutorial.templated scheduled__2024-06-04T23:48:42.904434+00:00 [running]> on host 27113cccce1f
[2024-06-06T10:58:04.277+0000] {taskinstance.py:1509} INFO - Exporting the following env vars:
AIRFLOW_CTX_DAG_EMAIL=***@example.com
AIRFLOW_CTX_DAG_OWNER=***
AIRFLOW_CTX_DAG_ID=tutorial
AIRFLOW_CTX_TASK_ID=templated
AIRFLOW_CTX_EXECUTION_DATE=2024-06-04T23:48:42.904434+00:00
AIRFLOW_CTX_TRY_NUMBER=1
AIRFLOW_CTX_DAG_RUN_ID=scheduled__2024-06-04T23:48:42.904434+00:00
[2024-06-06T10:58:04.278+0000] {subprocess.py:63} INFO - Tmp dir root location: 
 /tmp
[2024-06-06T10:58:04.279+0000] {subprocess.py:75} INFO - Running command: ['/bin/bash', '-c', '\n\n    echo "2024-06-04"\n    echo "2024-06-11"\n\n    echo "2024-06-04"\n    echo "2024-06-11"\n\n    echo "2024-06-04"\n    echo "2024-06-11"\n\n    echo "2024-06-04"\n    echo "2024-06-11"\n\n    echo "2024-06-04"\n    echo "2024-06-11"\n']
[2024-06-06T10:58:04.319+0000] {subprocess.py:86} INFO - Output:
[2024-06-06T10:58:04.320+0000] {subprocess.py:93} INFO - 2024-06-04
[2024-06-06T10:58:04.320+0000] {subprocess.py:93} INFO - 2024-06-11
[2024-06-06T10:58:04.320+0000] {subprocess.py:93} INFO - 2024-06-04
[2024-06-06T10:58:04.321+0000] {subprocess.py:93} INFO - 2024-06-11
[2024-06-06T10:58:04.321+0000] {subprocess.py:93} INFO - 2024-06-04
[2024-06-06T10:58:04.321+0000] {subprocess.py:93} INFO - 2024-06-11
[2024-06-06T10:58:04.321+0000] {subprocess.py:93} INFO - 2024-06-04
[2024-06-06T10:58:04.321+0000] {subprocess.py:93} INFO - 2024-06-11
[2024-06-06T10:58:04.321+0000] {subprocess.py:93} INFO - 2024-06-04
[2024-06-06T10:58:04.321+0000] {subprocess.py:93} INFO - 2024-06-11
[2024-06-06T10:58:04.322+0000] {subprocess.py:97} INFO - Command exited with return code 0
[2024-06-06T10:58:04.360+0000] {taskinstance.py:1323} INFO - Marking task as SUCCESS. dag_id=tutorial, task_id=templated, execution_date=20240604T234842, start_date=20240606T105804, end_date=20240606T105804
[2024-06-06T10:58:04.386+0000] {local_task_job.py:208} INFO - Task exited with return code 0
[2024-06-06T10:58:04.408+0000] {taskinstance.py:2578} INFO - 0 downstream tasks scheduled from follow-on schedule check
