[2024-06-09T17:28:40.303+0000] {taskinstance.py:1083} INFO - Dependencies all met for <TaskInstance: tutorial.print_date scheduled__2024-06-07T23:48:42.904434+00:00 [queued]>
[2024-06-09T17:28:40.317+0000] {taskinstance.py:1083} INFO - Dependencies all met for <TaskInstance: tutorial.print_date scheduled__2024-06-07T23:48:42.904434+00:00 [queued]>
[2024-06-09T17:28:40.317+0000] {taskinstance.py:1279} INFO - 
--------------------------------------------------------------------------------
[2024-06-09T17:28:40.317+0000] {taskinstance.py:1280} INFO - Starting attempt 1 of 2
[2024-06-09T17:28:40.317+0000] {taskinstance.py:1281} INFO - 
--------------------------------------------------------------------------------
[2024-06-09T17:28:40.354+0000] {taskinstance.py:1300} INFO - Executing <Task(BashOperator): print_date> on 2024-06-07 23:48:42.904434+00:00
[2024-06-09T17:28:40.368+0000] {standard_task_runner.py:55} INFO - Started process 85 to run task
[2024-06-09T17:28:40.373+0000] {standard_task_runner.py:82} INFO - Running: ['***', 'tasks', 'run', 'tutorial', 'print_date', 'scheduled__2024-06-07T23:48:42.904434+00:00', '--job-id', '13247', '--raw', '--subdir', '/home/***/.local/lib/python3.7/site-packages/***/example_dags/tutorial.py', '--cfg-path', '/tmp/tmpg204_9a7']
[2024-06-09T17:28:40.374+0000] {standard_task_runner.py:83} INFO - Job 13247: Subtask print_date
[2024-06-09T17:28:40.485+0000] {task_command.py:388} INFO - Running <TaskInstance: tutorial.print_date scheduled__2024-06-07T23:48:42.904434+00:00 [running]> on host 27113cccce1f
[2024-06-09T17:28:40.640+0000] {taskinstance.py:1509} INFO - Exporting the following env vars:
AIRFLOW_CTX_DAG_EMAIL=***@example.com
AIRFLOW_CTX_DAG_OWNER=***
AIRFLOW_CTX_DAG_ID=tutorial
AIRFLOW_CTX_TASK_ID=print_date
AIRFLOW_CTX_EXECUTION_DATE=2024-06-07T23:48:42.904434+00:00
AIRFLOW_CTX_TRY_NUMBER=1
AIRFLOW_CTX_DAG_RUN_ID=scheduled__2024-06-07T23:48:42.904434+00:00
[2024-06-09T17:28:40.641+0000] {subprocess.py:63} INFO - Tmp dir root location: 
 /tmp
[2024-06-09T17:28:40.642+0000] {subprocess.py:75} INFO - Running command: ['/bin/bash', '-c', 'date']
[2024-06-09T17:28:40.668+0000] {subprocess.py:86} INFO - Output:
[2024-06-09T17:28:40.677+0000] {subprocess.py:93} INFO - Sun Jun  9 17:28:40 UTC 2024
[2024-06-09T17:28:40.678+0000] {subprocess.py:97} INFO - Command exited with return code 0
[2024-06-09T17:28:40.714+0000] {taskinstance.py:1323} INFO - Marking task as SUCCESS. dag_id=tutorial, task_id=print_date, execution_date=20240607T234842, start_date=20240609T172840, end_date=20240609T172840
[2024-06-09T17:28:40.760+0000] {local_task_job.py:208} INFO - Task exited with return code 0
[2024-06-09T17:28:40.788+0000] {taskinstance.py:2578} INFO - 2 downstream tasks scheduled from follow-on schedule check
