[2024-06-05T00:00:22.626+0000] {taskinstance.py:1083} INFO - Dependencies all met for <TaskInstance: example_sla_dag.sleep_30 scheduled__2024-06-04T23:58:00+00:00 [queued]>
[2024-06-05T00:00:22.633+0000] {taskinstance.py:1083} INFO - Dependencies all met for <TaskInstance: example_sla_dag.sleep_30 scheduled__2024-06-04T23:58:00+00:00 [queued]>
[2024-06-05T00:00:22.633+0000] {taskinstance.py:1279} INFO - 
--------------------------------------------------------------------------------
[2024-06-05T00:00:22.633+0000] {taskinstance.py:1280} INFO - Starting attempt 1 of 1
[2024-06-05T00:00:22.633+0000] {taskinstance.py:1281} INFO - 
--------------------------------------------------------------------------------
[2024-06-05T00:00:22.644+0000] {taskinstance.py:1300} INFO - Executing <Task(_PythonDecoratedOperator): sleep_30> on 2024-06-04 23:58:00+00:00
[2024-06-05T00:00:22.649+0000] {standard_task_runner.py:55} INFO - Started process 9806 to run task
[2024-06-05T00:00:22.652+0000] {standard_task_runner.py:82} INFO - Running: ['***', 'tasks', 'run', 'example_sla_dag', 'sleep_30', 'scheduled__2024-06-04T23:58:00+00:00', '--job-id', '3461', '--raw', '--subdir', '/home/***/.local/lib/python3.7/site-packages/***/example_dags/example_sla_dag.py', '--cfg-path', '/tmp/tmpzwxg11bg']
[2024-06-05T00:00:22.652+0000] {standard_task_runner.py:83} INFO - Job 3461: Subtask sleep_30
[2024-06-05T00:00:22.700+0000] {task_command.py:388} INFO - Running <TaskInstance: example_sla_dag.sleep_30 scheduled__2024-06-04T23:58:00+00:00 [running]> on host 27113cccce1f
[2024-06-05T00:00:22.750+0000] {taskinstance.py:1509} INFO - Exporting the following env vars:
AIRFLOW_CTX_DAG_EMAIL=email@example.com
AIRFLOW_CTX_DAG_OWNER=***
AIRFLOW_CTX_DAG_ID=example_sla_dag
AIRFLOW_CTX_TASK_ID=sleep_30
AIRFLOW_CTX_EXECUTION_DATE=2024-06-04T23:58:00+00:00
AIRFLOW_CTX_TRY_NUMBER=1
AIRFLOW_CTX_DAG_RUN_ID=scheduled__2024-06-04T23:58:00+00:00
[2024-06-05T00:00:52.753+0000] {python.py:177} INFO - Done. Returned value was: None
[2024-06-05T00:00:52.761+0000] {taskinstance.py:1323} INFO - Marking task as SUCCESS. dag_id=example_sla_dag, task_id=sleep_30, execution_date=20240604T235800, start_date=20240605T000022, end_date=20240605T000052
[2024-06-05T00:00:52.802+0000] {local_task_job.py:208} INFO - Task exited with return code 0
[2024-06-05T00:00:52.814+0000] {taskinstance.py:2578} INFO - 0 downstream tasks scheduled from follow-on schedule check
