[2024-06-16T14:03:56.568+0000] {taskinstance.py:1083} INFO - Dependencies all met for <TaskInstance: process_data_dag.get_parameters manual__2024-06-16T14:03:46+00:00 [queued]>
[2024-06-16T14:03:56.573+0000] {taskinstance.py:1083} INFO - Dependencies all met for <TaskInstance: process_data_dag.get_parameters manual__2024-06-16T14:03:46+00:00 [queued]>
[2024-06-16T14:03:56.573+0000] {taskinstance.py:1279} INFO - 
--------------------------------------------------------------------------------
[2024-06-16T14:03:56.573+0000] {taskinstance.py:1280} INFO - Starting attempt 1 of 2
[2024-06-16T14:03:56.573+0000] {taskinstance.py:1281} INFO - 
--------------------------------------------------------------------------------
[2024-06-16T14:03:56.582+0000] {taskinstance.py:1300} INFO - Executing <Task(PythonOperator): get_parameters> on 2024-06-16 14:03:46+00:00
[2024-06-16T14:03:56.590+0000] {standard_task_runner.py:55} INFO - Started process 1643 to run task
[2024-06-16T14:03:56.592+0000] {standard_task_runner.py:82} INFO - Running: ['***', 'tasks', 'run', 'process_data_dag', 'get_parameters', 'manual__2024-06-16T14:03:46+00:00', '--job-id', '33258', '--raw', '--subdir', 'DAGS_FOLDER/process_data.py', '--cfg-path', '/tmp/tmps2h0j6m3']
[2024-06-16T14:03:56.592+0000] {standard_task_runner.py:83} INFO - Job 33258: Subtask get_parameters
[2024-06-16T14:03:56.633+0000] {task_command.py:388} INFO - Running <TaskInstance: process_data_dag.get_parameters manual__2024-06-16T14:03:46+00:00 [running]> on host 01364b699017
[2024-06-16T14:03:56.681+0000] {taskinstance.py:1509} INFO - Exporting the following env vars:
AIRFLOW_CTX_DAG_OWNER=***
AIRFLOW_CTX_DAG_ID=process_data_dag
AIRFLOW_CTX_TASK_ID=get_parameters
AIRFLOW_CTX_EXECUTION_DATE=2024-06-16T14:03:46+00:00
AIRFLOW_CTX_TRY_NUMBER=1
AIRFLOW_CTX_DAG_RUN_ID=manual__2024-06-16T14:03:46+00:00
[2024-06-16T14:03:56.698+0000] {python.py:177} INFO - Done. Returned value was: None
[2024-06-16T14:03:56.704+0000] {taskinstance.py:1323} INFO - Marking task as SUCCESS. dag_id=process_data_dag, task_id=get_parameters, execution_date=20240616T140346, start_date=20240616T140356, end_date=20240616T140356
[2024-06-16T14:03:56.723+0000] {local_task_job.py:208} INFO - Task exited with return code 0
[2024-06-16T14:03:56.744+0000] {taskinstance.py:2578} INFO - 1 downstream tasks scheduled from follow-on schedule check
