[2024-06-16T00:00:02.664+0000] {taskinstance.py:1083} INFO - Dependencies all met for <TaskInstance: example_branch_datetime_operator_3.datetime_branch scheduled__2024-06-15T00:00:00+00:00 [queued]>
[2024-06-16T00:00:02.676+0000] {taskinstance.py:1083} INFO - Dependencies all met for <TaskInstance: example_branch_datetime_operator_3.datetime_branch scheduled__2024-06-15T00:00:00+00:00 [queued]>
[2024-06-16T00:00:02.676+0000] {taskinstance.py:1279} INFO - 
--------------------------------------------------------------------------------
[2024-06-16T00:00:02.677+0000] {taskinstance.py:1280} INFO - Starting attempt 1 of 1
[2024-06-16T00:00:02.677+0000] {taskinstance.py:1281} INFO - 
--------------------------------------------------------------------------------
[2024-06-16T00:00:02.817+0000] {taskinstance.py:1300} INFO - Executing <Task(BranchDateTimeOperator): datetime_branch> on 2024-06-15 00:00:00+00:00
[2024-06-16T00:00:02.827+0000] {standard_task_runner.py:55} INFO - Started process 19411 to run task
[2024-06-16T00:00:02.835+0000] {standard_task_runner.py:82} INFO - Running: ['***', 'tasks', 'run', 'example_branch_datetime_operator_3', 'datetime_branch', 'scheduled__2024-06-15T00:00:00+00:00', '--job-id', '31535', '--raw', '--subdir', '/home/***/.local/lib/python3.7/site-packages/***/example_dags/example_branch_datetime_operator.py', '--cfg-path', '/tmp/tmpv2mtnq1d']
[2024-06-16T00:00:02.836+0000] {standard_task_runner.py:83} INFO - Job 31535: Subtask datetime_branch
[2024-06-16T00:00:02.909+0000] {task_command.py:388} INFO - Running <TaskInstance: example_branch_datetime_operator_3.datetime_branch scheduled__2024-06-15T00:00:00+00:00 [running]> on host 27113cccce1f
[2024-06-16T00:00:02.991+0000] {taskinstance.py:1509} INFO - Exporting the following env vars:
AIRFLOW_CTX_DAG_OWNER=***
AIRFLOW_CTX_DAG_ID=example_branch_datetime_operator_3
AIRFLOW_CTX_TASK_ID=datetime_branch
AIRFLOW_CTX_EXECUTION_DATE=2024-06-15T00:00:00+00:00
AIRFLOW_CTX_TRY_NUMBER=1
AIRFLOW_CTX_DAG_RUN_ID=scheduled__2024-06-15T00:00:00+00:00
[2024-06-16T00:00:02.991+0000] {skipmixin.py:155} INFO - Following branch ['date_outside_range']
[2024-06-16T00:00:02.992+0000] {skipmixin.py:211} INFO - Skipping tasks ['date_in_range']
[2024-06-16T00:00:03.050+0000] {taskinstance.py:1323} INFO - Marking task as SUCCESS. dag_id=example_branch_datetime_operator_3, task_id=datetime_branch, execution_date=20240615T000000, start_date=20240616T000002, end_date=20240616T000003
[2024-06-16T00:00:03.084+0000] {local_task_job.py:208} INFO - Task exited with return code 0
[2024-06-16T00:00:03.114+0000] {taskinstance.py:2578} INFO - 1 downstream tasks scheduled from follow-on schedule check
