[2024-06-16T13:58:53.346+0000] {taskinstance.py:1083} INFO - Dependencies all met for <TaskInstance: tutorial_dag.extract manual__2024-06-16T13:58:08+00:00 [queued]>
[2024-06-16T13:58:53.352+0000] {taskinstance.py:1083} INFO - Dependencies all met for <TaskInstance: tutorial_dag.extract manual__2024-06-16T13:58:08+00:00 [queued]>
[2024-06-16T13:58:53.352+0000] {taskinstance.py:1279} INFO - 
--------------------------------------------------------------------------------
[2024-06-16T13:58:53.352+0000] {taskinstance.py:1280} INFO - Starting attempt 1 of 3
[2024-06-16T13:58:53.352+0000] {taskinstance.py:1281} INFO - 
--------------------------------------------------------------------------------
[2024-06-16T13:58:53.362+0000] {taskinstance.py:1300} INFO - Executing <Task(PythonOperator): extract> on 2024-06-16 13:58:08+00:00
[2024-06-16T13:58:53.368+0000] {standard_task_runner.py:55} INFO - Started process 959 to run task
[2024-06-16T13:58:53.370+0000] {standard_task_runner.py:82} INFO - Running: ['***', 'tasks', 'run', 'tutorial_dag', 'extract', 'manual__2024-06-16T13:58:08+00:00', '--job-id', '33229', '--raw', '--subdir', '/home/***/.local/lib/python3.7/site-packages/***/example_dags/tutorial_dag.py', '--cfg-path', '/tmp/tmph03m2j8q']
[2024-06-16T13:58:53.370+0000] {standard_task_runner.py:83} INFO - Job 33229: Subtask extract
[2024-06-16T13:58:53.413+0000] {task_command.py:388} INFO - Running <TaskInstance: tutorial_dag.extract manual__2024-06-16T13:58:08+00:00 [running]> on host 01364b699017
[2024-06-16T13:58:53.463+0000] {taskinstance.py:1509} INFO - Exporting the following env vars:
AIRFLOW_CTX_DAG_OWNER=***
AIRFLOW_CTX_DAG_ID=tutorial_dag
AIRFLOW_CTX_TASK_ID=extract
AIRFLOW_CTX_EXECUTION_DATE=2024-06-16T13:58:08+00:00
AIRFLOW_CTX_TRY_NUMBER=1
AIRFLOW_CTX_DAG_RUN_ID=manual__2024-06-16T13:58:08+00:00
[2024-06-16T13:58:53.473+0000] {python.py:177} INFO - Done. Returned value was: None
[2024-06-16T13:58:53.479+0000] {taskinstance.py:1323} INFO - Marking task as SUCCESS. dag_id=tutorial_dag, task_id=extract, execution_date=20240616T135808, start_date=20240616T135853, end_date=20240616T135853
[2024-06-16T13:58:53.502+0000] {local_task_job.py:208} INFO - Task exited with return code 0
[2024-06-16T13:58:53.522+0000] {taskinstance.py:2578} INFO - 1 downstream tasks scheduled from follow-on schedule check
