[2024-06-04T23:53:49.726+0000] {taskinstance.py:1083} INFO - Dependencies all met for <TaskInstance: example_dynamic_task_mapping.sum_it scheduled__2024-04-28T00:00:00+00:00 [queued]>
[2024-06-04T23:53:49.737+0000] {taskinstance.py:1083} INFO - Dependencies all met for <TaskInstance: example_dynamic_task_mapping.sum_it scheduled__2024-04-28T00:00:00+00:00 [queued]>
[2024-06-04T23:53:49.737+0000] {taskinstance.py:1279} INFO - 
--------------------------------------------------------------------------------
[2024-06-04T23:53:49.737+0000] {taskinstance.py:1280} INFO - Starting attempt 1 of 1
[2024-06-04T23:53:49.737+0000] {taskinstance.py:1281} INFO - 
--------------------------------------------------------------------------------
[2024-06-04T23:53:49.753+0000] {taskinstance.py:1300} INFO - Executing <Task(_PythonDecoratedOperator): sum_it> on 2024-04-28 00:00:00+00:00
[2024-06-04T23:53:49.761+0000] {standard_task_runner.py:55} INFO - Started process 8607 to run task
[2024-06-04T23:53:49.764+0000] {standard_task_runner.py:82} INFO - Running: ['***', 'tasks', 'run', 'example_dynamic_task_mapping', 'sum_it', 'scheduled__2024-04-28T00:00:00+00:00', '--job-id', '3271', '--raw', '--subdir', '/home/***/.local/lib/python3.7/site-packages/***/example_dags/example_dynamic_task_mapping.py', '--cfg-path', '/tmp/tmprdwaym8b']
[2024-06-04T23:53:49.764+0000] {standard_task_runner.py:83} INFO - Job 3271: Subtask sum_it
[2024-06-04T23:53:49.838+0000] {task_command.py:388} INFO - Running <TaskInstance: example_dynamic_task_mapping.sum_it scheduled__2024-04-28T00:00:00+00:00 [running]> on host 27113cccce1f
[2024-06-04T23:53:49.940+0000] {taskinstance.py:1509} INFO - Exporting the following env vars:
AIRFLOW_CTX_DAG_OWNER=***
AIRFLOW_CTX_DAG_ID=example_dynamic_task_mapping
AIRFLOW_CTX_TASK_ID=sum_it
AIRFLOW_CTX_EXECUTION_DATE=2024-04-28T00:00:00+00:00
AIRFLOW_CTX_TRY_NUMBER=1
AIRFLOW_CTX_DAG_RUN_ID=scheduled__2024-04-28T00:00:00+00:00
[2024-06-04T23:53:49.949+0000] {logging_mixin.py:137} INFO - Total was 9
[2024-06-04T23:53:49.949+0000] {python.py:177} INFO - Done. Returned value was: None
[2024-06-04T23:53:49.961+0000] {taskinstance.py:1323} INFO - Marking task as SUCCESS. dag_id=example_dynamic_task_mapping, task_id=sum_it, execution_date=20240428T000000, start_date=20240604T235349, end_date=20240604T235349
[2024-06-04T23:53:50.016+0000] {local_task_job.py:208} INFO - Task exited with return code 0
[2024-06-04T23:53:50.036+0000] {taskinstance.py:2578} INFO - 0 downstream tasks scheduled from follow-on schedule check
