[2024-06-04T23:44:12.984+0000] {taskinstance.py:1083} INFO - Dependencies all met for <TaskInstance: example_subdag_operator.section-1 scheduled__2022-01-01T00:00:00+00:00 [queued]>
[2024-06-04T23:44:12.995+0000] {taskinstance.py:1083} INFO - Dependencies all met for <TaskInstance: example_subdag_operator.section-1 scheduled__2022-01-01T00:00:00+00:00 [queued]>
[2024-06-04T23:44:12.996+0000] {taskinstance.py:1279} INFO - 
--------------------------------------------------------------------------------
[2024-06-04T23:44:12.996+0000] {taskinstance.py:1280} INFO - Starting attempt 1 of 3
[2024-06-04T23:44:12.996+0000] {taskinstance.py:1281} INFO - 
--------------------------------------------------------------------------------
[2024-06-04T23:44:13.014+0000] {taskinstance.py:1300} INFO - Executing <Task(SubDagOperator): section-1> on 2022-01-01 00:00:00+00:00
[2024-06-04T23:44:13.023+0000] {standard_task_runner.py:55} INFO - Started process 1166 to run task
[2024-06-04T23:44:13.027+0000] {standard_task_runner.py:82} INFO - Running: ['***', 'tasks', 'run', 'example_subdag_operator', 'section-1', 'scheduled__2022-01-01T00:00:00+00:00', '--job-id', '115', '--raw', '--subdir', '/home/***/.local/lib/python3.7/site-packages/***/example_dags/example_subdag_operator.py', '--cfg-path', '/tmp/tmpe1jtuo98']
[2024-06-04T23:44:13.028+0000] {standard_task_runner.py:83} INFO - Job 115: Subtask section-1
[2024-06-04T23:44:13.091+0000] {task_command.py:388} INFO - Running <TaskInstance: example_subdag_operator.section-1 scheduled__2022-01-01T00:00:00+00:00 [running]> on host 27113cccce1f
[2024-06-04T23:44:13.166+0000] {taskinstance.py:1509} INFO - Exporting the following env vars:
AIRFLOW_CTX_DAG_OWNER=***
AIRFLOW_CTX_DAG_ID=example_subdag_operator
AIRFLOW_CTX_TASK_ID=section-1
AIRFLOW_CTX_EXECUTION_DATE=2022-01-01T00:00:00+00:00
AIRFLOW_CTX_TRY_NUMBER=1
AIRFLOW_CTX_DAG_RUN_ID=scheduled__2022-01-01T00:00:00+00:00
[2024-06-04T23:44:13.167+0000] {warnings.py:110} WARNING - /home/***/.local/lib/python3.7/site-packages/***/utils/context.py:205: AirflowContextDeprecationWarning: Accessing 'execution_date' from the template is deprecated and will be removed in a future version. Please use 'data_interval_start' or 'logical_date' instead.
  warnings.warn(_create_deprecation_warning(key, self._deprecation_replacements[key]))

[2024-06-04T23:44:13.199+0000] {subdag.py:171} INFO - Created DagRun: scheduled__2022-01-01T00:00:00+00:00
[2024-06-04T23:45:13.274+0000] {base.py:228} INFO - Success criteria met. Exiting.
[2024-06-04T23:45:13.281+0000] {subdag.py:186} INFO - Execution finished. State is success
[2024-06-04T23:45:13.289+0000] {taskinstance.py:1323} INFO - Marking task as SUCCESS. dag_id=example_subdag_operator, task_id=section-1, execution_date=20220101T000000, start_date=20240604T234412, end_date=20240604T234513
[2024-06-04T23:45:13.309+0000] {local_task_job.py:208} INFO - Task exited with return code 0
[2024-06-04T23:45:13.335+0000] {taskinstance.py:2578} INFO - 1 downstream tasks scheduled from follow-on schedule check
