[2024-06-05T00:00:01.042+0000] {taskinstance.py:1083} INFO - Dependencies all met for <TaskInstance: example_bash_operator.runme_0 scheduled__2024-06-04T00:00:00+00:00 [queued]>
[2024-06-05T00:00:01.067+0000] {taskinstance.py:1083} INFO - Dependencies all met for <TaskInstance: example_bash_operator.runme_0 scheduled__2024-06-04T00:00:00+00:00 [queued]>
[2024-06-05T00:00:01.068+0000] {taskinstance.py:1279} INFO - 
--------------------------------------------------------------------------------
[2024-06-05T00:00:01.068+0000] {taskinstance.py:1280} INFO - Starting attempt 1 of 1
[2024-06-05T00:00:01.068+0000] {taskinstance.py:1281} INFO - 
--------------------------------------------------------------------------------
[2024-06-05T00:00:01.101+0000] {taskinstance.py:1300} INFO - Executing <Task(BashOperator): runme_0> on 2024-06-04 00:00:00+00:00
[2024-06-05T00:00:01.111+0000] {standard_task_runner.py:55} INFO - Started process 9741 to run task
[2024-06-05T00:00:01.115+0000] {standard_task_runner.py:82} INFO - Running: ['***', 'tasks', 'run', 'example_bash_operator', 'runme_0', 'scheduled__2024-06-04T00:00:00+00:00', '--job-id', '3440', '--raw', '--subdir', '/home/***/.local/lib/python3.7/site-packages/***/example_dags/example_bash_operator.py', '--cfg-path', '/tmp/tmp0fjjkkw4']
[2024-06-05T00:00:01.116+0000] {standard_task_runner.py:83} INFO - Job 3440: Subtask runme_0
[2024-06-05T00:00:01.215+0000] {task_command.py:388} INFO - Running <TaskInstance: example_bash_operator.runme_0 scheduled__2024-06-04T00:00:00+00:00 [running]> on host 27113cccce1f
[2024-06-05T00:00:01.361+0000] {taskinstance.py:1509} INFO - Exporting the following env vars:
AIRFLOW_CTX_DAG_OWNER=***
AIRFLOW_CTX_DAG_ID=example_bash_operator
AIRFLOW_CTX_TASK_ID=runme_0
AIRFLOW_CTX_EXECUTION_DATE=2024-06-04T00:00:00+00:00
AIRFLOW_CTX_TRY_NUMBER=1
AIRFLOW_CTX_DAG_RUN_ID=scheduled__2024-06-04T00:00:00+00:00
[2024-06-05T00:00:01.363+0000] {subprocess.py:63} INFO - Tmp dir root location: 
 /tmp
[2024-06-05T00:00:01.363+0000] {subprocess.py:75} INFO - Running command: ['/bin/bash', '-c', 'echo "example_bash_operator__runme_0__20240604" && sleep 1']
[2024-06-05T00:00:01.390+0000] {subprocess.py:86} INFO - Output:
[2024-06-05T00:00:01.392+0000] {subprocess.py:93} INFO - example_bash_operator__runme_0__20240604
[2024-06-05T00:00:02.395+0000] {subprocess.py:97} INFO - Command exited with return code 0
[2024-06-05T00:00:02.416+0000] {taskinstance.py:1323} INFO - Marking task as SUCCESS. dag_id=example_bash_operator, task_id=runme_0, execution_date=20240604T000000, start_date=20240605T000001, end_date=20240605T000002
[2024-06-05T00:00:02.461+0000] {local_task_job.py:208} INFO - Task exited with return code 0
[2024-06-05T00:00:02.478+0000] {taskinstance.py:2578} INFO - 0 downstream tasks scheduled from follow-on schedule check
