[2024-06-16T03:42:06.381+0000] {taskinstance.py:1083} INFO - Dependencies all met for <TaskInstance: process_data_dag.process_data manual__2024-06-16T03:41:32.299932+00:00 [queued]>
[2024-06-16T03:42:06.386+0000] {taskinstance.py:1083} INFO - Dependencies all met for <TaskInstance: process_data_dag.process_data manual__2024-06-16T03:41:32.299932+00:00 [queued]>
[2024-06-16T03:42:06.387+0000] {taskinstance.py:1279} INFO - 
--------------------------------------------------------------------------------
[2024-06-16T03:42:06.387+0000] {taskinstance.py:1280} INFO - Starting attempt 1 of 2
[2024-06-16T03:42:06.387+0000] {taskinstance.py:1281} INFO - 
--------------------------------------------------------------------------------
[2024-06-16T03:42:06.397+0000] {taskinstance.py:1300} INFO - Executing <Task(PythonOperator): process_data> on 2024-06-16 03:41:32.299932+00:00
[2024-06-16T03:42:06.406+0000] {standard_task_runner.py:55} INFO - Started process 396 to run task
[2024-06-16T03:42:06.408+0000] {standard_task_runner.py:82} INFO - Running: ['***', 'tasks', 'run', 'process_data_dag', 'process_data', 'manual__2024-06-16T03:41:32.299932+00:00', '--job-id', '32690', '--raw', '--subdir', 'DAGS_FOLDER/process_data.py', '--cfg-path', '/tmp/tmpgd0zvxi1']
[2024-06-16T03:42:06.408+0000] {standard_task_runner.py:83} INFO - Job 32690: Subtask process_data
[2024-06-16T03:42:06.450+0000] {task_command.py:388} INFO - Running <TaskInstance: process_data_dag.process_data manual__2024-06-16T03:41:32.299932+00:00 [running]> on host 1caec24182a1
[2024-06-16T03:42:06.499+0000] {taskinstance.py:1509} INFO - Exporting the following env vars:
AIRFLOW_CTX_DAG_OWNER=***
AIRFLOW_CTX_DAG_ID=process_data_dag
AIRFLOW_CTX_TASK_ID=process_data
AIRFLOW_CTX_EXECUTION_DATE=2024-06-16T03:41:32.299932+00:00
AIRFLOW_CTX_TRY_NUMBER=1
AIRFLOW_CTX_DAG_RUN_ID=manual__2024-06-16T03:41:32.299932+00:00
[2024-06-16T03:42:06.525+0000] {python.py:177} INFO - Done. Returned value was: None
[2024-06-16T03:42:06.533+0000] {taskinstance.py:1323} INFO - Marking task as SUCCESS. dag_id=process_data_dag, task_id=process_data, execution_date=20240616T034132, start_date=20240616T034206, end_date=20240616T034206
[2024-06-16T03:42:06.580+0000] {local_task_job.py:208} INFO - Task exited with return code 0
[2024-06-16T03:42:06.599+0000] {taskinstance.py:2578} INFO - 1 downstream tasks scheduled from follow-on schedule check
