[2024-06-08T16:48:07.610+0000] {taskinstance.py:1083} INFO - Dependencies all met for <TaskInstance: tutorial.templated scheduled__2024-06-06T23:48:42.904434+00:00 [queued]>
[2024-06-08T16:48:07.620+0000] {taskinstance.py:1083} INFO - Dependencies all met for <TaskInstance: tutorial.templated scheduled__2024-06-06T23:48:42.904434+00:00 [queued]>
[2024-06-08T16:48:07.620+0000] {taskinstance.py:1279} INFO - 
--------------------------------------------------------------------------------
[2024-06-08T16:48:07.620+0000] {taskinstance.py:1280} INFO - Starting attempt 1 of 2
[2024-06-08T16:48:07.620+0000] {taskinstance.py:1281} INFO - 
--------------------------------------------------------------------------------
[2024-06-08T16:48:07.636+0000] {taskinstance.py:1300} INFO - Executing <Task(BashOperator): templated> on 2024-06-06 23:48:42.904434+00:00
[2024-06-08T16:48:07.645+0000] {standard_task_runner.py:55} INFO - Started process 387 to run task
[2024-06-08T16:48:07.648+0000] {standard_task_runner.py:82} INFO - Running: ['***', 'tasks', 'run', 'tutorial', 'templated', 'scheduled__2024-06-06T23:48:42.904434+00:00', '--job-id', '11797', '--raw', '--subdir', '/home/***/.local/lib/python3.7/site-packages/***/example_dags/tutorial.py', '--cfg-path', '/tmp/tmph1on07be']
[2024-06-08T16:48:07.648+0000] {standard_task_runner.py:83} INFO - Job 11797: Subtask templated
[2024-06-08T16:48:07.696+0000] {task_command.py:388} INFO - Running <TaskInstance: tutorial.templated scheduled__2024-06-06T23:48:42.904434+00:00 [running]> on host 27113cccce1f
[2024-06-08T16:48:07.756+0000] {taskinstance.py:1509} INFO - Exporting the following env vars:
AIRFLOW_CTX_DAG_EMAIL=***@example.com
AIRFLOW_CTX_DAG_OWNER=***
AIRFLOW_CTX_DAG_ID=tutorial
AIRFLOW_CTX_TASK_ID=templated
AIRFLOW_CTX_EXECUTION_DATE=2024-06-06T23:48:42.904434+00:00
AIRFLOW_CTX_TRY_NUMBER=1
AIRFLOW_CTX_DAG_RUN_ID=scheduled__2024-06-06T23:48:42.904434+00:00
[2024-06-08T16:48:07.757+0000] {subprocess.py:63} INFO - Tmp dir root location: 
 /tmp
[2024-06-08T16:48:07.757+0000] {subprocess.py:75} INFO - Running command: ['/bin/bash', '-c', '\n\n    echo "2024-06-06"\n    echo "2024-06-13"\n\n    echo "2024-06-06"\n    echo "2024-06-13"\n\n    echo "2024-06-06"\n    echo "2024-06-13"\n\n    echo "2024-06-06"\n    echo "2024-06-13"\n\n    echo "2024-06-06"\n    echo "2024-06-13"\n']
[2024-06-08T16:48:07.771+0000] {subprocess.py:86} INFO - Output:
[2024-06-08T16:48:07.772+0000] {subprocess.py:93} INFO - 2024-06-06
[2024-06-08T16:48:07.772+0000] {subprocess.py:93} INFO - 2024-06-13
[2024-06-08T16:48:07.772+0000] {subprocess.py:93} INFO - 2024-06-06
[2024-06-08T16:48:07.772+0000] {subprocess.py:93} INFO - 2024-06-13
[2024-06-08T16:48:07.773+0000] {subprocess.py:93} INFO - 2024-06-06
[2024-06-08T16:48:07.773+0000] {subprocess.py:93} INFO - 2024-06-13
[2024-06-08T16:48:07.773+0000] {subprocess.py:93} INFO - 2024-06-06
[2024-06-08T16:48:07.773+0000] {subprocess.py:93} INFO - 2024-06-13
[2024-06-08T16:48:07.773+0000] {subprocess.py:93} INFO - 2024-06-06
[2024-06-08T16:48:07.773+0000] {subprocess.py:93} INFO - 2024-06-13
[2024-06-08T16:48:07.773+0000] {subprocess.py:97} INFO - Command exited with return code 0
[2024-06-08T16:48:07.794+0000] {taskinstance.py:1323} INFO - Marking task as SUCCESS. dag_id=tutorial, task_id=templated, execution_date=20240606T234842, start_date=20240608T164807, end_date=20240608T164807
[2024-06-08T16:48:07.820+0000] {local_task_job.py:208} INFO - Task exited with return code 0
[2024-06-08T16:48:07.836+0000] {taskinstance.py:2578} INFO - 0 downstream tasks scheduled from follow-on schedule check
