[2024-06-07T11:46:14.505+0000] {taskinstance.py:1083} INFO - Dependencies all met for <TaskInstance: example_task_group.section_1.task_2 scheduled__2024-06-05T23:44:07.123547+00:00 [queued]>
[2024-06-07T11:46:14.519+0000] {taskinstance.py:1083} INFO - Dependencies all met for <TaskInstance: example_task_group.section_1.task_2 scheduled__2024-06-05T23:44:07.123547+00:00 [queued]>
[2024-06-07T11:46:14.519+0000] {taskinstance.py:1279} INFO - 
--------------------------------------------------------------------------------
[2024-06-07T11:46:14.519+0000] {taskinstance.py:1280} INFO - Starting attempt 1 of 1
[2024-06-07T11:46:14.519+0000] {taskinstance.py:1281} INFO - 
--------------------------------------------------------------------------------
[2024-06-07T11:46:14.542+0000] {taskinstance.py:1300} INFO - Executing <Task(BashOperator): section_1.task_2> on 2024-06-05 23:44:07.123547+00:00
[2024-06-07T11:46:14.554+0000] {standard_task_runner.py:55} INFO - Started process 123 to run task
[2024-06-07T11:46:14.557+0000] {standard_task_runner.py:82} INFO - Running: ['***', 'tasks', 'run', 'example_task_group', 'section_1.task_2', 'scheduled__2024-06-05T23:44:07.123547+00:00', '--job-id', '9679', '--raw', '--subdir', '/home/***/.local/lib/python3.7/site-packages/***/example_dags/example_task_group.py', '--cfg-path', '/tmp/tmpge8t_khn']
[2024-06-07T11:46:14.557+0000] {standard_task_runner.py:83} INFO - Job 9679: Subtask section_1.task_2
[2024-06-07T11:46:14.641+0000] {task_command.py:388} INFO - Running <TaskInstance: example_task_group.section_1.task_2 scheduled__2024-06-05T23:44:07.123547+00:00 [running]> on host 27113cccce1f
[2024-06-07T11:46:14.748+0000] {taskinstance.py:1509} INFO - Exporting the following env vars:
AIRFLOW_CTX_DAG_OWNER=***
AIRFLOW_CTX_DAG_ID=example_task_group
AIRFLOW_CTX_TASK_ID=section_1.task_2
AIRFLOW_CTX_EXECUTION_DATE=2024-06-05T23:44:07.123547+00:00
AIRFLOW_CTX_TRY_NUMBER=1
AIRFLOW_CTX_DAG_RUN_ID=scheduled__2024-06-05T23:44:07.123547+00:00
[2024-06-07T11:46:14.749+0000] {subprocess.py:63} INFO - Tmp dir root location: 
 /tmp
[2024-06-07T11:46:14.750+0000] {subprocess.py:75} INFO - Running command: ['/bin/bash', '-c', 'echo 1']
[2024-06-07T11:46:14.779+0000] {subprocess.py:86} INFO - Output:
[2024-06-07T11:46:14.782+0000] {subprocess.py:93} INFO - 1
[2024-06-07T11:46:14.782+0000] {subprocess.py:97} INFO - Command exited with return code 0
[2024-06-07T11:46:14.818+0000] {taskinstance.py:1323} INFO - Marking task as SUCCESS. dag_id=example_task_group, task_id=section_1.task_2, execution_date=20240605T234407, start_date=20240607T114614, end_date=20240607T114614
[2024-06-07T11:46:14.856+0000] {local_task_job.py:208} INFO - Task exited with return code 0
[2024-06-07T11:46:14.885+0000] {taskinstance.py:2578} INFO - 3 downstream tasks scheduled from follow-on schedule check
