[2024-06-08T16:47:47.313+0000] {taskinstance.py:1077} INFO - Dependencies not met for <TaskInstance: example_sla_dag.sleep_20 scheduled__2024-06-07T18:38:00+00:00 [scheduled]>, dependency 'Task Instance State' FAILED: Task is in the 'scheduled' state.
[2024-06-08T16:47:47.325+0000] {local_task_job.py:147} INFO - Task is not able to be run
[2024-06-08T16:47:48.970+0000] {taskinstance.py:1077} INFO - Dependencies not met for <TaskInstance: example_sla_dag.sleep_20 scheduled__2024-06-07T18:38:00+00:00 [scheduled]>, dependency 'Task Instance State' FAILED: Task is in the 'scheduled' state.
[2024-06-08T16:47:48.986+0000] {local_task_job.py:147} INFO - Task is not able to be run
[2024-06-08T16:47:51.281+0000] {taskinstance.py:1077} INFO - Dependencies not met for <TaskInstance: example_sla_dag.sleep_20 scheduled__2024-06-07T18:38:00+00:00 [scheduled]>, dependency 'Task Instance State' FAILED: Task is in the 'scheduled' state.
[2024-06-08T16:47:51.293+0000] {local_task_job.py:147} INFO - Task is not able to be run
[2024-06-08T16:47:59.506+0000] {taskinstance.py:1083} INFO - Dependencies all met for <TaskInstance: example_sla_dag.sleep_20 scheduled__2024-06-07T18:38:00+00:00 [queued]>
[2024-06-08T16:47:59.512+0000] {taskinstance.py:1083} INFO - Dependencies all met for <TaskInstance: example_sla_dag.sleep_20 scheduled__2024-06-07T18:38:00+00:00 [queued]>
[2024-06-08T16:47:59.512+0000] {taskinstance.py:1279} INFO - 
--------------------------------------------------------------------------------
[2024-06-08T16:47:59.512+0000] {taskinstance.py:1280} INFO - Starting attempt 1 of 1
[2024-06-08T16:47:59.512+0000] {taskinstance.py:1281} INFO - 
--------------------------------------------------------------------------------
[2024-06-08T16:47:59.522+0000] {taskinstance.py:1300} INFO - Executing <Task(_PythonDecoratedOperator): sleep_20> on 2024-06-07 18:38:00+00:00
[2024-06-08T16:47:59.528+0000] {standard_task_runner.py:55} INFO - Started process 334 to run task
[2024-06-08T16:47:59.530+0000] {standard_task_runner.py:82} INFO - Running: ['***', 'tasks', 'run', 'example_sla_dag', 'sleep_20', 'scheduled__2024-06-07T18:38:00+00:00', '--job-id', '11784', '--raw', '--subdir', '/home/***/.local/lib/python3.7/site-packages/***/example_dags/example_sla_dag.py', '--cfg-path', '/tmp/tmpy8bow0ub']
[2024-06-08T16:47:59.530+0000] {standard_task_runner.py:83} INFO - Job 11784: Subtask sleep_20
[2024-06-08T16:47:59.575+0000] {task_command.py:388} INFO - Running <TaskInstance: example_sla_dag.sleep_20 scheduled__2024-06-07T18:38:00+00:00 [running]> on host 27113cccce1f
[2024-06-08T16:47:59.629+0000] {taskinstance.py:1509} INFO - Exporting the following env vars:
AIRFLOW_CTX_DAG_EMAIL=email@example.com
AIRFLOW_CTX_DAG_OWNER=***
AIRFLOW_CTX_DAG_ID=example_sla_dag
AIRFLOW_CTX_TASK_ID=sleep_20
AIRFLOW_CTX_EXECUTION_DATE=2024-06-07T18:38:00+00:00
AIRFLOW_CTX_TRY_NUMBER=1
AIRFLOW_CTX_DAG_RUN_ID=scheduled__2024-06-07T18:38:00+00:00
[2024-06-08T16:48:19.649+0000] {python.py:177} INFO - Done. Returned value was: None
[2024-06-08T16:48:19.656+0000] {taskinstance.py:1323} INFO - Marking task as SUCCESS. dag_id=example_sla_dag, task_id=sleep_20, execution_date=20240607T183800, start_date=20240608T164759, end_date=20240608T164819
[2024-06-08T16:48:19.694+0000] {local_task_job.py:208} INFO - Task exited with return code 0
[2024-06-08T16:48:19.710+0000] {taskinstance.py:2578} INFO - 1 downstream tasks scheduled from follow-on schedule check
