[2024-06-16T00:00:01.779+0000] {taskinstance.py:1083} INFO - Dependencies all met for <TaskInstance: example_bash_operator.runme_1 scheduled__2024-06-15T00:00:00+00:00 [queued]>
[2024-06-16T00:00:01.790+0000] {taskinstance.py:1083} INFO - Dependencies all met for <TaskInstance: example_bash_operator.runme_1 scheduled__2024-06-15T00:00:00+00:00 [queued]>
[2024-06-16T00:00:01.790+0000] {taskinstance.py:1279} INFO - 
--------------------------------------------------------------------------------
[2024-06-16T00:00:01.790+0000] {taskinstance.py:1280} INFO - Starting attempt 1 of 1
[2024-06-16T00:00:01.790+0000] {taskinstance.py:1281} INFO - 
--------------------------------------------------------------------------------
[2024-06-16T00:00:01.810+0000] {taskinstance.py:1300} INFO - Executing <Task(BashOperator): runme_1> on 2024-06-15 00:00:00+00:00
[2024-06-16T00:00:01.820+0000] {standard_task_runner.py:55} INFO - Started process 19382 to run task
[2024-06-16T00:00:01.824+0000] {standard_task_runner.py:82} INFO - Running: ['***', 'tasks', 'run', 'example_bash_operator', 'runme_1', 'scheduled__2024-06-15T00:00:00+00:00', '--job-id', '31524', '--raw', '--subdir', '/home/***/.local/lib/python3.7/site-packages/***/example_dags/example_bash_operator.py', '--cfg-path', '/tmp/tmpx0vmv539']
[2024-06-16T00:00:01.825+0000] {standard_task_runner.py:83} INFO - Job 31524: Subtask runme_1
[2024-06-16T00:00:01.936+0000] {task_command.py:388} INFO - Running <TaskInstance: example_bash_operator.runme_1 scheduled__2024-06-15T00:00:00+00:00 [running]> on host 27113cccce1f
[2024-06-16T00:00:02.080+0000] {taskinstance.py:1509} INFO - Exporting the following env vars:
AIRFLOW_CTX_DAG_OWNER=***
AIRFLOW_CTX_DAG_ID=example_bash_operator
AIRFLOW_CTX_TASK_ID=runme_1
AIRFLOW_CTX_EXECUTION_DATE=2024-06-15T00:00:00+00:00
AIRFLOW_CTX_TRY_NUMBER=1
AIRFLOW_CTX_DAG_RUN_ID=scheduled__2024-06-15T00:00:00+00:00
[2024-06-16T00:00:02.081+0000] {subprocess.py:63} INFO - Tmp dir root location: 
 /tmp
[2024-06-16T00:00:02.081+0000] {subprocess.py:75} INFO - Running command: ['/bin/bash', '-c', 'echo "example_bash_operator__runme_1__20240615" && sleep 1']
[2024-06-16T00:00:02.107+0000] {subprocess.py:86} INFO - Output:
[2024-06-16T00:00:02.109+0000] {subprocess.py:93} INFO - example_bash_operator__runme_1__20240615
[2024-06-16T00:00:03.113+0000] {subprocess.py:97} INFO - Command exited with return code 0
[2024-06-16T00:00:03.139+0000] {taskinstance.py:1323} INFO - Marking task as SUCCESS. dag_id=example_bash_operator, task_id=runme_1, execution_date=20240615T000000, start_date=20240616T000001, end_date=20240616T000003
[2024-06-16T00:00:03.179+0000] {local_task_job.py:208} INFO - Task exited with return code 0
[2024-06-16T00:00:03.200+0000] {taskinstance.py:2578} INFO - 0 downstream tasks scheduled from follow-on schedule check
