[2024-06-16T03:36:22.132+0000] {taskinstance.py:1083} INFO - Dependencies all met for <TaskInstance: example_sla_dag.sleep_30 scheduled__2024-06-16T03:34:00+00:00 [queued]>
[2024-06-16T03:36:22.138+0000] {taskinstance.py:1083} INFO - Dependencies all met for <TaskInstance: example_sla_dag.sleep_30 scheduled__2024-06-16T03:34:00+00:00 [queued]>
[2024-06-16T03:36:22.138+0000] {taskinstance.py:1279} INFO - 
--------------------------------------------------------------------------------
[2024-06-16T03:36:22.138+0000] {taskinstance.py:1280} INFO - Starting attempt 1 of 1
[2024-06-16T03:36:22.138+0000] {taskinstance.py:1281} INFO - 
--------------------------------------------------------------------------------
[2024-06-16T03:36:22.148+0000] {taskinstance.py:1300} INFO - Executing <Task(_PythonDecoratedOperator): sleep_30> on 2024-06-16 03:34:00+00:00
[2024-06-16T03:36:22.155+0000] {standard_task_runner.py:55} INFO - Started process 3381 to run task
[2024-06-16T03:36:22.157+0000] {standard_task_runner.py:82} INFO - Running: ['***', 'tasks', 'run', 'example_sla_dag', 'sleep_30', 'scheduled__2024-06-16T03:34:00+00:00', '--job-id', '32655', '--raw', '--subdir', '/home/***/.local/lib/python3.7/site-packages/***/example_dags/example_sla_dag.py', '--cfg-path', '/tmp/tmptkgn1vxh']
[2024-06-16T03:36:22.157+0000] {standard_task_runner.py:83} INFO - Job 32655: Subtask sleep_30
[2024-06-16T03:36:22.203+0000] {task_command.py:388} INFO - Running <TaskInstance: example_sla_dag.sleep_30 scheduled__2024-06-16T03:34:00+00:00 [running]> on host e8d68cd9bf93
[2024-06-16T03:36:22.255+0000] {taskinstance.py:1509} INFO - Exporting the following env vars:
AIRFLOW_CTX_DAG_EMAIL=email@example.com
AIRFLOW_CTX_DAG_OWNER=***
AIRFLOW_CTX_DAG_ID=example_sla_dag
AIRFLOW_CTX_TASK_ID=sleep_30
AIRFLOW_CTX_EXECUTION_DATE=2024-06-16T03:34:00+00:00
AIRFLOW_CTX_TRY_NUMBER=1
AIRFLOW_CTX_DAG_RUN_ID=scheduled__2024-06-16T03:34:00+00:00
