[2024-06-10T17:28:37.184+0000] {taskinstance.py:1083} INFO - Dependencies all met for <TaskInstance: example_short_circuit_decorator.condition_is_false scheduled__2024-06-09T17:28:36.243197+00:00 [queued]>
[2024-06-10T17:28:37.191+0000] {taskinstance.py:1083} INFO - Dependencies all met for <TaskInstance: example_short_circuit_decorator.condition_is_false scheduled__2024-06-09T17:28:36.243197+00:00 [queued]>
[2024-06-10T17:28:37.192+0000] {taskinstance.py:1279} INFO - 
--------------------------------------------------------------------------------
[2024-06-10T17:28:37.192+0000] {taskinstance.py:1280} INFO - Starting attempt 1 of 1
[2024-06-10T17:28:37.192+0000] {taskinstance.py:1281} INFO - 
--------------------------------------------------------------------------------
[2024-06-10T17:28:37.201+0000] {taskinstance.py:1300} INFO - Executing <Task(_ShortCircuitDecoratedOperator): condition_is_false> on 2024-06-09 17:28:36.243197+00:00
[2024-06-10T17:28:37.207+0000] {standard_task_runner.py:55} INFO - Started process 53048 to run task
[2024-06-10T17:28:37.209+0000] {standard_task_runner.py:82} INFO - Running: ['***', 'tasks', 'run', 'example_short_circuit_decorator', 'condition_is_false', 'scheduled__2024-06-09T17:28:36.243197+00:00', '--job-id', '17675', '--raw', '--subdir', '/home/***/.local/lib/python3.7/site-packages/***/example_dags/example_short_circuit_decorator.py', '--cfg-path', '/tmp/tmpl2t4gz1d']
[2024-06-10T17:28:37.210+0000] {standard_task_runner.py:83} INFO - Job 17675: Subtask condition_is_false
[2024-06-10T17:28:37.253+0000] {task_command.py:388} INFO - Running <TaskInstance: example_short_circuit_decorator.condition_is_false scheduled__2024-06-09T17:28:36.243197+00:00 [running]> on host 27113cccce1f
[2024-06-10T17:28:37.302+0000] {taskinstance.py:1509} INFO - Exporting the following env vars:
AIRFLOW_CTX_DAG_OWNER=***
AIRFLOW_CTX_DAG_ID=example_short_circuit_decorator
AIRFLOW_CTX_TASK_ID=condition_is_false
AIRFLOW_CTX_EXECUTION_DATE=2024-06-09T17:28:36.243197+00:00
AIRFLOW_CTX_TRY_NUMBER=1
AIRFLOW_CTX_DAG_RUN_ID=scheduled__2024-06-09T17:28:36.243197+00:00
[2024-06-10T17:28:37.302+0000] {python.py:177} INFO - Done. Returned value was: False
[2024-06-10T17:28:37.303+0000] {python.py:248} INFO - Condition result is False
[2024-06-10T17:28:37.303+0000] {python.py:262} INFO - Skipping all downstream tasks...
[2024-06-10T17:28:37.321+0000] {python.py:270} INFO - Done.
[2024-06-10T17:28:37.327+0000] {taskinstance.py:1323} INFO - Marking task as SUCCESS. dag_id=example_short_circuit_decorator, task_id=condition_is_false, execution_date=20240609T172836, start_date=20240610T172837, end_date=20240610T172837
[2024-06-10T17:28:37.381+0000] {local_task_job.py:208} INFO - Task exited with return code 0
[2024-06-10T17:28:37.394+0000] {taskinstance.py:2578} INFO - 0 downstream tasks scheduled from follow-on schedule check
