[2024-06-10T11:18:22.334+0000] {taskinstance.py:1083} INFO - Dependencies all met for <TaskInstance: example_sla_dag.sleep_30 scheduled__2024-06-10T11:16:00+00:00 [queued]>
[2024-06-10T11:18:22.340+0000] {taskinstance.py:1083} INFO - Dependencies all met for <TaskInstance: example_sla_dag.sleep_30 scheduled__2024-06-10T11:16:00+00:00 [queued]>
[2024-06-10T11:18:22.340+0000] {taskinstance.py:1279} INFO - 
--------------------------------------------------------------------------------
[2024-06-10T11:18:22.340+0000] {taskinstance.py:1280} INFO - Starting attempt 1 of 1
[2024-06-10T11:18:22.340+0000] {taskinstance.py:1281} INFO - 
--------------------------------------------------------------------------------
[2024-06-10T11:18:22.356+0000] {taskinstance.py:1300} INFO - Executing <Task(_PythonDecoratedOperator): sleep_30> on 2024-06-10 11:16:00+00:00
[2024-06-10T11:18:22.362+0000] {standard_task_runner.py:55} INFO - Started process 2794 to run task
[2024-06-10T11:18:22.364+0000] {standard_task_runner.py:82} INFO - Running: ['***', 'tasks', 'run', 'example_sla_dag', 'sleep_30', 'scheduled__2024-06-10T11:16:00+00:00', '--job-id', '15822', '--raw', '--subdir', '/home/***/.local/lib/python3.7/site-packages/***/example_dags/example_sla_dag.py', '--cfg-path', '/tmp/tmp2dkd8opm']
[2024-06-10T11:18:22.364+0000] {standard_task_runner.py:83} INFO - Job 15822: Subtask sleep_30
[2024-06-10T11:18:22.416+0000] {task_command.py:388} INFO - Running <TaskInstance: example_sla_dag.sleep_30 scheduled__2024-06-10T11:16:00+00:00 [running]> on host 27113cccce1f
[2024-06-10T11:18:22.477+0000] {taskinstance.py:1509} INFO - Exporting the following env vars:
AIRFLOW_CTX_DAG_EMAIL=email@example.com
AIRFLOW_CTX_DAG_OWNER=***
AIRFLOW_CTX_DAG_ID=example_sla_dag
AIRFLOW_CTX_TASK_ID=sleep_30
AIRFLOW_CTX_EXECUTION_DATE=2024-06-10T11:16:00+00:00
AIRFLOW_CTX_TRY_NUMBER=1
AIRFLOW_CTX_DAG_RUN_ID=scheduled__2024-06-10T11:16:00+00:00
[2024-06-10T11:18:52.509+0000] {python.py:177} INFO - Done. Returned value was: None
[2024-06-10T11:18:52.520+0000] {taskinstance.py:1323} INFO - Marking task as SUCCESS. dag_id=example_sla_dag, task_id=sleep_30, execution_date=20240610T111600, start_date=20240610T111822, end_date=20240610T111852
[2024-06-10T11:18:52.573+0000] {local_task_job.py:208} INFO - Task exited with return code 0
[2024-06-10T11:18:52.584+0000] {taskinstance.py:2578} INFO - 0 downstream tasks scheduled from follow-on schedule check
