[2024-06-08T16:47:45.159+0000] {taskinstance.py:1083} INFO - Dependencies all met for <TaskInstance: example_sla_dag.sleep_20 scheduled__2024-06-07T18:14:00+00:00 [queued]>
[2024-06-08T16:47:45.176+0000] {taskinstance.py:1083} INFO - Dependencies all met for <TaskInstance: example_sla_dag.sleep_20 scheduled__2024-06-07T18:14:00+00:00 [queued]>
[2024-06-08T16:47:45.177+0000] {taskinstance.py:1279} INFO - 
--------------------------------------------------------------------------------
[2024-06-08T16:47:45.177+0000] {taskinstance.py:1280} INFO - Starting attempt 1 of 1
[2024-06-08T16:47:45.177+0000] {taskinstance.py:1281} INFO - 
--------------------------------------------------------------------------------
[2024-06-08T16:47:45.214+0000] {taskinstance.py:1300} INFO - Executing <Task(_PythonDecoratedOperator): sleep_20> on 2024-06-07 18:14:00+00:00
[2024-06-08T16:47:45.225+0000] {standard_task_runner.py:55} INFO - Started process 80 to run task
[2024-06-08T16:47:45.229+0000] {standard_task_runner.py:82} INFO - Running: ['***', 'tasks', 'run', 'example_sla_dag', 'sleep_20', 'scheduled__2024-06-07T18:14:00+00:00', '--job-id', '11597', '--raw', '--subdir', '/home/***/.local/lib/python3.7/site-packages/***/example_dags/example_sla_dag.py', '--cfg-path', '/tmp/tmpm7x6y564']
[2024-06-08T16:47:45.230+0000] {standard_task_runner.py:83} INFO - Job 11597: Subtask sleep_20
[2024-06-08T16:47:45.341+0000] {task_command.py:388} INFO - Running <TaskInstance: example_sla_dag.sleep_20 scheduled__2024-06-07T18:14:00+00:00 [running]> on host 27113cccce1f
[2024-06-08T16:47:45.562+0000] {taskinstance.py:1509} INFO - Exporting the following env vars:
AIRFLOW_CTX_DAG_EMAIL=email@example.com
AIRFLOW_CTX_DAG_OWNER=***
AIRFLOW_CTX_DAG_ID=example_sla_dag
AIRFLOW_CTX_TASK_ID=sleep_20
AIRFLOW_CTX_EXECUTION_DATE=2024-06-07T18:14:00+00:00
AIRFLOW_CTX_TRY_NUMBER=1
AIRFLOW_CTX_DAG_RUN_ID=scheduled__2024-06-07T18:14:00+00:00
[2024-06-08T16:47:49.331+0000] {taskinstance.py:1077} INFO - Dependencies not met for <TaskInstance: example_sla_dag.sleep_20 scheduled__2024-06-07T18:14:00+00:00 [running]>, dependency 'Task Instance State' FAILED: Task is in the 'running' state.
[2024-06-08T16:47:49.332+0000] {taskinstance.py:1077} INFO - Dependencies not met for <TaskInstance: example_sla_dag.sleep_20 scheduled__2024-06-07T18:14:00+00:00 [running]>, dependency 'Task Instance Not Running' FAILED: Task is in the running state
[2024-06-08T16:47:49.344+0000] {local_task_job.py:147} INFO - Task is not able to be run
[2024-06-08T16:47:51.851+0000] {taskinstance.py:1077} INFO - Dependencies not met for <TaskInstance: example_sla_dag.sleep_20 scheduled__2024-06-07T18:14:00+00:00 [running]>, dependency 'Task Instance State' FAILED: Task is in the 'running' state.
[2024-06-08T16:47:51.852+0000] {taskinstance.py:1077} INFO - Dependencies not met for <TaskInstance: example_sla_dag.sleep_20 scheduled__2024-06-07T18:14:00+00:00 [running]>, dependency 'Task Instance Not Running' FAILED: Task is in the running state
[2024-06-08T16:47:51.862+0000] {local_task_job.py:147} INFO - Task is not able to be run
[2024-06-08T16:47:55.274+0000] {taskinstance.py:1077} INFO - Dependencies not met for <TaskInstance: example_sla_dag.sleep_20 scheduled__2024-06-07T18:14:00+00:00 [running]>, dependency 'Task Instance State' FAILED: Task is in the 'running' state.
[2024-06-08T16:47:55.275+0000] {taskinstance.py:1077} INFO - Dependencies not met for <TaskInstance: example_sla_dag.sleep_20 scheduled__2024-06-07T18:14:00+00:00 [running]>, dependency 'Task Instance Not Running' FAILED: Task is in the running state
[2024-06-08T16:47:55.284+0000] {local_task_job.py:147} INFO - Task is not able to be run
[2024-06-08T16:48:05.583+0000] {python.py:177} INFO - Done. Returned value was: None
[2024-06-08T16:48:05.590+0000] {taskinstance.py:1323} INFO - Marking task as SUCCESS. dag_id=example_sla_dag, task_id=sleep_20, execution_date=20240607T181400, start_date=20240608T164745, end_date=20240608T164805
[2024-06-08T16:48:05.634+0000] {local_task_job.py:208} INFO - Task exited with return code 0
[2024-06-08T16:48:05.649+0000] {taskinstance.py:2578} INFO - 1 downstream tasks scheduled from follow-on schedule check
