[2024-06-07T11:46:17.114+0000] {taskinstance.py:1083} INFO - Dependencies all met for <TaskInstance: example_dynamic_task_mapping.sum_it scheduled__2024-06-06T00:00:00+00:00 [queued]>
[2024-06-07T11:46:17.128+0000] {taskinstance.py:1083} INFO - Dependencies all met for <TaskInstance: example_dynamic_task_mapping.sum_it scheduled__2024-06-06T00:00:00+00:00 [queued]>
[2024-06-07T11:46:17.128+0000] {taskinstance.py:1279} INFO - 
--------------------------------------------------------------------------------
[2024-06-07T11:46:17.128+0000] {taskinstance.py:1280} INFO - Starting attempt 1 of 1
[2024-06-07T11:46:17.128+0000] {taskinstance.py:1281} INFO - 
--------------------------------------------------------------------------------
[2024-06-07T11:46:17.149+0000] {taskinstance.py:1300} INFO - Executing <Task(_PythonDecoratedOperator): sum_it> on 2024-06-06 00:00:00+00:00
[2024-06-07T11:46:17.158+0000] {standard_task_runner.py:55} INFO - Started process 201 to run task
[2024-06-07T11:46:17.161+0000] {standard_task_runner.py:82} INFO - Running: ['***', 'tasks', 'run', 'example_dynamic_task_mapping', 'sum_it', 'scheduled__2024-06-06T00:00:00+00:00', '--job-id', '9699', '--raw', '--subdir', '/home/***/.local/lib/python3.7/site-packages/***/example_dags/example_dynamic_task_mapping.py', '--cfg-path', '/tmp/tmpxl5w455q']
[2024-06-07T11:46:17.161+0000] {standard_task_runner.py:83} INFO - Job 9699: Subtask sum_it
[2024-06-07T11:46:17.233+0000] {task_command.py:388} INFO - Running <TaskInstance: example_dynamic_task_mapping.sum_it scheduled__2024-06-06T00:00:00+00:00 [running]> on host 27113cccce1f
[2024-06-07T11:46:17.338+0000] {taskinstance.py:1509} INFO - Exporting the following env vars:
AIRFLOW_CTX_DAG_OWNER=***
AIRFLOW_CTX_DAG_ID=example_dynamic_task_mapping
AIRFLOW_CTX_TASK_ID=sum_it
AIRFLOW_CTX_EXECUTION_DATE=2024-06-06T00:00:00+00:00
AIRFLOW_CTX_TRY_NUMBER=1
AIRFLOW_CTX_DAG_RUN_ID=scheduled__2024-06-06T00:00:00+00:00
[2024-06-07T11:46:17.349+0000] {logging_mixin.py:137} INFO - Total was 9
[2024-06-07T11:46:17.350+0000] {python.py:177} INFO - Done. Returned value was: None
[2024-06-07T11:46:17.364+0000] {taskinstance.py:1323} INFO - Marking task as SUCCESS. dag_id=example_dynamic_task_mapping, task_id=sum_it, execution_date=20240606T000000, start_date=20240607T114617, end_date=20240607T114617
[2024-06-07T11:46:17.416+0000] {local_task_job.py:208} INFO - Task exited with return code 0
[2024-06-07T11:46:17.436+0000] {taskinstance.py:2578} INFO - 0 downstream tasks scheduled from follow-on schedule check
