[2024-06-16T02:56:22.249+0000] {taskinstance.py:1083} INFO - Dependencies all met for <TaskInstance: example_sla_dag.sleep_30 scheduled__2024-06-16T02:54:00+00:00 [queued]>
[2024-06-16T02:56:22.255+0000] {taskinstance.py:1083} INFO - Dependencies all met for <TaskInstance: example_sla_dag.sleep_30 scheduled__2024-06-16T02:54:00+00:00 [queued]>
[2024-06-16T02:56:22.255+0000] {taskinstance.py:1279} INFO - 
--------------------------------------------------------------------------------
[2024-06-16T02:56:22.255+0000] {taskinstance.py:1280} INFO - Starting attempt 1 of 1
[2024-06-16T02:56:22.255+0000] {taskinstance.py:1281} INFO - 
--------------------------------------------------------------------------------
[2024-06-16T02:56:22.265+0000] {taskinstance.py:1300} INFO - Executing <Task(_PythonDecoratedOperator): sleep_30> on 2024-06-16 02:54:00+00:00
[2024-06-16T02:56:22.271+0000] {standard_task_runner.py:55} INFO - Started process 207 to run task
[2024-06-16T02:56:22.273+0000] {standard_task_runner.py:82} INFO - Running: ['***', 'tasks', 'run', 'example_sla_dag', 'sleep_30', 'scheduled__2024-06-16T02:54:00+00:00', '--job-id', '32497', '--raw', '--subdir', '/home/***/.local/lib/python3.7/site-packages/***/example_dags/example_sla_dag.py', '--cfg-path', '/tmp/tmp3z3cy9rn']
[2024-06-16T02:56:22.273+0000] {standard_task_runner.py:83} INFO - Job 32497: Subtask sleep_30
[2024-06-16T02:56:22.318+0000] {task_command.py:388} INFO - Running <TaskInstance: example_sla_dag.sleep_30 scheduled__2024-06-16T02:54:00+00:00 [running]> on host d460cb06525f
[2024-06-16T02:56:22.368+0000] {taskinstance.py:1509} INFO - Exporting the following env vars:
AIRFLOW_CTX_DAG_EMAIL=email@example.com
AIRFLOW_CTX_DAG_OWNER=***
AIRFLOW_CTX_DAG_ID=example_sla_dag
AIRFLOW_CTX_TASK_ID=sleep_30
AIRFLOW_CTX_EXECUTION_DATE=2024-06-16T02:54:00+00:00
AIRFLOW_CTX_TRY_NUMBER=1
AIRFLOW_CTX_DAG_RUN_ID=scheduled__2024-06-16T02:54:00+00:00
