[2024-06-04T23:48:59.869+0000] {taskinstance.py:1083} INFO - Dependencies all met for <TaskInstance: tutorial.print_date scheduled__2024-06-03T23:48:42.904434+00:00 [queued]>
[2024-06-04T23:48:59.879+0000] {taskinstance.py:1083} INFO - Dependencies all met for <TaskInstance: tutorial.print_date scheduled__2024-06-03T23:48:42.904434+00:00 [queued]>
[2024-06-04T23:48:59.879+0000] {taskinstance.py:1279} INFO - 
--------------------------------------------------------------------------------
[2024-06-04T23:48:59.879+0000] {taskinstance.py:1280} INFO - Starting attempt 1 of 2
[2024-06-04T23:48:59.879+0000] {taskinstance.py:1281} INFO - 
--------------------------------------------------------------------------------
[2024-06-04T23:48:59.896+0000] {taskinstance.py:1300} INFO - Executing <Task(BashOperator): print_date> on 2024-06-03 23:48:42.904434+00:00
[2024-06-04T23:48:59.905+0000] {standard_task_runner.py:55} INFO - Started process 4828 to run task
[2024-06-04T23:48:59.908+0000] {standard_task_runner.py:82} INFO - Running: ['***', 'tasks', 'run', 'tutorial', 'print_date', 'scheduled__2024-06-03T23:48:42.904434+00:00', '--job-id', '1671', '--raw', '--subdir', '/home/***/.local/lib/python3.7/site-packages/***/example_dags/tutorial.py', '--cfg-path', '/tmp/tmpml4mkyw8']
[2024-06-04T23:48:59.909+0000] {standard_task_runner.py:83} INFO - Job 1671: Subtask print_date
[2024-06-04T23:48:59.971+0000] {task_command.py:388} INFO - Running <TaskInstance: tutorial.print_date scheduled__2024-06-03T23:48:42.904434+00:00 [running]> on host 27113cccce1f
[2024-06-04T23:49:00.043+0000] {taskinstance.py:1509} INFO - Exporting the following env vars:
AIRFLOW_CTX_DAG_EMAIL=***@example.com
AIRFLOW_CTX_DAG_OWNER=***
AIRFLOW_CTX_DAG_ID=tutorial
AIRFLOW_CTX_TASK_ID=print_date
AIRFLOW_CTX_EXECUTION_DATE=2024-06-03T23:48:42.904434+00:00
AIRFLOW_CTX_TRY_NUMBER=1
AIRFLOW_CTX_DAG_RUN_ID=scheduled__2024-06-03T23:48:42.904434+00:00
[2024-06-04T23:49:00.044+0000] {subprocess.py:63} INFO - Tmp dir root location: 
 /tmp
[2024-06-04T23:49:00.045+0000] {subprocess.py:75} INFO - Running command: ['/bin/bash', '-c', 'date']
[2024-06-04T23:49:00.061+0000] {subprocess.py:86} INFO - Output:
[2024-06-04T23:49:00.065+0000] {subprocess.py:93} INFO - Tue Jun  4 23:49:00 UTC 2024
[2024-06-04T23:49:00.066+0000] {subprocess.py:97} INFO - Command exited with return code 0
[2024-06-04T23:49:00.091+0000] {taskinstance.py:1323} INFO - Marking task as SUCCESS. dag_id=tutorial, task_id=print_date, execution_date=20240603T234842, start_date=20240604T234859, end_date=20240604T234900
[2024-06-04T23:49:00.120+0000] {local_task_job.py:208} INFO - Task exited with return code 0
[2024-06-04T23:49:00.142+0000] {taskinstance.py:2578} INFO - 2 downstream tasks scheduled from follow-on schedule check
