[2024-06-14T12:30:58.726+0000] {taskinstance.py:1083} INFO - Dependencies all met for <TaskInstance: latest_only_with_trigger.latest_only scheduled__2024-06-13T23:12:49.634424+00:00 [queued]>
[2024-06-14T12:30:58.749+0000] {taskinstance.py:1083} INFO - Dependencies all met for <TaskInstance: latest_only_with_trigger.latest_only scheduled__2024-06-13T23:12:49.634424+00:00 [queued]>
[2024-06-14T12:30:58.750+0000] {taskinstance.py:1279} INFO - 
--------------------------------------------------------------------------------
[2024-06-14T12:30:58.750+0000] {taskinstance.py:1280} INFO - Starting attempt 1 of 1
[2024-06-14T12:30:58.750+0000] {taskinstance.py:1281} INFO - 
--------------------------------------------------------------------------------
[2024-06-14T12:30:58.777+0000] {taskinstance.py:1300} INFO - Executing <Task(LatestOnlyOperator): latest_only> on 2024-06-13 23:12:49.634424+00:00
[2024-06-14T12:30:58.796+0000] {standard_task_runner.py:55} INFO - Started process 290 to run task
[2024-06-14T12:30:58.802+0000] {standard_task_runner.py:82} INFO - Running: ['***', 'tasks', 'run', 'latest_only_with_trigger', 'latest_only', 'scheduled__2024-06-13T23:12:49.634424+00:00', '--job-id', '24535', '--raw', '--subdir', '/home/***/.local/lib/python3.7/site-packages/***/example_dags/example_latest_only_with_trigger.py', '--cfg-path', '/tmp/tmpvuxazhls']
[2024-06-14T12:30:58.806+0000] {standard_task_runner.py:83} INFO - Job 24535: Subtask latest_only
[2024-06-14T12:30:58.924+0000] {task_command.py:388} INFO - Running <TaskInstance: latest_only_with_trigger.latest_only scheduled__2024-06-13T23:12:49.634424+00:00 [running]> on host 27113cccce1f
[2024-06-14T12:30:59.046+0000] {taskinstance.py:1509} INFO - Exporting the following env vars:
AIRFLOW_CTX_DAG_OWNER=***
AIRFLOW_CTX_DAG_ID=latest_only_with_trigger
AIRFLOW_CTX_TASK_ID=latest_only
AIRFLOW_CTX_EXECUTION_DATE=2024-06-13T23:12:49.634424+00:00
AIRFLOW_CTX_TRY_NUMBER=1
AIRFLOW_CTX_DAG_RUN_ID=scheduled__2024-06-13T23:12:49.634424+00:00
[2024-06-14T12:30:59.047+0000] {latest_only.py:70} INFO - Checking latest only with left_window: 2024-06-14T03:12:49.634424+00:00 right_window: 2024-06-14T07:12:49.634424+00:00 now: 2024-06-14T12:30:59.047812+00:00
[2024-06-14T12:30:59.048+0000] {latest_only.py:74} INFO - Not latest execution, skipping downstream.
[2024-06-14T12:30:59.048+0000] {skipmixin.py:155} INFO - Following branch []
[2024-06-14T12:30:59.048+0000] {skipmixin.py:211} INFO - Skipping tasks ['task1']
[2024-06-14T12:30:59.115+0000] {taskinstance.py:1323} INFO - Marking task as SUCCESS. dag_id=latest_only_with_trigger, task_id=latest_only, execution_date=20240613T231249, start_date=20240614T123058, end_date=20240614T123059
[2024-06-14T12:30:59.179+0000] {local_task_job.py:208} INFO - Task exited with return code 0
[2024-06-14T12:30:59.231+0000] {taskinstance.py:2578} INFO - 0 downstream tasks scheduled from follow-on schedule check
