[2024-06-04T23:53:46.789+0000] {taskinstance.py:1083} INFO - Dependencies all met for <TaskInstance: example_dynamic_task_mapping.sum_it scheduled__2024-04-26T00:00:00+00:00 [queued]>
[2024-06-04T23:53:46.795+0000] {taskinstance.py:1083} INFO - Dependencies all met for <TaskInstance: example_dynamic_task_mapping.sum_it scheduled__2024-04-26T00:00:00+00:00 [queued]>
[2024-06-04T23:53:46.796+0000] {taskinstance.py:1279} INFO - 
--------------------------------------------------------------------------------
[2024-06-04T23:53:46.796+0000] {taskinstance.py:1280} INFO - Starting attempt 1 of 1
[2024-06-04T23:53:46.796+0000] {taskinstance.py:1281} INFO - 
--------------------------------------------------------------------------------
[2024-06-04T23:53:46.806+0000] {taskinstance.py:1300} INFO - Executing <Task(_PythonDecoratedOperator): sum_it> on 2024-04-26 00:00:00+00:00
[2024-06-04T23:53:46.812+0000] {standard_task_runner.py:55} INFO - Started process 8566 to run task
[2024-06-04T23:53:46.814+0000] {standard_task_runner.py:82} INFO - Running: ['***', 'tasks', 'run', 'example_dynamic_task_mapping', 'sum_it', 'scheduled__2024-04-26T00:00:00+00:00', '--job-id', '3253', '--raw', '--subdir', '/home/***/.local/lib/python3.7/site-packages/***/example_dags/example_dynamic_task_mapping.py', '--cfg-path', '/tmp/tmp0ny5lfoh']
[2024-06-04T23:53:46.814+0000] {standard_task_runner.py:83} INFO - Job 3253: Subtask sum_it
[2024-06-04T23:53:46.859+0000] {task_command.py:388} INFO - Running <TaskInstance: example_dynamic_task_mapping.sum_it scheduled__2024-04-26T00:00:00+00:00 [running]> on host 27113cccce1f
[2024-06-04T23:53:46.918+0000] {taskinstance.py:1509} INFO - Exporting the following env vars:
AIRFLOW_CTX_DAG_OWNER=***
AIRFLOW_CTX_DAG_ID=example_dynamic_task_mapping
AIRFLOW_CTX_TASK_ID=sum_it
AIRFLOW_CTX_EXECUTION_DATE=2024-04-26T00:00:00+00:00
AIRFLOW_CTX_TRY_NUMBER=1
AIRFLOW_CTX_DAG_RUN_ID=scheduled__2024-04-26T00:00:00+00:00
[2024-06-04T23:53:46.924+0000] {logging_mixin.py:137} INFO - Total was 9
[2024-06-04T23:53:46.925+0000] {python.py:177} INFO - Done. Returned value was: None
[2024-06-04T23:53:46.932+0000] {taskinstance.py:1323} INFO - Marking task as SUCCESS. dag_id=example_dynamic_task_mapping, task_id=sum_it, execution_date=20240426T000000, start_date=20240604T235346, end_date=20240604T235346
[2024-06-04T23:53:46.946+0000] {local_task_job.py:208} INFO - Task exited with return code 0
[2024-06-04T23:53:46.959+0000] {taskinstance.py:2578} INFO - 0 downstream tasks scheduled from follow-on schedule check
