[2024-06-16T14:13:09.819+0000] {taskinstance.py:1083} INFO - Dependencies all met for <TaskInstance: process_data_dag.get_parameters manual__2024-06-16T11:13:08.942600 [queued]>
[2024-06-16T14:13:09.825+0000] {taskinstance.py:1083} INFO - Dependencies all met for <TaskInstance: process_data_dag.get_parameters manual__2024-06-16T11:13:08.942600 [queued]>
[2024-06-16T14:13:09.825+0000] {taskinstance.py:1279} INFO - 
--------------------------------------------------------------------------------
[2024-06-16T14:13:09.825+0000] {taskinstance.py:1280} INFO - Starting attempt 1 of 2
[2024-06-16T14:13:09.825+0000] {taskinstance.py:1281} INFO - 
--------------------------------------------------------------------------------
[2024-06-16T14:13:09.834+0000] {taskinstance.py:1300} INFO - Executing <Task(PythonOperator): get_parameters> on 2024-06-16 14:13:09.007586+00:00
[2024-06-16T14:13:09.842+0000] {standard_task_runner.py:55} INFO - Started process 2953 to run task
[2024-06-16T14:13:09.844+0000] {standard_task_runner.py:82} INFO - Running: ['***', 'tasks', 'run', 'process_data_dag', 'get_parameters', 'manual__2024-06-16T11:13:08.942600', '--job-id', '33314', '--raw', '--subdir', 'DAGS_FOLDER/process_data.py', '--cfg-path', '/tmp/tmpeo30d8mh']
[2024-06-16T14:13:09.845+0000] {standard_task_runner.py:83} INFO - Job 33314: Subtask get_parameters
[2024-06-16T14:13:09.886+0000] {task_command.py:388} INFO - Running <TaskInstance: process_data_dag.get_parameters manual__2024-06-16T11:13:08.942600 [running]> on host 01364b699017
[2024-06-16T14:13:09.933+0000] {taskinstance.py:1509} INFO - Exporting the following env vars:
AIRFLOW_CTX_DAG_OWNER=***
AIRFLOW_CTX_DAG_ID=process_data_dag
AIRFLOW_CTX_TASK_ID=get_parameters
AIRFLOW_CTX_EXECUTION_DATE=2024-06-16T14:13:09.007586+00:00
AIRFLOW_CTX_TRY_NUMBER=1
AIRFLOW_CTX_DAG_RUN_ID=manual__2024-06-16T11:13:08.942600
[2024-06-16T14:13:09.953+0000] {python.py:177} INFO - Done. Returned value was: None
[2024-06-16T14:13:09.960+0000] {taskinstance.py:1323} INFO - Marking task as SUCCESS. dag_id=process_data_dag, task_id=get_parameters, execution_date=20240616T141309, start_date=20240616T141309, end_date=20240616T141309
[2024-06-16T14:13:09.976+0000] {local_task_job.py:208} INFO - Task exited with return code 0
[2024-06-16T14:13:09.997+0000] {taskinstance.py:2578} INFO - 1 downstream tasks scheduled from follow-on schedule check
