[2024-06-16T13:38:41.968+0000] {taskinstance.py:1083} INFO - Dependencies all met for <TaskInstance: example_short_circuit_operator.short_circuit scheduled__2024-06-15T12:30:58.524040+00:00 [queued]>
[2024-06-16T13:38:41.976+0000] {taskinstance.py:1083} INFO - Dependencies all met for <TaskInstance: example_short_circuit_operator.short_circuit scheduled__2024-06-15T12:30:58.524040+00:00 [queued]>
[2024-06-16T13:38:41.976+0000] {taskinstance.py:1279} INFO - 
--------------------------------------------------------------------------------
[2024-06-16T13:38:41.976+0000] {taskinstance.py:1280} INFO - Starting attempt 1 of 1
[2024-06-16T13:38:41.976+0000] {taskinstance.py:1281} INFO - 
--------------------------------------------------------------------------------
[2024-06-16T13:38:41.987+0000] {taskinstance.py:1300} INFO - Executing <Task(ShortCircuitOperator): short_circuit> on 2024-06-15 12:30:58.524040+00:00
[2024-06-16T13:38:41.993+0000] {standard_task_runner.py:55} INFO - Started process 176 to run task
[2024-06-16T13:38:41.996+0000] {standard_task_runner.py:82} INFO - Running: ['***', 'tasks', 'run', 'example_short_circuit_operator', 'short_circuit', 'scheduled__2024-06-15T12:30:58.524040+00:00', '--job-id', '33012', '--raw', '--subdir', '/home/***/.local/lib/python3.7/site-packages/***/example_dags/example_short_circuit_operator.py', '--cfg-path', '/tmp/tmpktb66esh']
[2024-06-16T13:38:41.996+0000] {standard_task_runner.py:83} INFO - Job 33012: Subtask short_circuit
[2024-06-16T13:38:42.047+0000] {task_command.py:388} INFO - Running <TaskInstance: example_short_circuit_operator.short_circuit scheduled__2024-06-15T12:30:58.524040+00:00 [running]> on host 1caec24182a1
[2024-06-16T13:38:42.115+0000] {taskinstance.py:1509} INFO - Exporting the following env vars:
AIRFLOW_CTX_DAG_OWNER=***
AIRFLOW_CTX_DAG_ID=example_short_circuit_operator
AIRFLOW_CTX_TASK_ID=short_circuit
AIRFLOW_CTX_EXECUTION_DATE=2024-06-15T12:30:58.524040+00:00
AIRFLOW_CTX_TRY_NUMBER=1
AIRFLOW_CTX_DAG_RUN_ID=scheduled__2024-06-15T12:30:58.524040+00:00
[2024-06-16T13:38:42.116+0000] {python.py:177} INFO - Done. Returned value was: False
[2024-06-16T13:38:42.117+0000] {python.py:248} INFO - Condition result is False
[2024-06-16T13:38:42.117+0000] {python.py:265} INFO - Skipping downstream tasks while respecting trigger rules...
[2024-06-16T13:38:42.144+0000] {python.py:270} INFO - Done.
[2024-06-16T13:38:42.155+0000] {taskinstance.py:1323} INFO - Marking task as SUCCESS. dag_id=example_short_circuit_operator, task_id=short_circuit, execution_date=20240615T123058, start_date=20240616T133841, end_date=20240616T133842
[2024-06-16T13:38:42.207+0000] {local_task_job.py:208} INFO - Task exited with return code 0
[2024-06-16T13:38:42.231+0000] {taskinstance.py:2578} INFO - 0 downstream tasks scheduled from follow-on schedule check
