[2024-06-12T17:54:01.470+0000] {taskinstance.py:1083} INFO - Dependencies all met for <TaskInstance: example_sla_dag.sleep_20 scheduled__2024-06-12T17:52:00+00:00 [queued]>
[2024-06-12T17:54:01.481+0000] {taskinstance.py:1083} INFO - Dependencies all met for <TaskInstance: example_sla_dag.sleep_20 scheduled__2024-06-12T17:52:00+00:00 [queued]>
[2024-06-12T17:54:01.482+0000] {taskinstance.py:1279} INFO - 
--------------------------------------------------------------------------------
[2024-06-12T17:54:01.482+0000] {taskinstance.py:1280} INFO - Starting attempt 1 of 1
[2024-06-12T17:54:01.482+0000] {taskinstance.py:1281} INFO - 
--------------------------------------------------------------------------------
[2024-06-12T17:54:01.501+0000] {taskinstance.py:1300} INFO - Executing <Task(_PythonDecoratedOperator): sleep_20> on 2024-06-12 17:52:00+00:00
[2024-06-12T17:54:01.509+0000] {standard_task_runner.py:55} INFO - Started process 54221 to run task
[2024-06-12T17:54:01.511+0000] {standard_task_runner.py:82} INFO - Running: ['***', 'tasks', 'run', 'example_sla_dag', 'sleep_20', 'scheduled__2024-06-12T17:52:00+00:00', '--job-id', '23594', '--raw', '--subdir', '/home/***/.local/lib/python3.7/site-packages/***/example_dags/example_sla_dag.py', '--cfg-path', '/tmp/tmp2u5_9azy']
[2024-06-12T17:54:01.511+0000] {standard_task_runner.py:83} INFO - Job 23594: Subtask sleep_20
[2024-06-12T17:54:01.617+0000] {task_command.py:388} INFO - Running <TaskInstance: example_sla_dag.sleep_20 scheduled__2024-06-12T17:52:00+00:00 [running]> on host 27113cccce1f
[2024-06-12T17:54:01.687+0000] {taskinstance.py:1509} INFO - Exporting the following env vars:
AIRFLOW_CTX_DAG_EMAIL=email@example.com
AIRFLOW_CTX_DAG_OWNER=***
AIRFLOW_CTX_DAG_ID=example_sla_dag
AIRFLOW_CTX_TASK_ID=sleep_20
AIRFLOW_CTX_EXECUTION_DATE=2024-06-12T17:52:00+00:00
AIRFLOW_CTX_TRY_NUMBER=1
AIRFLOW_CTX_DAG_RUN_ID=scheduled__2024-06-12T17:52:00+00:00
[2024-06-12T17:54:21.708+0000] {python.py:177} INFO - Done. Returned value was: None
[2024-06-12T17:54:21.720+0000] {taskinstance.py:1323} INFO - Marking task as SUCCESS. dag_id=example_sla_dag, task_id=sleep_20, execution_date=20240612T175200, start_date=20240612T175401, end_date=20240612T175421
[2024-06-12T17:54:21.740+0000] {local_task_job.py:208} INFO - Task exited with return code 0
[2024-06-12T17:54:21.755+0000] {taskinstance.py:2578} INFO - 1 downstream tasks scheduled from follow-on schedule check
