[2024-06-14T12:30:49.550+0000] {taskinstance.py:1083} INFO - Dependencies all met for <TaskInstance: example_short_circuit_operator.condition_is_True scheduled__2024-06-11T23:44:07.827442+00:00 [queued]>
[2024-06-14T12:30:49.564+0000] {taskinstance.py:1083} INFO - Dependencies all met for <TaskInstance: example_short_circuit_operator.condition_is_True scheduled__2024-06-11T23:44:07.827442+00:00 [queued]>
[2024-06-14T12:30:49.564+0000] {taskinstance.py:1279} INFO - 
--------------------------------------------------------------------------------
[2024-06-14T12:30:49.564+0000] {taskinstance.py:1280} INFO - Starting attempt 1 of 1
[2024-06-14T12:30:49.564+0000] {taskinstance.py:1281} INFO - 
--------------------------------------------------------------------------------
[2024-06-14T12:30:49.588+0000] {taskinstance.py:1300} INFO - Executing <Task(ShortCircuitOperator): condition_is_True> on 2024-06-11 23:44:07.827442+00:00
[2024-06-14T12:30:49.598+0000] {standard_task_runner.py:55} INFO - Started process 83 to run task
[2024-06-14T12:30:49.601+0000] {standard_task_runner.py:82} INFO - Running: ['***', 'tasks', 'run', 'example_short_circuit_operator', 'condition_is_True', 'scheduled__2024-06-11T23:44:07.827442+00:00', '--job-id', '24385', '--raw', '--subdir', '/home/***/.local/lib/python3.7/site-packages/***/example_dags/example_short_circuit_operator.py', '--cfg-path', '/tmp/tmpi6jd0z5_']
[2024-06-14T12:30:49.603+0000] {standard_task_runner.py:83} INFO - Job 24385: Subtask condition_is_True
[2024-06-14T12:30:49.707+0000] {task_command.py:388} INFO - Running <TaskInstance: example_short_circuit_operator.condition_is_True scheduled__2024-06-11T23:44:07.827442+00:00 [running]> on host 27113cccce1f
[2024-06-14T12:30:49.859+0000] {taskinstance.py:1509} INFO - Exporting the following env vars:
AIRFLOW_CTX_DAG_OWNER=***
AIRFLOW_CTX_DAG_ID=example_short_circuit_operator
AIRFLOW_CTX_TASK_ID=condition_is_True
AIRFLOW_CTX_EXECUTION_DATE=2024-06-11T23:44:07.827442+00:00
AIRFLOW_CTX_TRY_NUMBER=1
AIRFLOW_CTX_DAG_RUN_ID=scheduled__2024-06-11T23:44:07.827442+00:00
[2024-06-14T12:30:49.860+0000] {python.py:177} INFO - Done. Returned value was: True
[2024-06-14T12:30:49.864+0000] {python.py:248} INFO - Condition result is True
[2024-06-14T12:30:49.864+0000] {python.py:251} INFO - Proceeding with downstream tasks...
[2024-06-14T12:30:49.903+0000] {taskinstance.py:1323} INFO - Marking task as SUCCESS. dag_id=example_short_circuit_operator, task_id=condition_is_True, execution_date=20240611T234407, start_date=20240614T123049, end_date=20240614T123049
[2024-06-14T12:30:49.941+0000] {local_task_job.py:208} INFO - Task exited with return code 0
[2024-06-14T12:30:50.013+0000] {taskinstance.py:2578} INFO - 1 downstream tasks scheduled from follow-on schedule check
