[2024-06-09T17:28:43.846+0000] {taskinstance.py:1083} INFO - Dependencies all met for <TaskInstance: example_task_group_decorator.task_group_function.task_1 scheduled__2024-06-07T23:48:40.908392+00:00 [queued]>
[2024-06-09T17:28:43.860+0000] {taskinstance.py:1083} INFO - Dependencies all met for <TaskInstance: example_task_group_decorator.task_group_function.task_1 scheduled__2024-06-07T23:48:40.908392+00:00 [queued]>
[2024-06-09T17:28:43.861+0000] {taskinstance.py:1279} INFO - 
--------------------------------------------------------------------------------
[2024-06-09T17:28:43.861+0000] {taskinstance.py:1280} INFO - Starting attempt 1 of 1
[2024-06-09T17:28:43.861+0000] {taskinstance.py:1281} INFO - 
--------------------------------------------------------------------------------
[2024-06-09T17:28:43.885+0000] {taskinstance.py:1300} INFO - Executing <Task(_PythonDecoratedOperator): task_group_function.task_1> on 2024-06-07 23:48:40.908392+00:00
[2024-06-09T17:28:43.894+0000] {standard_task_runner.py:55} INFO - Started process 178 to run task
[2024-06-09T17:28:43.900+0000] {standard_task_runner.py:82} INFO - Running: ['***', 'tasks', 'run', 'example_task_group_decorator', 'task_group_function.task_1', 'scheduled__2024-06-07T23:48:40.908392+00:00', '--job-id', '13281', '--raw', '--subdir', '/home/***/.local/lib/python3.7/site-packages/***/example_dags/example_task_group_decorator.py', '--cfg-path', '/tmp/tmp3gwlpiqz']
[2024-06-09T17:28:43.900+0000] {standard_task_runner.py:83} INFO - Job 13281: Subtask task_group_function.task_1
[2024-06-09T17:28:44.011+0000] {task_command.py:388} INFO - Running <TaskInstance: example_task_group_decorator.task_group_function.task_1 scheduled__2024-06-07T23:48:40.908392+00:00 [running]> on host 27113cccce1f
[2024-06-09T17:28:44.186+0000] {taskinstance.py:1509} INFO - Exporting the following env vars:
AIRFLOW_CTX_DAG_OWNER=***
AIRFLOW_CTX_DAG_ID=example_task_group_decorator
AIRFLOW_CTX_TASK_ID=task_group_function.task_1
AIRFLOW_CTX_EXECUTION_DATE=2024-06-07T23:48:40.908392+00:00
AIRFLOW_CTX_TRY_NUMBER=1
AIRFLOW_CTX_DAG_RUN_ID=scheduled__2024-06-07T23:48:40.908392+00:00
[2024-06-09T17:28:44.187+0000] {python.py:177} INFO - Done. Returned value was: [ Task1 0 ]
[2024-06-09T17:28:44.240+0000] {taskinstance.py:1323} INFO - Marking task as SUCCESS. dag_id=example_task_group_decorator, task_id=task_group_function.task_1, execution_date=20240607T234840, start_date=20240609T172843, end_date=20240609T172844
[2024-06-09T17:28:44.321+0000] {local_task_job.py:208} INFO - Task exited with return code 0
[2024-06-09T17:28:44.468+0000] {taskinstance.py:2578} INFO - 1 downstream tasks scheduled from follow-on schedule check
