[2024-06-04T23:48:55.726+0000] {taskinstance.py:1083} INFO - Dependencies all met for <TaskInstance: example_xcom.bash_push scheduled__2021-01-01T00:00:00+00:00 [queued]>
[2024-06-04T23:48:55.738+0000] {taskinstance.py:1083} INFO - Dependencies all met for <TaskInstance: example_xcom.bash_push scheduled__2021-01-01T00:00:00+00:00 [queued]>
[2024-06-04T23:48:55.738+0000] {taskinstance.py:1279} INFO - 
--------------------------------------------------------------------------------
[2024-06-04T23:48:55.738+0000] {taskinstance.py:1280} INFO - Starting attempt 1 of 1
[2024-06-04T23:48:55.738+0000] {taskinstance.py:1281} INFO - 
--------------------------------------------------------------------------------
[2024-06-04T23:48:55.759+0000] {taskinstance.py:1300} INFO - Executing <Task(BashOperator): bash_push> on 2021-01-01 00:00:00+00:00
[2024-06-04T23:48:55.769+0000] {standard_task_runner.py:55} INFO - Started process 4761 to run task
[2024-06-04T23:48:55.772+0000] {standard_task_runner.py:82} INFO - Running: ['***', 'tasks', 'run', 'example_xcom', 'bash_push', 'scheduled__2021-01-01T00:00:00+00:00', '--job-id', '1637', '--raw', '--subdir', '/home/***/.local/lib/python3.7/site-packages/***/example_dags/example_xcom.py', '--cfg-path', '/tmp/tmp466qg4al']
[2024-06-04T23:48:55.773+0000] {standard_task_runner.py:83} INFO - Job 1637: Subtask bash_push
[2024-06-04T23:48:55.844+0000] {task_command.py:388} INFO - Running <TaskInstance: example_xcom.bash_push scheduled__2021-01-01T00:00:00+00:00 [running]> on host 27113cccce1f
[2024-06-04T23:48:55.944+0000] {taskinstance.py:1509} INFO - Exporting the following env vars:
AIRFLOW_CTX_DAG_OWNER=***
AIRFLOW_CTX_DAG_ID=example_xcom
AIRFLOW_CTX_TASK_ID=bash_push
AIRFLOW_CTX_EXECUTION_DATE=2021-01-01T00:00:00+00:00
AIRFLOW_CTX_TRY_NUMBER=1
AIRFLOW_CTX_DAG_RUN_ID=scheduled__2021-01-01T00:00:00+00:00
[2024-06-04T23:48:55.946+0000] {subprocess.py:63} INFO - Tmp dir root location: 
 /tmp
[2024-06-04T23:48:55.946+0000] {subprocess.py:75} INFO - Running command: ['/bin/bash', '-c', 'echo "bash_push demo"  && echo "Manually set xcom value None" && echo "value_by_return"']
[2024-06-04T23:48:55.964+0000] {subprocess.py:86} INFO - Output:
[2024-06-04T23:48:55.966+0000] {subprocess.py:93} INFO - bash_push demo
[2024-06-04T23:48:55.966+0000] {subprocess.py:93} INFO - Manually set xcom value None
[2024-06-04T23:48:55.966+0000] {subprocess.py:93} INFO - value_by_return
[2024-06-04T23:48:55.967+0000] {subprocess.py:97} INFO - Command exited with return code 0
[2024-06-04T23:48:55.990+0000] {taskinstance.py:1323} INFO - Marking task as SUCCESS. dag_id=example_xcom, task_id=bash_push, execution_date=20210101T000000, start_date=20240604T234855, end_date=20240604T234855
[2024-06-04T23:48:56.065+0000] {local_task_job.py:208} INFO - Task exited with return code 0
[2024-06-04T23:48:56.089+0000] {taskinstance.py:2578} INFO - 2 downstream tasks scheduled from follow-on schedule check
