[2024-06-16T02:16:01.347+0000] {taskinstance.py:1083} INFO - Dependencies all met for <TaskInstance: example_branch_dop_operator_v3.should_run scheduled__2024-06-16T02:15:00+00:00 [queued]>
[2024-06-16T02:16:01.358+0000] {taskinstance.py:1083} INFO - Dependencies all met for <TaskInstance: example_branch_dop_operator_v3.should_run scheduled__2024-06-16T02:15:00+00:00 [queued]>
[2024-06-16T02:16:01.358+0000] {taskinstance.py:1279} INFO - 
--------------------------------------------------------------------------------
[2024-06-16T02:16:01.358+0000] {taskinstance.py:1280} INFO - Starting attempt 1 of 1
[2024-06-16T02:16:01.358+0000] {taskinstance.py:1281} INFO - 
--------------------------------------------------------------------------------
[2024-06-16T02:16:01.373+0000] {taskinstance.py:1300} INFO - Executing <Task(_BranchPythonDecoratedOperator): should_run> on 2024-06-16 02:15:00+00:00
[2024-06-16T02:16:01.381+0000] {standard_task_runner.py:55} INFO - Started process 1730 to run task
[2024-06-16T02:16:01.383+0000] {standard_task_runner.py:82} INFO - Running: ['***', 'tasks', 'run', 'example_branch_dop_operator_v3', 'should_run', 'scheduled__2024-06-16T02:15:00+00:00', '--job-id', '32281', '--raw', '--subdir', '/home/***/.local/lib/python3.7/site-packages/***/example_dags/example_branch_python_dop_operator_3.py', '--cfg-path', '/tmp/tmpotje2u3u']
[2024-06-16T02:16:01.383+0000] {standard_task_runner.py:83} INFO - Job 32281: Subtask should_run
[2024-06-16T02:16:01.438+0000] {task_command.py:388} INFO - Running <TaskInstance: example_branch_dop_operator_v3.should_run scheduled__2024-06-16T02:15:00+00:00 [running]> on host d460cb06525f
[2024-06-16T02:16:01.491+0000] {taskinstance.py:1509} INFO - Exporting the following env vars:
AIRFLOW_CTX_DAG_OWNER=***
AIRFLOW_CTX_DAG_ID=example_branch_dop_operator_v3
AIRFLOW_CTX_TASK_ID=should_run
AIRFLOW_CTX_EXECUTION_DATE=2024-06-16T02:15:00+00:00
AIRFLOW_CTX_TRY_NUMBER=1
AIRFLOW_CTX_DAG_RUN_ID=scheduled__2024-06-16T02:15:00+00:00
[2024-06-16T02:16:01.492+0000] {warnings.py:110} WARNING - /home/***/.local/lib/python3.7/site-packages/***/utils/context.py:313: AirflowContextDeprecationWarning: Accessing 'execution_date' from the template is deprecated and will be removed in a future version. Please use 'data_interval_start' or 'logical_date' instead.
  warnings.warn(_create_deprecation_warning(k, replacements))

[2024-06-16T02:16:01.493+0000] {logging_mixin.py:137} INFO - ------------- exec dttm = 2024-06-16T02:15:00+00:00 and minute = 15
[2024-06-16T02:16:01.493+0000] {python.py:177} INFO - Done. Returned value was: empty_task_2
[2024-06-16T02:16:01.493+0000] {python.py:211} INFO - Branch callable return empty_task_2
[2024-06-16T02:16:01.493+0000] {skipmixin.py:155} INFO - Following branch empty_task_2
[2024-06-16T02:16:01.493+0000] {skipmixin.py:211} INFO - Skipping tasks ['empty_task_1']
[2024-06-16T02:16:01.524+0000] {taskinstance.py:1323} INFO - Marking task as SUCCESS. dag_id=example_branch_dop_operator_v3, task_id=should_run, execution_date=20240616T021500, start_date=20240616T021601, end_date=20240616T021601
[2024-06-16T02:16:01.555+0000] {local_task_job.py:208} INFO - Task exited with return code 0
[2024-06-16T02:16:01.584+0000] {taskinstance.py:2578} INFO - 1 downstream tasks scheduled from follow-on schedule check
