[2024-06-14T22:46:00.995+0000] {taskinstance.py:1083} INFO - Dependencies all met for <TaskInstance: example_sla_dag.sleep_20 scheduled__2024-06-14T22:44:00+00:00 [queued]>
[2024-06-14T22:46:01.001+0000] {taskinstance.py:1083} INFO - Dependencies all met for <TaskInstance: example_sla_dag.sleep_20 scheduled__2024-06-14T22:44:00+00:00 [queued]>
[2024-06-14T22:46:01.001+0000] {taskinstance.py:1279} INFO - 
--------------------------------------------------------------------------------
[2024-06-14T22:46:01.001+0000] {taskinstance.py:1280} INFO - Starting attempt 1 of 1
[2024-06-14T22:46:01.001+0000] {taskinstance.py:1281} INFO - 
--------------------------------------------------------------------------------
[2024-06-14T22:46:01.012+0000] {taskinstance.py:1300} INFO - Executing <Task(_PythonDecoratedOperator): sleep_20> on 2024-06-14 22:44:00+00:00
[2024-06-14T22:46:01.019+0000] {standard_task_runner.py:55} INFO - Started process 83916 to run task
[2024-06-14T22:46:01.021+0000] {standard_task_runner.py:82} INFO - Running: ['***', 'tasks', 'run', 'example_sla_dag', 'sleep_20', 'scheduled__2024-06-14T22:44:00+00:00', '--job-id', '27797', '--raw', '--subdir', '/home/***/.local/lib/python3.7/site-packages/***/example_dags/example_sla_dag.py', '--cfg-path', '/tmp/tmppubwu1xn']
[2024-06-14T22:46:01.021+0000] {standard_task_runner.py:83} INFO - Job 27797: Subtask sleep_20
[2024-06-14T22:46:01.072+0000] {task_command.py:388} INFO - Running <TaskInstance: example_sla_dag.sleep_20 scheduled__2024-06-14T22:44:00+00:00 [running]> on host 27113cccce1f
[2024-06-14T22:46:01.125+0000] {taskinstance.py:1509} INFO - Exporting the following env vars:
AIRFLOW_CTX_DAG_EMAIL=email@example.com
AIRFLOW_CTX_DAG_OWNER=***
AIRFLOW_CTX_DAG_ID=example_sla_dag
AIRFLOW_CTX_TASK_ID=sleep_20
AIRFLOW_CTX_EXECUTION_DATE=2024-06-14T22:44:00+00:00
AIRFLOW_CTX_TRY_NUMBER=1
AIRFLOW_CTX_DAG_RUN_ID=scheduled__2024-06-14T22:44:00+00:00
[2024-06-14T22:46:21.137+0000] {python.py:177} INFO - Done. Returned value was: None
[2024-06-14T22:46:21.145+0000] {taskinstance.py:1323} INFO - Marking task as SUCCESS. dag_id=example_sla_dag, task_id=sleep_20, execution_date=20240614T224400, start_date=20240614T224600, end_date=20240614T224621
[2024-06-14T22:46:21.181+0000] {local_task_job.py:208} INFO - Task exited with return code 0
[2024-06-14T22:46:21.196+0000] {taskinstance.py:2578} INFO - 1 downstream tasks scheduled from follow-on schedule check
