[2024-06-14T12:31:24.191+0000] {taskinstance.py:1083} INFO - Dependencies all met for <TaskInstance: latest_only.latest_only scheduled__2024-06-13T07:12:49.623981+00:00 [queued]>
[2024-06-14T12:31:24.198+0000] {taskinstance.py:1083} INFO - Dependencies all met for <TaskInstance: latest_only.latest_only scheduled__2024-06-13T07:12:49.623981+00:00 [queued]>
[2024-06-14T12:31:24.198+0000] {taskinstance.py:1279} INFO - 
--------------------------------------------------------------------------------
[2024-06-14T12:31:24.198+0000] {taskinstance.py:1280} INFO - Starting attempt 1 of 1
[2024-06-14T12:31:24.198+0000] {taskinstance.py:1281} INFO - 
--------------------------------------------------------------------------------
[2024-06-14T12:31:24.211+0000] {taskinstance.py:1300} INFO - Executing <Task(LatestOnlyOperator): latest_only> on 2024-06-13 07:12:49.623981+00:00
[2024-06-14T12:31:24.217+0000] {standard_task_runner.py:55} INFO - Started process 509 to run task
[2024-06-14T12:31:24.219+0000] {standard_task_runner.py:82} INFO - Running: ['***', 'tasks', 'run', 'latest_only', 'latest_only', 'scheduled__2024-06-13T07:12:49.623981+00:00', '--job-id', '24631', '--raw', '--subdir', '/home/***/.local/lib/python3.7/site-packages/***/example_dags/example_latest_only.py', '--cfg-path', '/tmp/tmp8r7_ep8e']
[2024-06-14T12:31:24.220+0000] {standard_task_runner.py:83} INFO - Job 24631: Subtask latest_only
[2024-06-14T12:31:24.268+0000] {task_command.py:388} INFO - Running <TaskInstance: latest_only.latest_only scheduled__2024-06-13T07:12:49.623981+00:00 [running]> on host 27113cccce1f
[2024-06-14T12:31:24.326+0000] {taskinstance.py:1509} INFO - Exporting the following env vars:
AIRFLOW_CTX_DAG_OWNER=***
AIRFLOW_CTX_DAG_ID=latest_only
AIRFLOW_CTX_TASK_ID=latest_only
AIRFLOW_CTX_EXECUTION_DATE=2024-06-13T07:12:49.623981+00:00
AIRFLOW_CTX_TRY_NUMBER=1
AIRFLOW_CTX_DAG_RUN_ID=scheduled__2024-06-13T07:12:49.623981+00:00
[2024-06-14T12:31:24.327+0000] {latest_only.py:70} INFO - Checking latest only with left_window: 2024-06-13T11:12:49.623981+00:00 right_window: 2024-06-13T15:12:49.623981+00:00 now: 2024-06-14T12:31:24.327365+00:00
[2024-06-14T12:31:24.327+0000] {latest_only.py:74} INFO - Not latest execution, skipping downstream.
[2024-06-14T12:31:24.327+0000] {skipmixin.py:155} INFO - Following branch []
[2024-06-14T12:31:24.327+0000] {skipmixin.py:211} INFO - Skipping tasks ['task1']
[2024-06-14T12:31:24.368+0000] {taskinstance.py:1323} INFO - Marking task as SUCCESS. dag_id=latest_only, task_id=latest_only, execution_date=20240613T071249, start_date=20240614T123124, end_date=20240614T123124
[2024-06-14T12:31:24.391+0000] {local_task_job.py:208} INFO - Task exited with return code 0
[2024-06-14T12:31:24.407+0000] {taskinstance.py:2578} INFO - 0 downstream tasks scheduled from follow-on schedule check
