[2024-06-04T23:45:30.377+0000] {taskinstance.py:1083} INFO - Dependencies all met for <TaskInstance: example_dynamic_task_mapping.add_one scheduled__2022-06-25T00:00:00+00:00 map_index=1 [queued]>
[2024-06-04T23:45:30.385+0000] {taskinstance.py:1083} INFO - Dependencies all met for <TaskInstance: example_dynamic_task_mapping.add_one scheduled__2022-06-25T00:00:00+00:00 map_index=1 [queued]>
[2024-06-04T23:45:30.386+0000] {taskinstance.py:1279} INFO - 
--------------------------------------------------------------------------------
[2024-06-04T23:45:30.386+0000] {taskinstance.py:1280} INFO - Starting attempt 1 of 1
[2024-06-04T23:45:30.386+0000] {taskinstance.py:1281} INFO - 
--------------------------------------------------------------------------------
[2024-06-04T23:45:30.399+0000] {taskinstance.py:1300} INFO - Executing <Mapped(_PythonDecoratedOperator): add_one> on 2022-06-25 00:00:00+00:00
[2024-06-04T23:45:30.408+0000] {standard_task_runner.py:55} INFO - Started process 2067 to run task
[2024-06-04T23:45:30.411+0000] {standard_task_runner.py:82} INFO - Running: ['***', 'tasks', 'run', 'example_dynamic_task_mapping', 'add_one', 'scheduled__2022-06-25T00:00:00+00:00', '--job-id', '494', '--raw', '--subdir', '/home/***/.local/lib/python3.7/site-packages/***/example_dags/example_dynamic_task_mapping.py', '--cfg-path', '/tmp/tmpb84uk22m', '--map-index', '1']
[2024-06-04T23:45:30.411+0000] {standard_task_runner.py:83} INFO - Job 494: Subtask add_one
[2024-06-04T23:45:30.473+0000] {task_command.py:388} INFO - Running <TaskInstance: example_dynamic_task_mapping.add_one scheduled__2022-06-25T00:00:00+00:00 map_index=1 [running]> on host 27113cccce1f
[2024-06-04T23:45:30.566+0000] {taskinstance.py:1509} INFO - Exporting the following env vars:
AIRFLOW_CTX_DAG_OWNER=***
AIRFLOW_CTX_DAG_ID=example_dynamic_task_mapping
AIRFLOW_CTX_TASK_ID=add_one
AIRFLOW_CTX_EXECUTION_DATE=2022-06-25T00:00:00+00:00
AIRFLOW_CTX_TRY_NUMBER=1
AIRFLOW_CTX_DAG_RUN_ID=scheduled__2022-06-25T00:00:00+00:00
[2024-06-04T23:45:30.567+0000] {python.py:177} INFO - Done. Returned value was: 3
[2024-06-04T23:45:30.596+0000] {taskinstance.py:1323} INFO - Marking task as SUCCESS. dag_id=example_dynamic_task_mapping, task_id=add_one, map_index=1, execution_date=20220625T000000, start_date=20240604T234530, end_date=20240604T234530
[2024-06-04T23:45:30.625+0000] {local_task_job.py:208} INFO - Task exited with return code 0
[2024-06-04T23:45:30.653+0000] {taskinstance.py:2578} INFO - 1 downstream tasks scheduled from follow-on schedule check
