[2024-06-14T12:30:55.592+0000] {taskinstance.py:1083} INFO - Dependencies all met for <TaskInstance: latest_only_with_trigger.latest_only scheduled__2024-06-13T11:12:49.634424+00:00 [queued]>
[2024-06-14T12:30:55.623+0000] {taskinstance.py:1083} INFO - Dependencies all met for <TaskInstance: latest_only_with_trigger.latest_only scheduled__2024-06-13T11:12:49.634424+00:00 [queued]>
[2024-06-14T12:30:55.624+0000] {taskinstance.py:1279} INFO - 
--------------------------------------------------------------------------------
[2024-06-14T12:30:55.624+0000] {taskinstance.py:1280} INFO - Starting attempt 1 of 1
[2024-06-14T12:30:55.624+0000] {taskinstance.py:1281} INFO - 
--------------------------------------------------------------------------------
[2024-06-14T12:30:55.663+0000] {taskinstance.py:1300} INFO - Executing <Task(LatestOnlyOperator): latest_only> on 2024-06-13 11:12:49.634424+00:00
[2024-06-14T12:30:55.680+0000] {standard_task_runner.py:55} INFO - Started process 231 to run task
[2024-06-14T12:30:55.689+0000] {standard_task_runner.py:82} INFO - Running: ['***', 'tasks', 'run', 'latest_only_with_trigger', 'latest_only', 'scheduled__2024-06-13T11:12:49.634424+00:00', '--job-id', '24484', '--raw', '--subdir', '/home/***/.local/lib/python3.7/site-packages/***/example_dags/example_latest_only_with_trigger.py', '--cfg-path', '/tmp/tmpifu3ok3i']
[2024-06-14T12:30:55.692+0000] {standard_task_runner.py:83} INFO - Job 24484: Subtask latest_only
[2024-06-14T12:30:55.811+0000] {task_command.py:388} INFO - Running <TaskInstance: latest_only_with_trigger.latest_only scheduled__2024-06-13T11:12:49.634424+00:00 [running]> on host 27113cccce1f
[2024-06-14T12:30:55.969+0000] {taskinstance.py:1509} INFO - Exporting the following env vars:
AIRFLOW_CTX_DAG_OWNER=***
AIRFLOW_CTX_DAG_ID=latest_only_with_trigger
AIRFLOW_CTX_TASK_ID=latest_only
AIRFLOW_CTX_EXECUTION_DATE=2024-06-13T11:12:49.634424+00:00
AIRFLOW_CTX_TRY_NUMBER=1
AIRFLOW_CTX_DAG_RUN_ID=scheduled__2024-06-13T11:12:49.634424+00:00
[2024-06-14T12:30:55.970+0000] {latest_only.py:70} INFO - Checking latest only with left_window: 2024-06-13T15:12:49.634424+00:00 right_window: 2024-06-13T19:12:49.634424+00:00 now: 2024-06-14T12:30:55.970312+00:00
[2024-06-14T12:30:55.970+0000] {latest_only.py:74} INFO - Not latest execution, skipping downstream.
[2024-06-14T12:30:55.970+0000] {skipmixin.py:155} INFO - Following branch []
[2024-06-14T12:30:55.971+0000] {skipmixin.py:211} INFO - Skipping tasks ['task1']
[2024-06-14T12:30:56.070+0000] {taskinstance.py:1323} INFO - Marking task as SUCCESS. dag_id=latest_only_with_trigger, task_id=latest_only, execution_date=20240613T111249, start_date=20240614T123055, end_date=20240614T123056
[2024-06-14T12:30:56.132+0000] {local_task_job.py:208} INFO - Task exited with return code 0
[2024-06-14T12:30:56.203+0000] {taskinstance.py:2578} INFO - 0 downstream tasks scheduled from follow-on schedule check
