[2024-06-10T12:46:22.075+0000] {taskinstance.py:1083} INFO - Dependencies all met for <TaskInstance: example_sla_dag.sleep_30 scheduled__2024-06-10T12:44:00+00:00 [queued]>
[2024-06-10T12:46:22.082+0000] {taskinstance.py:1083} INFO - Dependencies all met for <TaskInstance: example_sla_dag.sleep_30 scheduled__2024-06-10T12:44:00+00:00 [queued]>
[2024-06-10T12:46:22.082+0000] {taskinstance.py:1279} INFO - 
--------------------------------------------------------------------------------
[2024-06-10T12:46:22.082+0000] {taskinstance.py:1280} INFO - Starting attempt 1 of 1
[2024-06-10T12:46:22.082+0000] {taskinstance.py:1281} INFO - 
--------------------------------------------------------------------------------
[2024-06-10T12:46:22.093+0000] {taskinstance.py:1300} INFO - Executing <Task(_PythonDecoratedOperator): sleep_30> on 2024-06-10 12:44:00+00:00
[2024-06-10T12:46:22.098+0000] {standard_task_runner.py:55} INFO - Started process 14716 to run task
[2024-06-10T12:46:22.100+0000] {standard_task_runner.py:82} INFO - Running: ['***', 'tasks', 'run', 'example_sla_dag', 'sleep_30', 'scheduled__2024-06-10T12:44:00+00:00', '--job-id', '16262', '--raw', '--subdir', '/home/***/.local/lib/python3.7/site-packages/***/example_dags/example_sla_dag.py', '--cfg-path', '/tmp/tmp107mxidi']
[2024-06-10T12:46:22.101+0000] {standard_task_runner.py:83} INFO - Job 16262: Subtask sleep_30
[2024-06-10T12:46:22.144+0000] {task_command.py:388} INFO - Running <TaskInstance: example_sla_dag.sleep_30 scheduled__2024-06-10T12:44:00+00:00 [running]> on host 27113cccce1f
[2024-06-10T12:46:22.191+0000] {taskinstance.py:1509} INFO - Exporting the following env vars:
AIRFLOW_CTX_DAG_EMAIL=email@example.com
AIRFLOW_CTX_DAG_OWNER=***
AIRFLOW_CTX_DAG_ID=example_sla_dag
AIRFLOW_CTX_TASK_ID=sleep_30
AIRFLOW_CTX_EXECUTION_DATE=2024-06-10T12:44:00+00:00
AIRFLOW_CTX_TRY_NUMBER=1
AIRFLOW_CTX_DAG_RUN_ID=scheduled__2024-06-10T12:44:00+00:00
[2024-06-10T12:46:52.222+0000] {python.py:177} INFO - Done. Returned value was: None
[2024-06-10T12:46:52.230+0000] {taskinstance.py:1323} INFO - Marking task as SUCCESS. dag_id=example_sla_dag, task_id=sleep_30, execution_date=20240610T124400, start_date=20240610T124622, end_date=20240610T124652
[2024-06-10T12:46:52.266+0000] {local_task_job.py:208} INFO - Task exited with return code 0
[2024-06-10T12:46:52.278+0000] {taskinstance.py:2578} INFO - 0 downstream tasks scheduled from follow-on schedule check
