[2024-06-12T11:15:59.013+0000] {taskinstance.py:1083} INFO - Dependencies all met for <TaskInstance: dataset_produces_1.producing_task_1 scheduled__2024-06-11T00:00:00+00:00 [queued]>
[2024-06-12T11:15:59.027+0000] {taskinstance.py:1083} INFO - Dependencies all met for <TaskInstance: dataset_produces_1.producing_task_1 scheduled__2024-06-11T00:00:00+00:00 [queued]>
[2024-06-12T11:15:59.027+0000] {taskinstance.py:1279} INFO - 
--------------------------------------------------------------------------------
[2024-06-12T11:15:59.028+0000] {taskinstance.py:1280} INFO - Starting attempt 1 of 1
[2024-06-12T11:15:59.028+0000] {taskinstance.py:1281} INFO - 
--------------------------------------------------------------------------------
[2024-06-12T11:15:59.054+0000] {taskinstance.py:1300} INFO - Executing <Task(BashOperator): producing_task_1> on 2024-06-11 00:00:00+00:00
[2024-06-12T11:15:59.067+0000] {standard_task_runner.py:55} INFO - Started process 85 to run task
[2024-06-12T11:15:59.071+0000] {standard_task_runner.py:82} INFO - Running: ['***', 'tasks', 'run', 'dataset_produces_1', 'producing_task_1', 'scheduled__2024-06-11T00:00:00+00:00', '--job-id', '21540', '--raw', '--subdir', '/home/***/.local/lib/python3.7/site-packages/***/example_dags/example_datasets.py', '--cfg-path', '/tmp/tmpgy_p6e06']
[2024-06-12T11:15:59.072+0000] {standard_task_runner.py:83} INFO - Job 21540: Subtask producing_task_1
[2024-06-12T11:15:59.175+0000] {task_command.py:388} INFO - Running <TaskInstance: dataset_produces_1.producing_task_1 scheduled__2024-06-11T00:00:00+00:00 [running]> on host 27113cccce1f
[2024-06-12T11:15:59.312+0000] {taskinstance.py:1509} INFO - Exporting the following env vars:
AIRFLOW_CTX_DAG_OWNER=***
AIRFLOW_CTX_DAG_ID=dataset_produces_1
AIRFLOW_CTX_TASK_ID=producing_task_1
AIRFLOW_CTX_EXECUTION_DATE=2024-06-11T00:00:00+00:00
AIRFLOW_CTX_TRY_NUMBER=1
AIRFLOW_CTX_DAG_RUN_ID=scheduled__2024-06-11T00:00:00+00:00
[2024-06-12T11:15:59.314+0000] {subprocess.py:63} INFO - Tmp dir root location: 
 /tmp
[2024-06-12T11:15:59.315+0000] {subprocess.py:75} INFO - Running command: ['/bin/bash', '-c', 'sleep 5']
[2024-06-12T11:15:59.334+0000] {subprocess.py:86} INFO - Output:
[2024-06-12T11:16:04.340+0000] {subprocess.py:97} INFO - Command exited with return code 0
[2024-06-12T11:16:04.356+0000] {warnings.py:110} WARNING - /home/***/.local/lib/python3.7/site-packages/***/models/baseoperator.py:1376: RemovedInAirflow3Warning: Passing 'execution_date' to 'TaskInstance.xcom_push()' is deprecated.
  context["ti"].xcom_push(key=key, value=value, execution_date=execution_date)

[2024-06-12T11:16:04.374+0000] {taskinstance.py:1323} INFO - Marking task as SUCCESS. dag_id=dataset_produces_1, task_id=producing_task_1, execution_date=20240611T000000, start_date=20240612T111559, end_date=20240612T111604
[2024-06-12T11:16:04.429+0000] {local_task_job.py:208} INFO - Task exited with return code 0
[2024-06-12T11:16:04.443+0000] {taskinstance.py:2578} INFO - 0 downstream tasks scheduled from follow-on schedule check
