[2024-06-14T23:28:22.094+0000] {taskinstance.py:1083} INFO - Dependencies all met for <TaskInstance: example_sla_dag.sleep_30 scheduled__2024-06-14T23:26:00+00:00 [queued]>
[2024-06-14T23:28:22.099+0000] {taskinstance.py:1083} INFO - Dependencies all met for <TaskInstance: example_sla_dag.sleep_30 scheduled__2024-06-14T23:26:00+00:00 [queued]>
[2024-06-14T23:28:22.099+0000] {taskinstance.py:1279} INFO - 
--------------------------------------------------------------------------------
[2024-06-14T23:28:22.100+0000] {taskinstance.py:1280} INFO - Starting attempt 1 of 1
[2024-06-14T23:28:22.100+0000] {taskinstance.py:1281} INFO - 
--------------------------------------------------------------------------------
[2024-06-14T23:28:22.109+0000] {taskinstance.py:1300} INFO - Executing <Task(_PythonDecoratedOperator): sleep_30> on 2024-06-14 23:26:00+00:00
[2024-06-14T23:28:22.115+0000] {standard_task_runner.py:55} INFO - Started process 89647 to run task
[2024-06-14T23:28:22.117+0000] {standard_task_runner.py:82} INFO - Running: ['***', 'tasks', 'run', 'example_sla_dag', 'sleep_30', 'scheduled__2024-06-14T23:26:00+00:00', '--job-id', '28010', '--raw', '--subdir', '/home/***/.local/lib/python3.7/site-packages/***/example_dags/example_sla_dag.py', '--cfg-path', '/tmp/tmpbmstc70l']
[2024-06-14T23:28:22.118+0000] {standard_task_runner.py:83} INFO - Job 28010: Subtask sleep_30
[2024-06-14T23:28:22.160+0000] {task_command.py:388} INFO - Running <TaskInstance: example_sla_dag.sleep_30 scheduled__2024-06-14T23:26:00+00:00 [running]> on host 27113cccce1f
[2024-06-14T23:28:22.209+0000] {taskinstance.py:1509} INFO - Exporting the following env vars:
AIRFLOW_CTX_DAG_EMAIL=email@example.com
AIRFLOW_CTX_DAG_OWNER=***
AIRFLOW_CTX_DAG_ID=example_sla_dag
AIRFLOW_CTX_TASK_ID=sleep_30
AIRFLOW_CTX_EXECUTION_DATE=2024-06-14T23:26:00+00:00
AIRFLOW_CTX_TRY_NUMBER=1
AIRFLOW_CTX_DAG_RUN_ID=scheduled__2024-06-14T23:26:00+00:00
[2024-06-14T23:28:52.239+0000] {python.py:177} INFO - Done. Returned value was: None
[2024-06-14T23:28:52.247+0000] {taskinstance.py:1323} INFO - Marking task as SUCCESS. dag_id=example_sla_dag, task_id=sleep_30, execution_date=20240614T232600, start_date=20240614T232822, end_date=20240614T232852
[2024-06-14T23:28:52.289+0000] {local_task_job.py:208} INFO - Task exited with return code 0
[2024-06-14T23:28:52.301+0000] {taskinstance.py:2578} INFO - 0 downstream tasks scheduled from follow-on schedule check
